2022-08-29 BST 17:04:57,419 - INFO - 
Log for run 2022-08-29_BST_17:04:57,112_imle_l_none_ablation_007

2022-08-29 BST 17:04:57,419 - INFO - COMMENT = 'Test best MAX_SIZE=None Gumbel values with Logistic'
2022-08-29 BST 17:04:57,419 - INFO - DATA_FOLDER = '../data'
2022-08-29 BST 17:04:57,419 - INFO - LATENTS_FOLDER = '../latents'
2022-08-29 BST 17:04:57,419 - INFO - LOGS_FOLDER = '../logs'
2022-08-29 BST 17:04:57,420 - INFO - MODEL_FOLDER = '../models'
2022-08-29 BST 17:04:57,420 - INFO - RESULTS_FOLDER = '../results'
2022-08-29 BST 17:04:57,420 - INFO - DEVICE = torch.device("cuda" if torch.cuda.is_available() else "cpu")  # Used: "cuda"
2022-08-29 BST 17:04:57,420 - INFO - LATENTS = False
2022-08-29 BST 17:04:57,420 - INFO - MATRIX_REPORT = False
2022-08-29 BST 17:04:57,420 - INFO - LABEL = True
2022-08-29 BST 17:04:57,420 - INFO - SAVE_TO_ODS = False
2022-08-29 BST 17:04:57,420 - INFO - VAL_LOSS_FROM_DAG = True
2022-08-29 BST 17:04:57,420 - INFO - WANDB = False
2022-08-29 BST 17:04:57,420 - INFO - WANDB_PROJECT = 'Thetas'
2022-08-29 BST 17:04:57,420 - INFO - GRAD_LOG = False
2022-08-29 BST 17:04:57,421 - INFO - SAVE_RESULTS = False
2022-08-29 BST 17:04:57,421 - INFO - N_TRIALS = 1
2022-08-29 BST 17:04:57,421 - INFO - LOAD_OPTUNA_STUDY = None
2022-08-29 BST 17:04:57,421 - INFO - OPTUNA_STRINGS = {'None': None, 'True': True, 'False': False}
2022-08-29 BST 17:04:57,421 - INFO - TQDM = False
2022-08-29 BST 17:04:57,421 - INFO - 
hyperparameters = {
2022-08-29 BST 17:04:57,421 - INFO - 	'GRAPH_TYPE': 'ER2',
2022-08-29 BST 17:04:57,421 - INFO - 	'D': 30,
2022-08-29 BST 17:04:57,421 - INFO - 	'MAX_SIZE': 66,
2022-08-29 BST 17:04:57,421 - INFO - 	'SEM_NOISE': 'gaussian_ev',
2022-08-29 BST 17:04:57,421 - INFO - 	'N': 1200,
2022-08-29 BST 17:04:57,421 - INFO - 	'VAL': 0.16666666666666666,
2022-08-29 BST 17:04:57,421 - INFO - 	'N_EPOCHS': 1000,
2022-08-29 BST 17:04:57,422 - INFO - 	'BATCH_SIZE': None,
2022-08-29 BST 17:04:57,422 - INFO - 	'LOG2_BATCH_SIZE': 3,
2022-08-29 BST 17:04:57,422 - INFO - 	'BATCH_SHUFFLE': True,
2022-08-29 BST 17:04:57,422 - INFO - 	'N_SAMPLES': 47,
2022-08-29 BST 17:04:57,422 - INFO - 	'MODE': 'max_dag_test_only',
2022-08-29 BST 17:04:57,422 - INFO - 	'AFAS_SCHEDULER': None,
2022-08-29 BST 17:04:57,422 - INFO - 	'MINIZINC_SOLVER': None,
2022-08-29 BST 17:04:57,422 - INFO - 	'f_LINEAR_LAYERS': (),
2022-08-29 BST 17:04:57,422 - INFO - 	'f_BIAS': False,
2022-08-29 BST 17:04:57,422 - INFO - 	'p_LAYER': None,
2022-08-29 BST 17:04:57,422 - INFO - 	'STREAMLINE': False,
2022-08-29 BST 17:04:57,422 - INFO - 	'THRESHOLD': 0.0,
2022-08-29 BST 17:04:57,422 - INFO - 	'h_LINEAR_LAYERS': (),
2022-08-29 BST 17:04:57,422 - INFO - 	'h_NULL': 0.00011373901985660933,
2022-08-29 BST 17:04:57,423 - INFO - 	'h_LR': 0.0016158450337500668,
2022-08-29 BST 17:04:57,423 - INFO - 	'h_OPTIMIZER': 'torch.optim.Adam(overall_net.h_net.parameters(), lr=h.h_LR)',
2022-08-29 BST 17:04:57,423 - INFO - 	'f_LR': 0.3720066380139224,
2022-08-29 BST 17:04:57,423 - INFO - 	'f_OPTIMIZER': 'torch.optim.Adam(overall_net.f_net.parameters(), lr=h.f_LR)',
2022-08-29 BST 17:04:57,423 - INFO - 	'NOISE_TEMPERATURE': 0.8785929148606203,
2022-08-29 BST 17:04:57,423 - INFO - 	'NOISE_DISTRIBUTION': 'LogisticNoiseDistribution()',
2022-08-29 BST 17:04:57,423 - INFO - 	'LAMBDA': 27.13959516077541,
2022-08-29 BST 17:04:57,423 - INFO - 	'LOSS_FN': 'torch.nn.MSELoss()',
2022-08-29 BST 17:04:57,423 - INFO - 	'ALPHA': None,
2022-08-29 BST 17:04:57,423 - INFO - 	'BETA': None,
2022-08-29 BST 17:04:57,423 - INFO - 	'REGULARIZER': None,
2022-08-29 BST 17:04:57,423 - INFO - 	'z_RHO': 0.157451211201,
2022-08-29 BST 17:04:57,423 - INFO - 	'z_MU': 0,
2022-08-29 BST 17:04:57,424 - INFO - 	'z_REGULARIZER': 'NoTearsZRegularizer(h.D, h.z_RHO, h.z_MU, c.DEVICE)',
2022-08-29 BST 17:04:57,424 - INFO - 	'LR_SCHEDULER': None,
2022-08-29 BST 17:04:57,424 - INFO - 	'DATA_CATEGORY': 'test',
2022-08-29 BST 17:04:57,424 - INFO - 	'DAGS': '030_ER2_gaussian_ev_2022-08-12_BST_09:55:21,293_create_dags'
2022-08-29 BST 17:04:57,424 - INFO - }

2022-08-29 BST 17:06:38,315 - INFO - 

DAG 0: size_true=69	X.var()=185.8479
2022-08-29 BST 17:39:41,994 - INFO -  epoch=1000      train_loss=  18.1980      val_loss=  19.2484      best=1      size=  66      nSHD_c=   2.0000      nSHD=   1.9000      tpr_c=   0.5455      change_adj_count=210      
2022-08-29 BST 17:39:41,995 - INFO - 

DAG 1: size_true=67	X.var()=127.1156
2022-08-29 BST 18:11:58,631 - INFO -  epoch=1000      train_loss=  11.1790      val_loss=  10.6508      best=1      size=  66      nSHD_c=   1.8667      nSHD=   1.7667      tpr_c=   0.5606      change_adj_count=162      
2022-08-29 BST 18:11:58,632 - INFO - 

DAG 2: size_true=64	X.var()=25.7432
2022-08-29 BST 18:44:03,822 - INFO -  epoch=1000      train_loss=   2.1314      val_loss=   1.7128      best=1      size=  66      nSHD_c=   0.9333      nSHD=   0.9333      tpr_c=   0.7727      change_adj_count=94      
2022-08-29 BST 18:44:03,823 - INFO - 

DAG 3: size_true=63	X.var()=265.9248
2022-08-29 BST 19:17:19,093 - INFO -  epoch=1000      train_loss=  45.2781      val_loss=  50.6981      best=1      size=  65      nSHD_c=   2.9667      nSHD=   2.9667      tpr_c=   0.2923      change_adj_count=368      
2022-08-29 BST 19:17:19,094 - INFO - 

DAG 4: size_true=48	X.var()=47.3993
2022-08-29 BST 19:51:02,571 - INFO -  epoch=1000      train_loss=   2.7990      val_loss=   3.8372      best=1      size=  65      nSHD_c=   1.4667      nSHD=   1.4333      tpr_c=   0.5077      change_adj_count=112      
2022-08-29 BST 19:51:02,572 - INFO - 

DAG 5: size_true=57	X.var()=54.7286
2022-08-29 BST 20:24:38,191 - INFO -  epoch=1000      train_loss=   2.7786      val_loss=   2.8954      best=1      size=  65      nSHD_c=   0.9667      nSHD=   1.0000      tpr_c=   0.7077      change_adj_count=139      
2022-08-29 BST 20:24:38,192 - INFO - 

DAG 6: size_true=64	X.var()=29.7229
2022-08-29 BST 20:58:47,321 - INFO -  epoch=1000      train_loss=   2.5343      val_loss=   2.0361      best=1      size=  66      nSHD_c=   1.3667      nSHD=   1.3333      tpr_c=   0.6667      change_adj_count=94      
2022-08-29 BST 20:58:47,323 - INFO - 

DAG 7: size_true=62	X.var()=55.6800
2022-08-29 BST 21:32:55,499 - INFO -  epoch=1000      train_loss=   3.3777      val_loss=   1.9803      best=1      size=  66      nSHD_c=   1.4667      nSHD=   1.4667      tpr_c=   0.6364      change_adj_count=109      
2022-08-29 BST 21:32:55,500 - INFO - 

DAG 8: size_true=63	X.var()=39.3378
2022-08-29 BST 22:06:51,200 - INFO -  epoch=1000      train_loss=   2.7342      val_loss=   2.1341      best=1      size=  66      nSHD_c=   0.9000      nSHD=   0.9000      tpr_c=   0.7727      change_adj_count=99      
2022-08-29 BST 22:06:51,201 - INFO - 

DAG 9: size_true=61	X.var()=94.6254
2022-08-29 BST 22:40:57,080 - INFO -  epoch=1000      train_loss=   4.0646      val_loss=   2.3653      best=1      size=  66      nSHD_c=   1.0000      nSHD=   1.0000      tpr_c=   0.7273      change_adj_count=115      
2022-08-29 BST 22:40:57,081 - INFO - 

DAG 10: size_true=51	X.var()=18.9170
2022-08-29 BST 23:14:56,236 - INFO -  epoch=1000      train_loss=   1.8211      val_loss=   1.5038      best=1      size=  66      nSHD_c=   0.9667      nSHD=   1.0000      tpr_c=   0.6667      change_adj_count=109      
2022-08-29 BST 23:14:56,237 - INFO - 

DAG 11: size_true=68	X.var()=127.5135
2022-08-29 BST 23:49:08,401 - INFO -  epoch=1000      train_loss=  14.3147      val_loss=   9.5835      best=1      size=  66      nSHD_c=   1.6000      nSHD=   1.5333      tpr_c=   0.6364      change_adj_count=177      
2022-08-29 BST 23:49:08,402 - INFO - 

DAG 12: size_true=53	X.var()=15.8398
2022-08-30 BST 00:22:55,699 - INFO -  epoch=1000      train_loss=   1.6315      val_loss=   1.4622      best=1      size=  66      nSHD_c=   0.8667      nSHD=   0.8667      tpr_c=   0.6970      change_adj_count=92      
2022-08-30 BST 00:22:55,700 - INFO - 

DAG 13: size_true=53	X.var()=112.2632
2022-08-30 BST 00:57:03,568 - INFO -  epoch=1000      train_loss=   9.2464      val_loss=   8.6921      best=1      size=  66      nSHD_c=   1.9333      nSHD=   1.8333      tpr_c=   0.4394      change_adj_count=117      
2022-08-30 BST 00:57:03,569 - INFO - 

DAG 14: size_true=59	X.var()=16.7418
2022-08-30 BST 01:30:39,330 - INFO -  epoch=1000      train_loss=   1.6925      val_loss=   1.4882      best=1      size=  66      nSHD_c=   0.5333      nSHD=   0.5667      tpr_c=   0.8182      change_adj_count=94      
2022-08-30 BST 01:30:39,331 - INFO - 

DAG 15: size_true=42	X.var()=8.6273
2022-08-30 BST 02:04:35,467 - INFO -  epoch=1000      train_loss=   1.2844      val_loss=   1.3516      best=1      size=  66      nSHD_c=   0.9000      nSHD=   0.9000      tpr_c=   0.6061      change_adj_count=129      
2022-08-30 BST 02:04:35,468 - INFO - 

DAG 16: size_true=50	X.var()=12.1502
2022-08-30 BST 02:38:38,273 - INFO -  epoch=1000      train_loss=   1.2845      val_loss=   1.2390      best=1      size=  66      nSHD_c=   0.6667      nSHD=   0.6667      tpr_c=   0.7273      change_adj_count=129      
2022-08-30 BST 02:38:38,274 - INFO - 

DAG 17: size_true=49	X.var()=16.5203
2022-08-30 BST 03:12:21,487 - INFO -  epoch=1000      train_loss=   1.4804      val_loss=   1.1515      best=1      size=  66      nSHD_c=   0.7333      nSHD=   0.7000      tpr_c=   0.6970      change_adj_count=95      
2022-08-30 BST 03:12:21,488 - INFO - 

DAG 18: size_true=56	X.var()=17.9506
2022-08-30 BST 03:45:09,781 - INFO -  epoch=1000      train_loss=   1.6042      val_loss=   1.3310      best=1      size=  66      nSHD_c=   0.5333      nSHD=   0.5667      tpr_c=   0.8030      change_adj_count=112      
2022-08-30 BST 03:45:09,782 - INFO - 

DAG 19: size_true=57	X.var()=24.8142
2022-08-30 BST 04:17:28,337 - INFO -  epoch=1000      train_loss=   1.7141      val_loss=   1.5600      best=1      size=  66      nSHD_c=   0.6333      nSHD=   0.6333      tpr_c=   0.7879      change_adj_count=124      
2022-08-30 BST 04:17:28,338 - INFO - 

DAG 20: size_true=59	X.var()=201.6824
2022-08-30 BST 04:51:16,341 - INFO -  epoch=1000      train_loss=  17.1223      val_loss=  13.9690      best=1      size=  66      nSHD_c=   2.7667      nSHD=   2.5000      tpr_c=   0.2576      change_adj_count=337      
2022-08-30 BST 04:51:16,343 - INFO - 

DAG 21: size_true=57	X.var()=21.1204
2022-08-30 BST 05:24:58,038 - INFO -  epoch=1000      train_loss=   2.0213      val_loss=   1.4852      best=1      size=  66      nSHD_c=   1.0333      nSHD=   1.0333      tpr_c=   0.6970      change_adj_count=116      
2022-08-30 BST 05:24:58,039 - INFO - 

DAG 22: size_true=60	X.var()=129.8499
2022-08-30 BST 05:59:11,639 - INFO -  epoch=1000      train_loss=  12.5998      val_loss=  34.5505      best=1      size=  65      nSHD_c=   1.6333      nSHD=   1.5667      tpr_c=   0.5538      change_adj_count=136      
2022-08-30 BST 05:59:11,640 - INFO - 

DAG 23: size_true=49	X.var()=14.1269
2022-08-30 BST 06:33:34,513 - INFO -  epoch=1000      train_loss=   1.4325      val_loss=   1.2528      best=1      size=  66      nSHD_c=   0.7000      nSHD=   0.7000      tpr_c=   0.7121      change_adj_count=191      
2022-08-30 BST 06:33:34,514 - INFO - 
last_mean_nshd_c=1.2681
2022-08-30 BST 06:33:34,514 - INFO - 
Time taken 13:28:37 (h:mm:ss)
2022-08-30 BST 06:33:34,514 - INFO - 
End of log for run 2022-08-29_BST_17:04:57,112_imle_l_none_ablation_007
