2022-08-29 BST 19:18:12,471 - INFO - 
Log for run 2022-08-29_BST_19:18:12,427_imle_l_none_ablation_008

2022-08-29 BST 19:18:12,471 - INFO - COMMENT = 'Test best MAX_SIZE=None Gumbel values with Logistic'
2022-08-29 BST 19:18:12,472 - INFO - DATA_FOLDER = '../data'
2022-08-29 BST 19:18:12,472 - INFO - LATENTS_FOLDER = '../latents'
2022-08-29 BST 19:18:12,472 - INFO - LOGS_FOLDER = '../logs'
2022-08-29 BST 19:18:12,472 - INFO - MODEL_FOLDER = '../models'
2022-08-29 BST 19:18:12,472 - INFO - RESULTS_FOLDER = '../results'
2022-08-29 BST 19:18:12,472 - INFO - DEVICE = torch.device("cuda" if torch.cuda.is_available() else "cpu")  # Used: "cuda"
2022-08-29 BST 19:18:12,472 - INFO - LATENTS = False
2022-08-29 BST 19:18:12,472 - INFO - MATRIX_REPORT = False
2022-08-29 BST 19:18:12,472 - INFO - LABEL = True
2022-08-29 BST 19:18:12,472 - INFO - SAVE_TO_ODS = False
2022-08-29 BST 19:18:12,472 - INFO - VAL_LOSS_FROM_DAG = True
2022-08-29 BST 19:18:12,472 - INFO - WANDB = False
2022-08-29 BST 19:18:12,473 - INFO - WANDB_PROJECT = 'Thetas'
2022-08-29 BST 19:18:12,473 - INFO - GRAD_LOG = False
2022-08-29 BST 19:18:12,473 - INFO - SAVE_RESULTS = False
2022-08-29 BST 19:18:12,473 - INFO - N_TRIALS = 1
2022-08-29 BST 19:18:12,473 - INFO - LOAD_OPTUNA_STUDY = None
2022-08-29 BST 19:18:12,473 - INFO - OPTUNA_STRINGS = {'None': None, 'True': True, 'False': False}
2022-08-29 BST 19:18:12,473 - INFO - TQDM = False
2022-08-29 BST 19:18:12,473 - INFO - 
hyperparameters = {
2022-08-29 BST 19:18:12,473 - INFO - 	'GRAPH_TYPE': 'ER2',
2022-08-29 BST 19:18:12,473 - INFO - 	'D': 30,
2022-08-29 BST 19:18:12,473 - INFO - 	'MAX_SIZE': 66,
2022-08-29 BST 19:18:12,473 - INFO - 	'SEM_NOISE': 'gaussian_ev',
2022-08-29 BST 19:18:12,473 - INFO - 	'N': 1200,
2022-08-29 BST 19:18:12,473 - INFO - 	'VAL': 0.16666666666666666,
2022-08-29 BST 19:18:12,474 - INFO - 	'N_EPOCHS': 1000,
2022-08-29 BST 19:18:12,474 - INFO - 	'BATCH_SIZE': None,
2022-08-29 BST 19:18:12,474 - INFO - 	'LOG2_BATCH_SIZE': 3,
2022-08-29 BST 19:18:12,474 - INFO - 	'BATCH_SHUFFLE': True,
2022-08-29 BST 19:18:12,474 - INFO - 	'N_SAMPLES': 47,
2022-08-29 BST 19:18:12,474 - INFO - 	'MODE': 'max_dag_test_only',
2022-08-29 BST 19:18:12,474 - INFO - 	'AFAS_SCHEDULER': None,
2022-08-29 BST 19:18:12,474 - INFO - 	'MINIZINC_SOLVER': None,
2022-08-29 BST 19:18:12,474 - INFO - 	'f_LINEAR_LAYERS': (),
2022-08-29 BST 19:18:12,474 - INFO - 	'f_BIAS': False,
2022-08-29 BST 19:18:12,474 - INFO - 	'p_LAYER': None,
2022-08-29 BST 19:18:12,474 - INFO - 	'STREAMLINE': False,
2022-08-29 BST 19:18:12,474 - INFO - 	'THRESHOLD': 0.0,
2022-08-29 BST 19:18:12,474 - INFO - 	'h_LINEAR_LAYERS': (),
2022-08-29 BST 19:18:12,475 - INFO - 	'h_NULL': 0.00011373901985660933,
2022-08-29 BST 19:18:12,475 - INFO - 	'h_LR': 0.0016158450337500668,
2022-08-29 BST 19:18:12,475 - INFO - 	'h_OPTIMIZER': 'torch.optim.Adam(overall_net.h_net.parameters(), lr=h.h_LR)',
2022-08-29 BST 19:18:12,475 - INFO - 	'f_LR': 0.3720066380139224,
2022-08-29 BST 19:18:12,475 - INFO - 	'f_OPTIMIZER': 'torch.optim.Adam(overall_net.f_net.parameters(), lr=h.f_LR)',
2022-08-29 BST 19:18:12,475 - INFO - 	'NOISE_TEMPERATURE': 0.8785929148606203,
2022-08-29 BST 19:18:12,475 - INFO - 	'NOISE_DISTRIBUTION': 'LogisticNoiseDistribution()',
2022-08-29 BST 19:18:12,475 - INFO - 	'LAMBDA': 27.13959516077541,
2022-08-29 BST 19:18:12,475 - INFO - 	'LOSS_FN': 'torch.nn.MSELoss()',
2022-08-29 BST 19:18:12,475 - INFO - 	'ALPHA': None,
2022-08-29 BST 19:18:12,475 - INFO - 	'BETA': None,
2022-08-29 BST 19:18:12,475 - INFO - 	'REGULARIZER': None,
2022-08-29 BST 19:18:12,475 - INFO - 	'z_RHO': 0.157451211201,
2022-08-29 BST 19:18:12,475 - INFO - 	'z_MU': 0.00120806965197976,
2022-08-29 BST 19:18:12,476 - INFO - 	'z_REGULARIZER': 'NoTearsZRegularizer(h.D, h.z_RHO, h.z_MU, c.DEVICE)',
2022-08-29 BST 19:18:12,476 - INFO - 	'LR_SCHEDULER': None,
2022-08-29 BST 19:18:12,476 - INFO - 	'DATA_CATEGORY': 'test',
2022-08-29 BST 19:18:12,476 - INFO - 	'DAGS': '030_ER2_gaussian_ev_2022-08-12_BST_09:55:21,293_create_dags'
2022-08-29 BST 19:18:12,476 - INFO - }

2022-08-29 BST 19:18:14,042 - INFO - 

DAG 0: size_true=69	X.var()=185.8479
2022-08-29 BST 19:51:43,494 - INFO -  epoch=1000      train_loss=  15.4893      val_loss=  23.5421      best=1      size=  66      nSHD_c=   1.9333      nSHD=   1.8333      tpr_c=   0.5606      change_adj_count=193      
2022-08-29 BST 19:51:43,495 - INFO - 

DAG 1: size_true=67	X.var()=127.1156
2022-08-29 BST 20:24:50,593 - INFO -  epoch=1000      train_loss=  10.1877      val_loss=   9.1119      best=1      size=  66      nSHD_c=   1.9667      nSHD=   1.9000      tpr_c=   0.5455      change_adj_count=166      
2022-08-29 BST 20:24:50,594 - INFO - 

DAG 2: size_true=64	X.var()=25.7432
2022-08-29 BST 20:57:15,485 - INFO -  epoch=1000      train_loss=   2.2447      val_loss=   1.6030      best=1      size=  66      nSHD_c=   1.0667      nSHD=   1.0667      tpr_c=   0.7424      change_adj_count=115      
2022-08-29 BST 20:57:15,485 - INFO - 

DAG 3: size_true=63	X.var()=265.9248
2022-08-29 BST 21:30:15,388 - INFO -  epoch=1000      train_loss=  30.9737      val_loss=  13.4022      best=1      size=  65      nSHD_c=   2.9667      nSHD=   2.9667      tpr_c=   0.2923      change_adj_count=363      
2022-08-29 BST 21:30:15,390 - INFO - 

DAG 4: size_true=48	X.var()=47.3993
2022-08-29 BST 22:03:00,159 - INFO -  epoch=1000      train_loss=   2.6902      val_loss=   3.5140      best=1      size=  65      nSHD_c=   1.5667      nSHD=   1.5000      tpr_c=   0.4769      change_adj_count=158      
2022-08-29 BST 22:03:00,160 - INFO - 

DAG 5: size_true=57	X.var()=54.7286
2022-08-29 BST 22:35:33,271 - INFO -  epoch=1000      train_loss=   3.9041      val_loss=   2.1727      best=1      size=  65      nSHD_c=   1.0000      nSHD=   1.0000      tpr_c=   0.7077      change_adj_count=123      
2022-08-29 BST 22:35:33,273 - INFO - 

DAG 6: size_true=64	X.var()=29.7229
2022-08-29 BST 23:09:00,592 - INFO -  epoch=1000      train_loss=   2.4459      val_loss=   2.0964      best=1      size=  66      nSHD_c=   1.2667      nSHD=   1.2667      tpr_c=   0.6970      change_adj_count=85      
2022-08-29 BST 23:09:00,593 - INFO - 

DAG 7: size_true=62	X.var()=55.6800
2022-08-29 BST 23:42:07,185 - INFO -  epoch=1000      train_loss=   3.0889      val_loss=   1.7577      best=1      size=  66      nSHD_c=   1.6333      nSHD=   1.6667      tpr_c=   0.5909      change_adj_count=108      
2022-08-29 BST 23:42:07,187 - INFO - 

DAG 8: size_true=63	X.var()=39.3378
2022-08-30 BST 00:14:45,750 - INFO -  epoch=1000      train_loss=   2.7216      val_loss=   2.1202      best=1      size=  66      nSHD_c=   0.9000      nSHD=   0.9000      tpr_c=   0.7727      change_adj_count=84      
2022-08-30 BST 00:14:45,751 - INFO - 

DAG 9: size_true=61	X.var()=94.6254
2022-08-30 BST 00:47:27,735 - INFO -  epoch=1000      train_loss=   7.2681      val_loss=   2.0392      best=1      size=  66      nSHD_c=   1.1333      nSHD=   1.1333      tpr_c=   0.6970      change_adj_count=96      
2022-08-30 BST 00:47:27,737 - INFO - 

DAG 10: size_true=51	X.var()=18.9170
2022-08-30 BST 01:20:32,131 - INFO -  epoch=1000      train_loss=   1.7726      val_loss=   1.3792      best=1      size=  66      nSHD_c=   1.0000      nSHD=   1.0667      tpr_c=   0.6515      change_adj_count=101      
2022-08-30 BST 01:20:32,132 - INFO - 

DAG 11: size_true=68	X.var()=127.5135
2022-08-30 BST 01:53:47,394 - INFO -  epoch=1000      train_loss=  10.4523      val_loss=   4.9450      best=1      size=  66      nSHD_c=   1.6000      nSHD=   1.5333      tpr_c=   0.6364      change_adj_count=110      
2022-08-30 BST 01:53:47,395 - INFO - 

DAG 12: size_true=53	X.var()=15.8398
2022-08-30 BST 02:26:39,329 - INFO -  epoch=1000      train_loss=   1.7480      val_loss=   1.6861      best=1      size=  66      nSHD_c=   0.8667      nSHD=   0.8667      tpr_c=   0.6970      change_adj_count=95      
2022-08-30 BST 02:26:39,330 - INFO - 

DAG 13: size_true=53	X.var()=112.2632
2022-08-30 BST 02:59:57,453 - INFO -  epoch=1000      train_loss=   9.8091      val_loss=  10.8303      best=1      size=  66      nSHD_c=   1.8000      nSHD=   1.7000      tpr_c=   0.4697      change_adj_count=92      
2022-08-30 BST 02:59:57,454 - INFO - 

DAG 14: size_true=59	X.var()=16.7418
2022-08-30 BST 03:32:24,555 - INFO -  epoch=1000      train_loss=   1.5451      val_loss=   1.3042      best=1      size=  66      nSHD_c=   0.6000      nSHD=   0.6333      tpr_c=   0.8030      change_adj_count=116      
2022-08-30 BST 03:32:24,557 - INFO - 

DAG 15: size_true=42	X.var()=8.6273
2022-08-30 BST 04:05:31,536 - INFO -  epoch=1000      train_loss=   1.2552      val_loss=   1.3464      best=1      size=  66      nSHD_c=   0.9000      nSHD=   0.9000      tpr_c=   0.6061      change_adj_count=131      
2022-08-30 BST 04:05:31,537 - INFO - 

DAG 16: size_true=50	X.var()=12.1502
2022-08-30 BST 04:38:20,649 - INFO -  epoch=1000      train_loss=   1.4615      val_loss=   1.3693      best=1      size=  66      nSHD_c=   0.6667      nSHD=   0.6667      tpr_c=   0.7273      change_adj_count=134      
2022-08-30 BST 04:38:20,650 - INFO - 

DAG 17: size_true=49	X.var()=16.5203
2022-08-30 BST 05:11:23,514 - INFO -  epoch=1000      train_loss=   1.4412      val_loss=   1.3525      best=1      size=  66      nSHD_c=   0.7000      nSHD=   0.7000      tpr_c=   0.7121      change_adj_count=98      
2022-08-30 BST 05:11:23,515 - INFO - 

DAG 18: size_true=56	X.var()=17.9506
2022-08-30 BST 05:44:12,022 - INFO -  epoch=1000      train_loss=   1.6519      val_loss=   1.3362      best=1      size=  66      nSHD_c=   0.5667      nSHD=   0.5667      tpr_c=   0.7879      change_adj_count=94      
2022-08-30 BST 05:44:12,024 - INFO - 

DAG 19: size_true=57	X.var()=24.8142
2022-08-30 BST 06:16:59,750 - INFO -  epoch=1000      train_loss=   1.6359      val_loss=   1.4864      best=1      size=  66      nSHD_c=   0.6333      nSHD=   0.6333      tpr_c=   0.7879      change_adj_count=98      
2022-08-30 BST 06:16:59,751 - INFO - 

DAG 20: size_true=59	X.var()=201.6824
2022-08-30 BST 06:50:34,626 - INFO -  epoch=1000      train_loss=  24.2235      val_loss=  17.8399      best=1      size=  66      nSHD_c=   2.7333      nSHD=   2.4333      tpr_c=   0.2576      change_adj_count=331      
2022-08-30 BST 06:50:34,628 - INFO - 

DAG 21: size_true=57	X.var()=21.1204
2022-08-30 BST 07:23:39,400 - INFO -  epoch=1000      train_loss=   1.8360      val_loss=   1.4864      best=1      size=  66      nSHD_c=   1.1667      nSHD=   1.1667      tpr_c=   0.6667      change_adj_count=124      
2022-08-30 BST 07:23:39,402 - INFO - 

DAG 22: size_true=60	X.var()=129.8499
2022-08-30 BST 07:56:56,906 - INFO -  epoch=1000      train_loss=  10.9155      val_loss=   7.2120      best=1      size=  66      nSHD_c=   1.5667      nSHD=   1.5000      tpr_c=   0.5758      change_adj_count=112      
2022-08-30 BST 07:56:56,907 - INFO - 

DAG 23: size_true=49	X.var()=14.1269
2022-08-30 BST 08:30:03,962 - INFO -  epoch=1000      train_loss=   1.4790      val_loss=   1.1285      best=1      size=  66      nSHD_c=   0.8000      nSHD=   0.7667      tpr_c=   0.6818      change_adj_count=165      
2022-08-30 BST 08:30:03,963 - INFO - 
last_mean_nshd_c=1.2931
2022-08-30 BST 08:30:03,963 - INFO - 
Time taken 13:11:52 (h:mm:ss)
2022-08-30 BST 08:30:03,963 - INFO - 
End of log for run 2022-08-29_BST_19:18:12,427_imle_l_none_ablation_008
