2022-08-29 BST 19:05:00,070 - INFO - 
Log for run 2022-08-29_BST_19:05:00,032_imle_l_none_ablation_006

2022-08-29 BST 19:05:00,070 - INFO - COMMENT = 'Test best MAX_SIZE=None Gumbel values with Logistic'
2022-08-29 BST 19:05:00,070 - INFO - DATA_FOLDER = '../data'
2022-08-29 BST 19:05:00,070 - INFO - LATENTS_FOLDER = '../latents'
2022-08-29 BST 19:05:00,071 - INFO - LOGS_FOLDER = '../logs'
2022-08-29 BST 19:05:00,071 - INFO - MODEL_FOLDER = '../models'
2022-08-29 BST 19:05:00,071 - INFO - RESULTS_FOLDER = '../results'
2022-08-29 BST 19:05:00,071 - INFO - DEVICE = torch.device("cuda" if torch.cuda.is_available() else "cpu")  # Used: "cuda"
2022-08-29 BST 19:05:00,071 - INFO - LATENTS = False
2022-08-29 BST 19:05:00,071 - INFO - MATRIX_REPORT = False
2022-08-29 BST 19:05:00,071 - INFO - LABEL = True
2022-08-29 BST 19:05:00,071 - INFO - SAVE_TO_ODS = False
2022-08-29 BST 19:05:00,071 - INFO - VAL_LOSS_FROM_DAG = True
2022-08-29 BST 19:05:00,071 - INFO - WANDB = False
2022-08-29 BST 19:05:00,071 - INFO - WANDB_PROJECT = 'Thetas'
2022-08-29 BST 19:05:00,071 - INFO - GRAD_LOG = False
2022-08-29 BST 19:05:00,071 - INFO - SAVE_RESULTS = False
2022-08-29 BST 19:05:00,071 - INFO - N_TRIALS = 1
2022-08-29 BST 19:05:00,071 - INFO - LOAD_OPTUNA_STUDY = None
2022-08-29 BST 19:05:00,072 - INFO - OPTUNA_STRINGS = {'None': None, 'True': True, 'False': False}
2022-08-29 BST 19:05:00,072 - INFO - TQDM = False
2022-08-29 BST 19:05:00,072 - INFO - 
hyperparameters = {
2022-08-29 BST 19:05:00,072 - INFO - 	'GRAPH_TYPE': 'ER2',
2022-08-29 BST 19:05:00,072 - INFO - 	'D': 30,
2022-08-29 BST 19:05:00,072 - INFO - 	'MAX_SIZE': 66,
2022-08-29 BST 19:05:00,072 - INFO - 	'SEM_NOISE': 'gaussian_ev',
2022-08-29 BST 19:05:00,072 - INFO - 	'N': 1200,
2022-08-29 BST 19:05:00,072 - INFO - 	'VAL': 0.16666666666666666,
2022-08-29 BST 19:05:00,072 - INFO - 	'N_EPOCHS': 1000,
2022-08-29 BST 19:05:00,072 - INFO - 	'BATCH_SIZE': None,
2022-08-29 BST 19:05:00,072 - INFO - 	'LOG2_BATCH_SIZE': 3,
2022-08-29 BST 19:05:00,072 - INFO - 	'BATCH_SHUFFLE': True,
2022-08-29 BST 19:05:00,072 - INFO - 	'N_SAMPLES': 47,
2022-08-29 BST 19:05:00,072 - INFO - 	'MODE': 'max_dag_test_only',
2022-08-29 BST 19:05:00,072 - INFO - 	'AFAS_SCHEDULER': None,
2022-08-29 BST 19:05:00,073 - INFO - 	'MINIZINC_SOLVER': None,
2022-08-29 BST 19:05:00,073 - INFO - 	'f_LINEAR_LAYERS': (),
2022-08-29 BST 19:05:00,073 - INFO - 	'f_BIAS': False,
2022-08-29 BST 19:05:00,073 - INFO - 	'p_LAYER': None,
2022-08-29 BST 19:05:00,073 - INFO - 	'STREAMLINE': False,
2022-08-29 BST 19:05:00,073 - INFO - 	'THRESHOLD': 0.0,
2022-08-29 BST 19:05:00,073 - INFO - 	'h_LINEAR_LAYERS': (),
2022-08-29 BST 19:05:00,073 - INFO - 	'h_NULL': 0.00011373901985660933,
2022-08-29 BST 19:05:00,073 - INFO - 	'h_LR': 0.0016158450337500668,
2022-08-29 BST 19:05:00,073 - INFO - 	'h_OPTIMIZER': 'torch.optim.Adam(overall_net.h_net.parameters(), lr=h.h_LR)',
2022-08-29 BST 19:05:00,073 - INFO - 	'f_LR': 0.3720066380139224,
2022-08-29 BST 19:05:00,073 - INFO - 	'f_OPTIMIZER': 'torch.optim.Adam(overall_net.f_net.parameters(), lr=h.f_LR)',
2022-08-29 BST 19:05:00,073 - INFO - 	'NOISE_TEMPERATURE': 0.8785929148606203,
2022-08-29 BST 19:05:00,073 - INFO - 	'NOISE_DISTRIBUTION': 'LogisticNoiseDistribution()',
2022-08-29 BST 19:05:00,073 - INFO - 	'LAMBDA': 27.13959516077541,
2022-08-29 BST 19:05:00,073 - INFO - 	'LOSS_FN': 'torch.nn.MSELoss()',
2022-08-29 BST 19:05:00,073 - INFO - 	'ALPHA': None,
2022-08-29 BST 19:05:00,074 - INFO - 	'BETA': None,
2022-08-29 BST 19:05:00,074 - INFO - 	'REGULARIZER': None,
2022-08-29 BST 19:05:00,074 - INFO - 	'z_RHO': 0,
2022-08-29 BST 19:05:00,074 - INFO - 	'z_MU': 0.00120806965197976,
2022-08-29 BST 19:05:00,074 - INFO - 	'z_REGULARIZER': 'NoTearsZRegularizer(h.D, h.z_RHO, h.z_MU, c.DEVICE)',
2022-08-29 BST 19:05:00,074 - INFO - 	'LR_SCHEDULER': None,
2022-08-29 BST 19:05:00,074 - INFO - 	'DATA_CATEGORY': 'test',
2022-08-29 BST 19:05:00,074 - INFO - 	'DAGS': '030_ER2_gaussian_ev_2022-08-12_BST_09:55:21,293_create_dags'
2022-08-29 BST 19:05:00,074 - INFO - }

2022-08-29 BST 19:05:03,246 - INFO - 

DAG 0: size_true=69	X.var()=185.8479
2022-08-29 BST 19:39:12,077 - INFO -  epoch=1000      train_loss=  19.1154      val_loss=  33.1365      best=1      size=  61      nSHD_c=   2.1000      nSHD=   1.9333      tpr_c=   0.5082      change_adj_count=203      
2022-08-29 BST 19:39:12,078 - INFO - 

DAG 1: size_true=67	X.var()=127.1156
2022-08-29 BST 20:13:01,104 - INFO -  epoch=1000      train_loss=   8.1599      val_loss=   7.8190      best=1      size=  62      nSHD_c=   2.1333      nSHD=   2.0667      tpr_c=   0.5000      change_adj_count=137      
2022-08-29 BST 20:13:01,105 - INFO - 

DAG 2: size_true=64	X.var()=25.7432
2022-08-29 BST 20:46:26,095 - INFO -  epoch=1000      train_loss=   1.7950      val_loss=   8.1965      best=1      size=  52      nSHD_c=   1.6333      nSHD=   1.4667      tpr_c=   0.5385      change_adj_count=107      
2022-08-29 BST 20:46:26,096 - INFO - 

DAG 3: size_true=63	X.var()=265.9248
2022-08-29 BST 21:20:20,904 - INFO -  epoch=1000      train_loss=  29.3241      val_loss=  54.1148      best=1      size=  56      nSHD_c=   2.8333      nSHD=   2.8333      tpr_c=   0.2857      change_adj_count=394      
2022-08-29 BST 21:20:20,905 - INFO - 

DAG 4: size_true=48	X.var()=47.3993
2022-08-29 BST 21:53:15,838 - INFO -  epoch=1000      train_loss=   2.4177      val_loss=   3.5770      best=1      size=  55      nSHD_c=   1.2000      nSHD=   1.1000      tpr_c=   0.5636      change_adj_count=130      
2022-08-29 BST 21:53:15,839 - INFO - 

DAG 5: size_true=57	X.var()=54.7286
2022-08-29 BST 22:26:17,096 - INFO -  epoch=1000      train_loss=   2.3588      val_loss=   3.9936      best=1      size=  57      nSHD_c=   1.3333      nSHD=   1.2333      tpr_c=   0.5614      change_adj_count=192      
2022-08-29 BST 22:26:17,098 - INFO - 

DAG 6: size_true=64	X.var()=29.7229
2022-08-29 BST 22:59:00,238 - INFO -  epoch=1000      train_loss=   1.9981      val_loss=   5.3978      best=1      size=  53      nSHD_c=   1.8000      nSHD=   1.7333      tpr_c=   0.5283      change_adj_count=96      
2022-08-29 BST 22:59:00,239 - INFO - 

DAG 7: size_true=62	X.var()=55.6800
2022-08-29 BST 23:32:07,908 - INFO -  epoch=1000      train_loss=   2.9265      val_loss=  12.7217      best=1      size=  55      nSHD_c=   1.3667      nSHD=   1.3667      tpr_c=   0.6545      change_adj_count=114      
2022-08-29 BST 23:32:07,909 - INFO - 

DAG 8: size_true=63	X.var()=39.3378
2022-08-30 BST 00:04:22,627 - INFO -  epoch=1000      train_loss=   2.2743      val_loss=   8.4409      best=1      size=  57      nSHD_c=   1.3000      nSHD=   1.3667      tpr_c=   0.6842      change_adj_count=89      
2022-08-30 BST 00:04:22,628 - INFO - 

DAG 9: size_true=61	X.var()=94.6254
2022-08-30 BST 00:37:06,384 - INFO -  epoch=1000      train_loss=   5.2408      val_loss=  16.1056      best=1      size=  53      nSHD_c=   1.7333      nSHD=   1.7000      tpr_c=   0.5283      change_adj_count=130      
2022-08-30 BST 00:37:06,385 - INFO - 

DAG 10: size_true=51	X.var()=18.9170
2022-08-30 BST 01:09:25,472 - INFO -  epoch=1000      train_loss=   1.4971      val_loss=   2.9556      best=1      size=  50      nSHD_c=   1.2000      nSHD=   1.0333      tpr_c=   0.5600      change_adj_count=109      
2022-08-30 BST 01:09:25,473 - INFO - 

DAG 11: size_true=68	X.var()=127.5135
2022-08-30 BST 01:42:28,415 - INFO -  epoch=1000      train_loss=  10.7510      val_loss=   9.4774      best=1      size=  62      nSHD_c=   2.1333      nSHD=   1.9667      tpr_c=   0.4839      change_adj_count=135      
2022-08-30 BST 01:42:28,416 - INFO - 

DAG 12: size_true=53	X.var()=15.8398
2022-08-30 BST 02:15:04,778 - INFO -  epoch=1000      train_loss=   1.4417      val_loss=   2.9084      best=1      size=  52      nSHD_c=   0.7333      nSHD=   0.7333      tpr_c=   0.7500      change_adj_count=98      
2022-08-30 BST 02:15:04,779 - INFO - 

DAG 13: size_true=53	X.var()=112.2632
2022-08-30 BST 02:48:19,787 - INFO -  epoch=1000      train_loss=   7.1723      val_loss=  10.4063      best=1      size=  60      nSHD_c=   1.8000      nSHD=   1.8000      tpr_c=   0.4667      change_adj_count=142      
2022-08-30 BST 02:48:19,788 - INFO - 

DAG 14: size_true=59	X.var()=16.7418
2022-08-30 BST 03:20:25,973 - INFO -  epoch=1000      train_loss=   1.4045      val_loss=   2.2007      best=1      size=  55      nSHD_c=   0.6667      nSHD=   0.5667      tpr_c=   0.8000      change_adj_count=108      
2022-08-30 BST 03:20:25,974 - INFO - 

DAG 15: size_true=42	X.var()=8.6273
2022-08-30 BST 03:52:55,562 - INFO -  epoch=1000      train_loss=   0.9665      val_loss=   2.3492      best=1      size=  52      nSHD_c=   0.8000      nSHD=   0.8333      tpr_c=   0.6346      change_adj_count=108      
2022-08-30 BST 03:52:55,564 - INFO - 

DAG 16: size_true=50	X.var()=12.1502
2022-08-30 BST 04:24:52,518 - INFO -  epoch=1000      train_loss=   1.1333      val_loss=   1.8406      best=1      size=  52      nSHD_c=   0.7000      nSHD=   0.5667      tpr_c=   0.6923      change_adj_count=102      
2022-08-30 BST 04:24:52,519 - INFO - 

DAG 17: size_true=49	X.var()=16.5203
2022-08-30 BST 04:57:13,777 - INFO -  epoch=1000      train_loss=   1.2267      val_loss=   2.7061      best=1      size=  51      nSHD_c=   0.5000      nSHD=   0.5333      tpr_c=   0.8235      change_adj_count=124      
2022-08-30 BST 04:57:13,778 - INFO - 

DAG 18: size_true=56	X.var()=17.9506
2022-08-30 BST 05:29:14,216 - INFO -  epoch=1000      train_loss=   1.3350      val_loss=   5.5726      best=1      size=  49      nSHD_c=   0.6333      nSHD=   0.6333      tpr_c=   0.8163      change_adj_count=103      
2022-08-30 BST 05:29:14,217 - INFO - 

DAG 19: size_true=57	X.var()=24.8142
2022-08-30 BST 06:01:32,111 - INFO -  epoch=1000      train_loss=   1.3776      val_loss=   3.9183      best=1      size=  50      nSHD_c=   0.9667      nSHD=   0.7667      tpr_c=   0.6800      change_adj_count=138      
2022-08-30 BST 06:01:32,112 - INFO - 

DAG 20: size_true=59	X.var()=201.6824
2022-08-30 BST 06:34:40,291 - INFO -  epoch=1000      train_loss=  19.3468      val_loss=  11.3172      best=1      size=  61      nSHD_c=   2.7667      nSHD=   2.5333      tpr_c=   0.2295      change_adj_count=322      
2022-08-30 BST 06:34:40,291 - INFO - 

DAG 21: size_true=57	X.var()=21.1204
2022-08-30 BST 07:07:13,167 - INFO -  epoch=1000      train_loss=   1.6869      val_loss=   2.5351      best=1      size=  55      nSHD_c=   1.0333      nSHD=   0.9000      tpr_c=   0.6545      change_adj_count=121      
2022-08-30 BST 07:07:13,167 - INFO - 

DAG 22: size_true=60	X.var()=129.8499
2022-08-30 BST 07:40:20,247 - INFO -  epoch=1000      train_loss=  11.2048      val_loss=  28.1989      best=1      size=  57      nSHD_c=   2.0667      nSHD=   1.9000      tpr_c=   0.3860      change_adj_count=119      
2022-08-30 BST 07:40:20,248 - INFO - 

DAG 23: size_true=49	X.var()=14.1269
2022-08-30 BST 08:12:40,805 - INFO -  epoch=1000      train_loss=   1.2358      val_loss=   1.3791      best=1      size=  53      nSHD_c=   0.4333      nSHD=   0.4000      tpr_c=   0.8113      change_adj_count=97      
2022-08-30 BST 08:12:41,186 - INFO - 
last_mean_nshd_c=1.4111
2022-08-30 BST 08:12:41,186 - INFO - 
Time taken 13:07:41 (h:mm:ss)
2022-08-30 BST 08:12:41,186 - INFO - 
End of log for run 2022-08-29_BST_19:05:00,032_imle_l_none_ablation_006
