2022-08-29 BST 16:45:13,706 - INFO - 
Log for run 2022-08-29_BST_16:45:13,374_imle_l_none_ablation_005

2022-08-29 BST 16:45:13,707 - INFO - COMMENT = 'Test best MAX_SIZE=None Gumbel values with Logistic'
2022-08-29 BST 16:45:13,707 - INFO - DATA_FOLDER = '../data'
2022-08-29 BST 16:45:13,707 - INFO - LATENTS_FOLDER = '../latents'
2022-08-29 BST 16:45:13,707 - INFO - LOGS_FOLDER = '../logs'
2022-08-29 BST 16:45:13,707 - INFO - MODEL_FOLDER = '../models'
2022-08-29 BST 16:45:13,707 - INFO - RESULTS_FOLDER = '../results'
2022-08-29 BST 16:45:13,707 - INFO - DEVICE = torch.device("cuda" if torch.cuda.is_available() else "cpu")  # Used: "cuda"
2022-08-29 BST 16:45:13,707 - INFO - LATENTS = False
2022-08-29 BST 16:45:13,707 - INFO - MATRIX_REPORT = False
2022-08-29 BST 16:45:13,708 - INFO - LABEL = True
2022-08-29 BST 16:45:13,708 - INFO - SAVE_TO_ODS = False
2022-08-29 BST 16:45:13,708 - INFO - VAL_LOSS_FROM_DAG = True
2022-08-29 BST 16:45:13,708 - INFO - WANDB = False
2022-08-29 BST 16:45:13,708 - INFO - WANDB_PROJECT = 'Thetas'
2022-08-29 BST 16:45:13,708 - INFO - GRAD_LOG = False
2022-08-29 BST 16:45:13,708 - INFO - SAVE_RESULTS = False
2022-08-29 BST 16:45:13,708 - INFO - N_TRIALS = 1
2022-08-29 BST 16:45:13,708 - INFO - LOAD_OPTUNA_STUDY = None
2022-08-29 BST 16:45:13,708 - INFO - OPTUNA_STRINGS = {'None': None, 'True': True, 'False': False}
2022-08-29 BST 16:45:13,708 - INFO - TQDM = False
2022-08-29 BST 16:45:13,708 - INFO - 
hyperparameters = {
2022-08-29 BST 16:45:13,708 - INFO - 	'GRAPH_TYPE': 'ER2',
2022-08-29 BST 16:45:13,708 - INFO - 	'D': 30,
2022-08-29 BST 16:45:13,708 - INFO - 	'MAX_SIZE': 66,
2022-08-29 BST 16:45:13,708 - INFO - 	'SEM_NOISE': 'gaussian_ev',
2022-08-29 BST 16:45:13,708 - INFO - 	'N': 1200,
2022-08-29 BST 16:45:13,708 - INFO - 	'VAL': 0.16666666666666666,
2022-08-29 BST 16:45:13,708 - INFO - 	'N_EPOCHS': 1000,
2022-08-29 BST 16:45:13,708 - INFO - 	'BATCH_SIZE': None,
2022-08-29 BST 16:45:13,708 - INFO - 	'LOG2_BATCH_SIZE': 3,
2022-08-29 BST 16:45:13,709 - INFO - 	'BATCH_SHUFFLE': True,
2022-08-29 BST 16:45:13,709 - INFO - 	'N_SAMPLES': 47,
2022-08-29 BST 16:45:13,709 - INFO - 	'MODE': 'max_dag_test_only',
2022-08-29 BST 16:45:13,709 - INFO - 	'AFAS_SCHEDULER': None,
2022-08-29 BST 16:45:13,709 - INFO - 	'MINIZINC_SOLVER': None,
2022-08-29 BST 16:45:13,709 - INFO - 	'f_LINEAR_LAYERS': (),
2022-08-29 BST 16:45:13,709 - INFO - 	'f_BIAS': False,
2022-08-29 BST 16:45:13,709 - INFO - 	'p_LAYER': None,
2022-08-29 BST 16:45:13,709 - INFO - 	'STREAMLINE': False,
2022-08-29 BST 16:45:13,709 - INFO - 	'THRESHOLD': 0.0,
2022-08-29 BST 16:45:13,709 - INFO - 	'h_LINEAR_LAYERS': (),
2022-08-29 BST 16:45:13,709 - INFO - 	'h_NULL': 0.00011373901985660933,
2022-08-29 BST 16:45:13,709 - INFO - 	'h_LR': 0.0016158450337500668,
2022-08-29 BST 16:45:13,709 - INFO - 	'h_OPTIMIZER': 'torch.optim.Adam(overall_net.h_net.parameters(), lr=h.h_LR)',
2022-08-29 BST 16:45:13,709 - INFO - 	'f_LR': 0.3720066380139224,
2022-08-29 BST 16:45:13,709 - INFO - 	'f_OPTIMIZER': 'torch.optim.Adam(overall_net.f_net.parameters(), lr=h.f_LR)',
2022-08-29 BST 16:45:13,709 - INFO - 	'NOISE_TEMPERATURE': 0.8785929148606203,
2022-08-29 BST 16:45:13,709 - INFO - 	'NOISE_DISTRIBUTION': 'LogisticNoiseDistribution()',
2022-08-29 BST 16:45:13,709 - INFO - 	'LAMBDA': 27.13959516077541,
2022-08-29 BST 16:45:13,709 - INFO - 	'LOSS_FN': 'torch.nn.MSELoss()',
2022-08-29 BST 16:45:13,709 - INFO - 	'ALPHA': None,
2022-08-29 BST 16:45:13,710 - INFO - 	'BETA': None,
2022-08-29 BST 16:45:13,710 - INFO - 	'REGULARIZER': None,
2022-08-29 BST 16:45:13,710 - INFO - 	'z_RHO': 0,
2022-08-29 BST 16:45:13,710 - INFO - 	'z_MU': 0,
2022-08-29 BST 16:45:13,710 - INFO - 	'z_REGULARIZER': 'NoTearsZRegularizer(h.D, h.z_RHO, h.z_MU, c.DEVICE)',
2022-08-29 BST 16:45:13,710 - INFO - 	'LR_SCHEDULER': None,
2022-08-29 BST 16:45:13,710 - INFO - 	'DATA_CATEGORY': 'test',
2022-08-29 BST 16:45:13,710 - INFO - 	'DAGS': '030_ER2_gaussian_ev_2022-08-12_BST_09:55:21,293_create_dags'
2022-08-29 BST 16:45:13,710 - INFO - }

2022-08-29 BST 16:48:59,321 - INFO - 

DAG 0: size_true=69	X.var()=185.8479
2022-08-29 BST 17:31:25,587 - INFO -  epoch=1000      train_loss=  18.5005      val_loss=  13.3967      best=1      size=  61      nSHD_c=   2.1333      nSHD=   2.0000      tpr_c=   0.5082      change_adj_count=246      
2022-08-29 BST 17:31:25,589 - INFO - 

DAG 1: size_true=67	X.var()=127.1156
2022-08-29 BST 18:12:35,549 - INFO -  epoch=1000      train_loss=  10.3161      val_loss=  10.5414      best=1      size=  60      nSHD_c=   2.1000      nSHD=   2.0333      tpr_c=   0.5000      change_adj_count=224      
2022-08-29 BST 18:12:35,550 - INFO - 

DAG 2: size_true=64	X.var()=25.7432
2022-08-29 BST 18:52:43,673 - INFO -  epoch=1000      train_loss=   1.7270      val_loss=   9.2119      best=1      size=  52      nSHD_c=   1.5667      nSHD=   1.3667      tpr_c=   0.5385      change_adj_count=116      
2022-08-29 BST 18:52:43,674 - INFO - 

DAG 3: size_true=63	X.var()=265.9248
2022-08-29 BST 19:32:10,598 - INFO -  epoch=1000      train_loss=  32.4401      val_loss=  45.0835      best=1      size=  55      nSHD_c=   2.8667      nSHD=   2.8667      tpr_c=   0.2727      change_adj_count=393      
2022-08-29 BST 19:32:10,599 - INFO - 

DAG 4: size_true=48	X.var()=47.3993
2022-08-29 BST 20:10:13,026 - INFO -  epoch=1000      train_loss=   2.8947      val_loss=   3.4859      best=1      size=  52      nSHD_c=   1.2000      nSHD=   1.0000      tpr_c=   0.5385      change_adj_count=182      
2022-08-29 BST 20:10:13,027 - INFO - 

DAG 5: size_true=57	X.var()=54.7286
2022-08-29 BST 20:50:26,198 - INFO -  epoch=1000      train_loss=   2.6842      val_loss=   3.9696      best=1      size=  54      nSHD_c=   1.2333      nSHD=   1.1667      tpr_c=   0.6296      change_adj_count=163      
2022-08-29 BST 20:50:26,199 - INFO - 

DAG 6: size_true=64	X.var()=29.7229
2022-08-29 BST 21:29:41,839 - INFO -  epoch=1000      train_loss=   2.2669      val_loss=   4.7514      best=1      size=  55      nSHD_c=   1.8667      nSHD=   1.8333      tpr_c=   0.5091      change_adj_count=93      
2022-08-29 BST 21:29:41,840 - INFO - 

DAG 7: size_true=62	X.var()=55.6800
2022-08-29 BST 22:11:36,725 - INFO -  epoch=1000      train_loss=   2.7291      val_loss=  17.3044      best=1      size=  56      nSHD_c=   1.4333      nSHD=   1.3667      tpr_c=   0.6250      change_adj_count=136      
2022-08-29 BST 22:11:36,727 - INFO - 

DAG 8: size_true=63	X.var()=39.3378
2022-08-29 BST 22:51:52,421 - INFO -  epoch=1000      train_loss=   2.7884      val_loss=   6.8561      best=1      size=  57      nSHD_c=   1.2333      nSHD=   1.3000      tpr_c=   0.7018      change_adj_count=101      
2022-08-29 BST 22:51:52,424 - INFO - 

DAG 9: size_true=61	X.var()=94.6254
2022-08-29 BST 23:31:39,040 - INFO -  epoch=1000      train_loss=   5.7769      val_loss=  21.8622      best=1      size=  53      nSHD_c=   1.7333      nSHD=   1.7000      tpr_c=   0.5283      change_adj_count=127      
2022-08-29 BST 23:31:39,042 - INFO - 

DAG 10: size_true=51	X.var()=18.9170
2022-08-30 BST 00:11:57,792 - INFO -  epoch=1000      train_loss=   1.5140      val_loss=   3.1415      best=1      size=  51      nSHD_c=   1.1667      nSHD=   1.0667      tpr_c=   0.5686      change_adj_count=131      
2022-08-30 BST 00:11:57,794 - INFO - 

DAG 11: size_true=68	X.var()=127.5135
2022-08-30 BST 00:53:19,932 - INFO -  epoch=1000      train_loss=  12.8303      val_loss=   8.1333      best=1      size=  62      nSHD_c=   2.2667      nSHD=   2.1000      tpr_c=   0.4516      change_adj_count=129      
2022-08-30 BST 00:53:19,933 - INFO - 

DAG 12: size_true=53	X.var()=15.8398
2022-08-30 BST 01:33:15,816 - INFO -  epoch=1000      train_loss=   1.3820      val_loss=   3.1290      best=1      size=  53      nSHD_c=   0.7667      nSHD=   0.8000      tpr_c=   0.7358      change_adj_count=101      
2022-08-30 BST 01:33:15,818 - INFO - 

DAG 13: size_true=53	X.var()=112.2632
2022-08-30 BST 02:13:57,056 - INFO -  epoch=1000      train_loss=   9.1141      val_loss=  12.8804      best=1      size=  60      nSHD_c=   1.8333      nSHD=   1.7333      tpr_c=   0.4333      change_adj_count=150      
2022-08-30 BST 02:13:57,058 - INFO - 

DAG 14: size_true=59	X.var()=16.7418
2022-08-30 BST 02:53:01,709 - INFO -  epoch=1000      train_loss=   1.3841      val_loss=   2.2389      best=1      size=  55      nSHD_c=   0.6000      nSHD=   0.4667      tpr_c=   0.8182      change_adj_count=105      
2022-08-30 BST 02:53:01,711 - INFO - 

DAG 15: size_true=42	X.var()=8.6273
2022-08-30 BST 03:32:37,045 - INFO -  epoch=1000      train_loss=   1.0839      val_loss=   2.3084      best=1      size=  52      nSHD_c=   0.9333      nSHD=   0.9333      tpr_c=   0.5769      change_adj_count=121      
2022-08-30 BST 03:32:37,046 - INFO - 

DAG 16: size_true=50	X.var()=12.1502
2022-08-30 BST 04:12:07,357 - INFO -  epoch=1000      train_loss=   1.0736      val_loss=   1.9083      best=1      size=  52      nSHD_c=   0.7000      nSHD=   0.5667      tpr_c=   0.6923      change_adj_count=96      
2022-08-30 BST 04:12:07,359 - INFO - 

DAG 17: size_true=49	X.var()=16.5203
2022-08-30 BST 04:51:17,001 - INFO -  epoch=1000      train_loss=   1.3903      val_loss=   4.5204      best=1      size=  54      nSHD_c=   0.6333      nSHD=   0.6333      tpr_c=   0.7593      change_adj_count=117      
2022-08-30 BST 04:51:17,003 - INFO - 

DAG 18: size_true=56	X.var()=17.9506
2022-08-30 BST 05:29:28,114 - INFO -  epoch=1000      train_loss=   1.2469      val_loss=   5.4613      best=1      size=  49      nSHD_c=   0.7333      nSHD=   0.7000      tpr_c=   0.7959      change_adj_count=112      
2022-08-30 BST 05:29:28,115 - INFO - 

DAG 19: size_true=57	X.var()=24.8142
2022-08-30 BST 06:09:43,097 - INFO -  epoch=1000      train_loss=   1.6570      val_loss=   4.9584      best=1      size=  50      nSHD_c=   0.9667      nSHD=   0.8333      tpr_c=   0.6800      change_adj_count=117      
2022-08-30 BST 06:09:43,098 - INFO - 

DAG 20: size_true=59	X.var()=201.6824
2022-08-30 BST 06:53:11,861 - INFO -  epoch=1000      train_loss=  21.2262      val_loss=  15.2911      best=1      size=  61      nSHD_c=   2.7000      nSHD=   2.4667      tpr_c=   0.2459      change_adj_count=313      
2022-08-30 BST 06:53:11,862 - INFO - 

DAG 21: size_true=57	X.var()=21.1204
2022-08-30 BST 07:34:38,440 - INFO -  epoch=1000      train_loss=   1.9533      val_loss=   3.8770      best=1      size=  54      nSHD_c=   1.0000      nSHD=   0.9667      tpr_c=   0.7037      change_adj_count=103      
2022-08-30 BST 07:34:38,443 - INFO - 

DAG 22: size_true=60	X.var()=129.8499
2022-08-30 BST 08:15:15,665 - INFO -  epoch=1000      train_loss=   8.7946      val_loss=  24.2030      best=1      size=  57      nSHD_c=   2.0667      nSHD=   1.9333      tpr_c=   0.3860      change_adj_count=120      
2022-08-30 BST 08:15:15,667 - INFO - 

DAG 23: size_true=49	X.var()=14.1269
2022-08-30 BST 08:55:41,691 - INFO -  epoch=1000      train_loss=   1.1319      val_loss=   1.4605      best=1      size=  52      nSHD_c=   0.4667      nSHD=   0.4333      tpr_c=   0.8077      change_adj_count=119      
2022-08-30 BST 08:55:41,693 - INFO - 
last_mean_nshd_c=1.4250
2022-08-30 BST 08:55:41,693 - INFO - 
Time taken 16:10:28 (h:mm:ss)
2022-08-30 BST 08:55:41,693 - INFO - 
End of log for run 2022-08-29_BST_16:45:13,374_imle_l_none_ablation_005
