2022-08-30 BST 11:26:21,094 - INFO - 
Log for run 2022-08-30_BST_11:26:21,029_imle_l_none_ablation_004

2022-08-30 BST 11:26:21,095 - INFO - COMMENT = 'Test best MAX_SIZE=None Gumbel values with Logistic'
2022-08-30 BST 11:26:21,095 - INFO - DATA_FOLDER = '../data'
2022-08-30 BST 11:26:21,095 - INFO - LATENTS_FOLDER = '../latents'
2022-08-30 BST 11:26:21,096 - INFO - LOGS_FOLDER = '../logs'
2022-08-30 BST 11:26:21,096 - INFO - MODEL_FOLDER = '../models'
2022-08-30 BST 11:26:21,096 - INFO - RESULTS_FOLDER = '../results'
2022-08-30 BST 11:26:21,096 - INFO - DEVICE = torch.device("cuda" if torch.cuda.is_available() else "cpu")  # Used: "cuda"
2022-08-30 BST 11:26:21,096 - INFO - LATENTS = False
2022-08-30 BST 11:26:21,096 - INFO - MATRIX_REPORT = False
2022-08-30 BST 11:26:21,096 - INFO - LABEL = True
2022-08-30 BST 11:26:21,096 - INFO - SAVE_TO_ODS = False
2022-08-30 BST 11:26:21,096 - INFO - VAL_LOSS_FROM_DAG = True
2022-08-30 BST 11:26:21,096 - INFO - WANDB = False
2022-08-30 BST 11:26:21,096 - INFO - WANDB_PROJECT = 'Thetas'
2022-08-30 BST 11:26:21,097 - INFO - GRAD_LOG = False
2022-08-30 BST 11:26:21,097 - INFO - SAVE_RESULTS = False
2022-08-30 BST 11:26:21,097 - INFO - N_TRIALS = 1
2022-08-30 BST 11:26:21,097 - INFO - LOAD_OPTUNA_STUDY = None
2022-08-30 BST 11:26:21,097 - INFO - OPTUNA_STRINGS = {'None': None, 'True': True, 'False': False}
2022-08-30 BST 11:26:21,097 - INFO - TQDM = False
2022-08-30 BST 11:26:21,097 - INFO - 
hyperparameters = {
2022-08-30 BST 11:26:21,097 - INFO - 	'GRAPH_TYPE': 'ER2',
2022-08-30 BST 11:26:21,097 - INFO - 	'D': 30,
2022-08-30 BST 11:26:21,097 - INFO - 	'MAX_SIZE': None,
2022-08-30 BST 11:26:21,097 - INFO - 	'SEM_NOISE': 'gaussian_ev',
2022-08-30 BST 11:26:21,097 - INFO - 	'N': 1200,
2022-08-30 BST 11:26:21,098 - INFO - 	'VAL': 0.16666666666666666,
2022-08-30 BST 11:26:21,098 - INFO - 	'N_EPOCHS': 1000,
2022-08-30 BST 11:26:21,098 - INFO - 	'BATCH_SIZE': None,
2022-08-30 BST 11:26:21,098 - INFO - 	'LOG2_BATCH_SIZE': 3,
2022-08-30 BST 11:26:21,098 - INFO - 	'BATCH_SHUFFLE': True,
2022-08-30 BST 11:26:21,098 - INFO - 	'N_SAMPLES': 47,
2022-08-30 BST 11:26:21,098 - INFO - 	'MODE': 'max_dag_test_only',
2022-08-30 BST 11:26:21,098 - INFO - 	'AFAS_SCHEDULER': None,
2022-08-30 BST 11:26:21,098 - INFO - 	'MINIZINC_SOLVER': None,
2022-08-30 BST 11:26:21,098 - INFO - 	'f_LINEAR_LAYERS': (),
2022-08-30 BST 11:26:21,098 - INFO - 	'f_BIAS': False,
2022-08-30 BST 11:26:21,098 - INFO - 	'p_LAYER': None,
2022-08-30 BST 11:26:21,098 - INFO - 	'STREAMLINE': False,
2022-08-30 BST 11:26:21,099 - INFO - 	'THRESHOLD': 0.0,
2022-08-30 BST 11:26:21,099 - INFO - 	'h_LINEAR_LAYERS': (),
2022-08-30 BST 11:26:21,099 - INFO - 	'h_NULL': 0.00011373901985660933,
2022-08-30 BST 11:26:21,099 - INFO - 	'h_LR': 0.0016158450337500668,
2022-08-30 BST 11:26:21,099 - INFO - 	'h_OPTIMIZER': 'torch.optim.Adam(overall_net.h_net.parameters(), lr=h.h_LR)',
2022-08-30 BST 11:26:21,099 - INFO - 	'f_LR': 0.3720066380139224,
2022-08-30 BST 11:26:21,099 - INFO - 	'f_OPTIMIZER': 'torch.optim.Adam(overall_net.f_net.parameters(), lr=h.f_LR)',
2022-08-30 BST 11:26:21,099 - INFO - 	'NOISE_TEMPERATURE': 0.8785929148606203,
2022-08-30 BST 11:26:21,099 - INFO - 	'NOISE_DISTRIBUTION': 'LogisticNoiseDistribution()',
2022-08-30 BST 11:26:21,099 - INFO - 	'LAMBDA': 27.13959516077541,
2022-08-30 BST 11:26:21,099 - INFO - 	'LOSS_FN': 'torch.nn.MSELoss()',
2022-08-30 BST 11:26:21,099 - INFO - 	'ALPHA': None,
2022-08-30 BST 11:26:21,099 - INFO - 	'BETA': None,
2022-08-30 BST 11:26:21,100 - INFO - 	'REGULARIZER': None,
2022-08-30 BST 11:26:21,100 - INFO - 	'z_RHO': 0.157451211201,
2022-08-30 BST 11:26:21,100 - INFO - 	'z_MU': 0.00120806965197976,
2022-08-30 BST 11:26:21,100 - INFO - 	'z_REGULARIZER': 'NoTearsZRegularizer(h.D, h.z_RHO, h.z_MU, c.DEVICE)',
2022-08-30 BST 11:26:21,100 - INFO - 	'LR_SCHEDULER': None,
2022-08-30 BST 11:26:21,100 - INFO - 	'DATA_CATEGORY': 'test',
2022-08-30 BST 11:26:21,100 - INFO - 	'DAGS': '030_ER2_gaussian_ev_2022-08-12_BST_09:55:21,293_create_dags'
2022-08-30 BST 11:26:21,100 - INFO - }

2022-08-30 BST 11:26:26,563 - INFO - 

DAG 0: size_true=69	X.var()=185.8479
2022-08-30 BST 11:47:07,710 - INFO -  epoch=1000      train_loss=  16.6715      val_loss=  20.2922      best=1      size=  93      nSHD_c=   1.9000      nSHD=   1.8667      tpr_c=   0.5591      change_adj_count=128      
2022-08-30 BST 11:47:07,711 - INFO - 

DAG 1: size_true=67	X.var()=127.1156
2022-08-30 BST 12:07:39,673 - INFO -  epoch=1000      train_loss=   7.6355      val_loss=   7.2077      best=1      size=  84      nSHD_c=   1.7000      nSHD=   1.7000      tpr_c=   0.5952      change_adj_count=145      
2022-08-30 BST 12:07:39,674 - INFO - 

DAG 2: size_true=64	X.var()=25.7432
2022-08-30 BST 12:26:32,000 - INFO -  epoch=1000      train_loss=   2.0613      val_loss=   4.5986      best=1      size=  57      nSHD_c=   0.8333      nSHD=   0.8333      tpr_c=   0.8421      change_adj_count=77      
2022-08-30 BST 12:26:32,001 - INFO - 

DAG 3: size_true=63	X.var()=265.9248
2022-08-30 BST 12:46:24,640 - INFO -  epoch=1000      train_loss=  20.9930      val_loss=   9.1734      best=1      size= 117      nSHD_c=   3.1000      nSHD=   3.1000      tpr_c=   0.3675      change_adj_count=404      
2022-08-30 BST 12:46:24,642 - INFO - 

DAG 4: size_true=48	X.var()=47.3993
2022-08-30 BST 13:04:42,774 - INFO -  epoch=1000      train_loss=   2.7939      val_loss=   3.4922      best=1      size=  47      nSHD_c=   1.0333      nSHD=   1.0333      tpr_c=   0.6596      change_adj_count=68      
2022-08-30 BST 13:04:42,775 - INFO - 

DAG 5: size_true=57	X.var()=54.7286
2022-08-30 BST 13:23:44,857 - INFO -  epoch=1000      train_loss=   5.1428      val_loss=   4.4479      best=1      size=  55      nSHD_c=   0.8333      nSHD=   0.8000      tpr_c=   0.7818      change_adj_count=82      
2022-08-30 BST 13:23:44,859 - INFO - 

DAG 6: size_true=64	X.var()=29.7229
2022-08-30 BST 13:42:49,736 - INFO -  epoch=1000      train_loss=   2.2946      val_loss=   1.9140      best=1      size=  66      nSHD_c=   1.2667      nSHD=   1.2667      tpr_c=   0.6970      change_adj_count=94      
2022-08-30 BST 13:42:49,738 - INFO - 

DAG 7: size_true=62	X.var()=55.6800
2022-08-30 BST 14:02:45,544 - INFO -  epoch=1000      train_loss=   2.9808      val_loss=   2.4110      best=1      size=  63      nSHD_c=   1.1000      nSHD=   1.1000      tpr_c=   0.7302      change_adj_count=99      
2022-08-30 BST 14:02:45,545 - INFO - 

DAG 8: size_true=63	X.var()=39.3378
2022-08-30 BST 14:21:35,409 - INFO -  epoch=1000      train_loss=   2.5619      val_loss=   1.9386      best=1      size=  61      nSHD_c=   0.9667      nSHD=   0.9333      tpr_c=   0.7705      change_adj_count=81      
2022-08-30 BST 14:21:35,410 - INFO - 

DAG 9: size_true=61	X.var()=94.6254
2022-08-30 BST 14:41:41,922 - INFO -  epoch=1000      train_loss=   4.9198      val_loss=   2.2589      best=1      size=  71      nSHD_c=   1.3000      nSHD=   1.3000      tpr_c=   0.6479      change_adj_count=134      
2022-08-30 BST 14:41:41,923 - INFO - 

DAG 10: size_true=51	X.var()=18.9170
2022-08-30 BST 14:59:59,882 - INFO -  epoch=1000      train_loss=   1.9613      val_loss=   1.5117      best=1      size=  54      nSHD_c=   0.7333      nSHD=   0.7333      tpr_c=   0.7593      change_adj_count=77      
2022-08-30 BST 14:59:59,883 - INFO - 

DAG 11: size_true=68	X.var()=127.5135
2022-08-30 BST 15:20:26,095 - INFO -  epoch=1000      train_loss=  11.0641      val_loss=   6.7797      best=1      size=  85      nSHD_c=   1.1667      nSHD=   1.1667      tpr_c=   0.6941      change_adj_count=118      
2022-08-30 BST 15:20:26,096 - INFO - 

DAG 12: size_true=53	X.var()=15.8398
2022-08-30 BST 15:39:04,626 - INFO -  epoch=1000      train_loss=   1.8010      val_loss=   1.9818      best=1      size=  53      nSHD_c=   0.5667      nSHD=   0.5667      tpr_c=   0.8302      change_adj_count=72      
2022-08-30 BST 15:39:04,626 - INFO - 

DAG 13: size_true=53	X.var()=112.2632
2022-08-30 BST 15:59:03,343 - INFO -  epoch=1000      train_loss=   9.5187      val_loss=   9.8811      best=1      size=  77      nSHD_c=   1.6000      nSHD=   1.6000      tpr_c=   0.5325      change_adj_count=103      
2022-08-30 BST 15:59:03,345 - INFO - 

DAG 14: size_true=59	X.var()=16.7418
2022-08-30 BST 16:17:14,260 - INFO -  epoch=1000      train_loss=   1.8577      val_loss=   1.6741      best=1      size=  58      nSHD_c=   0.6667      nSHD=   0.6667      tpr_c=   0.8276      change_adj_count=76      
2022-08-30 BST 16:17:14,261 - INFO - 

DAG 15: size_true=42	X.var()=8.6273
2022-08-30 BST 16:34:50,742 - INFO -  epoch=1000      train_loss=   1.3218      val_loss=   1.1621      best=1      size=  42      nSHD_c=   0.4667      nSHD=   0.4667      tpr_c=   0.8095      change_adj_count=59      
2022-08-30 BST 16:34:50,744 - INFO - 

DAG 16: size_true=50	X.var()=12.1502
2022-08-30 BST 16:52:16,878 - INFO -  epoch=1000      train_loss=   1.3096      val_loss=   1.3681      best=1      size=  49      nSHD_c=   0.1667      nSHD=   0.1667      tpr_c=   0.9592      change_adj_count=70      
2022-08-30 BST 16:52:16,879 - INFO - 

DAG 17: size_true=49	X.var()=16.5203
2022-08-30 BST 17:10:00,499 - INFO -  epoch=1000      train_loss=   1.5012      val_loss=   1.3036      best=1      size=  49      nSHD_c=   0.2000      nSHD=   0.2000      tpr_c=   0.9388      change_adj_count=67      
2022-08-30 BST 17:10:00,500 - INFO - 

DAG 18: size_true=56	X.var()=17.9506
2022-08-30 BST 17:27:19,376 - INFO -  epoch=1000      train_loss=   1.5166      val_loss=   1.1999      best=1      size=  52      nSHD_c=   0.2000      nSHD=   0.2000      tpr_c=   0.9808      change_adj_count=78      
2022-08-30 BST 17:27:19,377 - INFO - 

DAG 19: size_true=57	X.var()=24.8142
2022-08-30 BST 17:44:48,176 - INFO -  epoch=1000      train_loss=   1.7021      val_loss=   1.3009      best=1      size=  52      nSHD_c=   0.3000      nSHD=   0.3000      tpr_c=   0.9615      change_adj_count=73      
2022-08-30 BST 17:44:48,177 - INFO - 

DAG 20: size_true=59	X.var()=201.6824
2022-08-30 BST 18:03:48,566 - INFO -  epoch=1000      train_loss=  19.8010      val_loss=  48.8132      best=1      size= 100      nSHD_c=   2.5667      nSHD=   2.5667      tpr_c=   0.4100      change_adj_count=415      
2022-08-30 BST 18:03:48,568 - INFO - 

DAG 21: size_true=57	X.var()=21.1204
2022-08-30 BST 18:22:06,934 - INFO -  epoch=1000      train_loss=   1.9130      val_loss=   1.7445      best=1      size=  52      nSHD_c=   0.8000      nSHD=   0.8000      tpr_c=   0.8077      change_adj_count=71      
2022-08-30 BST 18:22:06,935 - INFO - 

DAG 22: size_true=60	X.var()=129.8499
2022-08-30 BST 18:40:52,256 - INFO -  epoch=1000      train_loss=   9.5383      val_loss=  11.5214      best=1      size=  75      nSHD_c=   1.6667      nSHD=   1.6667      tpr_c=   0.5600      change_adj_count=112      
2022-08-30 BST 18:40:52,257 - INFO - 

DAG 23: size_true=49	X.var()=14.1269
2022-08-30 BST 18:58:20,921 - INFO -  epoch=1000      train_loss=   1.3412      val_loss=   1.1910      best=1      size=  47      nSHD_c=   0.2667      nSHD=   0.2667      tpr_c=   0.9362      change_adj_count=65      
2022-08-30 BST 18:58:20,922 - INFO - 
last_mean_nshd_c=1.0583
2022-08-30 BST 18:58:20,922 - INFO - 
Time taken 7:31:60 (h:mm:ss)
2022-08-30 BST 18:58:20,922 - INFO - 
End of log for run 2022-08-30_BST_11:26:21,029_imle_l_none_ablation_004
