2022-08-30 BST 11:26:13,341 - INFO - 
Log for run 2022-08-30_BST_11:26:13,302_imle_l_none_ablation_002

2022-08-30 BST 11:26:13,341 - INFO - COMMENT = 'Test best MAX_SIZE=None Gumbel values with Logistic'
2022-08-30 BST 11:26:13,341 - INFO - DATA_FOLDER = '../data'
2022-08-30 BST 11:26:13,341 - INFO - LATENTS_FOLDER = '../latents'
2022-08-30 BST 11:26:13,341 - INFO - LOGS_FOLDER = '../logs'
2022-08-30 BST 11:26:13,341 - INFO - MODEL_FOLDER = '../models'
2022-08-30 BST 11:26:13,341 - INFO - RESULTS_FOLDER = '../results'
2022-08-30 BST 11:26:13,341 - INFO - DEVICE = torch.device("cuda" if torch.cuda.is_available() else "cpu")  # Used: "cuda"
2022-08-30 BST 11:26:13,341 - INFO - LATENTS = False
2022-08-30 BST 11:26:13,341 - INFO - MATRIX_REPORT = False
2022-08-30 BST 11:26:13,341 - INFO - LABEL = True
2022-08-30 BST 11:26:13,341 - INFO - SAVE_TO_ODS = False
2022-08-30 BST 11:26:13,341 - INFO - VAL_LOSS_FROM_DAG = True
2022-08-30 BST 11:26:13,342 - INFO - WANDB = False
2022-08-30 BST 11:26:13,342 - INFO - WANDB_PROJECT = 'Thetas'
2022-08-30 BST 11:26:13,342 - INFO - GRAD_LOG = False
2022-08-30 BST 11:26:13,342 - INFO - SAVE_RESULTS = False
2022-08-30 BST 11:26:13,342 - INFO - N_TRIALS = 1
2022-08-30 BST 11:26:13,342 - INFO - LOAD_OPTUNA_STUDY = None
2022-08-30 BST 11:26:13,342 - INFO - OPTUNA_STRINGS = {'None': None, 'True': True, 'False': False}
2022-08-30 BST 11:26:13,342 - INFO - TQDM = False
2022-08-30 BST 11:26:13,342 - INFO - 
hyperparameters = {
2022-08-30 BST 11:26:13,342 - INFO - 	'GRAPH_TYPE': 'ER2',
2022-08-30 BST 11:26:13,342 - INFO - 	'D': 30,
2022-08-30 BST 11:26:13,342 - INFO - 	'MAX_SIZE': None,
2022-08-30 BST 11:26:13,342 - INFO - 	'SEM_NOISE': 'gaussian_ev',
2022-08-30 BST 11:26:13,342 - INFO - 	'N': 1200,
2022-08-30 BST 11:26:13,342 - INFO - 	'VAL': 0.16666666666666666,
2022-08-30 BST 11:26:13,342 - INFO - 	'N_EPOCHS': 1000,
2022-08-30 BST 11:26:13,342 - INFO - 	'BATCH_SIZE': None,
2022-08-30 BST 11:26:13,342 - INFO - 	'LOG2_BATCH_SIZE': 3,
2022-08-30 BST 11:26:13,342 - INFO - 	'BATCH_SHUFFLE': True,
2022-08-30 BST 11:26:13,342 - INFO - 	'N_SAMPLES': 47,
2022-08-30 BST 11:26:13,342 - INFO - 	'MODE': 'max_dag_test_only',
2022-08-30 BST 11:26:13,342 - INFO - 	'AFAS_SCHEDULER': None,
2022-08-30 BST 11:26:13,343 - INFO - 	'MINIZINC_SOLVER': None,
2022-08-30 BST 11:26:13,343 - INFO - 	'f_LINEAR_LAYERS': (),
2022-08-30 BST 11:26:13,343 - INFO - 	'f_BIAS': False,
2022-08-30 BST 11:26:13,343 - INFO - 	'p_LAYER': None,
2022-08-30 BST 11:26:13,343 - INFO - 	'STREAMLINE': False,
2022-08-30 BST 11:26:13,343 - INFO - 	'THRESHOLD': 0.0,
2022-08-30 BST 11:26:13,343 - INFO - 	'h_LINEAR_LAYERS': (),
2022-08-30 BST 11:26:13,343 - INFO - 	'h_NULL': 0.00011373901985660933,
2022-08-30 BST 11:26:13,343 - INFO - 	'h_LR': 0.0016158450337500668,
2022-08-30 BST 11:26:13,343 - INFO - 	'h_OPTIMIZER': 'torch.optim.Adam(overall_net.h_net.parameters(), lr=h.h_LR)',
2022-08-30 BST 11:26:13,343 - INFO - 	'f_LR': 0.3720066380139224,
2022-08-30 BST 11:26:13,343 - INFO - 	'f_OPTIMIZER': 'torch.optim.Adam(overall_net.f_net.parameters(), lr=h.f_LR)',
2022-08-30 BST 11:26:13,343 - INFO - 	'NOISE_TEMPERATURE': 0.8785929148606203,
2022-08-30 BST 11:26:13,343 - INFO - 	'NOISE_DISTRIBUTION': 'LogisticNoiseDistribution()',
2022-08-30 BST 11:26:13,343 - INFO - 	'LAMBDA': 27.13959516077541,
2022-08-30 BST 11:26:13,343 - INFO - 	'LOSS_FN': 'torch.nn.MSELoss()',
2022-08-30 BST 11:26:13,343 - INFO - 	'ALPHA': None,
2022-08-30 BST 11:26:13,343 - INFO - 	'BETA': None,
2022-08-30 BST 11:26:13,343 - INFO - 	'REGULARIZER': None,
2022-08-30 BST 11:26:13,343 - INFO - 	'z_RHO': 0,
2022-08-30 BST 11:26:13,343 - INFO - 	'z_MU': 0.00120806965197976,
2022-08-30 BST 11:26:13,343 - INFO - 	'z_REGULARIZER': 'NoTearsZRegularizer(h.D, h.z_RHO, h.z_MU, c.DEVICE)',
2022-08-30 BST 11:26:13,344 - INFO - 	'LR_SCHEDULER': None,
2022-08-30 BST 11:26:13,344 - INFO - 	'DATA_CATEGORY': 'test',
2022-08-30 BST 11:26:13,344 - INFO - 	'DAGS': '030_ER2_gaussian_ev_2022-08-12_BST_09:55:21,293_create_dags'
2022-08-30 BST 11:26:13,344 - INFO - }

2022-08-30 BST 11:26:15,394 - INFO - 

DAG 0: size_true=69	X.var()=185.8479
2022-08-30 BST 11:49:07,634 - INFO -  epoch=1000      train_loss=  17.2986      val_loss=  22.8491      best=1      size=  95      nSHD_c=   2.2333      nSHD=   2.1333      tpr_c=   0.4737      change_adj_count=161      
2022-08-30 BST 11:49:07,635 - INFO - 

DAG 1: size_true=67	X.var()=127.1156
2022-08-30 BST 12:11:51,375 - INFO -  epoch=1000      train_loss=   5.9425      val_loss=   7.6153      best=1      size=  87      nSHD_c=   1.9000      nSHD=   1.7667      tpr_c=   0.5057      change_adj_count=284      
2022-08-30 BST 12:11:51,376 - INFO - 

DAG 2: size_true=64	X.var()=25.7432
2022-08-30 BST 12:33:36,470 - INFO -  epoch=1000      train_loss=   1.6746      val_loss=   6.6718      best=1      size=  61      nSHD_c=   1.3000      nSHD=   1.2000      tpr_c=   0.6557      change_adj_count=100      
2022-08-30 BST 12:33:36,471 - INFO - 

DAG 3: size_true=63	X.var()=265.9248
2022-08-30 BST 12:56:48,313 - INFO -  epoch=1000      train_loss=  32.3164      val_loss=  23.6888      best=1      size= 127      nSHD_c=   3.2333      nSHD=   3.3333      tpr_c=   0.3543      change_adj_count=487      
2022-08-30 BST 12:56:48,314 - INFO - 

DAG 4: size_true=48	X.var()=47.3993
2022-08-30 BST 13:17:57,638 - INFO -  epoch=1000      train_loss=   2.2228      val_loss=   3.5970      best=1      size=  44      nSHD_c=   1.0000      nSHD=   0.8333      tpr_c=   0.6136      change_adj_count=101      
2022-08-30 BST 13:17:57,639 - INFO - 

DAG 5: size_true=57	X.var()=54.7286
2022-08-30 BST 13:40:33,273 - INFO -  epoch=1000      train_loss=   4.0914      val_loss=   4.7689      best=1      size=  59      nSHD_c=   1.1667      nSHD=   1.1667      tpr_c=   0.6271      change_adj_count=105      
2022-08-30 BST 13:40:33,274 - INFO - 

DAG 6: size_true=64	X.var()=29.7229
2022-08-30 BST 14:03:29,626 - INFO -  epoch=1000      train_loss=   1.7139      val_loss=   3.3013      best=1      size=  64      nSHD_c=   1.2333      nSHD=   1.2000      tpr_c=   0.6719      change_adj_count=119      
2022-08-30 BST 14:03:29,627 - INFO - 

DAG 7: size_true=62	X.var()=55.6800
2022-08-30 BST 14:26:07,127 - INFO -  epoch=1000      train_loss=   2.3863      val_loss=   1.7988      best=1      size=  73      nSHD_c=   1.2333      nSHD=   1.1667      tpr_c=   0.6575      change_adj_count=128      
2022-08-30 BST 14:26:07,128 - INFO - 

DAG 8: size_true=63	X.var()=39.3378
2022-08-30 BST 14:48:00,789 - INFO -  epoch=1000      train_loss=   1.9386      val_loss=   2.0782      best=1      size=  65      nSHD_c=   1.0000      nSHD=   0.9000      tpr_c=   0.7077      change_adj_count=115      
2022-08-30 BST 14:48:00,790 - INFO - 

DAG 9: size_true=61	X.var()=94.6254
2022-08-30 BST 15:10:37,365 - INFO -  epoch=1000      train_loss=   3.5122      val_loss=   8.0307      best=1      size=  75      nSHD_c=   1.6000      nSHD=   1.5333      tpr_c=   0.5200      change_adj_count=165      
2022-08-30 BST 15:10:37,366 - INFO - 

DAG 10: size_true=51	X.var()=18.9170
2022-08-30 BST 15:33:08,614 - INFO -  epoch=1000      train_loss=   1.3974      val_loss=   3.1406      best=1      size=  57      nSHD_c=   1.2667      nSHD=   1.1667      tpr_c=   0.5263      change_adj_count=109      
2022-08-30 BST 15:33:08,615 - INFO - 

DAG 11: size_true=68	X.var()=127.5135
2022-08-30 BST 15:55:40,127 - INFO -  epoch=1000      train_loss=  12.3054      val_loss=   9.0731      best=1      size=  83      nSHD_c=   1.5333      nSHD=   1.5333      tpr_c=   0.6024      change_adj_count=164      
2022-08-30 BST 15:55:40,128 - INFO - 

DAG 12: size_true=53	X.var()=15.8398
2022-08-30 BST 16:17:06,769 - INFO -  epoch=1000      train_loss=   1.2913      val_loss=   3.2009      best=1      size=  54      nSHD_c=   0.8333      nSHD=   0.8000      tpr_c=   0.7037      change_adj_count=107      
2022-08-30 BST 16:17:06,770 - INFO - 

DAG 13: size_true=53	X.var()=112.2632
2022-08-30 BST 16:39:32,016 - INFO -  epoch=1000      train_loss=   7.6327      val_loss=  15.0684      best=1      size=  77      nSHD_c=   1.8333      nSHD=   1.6667      tpr_c=   0.4416      change_adj_count=109      
2022-08-30 BST 16:39:32,017 - INFO - 

DAG 14: size_true=59	X.var()=16.7418
2022-08-30 BST 17:00:35,407 - INFO -  epoch=1000      train_loss=   1.3265      val_loss=   2.0764      best=1      size=  56      nSHD_c=   0.6000      nSHD=   0.5333      tpr_c=   0.8036      change_adj_count=104      
2022-08-30 BST 17:00:35,408 - INFO - 

DAG 15: size_true=42	X.var()=8.6273
2022-08-30 BST 17:22:10,929 - INFO -  epoch=1000      train_loss=   1.1278      val_loss=   1.8010      best=1      size=  45      nSHD_c=   0.6667      nSHD=   0.6333      tpr_c=   0.6889      change_adj_count=80      
2022-08-30 BST 17:22:10,930 - INFO - 

DAG 16: size_true=50	X.var()=12.1502
2022-08-30 BST 17:43:38,997 - INFO -  epoch=1000      train_loss=   1.0832      val_loss=   1.7844      best=1      size=  52      nSHD_c=   0.6333      nSHD=   0.5333      tpr_c=   0.7115      change_adj_count=87      
2022-08-30 BST 17:43:38,998 - INFO - 

DAG 17: size_true=49	X.var()=16.5203
2022-08-30 BST 18:05:20,782 - INFO -  epoch=1000      train_loss=   1.4521      val_loss=   2.6901      best=1      size=  53      nSHD_c=   0.6000      nSHD=   0.6000      tpr_c=   0.7736      change_adj_count=103      
2022-08-30 BST 18:05:20,783 - INFO - 

DAG 18: size_true=56	X.var()=17.9506
2022-08-30 BST 18:26:26,654 - INFO -  epoch=1000      train_loss=   1.3753      val_loss=   5.5882      best=1      size=  52      nSHD_c=   0.4333      nSHD=   0.4000      tpr_c=   0.8654      change_adj_count=96      
2022-08-30 BST 18:26:26,655 - INFO - 

DAG 19: size_true=57	X.var()=24.8142
2022-08-30 BST 18:47:38,535 - INFO -  epoch=1000      train_loss=   1.4489      val_loss=   7.3858      best=1      size=  53      nSHD_c=   1.0333      nSHD=   0.8000      tpr_c=   0.6415      change_adj_count=120      
2022-08-30 BST 18:47:38,536 - INFO - 

DAG 20: size_true=59	X.var()=201.6824
2022-08-30 BST 19:10:21,986 - INFO -  epoch=1000      train_loss=  12.9152      val_loss=  13.4709      best=1      size=  95      nSHD_c=   2.9000      nSHD=   2.8000      tpr_c=   0.3263      change_adj_count=410      
2022-08-30 BST 19:10:21,987 - INFO - 

DAG 21: size_true=57	X.var()=21.1204
2022-08-30 BST 19:35:13,480 - INFO -  epoch=1000      train_loss=   1.6631      val_loss=   2.1643      best=1      size=  57      nSHD_c=   0.9000      nSHD=   0.7333      tpr_c=   0.6842      change_adj_count=107      
2022-08-30 BST 19:35:13,482 - INFO - 

DAG 22: size_true=60	X.var()=129.8499
2022-08-30 BST 20:05:24,959 - INFO -  epoch=1000      train_loss=   8.9279      val_loss=  24.5455      best=1      size=  75      nSHD_c=   2.0333      nSHD=   1.9333      tpr_c=   0.4133      change_adj_count=127      
2022-08-30 BST 20:05:24,961 - INFO - 

DAG 23: size_true=49	X.var()=14.1269
2022-08-30 BST 20:33:30,345 - INFO -  epoch=1000      train_loss=   1.2370      val_loss=   1.5637      best=1      size=  48      nSHD_c=   0.3000      nSHD=   0.3333      tpr_c=   0.8958      change_adj_count=88      
2022-08-30 BST 20:33:30,346 - INFO - 
last_mean_nshd_c=1.3111
2022-08-30 BST 20:33:30,346 - INFO - 
Time taken 9:07:17 (h:mm:ss)
2022-08-30 BST 20:33:30,346 - INFO - 
End of log for run 2022-08-30_BST_11:26:13,302_imle_l_none_ablation_002
