2022-08-29 BST 19:02:36,826 - INFO - 
Log for run 2022-08-29_BST_19:02:36,757_imle_l_none_ablation_001

2022-08-29 BST 19:02:36,827 - INFO - COMMENT = 'Test best MAX_SIZE=None Gumbel values with Logistic'
2022-08-29 BST 19:02:36,827 - INFO - DATA_FOLDER = '../data'
2022-08-29 BST 19:02:36,827 - INFO - LATENTS_FOLDER = '../latents'
2022-08-29 BST 19:02:36,827 - INFO - LOGS_FOLDER = '../logs'
2022-08-29 BST 19:02:36,827 - INFO - MODEL_FOLDER = '../models'
2022-08-29 BST 19:02:36,827 - INFO - RESULTS_FOLDER = '../results'
2022-08-29 BST 19:02:36,827 - INFO - DEVICE = torch.device("cuda" if torch.cuda.is_available() else "cpu")  # Used: "cuda"
2022-08-29 BST 19:02:36,827 - INFO - LATENTS = False
2022-08-29 BST 19:02:36,827 - INFO - MATRIX_REPORT = False
2022-08-29 BST 19:02:36,827 - INFO - LABEL = True
2022-08-29 BST 19:02:36,827 - INFO - SAVE_TO_ODS = False
2022-08-29 BST 19:02:36,827 - INFO - VAL_LOSS_FROM_DAG = True
2022-08-29 BST 19:02:36,827 - INFO - WANDB = False
2022-08-29 BST 19:02:36,827 - INFO - WANDB_PROJECT = 'Thetas'
2022-08-29 BST 19:02:36,828 - INFO - GRAD_LOG = False
2022-08-29 BST 19:02:36,828 - INFO - SAVE_RESULTS = False
2022-08-29 BST 19:02:36,828 - INFO - N_TRIALS = 1
2022-08-29 BST 19:02:36,828 - INFO - LOAD_OPTUNA_STUDY = None
2022-08-29 BST 19:02:36,828 - INFO - OPTUNA_STRINGS = {'None': None, 'True': True, 'False': False}
2022-08-29 BST 19:02:36,828 - INFO - TQDM = False
2022-08-29 BST 19:02:36,828 - INFO - 
hyperparameters = {
2022-08-29 BST 19:02:36,828 - INFO - 	'GRAPH_TYPE': 'ER2',
2022-08-29 BST 19:02:36,828 - INFO - 	'D': 30,
2022-08-29 BST 19:02:36,828 - INFO - 	'MAX_SIZE': None,
2022-08-29 BST 19:02:36,828 - INFO - 	'SEM_NOISE': 'gaussian_ev',
2022-08-29 BST 19:02:36,828 - INFO - 	'N': 1200,
2022-08-29 BST 19:02:36,828 - INFO - 	'VAL': 0.16666666666666666,
2022-08-29 BST 19:02:36,828 - INFO - 	'N_EPOCHS': 1000,
2022-08-29 BST 19:02:36,829 - INFO - 	'BATCH_SIZE': None,
2022-08-29 BST 19:02:36,829 - INFO - 	'LOG2_BATCH_SIZE': 3,
2022-08-29 BST 19:02:36,829 - INFO - 	'BATCH_SHUFFLE': True,
2022-08-29 BST 19:02:36,829 - INFO - 	'N_SAMPLES': 47,
2022-08-29 BST 19:02:36,829 - INFO - 	'MODE': 'max_dag_test_only',
2022-08-29 BST 19:02:36,829 - INFO - 	'AFAS_SCHEDULER': None,
2022-08-29 BST 19:02:36,829 - INFO - 	'MINIZINC_SOLVER': None,
2022-08-29 BST 19:02:36,829 - INFO - 	'f_LINEAR_LAYERS': (),
2022-08-29 BST 19:02:36,829 - INFO - 	'f_BIAS': False,
2022-08-29 BST 19:02:36,829 - INFO - 	'p_LAYER': None,
2022-08-29 BST 19:02:36,829 - INFO - 	'STREAMLINE': False,
2022-08-29 BST 19:02:36,829 - INFO - 	'THRESHOLD': 0.0,
2022-08-29 BST 19:02:36,829 - INFO - 	'h_LINEAR_LAYERS': (),
2022-08-29 BST 19:02:36,829 - INFO - 	'h_NULL': 0.00011373901985660933,
2022-08-29 BST 19:02:36,829 - INFO - 	'h_LR': 0.0016158450337500668,
2022-08-29 BST 19:02:36,829 - INFO - 	'h_OPTIMIZER': 'torch.optim.Adam(overall_net.h_net.parameters(), lr=h.h_LR)',
2022-08-29 BST 19:02:36,830 - INFO - 	'f_LR': 0.3720066380139224,
2022-08-29 BST 19:02:36,830 - INFO - 	'f_OPTIMIZER': 'torch.optim.Adam(overall_net.f_net.parameters(), lr=h.f_LR)',
2022-08-29 BST 19:02:36,830 - INFO - 	'NOISE_TEMPERATURE': 0.8785929148606203,
2022-08-29 BST 19:02:36,830 - INFO - 	'NOISE_DISTRIBUTION': 'LogisticNoiseDistribution()',
2022-08-29 BST 19:02:36,830 - INFO - 	'LAMBDA': 27.13959516077541,
2022-08-29 BST 19:02:36,830 - INFO - 	'LOSS_FN': 'torch.nn.MSELoss()',
2022-08-29 BST 19:02:36,830 - INFO - 	'ALPHA': None,
2022-08-29 BST 19:02:36,830 - INFO - 	'BETA': None,
2022-08-29 BST 19:02:36,830 - INFO - 	'REGULARIZER': None,
2022-08-29 BST 19:02:36,830 - INFO - 	'z_RHO': 0,
2022-08-29 BST 19:02:36,830 - INFO - 	'z_MU': 0,
2022-08-29 BST 19:02:36,830 - INFO - 	'z_REGULARIZER': 'NoTearsZRegularizer(h.D, h.z_RHO, h.z_MU, c.DEVICE)',
2022-08-29 BST 19:02:36,830 - INFO - 	'LR_SCHEDULER': None,
2022-08-29 BST 19:02:36,830 - INFO - 	'DATA_CATEGORY': 'test',
2022-08-29 BST 19:02:36,830 - INFO - 	'DAGS': '030_ER2_gaussian_ev_2022-08-12_BST_09:55:21,293_create_dags'
2022-08-29 BST 19:02:36,831 - INFO - }

2022-08-29 BST 19:03:00,917 - INFO - 

DAG 0: size_true=69	X.var()=185.8479
2022-08-29 BST 19:29:10,854 - INFO -  epoch=1000      train_loss=  19.5494      val_loss=  10.8732      best=1      size=  97      nSHD_c=   2.2333      nSHD=   2.1333      tpr_c=   0.4742      change_adj_count=167      
2022-08-29 BST 19:29:10,856 - INFO - 

DAG 1: size_true=67	X.var()=127.1156
2022-08-29 BST 19:54:47,384 - INFO -  epoch=1000      train_loss=   7.5029      val_loss=  25.4366      best=1      size=  92      nSHD_c=   1.8667      nSHD=   1.7667      tpr_c=   0.5326      change_adj_count=281      
2022-08-29 BST 19:54:47,385 - INFO - 

DAG 2: size_true=64	X.var()=25.7432
2022-08-29 BST 20:18:44,044 - INFO -  epoch=1000      train_loss=   1.6699      val_loss=   6.7914      best=1      size=  63      nSHD_c=   1.4333      nSHD=   1.3000      tpr_c=   0.6032      change_adj_count=111      
2022-08-29 BST 20:18:44,045 - INFO - 

DAG 3: size_true=63	X.var()=265.9248
2022-08-29 BST 20:44:02,342 - INFO -  epoch=1000      train_loss=  17.5920      val_loss=  54.0578      best=1      size= 129      nSHD_c=   3.3667      nSHD=   3.4333      tpr_c=   0.3333      change_adj_count=444      
2022-08-29 BST 20:44:02,343 - INFO - 

DAG 4: size_true=48	X.var()=47.3993
2022-08-29 BST 21:08:00,582 - INFO -  epoch=1000      train_loss=   2.4202      val_loss=   3.9501      best=1      size=  47      nSHD_c=   1.0333      nSHD=   0.7667      tpr_c=   0.5745      change_adj_count=120      
2022-08-29 BST 21:08:00,583 - INFO - 

DAG 5: size_true=57	X.var()=54.7286
2022-08-29 BST 21:33:22,284 - INFO -  epoch=1000      train_loss=   4.5858      val_loss=   4.5222      best=1      size=  63      nSHD_c=   1.3333      nSHD=   1.2667      tpr_c=   0.5714      change_adj_count=122      
2022-08-29 BST 21:33:22,285 - INFO - 

DAG 6: size_true=64	X.var()=29.7229
2022-08-29 BST 21:58:36,855 - INFO -  epoch=1000      train_loss=   1.7574      val_loss=   3.7765      best=1      size=  70      nSHD_c=   1.6333      nSHD=   1.5667      tpr_c=   0.5286      change_adj_count=114      
2022-08-29 BST 21:58:36,856 - INFO - 

DAG 7: size_true=62	X.var()=55.6800
2022-08-29 BST 22:24:01,509 - INFO -  epoch=1000      train_loss=   2.9553      val_loss=   1.8110      best=1      size=  78      nSHD_c=   1.4333      nSHD=   1.3667      tpr_c=   0.6026      change_adj_count=138      
2022-08-29 BST 22:24:01,511 - INFO - 

DAG 8: size_true=63	X.var()=39.3378
2022-08-29 BST 22:48:39,159 - INFO -  epoch=1000      train_loss=   2.0680      val_loss=   2.2114      best=1      size=  65      nSHD_c=   0.9667      nSHD=   0.9000      tpr_c=   0.7385      change_adj_count=122      
2022-08-29 BST 22:48:39,160 - INFO - 

DAG 9: size_true=61	X.var()=94.6254
2022-08-29 BST 23:14:02,906 - INFO -  epoch=1000      train_loss=   4.7656      val_loss=   7.5158      best=1      size=  81      nSHD_c=   1.4667      nSHD=   1.4667      tpr_c=   0.5556      change_adj_count=152      
2022-08-29 BST 23:14:02,909 - INFO - 

DAG 10: size_true=51	X.var()=18.9170
2022-08-29 BST 23:40:08,551 - INFO -  epoch=1000      train_loss=   1.3060      val_loss=   2.9046      best=1      size=  59      nSHD_c=   1.4333      nSHD=   1.2333      tpr_c=   0.4746      change_adj_count=123      
2022-08-29 BST 23:40:08,553 - INFO - 

DAG 11: size_true=68	X.var()=127.5135
2022-08-30 BST 00:08:31,503 - INFO -  epoch=1000      train_loss=   9.9342      val_loss=  20.9274      best=1      size=  86      nSHD_c=   1.5333      nSHD=   1.5000      tpr_c=   0.5930      change_adj_count=135      
2022-08-30 BST 00:08:31,504 - INFO - 

DAG 12: size_true=53	X.var()=15.8398
2022-08-30 BST 00:36:06,133 - INFO -  epoch=1000      train_loss=   1.2374      val_loss=   3.0734      best=1      size=  59      nSHD_c=   1.0333      nSHD=   0.9000      tpr_c=   0.6102      change_adj_count=120      
2022-08-30 BST 00:36:06,134 - INFO - 

DAG 13: size_true=53	X.var()=112.2632
2022-08-30 BST 01:04:29,693 - INFO -  epoch=1000      train_loss=   7.6623      val_loss=  24.0847      best=1      size=  80      nSHD_c=   1.8667      nSHD=   1.7667      tpr_c=   0.4500      change_adj_count=128      
2022-08-30 BST 01:04:29,694 - INFO - 

DAG 14: size_true=59	X.var()=16.7418
2022-08-30 BST 01:31:29,607 - INFO -  epoch=1000      train_loss=   1.3126      val_loss=   2.1116      best=1      size=  60      nSHD_c=   0.6667      nSHD=   0.5667      tpr_c=   0.7667      change_adj_count=104      
2022-08-30 BST 01:31:29,608 - INFO - 

DAG 15: size_true=42	X.var()=8.6273
2022-08-30 BST 01:58:13,408 - INFO -  epoch=1000      train_loss=   1.1000      val_loss=   1.8239      best=1      size=  51      nSHD_c=   0.9333      nSHD=   0.8000      tpr_c=   0.5490      change_adj_count=86      
2022-08-30 BST 01:58:13,409 - INFO - 

DAG 16: size_true=50	X.var()=12.1502
2022-08-30 BST 02:25:00,995 - INFO -  epoch=1000      train_loss=   1.0899      val_loss=   1.8346      best=1      size=  53      nSHD_c=   0.6667      nSHD=   0.5667      tpr_c=   0.6981      change_adj_count=105      
2022-08-30 BST 02:25:00,997 - INFO - 

DAG 17: size_true=49	X.var()=16.5203
2022-08-30 BST 02:50:35,446 - INFO -  epoch=1000      train_loss=   1.3902      val_loss=   2.8549      best=1      size=  56      nSHD_c=   0.8000      nSHD=   0.7333      tpr_c=   0.6786      change_adj_count=113      
2022-08-30 BST 02:50:35,447 - INFO - 

DAG 18: size_true=56	X.var()=17.9506
2022-08-30 BST 03:14:34,017 - INFO -  epoch=1000      train_loss=   1.5670      val_loss=   5.8963      best=1      size=  52      nSHD_c=   0.6000      nSHD=   0.4333      tpr_c=   0.7885      change_adj_count=106      
2022-08-30 BST 03:14:34,018 - INFO - 

DAG 19: size_true=57	X.var()=24.8142
2022-08-30 BST 03:39:23,289 - INFO -  epoch=1000      train_loss=   1.3558      val_loss=   7.3305      best=1      size=  55      nSHD_c=   1.0000      nSHD=   0.7667      tpr_c=   0.6364      change_adj_count=121      
2022-08-30 BST 03:39:23,290 - INFO - 

DAG 20: size_true=59	X.var()=201.6824
2022-08-30 BST 04:05:16,010 - INFO -  epoch=1000      train_loss=  17.9699      val_loss=  40.3488      best=1      size=  98      nSHD_c=   3.1333      nSHD=   3.0667      tpr_c=   0.2857      change_adj_count=401      
2022-08-30 BST 04:05:16,011 - INFO - 

DAG 21: size_true=57	X.var()=21.1204
2022-08-30 BST 04:30:25,069 - INFO -  epoch=1000      train_loss=   1.4634      val_loss=   1.6061      best=1      size=  58      nSHD_c=   0.8667      nSHD=   0.7000      tpr_c=   0.7069      change_adj_count=119      
2022-08-30 BST 04:30:25,070 - INFO - 

DAG 22: size_true=60	X.var()=129.8499
2022-08-30 BST 04:56:11,463 - INFO -  epoch=1000      train_loss=  10.0625      val_loss=  14.7765      best=1      size=  77      nSHD_c=   1.9333      nSHD=   1.8667      tpr_c=   0.4545      change_adj_count=133      
2022-08-30 BST 04:56:11,464 - INFO - 

DAG 23: size_true=49	X.var()=14.1269
2022-08-30 BST 05:19:53,407 - INFO -  epoch=1000      train_loss=   1.2001      val_loss=   1.4927      best=1      size=  49      nSHD_c=   0.4000      nSHD=   0.4000      tpr_c=   0.8367      change_adj_count=89      
2022-08-30 BST 05:19:53,408 - INFO - 
last_mean_nshd_c=1.4014
2022-08-30 BST 05:19:53,408 - INFO - 
Time taken 10:17:17 (h:mm:ss)
2022-08-30 BST 05:19:53,408 - INFO - 
End of log for run 2022-08-29_BST_19:02:36,757_imle_l_none_ablation_001
