2022-08-18 BST 04:25:54,555 - INFO - 
Log for run 2022-08-18_BST_04:25:54,479_l_66_4hps_309

2022-08-18 BST 04:25:54,555 - INFO - COMMENT = ''
2022-08-18 BST 04:25:54,555 - INFO - DATA_FOLDER = '../data'
2022-08-18 BST 04:25:54,556 - INFO - LATENTS_FOLDER = '../latents'
2022-08-18 BST 04:25:54,556 - INFO - LOGS_FOLDER = '../logs'
2022-08-18 BST 04:25:54,556 - INFO - MODEL_FOLDER = '../models'
2022-08-18 BST 04:25:54,556 - INFO - RESULTS_FOLDER = '../results'
2022-08-18 BST 04:25:54,556 - INFO - DEVICE = torch.device("cuda" if torch.cuda.is_available() else "cpu")  # Used: "cuda"
2022-08-18 BST 04:25:54,556 - INFO - LATENTS = False
2022-08-18 BST 04:25:54,556 - INFO - MATRIX_REPORT = False
2022-08-18 BST 04:25:54,556 - INFO - LABEL = True
2022-08-18 BST 04:25:54,556 - INFO - SAVE_TO_ODS = False
2022-08-18 BST 04:25:54,556 - INFO - VAL_LOSS_FROM_DAG = True
2022-08-18 BST 04:25:54,556 - INFO - WANDB = False
2022-08-18 BST 04:25:54,556 - INFO - WANDB_PROJECT = 'Thetas'
2022-08-18 BST 04:25:54,556 - INFO - GRAD_LOG = False
2022-08-18 BST 04:25:54,556 - INFO - N_TRIALS = 1
2022-08-18 BST 04:25:54,557 - INFO - OPTUNA_STRINGS = {'None': None, 'True': True, 'False': False}
2022-08-18 BST 04:25:54,557 - INFO - TQDM = False
2022-08-18 BST 04:25:54,557 - INFO - 
hyperparameters = {
2022-08-18 BST 04:25:54,557 - INFO - 	'GRAPH_TYPE': 'ER2',
2022-08-18 BST 04:25:54,557 - INFO - 	'D': 30,
2022-08-18 BST 04:25:54,557 - INFO - 	'MAX_SIZE': 66,
2022-08-18 BST 04:25:54,557 - INFO - 	'SEM_NOISE': 'gaussian_ev',
2022-08-18 BST 04:25:54,557 - INFO - 	'N': 1200,
2022-08-18 BST 04:25:54,557 - INFO - 	'VAL': 0.16666666666666666,
2022-08-18 BST 04:25:54,557 - INFO - 	'N_EPOCHS': 1000,
2022-08-18 BST 04:25:54,557 - INFO - 	'BATCH_SIZE': 32,
2022-08-18 BST 04:25:54,557 - INFO - 	'LOG2_BATCH_SIZE': None,
2022-08-18 BST 04:25:54,557 - INFO - 	'BATCH_SHUFFLE': True,
2022-08-18 BST 04:25:54,557 - INFO - 	'N_SAMPLES': 10,
2022-08-18 BST 04:25:54,557 - INFO - 	'MODE': 'max_dag_test_only',
2022-08-18 BST 04:25:54,557 - INFO - 	'AFAS_SCHEDULER': None,
2022-08-18 BST 04:25:54,558 - INFO - 	'MINIZINC_SOLVER': None,
2022-08-18 BST 04:25:54,558 - INFO - 	'f_LINEAR_LAYERS': (),
2022-08-18 BST 04:25:54,558 - INFO - 	'f_BIAS': False,
2022-08-18 BST 04:25:54,558 - INFO - 	'p_LAYER': None,
2022-08-18 BST 04:25:54,558 - INFO - 	'STREAMLINE': False,
2022-08-18 BST 04:25:54,558 - INFO - 	'THRESHOLD': 0.0,
2022-08-18 BST 04:25:54,558 - INFO - 	'h_LINEAR_LAYERS': (),
2022-08-18 BST 04:25:54,558 - INFO - 	'h_NULL': 0.01,
2022-08-18 BST 04:25:54,558 - INFO - 	'h_LR': 0.0001,
2022-08-18 BST 04:25:54,558 - INFO - 	'h_OPTIMIZER': 'torch.optim.Adam(overall_net.h_net.parameters(), lr=h.h_LR)',
2022-08-18 BST 04:25:54,558 - INFO - 	'f_LR': 0.0117744218586073,
2022-08-18 BST 04:25:54,558 - INFO - 	'f_OPTIMIZER': 'torch.optim.Adam(overall_net.f_net.parameters(), lr=h.f_LR)',
2022-08-18 BST 04:25:54,558 - INFO - 	'NOISE_TEMPERATURE': 10,
2022-08-18 BST 04:25:54,558 - INFO - 	'NOISE_DISTRIBUTION': 'LogisticNoiseDistribution()',
2022-08-18 BST 04:25:54,558 - INFO - 	'LAMBDA': 100,
2022-08-18 BST 04:25:54,558 - INFO - 	'LOSS_FN': 'torch.nn.MSELoss()',
2022-08-18 BST 04:25:54,559 - INFO - 	'REGULARIZER': None,
2022-08-18 BST 04:25:54,559 - INFO - 	'z_RHO': 0,
2022-08-18 BST 04:25:54,559 - INFO - 	'z_MU': 0,
2022-08-18 BST 04:25:54,559 - INFO - 	'z_REGULARIZER': 'NoTearsZRegularizer(h.D, h.z_RHO, h.z_MU, c.DEVICE)',
2022-08-18 BST 04:25:54,559 - INFO - 	'LR_SCHEDULER': None,
2022-08-18 BST 04:25:54,559 - INFO - 	'DATA_CATEGORY': 'test',
2022-08-18 BST 04:25:54,559 - INFO - 	'DAGS': '030_ER2_gaussian_ev_2022-08-12_BST_09:55:21,293_create_dags'
2022-08-18 BST 04:25:54,559 - INFO - }

2022-08-18 BST 04:25:55,601 - INFO - 

DAG 0: size_true=69	X.var()=185.8479
2022-08-18 BST 04:25:58,503 - INFO -  epoch=   1      train_loss= 177.0584      val_loss=  95.2517      best=1      size=  55      nSHD_c=   3.3667      nSHD=   3.3333      tpr_c=   0.1818      change_adj_count=5      
2022-08-18 BST 04:25:58,770 - INFO -  epoch=   2      train_loss= 155.8847      val_loss=  47.7809      best=1      size=  50      nSHD_c=   3.1333      nSHD=   3.0333      tpr_c=   0.2000      change_adj_count=6      
2022-08-18 BST 04:26:17,609 - INFO -  epoch= 100      train_loss= 104.6994      val_loss=2513.0865      best=1      size=  60      nSHD_c=   2.9667      nSHD=   2.9667      tpr_c=   0.3333      change_adj_count=34      
2022-08-18 BST 04:26:38,631 - INFO -  epoch= 200      train_loss= 101.7365      val_loss=2494.7982      best=1      size=  60      nSHD_c=   2.9667      nSHD=   2.9667      tpr_c=   0.3333      change_adj_count=34      
2022-08-18 BST 04:26:56,971 - INFO -  epoch= 300      train_loss=  93.6242      val_loss=2433.3470      best=1      size=  60      nSHD_c=   2.9667      nSHD=   2.9667      tpr_c=   0.3333      change_adj_count=35      
2022-08-18 BST 04:27:16,733 - INFO -  epoch= 400      train_loss=  97.6398      val_loss=2414.9213      best=1      size=  60      nSHD_c=   2.9667      nSHD=   2.9667      tpr_c=   0.3333      change_adj_count=35      
2022-08-18 BST 04:27:35,721 - INFO -  epoch= 500      train_loss=  94.5204      val_loss=2094.4262      best=1      size=  60      nSHD_c=   2.9667      nSHD=   2.9667      tpr_c=   0.3333      change_adj_count=35      
2022-08-18 BST 04:27:54,784 - INFO -  epoch= 600      train_loss=  95.7864      val_loss=2021.4012      best=1      size=  60      nSHD_c=   2.9667      nSHD=   2.9667      tpr_c=   0.3333      change_adj_count=35      
2022-08-18 BST 04:28:13,193 - INFO -  epoch= 700      train_loss=  88.0293      val_loss=2155.4637      best=1      size=  60      nSHD_c=   2.9667      nSHD=   2.9667      tpr_c=   0.3333      change_adj_count=35      
2022-08-18 BST 04:28:31,221 - INFO -  epoch= 800      train_loss=  88.0689      val_loss=2264.1371      best=1      size=  60      nSHD_c=   2.9667      nSHD=   2.9667      tpr_c=   0.3333      change_adj_count=35      
2022-08-18 BST 04:28:50,683 - INFO -  epoch= 900      train_loss=  87.1032      val_loss=2179.9026      best=1      size=  60      nSHD_c=   2.9667      nSHD=   2.9667      tpr_c=   0.3333      change_adj_count=35      
2022-08-18 BST 04:29:08,943 - INFO -  epoch=1000      train_loss=  85.2209      val_loss=2038.6450      best=1      size=  60      nSHD_c=   2.9667      nSHD=   2.9667      tpr_c=   0.3333      change_adj_count=35      
2022-08-18 BST 04:29:08,943 - INFO - Before params
2022-08-18 BST 04:29:08,943 - INFO - After params={'MAX_SIZE': [66], 'LAMBDA': [100], 'NOISE_TEMPERATURE': [10], 'h_NULL': [0.01], 'h_LR': [0.0001], 'z_RHO': [0], 'z_MU': [0]}
2022-08-18 BST 04:29:08,943 - INFO - After metrics={'train_loss': [85.22091760943013], 'val_loss': [2038.64501953125], 'size': [60], 'nshd_c': [2.966666666666667], 'nshd': [2.966666666666667], 'tpr': [0.2898550724637681], 'tpr_c': [0.3333333333333333], 'change_adj_count': [35]}
2022-08-18 BST 04:29:08,963 - INFO - After to_save=   MAX_SIZE  LAMBDA  NOISE_TEMPERATURE  ...       tpr     tpr_c  change_adj_count
0        66     100                 10  ...  0.289855  0.333333                35

[1 rows x 16 columns]
2022-08-18 BST 04:29:08,963 - INFO - After file_path='../results/l_66_4hps.csv'
2022-08-18 BST 04:29:08,967 - INFO - Last epoch results saved in l_66_4hps.csv
2022-08-18 BST 04:29:08,967 - INFO - 

DAG 1: size_true=67	X.var()=127.1156
2022-08-18 BST 04:29:09,246 - INFO -  epoch=   1      train_loss= 115.5226      val_loss=  72.1958      best=1      size=  56      nSHD_c=   3.6000      nSHD=   3.5667      tpr_c=   0.0714      change_adj_count=5      
2022-08-18 BST 04:29:09,492 - INFO -  epoch=   2      train_loss= 101.4266      val_loss=  45.6149      best=1      size=  50      nSHD_c=   3.3000      nSHD=   3.3333      tpr_c=   0.1600      change_adj_count=6      
2022-08-18 BST 04:29:28,248 - INFO -  epoch= 100      train_loss=  60.3251      val_loss=3009.8464      best=1      size=  60      nSHD_c=   3.5667      nSHD=   3.5667      tpr_c=   0.1667      change_adj_count=42      
2022-08-18 BST 04:29:46,381 - INFO -  epoch= 200      train_loss=  59.9307      val_loss=2991.4303      best=1      size=  60      nSHD_c=   3.5667      nSHD=   3.5667      tpr_c=   0.1667      change_adj_count=44      
2022-08-18 BST 04:30:03,861 - INFO -  epoch= 300      train_loss=  58.1935      val_loss=2719.9305      best=1      size=  60      nSHD_c=   3.6000      nSHD=   3.5667      tpr_c=   0.1500      change_adj_count=44      
2022-08-18 BST 04:30:22,184 - INFO -  epoch= 400      train_loss=  58.0711      val_loss=2709.1804      best=1      size=  60      nSHD_c=   3.6000      nSHD=   3.5667      tpr_c=   0.1500      change_adj_count=44      
2022-08-18 BST 04:30:40,490 - INFO -  epoch= 500      train_loss=  56.4023      val_loss=2619.3749      best=1      size=  60      nSHD_c=   3.6000      nSHD=   3.5667      tpr_c=   0.1500      change_adj_count=44      
2022-08-18 BST 04:30:59,031 - INFO -  epoch= 600      train_loss=  54.9249      val_loss=2325.0700      best=1      size=  60      nSHD_c=   3.6000      nSHD=   3.5667      tpr_c=   0.1500      change_adj_count=48      
2022-08-18 BST 04:31:16,443 - INFO -  epoch= 700      train_loss=  53.4357      val_loss=2425.2859      best=1      size=  60      nSHD_c=   3.5333      nSHD=   3.5000      tpr_c=   0.1667      change_adj_count=49      
2022-08-18 BST 04:31:33,912 - INFO -  epoch= 800      train_loss=  53.1983      val_loss=2289.6643      best=1      size=  60      nSHD_c=   3.5333      nSHD=   3.5000      tpr_c=   0.1667      change_adj_count=49      
2022-08-18 BST 04:31:51,093 - INFO -  epoch= 900      train_loss=  51.3732      val_loss=2155.8303      best=1      size=  60      nSHD_c=   3.5333      nSHD=   3.5000      tpr_c=   0.1667      change_adj_count=49      
2022-08-18 BST 04:32:08,309 - INFO -  epoch=1000      train_loss=  52.2417      val_loss=2076.9182      best=1      size=  60      nSHD_c=   3.5333      nSHD=   3.5000      tpr_c=   0.1667      change_adj_count=49      
2022-08-18 BST 04:32:08,309 - INFO - Before params
2022-08-18 BST 04:32:08,309 - INFO - After params={'MAX_SIZE': [66], 'LAMBDA': [100], 'NOISE_TEMPERATURE': [10], 'h_NULL': [0.01], 'h_LR': [0.0001], 'z_RHO': [0], 'z_MU': [0]}
2022-08-18 BST 04:32:08,309 - INFO - After metrics={'train_loss': [52.24172401428223], 'val_loss': [2076.918172200521], 'size': [60], 'nshd_c': [3.533333333333333], 'nshd': [3.5], 'tpr': [0.16417910447761194], 'tpr_c': [0.16666666666666666], 'change_adj_count': [49]}
2022-08-18 BST 04:32:08,329 - INFO - After to_save=   MAX_SIZE  LAMBDA  NOISE_TEMPERATURE  ...       tpr     tpr_c  change_adj_count
0        66     100                 10  ...  0.164179  0.166667                49

[1 rows x 16 columns]
2022-08-18 BST 04:32:08,329 - INFO - After file_path='../results/l_66_4hps.csv'
2022-08-18 BST 04:32:08,331 - INFO - Last epoch results saved in l_66_4hps.csv
2022-08-18 BST 04:32:08,332 - INFO - 

DAG 2: size_true=64	X.var()=25.7432
2022-08-18 BST 04:32:08,564 - INFO -  epoch=   1      train_loss=  24.2617      val_loss=  20.7690      best=1      size=  55      nSHD_c=   3.3333      nSHD=   3.3333      tpr_c=   0.1455      change_adj_count=5      
2022-08-18 BST 04:32:08,784 - INFO -  epoch=   2      train_loss=  22.4899      val_loss=  15.1007      best=1      size=  49      nSHD_c=   2.9000      nSHD=   2.9000      tpr_c=   0.2041      change_adj_count=6      
2022-08-18 BST 04:32:27,525 - INFO -  epoch= 100      train_loss=  19.2038      val_loss=  68.1801      best=1      size=  57      nSHD_c=   2.8000      nSHD=   2.7000      tpr_c=   0.2807      change_adj_count=24      
2022-08-18 BST 04:32:45,193 - INFO -  epoch= 200      train_loss=  19.0055      val_loss=  71.8091      best=1      size=  56      nSHD_c=   2.7667      nSHD=   2.6333      tpr_c=   0.2857      change_adj_count=37      
2022-08-18 BST 04:33:02,777 - INFO -  epoch= 300      train_loss=  18.6284      val_loss=  68.9100      best=1      size=  56      nSHD_c=   2.7667      nSHD=   2.6333      tpr_c=   0.2857      change_adj_count=37      
2022-08-18 BST 04:33:21,739 - INFO -  epoch= 400      train_loss=  19.1173      val_loss=  68.9649      best=1      size=  56      nSHD_c=   2.7667      nSHD=   2.6333      tpr_c=   0.2857      change_adj_count=38      
2022-08-18 BST 04:33:39,042 - INFO -  epoch= 500      train_loss=  18.3860      val_loss=  64.6275      best=1      size=  56      nSHD_c=   2.7667      nSHD=   2.6333      tpr_c=   0.2857      change_adj_count=38      
2022-08-18 BST 04:33:57,227 - INFO -  epoch= 600      train_loss=  18.2705      val_loss=  63.2574      best=1      size=  56      nSHD_c=   2.7667      nSHD=   2.6333      tpr_c=   0.2857      change_adj_count=38      
2022-08-18 BST 04:34:14,946 - INFO -  epoch= 700      train_loss=  18.2126      val_loss=  64.2772      best=1      size=  56      nSHD_c=   2.7667      nSHD=   2.6333      tpr_c=   0.2857      change_adj_count=38      
2022-08-18 BST 04:34:32,400 - INFO -  epoch= 800      train_loss=  17.9165      val_loss=  61.2319      best=1      size=  56      nSHD_c=   2.7667      nSHD=   2.6333      tpr_c=   0.2857      change_adj_count=38      
2022-08-18 BST 04:34:51,429 - INFO -  epoch= 900      train_loss=  17.7428      val_loss=  64.2922      best=1      size=  56      nSHD_c=   2.7667      nSHD=   2.6333      tpr_c=   0.2857      change_adj_count=38      
2022-08-18 BST 04:35:08,985 - INFO -  epoch=1000      train_loss=  17.5678      val_loss=  56.3904      best=1      size=  56      nSHD_c=   2.7667      nSHD=   2.6333      tpr_c=   0.2857      change_adj_count=45      
2022-08-18 BST 04:35:08,985 - INFO - Before params
2022-08-18 BST 04:35:08,986 - INFO - After params={'MAX_SIZE': [66], 'LAMBDA': [100], 'NOISE_TEMPERATURE': [10], 'h_NULL': [0.01], 'h_LR': [0.0001], 'z_RHO': [0], 'z_MU': [0]}
2022-08-18 BST 04:35:08,986 - INFO - After metrics={'train_loss': [17.567824794400124], 'val_loss': [56.390377044677734], 'size': [56], 'nshd_c': [2.7666666666666666], 'nshd': [2.6333333333333333], 'tpr': [0.3125], 'tpr_c': [0.2857142857142857], 'change_adj_count': [45]}
2022-08-18 BST 04:35:09,003 - INFO - After to_save=   MAX_SIZE  LAMBDA  NOISE_TEMPERATURE  ...     tpr     tpr_c  change_adj_count
0        66     100                 10  ...  0.3125  0.285714                45

[1 rows x 16 columns]
2022-08-18 BST 04:35:09,003 - INFO - After file_path='../results/l_66_4hps.csv'
2022-08-18 BST 04:35:09,005 - INFO - Last epoch results saved in l_66_4hps.csv
2022-08-18 BST 04:35:09,006 - INFO - 

DAG 3: size_true=63	X.var()=265.9248
2022-08-18 BST 04:35:09,258 - INFO -  epoch=   1      train_loss= 223.5730      val_loss= 170.5093      best=1      size=  58      nSHD_c=   3.6667      nSHD=   3.6333      tpr_c=   0.0862      change_adj_count=5      
2022-08-18 BST 04:35:27,759 - INFO -  epoch= 100      train_loss= 124.5740      val_loss=4306.4719      best=1      size=  57      nSHD_c=   3.3333      nSHD=   3.3333      tpr_c=   0.1579      change_adj_count=45      
2022-08-18 BST 04:35:45,121 - INFO -  epoch= 200      train_loss= 123.1140      val_loss=4514.2663      best=1      size=  56      nSHD_c=   3.4333      nSHD=   3.4333      tpr_c=   0.1250      change_adj_count=64      
2022-08-18 BST 04:36:02,500 - INFO -  epoch= 300      train_loss= 119.5966      val_loss=4410.0306      best=1      size=  57      nSHD_c=   3.4333      nSHD=   3.4000      tpr_c=   0.1228      change_adj_count=87      
2022-08-18 BST 04:36:21,041 - INFO -  epoch= 400      train_loss= 122.4949      val_loss=3970.5109      best=1      size=  57      nSHD_c=   3.4333      nSHD=   3.4000      tpr_c=   0.1228      change_adj_count=99      
2022-08-18 BST 04:36:39,057 - INFO -  epoch= 500      train_loss= 117.8359      val_loss=3619.1765      best=1      size=  55      nSHD_c=   3.3333      nSHD=   3.3333      tpr_c=   0.1455      change_adj_count=111      
2022-08-18 BST 04:36:56,629 - INFO -  epoch= 600      train_loss= 114.0290      val_loss=3713.2353      best=1      size=  56      nSHD_c=   3.4000      nSHD=   3.3667      tpr_c=   0.1250      change_adj_count=122      
2022-08-18 BST 04:37:13,920 - INFO -  epoch= 700      train_loss= 114.5619      val_loss=3345.2525      best=1      size=  55      nSHD_c=   3.3667      nSHD=   3.3333      tpr_c=   0.1273      change_adj_count=131      
2022-08-18 BST 04:37:31,893 - INFO -  epoch= 800      train_loss= 113.3552      val_loss=3257.5023      best=1      size=  55      nSHD_c=   3.3667      nSHD=   3.3333      tpr_c=   0.1273      change_adj_count=131      
2022-08-18 BST 04:37:49,180 - INFO -  epoch= 900      train_loss= 109.1229      val_loss=3140.4241      best=1      size=  55      nSHD_c=   3.3667      nSHD=   3.3333      tpr_c=   0.1273      change_adj_count=131      
2022-08-18 BST 04:38:06,551 - INFO -  epoch=1000      train_loss= 110.1479      val_loss=3005.7071      best=1      size=  55      nSHD_c=   3.3667      nSHD=   3.3333      tpr_c=   0.1273      change_adj_count=131      
2022-08-18 BST 04:38:06,552 - INFO - Before params
2022-08-18 BST 04:38:06,552 - INFO - After params={'MAX_SIZE': [66], 'LAMBDA': [100], 'NOISE_TEMPERATURE': [10], 'h_NULL': [0.01], 'h_LR': [0.0001], 'z_RHO': [0], 'z_MU': [0]}
2022-08-18 BST 04:38:06,552 - INFO - After metrics={'train_loss': [110.1478788314327], 'val_loss': [3005.7071126302085], 'size': [55], 'nshd_c': [3.3666666666666667], 'nshd': [3.3333333333333335], 'tpr': [0.12698412698412698], 'tpr_c': [0.12727272727272726], 'change_adj_count': [131]}
2022-08-18 BST 04:38:06,573 - INFO - After to_save=   MAX_SIZE  LAMBDA  NOISE_TEMPERATURE  ...       tpr     tpr_c  change_adj_count
0        66     100                 10  ...  0.126984  0.127273               131

[1 rows x 16 columns]
2022-08-18 BST 04:38:06,573 - INFO - After file_path='../results/l_66_4hps.csv'
2022-08-18 BST 04:38:06,576 - INFO - Last epoch results saved in l_66_4hps.csv
2022-08-18 BST 04:38:06,576 - INFO - 

DAG 4: size_true=48	X.var()=47.3993
2022-08-18 BST 04:38:06,856 - INFO -  epoch=   1      train_loss=  44.3339      val_loss=  34.5938      best=1      size=  56      nSHD_c=   3.3000      nSHD=   3.3000      tpr_c=   0.0179      change_adj_count=5      
2022-08-18 BST 04:38:07,114 - INFO -  epoch=   2      train_loss=  40.2224      val_loss=  26.0275      best=1      size=  52      nSHD_c=   2.9667      nSHD=   2.9667      tpr_c=   0.0577      change_adj_count=6      
2022-08-18 BST 04:38:24,320 - INFO -  epoch= 100      train_loss=  31.2548      val_loss= 443.8371      best=1      size=  58      nSHD_c=   2.5333      nSHD=   2.5333      tpr_c=   0.2586      change_adj_count=42      
2022-08-18 BST 04:38:42,691 - INFO -  epoch= 200      train_loss=  30.3351      val_loss= 435.3067      best=1      size=  58      nSHD_c=   2.5333      nSHD=   2.5333      tpr_c=   0.2586      change_adj_count=44      
2022-08-18 BST 04:38:59,958 - INFO -  epoch= 300      train_loss=  29.3268      val_loss= 402.7594      best=1      size=  57      nSHD_c=   2.5000      nSHD=   2.5000      tpr_c=   0.2632      change_adj_count=49      
2022-08-18 BST 04:39:16,945 - INFO -  epoch= 400      train_loss=  30.3112      val_loss= 386.1988      best=1      size=  57      nSHD_c=   2.5000      nSHD=   2.5000      tpr_c=   0.2632      change_adj_count=54      
2022-08-18 BST 04:39:35,349 - INFO -  epoch= 500      train_loss=  29.0044      val_loss= 398.0071      best=1      size=  57      nSHD_c=   2.5000      nSHD=   2.5000      tpr_c=   0.2632      change_adj_count=54      
2022-08-18 BST 04:39:52,897 - INFO -  epoch= 600      train_loss=  29.2375      val_loss= 375.9844      best=1      size=  57      nSHD_c=   2.5000      nSHD=   2.5000      tpr_c=   0.2632      change_adj_count=65      
2022-08-18 BST 04:40:11,271 - INFO -  epoch= 700      train_loss=  28.9984      val_loss= 357.7628      best=1      size=  57      nSHD_c=   2.5000      nSHD=   2.5000      tpr_c=   0.2632      change_adj_count=65      
2022-08-18 BST 04:40:29,087 - INFO -  epoch= 800      train_loss=  28.2160      val_loss= 335.7574      best=1      size=  57      nSHD_c=   2.5000      nSHD=   2.5000      tpr_c=   0.2632      change_adj_count=65      
2022-08-18 BST 04:40:46,439 - INFO -  epoch= 900      train_loss=  28.0840      val_loss= 306.3969      best=1      size=  57      nSHD_c=   2.5000      nSHD=   2.5000      tpr_c=   0.2632      change_adj_count=65      
2022-08-18 BST 04:41:05,092 - INFO -  epoch=1000      train_loss=  28.1684      val_loss= 321.1593      best=1      size=  57      nSHD_c=   2.5000      nSHD=   2.5000      tpr_c=   0.2632      change_adj_count=65      
2022-08-18 BST 04:41:05,093 - INFO - Before params
2022-08-18 BST 04:41:05,093 - INFO - After params={'MAX_SIZE': [66], 'LAMBDA': [100], 'NOISE_TEMPERATURE': [10], 'h_NULL': [0.01], 'h_LR': [0.0001], 'z_RHO': [0], 'z_MU': [0]}
2022-08-18 BST 04:41:05,093 - INFO - After metrics={'train_loss': [28.168375076786166], 'val_loss': [321.1592763264974], 'size': [57], 'nshd_c': [2.5], 'nshd': [2.5], 'tpr': [0.3125], 'tpr_c': [0.2631578947368421], 'change_adj_count': [65]}
2022-08-18 BST 04:41:05,109 - INFO - After to_save=   MAX_SIZE  LAMBDA  NOISE_TEMPERATURE  ...     tpr     tpr_c  change_adj_count
0        66     100                 10  ...  0.3125  0.263158                65

[1 rows x 16 columns]
2022-08-18 BST 04:41:05,109 - INFO - After file_path='../results/l_66_4hps.csv'
2022-08-18 BST 04:41:05,112 - INFO - Last epoch results saved in l_66_4hps.csv
2022-08-18 BST 04:41:05,112 - INFO - 

DAG 5: size_true=57	X.var()=54.7286
2022-08-18 BST 04:41:05,369 - INFO -  epoch=   1      train_loss=  53.7024      val_loss=  40.3989      best=1      size=  56      nSHD_c=   3.3333      nSHD=   3.3333      tpr_c=   0.0714      change_adj_count=5      
2022-08-18 BST 04:41:05,608 - INFO -  epoch=   2      train_loss=  49.5678      val_loss=  29.0221      best=1      size=  52      nSHD_c=   3.2667      nSHD=   3.2000      tpr_c=   0.0769      change_adj_count=6      
2022-08-18 BST 04:41:05,849 - INFO -  epoch=   3      train_loss=  47.6441      val_loss=  30.4133      best=1      size=  50      nSHD_c=   2.9333      nSHD=   2.9000      tpr_c=   0.1400      change_adj_count=7      
2022-08-18 BST 04:41:23,725 - INFO -  epoch= 100      train_loss=  37.7775      val_loss= 362.1474      best=1      size=  58      nSHD_c=   2.9333      nSHD=   2.8667      tpr_c=   0.1897      change_adj_count=25      
2022-08-18 BST 04:41:41,931 - INFO -  epoch= 200      train_loss=  38.9231      val_loss= 331.0675      best=1      size=  57      nSHD_c=   2.9000      nSHD=   2.8333      tpr_c=   0.1930      change_adj_count=30      
2022-08-18 BST 04:42:00,687 - INFO -  epoch= 300      train_loss=  37.0823      val_loss= 325.1161      best=1      size=  57      nSHD_c=   2.9000      nSHD=   2.8333      tpr_c=   0.1930      change_adj_count=30      
2022-08-18 BST 04:42:18,684 - INFO -  epoch= 400      train_loss=  37.2810      val_loss= 304.4023      best=1      size=  57      nSHD_c=   2.9000      nSHD=   2.8333      tpr_c=   0.1930      change_adj_count=30      
2022-08-18 BST 04:42:37,334 - INFO -  epoch= 500      train_loss=  36.9637      val_loss= 308.7097      best=1      size=  57      nSHD_c=   2.9000      nSHD=   2.8333      tpr_c=   0.1930      change_adj_count=30      
2022-08-18 BST 04:42:56,216 - INFO -  epoch= 600      train_loss=  35.6871      val_loss= 304.8626      best=1      size=  57      nSHD_c=   2.9000      nSHD=   2.8333      tpr_c=   0.1930      change_adj_count=30      
2022-08-18 BST 04:43:13,562 - INFO -  epoch= 700      train_loss=  35.6940      val_loss= 269.3486      best=1      size=  57      nSHD_c=   2.9000      nSHD=   2.8333      tpr_c=   0.1930      change_adj_count=30      
2022-08-18 BST 04:43:31,542 - INFO -  epoch= 800      train_loss=  35.0735      val_loss= 264.4062      best=1      size=  57      nSHD_c=   2.9000      nSHD=   2.8333      tpr_c=   0.1930      change_adj_count=30      
2022-08-18 BST 04:43:49,457 - INFO -  epoch= 900      train_loss=  34.6865      val_loss= 261.3865      best=1      size=  57      nSHD_c=   2.9000      nSHD=   2.8333      tpr_c=   0.1930      change_adj_count=30      
2022-08-18 BST 04:44:07,370 - INFO -  epoch=1000      train_loss=  34.4677      val_loss= 248.0759      best=1      size=  57      nSHD_c=   2.9000      nSHD=   2.8333      tpr_c=   0.1930      change_adj_count=30      
2022-08-18 BST 04:44:07,371 - INFO - Before params
2022-08-18 BST 04:44:07,371 - INFO - After params={'MAX_SIZE': [66], 'LAMBDA': [100], 'NOISE_TEMPERATURE': [10], 'h_NULL': [0.01], 'h_LR': [0.0001], 'z_RHO': [0], 'z_MU': [0]}
2022-08-18 BST 04:44:07,371 - INFO - After metrics={'train_loss': [34.4677433506135], 'val_loss': [248.07587687174478], 'size': [57], 'nshd_c': [2.9], 'nshd': [2.8333333333333335], 'tpr': [0.22807017543859648], 'tpr_c': [0.19298245614035087], 'change_adj_count': [30]}
2022-08-18 BST 04:44:07,388 - INFO - After to_save=   MAX_SIZE  LAMBDA  NOISE_TEMPERATURE  ...      tpr     tpr_c  change_adj_count
0        66     100                 10  ...  0.22807  0.192982                30

[1 rows x 16 columns]
2022-08-18 BST 04:44:07,388 - INFO - After file_path='../results/l_66_4hps.csv'
2022-08-18 BST 04:44:07,391 - INFO - Last epoch results saved in l_66_4hps.csv
2022-08-18 BST 04:44:07,392 - INFO - 

DAG 6: size_true=64	X.var()=29.7229
2022-08-18 BST 04:44:07,664 - INFO -  epoch=   1      train_loss=  27.2689      val_loss=  21.9721      best=1      size=  54      nSHD_c=   3.4000      nSHD=   3.4000      tpr_c=   0.0741      change_adj_count=5      
2022-08-18 BST 04:44:07,915 - INFO -  epoch=   2      train_loss=  24.3155      val_loss=  15.2526      best=1      size=  50      nSHD_c=   3.3000      nSHD=   3.2667      tpr_c=   0.0800      change_adj_count=6      
2022-08-18 BST 04:44:26,244 - INFO -  epoch= 100      train_loss=  20.3630      val_loss= 120.4127      best=1      size=  56      nSHD_c=   3.1000      nSHD=   3.0333      tpr_c=   0.2143      change_adj_count=37      
2022-08-18 BST 04:44:44,928 - INFO -  epoch= 200      train_loss=  20.0179      val_loss= 128.3748      best=1      size=  56      nSHD_c=   3.0667      nSHD=   3.0000      tpr_c=   0.2143      change_adj_count=53      
2022-08-18 BST 04:45:02,798 - INFO -  epoch= 300      train_loss=  20.0083      val_loss= 122.7981      best=1      size=  55      nSHD_c=   3.0333      nSHD=   2.9667      tpr_c=   0.2182      change_adj_count=61      
2022-08-18 BST 04:45:22,105 - INFO -  epoch= 400      train_loss=  19.8954      val_loss= 117.0298      best=1      size=  55      nSHD_c=   3.0667      nSHD=   2.9667      tpr_c=   0.2000      change_adj_count=62      
2022-08-18 BST 04:45:41,055 - INFO -  epoch= 500      train_loss=  19.7586      val_loss= 119.2711      best=1      size=  55      nSHD_c=   3.0000      nSHD=   2.9000      tpr_c=   0.2182      change_adj_count=66      
2022-08-18 BST 04:45:58,539 - INFO -  epoch= 600      train_loss=  19.8591      val_loss= 114.3967      best=1      size=  55      nSHD_c=   3.0000      nSHD=   2.9000      tpr_c=   0.2182      change_adj_count=68      
2022-08-18 BST 04:46:16,498 - INFO -  epoch= 700      train_loss=  19.1644      val_loss= 112.1435      best=1      size=  54      nSHD_c=   3.0333      nSHD=   2.9333      tpr_c=   0.2037      change_adj_count=71      
2022-08-18 BST 04:46:35,141 - INFO -  epoch= 800      train_loss=  18.8900      val_loss=  96.9338      best=1      size=  54      nSHD_c=   3.0333      nSHD=   2.9333      tpr_c=   0.2037      change_adj_count=71      
2022-08-18 BST 04:46:52,570 - INFO -  epoch= 900      train_loss=  19.4951      val_loss= 104.1135      best=1      size=  54      nSHD_c=   3.0333      nSHD=   2.9333      tpr_c=   0.2037      change_adj_count=77      
2022-08-18 BST 04:47:09,969 - INFO -  epoch=1000      train_loss=  18.6593      val_loss=  94.2883      best=1      size=  54      nSHD_c=   3.0333      nSHD=   2.9333      tpr_c=   0.2037      change_adj_count=79      
2022-08-18 BST 04:47:09,969 - INFO - Before params
2022-08-18 BST 04:47:09,969 - INFO - After params={'MAX_SIZE': [66], 'LAMBDA': [100], 'NOISE_TEMPERATURE': [10], 'h_NULL': [0.01], 'h_LR': [0.0001], 'z_RHO': [0], 'z_MU': [0]}
2022-08-18 BST 04:47:09,969 - INFO - After metrics={'train_loss': [18.65927840817359], 'val_loss': [94.288330078125], 'size': [54], 'nshd_c': [3.033333333333333], 'nshd': [2.933333333333333], 'tpr': [0.21875], 'tpr_c': [0.2037037037037037], 'change_adj_count': [79]}
2022-08-18 BST 04:47:09,986 - INFO - After to_save=   MAX_SIZE  LAMBDA  NOISE_TEMPERATURE  ...      tpr     tpr_c  change_adj_count
0        66     100                 10  ...  0.21875  0.203704                79

[1 rows x 16 columns]
2022-08-18 BST 04:47:09,986 - INFO - After file_path='../results/l_66_4hps.csv'
2022-08-18 BST 04:47:09,988 - INFO - Last epoch results saved in l_66_4hps.csv
2022-08-18 BST 04:47:09,989 - INFO - 

DAG 7: size_true=62	X.var()=55.6800
2022-08-18 BST 04:47:10,223 - INFO -  epoch=   1      train_loss=  49.4873      val_loss=  43.1010      best=1      size=  62      nSHD_c=   3.6333      nSHD=   3.6333      tpr_c=   0.1129      change_adj_count=5      
2022-08-18 BST 04:47:10,435 - INFO -  epoch=   2      train_loss=  41.6825      val_loss=  34.1556      best=1      size=  49      nSHD_c=   3.2333      nSHD=   3.2333      tpr_c=   0.0816      change_adj_count=6      
2022-08-18 BST 04:47:29,309 - INFO -  epoch= 100      train_loss=  30.5913      val_loss= 737.9982      best=1      size=  53      nSHD_c=   3.2000      nSHD=   3.1667      tpr_c=   0.1509      change_adj_count=43      
2022-08-18 BST 04:47:48,038 - INFO -  epoch= 200      train_loss=  30.0799      val_loss= 738.8123      best=1      size=  52      nSHD_c=   3.1667      nSHD=   3.1333      tpr_c=   0.1538      change_adj_count=50      
2022-08-18 BST 04:48:06,518 - INFO -  epoch= 300      train_loss=  29.5233      val_loss= 750.9286      best=1      size=  52      nSHD_c=   3.1667      nSHD=   3.1333      tpr_c=   0.1538      change_adj_count=51      
2022-08-18 BST 04:48:24,671 - INFO -  epoch= 400      train_loss=  29.8786      val_loss= 637.6429      best=1      size=  52      nSHD_c=   3.1667      nSHD=   3.1333      tpr_c=   0.1538      change_adj_count=61      
2022-08-18 BST 04:48:43,556 - INFO -  epoch= 500      train_loss=  28.5838      val_loss= 721.7775      best=1      size=  51      nSHD_c=   3.1333      nSHD=   3.1000      tpr_c=   0.1569      change_adj_count=72      
2022-08-18 BST 04:49:01,414 - INFO -  epoch= 600      train_loss=  27.6462      val_loss= 686.1256      best=1      size=  51      nSHD_c=   3.1667      nSHD=   3.1667      tpr_c=   0.1569      change_adj_count=79      
2022-08-18 BST 04:49:18,743 - INFO -  epoch= 700      train_loss=  27.6136      val_loss= 646.8982      best=1      size=  51      nSHD_c=   3.1333      nSHD=   3.1000      tpr_c=   0.1569      change_adj_count=84      
2022-08-18 BST 04:49:36,921 - INFO -  epoch= 800      train_loss=  27.7662      val_loss= 603.3455      best=1      size=  51      nSHD_c=   3.1667      nSHD=   3.1667      tpr_c=   0.1569      change_adj_count=85      
2022-08-18 BST 04:49:54,451 - INFO -  epoch= 900      train_loss=  26.5428      val_loss= 600.6336      best=1      size=  51      nSHD_c=   3.1667      nSHD=   3.1667      tpr_c=   0.1569      change_adj_count=85      
2022-08-18 BST 04:50:13,003 - INFO -  epoch=1000      train_loss=  25.8191      val_loss= 555.0788      best=1      size=  51      nSHD_c=   3.1667      nSHD=   3.1667      tpr_c=   0.1569      change_adj_count=89      
2022-08-18 BST 04:50:13,003 - INFO - Before params
2022-08-18 BST 04:50:13,003 - INFO - After params={'MAX_SIZE': [66], 'LAMBDA': [100], 'NOISE_TEMPERATURE': [10], 'h_NULL': [0.01], 'h_LR': [0.0001], 'z_RHO': [0], 'z_MU': [0]}
2022-08-18 BST 04:50:13,003 - INFO - After metrics={'train_loss': [25.819103917767926], 'val_loss': [555.0788370768229], 'size': [51], 'nshd_c': [3.1666666666666665], 'nshd': [3.1666666666666665], 'tpr': [0.12903225806451613], 'tpr_c': [0.1568627450980392], 'change_adj_count': [89]}
2022-08-18 BST 04:50:13,020 - INFO - After to_save=   MAX_SIZE  LAMBDA  NOISE_TEMPERATURE  ...       tpr     tpr_c  change_adj_count
0        66     100                 10  ...  0.129032  0.156863                89

[1 rows x 16 columns]
2022-08-18 BST 04:50:13,020 - INFO - After file_path='../results/l_66_4hps.csv'
2022-08-18 BST 04:50:13,022 - INFO - Last epoch results saved in l_66_4hps.csv
2022-08-18 BST 04:50:13,023 - INFO - 

DAG 8: size_true=63	X.var()=39.3378
2022-08-18 BST 04:50:13,269 - INFO -  epoch=   1      train_loss=  36.9724      val_loss=  28.3037      best=1      size=  54      nSHD_c=   3.3667      nSHD=   3.3667      tpr_c=   0.0926      change_adj_count=5      
2022-08-18 BST 04:50:13,508 - INFO -  epoch=   2      train_loss=  33.8954      val_loss=  23.0215      best=1      size=  54      nSHD_c=   3.4000      nSHD=   3.4000      tpr_c=   0.0926      change_adj_count=6      
2022-08-18 BST 04:50:31,685 - INFO -  epoch= 100      train_loss=  26.9019      val_loss= 210.6738      best=1      size=  59      nSHD_c=   3.2000      nSHD=   3.1667      tpr_c=   0.1864      change_adj_count=23      
2022-08-18 BST 04:50:50,693 - INFO -  epoch= 200      train_loss=  26.4128      val_loss= 200.3653      best=1      size=  58      nSHD_c=   3.1667      nSHD=   3.1333      tpr_c=   0.1897      change_adj_count=28      
2022-08-18 BST 04:51:09,433 - INFO -  epoch= 300      train_loss=  26.8789      val_loss= 198.6771      best=1      size=  57      nSHD_c=   3.1000      nSHD=   3.0667      tpr_c=   0.2105      change_adj_count=30      
2022-08-18 BST 04:51:27,817 - INFO -  epoch= 400      train_loss=  25.5599      val_loss= 192.5362      best=1      size=  57      nSHD_c=   3.1000      nSHD=   3.0667      tpr_c=   0.2105      change_adj_count=30      
2022-08-18 BST 04:51:46,602 - INFO -  epoch= 500      train_loss=  25.9426      val_loss= 191.3092      best=1      size=  57      nSHD_c=   3.1000      nSHD=   3.0667      tpr_c=   0.2105      change_adj_count=30      
2022-08-18 BST 04:52:04,460 - INFO -  epoch= 600      train_loss=  25.0180      val_loss= 180.8910      best=1      size=  57      nSHD_c=   3.1000      nSHD=   3.0667      tpr_c=   0.2105      change_adj_count=30      
2022-08-18 BST 04:52:22,473 - INFO -  epoch= 700      train_loss=  24.5641      val_loss= 173.9460      best=1      size=  57      nSHD_c=   3.1000      nSHD=   3.0667      tpr_c=   0.2105      change_adj_count=30      
2022-08-18 BST 04:52:40,840 - INFO -  epoch= 800      train_loss=  24.7064      val_loss= 165.8629      best=1      size=  57      nSHD_c=   3.1000      nSHD=   3.0667      tpr_c=   0.2105      change_adj_count=30      
2022-08-18 BST 04:52:59,441 - INFO -  epoch= 900      train_loss=  24.3111      val_loss= 164.3107      best=1      size=  57      nSHD_c=   3.1000      nSHD=   3.0667      tpr_c=   0.2105      change_adj_count=30      
2022-08-18 BST 04:53:17,652 - INFO -  epoch=1000      train_loss=  23.9967      val_loss= 157.4575      best=1      size=  57      nSHD_c=   3.1000      nSHD=   3.0667      tpr_c=   0.2105      change_adj_count=30      
2022-08-18 BST 04:53:17,652 - INFO - Before params
2022-08-18 BST 04:53:17,653 - INFO - After params={'MAX_SIZE': [66], 'LAMBDA': [100], 'NOISE_TEMPERATURE': [10], 'h_NULL': [0.01], 'h_LR': [0.0001], 'z_RHO': [0], 'z_MU': [0]}
2022-08-18 BST 04:53:17,653 - INFO - After metrics={'train_loss': [23.996722190610825], 'val_loss': [157.45748392740884], 'size': [57], 'nshd_c': [3.1], 'nshd': [3.066666666666667], 'tpr': [0.20634920634920634], 'tpr_c': [0.21052631578947367], 'change_adj_count': [30]}
2022-08-18 BST 04:53:17,671 - INFO - After to_save=   MAX_SIZE  LAMBDA  NOISE_TEMPERATURE  ...       tpr     tpr_c  change_adj_count
0        66     100                 10  ...  0.206349  0.210526                30

[1 rows x 16 columns]
2022-08-18 BST 04:53:17,671 - INFO - After file_path='../results/l_66_4hps.csv'
2022-08-18 BST 04:53:17,673 - INFO - Last epoch results saved in l_66_4hps.csv
2022-08-18 BST 04:53:17,673 - INFO - 

DAG 9: size_true=61	X.var()=94.6254
2022-08-18 BST 04:53:17,899 - INFO -  epoch=   1      train_loss=  82.9898      val_loss=  59.9374      best=1      size=  54      nSHD_c=   3.4333      nSHD=   3.4000      tpr_c=   0.0185      change_adj_count=5      
2022-08-18 BST 04:53:36,211 - INFO -  epoch= 100      train_loss=  53.3910      val_loss=1255.2342      best=1      size=  56      nSHD_c=   3.2667      nSHD=   3.2667      tpr_c=   0.1607      change_adj_count=32      
2022-08-18 BST 04:53:54,812 - INFO -  epoch= 200      train_loss=  53.2602      val_loss=1227.4575      best=1      size=  56      nSHD_c=   3.2667      nSHD=   3.2667      tpr_c=   0.1607      change_adj_count=33      
2022-08-18 BST 04:54:13,281 - INFO -  epoch= 300      train_loss=  53.0823      val_loss=1166.5932      best=1      size=  56      nSHD_c=   3.2667      nSHD=   3.2667      tpr_c=   0.1607      change_adj_count=33      
2022-08-18 BST 04:54:32,250 - INFO -  epoch= 400      train_loss=  51.3946      val_loss=1127.0382      best=1      size=  56      nSHD_c=   3.2667      nSHD=   3.2667      tpr_c=   0.1607      change_adj_count=33      
2022-08-18 BST 04:54:49,988 - INFO -  epoch= 500      train_loss=  51.8802      val_loss=1123.0585      best=1      size=  56      nSHD_c=   3.2667      nSHD=   3.2667      tpr_c=   0.1607      change_adj_count=38      
2022-08-18 BST 04:55:08,939 - INFO -  epoch= 600      train_loss=  49.4340      val_loss=1053.4955      best=1      size=  56      nSHD_c=   3.2667      nSHD=   3.2667      tpr_c=   0.1607      change_adj_count=38      
2022-08-18 BST 04:55:27,607 - INFO -  epoch= 700      train_loss=  49.7282      val_loss= 930.2885      best=1      size=  56      nSHD_c=   3.2667      nSHD=   3.2667      tpr_c=   0.1607      change_adj_count=39      
2022-08-18 BST 04:55:46,303 - INFO -  epoch= 800      train_loss=  47.9825      val_loss= 904.4605      best=1      size=  56      nSHD_c=   3.2667      nSHD=   3.2667      tpr_c=   0.1607      change_adj_count=39      
2022-08-18 BST 04:56:05,032 - INFO -  epoch= 900      train_loss=  47.1672      val_loss= 902.9555      best=1      size=  56      nSHD_c=   3.2667      nSHD=   3.2667      tpr_c=   0.1607      change_adj_count=39      
2022-08-18 BST 04:56:24,121 - INFO -  epoch=1000      train_loss=  46.8469      val_loss= 901.8236      best=1      size=  56      nSHD_c=   3.2667      nSHD=   3.2667      tpr_c=   0.1607      change_adj_count=39      
2022-08-18 BST 04:56:24,121 - INFO - Before params
2022-08-18 BST 04:56:24,121 - INFO - After params={'MAX_SIZE': [66], 'LAMBDA': [100], 'NOISE_TEMPERATURE': [10], 'h_NULL': [0.01], 'h_LR': [0.0001], 'z_RHO': [0], 'z_MU': [0]}
2022-08-18 BST 04:56:24,121 - INFO - After metrics={'train_loss': [46.84689589469664], 'val_loss': [901.8236185709635], 'size': [56], 'nshd_c': [3.2666666666666666], 'nshd': [3.2666666666666666], 'tpr': [0.14754098360655737], 'tpr_c': [0.16071428571428573], 'change_adj_count': [39]}
2022-08-18 BST 04:56:24,139 - INFO - After to_save=   MAX_SIZE  LAMBDA  NOISE_TEMPERATURE  ...       tpr     tpr_c  change_adj_count
0        66     100                 10  ...  0.147541  0.160714                39

[1 rows x 16 columns]
2022-08-18 BST 04:56:24,139 - INFO - After file_path='../results/l_66_4hps.csv'
2022-08-18 BST 04:56:24,141 - INFO - Last epoch results saved in l_66_4hps.csv
2022-08-18 BST 04:56:24,142 - INFO - 

DAG 10: size_true=51	X.var()=18.9170
2022-08-18 BST 04:56:24,390 - INFO -  epoch=   1      train_loss=  17.8730      val_loss=  16.5378      best=1      size=  56      nSHD_c=   3.2333      nSHD=   3.2333      tpr_c=   0.0357      change_adj_count=5      
2022-08-18 BST 04:56:24,626 - INFO -  epoch=   2      train_loss=  16.3591      val_loss=  12.8721      best=1      size=  54      nSHD_c=   2.9667      nSHD=   2.9333      tpr_c=   0.0556      change_adj_count=6      
2022-08-18 BST 04:56:43,060 - INFO -  epoch= 100      train_loss=  14.0214      val_loss=  84.9820      best=1      size=  52      nSHD_c=   2.5000      nSHD=   2.4667      tpr_c=   0.2500      change_adj_count=22      
2022-08-18 BST 04:57:02,249 - INFO -  epoch= 200      train_loss=  14.1730      val_loss=  77.6622      best=1      size=  52      nSHD_c=   2.5000      nSHD=   2.4667      tpr_c=   0.2500      change_adj_count=22      
2022-08-18 BST 04:57:20,357 - INFO -  epoch= 300      train_loss=  13.7077      val_loss=  74.3996      best=1      size=  52      nSHD_c=   2.5000      nSHD=   2.4667      tpr_c=   0.2500      change_adj_count=22      
2022-08-18 BST 04:57:38,825 - INFO -  epoch= 400      train_loss=  13.6543      val_loss=  71.4209      best=1      size=  52      nSHD_c=   2.5000      nSHD=   2.4667      tpr_c=   0.2500      change_adj_count=22      
2022-08-18 BST 04:57:57,656 - INFO -  epoch= 500      train_loss=  13.7096      val_loss=  67.5317      best=1      size=  52      nSHD_c=   2.5000      nSHD=   2.4667      tpr_c=   0.2500      change_adj_count=22      
2022-08-18 BST 04:58:16,213 - INFO -  epoch= 600      train_loss=  13.5933      val_loss=  66.6374      best=1      size=  52      nSHD_c=   2.5000      nSHD=   2.4667      tpr_c=   0.2500      change_adj_count=22      
2022-08-18 BST 04:58:34,610 - INFO -  epoch= 700      train_loss=  13.3244      val_loss=  61.9271      best=1      size=  52      nSHD_c=   2.5000      nSHD=   2.4667      tpr_c=   0.2500      change_adj_count=22      
2022-08-18 BST 04:58:52,997 - INFO -  epoch= 800      train_loss=  12.9921      val_loss=  64.9467      best=1      size=  52      nSHD_c=   2.5000      nSHD=   2.4667      tpr_c=   0.2500      change_adj_count=22      
2022-08-18 BST 04:59:11,186 - INFO -  epoch= 900      train_loss=  12.8789      val_loss=  65.1848      best=1      size=  52      nSHD_c=   2.5000      nSHD=   2.4667      tpr_c=   0.2500      change_adj_count=22      
2022-08-18 BST 04:59:29,154 - INFO -  epoch=1000      train_loss=  12.8520      val_loss=  63.3398      best=1      size=  52      nSHD_c=   2.5000      nSHD=   2.4667      tpr_c=   0.2500      change_adj_count=22      
2022-08-18 BST 04:59:29,154 - INFO - Before params
2022-08-18 BST 04:59:29,155 - INFO - After params={'MAX_SIZE': [66], 'LAMBDA': [100], 'NOISE_TEMPERATURE': [10], 'h_NULL': [0.01], 'h_LR': [0.0001], 'z_RHO': [0], 'z_MU': [0]}
2022-08-18 BST 04:59:29,155 - INFO - After metrics={'train_loss': [12.85197602548907], 'val_loss': [63.339792251586914], 'size': [52], 'nshd_c': [2.5], 'nshd': [2.466666666666667], 'tpr': [0.27450980392156865], 'tpr_c': [0.25], 'change_adj_count': [22]}
2022-08-18 BST 04:59:29,172 - INFO - After to_save=   MAX_SIZE  LAMBDA  NOISE_TEMPERATURE  ...      tpr  tpr_c  change_adj_count
0        66     100                 10  ...  0.27451   0.25                22

[1 rows x 16 columns]
2022-08-18 BST 04:59:29,172 - INFO - After file_path='../results/l_66_4hps.csv'
2022-08-18 BST 04:59:29,174 - INFO - Last epoch results saved in l_66_4hps.csv
2022-08-18 BST 04:59:29,175 - INFO - 

DAG 11: size_true=68	X.var()=127.5135
2022-08-18 BST 04:59:29,411 - INFO -  epoch=   1      train_loss= 118.6938      val_loss= 109.0552      best=1      size=  57      nSHD_c=   3.5000      nSHD=   3.5000      tpr_c=   0.1053      change_adj_count=5      
2022-08-18 BST 04:59:29,626 - INFO -  epoch=   2      train_loss= 105.3259      val_loss=  72.1787      best=1      size=  53      nSHD_c=   3.3667      nSHD=   3.3667      tpr_c=   0.1321      change_adj_count=6      
2022-08-18 BST 04:59:48,163 - INFO -  epoch= 100      train_loss=  72.5956      val_loss=1648.7220      best=1      size=  60      nSHD_c=   3.3667      nSHD=   3.3000      tpr_c=   0.2000      change_adj_count=27      
2022-08-18 BST 05:00:07,775 - INFO -  epoch= 200      train_loss=  71.9451      val_loss=1668.0367      best=1      size=  60      nSHD_c=   3.3667      nSHD=   3.3333      tpr_c=   0.2167      change_adj_count=43      
2022-08-18 BST 05:00:26,188 - INFO -  epoch= 300      train_loss=  71.5374      val_loss=1726.6976      best=1      size=  61      nSHD_c=   3.4000      nSHD=   3.3667      tpr_c=   0.2131      change_adj_count=46      
2022-08-18 BST 05:00:44,225 - INFO -  epoch= 400      train_loss=  66.7866      val_loss=1638.9293      best=1      size=  61      nSHD_c=   3.4000      nSHD=   3.3667      tpr_c=   0.2131      change_adj_count=48      
2022-08-18 BST 05:01:02,264 - INFO -  epoch= 500      train_loss=  66.5831      val_loss=1498.0319      best=1      size=  61      nSHD_c=   3.4000      nSHD=   3.3667      tpr_c=   0.2131      change_adj_count=48      
2022-08-18 BST 05:01:20,160 - INFO -  epoch= 600      train_loss=  67.5009      val_loss=1406.7095      best=1      size=  61      nSHD_c=   3.4000      nSHD=   3.3667      tpr_c=   0.2131      change_adj_count=56      
2022-08-18 BST 05:01:37,801 - INFO -  epoch= 700      train_loss=  68.2786      val_loss=1339.5237      best=1      size=  61      nSHD_c=   3.4000      nSHD=   3.3667      tpr_c=   0.2131      change_adj_count=56      
2022-08-18 BST 05:01:55,887 - INFO -  epoch= 800      train_loss=  62.8077      val_loss=1288.4314      best=1      size=  60      nSHD_c=   3.3667      nSHD=   3.3333      tpr_c=   0.2167      change_adj_count=59      
2022-08-18 BST 05:02:14,306 - INFO -  epoch= 900      train_loss=  64.7920      val_loss=1253.4323      best=1      size=  60      nSHD_c=   3.3667      nSHD=   3.3333      tpr_c=   0.2167      change_adj_count=67      
2022-08-18 BST 05:02:32,873 - INFO -  epoch=1000      train_loss=  62.5754      val_loss=1165.5994      best=1      size=  60      nSHD_c=   3.3667      nSHD=   3.3333      tpr_c=   0.2167      change_adj_count=67      
2022-08-18 BST 05:02:32,873 - INFO - Before params
2022-08-18 BST 05:02:32,874 - INFO - After params={'MAX_SIZE': [66], 'LAMBDA': [100], 'NOISE_TEMPERATURE': [10], 'h_NULL': [0.01], 'h_LR': [0.0001], 'z_RHO': [0], 'z_MU': [0]}
2022-08-18 BST 05:02:32,874 - INFO - After metrics={'train_loss': [62.5754265323762], 'val_loss': [1165.5994160970051], 'size': [60], 'nshd_c': [3.3666666666666667], 'nshd': [3.3333333333333335], 'tpr': [0.20588235294117646], 'tpr_c': [0.21666666666666667], 'change_adj_count': [67]}
2022-08-18 BST 05:02:32,891 - INFO - After to_save=   MAX_SIZE  LAMBDA  NOISE_TEMPERATURE  ...       tpr     tpr_c  change_adj_count
0        66     100                 10  ...  0.205882  0.216667                67

[1 rows x 16 columns]
2022-08-18 BST 05:02:32,891 - INFO - After file_path='../results/l_66_4hps.csv'
2022-08-18 BST 05:02:32,893 - INFO - Last epoch results saved in l_66_4hps.csv
2022-08-18 BST 05:02:32,893 - INFO - 

DAG 12: size_true=53	X.var()=15.8398
2022-08-18 BST 05:02:33,128 - INFO -  epoch=   1      train_loss=  15.2934      val_loss=  12.2318      best=1      size=  57      nSHD_c=   3.1667      nSHD=   3.0333      tpr_c=   0.0702      change_adj_count=5      
2022-08-18 BST 05:02:33,338 - INFO -  epoch=   2      train_loss=  14.0294      val_loss=   7.9765      best=1      size=  57      nSHD_c=   2.8000      nSHD=   2.8000      tpr_c=   0.2105      change_adj_count=6      
2022-08-18 BST 05:02:51,314 - INFO -  epoch= 100      train_loss=  11.5977      val_loss=  69.4718      best=1      size=  52      nSHD_c=   2.4000      nSHD=   2.4000      tpr_c=   0.2885      change_adj_count=19      
2022-08-18 BST 05:03:10,363 - INFO -  epoch= 200      train_loss=  11.4446      val_loss=  71.6560      best=1      size=  52      nSHD_c=   2.4000      nSHD=   2.4000      tpr_c=   0.2885      change_adj_count=27      
2022-08-18 BST 05:03:29,012 - INFO -  epoch= 300      train_loss=  11.5864      val_loss=  70.0890      best=1      size=  52      nSHD_c=   2.4000      nSHD=   2.4000      tpr_c=   0.2885      change_adj_count=27      
2022-08-18 BST 05:03:47,858 - INFO -  epoch= 400      train_loss=  11.4223      val_loss=  65.7731      best=1      size=  52      nSHD_c=   2.4000      nSHD=   2.4000      tpr_c=   0.2885      change_adj_count=27      
2022-08-18 BST 05:04:05,972 - INFO -  epoch= 500      train_loss=  11.4266      val_loss=  60.3285      best=1      size=  52      nSHD_c=   2.4000      nSHD=   2.4000      tpr_c=   0.2885      change_adj_count=27      
2022-08-18 BST 05:04:23,660 - INFO -  epoch= 600      train_loss=  11.1049      val_loss=  59.6323      best=1      size=  52      nSHD_c=   2.4000      nSHD=   2.4000      tpr_c=   0.2885      change_adj_count=27      
2022-08-18 BST 05:04:41,531 - INFO -  epoch= 700      train_loss=  11.0823      val_loss=  64.0001      best=1      size=  52      nSHD_c=   2.4000      nSHD=   2.4000      tpr_c=   0.2885      change_adj_count=27      
2022-08-18 BST 05:04:59,521 - INFO -  epoch= 800      train_loss=  10.7550      val_loss=  60.1352      best=1      size=  52      nSHD_c=   2.4000      nSHD=   2.4000      tpr_c=   0.2885      change_adj_count=27      
2022-08-18 BST 05:05:17,165 - INFO -  epoch= 900      train_loss=  11.0633      val_loss=  56.7561      best=1      size=  52      nSHD_c=   2.4000      nSHD=   2.4000      tpr_c=   0.2885      change_adj_count=27      
2022-08-18 BST 05:05:35,489 - INFO -  epoch=1000      train_loss=  10.8986      val_loss=  55.6107      best=1      size=  52      nSHD_c=   2.4000      nSHD=   2.4000      tpr_c=   0.2885      change_adj_count=27      
2022-08-18 BST 05:05:35,489 - INFO - Before params
2022-08-18 BST 05:05:35,490 - INFO - After params={'MAX_SIZE': [66], 'LAMBDA': [100], 'NOISE_TEMPERATURE': [10], 'h_NULL': [0.01], 'h_LR': [0.0001], 'z_RHO': [0], 'z_MU': [0]}
2022-08-18 BST 05:05:35,490 - INFO - After metrics={'train_loss': [10.898625127730831], 'val_loss': [55.61067899068197], 'size': [52], 'nshd_c': [2.4], 'nshd': [2.4], 'tpr': [0.2830188679245283], 'tpr_c': [0.28846153846153844], 'change_adj_count': [27]}
2022-08-18 BST 05:05:35,506 - INFO - After to_save=   MAX_SIZE  LAMBDA  NOISE_TEMPERATURE  ...       tpr     tpr_c  change_adj_count
0        66     100                 10  ...  0.283019  0.288462                27

[1 rows x 16 columns]
2022-08-18 BST 05:05:35,506 - INFO - After file_path='../results/l_66_4hps.csv'
2022-08-18 BST 05:05:35,508 - INFO - Last epoch results saved in l_66_4hps.csv
2022-08-18 BST 05:05:35,508 - INFO - 

DAG 13: size_true=53	X.var()=112.2632
2022-08-18 BST 05:05:35,730 - INFO -  epoch=   1      train_loss= 105.8397      val_loss=  46.9270      best=1      size=  55      nSHD_c=   2.9667      nSHD=   2.9667      tpr_c=   0.1273      change_adj_count=5      
2022-08-18 BST 05:05:35,942 - INFO -  epoch=   2      train_loss=  93.1743      val_loss=  33.0879      best=1      size=  49      nSHD_c=   2.6333      nSHD=   2.6333      tpr_c=   0.2041      change_adj_count=6      
2022-08-18 BST 05:05:54,529 - INFO -  epoch= 100      train_loss=  61.8254      val_loss=1684.4511      best=1      size=  52      nSHD_c=   2.8333      nSHD=   2.8333      tpr_c=   0.1731      change_adj_count=34      
2022-08-18 BST 05:06:13,551 - INFO -  epoch= 200      train_loss=  63.6439      val_loss=1779.4357      best=1      size=  53      nSHD_c=   2.8333      nSHD=   2.8333      tpr_c=   0.1887      change_adj_count=39      
2022-08-18 BST 05:06:31,650 - INFO -  epoch= 300      train_loss=  64.4081      val_loss=1711.7500      best=1      size=  53      nSHD_c=   2.8333      nSHD=   2.8333      tpr_c=   0.1887      change_adj_count=39      
2022-08-18 BST 05:06:49,770 - INFO -  epoch= 400      train_loss=  61.0508      val_loss=1523.7637      best=1      size=  53      nSHD_c=   2.8333      nSHD=   2.8333      tpr_c=   0.1887      change_adj_count=42      
2022-08-18 BST 05:07:07,550 - INFO -  epoch= 500      train_loss=  59.6047      val_loss=1547.9611      best=1      size=  52      nSHD_c=   2.8000      nSHD=   2.8000      tpr_c=   0.1923      change_adj_count=43      
2022-08-18 BST 05:07:26,344 - INFO -  epoch= 600      train_loss=  57.6641      val_loss=1507.7132      best=1      size=  52      nSHD_c=   2.8000      nSHD=   2.8000      tpr_c=   0.1923      change_adj_count=43      
2022-08-18 BST 05:07:43,941 - INFO -  epoch= 700      train_loss=  57.8556      val_loss=1479.5975      best=1      size=  52      nSHD_c=   2.8000      nSHD=   2.8000      tpr_c=   0.1923      change_adj_count=45      
2022-08-18 BST 05:08:02,696 - INFO -  epoch= 800      train_loss=  56.1886      val_loss=1275.3913      best=1      size=  52      nSHD_c=   2.8000      nSHD=   2.8000      tpr_c=   0.1923      change_adj_count=51      
2022-08-18 BST 05:08:21,098 - INFO -  epoch= 900      train_loss=  56.5357      val_loss=1243.1982      best=1      size=  52      nSHD_c=   2.8000      nSHD=   2.8000      tpr_c=   0.1923      change_adj_count=56      
2022-08-18 BST 05:08:39,095 - INFO -  epoch=1000      train_loss=  57.0071      val_loss=1168.2613      best=1      size=  52      nSHD_c=   2.8000      nSHD=   2.8000      tpr_c=   0.1923      change_adj_count=62      
2022-08-18 BST 05:08:39,095 - INFO - Before params
2022-08-18 BST 05:08:39,096 - INFO - After params={'MAX_SIZE': [66], 'LAMBDA': [100], 'NOISE_TEMPERATURE': [10], 'h_NULL': [0.01], 'h_LR': [0.0001], 'z_RHO': [0], 'z_MU': [0]}
2022-08-18 BST 05:08:39,096 - INFO - After metrics={'train_loss': [57.007124870054184], 'val_loss': [1168.2613118489583], 'size': [52], 'nshd_c': [2.8], 'nshd': [2.8], 'tpr': [0.18867924528301888], 'tpr_c': [0.19230769230769232], 'change_adj_count': [62]}
2022-08-18 BST 05:08:39,113 - INFO - After to_save=   MAX_SIZE  LAMBDA  NOISE_TEMPERATURE  ...       tpr     tpr_c  change_adj_count
0        66     100                 10  ...  0.188679  0.192308                62

[1 rows x 16 columns]
2022-08-18 BST 05:08:39,113 - INFO - After file_path='../results/l_66_4hps.csv'
2022-08-18 BST 05:08:39,115 - INFO - Last epoch results saved in l_66_4hps.csv
2022-08-18 BST 05:08:39,116 - INFO - 

DAG 14: size_true=59	X.var()=16.7418
2022-08-18 BST 05:08:39,375 - INFO -  epoch=   1      train_loss=  15.3105      val_loss=  14.3539      best=1      size=  54      nSHD_c=   3.2667      nSHD=   3.2333      tpr_c=   0.0926      change_adj_count=5      
2022-08-18 BST 05:08:39,601 - INFO -  epoch=   2      train_loss=  13.7627      val_loss=   9.8843      best=1      size=  51      nSHD_c=   2.9667      nSHD=   2.9333      tpr_c=   0.1765      change_adj_count=6      
2022-08-18 BST 05:08:58,082 - INFO -  epoch= 100      train_loss=  11.8387      val_loss=  66.6941      best=1      size=  60      nSHD_c=   2.7333      nSHD=   2.6333      tpr_c=   0.2833      change_adj_count=31      
2022-08-18 BST 05:09:17,031 - INFO -  epoch= 200      train_loss=  11.7849      val_loss=  67.0034      best=1      size=  60      nSHD_c=   2.7333      nSHD=   2.6333      tpr_c=   0.2833      change_adj_count=31      
2022-08-18 BST 05:09:35,433 - INFO -  epoch= 300      train_loss=  11.8356      val_loss=  64.1675      best=1      size=  60      nSHD_c=   2.7333      nSHD=   2.6333      tpr_c=   0.2833      change_adj_count=31      
2022-08-18 BST 05:09:53,790 - INFO -  epoch= 400      train_loss=  11.6857      val_loss=  58.1709      best=1      size=  60      nSHD_c=   2.7333      nSHD=   2.6333      tpr_c=   0.2833      change_adj_count=31      
2022-08-18 BST 05:10:11,618 - INFO -  epoch= 500      train_loss=  11.5990      val_loss=  59.6687      best=1      size=  60      nSHD_c=   2.7333      nSHD=   2.6333      tpr_c=   0.2833      change_adj_count=31      
2022-08-18 BST 05:10:30,110 - INFO -  epoch= 600      train_loss=  11.4890      val_loss=  55.1335      best=1      size=  60      nSHD_c=   2.7333      nSHD=   2.6333      tpr_c=   0.2833      change_adj_count=31      
2022-08-18 BST 05:10:47,641 - INFO -  epoch= 700      train_loss=  11.3095      val_loss=  54.2751      best=1      size=  60      nSHD_c=   2.7333      nSHD=   2.6333      tpr_c=   0.2833      change_adj_count=31      
2022-08-18 BST 05:11:05,410 - INFO -  epoch= 800      train_loss=  11.3495      val_loss=  55.3921      best=1      size=  60      nSHD_c=   2.7333      nSHD=   2.6333      tpr_c=   0.2833      change_adj_count=31      
2022-08-18 BST 05:11:23,488 - INFO -  epoch= 900      train_loss=  11.2264      val_loss=  49.1616      best=1      size=  60      nSHD_c=   2.7333      nSHD=   2.6333      tpr_c=   0.2833      change_adj_count=31      
2022-08-18 BST 05:11:41,460 - INFO -  epoch=1000      train_loss=  10.9659      val_loss=  51.0653      best=1      size=  60      nSHD_c=   2.7333      nSHD=   2.6333      tpr_c=   0.2833      change_adj_count=31      
2022-08-18 BST 05:11:41,461 - INFO - Before params
2022-08-18 BST 05:11:41,461 - INFO - After params={'MAX_SIZE': [66], 'LAMBDA': [100], 'NOISE_TEMPERATURE': [10], 'h_NULL': [0.01], 'h_LR': [0.0001], 'z_RHO': [0], 'z_MU': [0]}
2022-08-18 BST 05:11:41,461 - INFO - After metrics={'train_loss': [10.965906543116416], 'val_loss': [51.065348307291664], 'size': [60], 'nshd_c': [2.7333333333333334], 'nshd': [2.6333333333333333], 'tpr': [0.3389830508474576], 'tpr_c': [0.2833333333333333], 'change_adj_count': [31]}
2022-08-18 BST 05:11:41,478 - INFO - After to_save=   MAX_SIZE  LAMBDA  NOISE_TEMPERATURE  ...       tpr     tpr_c  change_adj_count
0        66     100                 10  ...  0.338983  0.283333                31

[1 rows x 16 columns]
2022-08-18 BST 05:11:41,478 - INFO - After file_path='../results/l_66_4hps.csv'
2022-08-18 BST 05:11:41,480 - INFO - Last epoch results saved in l_66_4hps.csv
2022-08-18 BST 05:11:41,480 - INFO - 

DAG 15: size_true=42	X.var()=8.6273
2022-08-18 BST 05:11:41,707 - INFO -  epoch=   1      train_loss=   8.1971      val_loss=   7.3593      best=1      size=  55      nSHD_c=   2.8667      nSHD=   2.8667      tpr_c=   0.0909      change_adj_count=5      
2022-08-18 BST 05:11:41,926 - INFO -  epoch=   2      train_loss=   7.5522      val_loss=   5.8170      best=1      size=  55      nSHD_c=   2.6667      nSHD=   2.6333      tpr_c=   0.1273      change_adj_count=6      
2022-08-18 BST 05:11:42,150 - INFO -  epoch=   3      train_loss=   7.3919      val_loss=   4.9863      best=1      size=  53      nSHD_c=   2.4667      nSHD=   2.4667      tpr_c=   0.1698      change_adj_count=7      
2022-08-18 BST 05:11:59,012 - INFO -  epoch= 100      train_loss=   6.8640      val_loss=  22.1408      best=1      size=  53      nSHD_c=   1.9667      nSHD=   1.8000      tpr_c=   0.2830      change_adj_count=24      
2022-08-18 BST 05:12:16,485 - INFO -  epoch= 200      train_loss=   6.8560      val_loss=  20.4216      best=1      size=  53      nSHD_c=   1.9667      nSHD=   1.8000      tpr_c=   0.2830      change_adj_count=24      
2022-08-18 BST 05:12:34,440 - INFO -  epoch= 300      train_loss=   6.8224      val_loss=  21.0670      best=1      size=  53      nSHD_c=   1.9667      nSHD=   1.8000      tpr_c=   0.2830      change_adj_count=24      
2022-08-18 BST 05:12:52,749 - INFO -  epoch= 400      train_loss=   6.7107      val_loss=  19.1494      best=1      size=  53      nSHD_c=   1.9667      nSHD=   1.8000      tpr_c=   0.2830      change_adj_count=24      
2022-08-18 BST 05:13:11,238 - INFO -  epoch= 500      train_loss=   6.6737      val_loss=  20.5973      best=1      size=  53      nSHD_c=   1.9667      nSHD=   1.8000      tpr_c=   0.2830      change_adj_count=24      
2022-08-18 BST 05:13:29,820 - INFO -  epoch= 600      train_loss=   6.5688      val_loss=  19.6757      best=1      size=  53      nSHD_c=   1.9667      nSHD=   1.8000      tpr_c=   0.2830      change_adj_count=24      
2022-08-18 BST 05:13:48,788 - INFO -  epoch= 700      train_loss=   6.5639      val_loss=  18.0211      best=1      size=  53      nSHD_c=   1.9667      nSHD=   1.8000      tpr_c=   0.2830      change_adj_count=24      
2022-08-18 BST 05:14:06,806 - INFO -  epoch= 800      train_loss=   6.4654      val_loss=  17.7737      best=1      size=  53      nSHD_c=   1.9667      nSHD=   1.8000      tpr_c=   0.2830      change_adj_count=24      
2022-08-18 BST 05:14:26,101 - INFO -  epoch= 900      train_loss=   6.4727      val_loss=  16.7140      best=1      size=  52      nSHD_c=   1.9000      nSHD=   1.7667      tpr_c=   0.3077      change_adj_count=27      
2022-08-18 BST 05:14:44,323 - INFO -  epoch=1000      train_loss=   6.4301      val_loss=  17.6158      best=1      size=  52      nSHD_c=   1.9000      nSHD=   1.7667      tpr_c=   0.3077      change_adj_count=27      
2022-08-18 BST 05:14:44,323 - INFO - Before params
2022-08-18 BST 05:14:44,323 - INFO - After params={'MAX_SIZE': [66], 'LAMBDA': [100], 'NOISE_TEMPERATURE': [10], 'h_NULL': [0.01], 'h_LR': [0.0001], 'z_RHO': [0], 'z_MU': [0]}
2022-08-18 BST 05:14:44,323 - INFO - After metrics={'train_loss': [6.430091996346751], 'val_loss': [17.615769386291504], 'size': [52], 'nshd_c': [1.9], 'nshd': [1.7666666666666666], 'tpr': [0.47619047619047616], 'tpr_c': [0.3076923076923077], 'change_adj_count': [27]}
2022-08-18 BST 05:14:44,340 - INFO - After to_save=   MAX_SIZE  LAMBDA  NOISE_TEMPERATURE  ...      tpr     tpr_c  change_adj_count
0        66     100                 10  ...  0.47619  0.307692                27

[1 rows x 16 columns]
2022-08-18 BST 05:14:44,340 - INFO - After file_path='../results/l_66_4hps.csv'
2022-08-18 BST 05:14:44,342 - INFO - Last epoch results saved in l_66_4hps.csv
2022-08-18 BST 05:14:44,342 - INFO - 

DAG 16: size_true=50	X.var()=12.1502
2022-08-18 BST 05:14:44,565 - INFO -  epoch=   1      train_loss=  11.3423      val_loss=  11.1635      best=1      size=  57      nSHD_c=   3.2333      nSHD=   3.2333      tpr_c=   0.0526      change_adj_count=5      
2022-08-18 BST 05:14:44,777 - INFO -  epoch=   2      train_loss=  10.5917      val_loss=   8.4845      best=1      size=  55      nSHD_c=   3.0000      nSHD=   2.9667      tpr_c=   0.0909      change_adj_count=6      
2022-08-18 BST 05:14:44,988 - INFO -  epoch=   3      train_loss=  10.0449      val_loss=   6.2131      best=1      size=  55      nSHD_c=   2.6667      nSHD=   2.6667      tpr_c=   0.1818      change_adj_count=7      
2022-08-18 BST 05:15:01,780 - INFO -  epoch= 100      train_loss=   9.2793      val_loss=  31.9262      best=1      size=  54      nSHD_c=   2.3667      nSHD=   2.2667      tpr_c=   0.2778      change_adj_count=23      
2022-08-18 BST 05:15:19,627 - INFO -  epoch= 200      train_loss=   9.3745      val_loss=  31.3900      best=1      size=  54      nSHD_c=   2.3667      nSHD=   2.2667      tpr_c=   0.2778      change_adj_count=27      
2022-08-18 BST 05:15:37,659 - INFO -  epoch= 300      train_loss=   9.3429      val_loss=  31.7073      best=1      size=  54      nSHD_c=   2.3667      nSHD=   2.2667      tpr_c=   0.2778      change_adj_count=35      
2022-08-18 BST 05:15:56,031 - INFO -  epoch= 400      train_loss=   9.2141      val_loss=  30.9882      best=1      size=  54      nSHD_c=   2.3333      nSHD=   2.2000      tpr_c=   0.2778      change_adj_count=38      
2022-08-18 BST 05:16:14,798 - INFO -  epoch= 500      train_loss=   9.1486      val_loss=  29.8511      best=1      size=  54      nSHD_c=   2.3333      nSHD=   2.2000      tpr_c=   0.2778      change_adj_count=38      
2022-08-18 BST 05:16:34,028 - INFO -  epoch= 600      train_loss=   8.9060      val_loss=  29.1611      best=1      size=  54      nSHD_c=   2.3333      nSHD=   2.2000      tpr_c=   0.2778      change_adj_count=38      
2022-08-18 BST 05:16:53,013 - INFO -  epoch= 700      train_loss=   8.9568      val_loss=  29.0147      best=1      size=  54      nSHD_c=   2.3333      nSHD=   2.2000      tpr_c=   0.2778      change_adj_count=38      
2022-08-18 BST 05:17:11,387 - INFO -  epoch= 800      train_loss=   8.9357      val_loss=  27.3153      best=1      size=  54      nSHD_c=   2.3333      nSHD=   2.2000      tpr_c=   0.2778      change_adj_count=38      
2022-08-18 BST 05:17:29,494 - INFO -  epoch= 900      train_loss=   8.6657      val_loss=  27.4186      best=1      size=  54      nSHD_c=   2.3333      nSHD=   2.2000      tpr_c=   0.2778      change_adj_count=38      
2022-08-18 BST 05:17:48,022 - INFO -  epoch=1000      train_loss=   8.7985      val_loss=  28.7314      best=1      size=  54      nSHD_c=   2.3333      nSHD=   2.2000      tpr_c=   0.2778      change_adj_count=38      
2022-08-18 BST 05:17:48,022 - INFO - Before params
2022-08-18 BST 05:17:48,022 - INFO - After params={'MAX_SIZE': [66], 'LAMBDA': [100], 'NOISE_TEMPERATURE': [10], 'h_NULL': [0.01], 'h_LR': [0.0001], 'z_RHO': [0], 'z_MU': [0]}
2022-08-18 BST 05:17:48,022 - INFO - After metrics={'train_loss': [8.798485032973751], 'val_loss': [28.731369018554688], 'size': [54], 'nshd_c': [2.3333333333333335], 'nshd': [2.2], 'tpr': [0.38], 'tpr_c': [0.2777777777777778], 'change_adj_count': [38]}
2022-08-18 BST 05:17:48,038 - INFO - After to_save=   MAX_SIZE  LAMBDA  NOISE_TEMPERATURE  ...   tpr     tpr_c  change_adj_count
0        66     100                 10  ...  0.38  0.277778                38

[1 rows x 16 columns]
2022-08-18 BST 05:17:48,039 - INFO - After file_path='../results/l_66_4hps.csv'
2022-08-18 BST 05:17:48,041 - INFO - Last epoch results saved in l_66_4hps.csv
2022-08-18 BST 05:17:48,041 - INFO - 

DAG 17: size_true=49	X.var()=16.5203
2022-08-18 BST 05:17:48,275 - INFO -  epoch=   1      train_loss=  15.3519      val_loss=  12.9414      best=1      size=  57      nSHD_c=   3.5000      nSHD=   3.5000      tpr_c=   0.0000      change_adj_count=5      
2022-08-18 BST 05:17:48,491 - INFO -  epoch=   2      train_loss=  13.7922      val_loss=  10.3958      best=1      size=  55      nSHD_c=   3.1667      nSHD=   3.1667      tpr_c=   0.0545      change_adj_count=6      
2022-08-18 BST 05:18:05,990 - INFO -  epoch= 100      train_loss=  11.9326      val_loss=  65.3909      best=1      size=  53      nSHD_c=   2.2000      nSHD=   2.2000      tpr_c=   0.3396      change_adj_count=29      
2022-08-18 BST 05:18:23,349 - INFO -  epoch= 200      train_loss=  11.6692      val_loss=  64.4864      best=1      size=  53      nSHD_c=   2.2000      nSHD=   2.2000      tpr_c=   0.3396      change_adj_count=34      
2022-08-18 BST 05:18:41,308 - INFO -  epoch= 300      train_loss=  11.7864      val_loss=  58.4184      best=1      size=  53      nSHD_c=   2.2000      nSHD=   2.2000      tpr_c=   0.3396      change_adj_count=48      
2022-08-18 BST 05:19:00,858 - INFO -  epoch= 400      train_loss=  11.5502      val_loss=  60.4748      best=1      size=  53      nSHD_c=   2.2000      nSHD=   2.2000      tpr_c=   0.3396      change_adj_count=48      
2022-08-18 BST 05:19:19,344 - INFO -  epoch= 500      train_loss=  11.6238      val_loss=  54.0734      best=1      size=  53      nSHD_c=   2.2000      nSHD=   2.2000      tpr_c=   0.3396      change_adj_count=48      
2022-08-18 BST 05:19:37,692 - INFO -  epoch= 600      train_loss=  11.2387      val_loss=  51.1640      best=1      size=  53      nSHD_c=   2.2000      nSHD=   2.2000      tpr_c=   0.3396      change_adj_count=48      
2022-08-18 BST 05:19:55,010 - INFO -  epoch= 700      train_loss=  11.1302      val_loss=  55.7992      best=1      size=  53      nSHD_c=   2.2000      nSHD=   2.2000      tpr_c=   0.3396      change_adj_count=48      
2022-08-18 BST 05:20:13,629 - INFO -  epoch= 800      train_loss=  11.1623      val_loss=  53.5204      best=1      size=  53      nSHD_c=   2.2000      nSHD=   2.2000      tpr_c=   0.3396      change_adj_count=48      
2022-08-18 BST 05:20:32,107 - INFO -  epoch= 900      train_loss=  11.0948      val_loss=  52.6658      best=1      size=  53      nSHD_c=   2.2000      nSHD=   2.2000      tpr_c=   0.3396      change_adj_count=48      
2022-08-18 BST 05:20:50,234 - INFO -  epoch=1000      train_loss=  10.9342      val_loss=  49.7319      best=1      size=  53      nSHD_c=   2.2000      nSHD=   2.2000      tpr_c=   0.3396      change_adj_count=48      
2022-08-18 BST 05:20:50,234 - INFO - Before params
2022-08-18 BST 05:20:50,234 - INFO - After params={'MAX_SIZE': [66], 'LAMBDA': [100], 'NOISE_TEMPERATURE': [10], 'h_NULL': [0.01], 'h_LR': [0.0001], 'z_RHO': [0], 'z_MU': [0]}
2022-08-18 BST 05:20:50,235 - INFO - After metrics={'train_loss': [10.934167338955787], 'val_loss': [49.731878916422524], 'size': [53], 'nshd_c': [2.2], 'nshd': [2.2], 'tpr': [0.3673469387755102], 'tpr_c': [0.33962264150943394], 'change_adj_count': [48]}
2022-08-18 BST 05:20:50,251 - INFO - After to_save=   MAX_SIZE  LAMBDA  NOISE_TEMPERATURE  ...       tpr     tpr_c  change_adj_count
0        66     100                 10  ...  0.367347  0.339623                48

[1 rows x 16 columns]
2022-08-18 BST 05:20:50,251 - INFO - After file_path='../results/l_66_4hps.csv'
2022-08-18 BST 05:20:50,253 - INFO - Last epoch results saved in l_66_4hps.csv
2022-08-18 BST 05:20:50,254 - INFO - 

DAG 18: size_true=56	X.var()=17.9506
2022-08-18 BST 05:20:50,494 - INFO -  epoch=   1      train_loss=  16.8434      val_loss=  12.6263      best=1      size=  58      nSHD_c=   3.4000      nSHD=   3.4000      tpr_c=   0.0862      change_adj_count=5      
2022-08-18 BST 05:20:50,721 - INFO -  epoch=   2      train_loss=  15.3665      val_loss=   8.2632      best=1      size=  55      nSHD_c=   3.3333      nSHD=   3.3333      tpr_c=   0.0545      change_adj_count=6      
2022-08-18 BST 05:21:08,968 - INFO -  epoch= 100      train_loss=  12.8457      val_loss=  76.8687      best=1      size=  62      nSHD_c=   2.9333      nSHD=   2.9000      tpr_c=   0.2097      change_adj_count=28      
2022-08-18 BST 05:21:27,314 - INFO -  epoch= 200      train_loss=  12.6214      val_loss=  69.7770      best=1      size=  62      nSHD_c=   2.9333      nSHD=   2.9000      tpr_c=   0.2097      change_adj_count=28      
2022-08-18 BST 05:21:45,012 - INFO -  epoch= 300      train_loss=  12.3364      val_loss=  72.4300      best=1      size=  62      nSHD_c=   2.9333      nSHD=   2.9000      tpr_c=   0.2097      change_adj_count=28      
2022-08-18 BST 05:22:03,011 - INFO -  epoch= 400      train_loss=  12.4197      val_loss=  66.8932      best=1      size=  62      nSHD_c=   2.9333      nSHD=   2.9000      tpr_c=   0.2097      change_adj_count=28      
2022-08-18 BST 05:22:20,847 - INFO -  epoch= 500      train_loss=  12.4743      val_loss=  65.2745      best=1      size=  62      nSHD_c=   2.9333      nSHD=   2.9000      tpr_c=   0.2097      change_adj_count=28      
2022-08-18 BST 05:22:39,486 - INFO -  epoch= 600      train_loss=  12.1347      val_loss=  65.0790      best=1      size=  62      nSHD_c=   2.9333      nSHD=   2.9000      tpr_c=   0.2097      change_adj_count=28      
2022-08-18 BST 05:22:57,672 - INFO -  epoch= 700      train_loss=  12.2187      val_loss=  63.9482      best=1      size=  62      nSHD_c=   2.9333      nSHD=   2.9000      tpr_c=   0.2097      change_adj_count=28      
2022-08-18 BST 05:23:14,963 - INFO -  epoch= 800      train_loss=  12.0010      val_loss=  61.2991      best=1      size=  62      nSHD_c=   2.9333      nSHD=   2.9000      tpr_c=   0.2097      change_adj_count=28      
2022-08-18 BST 05:23:33,090 - INFO -  epoch= 900      train_loss=  11.5548      val_loss=  56.3860      best=1      size=  62      nSHD_c=   2.9000      nSHD=   2.8333      tpr_c=   0.2097      change_adj_count=29      
2022-08-18 BST 05:23:50,417 - INFO -  epoch=1000      train_loss=  11.7717      val_loss=  51.6769      best=1      size=  62      nSHD_c=   2.9000      nSHD=   2.8333      tpr_c=   0.2097      change_adj_count=29      
2022-08-18 BST 05:23:50,417 - INFO - Before params
2022-08-18 BST 05:23:50,418 - INFO - After params={'MAX_SIZE': [66], 'LAMBDA': [100], 'NOISE_TEMPERATURE': [10], 'h_NULL': [0.01], 'h_LR': [0.0001], 'z_RHO': [0], 'z_MU': [0]}
2022-08-18 BST 05:23:50,418 - INFO - After metrics={'train_loss': [11.771745958635885], 'val_loss': [51.67693646748861], 'size': [62], 'nshd_c': [2.9], 'nshd': [2.8333333333333335], 'tpr': [0.26785714285714285], 'tpr_c': [0.20967741935483872], 'change_adj_count': [29]}
2022-08-18 BST 05:23:50,434 - INFO - After to_save=   MAX_SIZE  LAMBDA  NOISE_TEMPERATURE  ...       tpr     tpr_c  change_adj_count
0        66     100                 10  ...  0.267857  0.209677                29

[1 rows x 16 columns]
2022-08-18 BST 05:23:50,434 - INFO - After file_path='../results/l_66_4hps.csv'
2022-08-18 BST 05:23:50,436 - INFO - Last epoch results saved in l_66_4hps.csv
2022-08-18 BST 05:23:50,437 - INFO - 

DAG 19: size_true=57	X.var()=24.8142
2022-08-18 BST 05:23:50,661 - INFO -  epoch=   1      train_loss=  22.3762      val_loss=  18.9850      best=1      size=  56      nSHD_c=   3.3667      nSHD=   3.3667      tpr_c=   0.0893      change_adj_count=5      
2022-08-18 BST 05:23:50,871 - INFO -  epoch=   2      train_loss=  20.0467      val_loss=  13.4185      best=1      size=  52      nSHD_c=   3.1667      nSHD=   3.1333      tpr_c=   0.1154      change_adj_count=6      
2022-08-18 BST 05:24:08,030 - INFO -  epoch= 100      train_loss=  16.8065      val_loss= 148.5516      best=1      size=  58      nSHD_c=   2.9000      nSHD=   2.8333      tpr_c=   0.2241      change_adj_count=32      
2022-08-18 BST 05:24:25,358 - INFO -  epoch= 200      train_loss=  16.7350      val_loss= 147.2319      best=1      size=  58      nSHD_c=   2.9000      nSHD=   2.8333      tpr_c=   0.2241      change_adj_count=34      
2022-08-18 BST 05:24:42,814 - INFO -  epoch= 300      train_loss=  16.4795      val_loss= 136.3184      best=1      size=  58      nSHD_c=   2.9000      nSHD=   2.8333      tpr_c=   0.2241      change_adj_count=34      
2022-08-18 BST 05:25:00,120 - INFO -  epoch= 400      train_loss=  16.1716      val_loss= 132.4272      best=1      size=  58      nSHD_c=   2.9000      nSHD=   2.8333      tpr_c=   0.2241      change_adj_count=34      
2022-08-18 BST 05:25:18,054 - INFO -  epoch= 500      train_loss=  15.8774      val_loss= 120.0564      best=1      size=  57      nSHD_c=   2.8667      nSHD=   2.8000      tpr_c=   0.2281      change_adj_count=37      
2022-08-18 BST 05:25:35,508 - INFO -  epoch= 600      train_loss=  15.8934      val_loss= 122.4353      best=1      size=  57      nSHD_c=   2.8667      nSHD=   2.8000      tpr_c=   0.2281      change_adj_count=37      
2022-08-18 BST 05:25:52,946 - INFO -  epoch= 700      train_loss=  15.8035      val_loss= 112.0468      best=1      size=  57      nSHD_c=   2.8667      nSHD=   2.8000      tpr_c=   0.2281      change_adj_count=37      
2022-08-18 BST 05:26:10,379 - INFO -  epoch= 800      train_loss=  15.5328      val_loss= 108.8756      best=1      size=  57      nSHD_c=   2.7667      nSHD=   2.7333      tpr_c=   0.2632      change_adj_count=42      
2022-08-18 BST 05:26:27,507 - INFO -  epoch= 900      train_loss=  15.7385      val_loss= 106.4803      best=1      size=  57      nSHD_c=   2.7667      nSHD=   2.7333      tpr_c=   0.2632      change_adj_count=44      
2022-08-18 BST 05:26:44,552 - INFO -  epoch=1000      train_loss=  15.2522      val_loss= 100.4519      best=1      size=  57      nSHD_c=   2.7667      nSHD=   2.7333      tpr_c=   0.2632      change_adj_count=44      
2022-08-18 BST 05:26:44,553 - INFO - Before params
2022-08-18 BST 05:26:44,553 - INFO - After params={'MAX_SIZE': [66], 'LAMBDA': [100], 'NOISE_TEMPERATURE': [10], 'h_NULL': [0.01], 'h_LR': [0.0001], 'z_RHO': [0], 'z_MU': [0]}
2022-08-18 BST 05:26:44,553 - INFO - After metrics={'train_loss': [15.252211539976058], 'val_loss': [100.4518674214681], 'size': [57], 'nshd_c': [2.7666666666666666], 'nshd': [2.7333333333333334], 'tpr': [0.2807017543859649], 'tpr_c': [0.2631578947368421], 'change_adj_count': [44]}
2022-08-18 BST 05:26:44,569 - INFO - After to_save=   MAX_SIZE  LAMBDA  NOISE_TEMPERATURE  ...       tpr     tpr_c  change_adj_count
0        66     100                 10  ...  0.280702  0.263158                44

[1 rows x 16 columns]
2022-08-18 BST 05:26:44,569 - INFO - After file_path='../results/l_66_4hps.csv'
2022-08-18 BST 05:26:44,571 - INFO - Last epoch results saved in l_66_4hps.csv
2022-08-18 BST 05:26:44,572 - INFO - 

DAG 20: size_true=59	X.var()=201.6824
2022-08-18 BST 05:26:44,799 - INFO -  epoch=   1      train_loss= 185.0800      val_loss=  93.7381      best=1      size=  58      nSHD_c=   3.6333      nSHD=   3.6333      tpr_c=   0.0517      change_adj_count=5      
2022-08-18 BST 05:27:01,974 - INFO -  epoch= 100      train_loss=  99.3382      val_loss=2911.5592      best=1      size=  60      nSHD_c=   3.5333      nSHD=   3.4667      tpr_c=   0.0833      change_adj_count=38      
2022-08-18 BST 05:27:19,306 - INFO -  epoch= 200      train_loss=  96.4753      val_loss=2982.5978      best=1      size=  60      nSHD_c=   3.5333      nSHD=   3.5333      tpr_c=   0.1000      change_adj_count=43      
2022-08-18 BST 05:27:37,183 - INFO -  epoch= 300      train_loss=  94.6075      val_loss=2715.1601      best=1      size=  60      nSHD_c=   3.5333      nSHD=   3.4667      tpr_c=   0.0833      change_adj_count=56      
2022-08-18 BST 05:27:56,039 - INFO -  epoch= 400      train_loss=  90.2935      val_loss=3152.5889      best=1      size=  60      nSHD_c=   3.5000      nSHD=   3.4333      tpr_c=   0.1000      change_adj_count=56      
2022-08-18 BST 05:28:13,803 - INFO -  epoch= 500      train_loss=  90.6359      val_loss=2733.6225      best=1      size=  60      nSHD_c=   3.5000      nSHD=   3.4333      tpr_c=   0.1000      change_adj_count=56      
2022-08-18 BST 05:28:31,402 - INFO -  epoch= 600      train_loss=  87.5484      val_loss=2711.6760      best=1      size=  59      nSHD_c=   3.4667      nSHD=   3.4000      tpr_c=   0.1017      change_adj_count=57      
2022-08-18 BST 05:28:48,826 - INFO -  epoch= 700      train_loss=  86.4456      val_loss=2504.5561      best=1      size=  59      nSHD_c=   3.4667      nSHD=   3.4000      tpr_c=   0.1017      change_adj_count=59      
2022-08-18 BST 05:29:07,220 - INFO -  epoch= 800      train_loss=  84.9726      val_loss=2328.0123      best=1      size=  58      nSHD_c=   3.4333      nSHD=   3.3667      tpr_c=   0.1034      change_adj_count=63      
2022-08-18 BST 05:29:25,529 - INFO -  epoch= 900      train_loss=  86.5357      val_loss=2050.5140      best=1      size=  58      nSHD_c=   3.4333      nSHD=   3.3667      tpr_c=   0.1034      change_adj_count=65      
2022-08-18 BST 05:29:44,763 - INFO -  epoch=1000      train_loss=  84.9009      val_loss=2109.8720      best=1      size=  57      nSHD_c=   3.4000      nSHD=   3.3333      tpr_c=   0.1053      change_adj_count=71      
2022-08-18 BST 05:29:44,764 - INFO - Before params
2022-08-18 BST 05:29:44,764 - INFO - After params={'MAX_SIZE': [66], 'LAMBDA': [100], 'NOISE_TEMPERATURE': [10], 'h_NULL': [0.01], 'h_LR': [0.0001], 'z_RHO': [0], 'z_MU': [0]}
2022-08-18 BST 05:29:44,764 - INFO - After metrics={'train_loss': [84.90094535581527], 'val_loss': [2109.8719685872397], 'size': [57], 'nshd_c': [3.4], 'nshd': [3.3333333333333335], 'tpr': [0.13559322033898305], 'tpr_c': [0.10526315789473684], 'change_adj_count': [71]}
2022-08-18 BST 05:29:44,784 - INFO - After to_save=   MAX_SIZE  LAMBDA  NOISE_TEMPERATURE  ...       tpr     tpr_c  change_adj_count
0        66     100                 10  ...  0.135593  0.105263                71

[1 rows x 16 columns]
2022-08-18 BST 05:29:44,784 - INFO - After file_path='../results/l_66_4hps.csv'
2022-08-18 BST 05:29:44,787 - INFO - Last epoch results saved in l_66_4hps.csv
2022-08-18 BST 05:29:44,787 - INFO - 

DAG 21: size_true=57	X.var()=21.1204
2022-08-18 BST 05:29:45,048 - INFO -  epoch=   1      train_loss=  19.1096      val_loss=  16.3999      best=1      size=  59      nSHD_c=   3.2667      nSHD=   3.2667      tpr_c=   0.0678      change_adj_count=5      
2022-08-18 BST 05:29:45,276 - INFO -  epoch=   2      train_loss=  17.1098      val_loss=  16.9237      best=1      size=  54      nSHD_c=   3.1000      nSHD=   3.0667      tpr_c=   0.0556      change_adj_count=6      
2022-08-18 BST 05:30:03,770 - INFO -  epoch= 100      train_loss=  14.2313      val_loss= 116.8503      best=1      size=  54      nSHD_c=   2.8667      nSHD=   2.8333      tpr_c=   0.2037      change_adj_count=38      
2022-08-18 BST 05:30:23,078 - INFO -  epoch= 200      train_loss=  13.9989      val_loss= 114.1693      best=1      size=  54      nSHD_c=   2.8667      nSHD=   2.8333      tpr_c=   0.2037      change_adj_count=40      
2022-08-18 BST 05:30:42,376 - INFO -  epoch= 300      train_loss=  13.4417      val_loss= 105.2469      best=1      size=  53      nSHD_c=   2.8333      nSHD=   2.8000      tpr_c=   0.2075      change_adj_count=43      
2022-08-18 BST 05:31:01,621 - INFO -  epoch= 400      train_loss=  13.6474      val_loss=  94.7404      best=1      size=  53      nSHD_c=   2.8000      nSHD=   2.7333      tpr_c=   0.2075      change_adj_count=45      
2022-08-18 BST 05:31:19,197 - INFO -  epoch= 500      train_loss=  13.5287      val_loss= 113.2924      best=1      size=  53      nSHD_c=   2.8667      nSHD=   2.8000      tpr_c=   0.1698      change_adj_count=49      
2022-08-18 BST 05:31:36,883 - INFO -  epoch= 600      train_loss=  13.3955      val_loss= 112.8111      best=1      size=  53      nSHD_c=   2.8667      nSHD=   2.8000      tpr_c=   0.1698      change_adj_count=49      
2022-08-18 BST 05:31:55,750 - INFO -  epoch= 700      train_loss=  13.2033      val_loss= 103.9377      best=1      size=  53      nSHD_c=   2.8667      nSHD=   2.8000      tpr_c=   0.1698      change_adj_count=49      
2022-08-18 BST 05:32:15,010 - INFO -  epoch= 800      train_loss=  12.8767      val_loss= 113.9945      best=1      size=  53      nSHD_c=   2.8667      nSHD=   2.8000      tpr_c=   0.1698      change_adj_count=49      
2022-08-18 BST 05:32:33,415 - INFO -  epoch= 900      train_loss=  13.1924      val_loss= 100.3814      best=1      size=  53      nSHD_c=   2.8667      nSHD=   2.8000      tpr_c=   0.1698      change_adj_count=49      
2022-08-18 BST 05:32:52,443 - INFO -  epoch=1000      train_loss=  12.6497      val_loss= 105.3124      best=1      size=  53      nSHD_c=   2.8667      nSHD=   2.8000      tpr_c=   0.1698      change_adj_count=49      
2022-08-18 BST 05:32:52,444 - INFO - Before params
2022-08-18 BST 05:32:52,444 - INFO - After params={'MAX_SIZE': [66], 'LAMBDA': [100], 'NOISE_TEMPERATURE': [10], 'h_NULL': [0.01], 'h_LR': [0.0001], 'z_RHO': [0], 'z_MU': [0]}
2022-08-18 BST 05:32:52,444 - INFO - After metrics={'train_loss': [12.649708317172143], 'val_loss': [105.31243260701497], 'size': [53], 'nshd_c': [2.8666666666666667], 'nshd': [2.8], 'tpr': [0.19298245614035087], 'tpr_c': [0.16981132075471697], 'change_adj_count': [49]}
2022-08-18 BST 05:32:52,464 - INFO - After to_save=   MAX_SIZE  LAMBDA  NOISE_TEMPERATURE  ...       tpr     tpr_c  change_adj_count
0        66     100                 10  ...  0.192982  0.169811                49

[1 rows x 16 columns]
2022-08-18 BST 05:32:52,464 - INFO - After file_path='../results/l_66_4hps.csv'
2022-08-18 BST 05:32:52,467 - INFO - Last epoch results saved in l_66_4hps.csv
2022-08-18 BST 05:32:52,467 - INFO - 

DAG 22: size_true=60	X.var()=129.8499
2022-08-18 BST 05:32:52,712 - INFO -  epoch=   1      train_loss= 119.7683      val_loss=  88.2587      best=1      size=  55      nSHD_c=   3.4333      nSHD=   3.4333      tpr_c=   0.0545      change_adj_count=5      
2022-08-18 BST 05:32:52,944 - INFO -  epoch=   2      train_loss= 105.0805      val_loss=  69.2083      best=1      size=  48      nSHD_c=   3.1333      nSHD=   3.1333      tpr_c=   0.1042      change_adj_count=6      
2022-08-18 BST 05:33:12,264 - INFO -  epoch= 100      train_loss=  71.1272      val_loss=2125.2766      best=1      size=  58      nSHD_c=   3.0333      nSHD=   3.0000      tpr_c=   0.2069      change_adj_count=34      
2022-08-18 BST 05:33:30,541 - INFO -  epoch= 200      train_loss=  70.1444      val_loss=1970.0846      best=1      size=  58      nSHD_c=   3.0333      nSHD=   3.0000      tpr_c=   0.2069      change_adj_count=37      
2022-08-18 BST 05:33:49,012 - INFO -  epoch= 300      train_loss=  66.9025      val_loss=1922.8964      best=1      size=  58      nSHD_c=   3.0333      nSHD=   3.0000      tpr_c=   0.2069      change_adj_count=37      
2022-08-18 BST 05:34:08,068 - INFO -  epoch= 400      train_loss=  66.7976      val_loss=1883.2442      best=1      size=  58      nSHD_c=   3.0333      nSHD=   3.0000      tpr_c=   0.2069      change_adj_count=37      
2022-08-18 BST 05:34:27,282 - INFO -  epoch= 500      train_loss=  65.4019      val_loss=1972.5153      best=1      size=  58      nSHD_c=   3.0000      nSHD=   2.9667      tpr_c=   0.2241      change_adj_count=37      
2022-08-18 BST 05:34:46,908 - INFO -  epoch= 600      train_loss=  63.1289      val_loss=1800.0720      best=1      size=  58      nSHD_c=   3.0000      nSHD=   2.9667      tpr_c=   0.2241      change_adj_count=37      
2022-08-18 BST 05:35:04,888 - INFO -  epoch= 700      train_loss=  62.9271      val_loss=1712.2948      best=1      size=  58      nSHD_c=   3.0000      nSHD=   2.9667      tpr_c=   0.2241      change_adj_count=38      
2022-08-18 BST 05:35:23,259 - INFO -  epoch= 800      train_loss=  61.0786      val_loss=1673.7052      best=1      size=  58      nSHD_c=   3.0000      nSHD=   2.9667      tpr_c=   0.2241      change_adj_count=38      
2022-08-18 BST 05:35:41,631 - INFO -  epoch= 900      train_loss=  61.9437      val_loss=1402.7968      best=1      size=  58      nSHD_c=   3.0000      nSHD=   2.9667      tpr_c=   0.2241      change_adj_count=38      
2022-08-18 BST 05:35:59,484 - INFO -  epoch=1000      train_loss=  58.8828      val_loss=1383.9000      best=1      size=  58      nSHD_c=   3.0000      nSHD=   2.9667      tpr_c=   0.2241      change_adj_count=38      
2022-08-18 BST 05:35:59,485 - INFO - Before params
2022-08-18 BST 05:35:59,485 - INFO - After params={'MAX_SIZE': [66], 'LAMBDA': [100], 'NOISE_TEMPERATURE': [10], 'h_NULL': [0.01], 'h_LR': [0.0001], 'z_RHO': [0], 'z_MU': [0]}
2022-08-18 BST 05:35:59,485 - INFO - After metrics={'train_loss': [58.882830589048325], 'val_loss': [1383.9000142415364], 'size': [58], 'nshd_c': [3.0], 'nshd': [2.966666666666667], 'tpr': [0.23333333333333334], 'tpr_c': [0.22413793103448276], 'change_adj_count': [38]}
2022-08-18 BST 05:35:59,501 - INFO - After to_save=   MAX_SIZE  LAMBDA  NOISE_TEMPERATURE  ...       tpr     tpr_c  change_adj_count
0        66     100                 10  ...  0.233333  0.224138                38

[1 rows x 16 columns]
2022-08-18 BST 05:35:59,501 - INFO - After file_path='../results/l_66_4hps.csv'
2022-08-18 BST 05:35:59,503 - INFO - Last epoch results saved in l_66_4hps.csv
2022-08-18 BST 05:35:59,504 - INFO - 

DAG 23: size_true=49	X.var()=14.1269
2022-08-18 BST 05:35:59,726 - INFO -  epoch=   1      train_loss=  13.4106      val_loss=  13.3180      best=1      size=  55      nSHD_c=   3.0333      nSHD=   3.0333      tpr_c=   0.0909      change_adj_count=5      
2022-08-18 BST 05:35:59,936 - INFO -  epoch=   2      train_loss=  12.5561      val_loss=   9.9183      best=1      size=  56      nSHD_c=   2.9333      nSHD=   2.9000      tpr_c=   0.1071      change_adj_count=6      
2022-08-18 BST 05:36:18,001 - INFO -  epoch= 100      train_loss=  10.8551      val_loss=  69.6480      best=1      size=  54      nSHD_c=   1.9667      nSHD=   1.8333      tpr_c=   0.3704      change_adj_count=41      
2022-08-18 BST 05:36:37,653 - INFO -  epoch= 200      train_loss=  10.7927      val_loss=  65.1913      best=1      size=  54      nSHD_c=   1.9000      nSHD=   1.7667      tpr_c=   0.3889      change_adj_count=48      
2022-08-18 BST 05:36:56,463 - INFO -  epoch= 300      train_loss=  10.8051      val_loss=  59.6580      best=1      size=  53      nSHD_c=   1.9333      nSHD=   1.8000      tpr_c=   0.3774      change_adj_count=55      
2022-08-18 BST 05:37:15,423 - INFO -  epoch= 400      train_loss=  10.3906      val_loss=  62.9609      best=1      size=  53      nSHD_c=   1.9333      nSHD=   1.8000      tpr_c=   0.3774      change_adj_count=59      
2022-08-18 BST 05:37:34,429 - INFO -  epoch= 500      train_loss=  10.1747      val_loss=  62.2522      best=1      size=  54      nSHD_c=   1.9000      nSHD=   1.7667      tpr_c=   0.3889      change_adj_count=72      
2022-08-18 BST 05:37:53,292 - INFO -  epoch= 600      train_loss=  10.2923      val_loss=  61.4128      best=1      size=  54      nSHD_c=   1.9000      nSHD=   1.7667      tpr_c=   0.3889      change_adj_count=72      
2022-08-18 BST 05:38:10,569 - INFO -  epoch= 700      train_loss=  10.2547      val_loss=  48.9480      best=1      size=  54      nSHD_c=   1.9000      nSHD=   1.7667      tpr_c=   0.3889      change_adj_count=72      
2022-08-18 BST 05:38:28,634 - INFO -  epoch= 800      train_loss=   9.9866      val_loss=  53.1487      best=1      size=  54      nSHD_c=   1.9000      nSHD=   1.7667      tpr_c=   0.3889      change_adj_count=72      
2022-08-18 BST 05:38:46,589 - INFO -  epoch= 900      train_loss=   9.6351      val_loss=  54.0798      best=1      size=  54      nSHD_c=   1.9000      nSHD=   1.7667      tpr_c=   0.3889      change_adj_count=72      
2022-08-18 BST 05:39:05,635 - INFO -  epoch=1000      train_loss=  10.0316      val_loss=  50.7667      best=1      size=  54      nSHD_c=   1.9000      nSHD=   1.7667      tpr_c=   0.3889      change_adj_count=72      
2022-08-18 BST 05:39:05,636 - INFO - Before params
2022-08-18 BST 05:39:05,636 - INFO - After params={'MAX_SIZE': [66], 'LAMBDA': [100], 'NOISE_TEMPERATURE': [10], 'h_NULL': [0.01], 'h_LR': [0.0001], 'z_RHO': [0], 'z_MU': [0]}
2022-08-18 BST 05:39:05,636 - INFO - After metrics={'train_loss': [10.031570711443502], 'val_loss': [50.76668039957682], 'size': [54], 'nshd_c': [1.9], 'nshd': [1.7666666666666666], 'tpr': [0.5102040816326531], 'tpr_c': [0.3888888888888889], 'change_adj_count': [72]}
2022-08-18 BST 05:39:05,653 - INFO - After to_save=   MAX_SIZE  LAMBDA  NOISE_TEMPERATURE  ...       tpr     tpr_c  change_adj_count
0        66     100                 10  ...  0.510204  0.388889                72

[1 rows x 16 columns]
2022-08-18 BST 05:39:05,653 - INFO - After file_path='../results/l_66_4hps.csv'
2022-08-18 BST 05:39:05,655 - INFO - Last epoch results saved in l_66_4hps.csv
2022-08-18 BST 05:39:05,656 - INFO - 
last_mean_nshd_c=2.8194
2022-08-18 BST 05:39:05,656 - INFO - 
Time taken 1:13:11 (h:mm:ss)
2022-08-18 BST 05:39:05,656 - INFO - 
End of log for run 2022-08-18_BST_04:25:54,479_l_66_4hps_309
