2022-08-17 BST 22:38:22,772 - INFO - 
Log for run 2022-08-17_BST_22:38:22,719_l_66_4hps_222

2022-08-17 BST 22:38:22,773 - INFO - COMMENT = ''
2022-08-17 BST 22:38:22,773 - INFO - DATA_FOLDER = '../data'
2022-08-17 BST 22:38:22,773 - INFO - LATENTS_FOLDER = '../latents'
2022-08-17 BST 22:38:22,773 - INFO - LOGS_FOLDER = '../logs'
2022-08-17 BST 22:38:22,773 - INFO - MODEL_FOLDER = '../models'
2022-08-17 BST 22:38:22,773 - INFO - RESULTS_FOLDER = '../results'
2022-08-17 BST 22:38:22,773 - INFO - DEVICE = torch.device("cuda" if torch.cuda.is_available() else "cpu")  # Used: "cuda"
2022-08-17 BST 22:38:22,773 - INFO - LATENTS = False
2022-08-17 BST 22:38:22,773 - INFO - MATRIX_REPORT = False
2022-08-17 BST 22:38:22,773 - INFO - LABEL = True
2022-08-17 BST 22:38:22,773 - INFO - SAVE_TO_ODS = False
2022-08-17 BST 22:38:22,773 - INFO - VAL_LOSS_FROM_DAG = True
2022-08-17 BST 22:38:22,773 - INFO - WANDB = False
2022-08-17 BST 22:38:22,773 - INFO - WANDB_PROJECT = 'Thetas'
2022-08-17 BST 22:38:22,774 - INFO - GRAD_LOG = False
2022-08-17 BST 22:38:22,774 - INFO - N_TRIALS = 1
2022-08-17 BST 22:38:22,774 - INFO - OPTUNA_STRINGS = {'None': None, 'True': True, 'False': False}
2022-08-17 BST 22:38:22,774 - INFO - TQDM = False
2022-08-17 BST 22:38:22,774 - INFO - 
hyperparameters = {
2022-08-17 BST 22:38:22,774 - INFO - 	'GRAPH_TYPE': 'ER2',
2022-08-17 BST 22:38:22,774 - INFO - 	'D': 30,
2022-08-17 BST 22:38:22,774 - INFO - 	'MAX_SIZE': 66,
2022-08-17 BST 22:38:22,774 - INFO - 	'SEM_NOISE': 'gaussian_ev',
2022-08-17 BST 22:38:22,774 - INFO - 	'N': 1200,
2022-08-17 BST 22:38:22,774 - INFO - 	'VAL': 0.16666666666666666,
2022-08-17 BST 22:38:22,774 - INFO - 	'N_EPOCHS': 1000,
2022-08-17 BST 22:38:22,774 - INFO - 	'BATCH_SIZE': 32,
2022-08-17 BST 22:38:22,774 - INFO - 	'LOG2_BATCH_SIZE': None,
2022-08-17 BST 22:38:22,774 - INFO - 	'BATCH_SHUFFLE': True,
2022-08-17 BST 22:38:22,774 - INFO - 	'N_SAMPLES': 10,
2022-08-17 BST 22:38:22,774 - INFO - 	'MODE': 'max_dag_test_only',
2022-08-17 BST 22:38:22,774 - INFO - 	'AFAS_SCHEDULER': None,
2022-08-17 BST 22:38:22,775 - INFO - 	'MINIZINC_SOLVER': None,
2022-08-17 BST 22:38:22,775 - INFO - 	'f_LINEAR_LAYERS': (),
2022-08-17 BST 22:38:22,775 - INFO - 	'f_BIAS': False,
2022-08-17 BST 22:38:22,775 - INFO - 	'p_LAYER': None,
2022-08-17 BST 22:38:22,775 - INFO - 	'STREAMLINE': False,
2022-08-17 BST 22:38:22,775 - INFO - 	'THRESHOLD': 0.0,
2022-08-17 BST 22:38:22,775 - INFO - 	'h_LINEAR_LAYERS': (),
2022-08-17 BST 22:38:22,775 - INFO - 	'h_NULL': 0,
2022-08-17 BST 22:38:22,775 - INFO - 	'h_LR': 0.001,
2022-08-17 BST 22:38:22,775 - INFO - 	'h_OPTIMIZER': 'torch.optim.Adam(overall_net.h_net.parameters(), lr=h.h_LR)',
2022-08-17 BST 22:38:22,775 - INFO - 	'f_LR': 0.0117744218586073,
2022-08-17 BST 22:38:22,775 - INFO - 	'f_OPTIMIZER': 'torch.optim.Adam(overall_net.f_net.parameters(), lr=h.f_LR)',
2022-08-17 BST 22:38:22,775 - INFO - 	'NOISE_TEMPERATURE': 10,
2022-08-17 BST 22:38:22,775 - INFO - 	'NOISE_DISTRIBUTION': 'LogisticNoiseDistribution()',
2022-08-17 BST 22:38:22,775 - INFO - 	'LAMBDA': 10,
2022-08-17 BST 22:38:22,775 - INFO - 	'LOSS_FN': 'torch.nn.MSELoss()',
2022-08-17 BST 22:38:22,775 - INFO - 	'REGULARIZER': None,
2022-08-17 BST 22:38:22,775 - INFO - 	'z_RHO': 0,
2022-08-17 BST 22:38:22,775 - INFO - 	'z_MU': 0,
2022-08-17 BST 22:38:22,776 - INFO - 	'z_REGULARIZER': 'NoTearsZRegularizer(h.D, h.z_RHO, h.z_MU, c.DEVICE)',
2022-08-17 BST 22:38:22,776 - INFO - 	'LR_SCHEDULER': None,
2022-08-17 BST 22:38:22,776 - INFO - 	'DATA_CATEGORY': 'test',
2022-08-17 BST 22:38:22,776 - INFO - 	'DAGS': '030_ER2_gaussian_ev_2022-08-12_BST_09:55:21,293_create_dags'
2022-08-17 BST 22:38:22,776 - INFO - }

2022-08-17 BST 22:38:26,485 - INFO - 

DAG 0: size_true=69	X.var()=185.8479
2022-08-17 BST 22:38:35,273 - INFO -  epoch=   1      train_loss= 177.5791      val_loss=  63.8515      best=1      size=  47      nSHD_c=   2.8667      nSHD=   2.8000      tpr_c=   0.2766      change_adj_count=5      
2022-08-17 BST 22:38:55,998 - INFO -  epoch= 100      train_loss=  88.7406      val_loss=2096.3266      best=1      size=  60      nSHD_c=   2.9667      nSHD=   2.9667      tpr_c=   0.3333      change_adj_count=27      
2022-08-17 BST 22:39:18,050 - INFO -  epoch= 200      train_loss=  69.9599      val_loss=1308.2894      best=1      size=  60      nSHD_c=   2.9667      nSHD=   2.9667      tpr_c=   0.3333      change_adj_count=27      
2022-08-17 BST 22:39:38,696 - INFO -  epoch= 300      train_loss=  61.5627      val_loss= 670.8717      best=1      size=  57      nSHD_c=   2.9000      nSHD=   2.8667      tpr_c=   0.3333      change_adj_count=32      
2022-08-17 BST 22:40:00,886 - INFO -  epoch= 400      train_loss=  49.9144      val_loss= 493.6194      best=1      size=  57      nSHD_c=   2.8000      nSHD=   2.8000      tpr_c=   0.3684      change_adj_count=36      
2022-08-17 BST 22:40:20,960 - INFO -  epoch= 500      train_loss=  43.4890      val_loss= 284.5435      best=1      size=  57      nSHD_c=   2.8000      nSHD=   2.8000      tpr_c=   0.3684      change_adj_count=37      
2022-08-17 BST 22:40:41,718 - INFO -  epoch= 600      train_loss=  38.5776      val_loss= 213.1684      best=1      size=  57      nSHD_c=   2.8000      nSHD=   2.8000      tpr_c=   0.3684      change_adj_count=37      
2022-08-17 BST 22:41:02,748 - INFO -  epoch= 700      train_loss=  34.4439      val_loss= 152.8942      best=1      size=  56      nSHD_c=   2.7667      nSHD=   2.7667      tpr_c=   0.3750      change_adj_count=38      
2022-08-17 BST 22:41:23,763 - INFO -  epoch= 800      train_loss=  31.0462      val_loss=  99.8948      best=1      size=  56      nSHD_c=   2.7667      nSHD=   2.7667      tpr_c=   0.3750      change_adj_count=40      
2022-08-17 BST 22:41:44,771 - INFO -  epoch= 900      train_loss=  29.1644      val_loss=  86.1316      best=1      size=  56      nSHD_c=   2.7667      nSHD=   2.7667      tpr_c=   0.3750      change_adj_count=40      
2022-08-17 BST 22:42:06,460 - INFO -  epoch=1000      train_loss=  26.3387      val_loss=  74.8750      best=1      size=  56      nSHD_c=   2.7667      nSHD=   2.7667      tpr_c=   0.3750      change_adj_count=41      
2022-08-17 BST 22:42:06,460 - INFO - Before params
2022-08-17 BST 22:42:06,461 - INFO - After params={'MAX_SIZE': [66], 'LAMBDA': [10], 'NOISE_TEMPERATURE': [10], 'h_NULL': [0], 'h_LR': [0.001], 'z_RHO': [0], 'z_MU': [0]}
2022-08-17 BST 22:42:06,461 - INFO - After metrics={'train_loss': [26.338668207968436], 'val_loss': [74.87501462300618], 'size': [56], 'nshd_c': [2.7666666666666666], 'nshd': [2.7666666666666666], 'tpr': [0.30434782608695654], 'tpr_c': [0.375], 'change_adj_count': [41]}
2022-08-17 BST 22:42:06,490 - INFO - After to_save=   MAX_SIZE  LAMBDA  NOISE_TEMPERATURE  ...       tpr  tpr_c  change_adj_count
0        66      10                 10  ...  0.304348  0.375                41

[1 rows x 16 columns]
2022-08-17 BST 22:42:06,490 - INFO - After file_path='../results/l_66_4hps.csv'
2022-08-17 BST 22:42:06,529 - INFO - Last epoch results saved in l_66_4hps.csv
2022-08-17 BST 22:42:06,529 - INFO - 

DAG 1: size_true=67	X.var()=127.1156
2022-08-17 BST 22:42:06,814 - INFO -  epoch=   1      train_loss= 115.2933      val_loss=  53.7001      best=1      size=  40      nSHD_c=   3.0667      nSHD=   3.0667      tpr_c=   0.1750      change_adj_count=5      
2022-08-17 BST 22:42:27,120 - INFO -  epoch= 100      train_loss=  51.3240      val_loss=2166.0175      best=1      size=  60      nSHD_c=   3.5667      nSHD=   3.5667      tpr_c=   0.1667      change_adj_count=29      
2022-08-17 BST 22:42:47,954 - INFO -  epoch= 200      train_loss=  43.7473      val_loss=1280.5977      best=1      size=  60      nSHD_c=   3.5333      nSHD=   3.5000      tpr_c=   0.1667      change_adj_count=32      
2022-08-17 BST 22:43:07,577 - INFO -  epoch= 300      train_loss=  35.9308      val_loss= 779.1967      best=1      size=  60      nSHD_c=   3.5667      nSHD=   3.5667      tpr_c=   0.1667      change_adj_count=35      
2022-08-17 BST 22:43:26,684 - INFO -  epoch= 400      train_loss=  30.7423      val_loss= 512.2508      best=1      size=  60      nSHD_c=   3.5667      nSHD=   3.5667      tpr_c=   0.1667      change_adj_count=35      
2022-08-17 BST 22:43:48,001 - INFO -  epoch= 500      train_loss=  26.9537      val_loss= 303.0402      best=1      size=  60      nSHD_c=   3.5667      nSHD=   3.5667      tpr_c=   0.1667      change_adj_count=36      
2022-08-17 BST 22:44:08,716 - INFO -  epoch= 600      train_loss=  25.1863      val_loss= 202.1139      best=1      size=  60      nSHD_c=   3.5667      nSHD=   3.5667      tpr_c=   0.1667      change_adj_count=37      
2022-08-17 BST 22:44:29,980 - INFO -  epoch= 700      train_loss=  22.8407      val_loss= 155.6207      best=1      size=  59      nSHD_c=   3.5333      nSHD=   3.5333      tpr_c=   0.1695      change_adj_count=38      
2022-08-17 BST 22:44:51,297 - INFO -  epoch= 800      train_loss=  21.4313      val_loss= 141.7083      best=1      size=  59      nSHD_c=   3.5000      nSHD=   3.4667      tpr_c=   0.1695      change_adj_count=39      
2022-08-17 BST 22:45:11,920 - INFO -  epoch= 900      train_loss=  19.9419      val_loss=  92.0978      best=1      size=  59      nSHD_c=   3.4667      nSHD=   3.4000      tpr_c=   0.1695      change_adj_count=40      
2022-08-17 BST 22:45:33,461 - INFO -  epoch=1000      train_loss=  18.8566      val_loss=  77.5966      best=1      size=  59      nSHD_c=   3.4667      nSHD=   3.4000      tpr_c=   0.1695      change_adj_count=42      
2022-08-17 BST 22:45:33,461 - INFO - Before params
2022-08-17 BST 22:45:33,461 - INFO - After params={'MAX_SIZE': [66], 'LAMBDA': [10], 'NOISE_TEMPERATURE': [10], 'h_NULL': [0], 'h_LR': [0.001], 'z_RHO': [0], 'z_MU': [0]}
2022-08-17 BST 22:45:33,461 - INFO - After metrics={'train_loss': [18.85663903144098], 'val_loss': [77.59662246704102], 'size': [59], 'nshd_c': [3.466666666666667], 'nshd': [3.4], 'tpr': [0.1791044776119403], 'tpr_c': [0.1694915254237288], 'change_adj_count': [42]}
2022-08-17 BST 22:45:33,482 - INFO - After to_save=   MAX_SIZE  LAMBDA  NOISE_TEMPERATURE  ...       tpr     tpr_c  change_adj_count
0        66      10                 10  ...  0.179104  0.169492                42

[1 rows x 16 columns]
2022-08-17 BST 22:45:33,483 - INFO - After file_path='../results/l_66_4hps.csv'
2022-08-17 BST 22:45:33,485 - INFO - Last epoch results saved in l_66_4hps.csv
2022-08-17 BST 22:45:33,486 - INFO - 

DAG 2: size_true=64	X.var()=25.7432
2022-08-17 BST 22:45:33,733 - INFO -  epoch=   1      train_loss=  24.4399      val_loss=  17.0349      best=1      size=  53      nSHD_c=   3.0333      nSHD=   3.0000      tpr_c=   0.1698      change_adj_count=5      
2022-08-17 BST 22:45:33,967 - INFO -  epoch=   2      train_loss=  22.7097      val_loss=  11.7724      best=1      size=  46      nSHD_c=   2.5333      nSHD=   2.5000      tpr_c=   0.3043      change_adj_count=6      
2022-08-17 BST 22:45:54,037 - INFO -  epoch= 100      train_loss=  18.2424      val_loss=  71.8616      best=1      size=  56      nSHD_c=   2.7333      nSHD=   2.6000      tpr_c=   0.3036      change_adj_count=27      
2022-08-17 BST 22:46:14,079 - INFO -  epoch= 200      train_loss=  16.8971      val_loss=  57.0817      best=1      size=  56      nSHD_c=   2.7333      nSHD=   2.6000      tpr_c=   0.3036      change_adj_count=28      
2022-08-17 BST 22:46:33,313 - INFO -  epoch= 300      train_loss=  15.5538      val_loss=  44.1894      best=1      size=  56      nSHD_c=   2.7000      nSHD=   2.6000      tpr_c=   0.3214      change_adj_count=31      
2022-08-17 BST 22:46:52,474 - INFO -  epoch= 400      train_loss=  14.4471      val_loss=  34.7508      best=1      size=  56      nSHD_c=   2.6667      nSHD=   2.5333      tpr_c=   0.3214      change_adj_count=32      
2022-08-17 BST 22:47:10,744 - INFO -  epoch= 500      train_loss=  13.1408      val_loss=  25.8408      best=1      size=  56      nSHD_c=   2.6667      nSHD=   2.5333      tpr_c=   0.3214      change_adj_count=32      
2022-08-17 BST 22:47:30,187 - INFO -  epoch= 600      train_loss=  12.1941      val_loss=  21.4372      best=1      size=  56      nSHD_c=   2.7333      nSHD=   2.6000      tpr_c=   0.3036      change_adj_count=37      
2022-08-17 BST 22:47:49,377 - INFO -  epoch= 700      train_loss=  11.2788      val_loss=  15.9424      best=1      size=  55      nSHD_c=   2.6333      nSHD=   2.5000      tpr_c=   0.3273      change_adj_count=41      
2022-08-17 BST 22:48:08,489 - INFO -  epoch= 800      train_loss=  10.3856      val_loss=  12.6713      best=1      size=  55      nSHD_c=   2.5333      nSHD=   2.4333      tpr_c=   0.3636      change_adj_count=44      
2022-08-17 BST 22:48:27,821 - INFO -  epoch= 900      train_loss=   9.6607      val_loss=  11.2713      best=1      size=  55      nSHD_c=   2.5333      nSHD=   2.4333      tpr_c=   0.3636      change_adj_count=44      
2022-08-17 BST 22:48:46,725 - INFO -  epoch=1000      train_loss=   8.9955      val_loss=   9.4957      best=1      size=  54      nSHD_c=   2.4000      nSHD=   2.3333      tpr_c=   0.4074      change_adj_count=46      
2022-08-17 BST 22:48:46,725 - INFO - Before params
2022-08-17 BST 22:48:46,726 - INFO - After params={'MAX_SIZE': [66], 'LAMBDA': [10], 'NOISE_TEMPERATURE': [10], 'h_NULL': [0], 'h_LR': [0.001], 'z_RHO': [0], 'z_MU': [0]}
2022-08-17 BST 22:48:46,726 - INFO - After metrics={'train_loss': [8.9955185767143], 'val_loss': [9.495669841766357], 'size': [54], 'nshd_c': [2.4], 'nshd': [2.3333333333333335], 'tpr': [0.375], 'tpr_c': [0.4074074074074074], 'change_adj_count': [46]}
2022-08-17 BST 22:48:46,744 - INFO - After to_save=   MAX_SIZE  LAMBDA  NOISE_TEMPERATURE  ...    tpr     tpr_c  change_adj_count
0        66      10                 10  ...  0.375  0.407407                46

[1 rows x 16 columns]
2022-08-17 BST 22:48:46,744 - INFO - After file_path='../results/l_66_4hps.csv'
2022-08-17 BST 22:48:46,747 - INFO - Last epoch results saved in l_66_4hps.csv
2022-08-17 BST 22:48:46,747 - INFO - 

DAG 3: size_true=63	X.var()=265.9248
2022-08-17 BST 22:48:46,996 - INFO -  epoch=   1      train_loss= 223.7883      val_loss= 184.1605      best=1      size=  42      nSHD_c=   3.1667      nSHD=   3.1667      tpr_c=   0.0714      change_adj_count=5      
2022-08-17 BST 22:49:05,576 - INFO -  epoch= 100      train_loss= 109.9598      val_loss=3400.3379      best=1      size=  59      nSHD_c=   3.4000      nSHD=   3.4000      tpr_c=   0.1525      change_adj_count=48      
2022-08-17 BST 22:49:23,706 - INFO -  epoch= 200      train_loss=  89.6010      val_loss=2096.3481      best=1      size=  58      nSHD_c=   3.4333      nSHD=   3.4333      tpr_c=   0.1379      change_adj_count=68      
2022-08-17 BST 22:49:42,968 - INFO -  epoch= 300      train_loss=  76.5559      val_loss=1155.8061      best=1      size=  57      nSHD_c=   3.3667      nSHD=   3.3333      tpr_c=   0.1404      change_adj_count=86      
2022-08-17 BST 22:50:01,911 - INFO -  epoch= 400      train_loss=  67.7352      val_loss= 837.1003      best=1      size=  56      nSHD_c=   3.2333      nSHD=   3.2333      tpr_c=   0.1786      change_adj_count=100      
2022-08-17 BST 22:50:20,977 - INFO -  epoch= 500      train_loss=  59.2289      val_loss= 532.3163      best=1      size=  55      nSHD_c=   3.2000      nSHD=   3.2000      tpr_c=   0.1818      change_adj_count=113      
2022-08-17 BST 22:50:39,501 - INFO -  epoch= 600      train_loss=  52.8624      val_loss= 383.9183      best=1      size=  54      nSHD_c=   3.1667      nSHD=   3.1667      tpr_c=   0.1852      change_adj_count=121      
2022-08-17 BST 22:50:58,428 - INFO -  epoch= 700      train_loss=  47.5673      val_loss= 296.4861      best=1      size=  51      nSHD_c=   3.0667      nSHD=   3.0667      tpr_c=   0.1961      change_adj_count=125      
2022-08-17 BST 22:51:17,311 - INFO -  epoch= 800      train_loss=  44.3898      val_loss= 219.5361      best=1      size=  51      nSHD_c=   3.0667      nSHD=   3.0667      tpr_c=   0.1961      change_adj_count=125      
2022-08-17 BST 22:51:37,238 - INFO -  epoch= 900      train_loss=  41.0910      val_loss= 189.6974      best=1      size=  50      nSHD_c=   3.0333      nSHD=   3.0333      tpr_c=   0.2000      change_adj_count=129      
2022-08-17 BST 22:51:55,814 - INFO -  epoch=1000      train_loss=  39.3178      val_loss= 153.2629      best=1      size=  50      nSHD_c=   3.0667      nSHD=   3.0667      tpr_c=   0.1800      change_adj_count=130      
2022-08-17 BST 22:51:55,814 - INFO - Before params
2022-08-17 BST 22:51:55,815 - INFO - After params={'MAX_SIZE': [66], 'LAMBDA': [10], 'NOISE_TEMPERATURE': [10], 'h_NULL': [0], 'h_LR': [0.001], 'z_RHO': [0], 'z_MU': [0]}
2022-08-17 BST 22:51:55,815 - INFO - After metrics={'train_loss': [39.317831162483465], 'val_loss': [153.26292037963867], 'size': [50], 'nshd_c': [3.066666666666667], 'nshd': [3.066666666666667], 'tpr': [0.14285714285714285], 'tpr_c': [0.18], 'change_adj_count': [130]}
2022-08-17 BST 22:51:55,832 - INFO - After to_save=   MAX_SIZE  LAMBDA  NOISE_TEMPERATURE  ...       tpr  tpr_c  change_adj_count
0        66      10                 10  ...  0.142857   0.18               130

[1 rows x 16 columns]
2022-08-17 BST 22:51:55,832 - INFO - After file_path='../results/l_66_4hps.csv'
2022-08-17 BST 22:51:55,834 - INFO - Last epoch results saved in l_66_4hps.csv
2022-08-17 BST 22:51:55,835 - INFO - 

DAG 4: size_true=48	X.var()=47.3993
2022-08-17 BST 22:51:56,147 - INFO -  epoch=   1      train_loss=  43.8693      val_loss=  27.5362      best=1      size=  43      nSHD_c=   2.4000      nSHD=   2.3667      tpr_c=   0.1628      change_adj_count=5      
2022-08-17 BST 22:52:15,132 - INFO -  epoch= 100      train_loss=  28.7058      val_loss= 344.4819      best=1      size=  59      nSHD_c=   2.5667      nSHD=   2.5667      tpr_c=   0.2542      change_adj_count=28      
2022-08-17 BST 22:52:33,778 - INFO -  epoch= 200      train_loss=  25.3445      val_loss= 234.6068      best=1      size=  58      nSHD_c=   2.5333      nSHD=   2.5333      tpr_c=   0.2586      change_adj_count=33      
2022-08-17 BST 22:52:53,035 - INFO -  epoch= 300      train_loss=  22.6400      val_loss= 160.5914      best=1      size=  57      nSHD_c=   2.5000      nSHD=   2.5000      tpr_c=   0.2632      change_adj_count=34      
2022-08-17 BST 22:53:12,438 - INFO -  epoch= 400      train_loss=  19.8350      val_loss= 118.8880      best=1      size=  57      nSHD_c=   2.5000      nSHD=   2.5000      tpr_c=   0.2632      change_adj_count=37      
2022-08-17 BST 22:53:31,519 - INFO -  epoch= 500      train_loss=  17.5636      val_loss=  79.2145      best=1      size=  56      nSHD_c=   2.4333      nSHD=   2.4000      tpr_c=   0.2679      change_adj_count=39      
2022-08-17 BST 22:53:50,904 - INFO -  epoch= 600      train_loss=  16.1417      val_loss=  60.9451      best=1      size=  56      nSHD_c=   2.4667      nSHD=   2.4667      tpr_c=   0.2679      change_adj_count=41      
2022-08-17 BST 22:54:09,453 - INFO -  epoch= 700      train_loss=  14.9938      val_loss=  43.0524      best=1      size=  54      nSHD_c=   2.4000      nSHD=   2.4000      tpr_c=   0.2778      change_adj_count=44      
2022-08-17 BST 22:54:28,508 - INFO -  epoch= 800      train_loss=  14.0115      val_loss=  31.9761      best=1      size=  54      nSHD_c=   2.3667      nSHD=   2.3333      tpr_c=   0.2778      change_adj_count=49      
2022-08-17 BST 22:54:47,730 - INFO -  epoch= 900      train_loss=  12.5247      val_loss=  22.9202      best=1      size=  53      nSHD_c=   2.2667      nSHD=   2.2333      tpr_c=   0.3019      change_adj_count=55      
2022-08-17 BST 22:55:06,937 - INFO -  epoch=1000      train_loss=  11.7205      val_loss=  19.5971      best=1      size=  52      nSHD_c=   2.2000      nSHD=   2.2000      tpr_c=   0.3269      change_adj_count=60      
2022-08-17 BST 22:55:06,937 - INFO - Before params
2022-08-17 BST 22:55:06,937 - INFO - After params={'MAX_SIZE': [66], 'LAMBDA': [10], 'NOISE_TEMPERATURE': [10], 'h_NULL': [0], 'h_LR': [0.001], 'z_RHO': [0], 'z_MU': [0]}
2022-08-17 BST 22:55:06,937 - INFO - After metrics={'train_loss': [11.720450893525154], 'val_loss': [19.597139994303387], 'size': [52], 'nshd_c': [2.2], 'nshd': [2.2], 'tpr': [0.3541666666666667], 'tpr_c': [0.3269230769230769], 'change_adj_count': [60]}
2022-08-17 BST 22:55:06,957 - INFO - After to_save=   MAX_SIZE  LAMBDA  NOISE_TEMPERATURE  ...       tpr     tpr_c  change_adj_count
0        66      10                 10  ...  0.354167  0.326923                60

[1 rows x 16 columns]
2022-08-17 BST 22:55:06,957 - INFO - After file_path='../results/l_66_4hps.csv'
2022-08-17 BST 22:55:06,959 - INFO - Last epoch results saved in l_66_4hps.csv
2022-08-17 BST 22:55:06,959 - INFO - 

DAG 5: size_true=57	X.var()=54.7286
2022-08-17 BST 22:55:07,206 - INFO -  epoch=   1      train_loss=  54.4535      val_loss=  28.7165      best=1      size=  44      nSHD_c=   2.7333      nSHD=   2.7333      tpr_c=   0.1818      change_adj_count=5      
2022-08-17 BST 22:55:25,403 - INFO -  epoch= 100      train_loss=  34.6585      val_loss= 321.1699      best=1      size=  52      nSHD_c=   2.7667      nSHD=   2.7000      tpr_c=   0.2115      change_adj_count=46      
2022-08-17 BST 22:55:43,920 - INFO -  epoch= 200      train_loss=  30.5986      val_loss= 230.4890      best=1      size=  53      nSHD_c=   2.7667      nSHD=   2.7000      tpr_c=   0.2264      change_adj_count=55      
2022-08-17 BST 22:56:03,652 - INFO -  epoch= 300      train_loss=  26.7226      val_loss= 157.8644      best=1      size=  52      nSHD_c=   2.7333      nSHD=   2.6667      tpr_c=   0.2308      change_adj_count=56      
2022-08-17 BST 22:56:22,441 - INFO -  epoch= 400      train_loss=  23.0621      val_loss= 105.6132      best=1      size=  52      nSHD_c=   2.7333      nSHD=   2.6667      tpr_c=   0.2308      change_adj_count=57      
2022-08-17 BST 22:56:41,115 - INFO -  epoch= 500      train_loss=  19.6286      val_loss=  71.7906      best=1      size=  54      nSHD_c=   2.7333      nSHD=   2.6667      tpr_c=   0.2407      change_adj_count=59      
2022-08-17 BST 22:56:59,972 - INFO -  epoch= 600      train_loss=  18.1577      val_loss=  52.2585      best=1      size=  55      nSHD_c=   2.7333      nSHD=   2.6333      tpr_c=   0.2364      change_adj_count=61      
2022-08-17 BST 22:57:18,711 - INFO -  epoch= 700      train_loss=  16.1302      val_loss=  33.9616      best=1      size=  54      nSHD_c=   2.7000      nSHD=   2.6000      tpr_c=   0.2407      change_adj_count=63      
2022-08-17 BST 22:57:37,248 - INFO -  epoch= 800      train_loss=  14.4612      val_loss=  27.6921      best=1      size=  54      nSHD_c=   2.7000      nSHD=   2.6000      tpr_c=   0.2407      change_adj_count=64      
2022-08-17 BST 22:57:41,494 - INFO -  epoch= 824      train_loss=  13.9560      val_loss=  21.2613      best=1      size=  54      nSHD_c=   2.7000      nSHD=   2.6000      tpr_c=   0.2407      change_adj_count=64      
2022-08-17 BST 22:57:50,705 - INFO -  epoch= 874      train_loss=  13.3078      val_loss=  21.3546      best=1      size=  54      nSHD_c=   2.7000      nSHD=   2.6000      tpr_c=   0.2407      change_adj_count=64      
2022-08-17 BST 22:57:52,315 - INFO -  epoch= 883      train_loss=  13.2025      val_loss=  21.3373      best=1      size=  54      nSHD_c=   2.7000      nSHD=   2.6000      tpr_c=   0.2407      change_adj_count=64      
2022-08-17 BST 22:57:53,260 - INFO -  epoch= 888      train_loss=  13.6183      val_loss=  19.7878      best=1      size=  54      nSHD_c=   2.7000      nSHD=   2.6000      tpr_c=   0.2407      change_adj_count=64      
2022-08-17 BST 22:57:53,655 - INFO -  epoch= 890      train_loss=  12.6916      val_loss=  21.5470      best=1      size=  54      nSHD_c=   2.7000      nSHD=   2.6000      tpr_c=   0.2407      change_adj_count=64      
2022-08-17 BST 22:57:54,081 - INFO -  epoch= 892      train_loss=  12.6878      val_loss=  20.1656      best=1      size=  54      nSHD_c=   2.7000      nSHD=   2.6000      tpr_c=   0.2407      change_adj_count=64      
2022-08-17 BST 22:57:55,657 - INFO -  epoch= 900      train_loss=  12.5956      val_loss=  23.2399      best=1      size=  54      nSHD_c=   2.7000      nSHD=   2.6000      tpr_c=   0.2407      change_adj_count=64      
2022-08-17 BST 22:57:55,892 - INFO -  epoch= 901      train_loss=  13.1067      val_loss=  21.0885      best=1      size=  54      nSHD_c=   2.7000      nSHD=   2.6000      tpr_c=   0.2407      change_adj_count=64      
2022-08-17 BST 22:57:57,110 - INFO -  epoch= 907      train_loss=  12.7436      val_loss=  20.1800      best=1      size=  54      nSHD_c=   2.7000      nSHD=   2.6000      tpr_c=   0.2407      change_adj_count=64      
2022-08-17 BST 22:57:57,855 - INFO -  epoch= 911      train_loss=  13.1213      val_loss=  20.5643      best=1      size=  54      nSHD_c=   2.6667      nSHD=   2.5333      tpr_c=   0.2407      change_adj_count=65      
2022-08-17 BST 22:57:59,910 - INFO -  epoch= 921      train_loss=  12.8831      val_loss=  18.7485      best=1      size=  54      nSHD_c=   2.6667      nSHD=   2.5333      tpr_c=   0.2407      change_adj_count=65      
2022-08-17 BST 22:58:00,858 - INFO -  epoch= 925      train_loss=  12.4368      val_loss=  18.5246      best=1      size=  54      nSHD_c=   2.6667      nSHD=   2.5333      tpr_c=   0.2407      change_adj_count=65      
2022-08-17 BST 22:58:02,938 - INFO -  epoch= 936      train_loss=  12.7074      val_loss=  17.9588      best=1      size=  54      nSHD_c=   2.6667      nSHD=   2.5333      tpr_c=   0.2407      change_adj_count=65      
2022-08-17 BST 22:58:05,145 - INFO -  epoch= 948      train_loss=  12.5343      val_loss=  17.9385      best=1      size=  54      nSHD_c=   2.6667      nSHD=   2.5333      tpr_c=   0.2407      change_adj_count=65      
2022-08-17 BST 22:58:08,457 - INFO -  epoch= 966      train_loss=  12.2322      val_loss=  17.5286      best=1      size=  54      nSHD_c=   2.6667      nSHD=   2.5333      tpr_c=   0.2407      change_adj_count=65      
2022-08-17 BST 22:58:08,897 - INFO -  epoch= 968      train_loss=  12.3400      val_loss=  16.6509      best=1      size=  54      nSHD_c=   2.6667      nSHD=   2.5333      tpr_c=   0.2407      change_adj_count=65      
2022-08-17 BST 22:58:11,715 - INFO -  epoch= 982      train_loss=  12.3242      val_loss=  16.9788      best=1      size=  54      nSHD_c=   2.6667      nSHD=   2.5333      tpr_c=   0.2407      change_adj_count=65      
2022-08-17 BST 22:58:13,324 - INFO -  epoch= 990      train_loss=  12.4667      val_loss=  16.3463      best=1      size=  54      nSHD_c=   2.6667      nSHD=   2.5333      tpr_c=   0.2407      change_adj_count=65      
2022-08-17 BST 22:58:13,759 - INFO -  epoch= 992      train_loss=  12.0169      val_loss=  15.4161      best=1      size=  54      nSHD_c=   2.6667      nSHD=   2.5333      tpr_c=   0.2407      change_adj_count=65      
2022-08-17 BST 22:58:15,272 - INFO -  epoch= 999      train_loss=  12.6383      val_loss=  15.6309      best=1      size=  53      nSHD_c=   2.7000      nSHD=   2.5000      tpr_c=   0.2075      change_adj_count=66      
2022-08-17 BST 22:58:15,485 - INFO -  epoch=1000      train_loss=  11.9112      val_loss=  17.3680      best=1      size=  53      nSHD_c=   2.7000      nSHD=   2.5000      tpr_c=   0.2075      change_adj_count=66      
2022-08-17 BST 22:58:15,486 - INFO - Before params
2022-08-17 BST 22:58:15,486 - INFO - After params={'MAX_SIZE': [66], 'LAMBDA': [10], 'NOISE_TEMPERATURE': [10], 'h_NULL': [0], 'h_LR': [0.001], 'z_RHO': [0], 'z_MU': [0]}
2022-08-17 BST 22:58:15,486 - INFO - After metrics={'train_loss': [11.91118400327621], 'val_loss': [17.36795775095622], 'size': [53], 'nshd_c': [2.7], 'nshd': [2.5], 'tpr': [0.2982456140350877], 'tpr_c': [0.20754716981132076], 'change_adj_count': [66]}
2022-08-17 BST 22:58:15,505 - INFO - After to_save=   MAX_SIZE  LAMBDA  NOISE_TEMPERATURE  ...       tpr     tpr_c  change_adj_count
0        66      10                 10  ...  0.298246  0.207547                66

[1 rows x 16 columns]
2022-08-17 BST 22:58:15,506 - INFO - After file_path='../results/l_66_4hps.csv'
2022-08-17 BST 22:58:15,509 - INFO - Last epoch results saved in l_66_4hps.csv
2022-08-17 BST 22:58:15,509 - INFO - 

DAG 6: size_true=64	X.var()=29.7229
2022-08-17 BST 22:58:15,751 - INFO -  epoch=   1      train_loss=  27.1914      val_loss=  16.4457      best=1      size=  45      nSHD_c=   3.1333      nSHD=   3.1333      tpr_c=   0.1333      change_adj_count=5      
2022-08-17 BST 22:58:34,228 - INFO -  epoch= 100      train_loss=  19.1458      val_loss= 121.1745      best=1      size=  56      nSHD_c=   3.1000      nSHD=   3.0667      tpr_c=   0.2143      change_adj_count=38      
2022-08-17 BST 22:58:52,965 - INFO -  epoch= 200      train_loss=  18.0911      val_loss=  89.6004      best=1      size=  54      nSHD_c=   3.0333      nSHD=   3.0000      tpr_c=   0.2222      change_adj_count=53      
2022-08-17 BST 22:59:11,617 - INFO -  epoch= 300      train_loss=  16.7885      val_loss=  64.9595      best=1      size=  54      nSHD_c=   3.0000      nSHD=   2.9333      tpr_c=   0.2222      change_adj_count=62      
2022-08-17 BST 22:59:30,205 - INFO -  epoch= 400      train_loss=  15.4698      val_loss=  52.9471      best=1      size=  53      nSHD_c=   2.9667      nSHD=   2.9000      tpr_c=   0.2264      change_adj_count=63      
2022-08-17 BST 22:59:48,671 - INFO -  epoch= 500      train_loss=  14.2575      val_loss=  39.4820      best=1      size=  53      nSHD_c=   2.9667      nSHD=   2.9000      tpr_c=   0.2264      change_adj_count=64      
2022-08-17 BST 23:00:09,645 - INFO -  epoch= 600      train_loss=  13.3555      val_loss=  28.1595      best=1      size=  52      nSHD_c=   2.9000      nSHD=   2.8000      tpr_c=   0.2308      change_adj_count=68      
2022-08-17 BST 23:00:27,556 - INFO -  epoch= 700      train_loss=  12.4753      val_loss=  22.7359      best=1      size=  52      nSHD_c=   2.9000      nSHD=   2.8000      tpr_c=   0.2308      change_adj_count=68      
2022-08-17 BST 23:00:45,997 - INFO -  epoch= 800      train_loss=  11.5537      val_loss=  21.5645      best=1      size=  52      nSHD_c=   2.9000      nSHD=   2.8000      tpr_c=   0.2308      change_adj_count=68      
2022-08-17 BST 23:01:03,657 - INFO -  epoch= 900      train_loss=  10.7500      val_loss=  17.3348      best=1      size=  52      nSHD_c=   2.8667      nSHD=   2.7333      tpr_c=   0.2308      change_adj_count=69      
2022-08-17 BST 23:01:22,397 - INFO -  epoch=1000      train_loss=  10.4555      val_loss=  14.0037      best=1      size=  52      nSHD_c=   2.7667      nSHD=   2.7000      tpr_c=   0.2885      change_adj_count=70      
2022-08-17 BST 23:01:22,397 - INFO - Before params
2022-08-17 BST 23:01:22,429 - INFO - After params={'MAX_SIZE': [66], 'LAMBDA': [10], 'NOISE_TEMPERATURE': [10], 'h_NULL': [0], 'h_LR': [0.001], 'z_RHO': [0], 'z_MU': [0]}
2022-08-17 BST 23:01:22,450 - INFO - After metrics={'train_loss': [10.455497926281344], 'val_loss': [14.003660360972086], 'size': [52], 'nshd_c': [2.7666666666666666], 'nshd': [2.7], 'tpr': [0.265625], 'tpr_c': [0.28846153846153844], 'change_adj_count': [70]}
2022-08-17 BST 23:01:22,716 - INFO - After to_save=   MAX_SIZE  LAMBDA  NOISE_TEMPERATURE  ...       tpr     tpr_c  change_adj_count
0        66      10                 10  ...  0.265625  0.288462                70

[1 rows x 16 columns]
2022-08-17 BST 23:01:22,717 - INFO - After file_path='../results/l_66_4hps.csv'
2022-08-17 BST 23:01:22,732 - INFO - Last epoch results saved in l_66_4hps.csv
2022-08-17 BST 23:01:22,733 - INFO - 

DAG 7: size_true=62	X.var()=55.6800
2022-08-17 BST 23:01:23,198 - INFO -  epoch=   1      train_loss=  50.0106      val_loss=  16.8484      best=1      size=  42      nSHD_c=   2.9667      nSHD=   2.9667      tpr_c=   0.1429      change_adj_count=5      
2022-08-17 BST 23:01:41,800 - INFO -  epoch= 100      train_loss=  26.2591      val_loss= 601.0865      best=1      size=  51      nSHD_c=   3.1667      nSHD=   3.1667      tpr_c=   0.1569      change_adj_count=26      
2022-08-17 BST 23:02:00,245 - INFO -  epoch= 200      train_loss=  23.7386      val_loss= 381.0935      best=1      size=  51      nSHD_c=   3.1333      nSHD=   3.1000      tpr_c=   0.1569      change_adj_count=27      
2022-08-17 BST 23:02:19,526 - INFO -  epoch= 300      train_loss=  20.9987      val_loss= 253.2543      best=1      size=  51      nSHD_c=   3.1333      nSHD=   3.1000      tpr_c=   0.1569      change_adj_count=29      
2022-08-17 BST 23:02:38,280 - INFO -  epoch= 400      train_loss=  17.9796      val_loss= 181.1972      best=1      size=  51      nSHD_c=   3.1333      nSHD=   3.1000      tpr_c=   0.1569      change_adj_count=31      
2022-08-17 BST 23:02:56,165 - INFO -  epoch= 500      train_loss=  16.8850      val_loss= 139.4507      best=1      size=  51      nSHD_c=   3.2000      nSHD=   3.1667      tpr_c=   0.1373      change_adj_count=36      
2022-08-17 BST 23:03:14,775 - INFO -  epoch= 600      train_loss=  15.4624      val_loss=  86.5993      best=1      size=  50      nSHD_c=   3.1667      nSHD=   3.1333      tpr_c=   0.1400      change_adj_count=40      
2022-08-17 BST 23:03:33,671 - INFO -  epoch= 700      train_loss=  14.5185      val_loss=  61.6365      best=1      size=  50      nSHD_c=   3.1333      nSHD=   3.1333      tpr_c=   0.1600      change_adj_count=41      
2022-08-17 BST 23:03:53,179 - INFO -  epoch= 800      train_loss=  13.3279      val_loss=  48.2121      best=1      size=  50      nSHD_c=   3.1333      nSHD=   3.1333      tpr_c=   0.1600      change_adj_count=42      
2022-08-17 BST 23:04:12,072 - INFO -  epoch= 900      train_loss=  12.2084      val_loss=  37.9689      best=1      size=  49      nSHD_c=   3.0333      nSHD=   3.0333      tpr_c=   0.1837      change_adj_count=44      
2022-08-17 BST 23:04:32,157 - INFO -  epoch=1000      train_loss=  12.0965      val_loss=  34.2173      best=1      size=  48      nSHD_c=   3.0000      nSHD=   3.0000      tpr_c=   0.1875      change_adj_count=45      
2022-08-17 BST 23:04:32,157 - INFO - Before params
2022-08-17 BST 23:04:32,198 - INFO - After params={'MAX_SIZE': [66], 'LAMBDA': [10], 'NOISE_TEMPERATURE': [10], 'h_NULL': [0], 'h_LR': [0.001], 'z_RHO': [0], 'z_MU': [0]}
2022-08-17 BST 23:04:32,233 - INFO - After metrics={'train_loss': [12.096531991035707], 'val_loss': [34.217291831970215], 'size': [48], 'nshd_c': [3.0], 'nshd': [3.0], 'tpr': [0.14516129032258066], 'tpr_c': [0.1875], 'change_adj_count': [45]}
2022-08-17 BST 23:04:32,440 - INFO - After to_save=   MAX_SIZE  LAMBDA  NOISE_TEMPERATURE  ...       tpr   tpr_c  change_adj_count
0        66      10                 10  ...  0.145161  0.1875                45

[1 rows x 16 columns]
2022-08-17 BST 23:04:32,441 - INFO - After file_path='../results/l_66_4hps.csv'
2022-08-17 BST 23:04:32,455 - INFO - Last epoch results saved in l_66_4hps.csv
2022-08-17 BST 23:04:32,456 - INFO - 

DAG 8: size_true=63	X.var()=39.3378
2022-08-17 BST 23:04:33,004 - INFO -  epoch=   1      train_loss=  36.9589      val_loss=  17.5503      best=1      size=  47      nSHD_c=   2.9333      nSHD=   2.9000      tpr_c=   0.1915      change_adj_count=5      
2022-08-17 BST 23:04:51,795 - INFO -  epoch= 100      train_loss=  24.9137      val_loss= 195.6510      best=1      size=  57      nSHD_c=   3.0667      nSHD=   3.0667      tpr_c=   0.2456      change_adj_count=25      
2022-08-17 BST 23:06:27,281 - INFO -  epoch= 200      train_loss=  22.3204      val_loss= 148.3832      best=1      size=  57      nSHD_c=   3.0667      nSHD=   3.0667      tpr_c=   0.2456      change_adj_count=26      
2022-08-17 BST 23:06:45,064 - INFO -  epoch= 300      train_loss=  20.5370      val_loss=  98.5927      best=1      size=  58      nSHD_c=   3.0667      nSHD=   3.0333      tpr_c=   0.2414      change_adj_count=31      
2022-08-17 BST 23:07:02,401 - INFO -  epoch= 400      train_loss=  17.7393      val_loss=  69.7558      best=1      size=  58      nSHD_c=   3.0667      nSHD=   3.0333      tpr_c=   0.2414      change_adj_count=31      
2022-08-17 BST 23:07:19,842 - INFO -  epoch= 500      train_loss=  15.8472      val_loss=  53.1971      best=1      size=  58      nSHD_c=   3.0333      nSHD=   2.9667      tpr_c=   0.2414      change_adj_count=32      
2022-08-17 BST 23:07:37,373 - INFO -  epoch= 600      train_loss=  14.3387      val_loss=  37.3733      best=1      size=  57      nSHD_c=   3.0000      nSHD=   2.9333      tpr_c=   0.2456      change_adj_count=33      
2022-08-17 BST 23:07:55,630 - INFO -  epoch= 700      train_loss=  13.2398      val_loss=  26.1404      best=1      size=  57      nSHD_c=   3.0333      nSHD=   2.9333      tpr_c=   0.2281      change_adj_count=39      
2022-08-17 BST 23:08:13,107 - INFO -  epoch= 800      train_loss=  12.1176      val_loss=  22.1458      best=1      size=  56      nSHD_c=   3.0000      nSHD=   2.9000      tpr_c=   0.2321      change_adj_count=40      
2022-08-17 BST 23:08:32,572 - INFO -  epoch= 900      train_loss=  11.9476      val_loss=  17.6417      best=1      size=  57      nSHD_c=   3.0000      nSHD=   2.8667      tpr_c=   0.2281      change_adj_count=41      
2022-08-17 BST 23:08:51,920 - INFO -  epoch=1000      train_loss=  10.9692      val_loss=  14.1645      best=1      size=  57      nSHD_c=   3.0000      nSHD=   2.8667      tpr_c=   0.2281      change_adj_count=41      
2022-08-17 BST 23:08:51,921 - INFO - Before params
2022-08-17 BST 23:08:51,922 - INFO - After params={'MAX_SIZE': [66], 'LAMBDA': [10], 'NOISE_TEMPERATURE': [10], 'h_NULL': [0], 'h_LR': [0.001], 'z_RHO': [0], 'z_MU': [0]}
2022-08-17 BST 23:08:51,922 - INFO - After metrics={'train_loss': [10.969227298613518], 'val_loss': [14.164529959360758], 'size': [57], 'nshd_c': [3.0], 'nshd': [2.8666666666666667], 'tpr': [0.2698412698412698], 'tpr_c': [0.22807017543859648], 'change_adj_count': [41]}
2022-08-17 BST 23:08:52,105 - INFO - After to_save=   MAX_SIZE  LAMBDA  NOISE_TEMPERATURE  ...       tpr    tpr_c  change_adj_count
0        66      10                 10  ...  0.269841  0.22807                41

[1 rows x 16 columns]
2022-08-17 BST 23:08:52,105 - INFO - After file_path='../results/l_66_4hps.csv'
2022-08-17 BST 23:08:52,117 - INFO - Last epoch results saved in l_66_4hps.csv
2022-08-17 BST 23:08:52,118 - INFO - 

DAG 9: size_true=61	X.var()=94.6254
2022-08-17 BST 23:08:52,606 - INFO -  epoch=   1      train_loss=  84.3924      val_loss=  45.9091      best=1      size=  40      nSHD_c=   2.8333      nSHD=   2.8333      tpr_c=   0.1500      change_adj_count=5      
2022-08-17 BST 23:09:09,238 - INFO -  epoch= 100      train_loss=  48.0908      val_loss= 908.5667      best=1      size=  56      nSHD_c=   3.2667      nSHD=   3.2667      tpr_c=   0.1607      change_adj_count=27      
2022-08-17 BST 23:09:26,074 - INFO -  epoch= 200      train_loss=  41.1439      val_loss= 576.5842      best=1      size=  56      nSHD_c=   3.2667      nSHD=   3.2667      tpr_c=   0.1607      change_adj_count=28      
2022-08-17 BST 23:09:44,015 - INFO -  epoch= 300      train_loss=  37.8120      val_loss= 350.7179      best=1      size=  56      nSHD_c=   3.2333      nSHD=   3.2000      tpr_c=   0.1607      change_adj_count=29      
2022-08-17 BST 23:10:02,010 - INFO -  epoch= 400      train_loss=  31.7556      val_loss= 237.0995      best=1      size=  55      nSHD_c=   3.2000      nSHD=   3.1667      tpr_c=   0.1636      change_adj_count=31      
2022-08-17 BST 23:10:20,306 - INFO -  epoch= 500      train_loss=  29.8844      val_loss= 161.1697      best=1      size=  54      nSHD_c=   3.1667      nSHD=   3.1333      tpr_c=   0.1667      change_adj_count=33      
2022-08-17 BST 23:10:37,886 - INFO -  epoch= 600      train_loss=  25.9497      val_loss= 108.0405      best=1      size=  53      nSHD_c=   3.1000      nSHD=   3.0333      tpr_c=   0.1698      change_adj_count=38      
2022-08-17 BST 23:10:55,901 - INFO -  epoch= 700      train_loss=  25.2972      val_loss=  86.1403      best=1      size=  52      nSHD_c=   3.0667      nSHD=   3.0000      tpr_c=   0.1731      change_adj_count=44      
2022-08-17 BST 23:11:15,134 - INFO -  epoch= 800      train_loss=  22.5830      val_loss=  49.9014      best=1      size=  52      nSHD_c=   3.0333      nSHD=   3.0000      tpr_c=   0.1923      change_adj_count=46      
2022-08-17 BST 23:11:45,389 - INFO -  epoch= 900      train_loss=  20.3196      val_loss=  42.0449      best=1      size=  52      nSHD_c=   2.9667      nSHD=   2.9333      tpr_c=   0.2115      change_adj_count=49      
2022-08-17 BST 23:12:03,209 - INFO -  epoch=1000      train_loss=  19.4486      val_loss=  44.3976      best=1      size=  52      nSHD_c=   2.9333      nSHD=   2.8667      tpr_c=   0.2115      change_adj_count=51      
2022-08-17 BST 23:12:03,210 - INFO - Before params
2022-08-17 BST 23:12:03,210 - INFO - After params={'MAX_SIZE': [66], 'LAMBDA': [10], 'NOISE_TEMPERATURE': [10], 'h_NULL': [0], 'h_LR': [0.001], 'z_RHO': [0], 'z_MU': [0]}
2022-08-17 BST 23:12:03,210 - INFO - After metrics={'train_loss': [19.448599815368652], 'val_loss': [44.39764086405436], 'size': [52], 'nshd_c': [2.933333333333333], 'nshd': [2.8666666666666667], 'tpr': [0.21311475409836064], 'tpr_c': [0.21153846153846154], 'change_adj_count': [51]}
2022-08-17 BST 23:12:03,334 - INFO - After to_save=   MAX_SIZE  LAMBDA  NOISE_TEMPERATURE  ...       tpr     tpr_c  change_adj_count
0        66      10                 10  ...  0.213115  0.211538                51

[1 rows x 16 columns]
2022-08-17 BST 23:12:03,334 - INFO - After file_path='../results/l_66_4hps.csv'
2022-08-17 BST 23:12:03,338 - INFO - Last epoch results saved in l_66_4hps.csv
2022-08-17 BST 23:12:03,338 - INFO - 

DAG 10: size_true=51	X.var()=18.9170
2022-08-17 BST 23:12:03,602 - INFO -  epoch=   1      train_loss=  17.6977      val_loss=   9.4228      best=1      size=  47      nSHD_c=   2.5333      nSHD=   2.5333      tpr_c=   0.1915      change_adj_count=5      
2022-08-17 BST 23:12:21,199 - INFO -  epoch= 100      train_loss=  13.3592      val_loss=  68.4169      best=1      size=  52      nSHD_c=   2.5333      nSHD=   2.4667      tpr_c=   0.2308      change_adj_count=20      
2022-08-17 BST 23:12:38,666 - INFO -  epoch= 200      train_loss=  12.3618      val_loss=  52.8881      best=1      size=  52      nSHD_c=   2.5333      nSHD=   2.4667      tpr_c=   0.2308      change_adj_count=20      
2022-08-17 BST 23:12:56,806 - INFO -  epoch= 300      train_loss=  11.9142      val_loss=  37.4072      best=1      size=  52      nSHD_c=   2.5333      nSHD=   2.4667      tpr_c=   0.2308      change_adj_count=20      
2022-08-17 BST 23:13:16,526 - INFO -  epoch= 400      train_loss=  11.1795      val_loss=  32.6560      best=1      size=  53      nSHD_c=   2.5667      nSHD=   2.5000      tpr_c=   0.2264      change_adj_count=21      
2022-08-17 BST 23:13:36,820 - INFO -  epoch= 500      train_loss=  10.2330      val_loss=  24.6965      best=1      size=  53      nSHD_c=   2.5000      nSHD=   2.4333      tpr_c=   0.2453      change_adj_count=22      
2022-08-17 BST 23:13:54,604 - INFO -  epoch= 600      train_loss=   9.6391      val_loss=  20.7568      best=1      size=  53      nSHD_c=   2.5000      nSHD=   2.4333      tpr_c=   0.2453      change_adj_count=22      
2022-08-17 BST 23:14:14,630 - INFO -  epoch= 700      train_loss=   9.0251      val_loss=  15.6990      best=1      size=  53      nSHD_c=   2.5000      nSHD=   2.4333      tpr_c=   0.2453      change_adj_count=23      
2022-08-17 BST 23:14:35,293 - INFO -  epoch= 800      train_loss=   8.3961      val_loss=  13.2449      best=1      size=  53      nSHD_c=   2.4667      nSHD=   2.3667      tpr_c=   0.2453      change_adj_count=24      
2022-08-17 BST 23:14:54,763 - INFO -  epoch= 900      train_loss=   7.8970      val_loss=   9.5444      best=1      size=  53      nSHD_c=   2.4667      nSHD=   2.3667      tpr_c=   0.2453      change_adj_count=25      
2022-08-17 BST 23:15:13,655 - INFO -  epoch=1000      train_loss=   7.3392      val_loss=   8.0203      best=1      size=  53      nSHD_c=   2.3000      nSHD=   2.2333      tpr_c=   0.3019      change_adj_count=28      
2022-08-17 BST 23:15:13,656 - INFO - Before params
2022-08-17 BST 23:15:13,656 - INFO - After params={'MAX_SIZE': [66], 'LAMBDA': [10], 'NOISE_TEMPERATURE': [10], 'h_NULL': [0], 'h_LR': [0.001], 'z_RHO': [0], 'z_MU': [0]}
2022-08-17 BST 23:15:13,657 - INFO - After metrics={'train_loss': [7.339165795233942], 'val_loss': [8.020275115966797], 'size': [53], 'nshd_c': [2.3], 'nshd': [2.2333333333333334], 'tpr': [0.35294117647058826], 'tpr_c': [0.3018867924528302], 'change_adj_count': [28]}
2022-08-17 BST 23:15:13,845 - INFO - After to_save=   MAX_SIZE  LAMBDA  NOISE_TEMPERATURE  ...       tpr     tpr_c  change_adj_count
0        66      10                 10  ...  0.352941  0.301887                28

[1 rows x 16 columns]
2022-08-17 BST 23:15:13,845 - INFO - After file_path='../results/l_66_4hps.csv'
2022-08-17 BST 23:15:13,859 - INFO - Last epoch results saved in l_66_4hps.csv
2022-08-17 BST 23:15:13,860 - INFO - 

DAG 11: size_true=68	X.var()=127.5135
2022-08-17 BST 23:15:14,164 - INFO -  epoch=   1      train_loss= 118.3827      val_loss=  44.1665      best=1      size=  43      nSHD_c=   3.1667      nSHD=   3.1667      tpr_c=   0.1628      change_adj_count=5      
2022-08-17 BST 23:17:12,657 - INFO -  epoch= 100      train_loss=  61.3485      val_loss=1243.0257      best=1      size=  61      nSHD_c=   3.4667      nSHD=   3.4333      tpr_c=   0.1967      change_adj_count=26      
2022-08-17 BST 23:17:33,128 - INFO -  epoch= 200      train_loss=  52.8703      val_loss= 778.7066      best=1      size=  61      nSHD_c=   3.4000      nSHD=   3.3667      tpr_c=   0.2131      change_adj_count=46      
2022-08-17 BST 23:17:53,294 - INFO -  epoch= 300      train_loss=  45.0890      val_loss= 500.3880      best=1      size=  61      nSHD_c=   3.4000      nSHD=   3.3667      tpr_c=   0.2131      change_adj_count=51      
2022-08-17 BST 23:18:11,910 - INFO -  epoch= 400      train_loss=  39.3841      val_loss= 321.0984      best=1      size=  59      nSHD_c=   3.3333      nSHD=   3.3000      tpr_c=   0.2203      change_adj_count=55      
2022-08-17 BST 23:18:30,706 - INFO -  epoch= 500      train_loss=  33.5651      val_loss= 194.0598      best=1      size=  58      nSHD_c=   3.3667      nSHD=   3.3333      tpr_c=   0.2069      change_adj_count=58      
2022-08-17 BST 23:18:48,844 - INFO -  epoch= 600      train_loss=  29.2901      val_loss= 133.6010      best=1      size=  57      nSHD_c=   3.3667      nSHD=   3.3000      tpr_c=   0.1930      change_adj_count=62      
2022-08-17 BST 23:19:06,809 - INFO -  epoch= 700      train_loss=  26.9842      val_loss=  92.0335      best=1      size=  57      nSHD_c=   3.2667      nSHD=   3.2333      tpr_c=   0.2281      change_adj_count=66      
2022-08-17 BST 23:19:24,634 - INFO -  epoch= 800      train_loss=  24.6266      val_loss=  74.2394      best=1      size=  56      nSHD_c=   3.2333      nSHD=   3.2000      tpr_c=   0.2321      change_adj_count=72      
2022-08-17 BST 23:19:42,968 - INFO -  epoch= 900      train_loss=  21.8470      val_loss=  52.7497      best=1      size=  55      nSHD_c=   3.2333      nSHD=   3.1667      tpr_c=   0.2182      change_adj_count=82      
2022-08-17 BST 23:20:03,645 - INFO -  epoch=1000      train_loss=  21.3172      val_loss=  44.4036      best=1      size=  55      nSHD_c=   3.2333      nSHD=   3.1667      tpr_c=   0.2182      change_adj_count=82      
2022-08-17 BST 23:20:03,683 - INFO - Before params
2022-08-17 BST 23:20:03,691 - INFO - After params={'MAX_SIZE': [66], 'LAMBDA': [10], 'NOISE_TEMPERATURE': [10], 'h_NULL': [0], 'h_LR': [0.001], 'z_RHO': [0], 'z_MU': [0]}
2022-08-17 BST 23:20:03,692 - INFO - After metrics={'train_loss': [21.317155038156816], 'val_loss': [44.40359878540039], 'size': [55], 'nshd_c': [3.2333333333333334], 'nshd': [3.1666666666666665], 'tpr': [0.20588235294117646], 'tpr_c': [0.21818181818181817], 'change_adj_count': [82]}
2022-08-17 BST 23:20:03,908 - INFO - After to_save=   MAX_SIZE  LAMBDA  NOISE_TEMPERATURE  ...       tpr     tpr_c  change_adj_count
0        66      10                 10  ...  0.205882  0.218182                82

[1 rows x 16 columns]
2022-08-17 BST 23:20:03,908 - INFO - After file_path='../results/l_66_4hps.csv'
2022-08-17 BST 23:20:03,921 - INFO - Last epoch results saved in l_66_4hps.csv
2022-08-17 BST 23:20:03,923 - INFO - 

DAG 12: size_true=53	X.var()=15.8398
2022-08-17 BST 23:20:04,257 - INFO -  epoch=   1      train_loss=  15.2087      val_loss=   7.8227      best=1      size=  42      nSHD_c=   2.4000      nSHD=   2.4333      tpr_c=   0.2143      change_adj_count=5      
2022-08-17 BST 23:20:32,270 - INFO -  epoch= 100      train_loss=  11.1651      val_loss=  56.9103      best=1      size=  49      nSHD_c=   2.3667      nSHD=   2.3333      tpr_c=   0.2857      change_adj_count=35      
2022-08-17 BST 23:20:51,342 - INFO -  epoch= 200      train_loss=  10.2838      val_loss=  46.1693      best=1      size=  49      nSHD_c=   2.3000      nSHD=   2.2667      tpr_c=   0.3061      change_adj_count=43      
2022-08-17 BST 23:21:09,295 - INFO -  epoch= 300      train_loss=   9.4391      val_loss=  35.6428      best=1      size=  50      nSHD_c=   2.3667      nSHD=   2.3000      tpr_c=   0.2800      change_adj_count=63      
2022-08-17 BST 23:21:27,947 - INFO -  epoch= 400      train_loss=   9.0066      val_loss=  27.3696      best=1      size=  50      nSHD_c=   2.3667      nSHD=   2.3000      tpr_c=   0.2800      change_adj_count=63      
2022-08-17 BST 23:21:46,279 - INFO -  epoch= 500      train_loss=   8.1032      val_loss=  19.9738      best=1      size=  50      nSHD_c=   2.3667      nSHD=   2.3000      tpr_c=   0.2800      change_adj_count=63      
2022-08-17 BST 23:22:05,981 - INFO -  epoch= 600      train_loss=   7.6164      val_loss=  15.0555      best=1      size=  51      nSHD_c=   2.3333      nSHD=   2.2667      tpr_c=   0.2941      change_adj_count=66      
2022-08-17 BST 23:22:24,418 - INFO -  epoch= 700      train_loss=   7.1069      val_loss=  10.8740      best=1      size=  51      nSHD_c=   2.2333      nSHD=   2.2000      tpr_c=   0.3333      change_adj_count=70      
2022-08-17 BST 23:22:42,361 - INFO -  epoch= 800      train_loss=   6.5565      val_loss=   9.6144      best=1      size=  51      nSHD_c=   2.2000      nSHD=   2.2000      tpr_c=   0.3529      change_adj_count=71      
2022-08-17 BST 23:23:00,405 - INFO -  epoch= 900      train_loss=   6.2240      val_loss=   7.2971      best=1      size=  51      nSHD_c=   2.2000      nSHD=   2.2000      tpr_c=   0.3529      change_adj_count=71      
2022-08-17 BST 23:23:18,176 - INFO -  epoch=1000      train_loss=   5.9629      val_loss=   6.2988      best=1      size=  52      nSHD_c=   2.1667      nSHD=   2.1667      tpr_c=   0.3654      change_adj_count=76      
2022-08-17 BST 23:23:18,176 - INFO - Before params
2022-08-17 BST 23:23:18,344 - INFO - After params={'MAX_SIZE': [66], 'LAMBDA': [10], 'NOISE_TEMPERATURE': [10], 'h_NULL': [0], 'h_LR': [0.001], 'z_RHO': [0], 'z_MU': [0]}
2022-08-17 BST 23:23:18,345 - INFO - After metrics={'train_loss': [5.962941508139333], 'val_loss': [6.29881755510966], 'size': [52], 'nshd_c': [2.1666666666666665], 'nshd': [2.1666666666666665], 'tpr': [0.3584905660377358], 'tpr_c': [0.36538461538461536], 'change_adj_count': [76]}
2022-08-17 BST 23:23:18,517 - INFO - After to_save=   MAX_SIZE  LAMBDA  NOISE_TEMPERATURE  ...       tpr     tpr_c  change_adj_count
0        66      10                 10  ...  0.358491  0.365385                76

[1 rows x 16 columns]
2022-08-17 BST 23:23:18,517 - INFO - After file_path='../results/l_66_4hps.csv'
2022-08-17 BST 23:23:18,542 - INFO - Last epoch results saved in l_66_4hps.csv
2022-08-17 BST 23:23:18,557 - INFO - 

DAG 13: size_true=53	X.var()=112.2632
2022-08-17 BST 23:23:18,912 - INFO -  epoch=   1      train_loss= 106.8231      val_loss=  50.1026      best=1      size=  36      nSHD_c=   2.3333      nSHD=   2.2667      tpr_c=   0.2222      change_adj_count=5      
2022-08-17 BST 23:23:37,723 - INFO -  epoch= 100      train_loss=  53.7564      val_loss=1244.1728      best=1      size=  52      nSHD_c=   2.8000      nSHD=   2.8000      tpr_c=   0.1923      change_adj_count=36      
2022-08-17 BST 23:24:03,881 - INFO -  epoch= 200      train_loss=  44.1736      val_loss= 784.6103      best=1      size=  51      nSHD_c=   2.7667      nSHD=   2.7667      tpr_c=   0.1961      change_adj_count=37      
2022-08-17 BST 23:24:23,350 - INFO -  epoch= 300      train_loss=  35.8491      val_loss= 512.1827      best=1      size=  51      nSHD_c=   2.7667      nSHD=   2.7667      tpr_c=   0.1961      change_adj_count=37      
2022-08-17 BST 23:24:41,203 - INFO -  epoch= 400      train_loss=  33.1081      val_loss= 297.8602      best=1      size=  50      nSHD_c=   2.7333      nSHD=   2.7333      tpr_c=   0.2000      change_adj_count=44      
2022-08-17 BST 23:24:59,421 - INFO -  epoch= 500      train_loss=  27.0153      val_loss= 216.4419      best=1      size=  49      nSHD_c=   2.7000      nSHD=   2.7000      tpr_c=   0.2041      change_adj_count=45      
2022-08-17 BST 23:25:17,794 - INFO -  epoch= 600      train_loss=  24.4538      val_loss= 124.1898      best=1      size=  48      nSHD_c=   2.6667      nSHD=   2.6667      tpr_c=   0.2083      change_adj_count=47      
2022-08-17 BST 23:25:35,554 - INFO -  epoch= 700      train_loss=  21.6456      val_loss=  97.9099      best=1      size=  48      nSHD_c=   2.7000      nSHD=   2.6667      tpr_c=   0.1875      change_adj_count=48      
2022-08-17 BST 23:25:54,045 - INFO -  epoch= 800      train_loss=  19.5878      val_loss=  74.5506      best=1      size=  47      nSHD_c=   2.6333      nSHD=   2.6333      tpr_c=   0.2128      change_adj_count=53      
2022-08-17 BST 23:26:11,709 - INFO -  epoch= 900      train_loss=  17.6784      val_loss=  55.5651      best=1      size=  46      nSHD_c=   2.6333      nSHD=   2.6000      tpr_c=   0.1957      change_adj_count=54      
2022-08-17 BST 23:26:22,125 - INFO -  epoch= 958      train_loss=  16.5151      val_loss=  42.7018      best=1      size=  47      nSHD_c=   2.6000      nSHD=   2.5667      tpr_c=   0.2128      change_adj_count=57      
2022-08-17 BST 23:26:22,698 - INFO -  epoch= 961      train_loss=  17.6339      val_loss=  43.4013      best=1      size=  47      nSHD_c=   2.6000      nSHD=   2.5667      tpr_c=   0.2128      change_adj_count=57      
2022-08-17 BST 23:26:24,235 - INFO -  epoch= 969      train_loss=  17.4529      val_loss=  40.4517      best=1      size=  47      nSHD_c=   2.6000      nSHD=   2.5667      tpr_c=   0.2128      change_adj_count=57      
2022-08-17 BST 23:26:30,504 - INFO -  epoch=1000      train_loss=  16.3568      val_loss=  45.0109      best=1      size=  47      nSHD_c=   2.6000      nSHD=   2.5667      tpr_c=   0.2128      change_adj_count=58      
2022-08-17 BST 23:26:30,504 - INFO - Before params
2022-08-17 BST 23:26:30,637 - INFO - After params={'MAX_SIZE': [66], 'LAMBDA': [10], 'NOISE_TEMPERATURE': [10], 'h_NULL': [0], 'h_LR': [0.001], 'z_RHO': [0], 'z_MU': [0]}
2022-08-17 BST 23:26:30,673 - INFO - After metrics={'train_loss': [16.356794726464056], 'val_loss': [45.010902404785156], 'size': [47], 'nshd_c': [2.6], 'nshd': [2.566666666666667], 'tpr': [0.20754716981132076], 'tpr_c': [0.2127659574468085], 'change_adj_count': [58]}
2022-08-17 BST 23:26:31,127 - INFO - After to_save=   MAX_SIZE  LAMBDA  NOISE_TEMPERATURE  ...       tpr     tpr_c  change_adj_count
0        66      10                 10  ...  0.207547  0.212766                58

[1 rows x 16 columns]
2022-08-17 BST 23:26:31,127 - INFO - After file_path='../results/l_66_4hps.csv'
2022-08-17 BST 23:26:31,169 - INFO - Last epoch results saved in l_66_4hps.csv
2022-08-17 BST 23:26:31,175 - INFO - 

DAG 14: size_true=59	X.var()=16.7418
2022-08-17 BST 23:26:31,695 - INFO -  epoch=   1      train_loss=  15.2638      val_loss=  10.8861      best=1      size=  45      nSHD_c=   2.8667      nSHD=   2.9000      tpr_c=   0.1333      change_adj_count=5      
2022-08-17 BST 23:26:49,605 - INFO -  epoch= 100      train_loss=  11.4924      val_loss=  54.3254      best=1      size=  60      nSHD_c=   2.7333      nSHD=   2.6333      tpr_c=   0.2833      change_adj_count=31      
2022-08-17 BST 23:27:07,819 - INFO -  epoch= 200      train_loss=  10.9781      val_loss=  47.3729      best=1      size=  60      nSHD_c=   2.7000      nSHD=   2.5667      tpr_c=   0.2833      change_adj_count=33      
2022-08-17 BST 23:27:26,266 - INFO -  epoch= 300      train_loss=  10.3533      val_loss=  39.0666      best=1      size=  60      nSHD_c=   2.7000      nSHD=   2.5667      tpr_c=   0.2833      change_adj_count=34      
2022-08-17 BST 23:27:44,314 - INFO -  epoch= 400      train_loss=   9.7892      val_loss=  33.6528      best=1      size=  60      nSHD_c=   2.7000      nSHD=   2.5667      tpr_c=   0.2833      change_adj_count=37      
2022-08-17 BST 23:28:01,822 - INFO -  epoch= 500      train_loss=   9.2178      val_loss=  25.4072      best=1      size=  60      nSHD_c=   2.6667      nSHD=   2.5333      tpr_c=   0.2833      change_adj_count=39      
2022-08-17 BST 23:28:20,107 - INFO -  epoch= 600      train_loss=   8.8245      val_loss=  19.6320      best=1      size=  59      nSHD_c=   2.7000      nSHD=   2.5667      tpr_c=   0.2712      change_adj_count=45      
2022-08-17 BST 23:28:39,323 - INFO -  epoch= 700      train_loss=   8.2091      val_loss=  16.8948      best=1      size=  58      nSHD_c=   2.6667      nSHD=   2.5333      tpr_c=   0.2759      change_adj_count=46      
2022-08-17 BST 23:28:57,455 - INFO -  epoch= 800      train_loss=   7.7582      val_loss=  13.1655      best=1      size=  57      nSHD_c=   2.6333      nSHD=   2.5000      tpr_c=   0.2807      change_adj_count=47      
2022-08-17 BST 23:29:16,801 - INFO -  epoch= 900      train_loss=   7.5837      val_loss=  10.6275      best=1      size=  56      nSHD_c=   2.4667      nSHD=   2.3333      tpr_c=   0.3214      change_adj_count=51      
2022-08-17 BST 23:29:35,878 - INFO -  epoch=1000      train_loss=   7.0586      val_loss=   8.7769      best=1      size=  56      nSHD_c=   2.4667      nSHD=   2.3333      tpr_c=   0.3214      change_adj_count=52      
2022-08-17 BST 23:29:35,878 - INFO - Before params
2022-08-17 BST 23:29:35,879 - INFO - After params={'MAX_SIZE': [66], 'LAMBDA': [10], 'NOISE_TEMPERATURE': [10], 'h_NULL': [0], 'h_LR': [0.001], 'z_RHO': [0], 'z_MU': [0]}
2022-08-17 BST 23:29:35,879 - INFO - After metrics={'train_loss': [7.058622114119991], 'val_loss': [8.776934623718262], 'size': [56], 'nshd_c': [2.466666666666667], 'nshd': [2.3333333333333335], 'tpr': [0.3728813559322034], 'tpr_c': [0.32142857142857145], 'change_adj_count': [52]}
2022-08-17 BST 23:29:35,897 - INFO - After to_save=   MAX_SIZE  LAMBDA  NOISE_TEMPERATURE  ...       tpr     tpr_c  change_adj_count
0        66      10                 10  ...  0.372881  0.321429                52

[1 rows x 16 columns]
2022-08-17 BST 23:29:35,897 - INFO - After file_path='../results/l_66_4hps.csv'
2022-08-17 BST 23:29:35,899 - INFO - Last epoch results saved in l_66_4hps.csv
2022-08-17 BST 23:29:35,900 - INFO - 

DAG 15: size_true=42	X.var()=8.6273
2022-08-17 BST 23:29:36,259 - INFO -  epoch=   1      train_loss=   8.2109      val_loss=   5.7461      best=1      size=  51      nSHD_c=   2.5000      nSHD=   2.5000      tpr_c=   0.1373      change_adj_count=5      
2022-08-17 BST 23:29:54,478 - INFO -  epoch= 100      train_loss=   6.5625      val_loss=  19.6724      best=1      size=  51      nSHD_c=   1.9667      nSHD=   1.8333      tpr_c=   0.2745      change_adj_count=45      
2022-08-17 BST 23:30:11,775 - INFO -  epoch= 200      train_loss=   6.3609      val_loss=  16.9726      best=1      size=  51      nSHD_c=   1.9000      nSHD=   1.7667      tpr_c=   0.2941      change_adj_count=46      
2022-08-17 BST 23:30:29,046 - INFO -  epoch= 300      train_loss=   6.0538      val_loss=  14.6377      best=1      size=  51      nSHD_c=   1.9000      nSHD=   1.7667      tpr_c=   0.2941      change_adj_count=48      
2022-08-17 BST 23:30:47,549 - INFO -  epoch= 400      train_loss=   5.7809      val_loss=  12.3403      best=1      size=  51      nSHD_c=   1.9000      nSHD=   1.7667      tpr_c=   0.2941      change_adj_count=53      
2022-08-17 BST 23:32:46,885 - INFO -  epoch= 500      train_loss=   5.4990      val_loss=   9.6489      best=1      size=  51      nSHD_c=   1.9000      nSHD=   1.7667      tpr_c=   0.2941      change_adj_count=55      
2022-08-17 BST 23:33:05,538 - INFO -  epoch= 600      train_loss=   5.3362      val_loss=   8.6989      best=1      size=  51      nSHD_c=   1.9000      nSHD=   1.7667      tpr_c=   0.2941      change_adj_count=55      
2022-08-17 BST 23:33:23,577 - INFO -  epoch= 700      train_loss=   5.0157      val_loss=   6.8966      best=1      size=  51      nSHD_c=   1.8000      nSHD=   1.7000      tpr_c=   0.3333      change_adj_count=57      
2022-08-17 BST 23:33:41,577 - INFO -  epoch= 800      train_loss=   4.7451      val_loss=   5.1557      best=1      size=  51      nSHD_c=   1.7333      nSHD=   1.6333      tpr_c=   0.3529      change_adj_count=68      
2022-08-17 BST 23:33:59,610 - INFO -  epoch= 900      train_loss=   4.4923      val_loss=   4.5999      best=1      size=  51      nSHD_c=   1.7333      nSHD=   1.6333      tpr_c=   0.3529      change_adj_count=69      
2022-08-17 BST 23:34:16,812 - INFO -  epoch=1000      train_loss=   4.3236      val_loss=   3.9099      best=1      size=  51      nSHD_c=   1.7333      nSHD=   1.6333      tpr_c=   0.3529      change_adj_count=71      
2022-08-17 BST 23:34:16,813 - INFO - Before params
2022-08-17 BST 23:34:17,142 - INFO - After params={'MAX_SIZE': [66], 'LAMBDA': [10], 'NOISE_TEMPERATURE': [10], 'h_NULL': [0], 'h_LR': [0.001], 'z_RHO': [0], 'z_MU': [0]}
2022-08-17 BST 23:34:17,205 - INFO - After metrics={'train_loss': [4.323570828283986], 'val_loss': [3.9098663330078125], 'size': [51], 'nshd_c': [1.7333333333333334], 'nshd': [1.6333333333333333], 'tpr': [0.5], 'tpr_c': [0.35294117647058826], 'change_adj_count': [71]}
2022-08-17 BST 23:34:17,930 - INFO - After to_save=   MAX_SIZE  LAMBDA  NOISE_TEMPERATURE  ...  tpr     tpr_c  change_adj_count
0        66      10                 10  ...  0.5  0.352941                71

[1 rows x 16 columns]
2022-08-17 BST 23:34:17,930 - INFO - After file_path='../results/l_66_4hps.csv'
2022-08-17 BST 23:34:17,999 - INFO - Last epoch results saved in l_66_4hps.csv
2022-08-17 BST 23:34:18,021 - INFO - 

DAG 16: size_true=50	X.var()=12.1502
2022-08-17 BST 23:34:18,588 - INFO -  epoch=   1      train_loss=  11.3692      val_loss=   9.0956      best=1      size=  46      nSHD_c=   2.6333      nSHD=   2.6000      tpr_c=   0.0870      change_adj_count=5      
2022-08-17 BST 23:34:18,874 - INFO -  epoch=   2      train_loss=  10.5634      val_loss=   6.2832      best=1      size=  42      nSHD_c=   2.3333      nSHD=   2.3000      tpr_c=   0.2143      change_adj_count=6      
2022-08-17 BST 23:34:38,945 - INFO -  epoch= 100      train_loss=   9.0776      val_loss=  29.9038      best=1      size=  54      nSHD_c=   2.2667      nSHD=   2.1667      tpr_c=   0.2963      change_adj_count=57      
2022-08-17 BST 23:34:56,721 - INFO -  epoch= 200      train_loss=   8.6724      val_loss=  26.2013      best=1      size=  54      nSHD_c=   2.3333      nSHD=   2.2000      tpr_c=   0.2778      change_adj_count=70      
2022-08-17 BST 23:35:14,430 - INFO -  epoch= 300      train_loss=   8.2945      val_loss=  21.6947      best=1      size=  54      nSHD_c=   2.2333      nSHD=   2.1333      tpr_c=   0.3148      change_adj_count=72      
2022-08-17 BST 23:35:31,777 - INFO -  epoch= 400      train_loss=   7.8597      val_loss=  18.2258      best=1      size=  54      nSHD_c=   2.2333      nSHD=   2.1333      tpr_c=   0.3148      change_adj_count=77      
2022-08-17 BST 23:35:49,066 - INFO -  epoch= 500      train_loss=   7.4658      val_loss=  15.8968      best=1      size=  54      nSHD_c=   2.2333      nSHD=   2.1333      tpr_c=   0.3148      change_adj_count=79      
2022-08-17 BST 23:36:06,390 - INFO -  epoch= 600      train_loss=   7.1684      val_loss=  13.3530      best=1      size=  54      nSHD_c=   2.2000      nSHD=   2.0667      tpr_c=   0.3148      change_adj_count=82      
2022-08-17 BST 23:36:23,984 - INFO -  epoch= 700      train_loss=   6.6901      val_loss=  10.9636      best=1      size=  53      nSHD_c=   2.1667      nSHD=   2.0333      tpr_c=   0.3208      change_adj_count=90      
2022-08-17 BST 23:36:41,715 - INFO -  epoch= 800      train_loss=   6.3341      val_loss=   8.8807      best=1      size=  53      nSHD_c=   2.1333      nSHD=   1.9667      tpr_c=   0.3208      change_adj_count=93      
2022-08-17 BST 23:37:07,382 - INFO -  epoch= 900      train_loss=   6.0242      val_loss=   7.2348      best=1      size=  53      nSHD_c=   2.0000      nSHD=   1.8333      tpr_c=   0.3585      change_adj_count=101      
2022-08-17 BST 23:37:25,370 - INFO -  epoch=1000      train_loss=   5.6860      val_loss=   6.1558      best=1      size=  54      nSHD_c=   1.8667      nSHD=   1.8333      tpr_c=   0.4259      change_adj_count=111      
2022-08-17 BST 23:37:25,370 - INFO - Before params
2022-08-17 BST 23:37:25,714 - INFO - After params={'MAX_SIZE': [66], 'LAMBDA': [10], 'NOISE_TEMPERATURE': [10], 'h_NULL': [0], 'h_LR': [0.001], 'z_RHO': [0], 'z_MU': [0]}
2022-08-17 BST 23:37:25,715 - INFO - After metrics={'train_loss': [5.686001946849208], 'val_loss': [6.155798514684041], 'size': [54], 'nshd_c': [1.8666666666666667], 'nshd': [1.8333333333333333], 'tpr': [0.48], 'tpr_c': [0.42592592592592593], 'change_adj_count': [111]}
2022-08-17 BST 23:37:26,182 - INFO - After to_save=   MAX_SIZE  LAMBDA  NOISE_TEMPERATURE  ...   tpr     tpr_c  change_adj_count
0        66      10                 10  ...  0.48  0.425926               111

[1 rows x 16 columns]
2022-08-17 BST 23:37:26,182 - INFO - After file_path='../results/l_66_4hps.csv'
2022-08-17 BST 23:37:26,230 - INFO - Last epoch results saved in l_66_4hps.csv
2022-08-17 BST 23:37:26,247 - INFO - 

DAG 17: size_true=49	X.var()=16.5203
2022-08-17 BST 23:37:26,723 - INFO -  epoch=   1      train_loss=  15.1605      val_loss=  10.3872      best=1      size=  38      nSHD_c=   2.5000      nSHD=   2.5000      tpr_c=   0.1053      change_adj_count=5      
2022-08-17 BST 23:37:45,914 - INFO -  epoch= 100      train_loss=  11.3523      val_loss=  57.5996      best=1      size=  53      nSHD_c=   2.2000      nSHD=   2.2000      tpr_c=   0.3396      change_adj_count=44      
2022-08-17 BST 23:38:03,868 - INFO -  epoch= 200      train_loss=  10.6145      val_loss=  46.9024      best=1      size=  53      nSHD_c=   2.2000      nSHD=   2.2000      tpr_c=   0.3396      change_adj_count=51      
2022-08-17 BST 23:38:21,573 - INFO -  epoch= 300      train_loss=  10.3949      val_loss=  38.6930      best=1      size=  53      nSHD_c=   2.2667      nSHD=   2.2667      tpr_c=   0.3208      change_adj_count=70      
2022-08-17 BST 23:38:38,561 - INFO -  epoch= 400      train_loss=   9.6566      val_loss=  28.6189      best=1      size=  53      nSHD_c=   2.2667      nSHD=   2.2667      tpr_c=   0.3208      change_adj_count=82      
2022-08-17 BST 23:38:54,939 - INFO -  epoch= 500      train_loss=   9.1081      val_loss=  25.2550      best=1      size=  52      nSHD_c=   2.2333      nSHD=   2.2333      tpr_c=   0.3269      change_adj_count=86      
2022-08-17 BST 23:39:12,083 - INFO -  epoch= 600      train_loss=   8.4329      val_loss=  18.1841      best=1      size=  52      nSHD_c=   2.2333      nSHD=   2.2333      tpr_c=   0.3269      change_adj_count=88      
2022-08-17 BST 23:39:31,787 - INFO -  epoch= 700      train_loss=   7.8014      val_loss=  15.3905      best=1      size=  52      nSHD_c=   2.2333      nSHD=   2.2333      tpr_c=   0.3269      change_adj_count=90      
2022-08-17 BST 23:39:49,134 - INFO -  epoch= 800      train_loss=   7.3986      val_loss=  13.2157      best=1      size=  52      nSHD_c=   2.2333      nSHD=   2.2333      tpr_c=   0.3269      change_adj_count=90      
2022-08-17 BST 23:40:06,512 - INFO -  epoch= 900      train_loss=   7.1161      val_loss=  11.2618      best=1      size=  52      nSHD_c=   2.2333      nSHD=   2.2333      tpr_c=   0.3269      change_adj_count=91      
2022-08-17 BST 23:40:23,931 - INFO -  epoch=1000      train_loss=   6.5453      val_loss=   9.3290      best=1      size=  52      nSHD_c=   2.2000      nSHD=   2.1667      tpr_c=   0.3269      change_adj_count=97      
2022-08-17 BST 23:40:23,931 - INFO - Before params
2022-08-17 BST 23:40:23,931 - INFO - After params={'MAX_SIZE': [66], 'LAMBDA': [10], 'NOISE_TEMPERATURE': [10], 'h_NULL': [0], 'h_LR': [0.001], 'z_RHO': [0], 'z_MU': [0]}
2022-08-17 BST 23:40:23,931 - INFO - After metrics={'train_loss': [6.545348152037589], 'val_loss': [9.329008340835571], 'size': [52], 'nshd_c': [2.2], 'nshd': [2.1666666666666665], 'tpr': [0.3673469387755102], 'tpr_c': [0.3269230769230769], 'change_adj_count': [97]}
2022-08-17 BST 23:40:23,948 - INFO - After to_save=   MAX_SIZE  LAMBDA  NOISE_TEMPERATURE  ...       tpr     tpr_c  change_adj_count
0        66      10                 10  ...  0.367347  0.326923                97

[1 rows x 16 columns]
2022-08-17 BST 23:40:23,948 - INFO - After file_path='../results/l_66_4hps.csv'
2022-08-17 BST 23:40:23,950 - INFO - Last epoch results saved in l_66_4hps.csv
2022-08-17 BST 23:40:23,951 - INFO - 

DAG 18: size_true=56	X.var()=17.9506
2022-08-17 BST 23:40:24,184 - INFO -  epoch=   1      train_loss=  16.8701      val_loss=   9.4614      best=1      size=  47      nSHD_c=   3.0333      nSHD=   3.0000      tpr_c=   0.0851      change_adj_count=5      
2022-08-17 BST 23:40:41,200 - INFO -  epoch= 100      train_loss=  12.0192      val_loss=  74.5510      best=1      size=  61      nSHD_c=   2.8333      nSHD=   2.8000      tpr_c=   0.2459      change_adj_count=35      
2022-08-17 BST 23:40:57,948 - INFO -  epoch= 200      train_loss=  11.1109      val_loss=  61.2150      best=1      size=  61      nSHD_c=   2.8000      nSHD=   2.7333      tpr_c=   0.2459      change_adj_count=37      
2022-08-17 BST 23:41:16,505 - INFO -  epoch= 300      train_loss=  10.3862      val_loss=  44.1581      best=1      size=  61      nSHD_c=   2.8000      nSHD=   2.7333      tpr_c=   0.2459      change_adj_count=37      
2022-08-17 BST 23:41:35,621 - INFO -  epoch= 400      train_loss=   9.8475      val_loss=  32.8917      best=1      size=  60      nSHD_c=   2.6667      nSHD=   2.5667      tpr_c=   0.2667      change_adj_count=42      
2022-08-17 BST 23:41:53,885 - INFO -  epoch= 500      train_loss=   9.0703      val_loss=  24.3412      best=1      size=  60      nSHD_c=   2.6333      nSHD=   2.5000      tpr_c=   0.2667      change_adj_count=43      
2022-08-17 BST 23:42:16,443 - INFO -  epoch= 600      train_loss=   8.4055      val_loss=  18.6122      best=1      size=  59      nSHD_c=   2.6000      nSHD=   2.4667      tpr_c=   0.2712      change_adj_count=44      
2022-08-17 BST 23:48:11,664 - INFO -  epoch= 700      train_loss=   7.7783      val_loss=  14.3917      best=1      size=  58      nSHD_c=   2.4667      nSHD=   2.3667      tpr_c=   0.3103      change_adj_count=46      
2022-08-17 BST 23:48:30,646 - INFO -  epoch= 800      train_loss=   7.0517      val_loss=  10.9323      best=1      size=  57      nSHD_c=   2.4333      nSHD=   2.3333      tpr_c=   0.3158      change_adj_count=54      
2022-08-17 BST 23:48:49,984 - INFO -  epoch= 900      train_loss=   6.8532      val_loss=   9.0548      best=1      size=  57      nSHD_c=   2.3333      nSHD=   2.2667      tpr_c=   0.3509      change_adj_count=55      
2022-08-17 BST 23:49:08,258 - INFO -  epoch=1000      train_loss=   6.5912      val_loss=   8.4319      best=1      size=  57      nSHD_c=   2.3333      nSHD=   2.2667      tpr_c=   0.3509      change_adj_count=56      
2022-08-17 BST 23:49:08,258 - INFO - Before params
2022-08-17 BST 23:49:08,266 - INFO - After params={'MAX_SIZE': [66], 'LAMBDA': [10], 'NOISE_TEMPERATURE': [10], 'h_NULL': [0], 'h_LR': [0.001], 'z_RHO': [0], 'z_MU': [0]}
2022-08-17 BST 23:49:08,267 - INFO - After metrics={'train_loss': [6.591210211476972], 'val_loss': [8.43186060587565], 'size': [57], 'nshd_c': [2.3333333333333335], 'nshd': [2.2666666666666666], 'tpr': [0.39285714285714285], 'tpr_c': [0.3508771929824561], 'change_adj_count': [56]}
2022-08-17 BST 23:49:08,319 - INFO - After to_save=   MAX_SIZE  LAMBDA  NOISE_TEMPERATURE  ...       tpr     tpr_c  change_adj_count
0        66      10                 10  ...  0.392857  0.350877                56

[1 rows x 16 columns]
2022-08-17 BST 23:49:08,319 - INFO - After file_path='../results/l_66_4hps.csv'
2022-08-17 BST 23:49:08,325 - INFO - Last epoch results saved in l_66_4hps.csv
2022-08-17 BST 23:49:08,327 - INFO - 

DAG 19: size_true=57	X.var()=24.8142
2022-08-17 BST 23:49:08,613 - INFO -  epoch=   1      train_loss=  22.3702      val_loss=  15.3292      best=1      size=  47      nSHD_c=   3.1333      nSHD=   3.1000      tpr_c=   0.0426      change_adj_count=5      
2022-08-17 BST 23:49:27,835 - INFO -  epoch= 100      train_loss=  16.0020      val_loss= 117.3336      best=1      size=  57      nSHD_c=   2.7667      nSHD=   2.7333      tpr_c=   0.2632      change_adj_count=32      
2022-08-17 BST 23:49:46,561 - INFO -  epoch= 200      train_loss=  14.8384      val_loss=  92.6753      best=1      size=  57      nSHD_c=   2.7667      nSHD=   2.7333      tpr_c=   0.2632      change_adj_count=32      
2022-08-17 BST 23:50:04,626 - INFO -  epoch= 300      train_loss=  13.8478      val_loss=  70.9724      best=1      size=  56      nSHD_c=   2.7333      nSHD=   2.7000      tpr_c=   0.2679      change_adj_count=33      
2022-08-17 BST 23:50:23,136 - INFO -  epoch= 400      train_loss=  13.2198      val_loss=  54.2834      best=1      size=  56      nSHD_c=   2.7333      nSHD=   2.7000      tpr_c=   0.2679      change_adj_count=33      
2022-08-17 BST 23:50:41,096 - INFO -  epoch= 500      train_loss=  12.4476      val_loss=  43.5292      best=1      size=  55      nSHD_c=   2.7000      nSHD=   2.6667      tpr_c=   0.2727      change_adj_count=34      
2022-08-17 BST 23:51:00,828 - INFO -  epoch= 600      train_loss=  11.4831      val_loss=  32.8719      best=1      size=  55      nSHD_c=   2.7000      nSHD=   2.6667      tpr_c=   0.2727      change_adj_count=34      
2022-08-17 BST 23:51:20,288 - INFO -  epoch= 700      train_loss=  10.6785      val_loss=  24.9034      best=1      size=  55      nSHD_c=   2.7000      nSHD=   2.6667      tpr_c=   0.2727      change_adj_count=35      
2022-08-17 BST 23:51:39,711 - INFO -  epoch= 800      train_loss=   9.7576      val_loss=  21.2969      best=1      size=  55      nSHD_c=   2.6667      nSHD=   2.6000      tpr_c=   0.2727      change_adj_count=36      
2022-08-17 BST 23:51:57,860 - INFO -  epoch= 900      train_loss=   9.1206      val_loss=  16.0824      best=1      size=  55      nSHD_c=   2.6667      nSHD=   2.6000      tpr_c=   0.2727      change_adj_count=36      
2022-08-17 BST 23:52:16,472 - INFO -  epoch=1000      train_loss=   8.7082      val_loss=  14.9630      best=1      size=  55      nSHD_c=   2.6667      nSHD=   2.6000      tpr_c=   0.2727      change_adj_count=36      
2022-08-17 BST 23:52:16,472 - INFO - Before params
2022-08-17 BST 23:52:16,479 - INFO - After params={'MAX_SIZE': [66], 'LAMBDA': [10], 'NOISE_TEMPERATURE': [10], 'h_NULL': [0], 'h_LR': [0.001], 'z_RHO': [0], 'z_MU': [0]}
2022-08-17 BST 23:52:16,483 - INFO - After metrics={'train_loss': [8.70816316912251], 'val_loss': [14.96300458908081], 'size': [55], 'nshd_c': [2.6666666666666665], 'nshd': [2.6], 'tpr': [0.2982456140350877], 'tpr_c': [0.2727272727272727], 'change_adj_count': [36]}
2022-08-17 BST 23:52:16,585 - INFO - After to_save=   MAX_SIZE  LAMBDA  NOISE_TEMPERATURE  ...       tpr     tpr_c  change_adj_count
0        66      10                 10  ...  0.298246  0.272727                36

[1 rows x 16 columns]
2022-08-17 BST 23:52:16,585 - INFO - After file_path='../results/l_66_4hps.csv'
2022-08-17 BST 23:52:16,594 - INFO - Last epoch results saved in l_66_4hps.csv
2022-08-17 BST 23:52:16,596 - INFO - 

DAG 20: size_true=59	X.var()=201.6824
2022-08-17 BST 23:52:16,912 - INFO -  epoch=   1      train_loss= 184.3716      val_loss=  48.9466      best=1      size=  44      nSHD_c=   2.9667      nSHD=   2.9667      tpr_c=   0.1364      change_adj_count=5      
2022-08-17 BST 23:52:34,309 - INFO -  epoch= 100      train_loss=  85.0582      val_loss=2080.3854      best=1      size=  60      nSHD_c=   3.5000      nSHD=   3.4333      tpr_c=   0.1000      change_adj_count=38      
2022-08-17 BST 23:52:51,456 - INFO -  epoch= 200      train_loss=  68.7634      val_loss=1324.2868      best=1      size=  58      nSHD_c=   3.4333      nSHD=   3.3667      tpr_c=   0.1034      change_adj_count=45      
2022-08-17 BST 23:53:09,379 - INFO -  epoch= 300      train_loss=  58.9682      val_loss= 722.5743      best=1      size=  55      nSHD_c=   3.3333      nSHD=   3.2667      tpr_c=   0.1091      change_adj_count=55      
2022-08-17 BST 23:53:27,195 - INFO -  epoch= 400      train_loss=  51.0098      val_loss= 469.6997      best=1      size=  53      nSHD_c=   3.2667      nSHD=   3.2000      tpr_c=   0.1132      change_adj_count=59      
2022-08-17 BST 23:53:44,122 - INFO -  epoch= 500      train_loss=  46.5476      val_loss= 309.2763      best=1      size=  52      nSHD_c=   3.2333      nSHD=   3.1667      tpr_c=   0.1154      change_adj_count=61      
2022-08-17 BST 23:54:02,378 - INFO -  epoch= 600      train_loss=  40.1073      val_loss= 210.1350      best=1      size=  51      nSHD_c=   3.1333      nSHD=   3.0667      tpr_c=   0.1373      change_adj_count=70      
2022-08-17 BST 23:54:20,219 - INFO -  epoch= 700      train_loss=  35.7137      val_loss= 161.6667      best=1      size=  51      nSHD_c=   3.1333      nSHD=   3.0667      tpr_c=   0.1373      change_adj_count=70      
2022-08-17 BST 23:54:39,520 - INFO -  epoch= 800      train_loss=  32.7942      val_loss= 120.2730      best=1      size=  51      nSHD_c=   3.1333      nSHD=   3.0667      tpr_c=   0.1373      change_adj_count=70      
2022-08-17 BST 23:54:58,590 - INFO -  epoch= 900      train_loss=  31.2457      val_loss= 106.0928      best=1      size=  51      nSHD_c=   3.0667      nSHD=   3.0667      tpr_c=   0.1765      change_adj_count=71      
2022-08-17 BST 23:55:17,001 - INFO -  epoch=1000      train_loss=  29.6567      val_loss=  85.6139      best=1      size=  51      nSHD_c=   3.0333      nSHD=   3.0000      tpr_c=   0.1765      change_adj_count=72      
2022-08-17 BST 23:55:17,001 - INFO - Before params
2022-08-17 BST 23:55:17,001 - INFO - After params={'MAX_SIZE': [66], 'LAMBDA': [10], 'NOISE_TEMPERATURE': [10], 'h_NULL': [0], 'h_LR': [0.001], 'z_RHO': [0], 'z_MU': [0]}
2022-08-17 BST 23:55:17,002 - INFO - After metrics={'train_loss': [29.65670031885947], 'val_loss': [85.61394755045573], 'size': [51], 'nshd_c': [3.033333333333333], 'nshd': [3.0], 'tpr': [0.1694915254237288], 'tpr_c': [0.17647058823529413], 'change_adj_count': [72]}
2022-08-17 BST 23:55:17,024 - INFO - After to_save=   MAX_SIZE  LAMBDA  NOISE_TEMPERATURE  ...       tpr     tpr_c  change_adj_count
0        66      10                 10  ...  0.169492  0.176471                72

[1 rows x 16 columns]
2022-08-17 BST 23:55:17,024 - INFO - After file_path='../results/l_66_4hps.csv'
2022-08-17 BST 23:55:17,027 - INFO - Last epoch results saved in l_66_4hps.csv
2022-08-17 BST 23:55:17,028 - INFO - 

DAG 21: size_true=57	X.var()=21.1204
2022-08-17 BST 23:55:17,279 - INFO -  epoch=   1      train_loss=  19.1666      val_loss=  11.9798      best=1      size=  45      nSHD_c=   2.7333      nSHD=   2.7333      tpr_c=   0.1778      change_adj_count=5      
2022-08-17 BST 23:55:35,638 - INFO -  epoch= 100      train_loss=  13.2864      val_loss= 129.5835      best=1      size=  53      nSHD_c=   2.9000      nSHD=   2.8667      tpr_c=   0.1698      change_adj_count=32      
2022-08-17 BST 23:55:54,260 - INFO -  epoch= 200      train_loss=  12.3637      val_loss=  90.4841      best=1      size=  53      nSHD_c=   2.8667      nSHD=   2.8000      tpr_c=   0.1698      change_adj_count=40      
2022-08-17 BST 23:56:12,283 - INFO -  epoch= 300      train_loss=  11.3756      val_loss=  62.9910      best=1      size=  53      nSHD_c=   2.8667      nSHD=   2.8000      tpr_c=   0.1698      change_adj_count=41      
2022-08-17 BST 23:56:30,844 - INFO -  epoch= 400      train_loss=  10.5501      val_loss=  45.9010      best=1      size=  53      nSHD_c=   2.8333      nSHD=   2.8000      tpr_c=   0.1887      change_adj_count=42      
2022-08-17 BST 23:56:48,427 - INFO -  epoch= 500      train_loss=   9.9671      val_loss=  35.3868      best=1      size=  53      nSHD_c=   2.8333      nSHD=   2.8000      tpr_c=   0.1887      change_adj_count=43      
2022-08-17 BST 23:57:05,809 - INFO -  epoch= 600      train_loss=   9.0253      val_loss=  29.0718      best=1      size=  53      nSHD_c=   2.8333      nSHD=   2.8000      tpr_c=   0.1887      change_adj_count=43      
2022-08-17 BST 23:57:24,132 - INFO -  epoch= 700      train_loss=   8.5078      val_loss=  21.6632      best=1      size=  53      nSHD_c=   2.8333      nSHD=   2.8000      tpr_c=   0.1887      change_adj_count=43      
2022-08-17 BST 23:57:42,203 - INFO -  epoch= 800      train_loss=   8.0364      val_loss=  19.4988      best=1      size=  52      nSHD_c=   2.8000      nSHD=   2.7667      tpr_c=   0.1923      change_adj_count=44      
2022-08-17 BST 23:58:00,302 - INFO -  epoch= 900      train_loss=   7.8339      val_loss=  15.2573      best=1      size=  51      nSHD_c=   2.7667      nSHD=   2.7333      tpr_c=   0.1961      change_adj_count=45      
2022-08-17 BST 23:58:18,088 - INFO -  epoch=1000      train_loss=   7.3829      val_loss=  12.6618      best=1      size=  51      nSHD_c=   2.7333      nSHD=   2.7000      tpr_c=   0.2157      change_adj_count=45      
2022-08-17 BST 23:58:18,089 - INFO - Before params
2022-08-17 BST 23:58:18,089 - INFO - After params={'MAX_SIZE': [66], 'LAMBDA': [10], 'NOISE_TEMPERATURE': [10], 'h_NULL': [0], 'h_LR': [0.001], 'z_RHO': [0], 'z_MU': [0]}
2022-08-17 BST 23:58:18,089 - INFO - After metrics={'train_loss': [7.382867028636317], 'val_loss': [12.66183884938558], 'size': [51], 'nshd_c': [2.7333333333333334], 'nshd': [2.7], 'tpr': [0.21052631578947367], 'tpr_c': [0.21568627450980393], 'change_adj_count': [45]}
2022-08-17 BST 23:58:18,105 - INFO - After to_save=   MAX_SIZE  LAMBDA  NOISE_TEMPERATURE  ...       tpr     tpr_c  change_adj_count
0        66      10                 10  ...  0.210526  0.215686                45

[1 rows x 16 columns]
2022-08-17 BST 23:58:18,105 - INFO - After file_path='../results/l_66_4hps.csv'
2022-08-17 BST 23:58:18,107 - INFO - Last epoch results saved in l_66_4hps.csv
2022-08-17 BST 23:58:18,108 - INFO - 

DAG 22: size_true=60	X.var()=129.8499
2022-08-17 BST 23:58:18,325 - INFO -  epoch=   1      train_loss= 118.6302      val_loss=  65.4403      best=1      size=  40      nSHD_c=   2.8333      nSHD=   2.8333      tpr_c=   0.1250      change_adj_count=5      
2022-08-17 BST 23:58:35,487 - INFO -  epoch= 100      train_loss=  59.9145      val_loss=1569.5427      best=1      size=  58      nSHD_c=   3.0000      nSHD=   2.9667      tpr_c=   0.2241      change_adj_count=26      
2022-08-17 BST 23:58:53,347 - INFO -  epoch= 200      train_loss=  50.0246      val_loss= 955.8596      best=1      size=  58      nSHD_c=   3.0000      nSHD=   2.9667      tpr_c=   0.2241      change_adj_count=32      
2022-08-17 BST 23:59:11,717 - INFO -  epoch= 300      train_loss=  44.0625      val_loss= 533.9185      best=1      size=  58      nSHD_c=   3.0000      nSHD=   2.9667      tpr_c=   0.2241      change_adj_count=35      
2022-08-17 BST 23:59:30,128 - INFO -  epoch= 400      train_loss=  37.4714      val_loss= 364.9670      best=1      size=  58      nSHD_c=   2.9333      nSHD=   2.8667      tpr_c=   0.2241      change_adj_count=38      
2022-08-17 BST 23:59:48,495 - INFO -  epoch= 500      train_loss=  32.7774      val_loss= 231.1529      best=1      size=  57      nSHD_c=   2.9000      nSHD=   2.8333      tpr_c=   0.2281      change_adj_count=39      
2022-08-18 BST 00:00:06,685 - INFO -  epoch= 600      train_loss=  28.0012      val_loss= 146.6921      best=1      size=  56      nSHD_c=   2.8667      nSHD=   2.8000      tpr_c=   0.2321      change_adj_count=40      
2022-08-18 BST 00:00:25,056 - INFO -  epoch= 700      train_loss=  26.4564      val_loss= 101.5526      best=1      size=  55      nSHD_c=   2.9000      nSHD=   2.8333      tpr_c=   0.2182      change_adj_count=41      
2022-08-18 BST 00:00:43,382 - INFO -  epoch= 800      train_loss=  24.0475      val_loss=  83.2641      best=1      size=  54      nSHD_c=   2.8667      nSHD=   2.8000      tpr_c=   0.2222      change_adj_count=42      
2022-08-18 BST 00:01:01,764 - INFO -  epoch= 900      train_loss=  22.2231      val_loss=  67.4604      best=1      size=  55      nSHD_c=   2.8667      nSHD=   2.7667      tpr_c=   0.2182      change_adj_count=43      
2022-08-18 BST 00:01:19,672 - INFO -  epoch=1000      train_loss=  20.3508      val_loss=  57.9251      best=1      size=  55      nSHD_c=   2.8667      nSHD=   2.7667      tpr_c=   0.2182      change_adj_count=43      
2022-08-18 BST 00:01:19,673 - INFO - Before params
2022-08-18 BST 00:01:19,673 - INFO - After params={'MAX_SIZE': [66], 'LAMBDA': [10], 'NOISE_TEMPERATURE': [10], 'h_NULL': [0], 'h_LR': [0.001], 'z_RHO': [0], 'z_MU': [0]}
2022-08-18 BST 00:01:19,673 - INFO - After metrics={'train_loss': [20.350828816813806], 'val_loss': [57.9251454671224], 'size': [55], 'nshd_c': [2.8666666666666667], 'nshd': [2.7666666666666666], 'tpr': [0.25], 'tpr_c': [0.21818181818181817], 'change_adj_count': [43]}
2022-08-18 BST 00:01:19,690 - INFO - After to_save=   MAX_SIZE  LAMBDA  NOISE_TEMPERATURE  ...   tpr     tpr_c  change_adj_count
0        66      10                 10  ...  0.25  0.218182                43

[1 rows x 16 columns]
2022-08-18 BST 00:01:19,690 - INFO - After file_path='../results/l_66_4hps.csv'
2022-08-18 BST 00:01:19,692 - INFO - Last epoch results saved in l_66_4hps.csv
2022-08-18 BST 00:01:19,693 - INFO - 

DAG 23: size_true=49	X.var()=14.1269
2022-08-18 BST 00:01:19,931 - INFO -  epoch=   1      train_loss=  13.4199      val_loss=  11.1544      best=1      size=  50      nSHD_c=   2.5667      nSHD=   2.5333      tpr_c=   0.1400      change_adj_count=5      
2022-08-18 BST 00:01:38,369 - INFO -  epoch= 100      train_loss=  10.2552      val_loss=  47.9540      best=1      size=  52      nSHD_c=   1.9000      nSHD=   1.8333      tpr_c=   0.4038      change_adj_count=53      
2022-08-18 BST 00:01:56,815 - INFO -  epoch= 200      train_loss=   9.5357      val_loss=  40.6812      best=1      size=  51      nSHD_c=   1.9667      nSHD=   1.8667      tpr_c=   0.3725      change_adj_count=88      
2022-08-18 BST 00:02:15,549 - INFO -  epoch= 300      train_loss=   8.7741      val_loss=  33.6827      best=1      size=  53      nSHD_c=   1.9000      nSHD=   1.8000      tpr_c=   0.3962      change_adj_count=95      
2022-08-18 BST 00:02:33,433 - INFO -  epoch= 400      train_loss=   8.4850      val_loss=  25.3710      best=1      size=  53      nSHD_c=   1.9333      nSHD=   1.7333      tpr_c=   0.3585      change_adj_count=99      
2022-08-18 BST 00:02:51,956 - INFO -  epoch= 500      train_loss=   7.7170      val_loss=  20.4425      best=1      size=  54      nSHD_c=   1.9667      nSHD=   1.7000      tpr_c=   0.3333      change_adj_count=101      
2022-08-18 BST 00:03:11,065 - INFO -  epoch= 600      train_loss=   7.4077      val_loss=  14.1381      best=1      size=  54      nSHD_c=   1.9667      nSHD=   1.7000      tpr_c=   0.3333      change_adj_count=101      
2022-08-18 BST 00:03:29,708 - INFO -  epoch= 700      train_loss=   6.8547      val_loss=  11.4291      best=1      size=  54      nSHD_c=   1.8333      nSHD=   1.6333      tpr_c=   0.3889      change_adj_count=111      
2022-08-18 BST 00:03:49,246 - INFO -  epoch= 800      train_loss=   6.3567      val_loss=   8.7062      best=1      size=  52      nSHD_c=   1.8667      nSHD=   1.6333      tpr_c=   0.3654      change_adj_count=121      
2022-08-18 BST 00:04:08,499 - INFO -  epoch= 900      train_loss=   6.0741      val_loss=   7.7670      best=1      size=  52      nSHD_c=   1.8333      nSHD=   1.6333      tpr_c=   0.3846      change_adj_count=123      
2022-08-18 BST 00:04:27,442 - INFO -  epoch=1000      train_loss=   5.7946      val_loss=   6.3263      best=1      size=  53      nSHD_c=   1.8000      nSHD=   1.6000      tpr_c=   0.3962      change_adj_count=125      
2022-08-18 BST 00:04:27,443 - INFO - Before params
2022-08-18 BST 00:04:27,443 - INFO - After params={'MAX_SIZE': [66], 'LAMBDA': [10], 'NOISE_TEMPERATURE': [10], 'h_NULL': [0], 'h_LR': [0.001], 'z_RHO': [0], 'z_MU': [0]}
2022-08-18 BST 00:04:27,443 - INFO - After metrics={'train_loss': [5.7946320656807195], 'val_loss': [6.326305786768596], 'size': [53], 'nshd_c': [1.8], 'nshd': [1.6], 'tpr': [0.5510204081632653], 'tpr_c': [0.39622641509433965], 'change_adj_count': [125]}
2022-08-18 BST 00:04:27,460 - INFO - After to_save=   MAX_SIZE  LAMBDA  NOISE_TEMPERATURE  ...      tpr     tpr_c  change_adj_count
0        66      10                 10  ...  0.55102  0.396226               125

[1 rows x 16 columns]
2022-08-18 BST 00:04:27,460 - INFO - After file_path='../results/l_66_4hps.csv'
2022-08-18 BST 00:04:27,463 - INFO - Last epoch results saved in l_66_4hps.csv
2022-08-18 BST 00:04:27,463 - INFO - 
last_mean_nshd_c=2.5958
2022-08-18 BST 00:04:27,464 - INFO - 
Time taken 1:26:05 (h:mm:ss)
2022-08-18 BST 00:04:27,464 - INFO - 
End of log for run 2022-08-17_BST_22:38:22,719_l_66_4hps_222
