2022-08-18 BST 04:09:13,314 - INFO - 
Log for run 2022-08-18_BST_04:09:13,283_l_66_4hps_301

2022-08-18 BST 04:09:13,314 - INFO - COMMENT = ''
2022-08-18 BST 04:09:13,314 - INFO - DATA_FOLDER = '../data'
2022-08-18 BST 04:09:13,314 - INFO - LATENTS_FOLDER = '../latents'
2022-08-18 BST 04:09:13,314 - INFO - LOGS_FOLDER = '../logs'
2022-08-18 BST 04:09:13,314 - INFO - MODEL_FOLDER = '../models'
2022-08-18 BST 04:09:13,314 - INFO - RESULTS_FOLDER = '../results'
2022-08-18 BST 04:09:13,314 - INFO - DEVICE = torch.device("cuda" if torch.cuda.is_available() else "cpu")  # Used: "cuda"
2022-08-18 BST 04:09:13,314 - INFO - LATENTS = False
2022-08-18 BST 04:09:13,314 - INFO - MATRIX_REPORT = False
2022-08-18 BST 04:09:13,314 - INFO - LABEL = True
2022-08-18 BST 04:09:13,314 - INFO - SAVE_TO_ODS = False
2022-08-18 BST 04:09:13,315 - INFO - VAL_LOSS_FROM_DAG = True
2022-08-18 BST 04:09:13,315 - INFO - WANDB = False
2022-08-18 BST 04:09:13,315 - INFO - WANDB_PROJECT = 'Thetas'
2022-08-18 BST 04:09:13,315 - INFO - GRAD_LOG = False
2022-08-18 BST 04:09:13,315 - INFO - N_TRIALS = 1
2022-08-18 BST 04:09:13,315 - INFO - OPTUNA_STRINGS = {'None': None, 'True': True, 'False': False}
2022-08-18 BST 04:09:13,315 - INFO - TQDM = False
2022-08-18 BST 04:09:13,315 - INFO - 
hyperparameters = {
2022-08-18 BST 04:09:13,315 - INFO - 	'GRAPH_TYPE': 'ER2',
2022-08-18 BST 04:09:13,315 - INFO - 	'D': 30,
2022-08-18 BST 04:09:13,315 - INFO - 	'MAX_SIZE': 66,
2022-08-18 BST 04:09:13,315 - INFO - 	'SEM_NOISE': 'gaussian_ev',
2022-08-18 BST 04:09:13,315 - INFO - 	'N': 1200,
2022-08-18 BST 04:09:13,315 - INFO - 	'VAL': 0.16666666666666666,
2022-08-18 BST 04:09:13,315 - INFO - 	'N_EPOCHS': 1000,
2022-08-18 BST 04:09:13,315 - INFO - 	'BATCH_SIZE': 32,
2022-08-18 BST 04:09:13,315 - INFO - 	'LOG2_BATCH_SIZE': None,
2022-08-18 BST 04:09:13,315 - INFO - 	'BATCH_SHUFFLE': True,
2022-08-18 BST 04:09:13,315 - INFO - 	'N_SAMPLES': 10,
2022-08-18 BST 04:09:13,315 - INFO - 	'MODE': 'max_dag_test_only',
2022-08-18 BST 04:09:13,315 - INFO - 	'AFAS_SCHEDULER': None,
2022-08-18 BST 04:09:13,315 - INFO - 	'MINIZINC_SOLVER': None,
2022-08-18 BST 04:09:13,316 - INFO - 	'f_LINEAR_LAYERS': (),
2022-08-18 BST 04:09:13,316 - INFO - 	'f_BIAS': False,
2022-08-18 BST 04:09:13,316 - INFO - 	'p_LAYER': None,
2022-08-18 BST 04:09:13,316 - INFO - 	'STREAMLINE': False,
2022-08-18 BST 04:09:13,316 - INFO - 	'THRESHOLD': 0.0,
2022-08-18 BST 04:09:13,316 - INFO - 	'h_LINEAR_LAYERS': (),
2022-08-18 BST 04:09:13,316 - INFO - 	'h_NULL': 0,
2022-08-18 BST 04:09:13,316 - INFO - 	'h_LR': 0.0001,
2022-08-18 BST 04:09:13,316 - INFO - 	'h_OPTIMIZER': 'torch.optim.Adam(overall_net.h_net.parameters(), lr=h.h_LR)',
2022-08-18 BST 04:09:13,316 - INFO - 	'f_LR': 0.0117744218586073,
2022-08-18 BST 04:09:13,316 - INFO - 	'f_OPTIMIZER': 'torch.optim.Adam(overall_net.f_net.parameters(), lr=h.f_LR)',
2022-08-18 BST 04:09:13,316 - INFO - 	'NOISE_TEMPERATURE': 10,
2022-08-18 BST 04:09:13,316 - INFO - 	'NOISE_DISTRIBUTION': 'LogisticNoiseDistribution()',
2022-08-18 BST 04:09:13,316 - INFO - 	'LAMBDA': 100,
2022-08-18 BST 04:09:13,316 - INFO - 	'LOSS_FN': 'torch.nn.MSELoss()',
2022-08-18 BST 04:09:13,316 - INFO - 	'REGULARIZER': None,
2022-08-18 BST 04:09:13,316 - INFO - 	'z_RHO': 0,
2022-08-18 BST 04:09:13,316 - INFO - 	'z_MU': 0,
2022-08-18 BST 04:09:13,316 - INFO - 	'z_REGULARIZER': 'NoTearsZRegularizer(h.D, h.z_RHO, h.z_MU, c.DEVICE)',
2022-08-18 BST 04:09:13,316 - INFO - 	'LR_SCHEDULER': None,
2022-08-18 BST 04:09:13,316 - INFO - 	'DATA_CATEGORY': 'test',
2022-08-18 BST 04:09:13,316 - INFO - 	'DAGS': '030_ER2_gaussian_ev_2022-08-12_BST_09:55:21,293_create_dags'
2022-08-18 BST 04:09:13,316 - INFO - }

2022-08-18 BST 04:09:14,208 - INFO - 

DAG 0: size_true=69	X.var()=185.8479
2022-08-18 BST 04:09:16,831 - INFO -  epoch=   1      train_loss= 176.6625      val_loss=  59.7226      best=1      size=  44      nSHD_c=   2.9667      nSHD=   2.9667      tpr_c=   0.2273      change_adj_count=5      
2022-08-18 BST 04:09:35,820 - INFO -  epoch= 100      train_loss= 103.1539      val_loss=2934.6424      best=1      size=  60      nSHD_c=   2.9000      nSHD=   2.9000      tpr_c=   0.3500      change_adj_count=37      
2022-08-18 BST 04:09:54,727 - INFO -  epoch= 200      train_loss=  97.8234      val_loss=2730.7111      best=1      size=  60      nSHD_c=   2.9000      nSHD=   2.9000      tpr_c=   0.3500      change_adj_count=39      
2022-08-18 BST 04:10:14,468 - INFO -  epoch= 300      train_loss=  96.9048      val_loss=2791.7744      best=1      size=  60      nSHD_c=   2.9667      nSHD=   2.9667      tpr_c=   0.3333      change_adj_count=40      
2022-08-18 BST 04:10:32,787 - INFO -  epoch= 400      train_loss=  95.4631      val_loss=2706.6225      best=1      size=  60      nSHD_c=   2.9667      nSHD=   2.9667      tpr_c=   0.3333      change_adj_count=40      
2022-08-18 BST 04:10:51,393 - INFO -  epoch= 500      train_loss=  94.4023      val_loss=2547.0954      best=1      size=  60      nSHD_c=   2.9667      nSHD=   2.9667      tpr_c=   0.3333      change_adj_count=40      
2022-08-18 BST 04:11:10,074 - INFO -  epoch= 600      train_loss=  94.7002      val_loss=2591.2540      best=1      size=  60      nSHD_c=   2.9667      nSHD=   2.9667      tpr_c=   0.3333      change_adj_count=40      
2022-08-18 BST 04:11:29,243 - INFO -  epoch= 700      train_loss=  93.4641      val_loss=2231.7828      best=1      size=  60      nSHD_c=   2.9667      nSHD=   2.9667      tpr_c=   0.3333      change_adj_count=40      
2022-08-18 BST 04:11:48,360 - INFO -  epoch= 800      train_loss=  90.2636      val_loss=2328.8259      best=1      size=  60      nSHD_c=   2.9667      nSHD=   2.9667      tpr_c=   0.3333      change_adj_count=40      
2022-08-18 BST 04:12:06,860 - INFO -  epoch= 900      train_loss=  87.3914      val_loss=2073.9408      best=1      size=  60      nSHD_c=   2.9667      nSHD=   2.9667      tpr_c=   0.3333      change_adj_count=40      
2022-08-18 BST 04:12:25,040 - INFO -  epoch=1000      train_loss=  88.8070      val_loss=1954.0028      best=1      size=  60      nSHD_c=   2.9667      nSHD=   2.9667      tpr_c=   0.3333      change_adj_count=40      
2022-08-18 BST 04:12:25,041 - INFO - Before params
2022-08-18 BST 04:12:25,041 - INFO - After params={'MAX_SIZE': [66], 'LAMBDA': [100], 'NOISE_TEMPERATURE': [10], 'h_NULL': [0], 'h_LR': [0.0001], 'z_RHO': [0], 'z_MU': [0]}
2022-08-18 BST 04:12:25,041 - INFO - After metrics={'train_loss': [88.80704326014364], 'val_loss': [1954.0028483072917], 'size': [60], 'nshd_c': [2.966666666666667], 'nshd': [2.966666666666667], 'tpr': [0.2898550724637681], 'tpr_c': [0.3333333333333333], 'change_adj_count': [40]}
2022-08-18 BST 04:12:25,061 - INFO - After to_save=   MAX_SIZE  LAMBDA  NOISE_TEMPERATURE  ...       tpr     tpr_c  change_adj_count
0        66     100                 10  ...  0.289855  0.333333                40

[1 rows x 16 columns]
2022-08-18 BST 04:12:25,061 - INFO - After file_path='../results/l_66_4hps.csv'
2022-08-18 BST 04:12:25,065 - INFO - Last epoch results saved in l_66_4hps.csv
2022-08-18 BST 04:12:25,065 - INFO - 

DAG 1: size_true=67	X.var()=127.1156
2022-08-18 BST 04:12:25,286 - INFO -  epoch=   1      train_loss= 114.2347      val_loss=  55.4544      best=1      size=  42      nSHD_c=   3.0667      nSHD=   3.0667      tpr_c=   0.1667      change_adj_count=5      
2022-08-18 BST 04:12:45,069 - INFO -  epoch= 100      train_loss=  60.5321      val_loss=3095.4968      best=1      size=  60      nSHD_c=   3.6000      nSHD=   3.6000      tpr_c=   0.1500      change_adj_count=29      
2022-08-18 BST 04:13:04,878 - INFO -  epoch= 200      train_loss=  62.9137      val_loss=2894.0676      best=1      size=  60      nSHD_c=   3.6000      nSHD=   3.6000      tpr_c=   0.1500      change_adj_count=29      
2022-08-18 BST 04:13:23,412 - INFO -  epoch= 300      train_loss=  56.4005      val_loss=2954.5696      best=1      size=  60      nSHD_c=   3.6000      nSHD=   3.5667      tpr_c=   0.1500      change_adj_count=29      
2022-08-18 BST 04:13:42,224 - INFO -  epoch= 400      train_loss=  56.1690      val_loss=2550.3627      best=1      size=  60      nSHD_c=   3.6000      nSHD=   3.5667      tpr_c=   0.1500      change_adj_count=29      
2022-08-18 BST 04:14:00,905 - INFO -  epoch= 500      train_loss=  58.7517      val_loss=2502.4950      best=1      size=  60      nSHD_c=   3.6000      nSHD=   3.5667      tpr_c=   0.1500      change_adj_count=29      
2022-08-18 BST 04:14:21,321 - INFO -  epoch= 600      train_loss=  52.9530      val_loss=2356.4429      best=1      size=  60      nSHD_c=   3.6000      nSHD=   3.5667      tpr_c=   0.1500      change_adj_count=29      
2022-08-18 BST 04:14:40,760 - INFO -  epoch= 700      train_loss=  55.3208      val_loss=2380.3334      best=1      size=  60      nSHD_c=   3.6000      nSHD=   3.5667      tpr_c=   0.1500      change_adj_count=31      
2022-08-18 BST 04:14:59,601 - INFO -  epoch= 800      train_loss=  53.1039      val_loss=2304.3208      best=1      size=  60      nSHD_c=   3.5333      nSHD=   3.5000      tpr_c=   0.1667      change_adj_count=34      
2022-08-18 BST 04:15:18,356 - INFO -  epoch= 900      train_loss=  52.1410      val_loss=2062.3833      best=1      size=  60      nSHD_c=   3.5333      nSHD=   3.5000      tpr_c=   0.1667      change_adj_count=34      
2022-08-18 BST 04:15:37,124 - INFO -  epoch=1000      train_loss=  51.3394      val_loss=2094.2225      best=1      size=  60      nSHD_c=   3.5333      nSHD=   3.5000      tpr_c=   0.1667      change_adj_count=34      
2022-08-18 BST 04:15:37,124 - INFO - Before params
2022-08-18 BST 04:15:37,125 - INFO - After params={'MAX_SIZE': [66], 'LAMBDA': [100], 'NOISE_TEMPERATURE': [10], 'h_NULL': [0], 'h_LR': [0.0001], 'z_RHO': [0], 'z_MU': [0]}
2022-08-18 BST 04:15:37,125 - INFO - After metrics={'train_loss': [51.33936451327416], 'val_loss': [2094.2224934895835], 'size': [60], 'nshd_c': [3.533333333333333], 'nshd': [3.5], 'tpr': [0.16417910447761194], 'tpr_c': [0.16666666666666666], 'change_adj_count': [34]}
2022-08-18 BST 04:15:37,143 - INFO - After to_save=   MAX_SIZE  LAMBDA  NOISE_TEMPERATURE  ...       tpr     tpr_c  change_adj_count
0        66     100                 10  ...  0.164179  0.166667                34

[1 rows x 16 columns]
2022-08-18 BST 04:15:37,143 - INFO - After file_path='../results/l_66_4hps.csv'
2022-08-18 BST 04:15:37,145 - INFO - Last epoch results saved in l_66_4hps.csv
2022-08-18 BST 04:15:37,146 - INFO - 

DAG 2: size_true=64	X.var()=25.7432
2022-08-18 BST 04:15:37,434 - INFO -  epoch=   1      train_loss=  24.4445      val_loss=  14.7117      best=1      size=  42      nSHD_c=   2.6667      nSHD=   2.6333      tpr_c=   0.2381      change_adj_count=5      
2022-08-18 BST 04:15:56,769 - INFO -  epoch= 100      train_loss=  19.2186      val_loss=  77.2071      best=1      size=  57      nSHD_c=   2.8000      nSHD=   2.6667      tpr_c=   0.2807      change_adj_count=39      
2022-08-18 BST 04:16:16,046 - INFO -  epoch= 200      train_loss=  18.9277      val_loss=  70.8280      best=1      size=  57      nSHD_c=   2.8000      nSHD=   2.6667      tpr_c=   0.2807      change_adj_count=43      
2022-08-18 BST 04:16:35,436 - INFO -  epoch= 300      train_loss=  18.5132      val_loss=  71.4119      best=1      size=  57      nSHD_c=   2.8000      nSHD=   2.6667      tpr_c=   0.2807      change_adj_count=51      
2022-08-18 BST 04:16:55,116 - INFO -  epoch= 400      train_loss=  18.4176      val_loss=  67.8936      best=1      size=  56      nSHD_c=   2.7667      nSHD=   2.6333      tpr_c=   0.2857      change_adj_count=52      
2022-08-18 BST 04:17:13,496 - INFO -  epoch= 500      train_loss=  18.7391      val_loss=  67.2582      best=1      size=  56      nSHD_c=   2.7667      nSHD=   2.6333      tpr_c=   0.2857      change_adj_count=56      
2022-08-18 BST 04:17:32,854 - INFO -  epoch= 600      train_loss=  18.4280      val_loss=  68.7551      best=1      size=  56      nSHD_c=   2.7333      nSHD=   2.6000      tpr_c=   0.3036      change_adj_count=56      
2022-08-18 BST 04:17:51,644 - INFO -  epoch= 700      train_loss=  18.2599      val_loss=  71.8339      best=1      size=  56      nSHD_c=   2.7333      nSHD=   2.6000      tpr_c=   0.3036      change_adj_count=56      
2022-08-18 BST 04:18:10,011 - INFO -  epoch= 800      train_loss=  18.0339      val_loss=  71.6241      best=1      size=  56      nSHD_c=   2.7333      nSHD=   2.6000      tpr_c=   0.3036      change_adj_count=56      
2022-08-18 BST 04:18:28,208 - INFO -  epoch= 900      train_loss=  17.7433      val_loss=  65.3961      best=1      size=  56      nSHD_c=   2.7333      nSHD=   2.6000      tpr_c=   0.3036      change_adj_count=59      
2022-08-18 BST 04:18:46,592 - INFO -  epoch=1000      train_loss=  17.2276      val_loss=  64.1102      best=1      size=  56      nSHD_c=   2.7333      nSHD=   2.6000      tpr_c=   0.3036      change_adj_count=60      
2022-08-18 BST 04:18:46,593 - INFO - Before params
2022-08-18 BST 04:18:46,593 - INFO - After params={'MAX_SIZE': [66], 'LAMBDA': [100], 'NOISE_TEMPERATURE': [10], 'h_NULL': [0], 'h_LR': [0.0001], 'z_RHO': [0], 'z_MU': [0]}
2022-08-18 BST 04:18:46,593 - INFO - After metrics={'train_loss': [17.227646673879317], 'val_loss': [64.11020723978679], 'size': [56], 'nshd_c': [2.7333333333333334], 'nshd': [2.6], 'tpr': [0.328125], 'tpr_c': [0.30357142857142855], 'change_adj_count': [60]}
2022-08-18 BST 04:18:46,612 - INFO - After to_save=   MAX_SIZE  LAMBDA  NOISE_TEMPERATURE  ...       tpr     tpr_c  change_adj_count
0        66     100                 10  ...  0.328125  0.303571                60

[1 rows x 16 columns]
2022-08-18 BST 04:18:46,612 - INFO - After file_path='../results/l_66_4hps.csv'
2022-08-18 BST 04:18:46,614 - INFO - Last epoch results saved in l_66_4hps.csv
2022-08-18 BST 04:18:46,614 - INFO - 

DAG 3: size_true=63	X.var()=265.9248
2022-08-18 BST 04:18:46,876 - INFO -  epoch=   1      train_loss= 223.9565      val_loss= 187.2629      best=1      size=  39      nSHD_c=   2.9333      nSHD=   2.9333      tpr_c=   0.1282      change_adj_count=5      
2022-08-18 BST 04:19:05,994 - INFO -  epoch= 100      train_loss= 121.7262      val_loss=4423.9220      best=1      size=  58      nSHD_c=   3.4333      nSHD=   3.4333      tpr_c=   0.1379      change_adj_count=52      
2022-08-18 BST 04:19:24,782 - INFO -  epoch= 200      train_loss= 126.6848      val_loss=4458.5471      best=1      size=  57      nSHD_c=   3.4333      nSHD=   3.4000      tpr_c=   0.1228      change_adj_count=76      
2022-08-18 BST 04:19:44,395 - INFO -  epoch= 300      train_loss= 120.8313      val_loss=4130.0498      best=1      size=  56      nSHD_c=   3.4000      nSHD=   3.3667      tpr_c=   0.1250      change_adj_count=97      
2022-08-18 BST 04:20:03,600 - INFO -  epoch= 400      train_loss= 120.8830      val_loss=3860.0776      best=1      size=  55      nSHD_c=   3.3667      nSHD=   3.3333      tpr_c=   0.1273      change_adj_count=108      
2022-08-18 BST 04:20:23,196 - INFO -  epoch= 500      train_loss= 117.7908      val_loss=3668.0793      best=1      size=  55      nSHD_c=   3.3333      nSHD=   3.3333      tpr_c=   0.1455      change_adj_count=114      
2022-08-18 BST 04:20:41,491 - INFO -  epoch= 600      train_loss= 116.8824      val_loss=3361.0411      best=1      size=  55      nSHD_c=   3.3333      nSHD=   3.3333      tpr_c=   0.1455      change_adj_count=116      
2022-08-18 BST 04:20:59,901 - INFO -  epoch= 700      train_loss= 113.8992      val_loss=3483.0345      best=1      size=  55      nSHD_c=   3.3667      nSHD=   3.3333      tpr_c=   0.1273      change_adj_count=125      
2022-08-18 BST 04:21:18,530 - INFO -  epoch= 800      train_loss= 109.7616      val_loss=3072.8305      best=1      size=  54      nSHD_c=   3.3000      nSHD=   3.3000      tpr_c=   0.1481      change_adj_count=128      
2022-08-18 BST 04:21:37,711 - INFO -  epoch= 900      train_loss= 105.0226      val_loss=2928.7706      best=1      size=  54      nSHD_c=   3.3000      nSHD=   3.3000      tpr_c=   0.1481      change_adj_count=128      
2022-08-18 BST 04:21:56,125 - INFO -  epoch=1000      train_loss= 107.7266      val_loss=3019.3757      best=1      size=  54      nSHD_c=   3.3000      nSHD=   3.3000      tpr_c=   0.1481      change_adj_count=128      
2022-08-18 BST 04:21:56,126 - INFO - Before params
2022-08-18 BST 04:21:56,126 - INFO - After params={'MAX_SIZE': [66], 'LAMBDA': [100], 'NOISE_TEMPERATURE': [10], 'h_NULL': [0], 'h_LR': [0.0001], 'z_RHO': [0], 'z_MU': [0]}
2022-08-18 BST 04:21:56,126 - INFO - After metrics={'train_loss': [107.72659154092112], 'val_loss': [3019.3756510416665], 'size': [54], 'nshd_c': [3.3], 'nshd': [3.3], 'tpr': [0.12698412698412698], 'tpr_c': [0.14814814814814814], 'change_adj_count': [128]}
2022-08-18 BST 04:21:56,145 - INFO - After to_save=   MAX_SIZE  LAMBDA  NOISE_TEMPERATURE  ...       tpr     tpr_c  change_adj_count
0        66     100                 10  ...  0.126984  0.148148               128

[1 rows x 16 columns]
2022-08-18 BST 04:21:56,145 - INFO - After file_path='../results/l_66_4hps.csv'
2022-08-18 BST 04:21:56,147 - INFO - Last epoch results saved in l_66_4hps.csv
2022-08-18 BST 04:21:56,148 - INFO - 

DAG 4: size_true=48	X.var()=47.3993
2022-08-18 BST 04:21:56,379 - INFO -  epoch=   1      train_loss=  44.0536      val_loss=  30.8557      best=1      size=  41      nSHD_c=   2.2000      nSHD=   2.2000      tpr_c=   0.2195      change_adj_count=5      
2022-08-18 BST 04:22:14,694 - INFO -  epoch= 100      train_loss=  30.6678      val_loss= 477.2330      best=1      size=  58      nSHD_c=   2.5333      nSHD=   2.5333      tpr_c=   0.2586      change_adj_count=40      
2022-08-18 BST 04:22:33,506 - INFO -  epoch= 200      train_loss=  30.5993      val_loss= 425.7767      best=1      size=  57      nSHD_c=   2.5000      nSHD=   2.5000      tpr_c=   0.2632      change_adj_count=42      
2022-08-18 BST 04:22:52,734 - INFO -  epoch= 300      train_loss=  30.4355      val_loss= 396.9846      best=1      size=  57      nSHD_c=   2.5000      nSHD=   2.5000      tpr_c=   0.2632      change_adj_count=42      
2022-08-18 BST 04:23:11,644 - INFO -  epoch= 400      train_loss=  29.4284      val_loss= 371.0173      best=1      size=  56      nSHD_c=   2.4667      nSHD=   2.4667      tpr_c=   0.2679      change_adj_count=52      
2022-08-18 BST 04:23:30,091 - INFO -  epoch= 500      train_loss=  29.6837      val_loss= 362.9980      best=1      size=  56      nSHD_c=   2.4667      nSHD=   2.4667      tpr_c=   0.2679      change_adj_count=54      
2022-08-18 BST 04:23:48,397 - INFO -  epoch= 600      train_loss=  28.8098      val_loss= 370.5522      best=1      size=  56      nSHD_c=   2.4667      nSHD=   2.4667      tpr_c=   0.2679      change_adj_count=54      
2022-08-18 BST 04:24:06,868 - INFO -  epoch= 700      train_loss=  28.4435      val_loss= 337.1827      best=1      size=  56      nSHD_c=   2.4667      nSHD=   2.4667      tpr_c=   0.2679      change_adj_count=54      
2022-08-18 BST 04:24:25,438 - INFO -  epoch= 800      train_loss=  28.0861      val_loss= 328.5069      best=1      size=  56      nSHD_c=   2.4667      nSHD=   2.4667      tpr_c=   0.2679      change_adj_count=54      
2022-08-18 BST 04:24:43,535 - INFO -  epoch= 900      train_loss=  27.8722      val_loss= 343.8210      best=1      size=  56      nSHD_c=   2.4667      nSHD=   2.4667      tpr_c=   0.2679      change_adj_count=66      
2022-08-18 BST 04:25:02,140 - INFO -  epoch=1000      train_loss=  26.6141      val_loss= 309.9836      best=1      size=  56      nSHD_c=   2.4667      nSHD=   2.4667      tpr_c=   0.2679      change_adj_count=70      
2022-08-18 BST 04:25:02,140 - INFO - Before params
2022-08-18 BST 04:25:02,140 - INFO - After params={'MAX_SIZE': [66], 'LAMBDA': [100], 'NOISE_TEMPERATURE': [10], 'h_NULL': [0], 'h_LR': [0.0001], 'z_RHO': [0], 'z_MU': [0]}
2022-08-18 BST 04:25:02,140 - INFO - After metrics={'train_loss': [26.614093042189076], 'val_loss': [309.98360951741535], 'size': [56], 'nshd_c': [2.466666666666667], 'nshd': [2.466666666666667], 'tpr': [0.3125], 'tpr_c': [0.26785714285714285], 'change_adj_count': [70]}
2022-08-18 BST 04:25:02,159 - INFO - After to_save=   MAX_SIZE  LAMBDA  NOISE_TEMPERATURE  ...     tpr     tpr_c  change_adj_count
0        66     100                 10  ...  0.3125  0.267857                70

[1 rows x 16 columns]
2022-08-18 BST 04:25:02,159 - INFO - After file_path='../results/l_66_4hps.csv'
2022-08-18 BST 04:25:02,162 - INFO - Last epoch results saved in l_66_4hps.csv
2022-08-18 BST 04:25:02,162 - INFO - 

DAG 5: size_true=57	X.var()=54.7286
2022-08-18 BST 04:25:02,383 - INFO -  epoch=   1      train_loss=  54.2022      val_loss=  29.1244      best=1      size=  37      nSHD_c=   2.7000      nSHD=   2.7000      tpr_c=   0.1081      change_adj_count=5      
2022-08-18 BST 04:25:19,451 - INFO -  epoch= 100      train_loss=  38.2404      val_loss= 347.4106      best=1      size=  57      nSHD_c=   2.8667      nSHD=   2.8000      tpr_c=   0.2105      change_adj_count=35      
2022-08-18 BST 04:25:36,478 - INFO -  epoch= 200      train_loss=  38.1549      val_loss= 346.9221      best=1      size=  57      nSHD_c=   2.8667      nSHD=   2.8000      tpr_c=   0.2105      change_adj_count=35      
2022-08-18 BST 04:25:53,643 - INFO -  epoch= 300      train_loss=  37.6444      val_loss= 324.7032      best=1      size=  57      nSHD_c=   2.8667      nSHD=   2.8000      tpr_c=   0.2105      change_adj_count=35      
2022-08-18 BST 04:26:10,834 - INFO -  epoch= 400      train_loss=  37.5983      val_loss= 432.0611      best=1      size=  57      nSHD_c=   2.8333      nSHD=   2.7667      tpr_c=   0.2281      change_adj_count=35      
2022-08-18 BST 04:26:27,954 - INFO -  epoch= 500      train_loss=  35.0722      val_loss= 308.4223      best=1      size=  57      nSHD_c=   2.8667      nSHD=   2.8000      tpr_c=   0.2105      change_adj_count=35      
2022-08-18 BST 04:26:45,771 - INFO -  epoch= 600      train_loss=  36.3500      val_loss= 392.4059      best=1      size=  57      nSHD_c=   2.8667      nSHD=   2.8000      tpr_c=   0.2105      change_adj_count=35      
2022-08-18 BST 04:27:04,643 - INFO -  epoch= 700      train_loss=  35.5211      val_loss= 346.8870      best=1      size=  57      nSHD_c=   2.8667      nSHD=   2.8000      tpr_c=   0.2105      change_adj_count=35      
2022-08-18 BST 04:27:23,225 - INFO -  epoch= 800      train_loss=  35.6806      val_loss= 349.9572      best=1      size=  57      nSHD_c=   2.8667      nSHD=   2.8000      tpr_c=   0.2105      change_adj_count=35      
2022-08-18 BST 04:27:42,421 - INFO -  epoch= 900      train_loss=  34.3437      val_loss= 347.1189      best=1      size=  57      nSHD_c=   2.8667      nSHD=   2.8000      tpr_c=   0.2105      change_adj_count=35      
2022-08-18 BST 04:28:01,245 - INFO -  epoch=1000      train_loss=  34.6759      val_loss= 242.6585      best=1      size=  57      nSHD_c=   2.8667      nSHD=   2.8000      tpr_c=   0.2105      change_adj_count=35      
2022-08-18 BST 04:28:01,245 - INFO - Before params
2022-08-18 BST 04:28:01,246 - INFO - After params={'MAX_SIZE': [66], 'LAMBDA': [100], 'NOISE_TEMPERATURE': [10], 'h_NULL': [0], 'h_LR': [0.0001], 'z_RHO': [0], 'z_MU': [0]}
2022-08-18 BST 04:28:01,246 - INFO - After metrics={'train_loss': [34.67586209697108], 'val_loss': [242.65847524007162], 'size': [57], 'nshd_c': [2.8666666666666667], 'nshd': [2.8], 'tpr': [0.24561403508771928], 'tpr_c': [0.21052631578947367], 'change_adj_count': [35]}
2022-08-18 BST 04:28:01,265 - INFO - After to_save=   MAX_SIZE  LAMBDA  NOISE_TEMPERATURE  ...       tpr     tpr_c  change_adj_count
0        66     100                 10  ...  0.245614  0.210526                35

[1 rows x 16 columns]
2022-08-18 BST 04:28:01,265 - INFO - After file_path='../results/l_66_4hps.csv'
2022-08-18 BST 04:28:01,267 - INFO - Last epoch results saved in l_66_4hps.csv
2022-08-18 BST 04:28:01,268 - INFO - 

DAG 6: size_true=64	X.var()=29.7229
2022-08-18 BST 04:28:01,520 - INFO -  epoch=   1      train_loss=  27.1558      val_loss=  15.1481      best=1      size=  43      nSHD_c=   3.2000      nSHD=   3.2000      tpr_c=   0.0465      change_adj_count=5      
2022-08-18 BST 04:28:20,100 - INFO -  epoch= 100      train_loss=  20.3313      val_loss= 135.6313      best=1      size=  56      nSHD_c=   3.0667      nSHD=   3.0000      tpr_c=   0.2143      change_adj_count=52      
2022-08-18 BST 04:28:38,888 - INFO -  epoch= 200      train_loss=  19.9107      val_loss= 133.0262      best=1      size=  55      nSHD_c=   3.0333      nSHD=   2.9667      tpr_c=   0.2182      change_adj_count=60      
2022-08-18 BST 04:28:58,135 - INFO -  epoch= 300      train_loss=  19.6743      val_loss= 133.6657      best=1      size=  55      nSHD_c=   3.0333      nSHD=   2.9667      tpr_c=   0.2182      change_adj_count=61      
2022-08-18 BST 04:29:16,609 - INFO -  epoch= 400      train_loss=  19.7529      val_loss= 122.0090      best=1      size=  55      nSHD_c=   3.0333      nSHD=   2.9667      tpr_c=   0.2182      change_adj_count=61      
2022-08-18 BST 04:29:35,564 - INFO -  epoch= 500      train_loss=  19.7396      val_loss= 121.9716      best=1      size=  55      nSHD_c=   3.0333      nSHD=   2.9667      tpr_c=   0.2182      change_adj_count=61      
2022-08-18 BST 04:29:54,706 - INFO -  epoch= 600      train_loss=  19.4615      val_loss= 118.7439      best=1      size=  55      nSHD_c=   3.0000      nSHD=   2.9000      tpr_c=   0.2182      change_adj_count=62      
2022-08-18 BST 04:30:13,747 - INFO -  epoch= 700      train_loss=  19.2544      val_loss= 103.1414      best=1      size=  55      nSHD_c=   3.0000      nSHD=   2.9000      tpr_c=   0.2182      change_adj_count=62      
2022-08-18 BST 04:30:32,484 - INFO -  epoch= 800      train_loss=  18.8443      val_loss= 108.7483      best=1      size=  54      nSHD_c=   3.0000      nSHD=   2.9333      tpr_c=   0.2222      change_adj_count=63      
2022-08-18 BST 04:30:51,176 - INFO -  epoch= 900      train_loss=  18.7240      val_loss=  98.0083      best=1      size=  54      nSHD_c=   3.0333      nSHD=   2.9333      tpr_c=   0.2037      change_adj_count=68      
2022-08-18 BST 04:31:09,823 - INFO -  epoch=1000      train_loss=  18.6543      val_loss=  91.8507      best=1      size=  54      nSHD_c=   3.0333      nSHD=   2.9333      tpr_c=   0.2037      change_adj_count=76      
2022-08-18 BST 04:31:09,823 - INFO - Before params
2022-08-18 BST 04:31:09,824 - INFO - After params={'MAX_SIZE': [66], 'LAMBDA': [100], 'NOISE_TEMPERATURE': [10], 'h_NULL': [0], 'h_LR': [0.0001], 'z_RHO': [0], 'z_MU': [0]}
2022-08-18 BST 04:31:09,824 - INFO - After metrics={'train_loss': [18.654323547117173], 'val_loss': [91.85073343912761], 'size': [54], 'nshd_c': [3.033333333333333], 'nshd': [2.933333333333333], 'tpr': [0.21875], 'tpr_c': [0.2037037037037037], 'change_adj_count': [76]}
2022-08-18 BST 04:31:09,841 - INFO - After to_save=   MAX_SIZE  LAMBDA  NOISE_TEMPERATURE  ...      tpr     tpr_c  change_adj_count
0        66     100                 10  ...  0.21875  0.203704                76

[1 rows x 16 columns]
2022-08-18 BST 04:31:09,841 - INFO - After file_path='../results/l_66_4hps.csv'
2022-08-18 BST 04:31:09,843 - INFO - Last epoch results saved in l_66_4hps.csv
2022-08-18 BST 04:31:09,843 - INFO - 

DAG 7: size_true=62	X.var()=55.6800
2022-08-18 BST 04:31:10,087 - INFO -  epoch=   1      train_loss=  49.1373      val_loss=  20.7805      best=1      size=  39      nSHD_c=   2.9333      nSHD=   2.9333      tpr_c=   0.1538      change_adj_count=5      
2022-08-18 BST 04:31:29,723 - INFO -  epoch= 100      train_loss=  30.4299      val_loss= 826.9088      best=1      size=  53      nSHD_c=   3.2333      nSHD=   3.1667      tpr_c=   0.1321      change_adj_count=34      
2022-08-18 BST 04:31:48,902 - INFO -  epoch= 200      train_loss=  29.6463      val_loss= 862.2206      best=1      size=  52      nSHD_c=   3.1667      nSHD=   3.1333      tpr_c=   0.1538      change_adj_count=42      
2022-08-18 BST 04:32:07,348 - INFO -  epoch= 300      train_loss=  30.5510      val_loss= 763.4864      best=1      size=  52      nSHD_c=   3.1667      nSHD=   3.1333      tpr_c=   0.1538      change_adj_count=46      
2022-08-18 BST 04:32:26,681 - INFO -  epoch= 400      train_loss=  30.2069      val_loss= 791.4032      best=1      size=  52      nSHD_c=   3.1667      nSHD=   3.1333      tpr_c=   0.1538      change_adj_count=55      
2022-08-18 BST 04:32:45,411 - INFO -  epoch= 500      train_loss=  28.4110      val_loss= 689.2167      best=1      size=  52      nSHD_c=   3.1667      nSHD=   3.1333      tpr_c=   0.1538      change_adj_count=66      
2022-08-18 BST 04:33:04,027 - INFO -  epoch= 600      train_loss=  27.6750      val_loss= 667.4817      best=1      size=  52      nSHD_c=   3.1667      nSHD=   3.1333      tpr_c=   0.1538      change_adj_count=71      
2022-08-18 BST 04:33:22,895 - INFO -  epoch= 700      train_loss=  27.4900      val_loss= 590.6033      best=1      size=  52      nSHD_c=   3.1667      nSHD=   3.1333      tpr_c=   0.1538      change_adj_count=75      
2022-08-18 BST 04:33:41,234 - INFO -  epoch= 800      train_loss=  27.2376      val_loss= 603.2379      best=1      size=  51      nSHD_c=   3.1333      nSHD=   3.1000      tpr_c=   0.1569      change_adj_count=84      
2022-08-18 BST 04:33:59,658 - INFO -  epoch= 900      train_loss=  25.6585      val_loss= 598.2284      best=1      size=  51      nSHD_c=   3.1333      nSHD=   3.1000      tpr_c=   0.1569      change_adj_count=89      
2022-08-18 BST 04:34:18,319 - INFO -  epoch=1000      train_loss=  26.7900      val_loss= 554.1490      best=1      size=  51      nSHD_c=   3.1333      nSHD=   3.1000      tpr_c=   0.1569      change_adj_count=91      
2022-08-18 BST 04:34:18,320 - INFO - Before params
2022-08-18 BST 04:34:18,320 - INFO - After params={'MAX_SIZE': [66], 'LAMBDA': [100], 'NOISE_TEMPERATURE': [10], 'h_NULL': [0], 'h_LR': [0.0001], 'z_RHO': [0], 'z_MU': [0]}
2022-08-18 BST 04:34:18,320 - INFO - After metrics={'train_loss': [26.789957477200417], 'val_loss': [554.1490427652994], 'size': [51], 'nshd_c': [3.1333333333333333], 'nshd': [3.1], 'tpr': [0.14516129032258066], 'tpr_c': [0.1568627450980392], 'change_adj_count': [91]}
2022-08-18 BST 04:34:18,339 - INFO - After to_save=   MAX_SIZE  LAMBDA  NOISE_TEMPERATURE  ...       tpr     tpr_c  change_adj_count
0        66     100                 10  ...  0.145161  0.156863                91

[1 rows x 16 columns]
2022-08-18 BST 04:34:18,339 - INFO - After file_path='../results/l_66_4hps.csv'
2022-08-18 BST 04:34:18,342 - INFO - Last epoch results saved in l_66_4hps.csv
2022-08-18 BST 04:34:18,343 - INFO - 

DAG 8: size_true=63	X.var()=39.3378
2022-08-18 BST 04:34:18,588 - INFO -  epoch=   1      train_loss=  37.0287      val_loss=  16.7930      best=1      size=  40      nSHD_c=   2.8667      nSHD=   2.8667      tpr_c=   0.1750      change_adj_count=5      
2022-08-18 BST 04:34:36,656 - INFO -  epoch= 100      train_loss=  26.6691      val_loss= 249.8301      best=1      size=  58      nSHD_c=   3.0667      nSHD=   3.0333      tpr_c=   0.2414      change_adj_count=23      
2022-08-18 BST 04:34:55,026 - INFO -  epoch= 200      train_loss=  26.1742      val_loss= 233.2532      best=1      size=  57      nSHD_c=   3.0333      nSHD=   3.0000      tpr_c=   0.2456      change_adj_count=25      
2022-08-18 BST 04:35:14,463 - INFO -  epoch= 300      train_loss=  26.4780      val_loss= 229.9295      best=1      size=  57      nSHD_c=   3.0333      nSHD=   3.0000      tpr_c=   0.2456      change_adj_count=25      
2022-08-18 BST 04:35:33,497 - INFO -  epoch= 400      train_loss=  26.8949      val_loss= 232.2903      best=1      size=  57      nSHD_c=   3.0333      nSHD=   3.0000      tpr_c=   0.2456      change_adj_count=25      
2022-08-18 BST 04:35:52,238 - INFO -  epoch= 500      train_loss=  25.3480      val_loss= 208.0875      best=1      size=  57      nSHD_c=   3.0333      nSHD=   3.0000      tpr_c=   0.2456      change_adj_count=25      
2022-08-18 BST 04:36:10,828 - INFO -  epoch= 600      train_loss=  24.9560      val_loss= 215.2893      best=1      size=  57      nSHD_c=   3.0333      nSHD=   3.0000      tpr_c=   0.2456      change_adj_count=25      
2022-08-18 BST 04:36:29,236 - INFO -  epoch= 700      train_loss=  25.0371      val_loss= 209.9371      best=1      size=  57      nSHD_c=   3.0333      nSHD=   3.0000      tpr_c=   0.2456      change_adj_count=25      
2022-08-18 BST 04:36:47,984 - INFO -  epoch= 800      train_loss=  24.4163      val_loss= 199.2867      best=1      size=  57      nSHD_c=   3.0333      nSHD=   3.0000      tpr_c=   0.2456      change_adj_count=25      
2022-08-18 BST 04:37:06,349 - INFO -  epoch= 900      train_loss=  23.7579      val_loss= 201.6558      best=1      size=  57      nSHD_c=   3.0333      nSHD=   3.0000      tpr_c=   0.2456      change_adj_count=25      
2022-08-18 BST 04:37:24,885 - INFO -  epoch=1000      train_loss=  24.0758      val_loss= 182.0049      best=1      size=  57      nSHD_c=   3.0333      nSHD=   3.0000      tpr_c=   0.2456      change_adj_count=25      
2022-08-18 BST 04:37:24,885 - INFO - Before params
2022-08-18 BST 04:37:24,885 - INFO - After params={'MAX_SIZE': [66], 'LAMBDA': [100], 'NOISE_TEMPERATURE': [10], 'h_NULL': [0], 'h_LR': [0.0001], 'z_RHO': [0], 'z_MU': [0]}
2022-08-18 BST 04:37:24,885 - INFO - After metrics={'train_loss': [24.075796250374086], 'val_loss': [182.00489044189453], 'size': [57], 'nshd_c': [3.033333333333333], 'nshd': [3.0], 'tpr': [0.23809523809523808], 'tpr_c': [0.24561403508771928], 'change_adj_count': [25]}
2022-08-18 BST 04:37:24,904 - INFO - After to_save=   MAX_SIZE  LAMBDA  NOISE_TEMPERATURE  ...       tpr     tpr_c  change_adj_count
0        66     100                 10  ...  0.238095  0.245614                25

[1 rows x 16 columns]
2022-08-18 BST 04:37:24,904 - INFO - After file_path='../results/l_66_4hps.csv'
2022-08-18 BST 04:37:24,906 - INFO - Last epoch results saved in l_66_4hps.csv
2022-08-18 BST 04:37:24,907 - INFO - 

DAG 9: size_true=61	X.var()=94.6254
2022-08-18 BST 04:37:25,136 - INFO -  epoch=   1      train_loss=  84.1815      val_loss=  39.0103      best=1      size=  42      nSHD_c=   2.9333      nSHD=   2.9333      tpr_c=   0.1429      change_adj_count=5      
2022-08-18 BST 04:37:43,096 - INFO -  epoch= 100      train_loss=  52.8317      val_loss=1372.8953      best=1      size=  57      nSHD_c=   3.3000      nSHD=   3.3000      tpr_c=   0.1579      change_adj_count=31      
2022-08-18 BST 04:38:01,212 - INFO -  epoch= 200      train_loss=  53.1220      val_loss=1240.4859      best=1      size=  56      nSHD_c=   3.2667      nSHD=   3.2667      tpr_c=   0.1607      change_adj_count=35      
2022-08-18 BST 04:38:19,252 - INFO -  epoch= 300      train_loss=  53.5281      val_loss=1122.6584      best=1      size=  56      nSHD_c=   3.2667      nSHD=   3.2667      tpr_c=   0.1607      change_adj_count=35      
2022-08-18 BST 04:38:37,473 - INFO -  epoch= 400      train_loss=  51.0425      val_loss=1167.6373      best=1      size=  56      nSHD_c=   3.2667      nSHD=   3.2667      tpr_c=   0.1607      change_adj_count=42      
2022-08-18 BST 04:38:56,931 - INFO -  epoch= 500      train_loss=  51.8314      val_loss=1012.6726      best=1      size=  56      nSHD_c=   3.2667      nSHD=   3.2667      tpr_c=   0.1607      change_adj_count=47      
2022-08-18 BST 04:39:15,530 - INFO -  epoch= 600      train_loss=  50.5913      val_loss=1034.1837      best=1      size=  56      nSHD_c=   3.2667      nSHD=   3.2667      tpr_c=   0.1607      change_adj_count=48      
2022-08-18 BST 04:39:34,502 - INFO -  epoch= 700      train_loss=  49.0858      val_loss=1036.0990      best=1      size=  56      nSHD_c=   3.2667      nSHD=   3.2667      tpr_c=   0.1607      change_adj_count=48      
2022-08-18 BST 04:39:53,173 - INFO -  epoch= 800      train_loss=  49.4734      val_loss= 883.1539      best=1      size=  56      nSHD_c=   3.2667      nSHD=   3.2667      tpr_c=   0.1607      change_adj_count=48      
2022-08-18 BST 04:40:12,031 - INFO -  epoch= 900      train_loss=  47.6154      val_loss= 891.8094      best=1      size=  56      nSHD_c=   3.2667      nSHD=   3.2667      tpr_c=   0.1607      change_adj_count=48      
2022-08-18 BST 04:40:30,668 - INFO -  epoch=1000      train_loss=  47.3537      val_loss= 888.8893      best=1      size=  56      nSHD_c=   3.2667      nSHD=   3.2667      tpr_c=   0.1607      change_adj_count=48      
2022-08-18 BST 04:40:30,668 - INFO - Before params
2022-08-18 BST 04:40:30,669 - INFO - After params={'MAX_SIZE': [66], 'LAMBDA': [100], 'NOISE_TEMPERATURE': [10], 'h_NULL': [0], 'h_LR': [0.0001], 'z_RHO': [0], 'z_MU': [0]}
2022-08-18 BST 04:40:30,669 - INFO - After metrics={'train_loss': [47.3537463526572], 'val_loss': [888.8893330891927], 'size': [56], 'nshd_c': [3.2666666666666666], 'nshd': [3.2666666666666666], 'tpr': [0.14754098360655737], 'tpr_c': [0.16071428571428573], 'change_adj_count': [48]}
2022-08-18 BST 04:40:30,688 - INFO - After to_save=   MAX_SIZE  LAMBDA  NOISE_TEMPERATURE  ...       tpr     tpr_c  change_adj_count
0        66     100                 10  ...  0.147541  0.160714                48

[1 rows x 16 columns]
2022-08-18 BST 04:40:30,688 - INFO - After file_path='../results/l_66_4hps.csv'
2022-08-18 BST 04:40:30,691 - INFO - Last epoch results saved in l_66_4hps.csv
2022-08-18 BST 04:40:30,691 - INFO - 

DAG 10: size_true=51	X.var()=18.9170
2022-08-18 BST 04:40:30,947 - INFO -  epoch=   1      train_loss=  17.7488      val_loss=  11.3986      best=1      size=  38      nSHD_c=   2.3333      nSHD=   2.3000      tpr_c=   0.1579      change_adj_count=5      
2022-08-18 BST 04:40:49,311 - INFO -  epoch= 100      train_loss=  14.0382      val_loss=  82.1455      best=1      size=  52      nSHD_c=   2.5000      nSHD=   2.4667      tpr_c=   0.2500      change_adj_count=21      
2022-08-18 BST 04:41:07,994 - INFO -  epoch= 200      train_loss=  13.9761      val_loss=  75.0755      best=1      size=  52      nSHD_c=   2.5000      nSHD=   2.4667      tpr_c=   0.2500      change_adj_count=21      
2022-08-18 BST 04:41:26,332 - INFO -  epoch= 300      train_loss=  13.7245      val_loss=  69.2991      best=1      size=  52      nSHD_c=   2.5000      nSHD=   2.4667      tpr_c=   0.2500      change_adj_count=21      
2022-08-18 BST 04:41:44,346 - INFO -  epoch= 400      train_loss=  13.5367      val_loss=  69.1900      best=1      size=  52      nSHD_c=   2.5000      nSHD=   2.4667      tpr_c=   0.2500      change_adj_count=21      
2022-08-18 BST 04:42:03,196 - INFO -  epoch= 500      train_loss=  13.5230      val_loss=  65.5305      best=1      size=  52      nSHD_c=   2.5000      nSHD=   2.4667      tpr_c=   0.2500      change_adj_count=21      
2022-08-18 BST 04:42:21,849 - INFO -  epoch= 600      train_loss=  13.3748      val_loss=  65.4387      best=1      size=  52      nSHD_c=   2.5000      nSHD=   2.4667      tpr_c=   0.2500      change_adj_count=21      
2022-08-18 BST 04:42:41,828 - INFO -  epoch= 700      train_loss=  13.1460      val_loss=  63.5447      best=1      size=  52      nSHD_c=   2.5000      nSHD=   2.4667      tpr_c=   0.2500      change_adj_count=21      
2022-08-18 BST 04:43:00,765 - INFO -  epoch= 800      train_loss=  13.2455      val_loss=  61.9644      best=1      size=  52      nSHD_c=   2.5000      nSHD=   2.4667      tpr_c=   0.2500      change_adj_count=21      
2022-08-18 BST 04:43:19,184 - INFO -  epoch= 900      train_loss=  12.8992      val_loss=  61.8743      best=1      size=  52      nSHD_c=   2.5000      nSHD=   2.4667      tpr_c=   0.2500      change_adj_count=21      
2022-08-18 BST 04:43:37,774 - INFO -  epoch=1000      train_loss=  12.9609      val_loss=  55.7845      best=1      size=  52      nSHD_c=   2.5000      nSHD=   2.4667      tpr_c=   0.2500      change_adj_count=21      
2022-08-18 BST 04:43:37,775 - INFO - Before params
2022-08-18 BST 04:43:37,775 - INFO - After params={'MAX_SIZE': [66], 'LAMBDA': [100], 'NOISE_TEMPERATURE': [10], 'h_NULL': [0], 'h_LR': [0.0001], 'z_RHO': [0], 'z_MU': [0]}
2022-08-18 BST 04:43:37,775 - INFO - After metrics={'train_loss': [12.960932762392106], 'val_loss': [55.78447659810384], 'size': [52], 'nshd_c': [2.5], 'nshd': [2.466666666666667], 'tpr': [0.27450980392156865], 'tpr_c': [0.25], 'change_adj_count': [21]}
2022-08-18 BST 04:43:37,794 - INFO - After to_save=   MAX_SIZE  LAMBDA  NOISE_TEMPERATURE  ...      tpr  tpr_c  change_adj_count
0        66     100                 10  ...  0.27451   0.25                21

[1 rows x 16 columns]
2022-08-18 BST 04:43:37,794 - INFO - After file_path='../results/l_66_4hps.csv'
2022-08-18 BST 04:43:37,796 - INFO - Last epoch results saved in l_66_4hps.csv
2022-08-18 BST 04:43:37,797 - INFO - 

DAG 11: size_true=68	X.var()=127.5135
2022-08-18 BST 04:43:38,047 - INFO -  epoch=   1      train_loss= 119.1070      val_loss=  56.5732      best=1      size=  41      nSHD_c=   3.0333      nSHD=   3.0333      tpr_c=   0.1951      change_adj_count=5      
2022-08-18 BST 04:43:56,445 - INFO -  epoch= 100      train_loss=  73.1206      val_loss=1717.3265      best=1      size=  61      nSHD_c=   3.4000      nSHD=   3.3667      tpr_c=   0.2131      change_adj_count=32      
2022-08-18 BST 04:44:15,123 - INFO -  epoch= 200      train_loss=  72.8822      val_loss=1602.6292      best=1      size=  61      nSHD_c=   3.4000      nSHD=   3.3667      tpr_c=   0.2131      change_adj_count=35      
2022-08-18 BST 04:44:34,345 - INFO -  epoch= 300      train_loss=  70.2054      val_loss=1570.8013      best=1      size=  61      nSHD_c=   3.4000      nSHD=   3.3667      tpr_c=   0.2131      change_adj_count=39      
2022-08-18 BST 04:44:53,343 - INFO -  epoch= 400      train_loss=  70.4817      val_loss=1540.4993      best=1      size=  61      nSHD_c=   3.4000      nSHD=   3.3667      tpr_c=   0.2131      change_adj_count=39      
2022-08-18 BST 04:45:11,599 - INFO -  epoch= 500      train_loss=  67.8627      val_loss=1521.3775      best=1      size=  61      nSHD_c=   3.4000      nSHD=   3.3667      tpr_c=   0.2131      change_adj_count=39      
2022-08-18 BST 04:45:30,326 - INFO -  epoch= 600      train_loss=  67.6977      val_loss=1383.8514      best=1      size=  61      nSHD_c=   3.4000      nSHD=   3.3667      tpr_c=   0.2131      change_adj_count=39      
2022-08-18 BST 04:45:48,814 - INFO -  epoch= 700      train_loss=  66.9093      val_loss=1324.4256      best=1      size=  61      nSHD_c=   3.4000      nSHD=   3.3667      tpr_c=   0.2131      change_adj_count=39      
2022-08-18 BST 04:46:07,275 - INFO -  epoch= 800      train_loss=  66.0013      val_loss=1327.6438      best=1      size=  60      nSHD_c=   3.3667      nSHD=   3.3333      tpr_c=   0.2167      change_adj_count=41      
2022-08-18 BST 04:46:27,313 - INFO -  epoch= 900      train_loss=  65.7533      val_loss=1221.6239      best=1      size=  60      nSHD_c=   3.3667      nSHD=   3.3333      tpr_c=   0.2167      change_adj_count=45      
2022-08-18 BST 04:46:46,266 - INFO -  epoch=1000      train_loss=  62.4114      val_loss=1167.3915      best=1      size=  61      nSHD_c=   3.4000      nSHD=   3.3667      tpr_c=   0.2131      change_adj_count=50      
2022-08-18 BST 04:46:46,266 - INFO - Before params
2022-08-18 BST 04:46:46,266 - INFO - After params={'MAX_SIZE': [66], 'LAMBDA': [100], 'NOISE_TEMPERATURE': [10], 'h_NULL': [0], 'h_LR': [0.0001], 'z_RHO': [0], 'z_MU': [0]}
2022-08-18 BST 04:46:46,266 - INFO - After metrics={'train_loss': [62.41135517243416], 'val_loss': [1167.3914896647136], 'size': [61], 'nshd_c': [3.4], 'nshd': [3.3666666666666667], 'tpr': [0.20588235294117646], 'tpr_c': [0.21311475409836064], 'change_adj_count': [50]}
2022-08-18 BST 04:46:46,285 - INFO - After to_save=   MAX_SIZE  LAMBDA  NOISE_TEMPERATURE  ...       tpr     tpr_c  change_adj_count
0        66     100                 10  ...  0.205882  0.213115                50

[1 rows x 16 columns]
2022-08-18 BST 04:46:46,285 - INFO - After file_path='../results/l_66_4hps.csv'
2022-08-18 BST 04:46:46,288 - INFO - Last epoch results saved in l_66_4hps.csv
2022-08-18 BST 04:46:46,288 - INFO - 

DAG 12: size_true=53	X.var()=15.8398
2022-08-18 BST 04:46:46,553 - INFO -  epoch=   1      train_loss=  15.3005      val_loss=   8.9475      best=1      size=  40      nSHD_c=   2.4667      nSHD=   2.4333      tpr_c=   0.2000      change_adj_count=5      
2022-08-18 BST 04:47:05,251 - INFO -  epoch= 100      train_loss=  11.8170      val_loss=  69.9680      best=1      size=  52      nSHD_c=   2.4000      nSHD=   2.4000      tpr_c=   0.2885      change_adj_count=17      
2022-08-18 BST 04:47:24,377 - INFO -  epoch= 200      train_loss=  11.8106      val_loss=  63.1834      best=1      size=  52      nSHD_c=   2.4000      nSHD=   2.4000      tpr_c=   0.2885      change_adj_count=17      
2022-08-18 BST 04:47:44,096 - INFO -  epoch= 300      train_loss=  11.5004      val_loss=  71.0765      best=1      size=  52      nSHD_c=   2.4000      nSHD=   2.4000      tpr_c=   0.2885      change_adj_count=17      
2022-08-18 BST 04:48:02,893 - INFO -  epoch= 400      train_loss=  11.3729      val_loss=  68.3319      best=1      size=  52      nSHD_c=   2.4000      nSHD=   2.4000      tpr_c=   0.2885      change_adj_count=17      
2022-08-18 BST 04:48:22,831 - INFO -  epoch= 500      train_loss=  11.0392      val_loss=  68.1856      best=1      size=  52      nSHD_c=   2.4000      nSHD=   2.4000      tpr_c=   0.2885      change_adj_count=17      
2022-08-18 BST 04:48:42,139 - INFO -  epoch= 600      train_loss=  11.3221      val_loss=  68.8026      best=1      size=  52      nSHD_c=   2.4000      nSHD=   2.4000      tpr_c=   0.2885      change_adj_count=17      
2022-08-18 BST 04:49:01,038 - INFO -  epoch= 700      train_loss=  10.8421      val_loss=  63.9014      best=1      size=  52      nSHD_c=   2.4000      nSHD=   2.4000      tpr_c=   0.2885      change_adj_count=17      
2022-08-18 BST 04:49:18,827 - INFO -  epoch= 800      train_loss=  10.9330      val_loss=  61.9930      best=1      size=  52      nSHD_c=   2.4000      nSHD=   2.4000      tpr_c=   0.2885      change_adj_count=17      
2022-08-18 BST 04:49:36,939 - INFO -  epoch= 900      train_loss=  11.0688      val_loss=  57.0818      best=1      size=  52      nSHD_c=   2.4000      nSHD=   2.4000      tpr_c=   0.2885      change_adj_count=17      
2022-08-18 BST 04:49:55,223 - INFO -  epoch=1000      train_loss=  10.7206      val_loss=  52.5339      best=1      size=  52      nSHD_c=   2.4000      nSHD=   2.4000      tpr_c=   0.2885      change_adj_count=17      
2022-08-18 BST 04:49:55,224 - INFO - Before params
2022-08-18 BST 04:49:55,224 - INFO - After params={'MAX_SIZE': [66], 'LAMBDA': [100], 'NOISE_TEMPERATURE': [10], 'h_NULL': [0], 'h_LR': [0.0001], 'z_RHO': [0], 'z_MU': [0]}
2022-08-18 BST 04:49:55,224 - INFO - After metrics={'train_loss': [10.720640859296244], 'val_loss': [52.53387324015299], 'size': [52], 'nshd_c': [2.4], 'nshd': [2.4], 'tpr': [0.2830188679245283], 'tpr_c': [0.28846153846153844], 'change_adj_count': [17]}
2022-08-18 BST 04:49:55,243 - INFO - After to_save=   MAX_SIZE  LAMBDA  NOISE_TEMPERATURE  ...       tpr     tpr_c  change_adj_count
0        66     100                 10  ...  0.283019  0.288462                17

[1 rows x 16 columns]
2022-08-18 BST 04:49:55,243 - INFO - After file_path='../results/l_66_4hps.csv'
2022-08-18 BST 04:49:55,245 - INFO - Last epoch results saved in l_66_4hps.csv
2022-08-18 BST 04:49:55,246 - INFO - 

DAG 13: size_true=53	X.var()=112.2632
2022-08-18 BST 04:49:55,475 - INFO -  epoch=   1      train_loss= 106.8576      val_loss=  44.4893      best=1      size=  36      nSHD_c=   2.5667      nSHD=   2.4333      tpr_c=   0.0556      change_adj_count=5      
2022-08-18 BST 04:50:13,429 - INFO -  epoch= 100      train_loss=  61.7751      val_loss=1807.7721      best=1      size=  54      nSHD_c=   2.8000      nSHD=   2.8000      tpr_c=   0.2037      change_adj_count=33      
2022-08-18 BST 04:50:32,023 - INFO -  epoch= 200      train_loss=  59.7155      val_loss=1634.1956      best=1      size=  53      nSHD_c=   2.8667      nSHD=   2.8333      tpr_c=   0.1698      change_adj_count=41      
2022-08-18 BST 04:50:50,173 - INFO -  epoch= 300      train_loss=  61.0742      val_loss=1664.8649      best=1      size=  53      nSHD_c=   2.8333      nSHD=   2.8333      tpr_c=   0.1887      change_adj_count=45      
2022-08-18 BST 04:51:08,739 - INFO -  epoch= 400      train_loss=  61.1982      val_loss=1650.9716      best=1      size=  53      nSHD_c=   2.8333      nSHD=   2.8333      tpr_c=   0.1887      change_adj_count=52      
2022-08-18 BST 04:51:27,010 - INFO -  epoch= 500      train_loss=  56.7281      val_loss=1561.4545      best=1      size=  53      nSHD_c=   2.8333      nSHD=   2.8333      tpr_c=   0.1887      change_adj_count=60      
2022-08-18 BST 04:51:45,342 - INFO -  epoch= 600      train_loss=  60.0508      val_loss=1412.9520      best=1      size=  52      nSHD_c=   2.8000      nSHD=   2.8000      tpr_c=   0.1923      change_adj_count=71      
2022-08-18 BST 04:52:03,662 - INFO -  epoch= 700      train_loss=  55.6939      val_loss=1403.8916      best=1      size=  52      nSHD_c=   2.8000      nSHD=   2.8000      tpr_c=   0.1923      change_adj_count=71      
2022-08-18 BST 04:52:22,191 - INFO -  epoch= 800      train_loss=  54.9419      val_loss=1236.7388      best=1      size=  52      nSHD_c=   2.8000      nSHD=   2.8000      tpr_c=   0.1923      change_adj_count=71      
2022-08-18 BST 04:52:40,700 - INFO -  epoch= 900      train_loss=  57.0527      val_loss=1251.8918      best=1      size=  52      nSHD_c=   2.8000      nSHD=   2.8000      tpr_c=   0.1923      change_adj_count=71      
2022-08-18 BST 04:52:59,055 - INFO -  epoch=1000      train_loss=  52.2455      val_loss=1129.6498      best=1      size=  52      nSHD_c=   2.8000      nSHD=   2.8000      tpr_c=   0.1923      change_adj_count=71      
2022-08-18 BST 04:52:59,056 - INFO - Before params
2022-08-18 BST 04:52:59,056 - INFO - After params={'MAX_SIZE': [66], 'LAMBDA': [100], 'NOISE_TEMPERATURE': [10], 'h_NULL': [0], 'h_LR': [0.0001], 'z_RHO': [0], 'z_MU': [0]}
2022-08-18 BST 04:52:59,056 - INFO - After metrics={'train_loss': [52.24551613100113], 'val_loss': [1129.6497802734375], 'size': [52], 'nshd_c': [2.8], 'nshd': [2.8], 'tpr': [0.18867924528301888], 'tpr_c': [0.19230769230769232], 'change_adj_count': [71]}
2022-08-18 BST 04:52:59,077 - INFO - After to_save=   MAX_SIZE  LAMBDA  NOISE_TEMPERATURE  ...       tpr     tpr_c  change_adj_count
0        66     100                 10  ...  0.188679  0.192308                71

[1 rows x 16 columns]
2022-08-18 BST 04:52:59,078 - INFO - After file_path='../results/l_66_4hps.csv'
2022-08-18 BST 04:52:59,080 - INFO - Last epoch results saved in l_66_4hps.csv
2022-08-18 BST 04:52:59,081 - INFO - 

DAG 14: size_true=59	X.var()=16.7418
2022-08-18 BST 04:52:59,338 - INFO -  epoch=   1      train_loss=  15.4251      val_loss=   9.5937      best=1      size=  39      nSHD_c=   2.4667      nSHD=   2.4667      tpr_c=   0.2564      change_adj_count=5      
2022-08-18 BST 04:53:17,613 - INFO -  epoch= 100      train_loss=  11.9490      val_loss=  64.4008      best=1      size=  60      nSHD_c=   2.7000      nSHD=   2.5667      tpr_c=   0.2833      change_adj_count=29      
2022-08-18 BST 04:53:37,144 - INFO -  epoch= 200      train_loss=  11.7460      val_loss=  67.4910      best=1      size=  60      nSHD_c=   2.7000      nSHD=   2.5667      tpr_c=   0.2833      change_adj_count=29      
2022-08-18 BST 04:53:55,690 - INFO -  epoch= 300      train_loss=  11.7434      val_loss=  65.1513      best=1      size=  60      nSHD_c=   2.7000      nSHD=   2.5667      tpr_c=   0.2833      change_adj_count=29      
2022-08-18 BST 04:54:14,217 - INFO -  epoch= 400      train_loss=  11.6493      val_loss=  59.6577      best=1      size=  60      nSHD_c=   2.7333      nSHD=   2.6333      tpr_c=   0.2833      change_adj_count=30      
2022-08-18 BST 04:54:32,706 - INFO -  epoch= 500      train_loss=  11.6015      val_loss=  59.6993      best=1      size=  60      nSHD_c=   2.7333      nSHD=   2.6333      tpr_c=   0.2833      change_adj_count=30      
2022-08-18 BST 04:54:50,646 - INFO -  epoch= 600      train_loss=  11.3548      val_loss=  55.1171      best=1      size=  60      nSHD_c=   2.7333      nSHD=   2.6333      tpr_c=   0.2833      change_adj_count=30      
2022-08-18 BST 04:55:08,654 - INFO -  epoch= 700      train_loss=  11.3706      val_loss=  56.8473      best=1      size=  60      nSHD_c=   2.7333      nSHD=   2.6333      tpr_c=   0.2833      change_adj_count=32      
2022-08-18 BST 04:55:27,233 - INFO -  epoch= 800      train_loss=  11.2343      val_loss=  55.8720      best=1      size=  60      nSHD_c=   2.7333      nSHD=   2.6333      tpr_c=   0.2833      change_adj_count=32      
2022-08-18 BST 04:55:45,454 - INFO -  epoch= 900      train_loss=  11.2072      val_loss=  54.1128      best=1      size=  60      nSHD_c=   2.7000      nSHD=   2.5667      tpr_c=   0.2833      change_adj_count=37      
2022-08-18 BST 04:56:04,034 - INFO -  epoch=1000      train_loss=  11.0561      val_loss=  51.0619      best=1      size=  60      nSHD_c=   2.7333      nSHD=   2.6333      tpr_c=   0.2833      change_adj_count=40      
2022-08-18 BST 04:56:04,034 - INFO - Before params
2022-08-18 BST 04:56:04,034 - INFO - After params={'MAX_SIZE': [66], 'LAMBDA': [100], 'NOISE_TEMPERATURE': [10], 'h_NULL': [0], 'h_LR': [0.0001], 'z_RHO': [0], 'z_MU': [0]}
2022-08-18 BST 04:56:04,034 - INFO - After metrics={'train_loss': [11.056055099733415], 'val_loss': [51.061890602111816], 'size': [60], 'nshd_c': [2.7333333333333334], 'nshd': [2.6333333333333333], 'tpr': [0.3389830508474576], 'tpr_c': [0.2833333333333333], 'change_adj_count': [40]}
2022-08-18 BST 04:56:04,051 - INFO - After to_save=   MAX_SIZE  LAMBDA  NOISE_TEMPERATURE  ...       tpr     tpr_c  change_adj_count
0        66     100                 10  ...  0.338983  0.283333                40

[1 rows x 16 columns]
2022-08-18 BST 04:56:04,051 - INFO - After file_path='../results/l_66_4hps.csv'
2022-08-18 BST 04:56:04,053 - INFO - Last epoch results saved in l_66_4hps.csv
2022-08-18 BST 04:56:04,053 - INFO - 

DAG 15: size_true=42	X.var()=8.6273
2022-08-18 BST 04:56:04,266 - INFO -  epoch=   1      train_loss=   8.1639      val_loss=   4.9343      best=1      size=  44      nSHD_c=   2.1333      nSHD=   2.1000      tpr_c=   0.1818      change_adj_count=5      
2022-08-18 BST 04:56:22,574 - INFO -  epoch= 100      train_loss=   6.7950      val_loss=  21.7739      best=1      size=  53      nSHD_c=   1.9667      nSHD=   1.8000      tpr_c=   0.2830      change_adj_count=29      
2022-08-18 BST 04:56:41,533 - INFO -  epoch= 200      train_loss=   6.8137      val_loss=  23.6239      best=1      size=  53      nSHD_c=   1.9667      nSHD=   1.8333      tpr_c=   0.2830      change_adj_count=36      
2022-08-18 BST 04:57:00,138 - INFO -  epoch= 300      train_loss=   6.6679      val_loss=  21.7381      best=1      size=  53      nSHD_c=   1.9667      nSHD=   1.8333      tpr_c=   0.2830      change_adj_count=36      
2022-08-18 BST 04:57:18,559 - INFO -  epoch= 400      train_loss=   6.6227      val_loss=  22.2107      best=1      size=  53      nSHD_c=   1.9667      nSHD=   1.8333      tpr_c=   0.2830      change_adj_count=44      
2022-08-18 BST 04:57:36,970 - INFO -  epoch= 500      train_loss=   6.4764      val_loss=  22.0011      best=1      size=  53      nSHD_c=   1.9667      nSHD=   1.8333      tpr_c=   0.2830      change_adj_count=44      
2022-08-18 BST 04:57:55,731 - INFO -  epoch= 600      train_loss=   6.6225      val_loss=  21.0276      best=1      size=  53      nSHD_c=   1.9667      nSHD=   1.8333      tpr_c=   0.2830      change_adj_count=44      
2022-08-18 BST 04:58:14,714 - INFO -  epoch= 700      train_loss=   6.5490      val_loss=  22.2295      best=1      size=  52      nSHD_c=   1.9333      nSHD=   1.8000      tpr_c=   0.2885      change_adj_count=47      
2022-08-18 BST 04:58:33,863 - INFO -  epoch= 800      train_loss=   6.5204      val_loss=  19.6726      best=1      size=  52      nSHD_c=   1.9333      nSHD=   1.8000      tpr_c=   0.2885      change_adj_count=47      
2022-08-18 BST 04:58:52,650 - INFO -  epoch= 900      train_loss=   6.3399      val_loss=  19.1016      best=1      size=  52      nSHD_c=   1.9333      nSHD=   1.8000      tpr_c=   0.2885      change_adj_count=47      
2022-08-18 BST 04:59:11,322 - INFO -  epoch=1000      train_loss=   6.3744      val_loss=  19.9612      best=1      size=  52      nSHD_c=   1.9333      nSHD=   1.8000      tpr_c=   0.2885      change_adj_count=47      
2022-08-18 BST 04:59:11,322 - INFO - Before params
2022-08-18 BST 04:59:11,323 - INFO - After params={'MAX_SIZE': [66], 'LAMBDA': [100], 'NOISE_TEMPERATURE': [10], 'h_NULL': [0], 'h_LR': [0.0001], 'z_RHO': [0], 'z_MU': [0]}
2022-08-18 BST 04:59:11,323 - INFO - After metrics={'train_loss': [6.374360330643192], 'val_loss': [19.96123997370402], 'size': [52], 'nshd_c': [1.9333333333333333], 'nshd': [1.8], 'tpr': [0.4523809523809524], 'tpr_c': [0.28846153846153844], 'change_adj_count': [47]}
2022-08-18 BST 04:59:11,342 - INFO - After to_save=   MAX_SIZE  LAMBDA  NOISE_TEMPERATURE  ...       tpr     tpr_c  change_adj_count
0        66     100                 10  ...  0.452381  0.288462                47

[1 rows x 16 columns]
2022-08-18 BST 04:59:11,342 - INFO - After file_path='../results/l_66_4hps.csv'
2022-08-18 BST 04:59:11,344 - INFO - Last epoch results saved in l_66_4hps.csv
2022-08-18 BST 04:59:11,345 - INFO - 

DAG 16: size_true=50	X.var()=12.1502
2022-08-18 BST 04:59:11,579 - INFO -  epoch=   1      train_loss=  11.3531      val_loss=   8.9387      best=1      size=  44      nSHD_c=   2.4333      nSHD=   2.4333      tpr_c=   0.1818      change_adj_count=5      
2022-08-18 BST 04:59:11,798 - INFO -  epoch=   2      train_loss=  10.6384      val_loss=   5.4176      best=1      size=  44      nSHD_c=   2.3000      nSHD=   2.3000      tpr_c=   0.2500      change_adj_count=6      
2022-08-18 BST 04:59:31,503 - INFO -  epoch= 100      train_loss=   9.3149      val_loss=  31.1601      best=1      size=  55      nSHD_c=   2.3667      nSHD=   2.2333      tpr_c=   0.2727      change_adj_count=42      
2022-08-18 BST 04:59:50,588 - INFO -  epoch= 200      train_loss=   9.2065      val_loss=  32.1089      best=1      size=  55      nSHD_c=   2.3667      nSHD=   2.2333      tpr_c=   0.2727      change_adj_count=44      
2022-08-18 BST 05:00:09,101 - INFO -  epoch= 300      train_loss=   9.1984      val_loss=  30.5117      best=1      size=  54      nSHD_c=   2.3333      nSHD=   2.2000      tpr_c=   0.2778      change_adj_count=45      
2022-08-18 BST 05:00:27,645 - INFO -  epoch= 400      train_loss=   9.2608      val_loss=  31.0567      best=1      size=  54      nSHD_c=   2.3333      nSHD=   2.2000      tpr_c=   0.2778      change_adj_count=45      
2022-08-18 BST 05:00:46,229 - INFO -  epoch= 500      train_loss=   9.1111      val_loss=  30.3967      best=1      size=  54      nSHD_c=   2.3333      nSHD=   2.2000      tpr_c=   0.2778      change_adj_count=45      
2022-08-18 BST 05:01:04,755 - INFO -  epoch= 600      train_loss=   8.9795      val_loss=  29.3873      best=1      size=  54      nSHD_c=   2.3333      nSHD=   2.2000      tpr_c=   0.2778      change_adj_count=45      
2022-08-18 BST 05:01:23,481 - INFO -  epoch= 700      train_loss=   8.9077      val_loss=  28.2803      best=1      size=  54      nSHD_c=   2.3333      nSHD=   2.2000      tpr_c=   0.2778      change_adj_count=45      
2022-08-18 BST 05:01:42,957 - INFO -  epoch= 800      train_loss=   8.9984      val_loss=  29.1139      best=1      size=  54      nSHD_c=   2.3333      nSHD=   2.2000      tpr_c=   0.2778      change_adj_count=45      
2022-08-18 BST 05:02:01,526 - INFO -  epoch= 900      train_loss=   8.9771      val_loss=  26.4684      best=1      size=  54      nSHD_c=   2.3333      nSHD=   2.2000      tpr_c=   0.2778      change_adj_count=45      
2022-08-18 BST 05:02:20,103 - INFO -  epoch=1000      train_loss=   8.7062      val_loss=  26.9562      best=1      size=  54      nSHD_c=   2.3333      nSHD=   2.2000      tpr_c=   0.2778      change_adj_count=45      
2022-08-18 BST 05:02:20,103 - INFO - Before params
2022-08-18 BST 05:02:20,103 - INFO - After params={'MAX_SIZE': [66], 'LAMBDA': [100], 'NOISE_TEMPERATURE': [10], 'h_NULL': [0], 'h_LR': [0.0001], 'z_RHO': [0], 'z_MU': [0]}
2022-08-18 BST 05:02:20,103 - INFO - After metrics={'train_loss': [8.706201737926852], 'val_loss': [26.95623016357422], 'size': [54], 'nshd_c': [2.3333333333333335], 'nshd': [2.2], 'tpr': [0.38], 'tpr_c': [0.2777777777777778], 'change_adj_count': [45]}
2022-08-18 BST 05:02:20,122 - INFO - After to_save=   MAX_SIZE  LAMBDA  NOISE_TEMPERATURE  ...   tpr     tpr_c  change_adj_count
0        66     100                 10  ...  0.38  0.277778                45

[1 rows x 16 columns]
2022-08-18 BST 05:02:20,122 - INFO - After file_path='../results/l_66_4hps.csv'
2022-08-18 BST 05:02:20,125 - INFO - Last epoch results saved in l_66_4hps.csv
2022-08-18 BST 05:02:20,125 - INFO - 

DAG 17: size_true=49	X.var()=16.5203
2022-08-18 BST 05:02:20,394 - INFO -  epoch=   1      train_loss=  15.1913      val_loss=   9.6366      best=1      size=  38      nSHD_c=   2.4000      nSHD=   2.4000      tpr_c=   0.1316      change_adj_count=5      
2022-08-18 BST 05:02:39,369 - INFO -  epoch= 100      train_loss=  11.9840      val_loss=  66.3455      best=1      size=  54      nSHD_c=   2.2333      nSHD=   2.2333      tpr_c=   0.3333      change_adj_count=24      
2022-08-18 BST 05:02:57,918 - INFO -  epoch= 200      train_loss=  11.9805      val_loss=  63.6039      best=1      size=  54      nSHD_c=   2.2333      nSHD=   2.2333      tpr_c=   0.3333      change_adj_count=24      
2022-08-18 BST 05:03:16,538 - INFO -  epoch= 300      train_loss=  11.7674      val_loss=  59.7043      best=1      size=  53      nSHD_c=   2.2000      nSHD=   2.2000      tpr_c=   0.3396      change_adj_count=29      
2022-08-18 BST 05:03:35,561 - INFO -  epoch= 400      train_loss=  11.5373      val_loss=  63.0991      best=1      size=  53      nSHD_c=   2.2000      nSHD=   2.2000      tpr_c=   0.3396      change_adj_count=29      
2022-08-18 BST 05:03:54,274 - INFO -  epoch= 500      train_loss=  11.4374      val_loss=  55.0782      best=1      size=  53      nSHD_c=   2.2000      nSHD=   2.2000      tpr_c=   0.3396      change_adj_count=29      
2022-08-18 BST 05:04:12,641 - INFO -  epoch= 600      train_loss=  11.4298      val_loss=  56.4076      best=1      size=  53      nSHD_c=   2.2000      nSHD=   2.2000      tpr_c=   0.3396      change_adj_count=29      
2022-08-18 BST 05:04:31,367 - INFO -  epoch= 700      train_loss=  11.2697      val_loss=  57.9395      best=1      size=  53      nSHD_c=   2.2000      nSHD=   2.2000      tpr_c=   0.3396      change_adj_count=29      
2022-08-18 BST 05:04:49,573 - INFO -  epoch= 800      train_loss=  11.1552      val_loss=  53.4738      best=1      size=  53      nSHD_c=   2.2000      nSHD=   2.2000      tpr_c=   0.3396      change_adj_count=29      
2022-08-18 BST 05:05:08,149 - INFO -  epoch= 900      train_loss=  11.0677      val_loss=  50.9727      best=1      size=  53      nSHD_c=   2.2000      nSHD=   2.2000      tpr_c=   0.3396      change_adj_count=29      
2022-08-18 BST 05:05:26,645 - INFO -  epoch=1000      train_loss=  10.9881      val_loss=  48.5826      best=1      size=  53      nSHD_c=   2.2000      nSHD=   2.2000      tpr_c=   0.3396      change_adj_count=29      
2022-08-18 BST 05:05:26,645 - INFO - Before params
2022-08-18 BST 05:05:26,645 - INFO - After params={'MAX_SIZE': [66], 'LAMBDA': [100], 'NOISE_TEMPERATURE': [10], 'h_NULL': [0], 'h_LR': [0.0001], 'z_RHO': [0], 'z_MU': [0]}
2022-08-18 BST 05:05:26,646 - INFO - After metrics={'train_loss': [10.988089684517153], 'val_loss': [48.58256467183431], 'size': [53], 'nshd_c': [2.2], 'nshd': [2.2], 'tpr': [0.3673469387755102], 'tpr_c': [0.33962264150943394], 'change_adj_count': [29]}
2022-08-18 BST 05:05:26,664 - INFO - After to_save=   MAX_SIZE  LAMBDA  NOISE_TEMPERATURE  ...       tpr     tpr_c  change_adj_count
0        66     100                 10  ...  0.367347  0.339623                29

[1 rows x 16 columns]
2022-08-18 BST 05:05:26,665 - INFO - After file_path='../results/l_66_4hps.csv'
2022-08-18 BST 05:05:26,667 - INFO - Last epoch results saved in l_66_4hps.csv
2022-08-18 BST 05:05:26,667 - INFO - 

DAG 18: size_true=56	X.var()=17.9506
2022-08-18 BST 05:05:26,920 - INFO -  epoch=   1      train_loss=  16.7845      val_loss=   8.6883      best=1      size=  41      nSHD_c=   2.6667      nSHD=   2.6333      tpr_c=   0.1707      change_adj_count=5      
2022-08-18 BST 05:05:45,681 - INFO -  epoch= 100      train_loss=  12.6565      val_loss=  87.6391      best=1      size=  62      nSHD_c=   2.9000      nSHD=   2.8667      tpr_c=   0.2258      change_adj_count=21      
2022-08-18 BST 05:06:04,077 - INFO -  epoch= 200      train_loss=  12.5246      val_loss=  84.1765      best=1      size=  62      nSHD_c=   2.9000      nSHD=   2.8667      tpr_c=   0.2258      change_adj_count=21      
2022-08-18 BST 05:06:23,281 - INFO -  epoch= 300      train_loss=  12.5149      val_loss=  88.4558      best=1      size=  62      nSHD_c=   2.8667      nSHD=   2.8333      tpr_c=   0.2419      change_adj_count=21      
2022-08-18 BST 05:06:42,058 - INFO -  epoch= 400      train_loss=  12.4002      val_loss=  79.6265      best=1      size=  62      nSHD_c=   2.8667      nSHD=   2.8333      tpr_c=   0.2419      change_adj_count=21      
2022-08-18 BST 05:07:00,555 - INFO -  epoch= 500      train_loss=  11.9689      val_loss=  81.0838      best=1      size=  62      nSHD_c=   2.8667      nSHD=   2.8333      tpr_c=   0.2419      change_adj_count=21      
2022-08-18 BST 05:07:18,969 - INFO -  epoch= 600      train_loss=  12.3950      val_loss=  76.7231      best=1      size=  62      nSHD_c=   2.8667      nSHD=   2.8333      tpr_c=   0.2419      change_adj_count=21      
2022-08-18 BST 05:07:37,453 - INFO -  epoch= 700      train_loss=  11.9400      val_loss=  72.0838      best=1      size=  62      nSHD_c=   2.8667      nSHD=   2.8333      tpr_c=   0.2419      change_adj_count=21      
2022-08-18 BST 05:07:55,894 - INFO -  epoch= 800      train_loss=  11.8086      val_loss=  74.4083      best=1      size=  62      nSHD_c=   2.8667      nSHD=   2.8333      tpr_c=   0.2419      change_adj_count=21      
2022-08-18 BST 05:08:14,664 - INFO -  epoch= 900      train_loss=  11.8929      val_loss=  66.1022      best=1      size=  62      nSHD_c=   2.8333      nSHD=   2.7667      tpr_c=   0.2419      change_adj_count=22      
2022-08-18 BST 05:08:32,934 - INFO -  epoch=1000      train_loss=  11.6018      val_loss=  69.8000      best=1      size=  62      nSHD_c=   2.8333      nSHD=   2.7667      tpr_c=   0.2419      change_adj_count=22      
2022-08-18 BST 05:08:32,935 - INFO - Before params
2022-08-18 BST 05:08:32,935 - INFO - After params={'MAX_SIZE': [66], 'LAMBDA': [100], 'NOISE_TEMPERATURE': [10], 'h_NULL': [0], 'h_LR': [0.0001], 'z_RHO': [0], 'z_MU': [0]}
2022-08-18 BST 05:08:32,935 - INFO - After metrics={'train_loss': [11.601774738680932], 'val_loss': [69.79995091756184], 'size': [62], 'nshd_c': [2.8333333333333335], 'nshd': [2.7666666666666666], 'tpr': [0.30357142857142855], 'tpr_c': [0.24193548387096775], 'change_adj_count': [22]}
2022-08-18 BST 05:08:32,951 - INFO - After to_save=   MAX_SIZE  LAMBDA  NOISE_TEMPERATURE  ...       tpr     tpr_c  change_adj_count
0        66     100                 10  ...  0.303571  0.241935                22

[1 rows x 16 columns]
2022-08-18 BST 05:08:32,951 - INFO - After file_path='../results/l_66_4hps.csv'
2022-08-18 BST 05:08:32,953 - INFO - Last epoch results saved in l_66_4hps.csv
2022-08-18 BST 05:08:32,954 - INFO - 

DAG 19: size_true=57	X.var()=24.8142
2022-08-18 BST 05:08:33,186 - INFO -  epoch=   1      train_loss=  22.3700      val_loss=  14.2064      best=1      size=  43      nSHD_c=   2.8000      nSHD=   2.8000      tpr_c=   0.1628      change_adj_count=5      
2022-08-18 BST 05:08:51,642 - INFO -  epoch= 100      train_loss=  16.6415      val_loss= 147.0841      best=1      size=  59      nSHD_c=   2.9667      nSHD=   2.9000      tpr_c=   0.2034      change_adj_count=35      
2022-08-18 BST 05:09:10,377 - INFO -  epoch= 200      train_loss=  16.6726      val_loss= 137.8017      best=1      size=  58      nSHD_c=   2.8333      nSHD=   2.7667      tpr_c=   0.2414      change_adj_count=52      
2022-08-18 BST 05:09:30,381 - INFO -  epoch= 300      train_loss=  16.3096      val_loss= 136.7041      best=1      size=  58      nSHD_c=   2.8333      nSHD=   2.7667      tpr_c=   0.2414      change_adj_count=56      
2022-08-18 BST 05:09:50,506 - INFO -  epoch= 400      train_loss=  16.1728      val_loss= 124.0774      best=1      size=  57      nSHD_c=   2.8667      nSHD=   2.8000      tpr_c=   0.2281      change_adj_count=65      
2022-08-18 BST 05:10:09,409 - INFO -  epoch= 500      train_loss=  15.9851      val_loss= 123.3933      best=1      size=  57      nSHD_c=   2.8667      nSHD=   2.8000      tpr_c=   0.2281      change_adj_count=65      
2022-08-18 BST 05:10:27,510 - INFO -  epoch= 600      train_loss=  15.8773      val_loss= 118.2458      best=1      size=  57      nSHD_c=   2.8667      nSHD=   2.8000      tpr_c=   0.2281      change_adj_count=65      
2022-08-18 BST 05:10:45,937 - INFO -  epoch= 700      train_loss=  15.7804      val_loss= 107.6973      best=1      size=  57      nSHD_c=   2.8667      nSHD=   2.8000      tpr_c=   0.2281      change_adj_count=69      
2022-08-18 BST 05:11:05,060 - INFO -  epoch= 800      train_loss=  15.6557      val_loss= 101.5561      best=1      size=  57      nSHD_c=   2.7667      nSHD=   2.7333      tpr_c=   0.2632      change_adj_count=70      
2022-08-18 BST 05:11:23,250 - INFO -  epoch= 900      train_loss=  15.4333      val_loss= 106.7607      best=1      size=  57      nSHD_c=   2.7667      nSHD=   2.7333      tpr_c=   0.2632      change_adj_count=70      
2022-08-18 BST 05:11:41,950 - INFO -  epoch=1000      train_loss=  15.3587      val_loss=  97.9419      best=1      size=  57      nSHD_c=   2.7667      nSHD=   2.7333      tpr_c=   0.2632      change_adj_count=70      
2022-08-18 BST 05:11:41,950 - INFO - Before params
2022-08-18 BST 05:11:41,951 - INFO - After params={'MAX_SIZE': [66], 'LAMBDA': [100], 'NOISE_TEMPERATURE': [10], 'h_NULL': [0], 'h_LR': [0.0001], 'z_RHO': [0], 'z_MU': [0]}
2022-08-18 BST 05:11:41,951 - INFO - After metrics={'train_loss': [15.358701306004678], 'val_loss': [97.94189707438152], 'size': [57], 'nshd_c': [2.7666666666666666], 'nshd': [2.7333333333333334], 'tpr': [0.2807017543859649], 'tpr_c': [0.2631578947368421], 'change_adj_count': [70]}
2022-08-18 BST 05:11:41,968 - INFO - After to_save=   MAX_SIZE  LAMBDA  NOISE_TEMPERATURE  ...       tpr     tpr_c  change_adj_count
0        66     100                 10  ...  0.280702  0.263158                70

[1 rows x 16 columns]
2022-08-18 BST 05:11:41,968 - INFO - After file_path='../results/l_66_4hps.csv'
2022-08-18 BST 05:11:41,970 - INFO - Last epoch results saved in l_66_4hps.csv
2022-08-18 BST 05:11:41,970 - INFO - 

DAG 20: size_true=59	X.var()=201.6824
2022-08-18 BST 05:11:42,201 - INFO -  epoch=   1      train_loss= 184.0630      val_loss=  60.0694      best=1      size=  41      nSHD_c=   3.0000      nSHD=   3.0000      tpr_c=   0.0976      change_adj_count=5      
2022-08-18 BST 05:12:01,090 - INFO -  epoch= 100      train_loss=  95.9174      val_loss=3252.2547      best=1      size=  60      nSHD_c=   3.5000      nSHD=   3.4333      tpr_c=   0.1000      change_adj_count=38      
2022-08-18 BST 05:12:20,241 - INFO -  epoch= 200      train_loss=  98.9719      val_loss=3306.0277      best=1      size=  60      nSHD_c=   3.5000      nSHD=   3.4333      tpr_c=   0.1000      change_adj_count=49      
2022-08-18 BST 05:12:39,072 - INFO -  epoch= 300      train_loss=  95.6386      val_loss=3367.5536      best=1      size=  60      nSHD_c=   3.5333      nSHD=   3.5000      tpr_c=   0.1000      change_adj_count=59      
2022-08-18 BST 05:12:58,409 - INFO -  epoch= 400      train_loss=  92.4788      val_loss=2813.0594      best=1      size=  60      nSHD_c=   3.5000      nSHD=   3.4333      tpr_c=   0.1000      change_adj_count=69      
2022-08-18 BST 05:13:17,345 - INFO -  epoch= 500      train_loss=  91.6283      val_loss=2967.5787      best=1      size=  59      nSHD_c=   3.4667      nSHD=   3.4000      tpr_c=   0.1017      change_adj_count=74      
2022-08-18 BST 05:13:36,275 - INFO -  epoch= 600      train_loss=  94.7548      val_loss=2573.6080      best=1      size=  59      nSHD_c=   3.4667      nSHD=   3.4000      tpr_c=   0.1017      change_adj_count=81      
2022-08-18 BST 05:13:56,180 - INFO -  epoch= 700      train_loss=  91.5141      val_loss=2226.2197      best=1      size=  58      nSHD_c=   3.4333      nSHD=   3.3667      tpr_c=   0.1034      change_adj_count=84      
2022-08-18 BST 05:14:14,937 - INFO -  epoch= 800      train_loss=  88.2335      val_loss=2420.5995      best=1      size=  58      nSHD_c=   3.4333      nSHD=   3.3667      tpr_c=   0.1034      change_adj_count=86      
2022-08-18 BST 05:14:33,205 - INFO -  epoch= 900      train_loss=  82.3328      val_loss=2223.5033      best=1      size=  58      nSHD_c=   3.4333      nSHD=   3.3667      tpr_c=   0.1034      change_adj_count=86      
2022-08-18 BST 05:14:51,918 - INFO -  epoch=1000      train_loss=  84.1949      val_loss=1951.8367      best=1      size=  57      nSHD_c=   3.4000      nSHD=   3.3333      tpr_c=   0.1053      change_adj_count=93      
2022-08-18 BST 05:14:51,918 - INFO - Before params
2022-08-18 BST 05:14:51,918 - INFO - After params={'MAX_SIZE': [66], 'LAMBDA': [100], 'NOISE_TEMPERATURE': [10], 'h_NULL': [0], 'h_LR': [0.0001], 'z_RHO': [0], 'z_MU': [0]}
2022-08-18 BST 05:14:51,918 - INFO - After metrics={'train_loss': [84.1948722101027], 'val_loss': [1951.836690266927], 'size': [57], 'nshd_c': [3.4], 'nshd': [3.3333333333333335], 'tpr': [0.13559322033898305], 'tpr_c': [0.10526315789473684], 'change_adj_count': [93]}
2022-08-18 BST 05:14:51,937 - INFO - After to_save=   MAX_SIZE  LAMBDA  NOISE_TEMPERATURE  ...       tpr     tpr_c  change_adj_count
0        66     100                 10  ...  0.135593  0.105263                93

[1 rows x 16 columns]
2022-08-18 BST 05:14:51,937 - INFO - After file_path='../results/l_66_4hps.csv'
2022-08-18 BST 05:14:51,940 - INFO - Last epoch results saved in l_66_4hps.csv
2022-08-18 BST 05:14:51,940 - INFO - 

DAG 21: size_true=57	X.var()=21.1204
2022-08-18 BST 05:14:52,199 - INFO -  epoch=   1      train_loss=  19.2472      val_loss=  11.5907      best=1      size=  40      nSHD_c=   2.8333      nSHD=   2.8333      tpr_c=   0.1000      change_adj_count=5      
2022-08-18 BST 05:15:10,558 - INFO -  epoch= 100      train_loss=  13.9773      val_loss= 146.9633      best=1      size=  55      nSHD_c=   2.9000      nSHD=   2.8333      tpr_c=   0.1818      change_adj_count=28      
2022-08-18 BST 05:15:28,520 - INFO -  epoch= 200      train_loss=  14.0591      val_loss= 128.2853      best=1      size=  54      nSHD_c=   2.9000      nSHD=   2.8333      tpr_c=   0.1667      change_adj_count=36      
2022-08-18 BST 05:15:47,722 - INFO -  epoch= 300      train_loss=  13.8492      val_loss= 133.1711      best=1      size=  53      nSHD_c=   2.8667      nSHD=   2.8000      tpr_c=   0.1698      change_adj_count=45      
2022-08-18 BST 05:16:06,823 - INFO -  epoch= 400      train_loss=  13.6001      val_loss= 127.8889      best=1      size=  53      nSHD_c=   2.8667      nSHD=   2.8000      tpr_c=   0.1698      change_adj_count=53      
2022-08-18 BST 05:16:24,682 - INFO -  epoch= 500      train_loss=  13.6120      val_loss= 117.9864      best=1      size=  53      nSHD_c=   2.8667      nSHD=   2.8000      tpr_c=   0.1698      change_adj_count=54      
2022-08-18 BST 05:16:42,638 - INFO -  epoch= 600      train_loss=  13.3097      val_loss= 107.4539      best=1      size=  53      nSHD_c=   2.8667      nSHD=   2.8000      tpr_c=   0.1698      change_adj_count=59      
2022-08-18 BST 05:17:00,740 - INFO -  epoch= 700      train_loss=  13.0322      val_loss= 113.5256      best=1      size=  53      nSHD_c=   2.8667      nSHD=   2.8000      tpr_c=   0.1698      change_adj_count=63      
2022-08-18 BST 05:17:19,618 - INFO -  epoch= 800      train_loss=  12.9826      val_loss= 110.7730      best=1      size=  53      nSHD_c=   2.8667      nSHD=   2.8000      tpr_c=   0.1698      change_adj_count=66      
2022-08-18 BST 05:17:38,554 - INFO -  epoch= 900      train_loss=  12.8556      val_loss=  98.7481      best=1      size=  53      nSHD_c=   2.8667      nSHD=   2.8000      tpr_c=   0.1698      change_adj_count=66      
2022-08-18 BST 05:17:56,870 - INFO -  epoch=1000      train_loss=  12.6403      val_loss=  93.2568      best=1      size=  53      nSHD_c=   2.8667      nSHD=   2.8000      tpr_c=   0.1698      change_adj_count=66      
2022-08-18 BST 05:17:56,871 - INFO - Before params
2022-08-18 BST 05:17:56,871 - INFO - After params={'MAX_SIZE': [66], 'LAMBDA': [100], 'NOISE_TEMPERATURE': [10], 'h_NULL': [0], 'h_LR': [0.0001], 'z_RHO': [0], 'z_MU': [0]}
2022-08-18 BST 05:17:56,871 - INFO - After metrics={'train_loss': [12.640257097059681], 'val_loss': [93.25680541992188], 'size': [53], 'nshd_c': [2.8666666666666667], 'nshd': [2.8], 'tpr': [0.19298245614035087], 'tpr_c': [0.16981132075471697], 'change_adj_count': [66]}
2022-08-18 BST 05:17:56,890 - INFO - After to_save=   MAX_SIZE  LAMBDA  NOISE_TEMPERATURE  ...       tpr     tpr_c  change_adj_count
0        66     100                 10  ...  0.192982  0.169811                66

[1 rows x 16 columns]
2022-08-18 BST 05:17:56,890 - INFO - After file_path='../results/l_66_4hps.csv'
2022-08-18 BST 05:17:56,892 - INFO - Last epoch results saved in l_66_4hps.csv
2022-08-18 BST 05:17:56,893 - INFO - 

DAG 22: size_true=60	X.var()=129.8499
2022-08-18 BST 05:17:57,144 - INFO -  epoch=   1      train_loss= 119.6201      val_loss=  38.7883      best=1      size=  40      nSHD_c=   2.8333      nSHD=   2.8333      tpr_c=   0.1500      change_adj_count=5      
2022-08-18 BST 05:18:15,846 - INFO -  epoch= 100      train_loss=  69.3466      val_loss=2004.9472      best=1      size=  59      nSHD_c=   3.0667      nSHD=   3.0333      tpr_c=   0.2034      change_adj_count=26      
2022-08-18 BST 05:18:34,464 - INFO -  epoch= 200      train_loss=  69.4483      val_loss=2073.2250      best=1      size=  58      nSHD_c=   3.0000      nSHD=   2.9667      tpr_c=   0.2241      change_adj_count=27      
2022-08-18 BST 05:18:52,970 - INFO -  epoch= 300      train_loss=  66.9018      val_loss=2006.4444      best=1      size=  58      nSHD_c=   3.0000      nSHD=   2.9667      tpr_c=   0.2241      change_adj_count=27      
2022-08-18 BST 05:19:11,232 - INFO -  epoch= 400      train_loss=  65.7881      val_loss=1942.7944      best=1      size=  58      nSHD_c=   3.0000      nSHD=   2.9667      tpr_c=   0.2241      change_adj_count=27      
2022-08-18 BST 05:19:29,981 - INFO -  epoch= 500      train_loss=  64.8671      val_loss=1923.6561      best=1      size=  58      nSHD_c=   3.0000      nSHD=   2.9667      tpr_c=   0.2241      change_adj_count=27      
2022-08-18 BST 05:19:48,408 - INFO -  epoch= 600      train_loss=  62.1360      val_loss=1844.7520      best=1      size=  58      nSHD_c=   3.0000      nSHD=   2.9667      tpr_c=   0.2241      change_adj_count=27      
2022-08-18 BST 05:20:08,058 - INFO -  epoch= 700      train_loss=  63.1094      val_loss=1795.6168      best=1      size=  58      nSHD_c=   3.0000      nSHD=   2.9667      tpr_c=   0.2241      change_adj_count=27      
2022-08-18 BST 05:20:25,933 - INFO -  epoch= 800      train_loss=  59.1954      val_loss=1610.8638      best=1      size=  58      nSHD_c=   3.0000      nSHD=   2.9667      tpr_c=   0.2241      change_adj_count=30      
2022-08-18 BST 05:20:44,510 - INFO -  epoch= 900      train_loss=  60.3475      val_loss=1530.8502      best=1      size=  58      nSHD_c=   3.0000      nSHD=   2.9667      tpr_c=   0.2241      change_adj_count=30      
2022-08-18 BST 05:21:02,771 - INFO -  epoch=1000      train_loss=  58.7944      val_loss=1522.2624      best=1      size=  58      nSHD_c=   3.0000      nSHD=   2.9667      tpr_c=   0.2241      change_adj_count=30      
2022-08-18 BST 05:21:02,771 - INFO - Before params
2022-08-18 BST 05:21:02,772 - INFO - After params={'MAX_SIZE': [66], 'LAMBDA': [100], 'NOISE_TEMPERATURE': [10], 'h_NULL': [0], 'h_LR': [0.0001], 'z_RHO': [0], 'z_MU': [0]}
2022-08-18 BST 05:21:02,772 - INFO - After metrics={'train_loss': [58.7944470067178], 'val_loss': [1522.262430826823], 'size': [58], 'nshd_c': [3.0], 'nshd': [2.966666666666667], 'tpr': [0.23333333333333334], 'tpr_c': [0.22413793103448276], 'change_adj_count': [30]}
2022-08-18 BST 05:21:02,790 - INFO - After to_save=   MAX_SIZE  LAMBDA  NOISE_TEMPERATURE  ...       tpr     tpr_c  change_adj_count
0        66     100                 10  ...  0.233333  0.224138                30

[1 rows x 16 columns]
2022-08-18 BST 05:21:02,790 - INFO - After file_path='../results/l_66_4hps.csv'
2022-08-18 BST 05:21:02,794 - INFO - Last epoch results saved in l_66_4hps.csv
2022-08-18 BST 05:21:02,794 - INFO - 

DAG 23: size_true=49	X.var()=14.1269
2022-08-18 BST 05:21:03,026 - INFO -  epoch=   1      train_loss=  13.4351      val_loss=  11.6954      best=1      size=  41      nSHD_c=   2.4333      nSHD=   2.4333      tpr_c=   0.1220      change_adj_count=5      
2022-08-18 BST 05:21:24,246 - INFO -  epoch= 100      train_loss=  10.6541      val_loss=  68.3435      best=1      size=  55      nSHD_c=   1.9000      nSHD=   1.7333      tpr_c=   0.3818      change_adj_count=31      
2022-08-18 BST 05:21:42,648 - INFO -  epoch= 200      train_loss=  10.6027      val_loss=  65.9784      best=1      size=  55      nSHD_c=   1.9000      nSHD=   1.7333      tpr_c=   0.3818      change_adj_count=35      
2022-08-18 BST 05:22:01,161 - INFO -  epoch= 300      train_loss=  10.4505      val_loss=  61.0026      best=1      size=  55      nSHD_c=   1.9000      nSHD=   1.7333      tpr_c=   0.3818      change_adj_count=35      
2022-08-18 BST 05:22:20,437 - INFO -  epoch= 400      train_loss=  10.4618      val_loss=  57.1176      best=1      size=  55      nSHD_c=   1.9000      nSHD=   1.7333      tpr_c=   0.3818      change_adj_count=41      
2022-08-18 BST 05:22:39,372 - INFO -  epoch= 500      train_loss=  10.2903      val_loss=  57.8067      best=1      size=  55      nSHD_c=   1.9000      nSHD=   1.7333      tpr_c=   0.3818      change_adj_count=48      
2022-08-18 BST 05:22:58,013 - INFO -  epoch= 600      train_loss=  10.3327      val_loss=  57.2653      best=1      size=  54      nSHD_c=   1.9000      nSHD=   1.7667      tpr_c=   0.3889      change_adj_count=53      
2022-08-18 BST 05:23:17,463 - INFO -  epoch= 700      train_loss=  10.4415      val_loss=  53.8179      best=1      size=  54      nSHD_c=   1.9000      nSHD=   1.7667      tpr_c=   0.3889      change_adj_count=55      
2022-08-18 BST 05:23:36,337 - INFO -  epoch= 800      train_loss=  10.1140      val_loss=  54.3441      best=1      size=  54      nSHD_c=   1.9000      nSHD=   1.7667      tpr_c=   0.3889      change_adj_count=55      
2022-08-18 BST 05:23:54,572 - INFO -  epoch= 900      train_loss=   9.9802      val_loss=  57.0510      best=1      size=  54      nSHD_c=   1.9000      nSHD=   1.7667      tpr_c=   0.3889      change_adj_count=55      
2022-08-18 BST 05:24:13,488 - INFO -  epoch=1000      train_loss=   9.7152      val_loss=  51.3756      best=1      size=  54      nSHD_c=   1.9000      nSHD=   1.7667      tpr_c=   0.3889      change_adj_count=55      
2022-08-18 BST 05:24:13,489 - INFO - Before params
2022-08-18 BST 05:24:13,489 - INFO - After params={'MAX_SIZE': [66], 'LAMBDA': [100], 'NOISE_TEMPERATURE': [10], 'h_NULL': [0], 'h_LR': [0.0001], 'z_RHO': [0], 'z_MU': [0]}
2022-08-18 BST 05:24:13,489 - INFO - After metrics={'train_loss': [9.715162061875866], 'val_loss': [51.37564913431803], 'size': [54], 'nshd_c': [1.9], 'nshd': [1.7666666666666666], 'tpr': [0.5102040816326531], 'tpr_c': [0.3888888888888889], 'change_adj_count': [55]}
2022-08-18 BST 05:24:13,661 - INFO - After to_save=   MAX_SIZE  LAMBDA  NOISE_TEMPERATURE  ...       tpr     tpr_c  change_adj_count
0        66     100                 10  ...  0.510204  0.388889                55

[1 rows x 16 columns]
2022-08-18 BST 05:24:13,662 - INFO - After file_path='../results/l_66_4hps.csv'
2022-08-18 BST 05:24:13,665 - INFO - Last epoch results saved in l_66_4hps.csv
2022-08-18 BST 05:24:13,666 - INFO - 
last_mean_nshd_c=2.8083
2022-08-18 BST 05:24:13,666 - INFO - 
Time taken 1:15:00 (h:mm:ss)
2022-08-18 BST 05:24:13,666 - INFO - 
End of log for run 2022-08-18_BST_04:09:13,283_l_66_4hps_301
