2022-08-19 BST 21:19:04,036 - INFO - 
Log for run 2022-08-19_BST_21:19:03,987_l_66_4hps_129

2022-08-19 BST 21:19:04,037 - INFO - COMMENT = ''
2022-08-19 BST 21:19:04,037 - INFO - DATA_FOLDER = '../data'
2022-08-19 BST 21:19:04,037 - INFO - LATENTS_FOLDER = '../latents'
2022-08-19 BST 21:19:04,037 - INFO - LOGS_FOLDER = '../logs'
2022-08-19 BST 21:19:04,037 - INFO - MODEL_FOLDER = '../models'
2022-08-19 BST 21:19:04,037 - INFO - RESULTS_FOLDER = '../results'
2022-08-19 BST 21:19:04,037 - INFO - DEVICE = torch.device("cuda" if torch.cuda.is_available() else "cpu")  # Used: "cuda"
2022-08-19 BST 21:19:04,037 - INFO - LATENTS = False
2022-08-19 BST 21:19:04,037 - INFO - MATRIX_REPORT = False
2022-08-19 BST 21:19:04,037 - INFO - LABEL = True
2022-08-19 BST 21:19:04,037 - INFO - SAVE_TO_ODS = False
2022-08-19 BST 21:19:04,037 - INFO - VAL_LOSS_FROM_DAG = True
2022-08-19 BST 21:19:04,037 - INFO - WANDB = False
2022-08-19 BST 21:19:04,037 - INFO - WANDB_PROJECT = 'Thetas'
2022-08-19 BST 21:19:04,037 - INFO - GRAD_LOG = False
2022-08-19 BST 21:19:04,037 - INFO - N_TRIALS = 1
2022-08-19 BST 21:19:04,037 - INFO - OPTUNA_STRINGS = {'None': None, 'True': True, 'False': False}
2022-08-19 BST 21:19:04,037 - INFO - TQDM = False
2022-08-19 BST 21:19:04,038 - INFO - 
hyperparameters = {
2022-08-19 BST 21:19:04,038 - INFO - 	'GRAPH_TYPE': 'ER2',
2022-08-19 BST 21:19:04,038 - INFO - 	'D': 30,
2022-08-19 BST 21:19:04,038 - INFO - 	'MAX_SIZE': 66,
2022-08-19 BST 21:19:04,038 - INFO - 	'SEM_NOISE': 'gaussian_ev',
2022-08-19 BST 21:19:04,038 - INFO - 	'N': 1200,
2022-08-19 BST 21:19:04,038 - INFO - 	'VAL': 0.16666666666666666,
2022-08-19 BST 21:19:04,038 - INFO - 	'N_EPOCHS': 1000,
2022-08-19 BST 21:19:04,038 - INFO - 	'BATCH_SIZE': 32,
2022-08-19 BST 21:19:04,038 - INFO - 	'LOG2_BATCH_SIZE': None,
2022-08-19 BST 21:19:04,038 - INFO - 	'BATCH_SHUFFLE': True,
2022-08-19 BST 21:19:04,038 - INFO - 	'N_SAMPLES': 10,
2022-08-19 BST 21:19:04,038 - INFO - 	'MODE': 'max_dag_test_only',
2022-08-19 BST 21:19:04,038 - INFO - 	'AFAS_SCHEDULER': None,
2022-08-19 BST 21:19:04,038 - INFO - 	'MINIZINC_SOLVER': None,
2022-08-19 BST 21:19:04,038 - INFO - 	'f_LINEAR_LAYERS': (),
2022-08-19 BST 21:19:04,038 - INFO - 	'f_BIAS': False,
2022-08-19 BST 21:19:04,038 - INFO - 	'p_LAYER': None,
2022-08-19 BST 21:19:04,038 - INFO - 	'STREAMLINE': False,
2022-08-19 BST 21:19:04,039 - INFO - 	'THRESHOLD': 0.0,
2022-08-19 BST 21:19:04,039 - INFO - 	'h_LINEAR_LAYERS': (),
2022-08-19 BST 21:19:04,039 - INFO - 	'h_NULL': 0.01,
2022-08-19 BST 21:19:04,039 - INFO - 	'h_LR': 0.0001,
2022-08-19 BST 21:19:04,039 - INFO - 	'h_OPTIMIZER': 'torch.optim.Adam(overall_net.h_net.parameters(), lr=h.h_LR)',
2022-08-19 BST 21:19:04,039 - INFO - 	'f_LR': 0.0117744218586073,
2022-08-19 BST 21:19:04,039 - INFO - 	'f_OPTIMIZER': 'torch.optim.Adam(overall_net.f_net.parameters(), lr=h.f_LR)',
2022-08-19 BST 21:19:04,039 - INFO - 	'NOISE_TEMPERATURE': 1,
2022-08-19 BST 21:19:04,039 - INFO - 	'NOISE_DISTRIBUTION': 'LogisticNoiseDistribution()',
2022-08-19 BST 21:19:04,039 - INFO - 	'LAMBDA': 1,
2022-08-19 BST 21:19:04,039 - INFO - 	'LOSS_FN': 'torch.nn.MSELoss()',
2022-08-19 BST 21:19:04,039 - INFO - 	'REGULARIZER': None,
2022-08-19 BST 21:19:04,039 - INFO - 	'z_RHO': 0,
2022-08-19 BST 21:19:04,039 - INFO - 	'z_MU': 0,
2022-08-19 BST 21:19:04,039 - INFO - 	'z_REGULARIZER': 'NoTearsZRegularizer(h.D, h.z_RHO, h.z_MU, c.DEVICE)',
2022-08-19 BST 21:19:04,039 - INFO - 	'LR_SCHEDULER': None,
2022-08-19 BST 21:19:04,039 - INFO - 	'DATA_CATEGORY': 'test',
2022-08-19 BST 21:19:04,039 - INFO - 	'DAGS': '030_ER2_gaussian_ev_2022-08-12_BST_09:55:21,293_create_dags'
2022-08-19 BST 21:19:04,039 - INFO - }

2022-08-19 BST 21:19:05,260 - INFO - 

DAG 0: size_true=69	X.var()=185.8479
2022-08-19 BST 21:19:08,213 - INFO -  epoch=   1      train_loss= 175.1551      val_loss= 116.2401      best=1      size=  56      nSHD_c=   3.5667      nSHD=   3.5333      tpr_c=   0.1250      change_adj_count=5      
2022-08-19 BST 21:19:08,483 - INFO -  epoch=   2      train_loss= 156.4068      val_loss=  94.7984      best=1      size=  57      nSHD_c=   3.4667      nSHD=   3.4333      tpr_c=   0.1579      change_adj_count=6      
2022-08-19 BST 21:19:29,695 - INFO -  epoch= 100      train_loss=  93.8182      val_loss=2315.6528      best=1      size=  60      nSHD_c=   2.9667      nSHD=   2.9667      tpr_c=   0.3333      change_adj_count=25      
2022-08-19 BST 21:19:49,972 - INFO -  epoch= 200      train_loss=  77.9498      val_loss=1691.3753      best=1      size=  60      nSHD_c=   2.9667      nSHD=   2.9667      tpr_c=   0.3333      change_adj_count=30      
2022-08-19 BST 21:20:09,955 - INFO -  epoch= 300      train_loss=  69.2940      val_loss=1079.2855      best=1      size=  60      nSHD_c=   2.9667      nSHD=   2.9667      tpr_c=   0.3333      change_adj_count=30      
2022-08-19 BST 21:20:30,662 - INFO -  epoch= 400      train_loss=  60.7332      val_loss= 843.6368      best=1      size=  60      nSHD_c=   2.9000      nSHD=   2.9000      tpr_c=   0.3500      change_adj_count=31      
2022-08-19 BST 21:20:50,435 - INFO -  epoch= 500      train_loss=  57.9069      val_loss= 523.6164      best=1      size=  59      nSHD_c=   2.8667      nSHD=   2.8667      tpr_c=   0.3559      change_adj_count=32      
2022-08-19 BST 21:21:11,058 - INFO -  epoch= 600      train_loss=  51.7912      val_loss= 444.5684      best=1      size=  58      nSHD_c=   2.8333      nSHD=   2.8333      tpr_c=   0.3621      change_adj_count=33      
2022-08-19 BST 21:21:31,198 - INFO -  epoch= 700      train_loss=  47.2771      val_loss= 308.8714      best=1      size=  57      nSHD_c=   2.7667      nSHD=   2.7333      tpr_c=   0.3684      change_adj_count=37      
2022-08-19 BST 21:21:51,694 - INFO -  epoch= 800      train_loss=  41.1142      val_loss= 213.0211      best=1      size=  57      nSHD_c=   2.7333      nSHD=   2.7333      tpr_c=   0.3860      change_adj_count=40      
2022-08-19 BST 21:22:12,480 - INFO -  epoch= 900      train_loss=  37.5780      val_loss= 172.4615      best=1      size=  57      nSHD_c=   2.7333      nSHD=   2.7333      tpr_c=   0.3860      change_adj_count=40      
2022-08-19 BST 21:22:32,669 - INFO -  epoch=1000      train_loss=  36.5638      val_loss= 146.8477      best=1      size=  57      nSHD_c=   2.7333      nSHD=   2.7333      tpr_c=   0.3860      change_adj_count=40      
2022-08-19 BST 21:22:32,672 - INFO - 

DAG 1: size_true=67	X.var()=127.1156
2022-08-19 BST 21:22:32,901 - INFO -  epoch=   1      train_loss= 116.7601      val_loss=  98.6336      best=1      size=  57      nSHD_c=   3.6667      nSHD=   3.6667      tpr_c=   0.1053      change_adj_count=5      
2022-08-19 BST 21:22:33,115 - INFO -  epoch=   2      train_loss= 102.8788      val_loss=  78.7074      best=1      size=  59      nSHD_c=   3.7000      nSHD=   3.7000      tpr_c=   0.1186      change_adj_count=6      
2022-08-19 BST 21:22:33,335 - INFO -  epoch=   3      train_loss=  93.6572      val_loss=  50.1961      best=1      size=  56      nSHD_c=   3.6333      nSHD=   3.6333      tpr_c=   0.1071      change_adj_count=7      
2022-08-19 BST 21:22:53,125 - INFO -  epoch= 100      train_loss=  54.3288      val_loss=2314.3021      best=1      size=  60      nSHD_c=   3.5000      nSHD=   3.5000      tpr_c=   0.1833      change_adj_count=25      
2022-08-19 BST 21:23:13,308 - INFO -  epoch= 200      train_loss=  50.1908      val_loss=1713.5833      best=1      size=  60      nSHD_c=   3.5333      nSHD=   3.5000      tpr_c=   0.1667      change_adj_count=26      
2022-08-19 BST 21:23:34,459 - INFO -  epoch= 300      train_loss=  46.0743      val_loss=1312.1402      best=1      size=  60      nSHD_c=   3.5333      nSHD=   3.5000      tpr_c=   0.1667      change_adj_count=26      
2022-08-19 BST 21:23:54,802 - INFO -  epoch= 400      train_loss=  40.8905      val_loss= 926.1265      best=1      size=  60      nSHD_c=   3.5333      nSHD=   3.5000      tpr_c=   0.1667      change_adj_count=26      
2022-08-19 BST 21:24:14,973 - INFO -  epoch= 500      train_loss=  36.1132      val_loss= 821.0896      best=1      size=  60      nSHD_c=   3.6000      nSHD=   3.5667      tpr_c=   0.1500      change_adj_count=27      
2022-08-19 BST 21:24:35,253 - INFO -  epoch= 600      train_loss=  34.5699      val_loss= 587.4821      best=1      size=  60      nSHD_c=   3.6000      nSHD=   3.5667      tpr_c=   0.1500      change_adj_count=27      
2022-08-19 BST 21:24:55,902 - INFO -  epoch= 700      train_loss=  32.0450      val_loss= 450.0714      best=1      size=  60      nSHD_c=   3.6000      nSHD=   3.5667      tpr_c=   0.1500      change_adj_count=27      
2022-08-19 BST 21:25:17,437 - INFO -  epoch= 800      train_loss=  30.4232      val_loss= 382.1929      best=1      size=  60      nSHD_c=   3.6000      nSHD=   3.5667      tpr_c=   0.1500      change_adj_count=27      
2022-08-19 BST 21:25:38,558 - INFO -  epoch= 900      train_loss=  28.2570      val_loss= 333.1277      best=1      size=  60      nSHD_c=   3.6000      nSHD=   3.5667      tpr_c=   0.1500      change_adj_count=27      
2022-08-19 BST 21:25:58,736 - INFO -  epoch=1000      train_loss=  27.0403      val_loss= 272.9040      best=1      size=  60      nSHD_c=   3.5667      nSHD=   3.5667      tpr_c=   0.1667      change_adj_count=28      
2022-08-19 BST 21:25:58,737 - INFO - 

DAG 2: size_true=64	X.var()=25.7432
2022-08-19 BST 21:25:59,042 - INFO -  epoch=   1      train_loss=  24.4371      val_loss=  22.4817      best=1      size=  57      nSHD_c=   3.4333      nSHD=   3.4000      tpr_c=   0.1404      change_adj_count=5      
2022-08-19 BST 21:25:59,310 - INFO -  epoch=   2      train_loss=  22.6576      val_loss=  17.9485      best=1      size=  56      nSHD_c=   3.3333      nSHD=   3.3000      tpr_c=   0.1607      change_adj_count=6      
2022-08-19 BST 21:25:59,595 - INFO -  epoch=   3      train_loss=  21.8916      val_loss=  15.3553      best=1      size=  58      nSHD_c=   3.3333      nSHD=   3.3333      tpr_c=   0.1724      change_adj_count=7      
2022-08-19 BST 21:25:59,824 - INFO -  epoch=   4      train_loss=  20.8777      val_loss=  13.3520      best=1      size=  58      nSHD_c=   3.1333      nSHD=   3.1333      tpr_c=   0.2241      change_adj_count=8      
2022-08-19 BST 21:26:19,028 - INFO -  epoch= 100      train_loss=  18.6978      val_loss=  76.9072      best=1      size=  56      nSHD_c=   2.7333      nSHD=   2.6000      tpr_c=   0.3036      change_adj_count=72      
2022-08-19 BST 21:26:39,344 - INFO -  epoch= 200      train_loss=  18.5339      val_loss=  69.7372      best=1      size=  55      nSHD_c=   2.6667      nSHD=   2.5667      tpr_c=   0.3273      change_adj_count=101      
2022-08-19 BST 21:27:00,219 - INFO -  epoch= 300      train_loss=  18.0981      val_loss=  61.1481      best=1      size=  56      nSHD_c=   2.6667      nSHD=   2.5333      tpr_c=   0.3214      change_adj_count=120      
2022-08-19 BST 21:27:21,377 - INFO -  epoch= 400      train_loss=  17.4839      val_loss=  62.3790      best=1      size=  56      nSHD_c=   2.6667      nSHD=   2.5333      tpr_c=   0.3214      change_adj_count=138      
2022-08-19 BST 21:27:42,640 - INFO -  epoch= 500      train_loss=  17.1310      val_loss=  52.8249      best=1      size=  56      nSHD_c=   2.6667      nSHD=   2.5333      tpr_c=   0.3214      change_adj_count=140      
2022-08-19 BST 21:28:03,113 - INFO -  epoch= 600      train_loss=  16.2318      val_loss=  51.1114      best=1      size=  56      nSHD_c=   2.6667      nSHD=   2.5333      tpr_c=   0.3214      change_adj_count=140      
2022-08-19 BST 21:28:23,648 - INFO -  epoch= 700      train_loss=  16.1957      val_loss=  46.6998      best=1      size=  57      nSHD_c=   2.7000      nSHD=   2.5667      tpr_c=   0.3158      change_adj_count=143      
2022-08-19 BST 21:28:44,501 - INFO -  epoch= 800      train_loss=  15.4429      val_loss=  44.1160      best=1      size=  57      nSHD_c=   2.7000      nSHD=   2.5667      tpr_c=   0.3158      change_adj_count=154      
2022-08-19 BST 21:29:04,700 - INFO -  epoch= 900      train_loss=  15.2078      val_loss=  39.9237      best=1      size=  56      nSHD_c=   2.7333      nSHD=   2.6000      tpr_c=   0.3036      change_adj_count=161      
2022-08-19 BST 21:29:24,585 - INFO -  epoch=1000      train_loss=  14.3573      val_loss=  33.4170      best=1      size=  56      nSHD_c=   2.7333      nSHD=   2.6000      tpr_c=   0.3036      change_adj_count=165      
2022-08-19 BST 21:29:24,588 - INFO - 

DAG 3: size_true=63	X.var()=265.9248
2022-08-19 BST 21:29:24,811 - INFO -  epoch=   1      train_loss= 224.1848      val_loss= 225.9087      best=1      size=  53      nSHD_c=   3.5333      nSHD=   3.5333      tpr_c=   0.0189      change_adj_count=5      
2022-08-19 BST 21:29:25,062 - INFO -  epoch=   2      train_loss= 181.5937      val_loss= 116.8761      best=1      size=  56      nSHD_c=   3.5667      nSHD=   3.5667      tpr_c=   0.0357      change_adj_count=6      
2022-08-19 BST 21:29:45,277 - INFO -  epoch= 100      train_loss= 114.0680      val_loss=3315.8567      best=1      size=  54      nSHD_c=   3.3000      nSHD=   3.3000      tpr_c=   0.1481      change_adj_count=36      
2022-08-19 BST 21:30:05,036 - INFO -  epoch= 200      train_loss= 105.2242      val_loss=2239.0379      best=1      size=  54      nSHD_c=   3.3000      nSHD=   3.3000      tpr_c=   0.1481      change_adj_count=36      
2022-08-19 BST 21:30:26,096 - INFO -  epoch= 300      train_loss=  91.1473      val_loss=1747.6454      best=1      size=  53      nSHD_c=   3.2667      nSHD=   3.2667      tpr_c=   0.1509      change_adj_count=37      
2022-08-19 BST 21:30:47,456 - INFO -  epoch= 400      train_loss=  83.2211      val_loss=1165.3821      best=1      size=  53      nSHD_c=   3.2667      nSHD=   3.2667      tpr_c=   0.1509      change_adj_count=49      
2022-08-19 BST 21:31:08,800 - INFO -  epoch= 500      train_loss=  74.3660      val_loss= 883.7717      best=1      size=  53      nSHD_c=   3.2667      nSHD=   3.2667      tpr_c=   0.1509      change_adj_count=51      
2022-08-19 BST 21:31:29,260 - INFO -  epoch= 600      train_loss=  70.7734      val_loss= 657.1449      best=1      size=  52      nSHD_c=   3.2000      nSHD=   3.1667      tpr_c=   0.1538      change_adj_count=53      
2022-08-19 BST 21:31:49,836 - INFO -  epoch= 700      train_loss=  67.9980      val_loss= 476.6671      best=1      size=  52      nSHD_c=   3.2000      nSHD=   3.1667      tpr_c=   0.1538      change_adj_count=54      
2022-08-19 BST 21:32:09,877 - INFO -  epoch= 800      train_loss=  61.0111      val_loss= 406.1947      best=1      size=  52      nSHD_c=   3.1000      nSHD=   3.1000      tpr_c=   0.1923      change_adj_count=55      
2022-08-19 BST 21:32:31,201 - INFO -  epoch= 900      train_loss=  58.7312      val_loss= 319.5867      best=1      size=  52      nSHD_c=   3.1000      nSHD=   3.1000      tpr_c=   0.1923      change_adj_count=55      
2022-08-19 BST 21:32:52,330 - INFO -  epoch=1000      train_loss=  56.4272      val_loss= 257.8980      best=1      size=  51      nSHD_c=   3.0667      nSHD=   3.0667      tpr_c=   0.1961      change_adj_count=56      
2022-08-19 BST 21:32:52,330 - INFO - 

DAG 4: size_true=48	X.var()=47.3993
2022-08-19 BST 21:32:52,612 - INFO -  epoch=   1      train_loss=  44.0915      val_loss=  36.2444      best=1      size=  60      nSHD_c=   3.4000      nSHD=   3.4000      tpr_c=   0.0333      change_adj_count=5      
2022-08-19 BST 21:32:52,884 - INFO -  epoch=   2      train_loss=  39.9656      val_loss=  26.2187      best=1      size=  59      nSHD_c=   3.3000      nSHD=   3.3000      tpr_c=   0.0508      change_adj_count=6      
2022-08-19 BST 21:32:53,116 - INFO -  epoch=   3      train_loss=  37.8024      val_loss=  20.6641      best=1      size=  57      nSHD_c=   3.1667      nSHD=   3.1667      tpr_c=   0.0702      change_adj_count=7      
2022-08-19 BST 21:32:53,349 - INFO -  epoch=   4      train_loss=  36.5255      val_loss=  16.1494      best=1      size=  57      nSHD_c=   3.1667      nSHD=   3.1667      tpr_c=   0.0702      change_adj_count=8      
2022-08-19 BST 21:33:12,915 - INFO -  epoch= 100      train_loss=  29.9402      val_loss= 357.7529      best=1      size=  55      nSHD_c=   2.5333      nSHD=   2.5000      tpr_c=   0.2364      change_adj_count=55      
2022-08-19 BST 21:33:33,653 - INFO -  epoch= 200      train_loss=  28.0790      val_loss= 322.0067      best=1      size=  56      nSHD_c=   2.5333      nSHD=   2.5333      tpr_c=   0.2500      change_adj_count=72      
2022-08-19 BST 21:33:53,540 - INFO -  epoch= 300      train_loss=  26.9816      val_loss= 245.7683      best=1      size=  57      nSHD_c=   2.5667      nSHD=   2.5667      tpr_c=   0.2456      change_adj_count=75      
2022-08-19 BST 21:34:14,035 - INFO -  epoch= 400      train_loss=  24.6561      val_loss= 216.1226      best=1      size=  55      nSHD_c=   2.5000      nSHD=   2.5000      tpr_c=   0.2545      change_adj_count=82      
2022-08-19 BST 21:34:34,094 - INFO -  epoch= 500      train_loss=  23.5467      val_loss= 171.1385      best=1      size=  55      nSHD_c=   2.5000      nSHD=   2.5000      tpr_c=   0.2545      change_adj_count=84      
2022-08-19 BST 21:34:54,323 - INFO -  epoch= 600      train_loss=  22.1265      val_loss= 137.0661      best=1      size=  54      nSHD_c=   2.4667      nSHD=   2.4667      tpr_c=   0.2593      change_adj_count=88      
2022-08-19 BST 21:35:14,692 - INFO -  epoch= 700      train_loss=  20.1482      val_loss= 119.4729      best=1      size=  54      nSHD_c=   2.4667      nSHD=   2.4667      tpr_c=   0.2593      change_adj_count=88      
2022-08-19 BST 21:35:35,034 - INFO -  epoch= 800      train_loss=  19.7420      val_loss=  93.4125      best=1      size=  54      nSHD_c=   2.4667      nSHD=   2.4667      tpr_c=   0.2593      change_adj_count=88      
2022-08-19 BST 21:35:56,083 - INFO -  epoch= 900      train_loss=  18.7934      val_loss=  78.8179      best=1      size=  54      nSHD_c=   2.4667      nSHD=   2.4667      tpr_c=   0.2593      change_adj_count=89      
2022-08-19 BST 21:36:16,686 - INFO -  epoch=1000      train_loss=  18.1376      val_loss=  76.1566      best=1      size=  54      nSHD_c=   2.4667      nSHD=   2.4667      tpr_c=   0.2593      change_adj_count=89      
2022-08-19 BST 21:36:16,690 - INFO - 

DAG 5: size_true=57	X.var()=54.7286
2022-08-19 BST 21:36:16,929 - INFO -  epoch=   1      train_loss=  54.1959      val_loss=  42.4149      best=1      size=  54      nSHD_c=   3.3333      nSHD=   3.3333      tpr_c=   0.0741      change_adj_count=5      
2022-08-19 BST 21:36:17,177 - INFO -  epoch=   2      train_loss=  50.8960      val_loss=  39.7604      best=1      size=  55      nSHD_c=   3.3000      nSHD=   3.3000      tpr_c=   0.0909      change_adj_count=6      
2022-08-19 BST 21:36:17,397 - INFO -  epoch=   3      train_loss=  48.3354      val_loss=  24.3848      best=1      size=  54      nSHD_c=   3.1333      nSHD=   3.1000      tpr_c=   0.1111      change_adj_count=7      
2022-08-19 BST 21:36:17,650 - INFO -  epoch=   4      train_loss=  47.6309      val_loss=  19.7124      best=1      size=  55      nSHD_c=   3.2000      nSHD=   3.2000      tpr_c=   0.1091      change_adj_count=8      
2022-08-19 BST 21:36:17,895 - INFO -  epoch=   5      train_loss=  45.6605      val_loss=  15.6271      best=1      size=  58      nSHD_c=   3.2000      nSHD=   3.1667      tpr_c=   0.1207      change_adj_count=9      
2022-08-19 BST 21:36:36,376 - INFO -  epoch= 100      train_loss=  35.7139      val_loss= 368.4866      best=1      size=  41      nSHD_c=   2.5333      nSHD=   2.5333      tpr_c=   0.2683      change_adj_count=50      
2022-08-19 BST 21:36:58,130 - INFO -  epoch= 200      train_loss=  32.7958      val_loss= 308.8882      best=1      size=  41      nSHD_c=   2.5333      nSHD=   2.5333      tpr_c=   0.2683      change_adj_count=50      
2022-08-19 BST 21:37:20,930 - INFO -  epoch= 300      train_loss=  29.8270      val_loss= 240.7832      best=1      size=  40      nSHD_c=   2.5000      nSHD=   2.5000      tpr_c=   0.2750      change_adj_count=51      
2022-08-19 BST 21:37:41,921 - INFO -  epoch= 400      train_loss=  28.2122      val_loss= 187.3818      best=1      size=  40      nSHD_c=   2.5000      nSHD=   2.5000      tpr_c=   0.2750      change_adj_count=51      
2022-08-19 BST 21:38:02,366 - INFO -  epoch= 500      train_loss=  26.8837      val_loss= 140.2561      best=1      size=  39      nSHD_c=   2.5000      nSHD=   2.4667      tpr_c=   0.2564      change_adj_count=54      
2022-08-19 BST 21:38:21,865 - INFO -  epoch= 600      train_loss=  24.6416      val_loss= 121.6239      best=1      size=  41      nSHD_c=   2.5333      nSHD=   2.5333      tpr_c=   0.2683      change_adj_count=56      
2022-08-19 BST 21:38:42,664 - INFO -  epoch= 700      train_loss=  22.1846      val_loss=  91.6769      best=1      size=  41      nSHD_c=   2.5333      nSHD=   2.5333      tpr_c=   0.2683      change_adj_count=56      
2022-08-19 BST 21:39:02,486 - INFO -  epoch= 800      train_loss=  20.6368      val_loss=  71.0063      best=1      size=  41      nSHD_c=   2.5333      nSHD=   2.5333      tpr_c=   0.2683      change_adj_count=56      
2022-08-19 BST 21:39:22,199 - INFO -  epoch= 900      train_loss=  18.8013      val_loss=  55.0977      best=1      size=  42      nSHD_c=   2.5667      nSHD=   2.5333      tpr_c=   0.2381      change_adj_count=57      
2022-08-19 BST 21:39:42,659 - INFO -  epoch=1000      train_loss=  17.8490      val_loss=  44.7073      best=1      size=  45      nSHD_c=   2.5000      nSHD=   2.4000      tpr_c=   0.2667      change_adj_count=65      
2022-08-19 BST 21:39:42,660 - INFO - 

DAG 6: size_true=64	X.var()=29.7229
2022-08-19 BST 21:39:42,890 - INFO -  epoch=   1      train_loss=  27.2371      val_loss=  26.8201      best=1      size=  59      nSHD_c=   3.7000      nSHD=   3.7000      tpr_c=   0.0508      change_adj_count=5      
2022-08-19 BST 21:39:43,117 - INFO -  epoch=   2      train_loss=  24.1822      val_loss=  19.9532      best=1      size=  58      nSHD_c=   3.6667      nSHD=   3.6667      tpr_c=   0.0690      change_adj_count=6      
2022-08-19 BST 21:39:43,338 - INFO -  epoch=   3      train_loss=  22.7663      val_loss=  17.3356      best=1      size=  60      nSHD_c=   3.7333      nSHD=   3.7333      tpr_c=   0.0667      change_adj_count=7      
2022-08-19 BST 21:39:43,585 - INFO -  epoch=   4      train_loss=  22.0454      val_loss=  16.6860      best=1      size=  59      nSHD_c=   3.6667      nSHD=   3.6667      tpr_c=   0.0847      change_adj_count=8      
2022-08-19 BST 21:40:03,669 - INFO -  epoch= 100      train_loss=  20.3874      val_loss= 119.9125      best=1      size=  57      nSHD_c=   3.1000      nSHD=   3.0333      tpr_c=   0.2105      change_adj_count=66      
2022-08-19 BST 21:40:24,701 - INFO -  epoch= 200      train_loss=  19.8170      val_loss= 113.7674      best=1      size=  57      nSHD_c=   3.1333      nSHD=   3.1000      tpr_c=   0.2105      change_adj_count=93      
2022-08-19 BST 21:40:45,317 - INFO -  epoch= 300      train_loss=  19.2703      val_loss= 103.7758      best=1      size=  56      nSHD_c=   3.0000      nSHD=   2.9333      tpr_c=   0.2321      change_adj_count=126      
2022-08-19 BST 21:41:05,906 - INFO -  epoch= 400      train_loss=  19.0379      val_loss=  90.3684      best=1      size=  56      nSHD_c=   3.0333      nSHD=   3.0000      tpr_c=   0.2321      change_adj_count=159      
2022-08-19 BST 21:41:25,514 - INFO -  epoch= 500      train_loss=  18.2750      val_loss=  88.9297      best=1      size=  53      nSHD_c=   3.0000      nSHD=   2.9667      tpr_c=   0.2264      change_adj_count=192      
2022-08-19 BST 21:41:45,633 - INFO -  epoch= 600      train_loss=  18.0327      val_loss=  80.8997      best=1      size=  53      nSHD_c=   2.9667      nSHD=   2.9000      tpr_c=   0.2264      change_adj_count=203      
2022-08-19 BST 21:42:05,749 - INFO -  epoch= 700      train_loss=  17.2454      val_loss=  68.7456      best=1      size=  52      nSHD_c=   2.9333      nSHD=   2.8667      tpr_c=   0.2308      change_adj_count=210      
2022-08-19 BST 21:42:25,718 - INFO -  epoch= 800      train_loss=  17.1672      val_loss=  60.2063      best=1      size=  52      nSHD_c=   2.9000      nSHD=   2.8000      tpr_c=   0.2308      change_adj_count=222      
2022-08-19 BST 21:42:46,290 - INFO -  epoch= 900      train_loss=  16.4756      val_loss=  57.9369      best=1      size=  52      nSHD_c=   2.9000      nSHD=   2.8000      tpr_c=   0.2308      change_adj_count=230      
2022-08-19 BST 21:43:05,267 - INFO -  epoch=1000      train_loss=  16.0387      val_loss=  44.9675      best=1      size=  52      nSHD_c=   2.9000      nSHD=   2.8000      tpr_c=   0.2308      change_adj_count=231      
2022-08-19 BST 21:43:05,268 - INFO - 

DAG 7: size_true=62	X.var()=55.6800
2022-08-19 BST 21:43:05,578 - INFO -  epoch=   1      train_loss=  49.1641      val_loss=  47.7460      best=1      size=  56      nSHD_c=   3.7000      nSHD=   3.7000      tpr_c=   0.0179      change_adj_count=5      
2022-08-19 BST 21:43:05,870 - INFO -  epoch=   2      train_loss=  41.8223      val_loss=  43.4428      best=1      size=  57      nSHD_c=   3.6000      nSHD=   3.6000      tpr_c=   0.0351      change_adj_count=6      
2022-08-19 BST 21:43:06,128 - INFO -  epoch=   3      train_loss=  39.1939      val_loss=  21.0972      best=1      size=  56      nSHD_c=   3.5667      nSHD=   3.5667      tpr_c=   0.0536      change_adj_count=7      
2022-08-19 BST 21:43:25,117 - INFO -  epoch= 100      train_loss=  29.7442      val_loss= 708.4324      best=1      size=  51      nSHD_c=   3.2333      nSHD=   3.2333      tpr_c=   0.1373      change_adj_count=45      
2022-08-19 BST 21:43:44,855 - INFO -  epoch= 200      train_loss=  27.1705      val_loss= 573.3003      best=1      size=  51      nSHD_c=   3.2333      nSHD=   3.2333      tpr_c=   0.1373      change_adj_count=57      
2022-08-19 BST 21:44:05,578 - INFO -  epoch= 300      train_loss=  25.7957      val_loss= 441.4896      best=1      size=  51      nSHD_c=   3.1667      nSHD=   3.1667      tpr_c=   0.1569      change_adj_count=74      
2022-08-19 BST 21:44:26,255 - INFO -  epoch= 400      train_loss=  23.9991      val_loss= 391.2807      best=1      size=  51      nSHD_c=   3.1667      nSHD=   3.1667      tpr_c=   0.1569      change_adj_count=86      
2022-08-19 BST 21:44:47,506 - INFO -  epoch= 500      train_loss=  23.1800      val_loss= 302.0100      best=1      size=  51      nSHD_c=   3.2333      nSHD=   3.2333      tpr_c=   0.1373      change_adj_count=87      
2022-08-19 BST 21:45:08,535 - INFO -  epoch= 600      train_loss=  21.9694      val_loss= 257.1386      best=1      size=  51      nSHD_c=   3.2000      nSHD=   3.1667      tpr_c=   0.1373      change_adj_count=90      
2022-08-19 BST 21:45:29,169 - INFO -  epoch= 700      train_loss=  20.6766      val_loss= 216.4940      best=1      size=  51      nSHD_c=   3.2000      nSHD=   3.1667      tpr_c=   0.1373      change_adj_count=97      
2022-08-19 BST 21:45:50,110 - INFO -  epoch= 800      train_loss=  19.8796      val_loss= 182.9874      best=1      size=  51      nSHD_c=   3.2000      nSHD=   3.1667      tpr_c=   0.1373      change_adj_count=101      
2022-08-19 BST 21:46:09,502 - INFO -  epoch= 900      train_loss=  19.5221      val_loss= 153.2216      best=1      size=  50      nSHD_c=   3.1667      nSHD=   3.1333      tpr_c=   0.1400      change_adj_count=117      
2022-08-19 BST 21:46:30,068 - INFO -  epoch=1000      train_loss=  17.7047      val_loss= 122.9998      best=1      size=  50      nSHD_c=   3.1667      nSHD=   3.1333      tpr_c=   0.1400      change_adj_count=128      
2022-08-19 BST 21:46:30,070 - INFO - 

DAG 8: size_true=63	X.var()=39.3378
2022-08-19 BST 21:46:30,363 - INFO -  epoch=   1      train_loss=  37.1741      val_loss=  36.1458      best=1      size=  53      nSHD_c=   3.6000      nSHD=   3.6000      tpr_c=   0.0377      change_adj_count=5      
2022-08-19 BST 21:46:30,629 - INFO -  epoch=   2      train_loss=  33.5634      val_loss=  30.7750      best=1      size=  55      nSHD_c=   3.5667      nSHD=   3.5667      tpr_c=   0.0727      change_adj_count=6      
2022-08-19 BST 21:46:30,900 - INFO -  epoch=   3      train_loss=  31.6233      val_loss=  18.5005      best=1      size=  56      nSHD_c=   3.5333      nSHD=   3.5333      tpr_c=   0.0893      change_adj_count=7      
2022-08-19 BST 21:46:31,179 - INFO -  epoch=   4      train_loss=  30.7832      val_loss=  15.4582      best=1      size=  54      nSHD_c=   3.5333      nSHD=   3.5333      tpr_c=   0.0926      change_adj_count=8      
2022-08-19 BST 21:46:51,093 - INFO -  epoch= 100      train_loss=  26.1501      val_loss= 239.1759      best=1      size=  57      nSHD_c=   3.0333      nSHD=   3.0000      tpr_c=   0.2456      change_adj_count=57      
2022-08-19 BST 21:47:11,824 - INFO -  epoch= 200      train_loss=  25.0562      val_loss= 194.5613      best=1      size=  59      nSHD_c=   3.0667      nSHD=   3.0000      tpr_c=   0.2373      change_adj_count=62      
2022-08-19 BST 21:47:32,972 - INFO -  epoch= 300      train_loss=  23.2435      val_loss= 177.9205      best=1      size=  58      nSHD_c=   3.0333      nSHD=   2.9667      tpr_c=   0.2414      change_adj_count=78      
2022-08-19 BST 21:47:53,935 - INFO -  epoch= 400      train_loss=  22.5727      val_loss= 135.8045      best=1      size=  56      nSHD_c=   3.0000      nSHD=   2.9667      tpr_c=   0.2500      change_adj_count=87      
2022-08-19 BST 21:48:14,973 - INFO -  epoch= 500      train_loss=  21.7350      val_loss= 114.9179      best=1      size=  56      nSHD_c=   2.9667      nSHD=   2.9000      tpr_c=   0.2500      change_adj_count=94      
2022-08-19 BST 21:48:36,512 - INFO -  epoch= 600      train_loss=  20.0966      val_loss= 101.1477      best=1      size=  56      nSHD_c=   2.9667      nSHD=   2.9000      tpr_c=   0.2500      change_adj_count=94      
2022-08-19 BST 21:48:57,652 - INFO -  epoch= 700      train_loss=  19.9117      val_loss=  93.6588      best=1      size=  56      nSHD_c=   2.9667      nSHD=   2.9000      tpr_c=   0.2500      change_adj_count=94      
2022-08-19 BST 21:49:17,757 - INFO -  epoch= 800      train_loss=  17.9395      val_loss=  80.5466      best=1      size=  56      nSHD_c=   3.0000      nSHD=   2.9667      tpr_c=   0.2500      change_adj_count=95      
2022-08-19 BST 21:49:37,641 - INFO -  epoch= 900      train_loss=  17.2691      val_loss=  68.1055      best=1      size=  56      nSHD_c=   3.0000      nSHD=   2.9667      tpr_c=   0.2500      change_adj_count=103      
2022-08-19 BST 21:49:58,611 - INFO -  epoch=1000      train_loss=  16.9718      val_loss=  57.3069      best=1      size=  56      nSHD_c=   2.9667      nSHD=   2.9000      tpr_c=   0.2500      change_adj_count=105      
2022-08-19 BST 21:49:58,615 - INFO - 

DAG 9: size_true=61	X.var()=94.6254
2022-08-19 BST 21:49:58,898 - INFO -  epoch=   1      train_loss=  84.1036      val_loss=  83.8838      best=1      size=  57      nSHD_c=   3.5667      nSHD=   3.5667      tpr_c=   0.0702      change_adj_count=5      
2022-08-19 BST 21:49:59,192 - INFO -  epoch=   2      train_loss=  70.5187      val_loss=  67.3827      best=1      size=  55      nSHD_c=   3.5333      nSHD=   3.5333      tpr_c=   0.0545      change_adj_count=6      
2022-08-19 BST 21:49:59,490 - INFO -  epoch=   3      train_loss=  65.8860      val_loss=  40.2277      best=1      size=  54      nSHD_c=   3.6000      nSHD=   3.6000      tpr_c=   0.0185      change_adj_count=7      
2022-08-19 BST 21:50:18,874 - INFO -  epoch= 100      train_loss=  50.4830      val_loss=1053.4372      best=1      size=  56      nSHD_c=   3.2333      nSHD=   3.2000      tpr_c=   0.1607      change_adj_count=50      
2022-08-19 BST 21:50:38,069 - INFO -  epoch= 200      train_loss=  46.4240      val_loss= 845.3680      best=1      size=  56      nSHD_c=   3.2667      nSHD=   3.2667      tpr_c=   0.1607      change_adj_count=63      
2022-08-19 BST 21:50:56,695 - INFO -  epoch= 300      train_loss=  45.4895      val_loss= 662.3303      best=1      size=  56      nSHD_c=   3.2667      nSHD=   3.2667      tpr_c=   0.1607      change_adj_count=63      
2022-08-19 BST 21:51:17,352 - INFO -  epoch= 400      train_loss=  41.7382      val_loss= 527.0565      best=1      size=  56      nSHD_c=   3.2333      nSHD=   3.2000      tpr_c=   0.1607      change_adj_count=64      
2022-08-19 BST 21:51:38,220 - INFO -  epoch= 500      train_loss=  40.3761      val_loss= 376.0527      best=1      size=  56      nSHD_c=   3.2333      nSHD=   3.2000      tpr_c=   0.1607      change_adj_count=64      
2022-08-19 BST 21:51:57,198 - INFO -  epoch= 600      train_loss=  37.4226      val_loss= 345.6165      best=1      size=  56      nSHD_c=   3.2333      nSHD=   3.2000      tpr_c=   0.1607      change_adj_count=64      
2022-08-19 BST 21:52:17,295 - INFO -  epoch= 700      train_loss=  35.1636      val_loss= 269.4021      best=1      size=  56      nSHD_c=   3.2333      nSHD=   3.2000      tpr_c=   0.1607      change_adj_count=64      
2022-08-19 BST 21:52:37,495 - INFO -  epoch= 800      train_loss=  33.1423      val_loss= 219.5832      best=1      size=  55      nSHD_c=   3.2000      nSHD=   3.1667      tpr_c=   0.1636      change_adj_count=65      
2022-08-19 BST 21:52:57,996 - INFO -  epoch= 900      train_loss=  32.9155      val_loss= 180.2150      best=1      size=  55      nSHD_c=   3.2000      nSHD=   3.1667      tpr_c=   0.1636      change_adj_count=66      
2022-08-19 BST 21:53:18,686 - INFO -  epoch=1000      train_loss=  29.6705      val_loss= 150.4135      best=1      size=  54      nSHD_c=   3.1667      nSHD=   3.1333      tpr_c=   0.1667      change_adj_count=70      
2022-08-19 BST 21:53:18,690 - INFO - 

DAG 10: size_true=51	X.var()=18.9170
2022-08-19 BST 21:53:18,916 - INFO -  epoch=   1      train_loss=  17.7733      val_loss=  16.5963      best=1      size=  56      nSHD_c=   3.4333      nSHD=   3.4000      tpr_c=   0.0179      change_adj_count=5      
2022-08-19 BST 21:53:19,192 - INFO -  epoch=   2      train_loss=  16.1990      val_loss=  15.0066      best=1      size=  56      nSHD_c=   3.3667      nSHD=   3.3667      tpr_c=   0.0357      change_adj_count=6      
2022-08-19 BST 21:53:19,464 - INFO -  epoch=   3      train_loss=  15.4776      val_loss=  13.8625      best=1      size=  58      nSHD_c=   3.4333      nSHD=   3.4333      tpr_c=   0.0345      change_adj_count=7      
2022-08-19 BST 21:53:20,200 - INFO -  epoch=   6      train_loss=  14.7170      val_loss=  12.2707      best=1      size=  58      nSHD_c=   3.4333      nSHD=   3.4333      tpr_c=   0.0345      change_adj_count=10      
2022-08-19 BST 21:53:20,406 - INFO -  epoch=   7      train_loss=  14.4935      val_loss=  10.1311      best=1      size=  59      nSHD_c=   3.3000      nSHD=   3.3000      tpr_c=   0.0678      change_adj_count=11      
2022-08-19 BST 21:53:20,629 - INFO -  epoch=   8      train_loss=  14.5895      val_loss=  11.3323      best=1      size=  52      nSHD_c=   3.1667      nSHD=   3.1333      tpr_c=   0.0577      change_adj_count=12      
2022-08-19 BST 21:53:39,242 - INFO -  epoch= 100      train_loss=  14.0521      val_loss=  69.3111      best=1      size=  51      nSHD_c=   2.4000      nSHD=   2.3000      tpr_c=   0.2549      change_adj_count=65      
2022-08-19 BST 21:53:58,867 - INFO -  epoch= 200      train_loss=  13.5443      val_loss=  74.5242      best=1      size=  52      nSHD_c=   2.4333      nSHD=   2.3333      tpr_c=   0.2500      change_adj_count=92      
2022-08-19 BST 21:54:18,375 - INFO -  epoch= 300      train_loss=  13.4130      val_loss=  65.4366      best=1      size=  53      nSHD_c=   2.4667      nSHD=   2.3667      tpr_c=   0.2453      change_adj_count=108      
2022-08-19 BST 21:54:40,326 - INFO -  epoch= 400      train_loss=  12.9544      val_loss=  62.4775      best=1      size=  53      nSHD_c=   2.4667      nSHD=   2.3667      tpr_c=   0.2264      change_adj_count=128      
2022-08-19 BST 21:55:00,193 - INFO -  epoch= 500      train_loss=  12.7456      val_loss=  53.9431      best=1      size=  53      nSHD_c=   2.4667      nSHD=   2.3667      tpr_c=   0.2264      change_adj_count=130      
2022-08-19 BST 21:55:19,865 - INFO -  epoch= 600      train_loss=  12.4786      val_loss=  48.8088      best=1      size=  53      nSHD_c=   2.4667      nSHD=   2.3667      tpr_c=   0.2264      change_adj_count=139      
2022-08-19 BST 21:55:39,693 - INFO -  epoch= 700      train_loss=  12.0968      val_loss=  48.5892      best=1      size=  53      nSHD_c=   2.5000      nSHD=   2.4000      tpr_c=   0.2264      change_adj_count=148      
2022-08-19 BST 21:56:01,132 - INFO -  epoch= 800      train_loss=  11.8890      val_loss=  47.7330      best=1      size=  53      nSHD_c=   2.5000      nSHD=   2.4000      tpr_c=   0.2264      change_adj_count=148      
2022-08-19 BST 21:56:22,039 - INFO -  epoch= 900      train_loss=  11.5608      val_loss=  41.2971      best=1      size=  53      nSHD_c=   2.5000      nSHD=   2.4000      tpr_c=   0.2264      change_adj_count=150      
2022-08-19 BST 21:56:41,759 - INFO -  epoch=1000      train_loss=  11.3718      val_loss=  37.8221      best=1      size=  53      nSHD_c=   2.5000      nSHD=   2.4000      tpr_c=   0.2264      change_adj_count=150      
2022-08-19 BST 21:56:41,760 - INFO - 

DAG 11: size_true=68	X.var()=127.5135
2022-08-19 BST 21:56:42,024 - INFO -  epoch=   1      train_loss= 120.1154      val_loss= 106.3744      best=1      size=  58      nSHD_c=   3.7667      nSHD=   3.7667      tpr_c=   0.0862      change_adj_count=5      
2022-08-19 BST 21:56:42,259 - INFO -  epoch=   2      train_loss= 105.5017      val_loss=  89.6579      best=1      size=  56      nSHD_c=   3.9000      nSHD=   3.9000      tpr_c=   0.0357      change_adj_count=6      
2022-08-19 BST 21:56:42,514 - INFO -  epoch=   3      train_loss=  98.5480      val_loss=  69.1824      best=1      size=  58      nSHD_c=   3.8000      nSHD=   3.8000      tpr_c=   0.0690      change_adj_count=7      
2022-08-19 BST 21:57:00,972 - INFO -  epoch= 100      train_loss=  67.6947      val_loss=1391.4477      best=1      size=  59      nSHD_c=   3.5000      nSHD=   3.5000      tpr_c=   0.1864      change_adj_count=33      
2022-08-19 BST 21:57:21,182 - INFO -  epoch= 200      train_loss=  58.5290      val_loss=1047.7395      best=1      size=  60      nSHD_c=   3.5333      nSHD=   3.5333      tpr_c=   0.1833      change_adj_count=41      
2022-08-19 BST 21:57:41,474 - INFO -  epoch= 300      train_loss=  53.9534      val_loss= 741.3259      best=1      size=  60      nSHD_c=   3.5333      nSHD=   3.5333      tpr_c=   0.1833      change_adj_count=51      
2022-08-19 BST 21:58:02,597 - INFO -  epoch= 400      train_loss=  49.7210      val_loss= 532.6434      best=1      size=  60      nSHD_c=   3.4333      nSHD=   3.4000      tpr_c=   0.2000      change_adj_count=53      
2022-08-19 BST 21:58:22,689 - INFO -  epoch= 500      train_loss=  44.4201      val_loss= 423.9993      best=1      size=  60      nSHD_c=   3.4333      nSHD=   3.4000      tpr_c=   0.2000      change_adj_count=54      
2022-08-19 BST 21:58:43,314 - INFO -  epoch= 600      train_loss=  40.5519      val_loss= 332.2338      best=1      size=  59      nSHD_c=   3.4000      nSHD=   3.3667      tpr_c=   0.2034      change_adj_count=59      
2022-08-19 BST 21:59:03,678 - INFO -  epoch= 700      train_loss=  37.3997      val_loss= 246.7539      best=1      size=  59      nSHD_c=   3.4000      nSHD=   3.3667      tpr_c=   0.2034      change_adj_count=59      
2022-08-19 BST 21:59:23,964 - INFO -  epoch= 800      train_loss=  35.3341      val_loss= 206.9672      best=1      size=  58      nSHD_c=   3.4333      nSHD=   3.4000      tpr_c=   0.1897      change_adj_count=60      
2022-08-19 BST 21:59:44,635 - INFO -  epoch= 900      train_loss=  32.5972      val_loss= 144.2496      best=1      size=  57      nSHD_c=   3.4000      nSHD=   3.3667      tpr_c=   0.1930      change_adj_count=61      
2022-08-19 BST 22:00:05,404 - INFO -  epoch=1000      train_loss=  30.1781      val_loss= 119.2992      best=1      size=  56      nSHD_c=   3.2667      nSHD=   3.2000      tpr_c=   0.2143      change_adj_count=67      
2022-08-19 BST 22:00:05,405 - INFO - 

DAG 12: size_true=53	X.var()=15.8398
2022-08-19 BST 22:00:05,634 - INFO -  epoch=   1      train_loss=  15.1635      val_loss=  12.4389      best=1      size=  61      nSHD_c=   3.2667      nSHD=   3.2667      tpr_c=   0.1148      change_adj_count=5      
2022-08-19 BST 22:00:05,870 - INFO -  epoch=   2      train_loss=  14.0634      val_loss=  11.1314      best=1      size=  59      nSHD_c=   3.2667      nSHD=   3.2667      tpr_c=   0.1017      change_adj_count=6      
2022-08-19 BST 22:00:06,114 - INFO -  epoch=   3      train_loss=  13.3395      val_loss=   7.1846      best=1      size=  59      nSHD_c=   3.1333      nSHD=   3.1333      tpr_c=   0.1356      change_adj_count=7      
2022-08-19 BST 22:00:06,356 - INFO -  epoch=   4      train_loss=  13.0533      val_loss=   6.5223      best=1      size=  60      nSHD_c=   3.1000      nSHD=   3.1000      tpr_c=   0.1500      change_adj_count=8      
2022-08-19 BST 22:00:25,472 - INFO -  epoch= 100      train_loss=  11.6304      val_loss=  67.0128      best=1      size=  53      nSHD_c=   2.2667      nSHD=   2.2333      tpr_c=   0.3396      change_adj_count=81      
2022-08-19 BST 22:00:46,084 - INFO -  epoch= 200      train_loss=  11.2643      val_loss=  63.1909      best=1      size=  52      nSHD_c=   2.3000      nSHD=   2.3000      tpr_c=   0.3269      change_adj_count=101      
2022-08-19 BST 22:01:06,862 - INFO -  epoch= 300      train_loss=  11.1956      val_loss=  60.8617      best=1      size=  52      nSHD_c=   2.3667      nSHD=   2.3667      tpr_c=   0.3077      change_adj_count=115      
2022-08-19 BST 22:01:27,661 - INFO -  epoch= 400      train_loss=  10.6934      val_loss=  52.4567      best=1      size=  51      nSHD_c=   2.3333      nSHD=   2.3333      tpr_c=   0.3137      change_adj_count=127      
2022-08-19 BST 22:01:48,554 - INFO -  epoch= 500      train_loss=  10.2833      val_loss=  47.1098      best=1      size=  51      nSHD_c=   2.3333      nSHD=   2.3333      tpr_c=   0.3137      change_adj_count=135      
2022-08-19 BST 22:02:09,436 - INFO -  epoch= 600      train_loss=  10.1251      val_loss=  41.0399      best=1      size=  51      nSHD_c=   2.2333      nSHD=   2.2000      tpr_c=   0.3333      change_adj_count=141      
2022-08-19 BST 22:02:30,461 - INFO -  epoch= 700      train_loss=   9.9297      val_loss=  33.7636      best=1      size=  51      nSHD_c=   2.2333      nSHD=   2.2000      tpr_c=   0.3333      change_adj_count=149      
2022-08-19 BST 22:02:51,062 - INFO -  epoch= 800      train_loss=   9.5728      val_loss=  32.2175      best=1      size=  51      nSHD_c=   2.3000      nSHD=   2.2667      tpr_c=   0.3137      change_adj_count=150      
2022-08-19 BST 22:03:11,517 - INFO -  epoch= 900      train_loss=   8.9461      val_loss=  27.4089      best=1      size=  51      nSHD_c=   2.3000      nSHD=   2.2667      tpr_c=   0.3137      change_adj_count=150      
2022-08-19 BST 22:03:31,770 - INFO -  epoch=1000      train_loss=   8.8657      val_loss=  27.5496      best=1      size=  51      nSHD_c=   2.3000      nSHD=   2.2667      tpr_c=   0.3137      change_adj_count=150      
2022-08-19 BST 22:03:31,773 - INFO - 

DAG 13: size_true=53	X.var()=112.2632
2022-08-19 BST 22:03:32,089 - INFO -  epoch=   1      train_loss= 106.6106      val_loss=  82.3761      best=1      size=  57      nSHD_c=   3.3667      nSHD=   3.3667      tpr_c=   0.0351      change_adj_count=5      
2022-08-19 BST 22:03:32,346 - INFO -  epoch=   2      train_loss=  94.7673      val_loss=  54.5500      best=1      size=  55      nSHD_c=   3.3000      nSHD=   3.3000      tpr_c=   0.0364      change_adj_count=6      
2022-08-19 BST 22:03:32,592 - INFO -  epoch=   3      train_loss=  86.4389      val_loss=  30.9328      best=1      size=  54      nSHD_c=   3.0667      nSHD=   3.0667      tpr_c=   0.0556      change_adj_count=7      
2022-08-19 BST 22:03:52,285 - INFO -  epoch= 100      train_loss=  56.5717      val_loss=1258.9515      best=1      size=  46      nSHD_c=   2.6667      nSHD=   2.6667      tpr_c=   0.1957      change_adj_count=36      
2022-08-19 BST 22:04:12,875 - INFO -  epoch= 200      train_loss=  49.2646      val_loss= 977.1681      best=1      size=  48      nSHD_c=   2.6667      nSHD=   2.6667      tpr_c=   0.2083      change_adj_count=38      
2022-08-19 BST 22:04:33,917 - INFO -  epoch= 300      train_loss=  45.6864      val_loss= 727.0516      best=1      size=  50      nSHD_c=   2.7333      nSHD=   2.7333      tpr_c=   0.2000      change_adj_count=42      
2022-08-19 BST 22:04:53,918 - INFO -  epoch= 400      train_loss=  40.2878      val_loss= 547.9338      best=1      size=  52      nSHD_c=   2.8000      nSHD=   2.8000      tpr_c=   0.1923      change_adj_count=47      
2022-08-19 BST 22:05:13,960 - INFO -  epoch= 500      train_loss=  36.5069      val_loss= 411.3423      best=1      size=  52      nSHD_c=   2.8000      nSHD=   2.8000      tpr_c=   0.1923      change_adj_count=48      
2022-08-19 BST 22:05:34,873 - INFO -  epoch= 600      train_loss=  33.1494      val_loss= 313.4851      best=1      size=  52      nSHD_c=   2.8000      nSHD=   2.8000      tpr_c=   0.1923      change_adj_count=53      
2022-08-19 BST 22:05:55,520 - INFO -  epoch= 700      train_loss=  30.0974      val_loss= 235.0507      best=1      size=  52      nSHD_c=   2.8000      nSHD=   2.8000      tpr_c=   0.1923      change_adj_count=53      
2022-08-19 BST 22:06:15,708 - INFO -  epoch= 800      train_loss=  28.6284      val_loss= 195.9353      best=1      size=  51      nSHD_c=   2.7667      nSHD=   2.7667      tpr_c=   0.1961      change_adj_count=54      
2022-08-19 BST 22:06:37,816 - INFO -  epoch= 900      train_loss=  25.5281      val_loss= 154.3776      best=1      size=  50      nSHD_c=   2.7333      nSHD=   2.7333      tpr_c=   0.2000      change_adj_count=55      
2022-08-19 BST 22:06:58,819 - INFO -  epoch=1000      train_loss=  25.3688      val_loss= 124.0977      best=1      size=  49      nSHD_c=   2.7000      nSHD=   2.7000      tpr_c=   0.2041      change_adj_count=56      
2022-08-19 BST 22:06:58,820 - INFO - 

DAG 14: size_true=59	X.var()=16.7418
2022-08-19 BST 22:06:59,108 - INFO -  epoch=   1      train_loss=  15.3572      val_loss=  15.6550      best=1      size=  58      nSHD_c=   3.6000      nSHD=   3.6000      tpr_c=   0.0345      change_adj_count=5      
2022-08-19 BST 22:06:59,429 - INFO -  epoch=   2      train_loss=  13.8878      val_loss=  14.0986      best=1      size=  58      nSHD_c=   3.6000      nSHD=   3.6000      tpr_c=   0.0345      change_adj_count=6      
2022-08-19 BST 22:06:59,683 - INFO -  epoch=   3      train_loss=  13.1986      val_loss=  13.5190      best=1      size=  59      nSHD_c=   3.6333      nSHD=   3.6333      tpr_c=   0.0339      change_adj_count=7      
2022-08-19 BST 22:06:59,972 - INFO -  epoch=   4      train_loss=  12.6585      val_loss=  12.6485      best=1      size=  59      nSHD_c=   3.6667      nSHD=   3.6667      tpr_c=   0.0339      change_adj_count=8      
2022-08-19 BST 22:07:00,228 - INFO -  epoch=   5      train_loss=  12.4573      val_loss=  12.5030      best=1      size=  56      nSHD_c=   3.4667      nSHD=   3.4667      tpr_c=   0.0536      change_adj_count=9      
2022-08-19 BST 22:07:00,510 - INFO -  epoch=   6      train_loss=  12.4997      val_loss=  12.5585      best=1      size=  56      nSHD_c=   3.4000      nSHD=   3.4000      tpr_c=   0.0714      change_adj_count=10      
2022-08-19 BST 22:07:00,795 - INFO -  epoch=   7      train_loss=  12.3407      val_loss=  11.0274      best=1      size=  57      nSHD_c=   3.3000      nSHD=   3.3000      tpr_c=   0.1053      change_adj_count=11      
2022-08-19 BST 22:07:01,042 - INFO -  epoch=   8      train_loss=  12.2801      val_loss=  10.9312      best=1      size=  55      nSHD_c=   3.3333      nSHD=   3.3000      tpr_c=   0.0909      change_adj_count=12      
2022-08-19 BST 22:07:01,259 - INFO -  epoch=   9      train_loss=  12.2261      val_loss=  10.0064      best=1      size=  59      nSHD_c=   3.3333      nSHD=   3.3333      tpr_c=   0.1186      change_adj_count=13      
2022-08-19 BST 22:07:20,311 - INFO -  epoch= 100      train_loss=  11.7845      val_loss=  64.7007      best=1      size=  58      nSHD_c=   2.7333      nSHD=   2.6333      tpr_c=   0.2759      change_adj_count=87      
2022-08-19 BST 22:07:40,408 - INFO -  epoch= 200      train_loss=  11.7966      val_loss=  61.5469      best=1      size=  60      nSHD_c=   2.7000      nSHD=   2.5667      tpr_c=   0.2833      change_adj_count=129      
2022-08-19 BST 22:08:00,496 - INFO -  epoch= 300      train_loss=  11.5495      val_loss=  57.2812      best=1      size=  60      nSHD_c=   2.7000      nSHD=   2.5667      tpr_c=   0.2833      change_adj_count=147      
2022-08-19 BST 22:08:20,684 - INFO -  epoch= 400      train_loss=  11.3986      val_loss=  57.4077      best=1      size=  60      nSHD_c=   2.7000      nSHD=   2.5667      tpr_c=   0.2833      change_adj_count=166      
2022-08-19 BST 22:08:41,485 - INFO -  epoch= 500      train_loss=  11.2104      val_loss=  52.9351      best=1      size=  60      nSHD_c=   2.7000      nSHD=   2.5667      tpr_c=   0.2833      change_adj_count=171      
2022-08-19 BST 22:09:02,229 - INFO -  epoch= 600      train_loss=  10.9818      val_loss=  47.4392      best=1      size=  60      nSHD_c=   2.7333      nSHD=   2.6000      tpr_c=   0.2667      change_adj_count=175      
2022-08-19 BST 22:09:23,165 - INFO -  epoch= 700      train_loss=  10.8764      val_loss=  42.7978      best=1      size=  60      nSHD_c=   2.6667      nSHD=   2.5333      tpr_c=   0.2833      change_adj_count=191      
2022-08-19 BST 22:09:43,673 - INFO -  epoch= 800      train_loss=  10.7208      val_loss=  46.1500      best=1      size=  60      nSHD_c=   2.7000      nSHD=   2.5667      tpr_c=   0.2833      change_adj_count=204      
2022-08-19 BST 22:10:03,627 - INFO -  epoch= 900      train_loss=  10.5369      val_loss=  40.7560      best=1      size=  59      nSHD_c=   2.7000      nSHD=   2.5667      tpr_c=   0.2712      change_adj_count=222      
2022-08-19 BST 22:10:23,703 - INFO -  epoch=1000      train_loss=  10.5662      val_loss=  35.7241      best=1      size=  60      nSHD_c=   2.7333      nSHD=   2.6000      tpr_c=   0.2667      change_adj_count=250      
2022-08-19 BST 22:10:23,705 - INFO - 

DAG 15: size_true=42	X.var()=8.6273
2022-08-19 BST 22:10:23,951 - INFO -  epoch=   1      train_loss=   8.1423      val_loss=   7.6611      best=1      size=  56      nSHD_c=   2.9667      nSHD=   2.9667      tpr_c=   0.0536      change_adj_count=5      
2022-08-19 BST 22:10:24,202 - INFO -  epoch=   2      train_loss=   7.6073      val_loss=   7.2848      best=1      size=  56      nSHD_c=   2.9667      nSHD=   2.9667      tpr_c=   0.0536      change_adj_count=6      
2022-08-19 BST 22:10:24,458 - INFO -  epoch=   3      train_loss=   7.3349      val_loss=   7.1716      best=1      size=  54      nSHD_c=   2.8667      nSHD=   2.8667      tpr_c=   0.0556      change_adj_count=7      
2022-08-19 BST 22:10:24,696 - INFO -  epoch=   4      train_loss=   7.1688      val_loss=   7.0990      best=1      size=  55      nSHD_c=   2.9000      nSHD=   2.9000      tpr_c=   0.0545      change_adj_count=8      
2022-08-19 BST 22:10:24,934 - INFO -  epoch=   5      train_loss=   7.0443      val_loss=   6.6055      best=1      size=  57      nSHD_c=   2.8333      nSHD=   2.8333      tpr_c=   0.0877      change_adj_count=9      
2022-08-19 BST 22:10:25,167 - INFO -  epoch=   6      train_loss=   6.9588      val_loss=   6.2229      best=1      size=  55      nSHD_c=   2.7667      nSHD=   2.7667      tpr_c=   0.0909      change_adj_count=10      
2022-08-19 BST 22:10:25,411 - INFO -  epoch=   7      train_loss=   7.0030      val_loss=   6.1619      best=1      size=  55      nSHD_c=   2.7667      nSHD=   2.7667      tpr_c=   0.0909      change_adj_count=11      
2022-08-19 BST 22:10:25,685 - INFO -  epoch=   8      train_loss=   7.0315      val_loss=   6.0722      best=1      size=  55      nSHD_c=   2.7333      nSHD=   2.7333      tpr_c=   0.0909      change_adj_count=12      
2022-08-19 BST 22:10:44,771 - INFO -  epoch= 100      train_loss=   6.8049      val_loss=  20.7094      best=1      size=  54      nSHD_c=   1.8000      nSHD=   1.8000      tpr_c=   0.3333      change_adj_count=95      
2022-08-19 BST 22:11:05,358 - INFO -  epoch= 200      train_loss=   6.7352      val_loss=  19.9548      best=1      size=  53      nSHD_c=   2.0000      nSHD=   1.8333      tpr_c=   0.2453      change_adj_count=158      
2022-08-19 BST 22:11:26,587 - INFO -  epoch= 300      train_loss=   6.6241      val_loss=  19.4359      best=1      size=  52      nSHD_c=   1.9000      nSHD=   1.8000      tpr_c=   0.3077      change_adj_count=201      
2022-08-19 BST 22:11:47,558 - INFO -  epoch= 400      train_loss=   6.5402      val_loss=  18.9568      best=1      size=  52      nSHD_c=   1.9000      nSHD=   1.8000      tpr_c=   0.3077      change_adj_count=225      
2022-08-19 BST 22:12:08,354 - INFO -  epoch= 500      train_loss=   6.4707      val_loss=  18.8323      best=1      size=  52      nSHD_c=   1.8667      nSHD=   1.7333      tpr_c=   0.3077      change_adj_count=236      
2022-08-19 BST 22:12:29,311 - INFO -  epoch= 600      train_loss=   6.4082      val_loss=  16.6796      best=1      size=  52      nSHD_c=   1.8667      nSHD=   1.8000      tpr_c=   0.3269      change_adj_count=238      
2022-08-19 BST 22:12:50,628 - INFO -  epoch= 700      train_loss=   6.2723      val_loss=  16.6798      best=1      size=  52      nSHD_c=   1.8667      nSHD=   1.7333      tpr_c=   0.3077      change_adj_count=246      
2022-08-19 BST 22:13:11,695 - INFO -  epoch= 800      train_loss=   6.1971      val_loss=  15.8400      best=1      size=  52      nSHD_c=   1.8667      nSHD=   1.7333      tpr_c=   0.3077      change_adj_count=263      
2022-08-19 BST 22:13:32,256 - INFO -  epoch= 900      train_loss=   6.2990      val_loss=  13.7980      best=1      size=  52      nSHD_c=   1.8000      nSHD=   1.6667      tpr_c=   0.3269      change_adj_count=274      
2022-08-19 BST 22:13:52,839 - INFO -  epoch=1000      train_loss=   6.0723      val_loss=  13.2893      best=1      size=  52      nSHD_c=   1.9000      nSHD=   1.8000      tpr_c=   0.3077      change_adj_count=282      
2022-08-19 BST 22:13:52,843 - INFO - 

DAG 16: size_true=50	X.var()=12.1502
2022-08-19 BST 22:13:53,115 - INFO -  epoch=   1      train_loss=  11.2758      val_loss=  11.9697      best=1      size=  57      nSHD_c=   3.2333      nSHD=   3.2000      tpr_c=   0.0526      change_adj_count=5      
2022-08-19 BST 22:13:53,355 - INFO -  epoch=   2      train_loss=  10.5591      val_loss=  11.8749      best=1      size=  57      nSHD_c=   3.2000      nSHD=   3.2000      tpr_c=   0.0702      change_adj_count=6      
2022-08-19 BST 22:13:53,591 - INFO -  epoch=   3      train_loss=  10.1548      val_loss=  11.5568      best=1      size=  59      nSHD_c=   3.2333      nSHD=   3.2333      tpr_c=   0.0678      change_adj_count=7      
2022-08-19 BST 22:13:53,835 - INFO -  epoch=   4      train_loss=   9.9312      val_loss=  10.1300      best=1      size=  59      nSHD_c=   3.2000      nSHD=   3.2000      tpr_c=   0.0847      change_adj_count=8      
2022-08-19 BST 22:13:54,065 - INFO -  epoch=   5      train_loss=   9.8303      val_loss=   9.9888      best=1      size=  59      nSHD_c=   3.1333      nSHD=   3.1333      tpr_c=   0.0847      change_adj_count=9      
2022-08-19 BST 22:13:54,311 - INFO -  epoch=   6      train_loss=   9.5978      val_loss=   9.6243      best=1      size=  59      nSHD_c=   3.0667      nSHD=   3.0667      tpr_c=   0.1017      change_adj_count=10      
2022-08-19 BST 22:13:54,570 - INFO -  epoch=   7      train_loss=   9.5713      val_loss=   7.9594      best=1      size=  57      nSHD_c=   2.9333      nSHD=   2.9333      tpr_c=   0.1228      change_adj_count=11      
2022-08-19 BST 22:13:54,803 - INFO -  epoch=   8      train_loss=   9.5368      val_loss=   7.9547      best=1      size=  55      nSHD_c=   2.9333      nSHD=   2.9333      tpr_c=   0.1091      change_adj_count=12      
2022-08-19 BST 22:13:55,053 - INFO -  epoch=   9      train_loss=   9.4828      val_loss=   8.0177      best=1      size=  54      nSHD_c=   2.9667      nSHD=   2.9667      tpr_c=   0.0926      change_adj_count=13      
2022-08-19 BST 22:14:14,346 - INFO -  epoch= 100      train_loss=   9.3861      val_loss=  26.4264      best=1      size=  55      nSHD_c=   2.2333      nSHD=   2.1333      tpr_c=   0.3091      change_adj_count=79      
2022-08-19 BST 22:14:34,304 - INFO -  epoch= 200      train_loss=   9.1895      val_loss=  25.4906      best=1      size=  53      nSHD_c=   2.0667      nSHD=   2.0000      tpr_c=   0.3585      change_adj_count=109      
2022-08-19 BST 22:14:54,449 - INFO -  epoch= 300      train_loss=   9.1478      val_loss=  25.3863      best=1      size=  55      nSHD_c=   2.1000      nSHD=   2.0667      tpr_c=   0.3636      change_adj_count=141      
2022-08-19 BST 22:15:14,750 - INFO -  epoch= 400      train_loss=   9.0175      val_loss=  26.3248      best=1      size=  54      nSHD_c=   2.2000      nSHD=   2.1000      tpr_c=   0.3148      change_adj_count=175      
2022-08-19 BST 22:15:34,623 - INFO -  epoch= 500      train_loss=   8.9365      val_loss=  25.4293      best=1      size=  54      nSHD_c=   2.1333      nSHD=   2.0333      tpr_c=   0.3333      change_adj_count=190      
2022-08-19 BST 22:15:55,555 - INFO -  epoch= 600      train_loss=   8.8056      val_loss=  22.7265      best=1      size=  54      nSHD_c=   2.0333      nSHD=   1.9667      tpr_c=   0.3704      change_adj_count=197      
2022-08-19 BST 22:16:16,475 - INFO -  epoch= 700      train_loss=   8.7249      val_loss=  22.6544      best=1      size=  54      nSHD_c=   2.0667      nSHD=   1.9667      tpr_c=   0.3519      change_adj_count=203      
2022-08-19 BST 22:16:36,544 - INFO -  epoch= 800      train_loss=   8.3392      val_loss=  21.7345      best=1      size=  54      nSHD_c=   2.0333      nSHD=   1.9667      tpr_c=   0.3704      change_adj_count=218      
2022-08-19 BST 22:16:57,457 - INFO -  epoch= 900      train_loss=   8.3891      val_loss=  20.5542      best=1      size=  54      nSHD_c=   2.0333      nSHD=   1.9667      tpr_c=   0.3704      change_adj_count=221      
2022-08-19 BST 22:17:17,564 - INFO -  epoch=1000      train_loss=   8.1374      val_loss=  19.3359      best=1      size=  54      nSHD_c=   2.0333      nSHD=   1.9667      tpr_c=   0.3704      change_adj_count=229      
2022-08-19 BST 22:17:17,565 - INFO - 

DAG 17: size_true=49	X.var()=16.5203
2022-08-19 BST 22:17:17,862 - INFO -  epoch=   1      train_loss=  15.3013      val_loss=  14.9603      best=1      size=  60      nSHD_c=   3.3667      nSHD=   3.3667      tpr_c=   0.0500      change_adj_count=5      
2022-08-19 BST 22:17:18,105 - INFO -  epoch=   2      train_loss=  13.8829      val_loss=  11.5360      best=1      size=  61      nSHD_c=   3.4000      nSHD=   3.4000      tpr_c=   0.0492      change_adj_count=6      
2022-08-19 BST 22:17:18,355 - INFO -  epoch=   3      train_loss=  13.1600      val_loss=  11.0235      best=1      size=  59      nSHD_c=   3.3000      nSHD=   3.2667      tpr_c=   0.0508      change_adj_count=7      
2022-08-19 BST 22:17:38,665 - INFO -  epoch= 100      train_loss=  11.8801      val_loss=  65.6792      best=1      size=  52      nSHD_c=   2.2000      nSHD=   2.1667      tpr_c=   0.3269      change_adj_count=77      
2022-08-19 BST 22:17:59,561 - INFO -  epoch= 200      train_loss=  11.5535      val_loss=  53.3197      best=1      size=  52      nSHD_c=   2.2333      nSHD=   2.2333      tpr_c=   0.3269      change_adj_count=114      
2022-08-19 BST 22:18:19,411 - INFO -  epoch= 300      train_loss=  11.4695      val_loss=  54.1114      best=1      size=  52      nSHD_c=   2.1667      nSHD=   2.1667      tpr_c=   0.3462      change_adj_count=117      
2022-08-19 BST 22:18:39,330 - INFO -  epoch= 400      train_loss=  11.2784      val_loss=  52.6626      best=1      size=  53      nSHD_c=   2.2000      nSHD=   2.2000      tpr_c=   0.3396      change_adj_count=130      
2022-08-19 BST 22:18:59,783 - INFO -  epoch= 500      train_loss=  11.0451      val_loss=  48.4274      best=1      size=  53      nSHD_c=   2.2667      nSHD=   2.2667      tpr_c=   0.3208      change_adj_count=148      
2022-08-19 BST 22:19:20,214 - INFO -  epoch= 600      train_loss=  11.0711      val_loss=  45.3664      best=1      size=  53      nSHD_c=   2.2000      nSHD=   2.2000      tpr_c=   0.3396      change_adj_count=157      
2022-08-19 BST 22:19:39,755 - INFO -  epoch= 700      train_loss=  10.8231      val_loss=  42.9311      best=1      size=  53      nSHD_c=   2.2667      nSHD=   2.2667      tpr_c=   0.3208      change_adj_count=163      
2022-08-19 BST 22:20:00,285 - INFO -  epoch= 800      train_loss=  10.6165      val_loss=  39.6552      best=1      size=  52      nSHD_c=   2.2333      nSHD=   2.2333      tpr_c=   0.3269      change_adj_count=168      
2022-08-19 BST 22:20:20,737 - INFO -  epoch= 900      train_loss=  10.3903      val_loss=  39.7142      best=1      size=  52      nSHD_c=   2.2333      nSHD=   2.2333      tpr_c=   0.3269      change_adj_count=179      
2022-08-19 BST 22:20:40,826 - INFO -  epoch=1000      train_loss=  10.1531      val_loss=  33.7679      best=1      size=  52      nSHD_c=   2.2333      nSHD=   2.2333      tpr_c=   0.3269      change_adj_count=179      
2022-08-19 BST 22:20:40,832 - INFO - 

DAG 18: size_true=56	X.var()=17.9506
2022-08-19 BST 22:20:41,094 - INFO -  epoch=   1      train_loss=  16.8074      val_loss=  15.3142      best=1      size=  59      nSHD_c=   3.6000      nSHD=   3.5667      tpr_c=   0.0000      change_adj_count=5      
2022-08-19 BST 22:20:41,342 - INFO -  epoch=   2      train_loss=  15.4310      val_loss=  14.1619      best=1      size=  59      nSHD_c=   3.6333      nSHD=   3.6000      tpr_c=   0.0000      change_adj_count=6      
2022-08-19 BST 22:20:41,586 - INFO -  epoch=   3      train_loss=  14.5829      val_loss=  13.0370      best=1      size=  58      nSHD_c=   3.5000      nSHD=   3.4667      tpr_c=   0.0172      change_adj_count=7      
2022-08-19 BST 22:20:41,804 - INFO -  epoch=   4      train_loss=  14.0000      val_loss=  12.4747      best=1      size=  57      nSHD_c=   3.5333      nSHD=   3.5000      tpr_c=   0.0175      change_adj_count=8      
2022-08-19 BST 22:20:42,087 - INFO -  epoch=   5      train_loss=  13.7022      val_loss=   9.9941      best=1      size=  59      nSHD_c=   3.5333      nSHD=   3.5000      tpr_c=   0.0339      change_adj_count=9      
2022-08-19 BST 22:20:42,344 - INFO -  epoch=   6      train_loss=  13.5155      val_loss=   9.5172      best=1      size=  59      nSHD_c=   3.5667      nSHD=   3.5667      tpr_c=   0.0339      change_adj_count=10      
2022-08-19 BST 22:20:42,613 - INFO -  epoch=   7      train_loss=  13.2297      val_loss=   8.2190      best=1      size=  58      nSHD_c=   3.4667      nSHD=   3.4667      tpr_c=   0.0517      change_adj_count=11      
2022-08-19 BST 22:21:01,639 - INFO -  epoch= 100      train_loss=  12.3635      val_loss=  79.7326      best=1      size=  60      nSHD_c=   2.7333      nSHD=   2.7000      tpr_c=   0.2667      change_adj_count=76      
2022-08-19 BST 22:21:21,137 - INFO -  epoch= 200      train_loss=  12.2024      val_loss=  76.0981      best=1      size=  60      nSHD_c=   2.7333      nSHD=   2.6333      tpr_c=   0.2500      change_adj_count=98      
2022-08-19 BST 22:21:41,300 - INFO -  epoch= 300      train_loss=  12.3205      val_loss=  70.5535      best=1      size=  61      nSHD_c=   2.7667      nSHD=   2.6667      tpr_c=   0.2459      change_adj_count=107      
2022-08-19 BST 22:22:02,989 - INFO -  epoch= 400      train_loss=  11.6937      val_loss=  61.2102      best=1      size=  60      nSHD_c=   2.7000      nSHD=   2.5667      tpr_c=   0.2500      change_adj_count=117      
2022-08-19 BST 22:22:23,581 - INFO -  epoch= 500      train_loss=  11.3923      val_loss=  60.2490      best=1      size=  61      nSHD_c=   2.7333      nSHD=   2.6000      tpr_c=   0.2459      change_adj_count=130      
2022-08-19 BST 22:22:44,773 - INFO -  epoch= 600      train_loss=  10.9704      val_loss=  53.1108      best=1      size=  61      nSHD_c=   2.7333      nSHD=   2.6000      tpr_c=   0.2459      change_adj_count=143      
2022-08-19 BST 22:23:05,762 - INFO -  epoch= 700      train_loss=  10.5841      val_loss=  44.7116      best=1      size=  60      nSHD_c=   2.7000      nSHD=   2.5667      tpr_c=   0.2500      change_adj_count=167      
2022-08-19 BST 22:23:25,432 - INFO -  epoch= 800      train_loss=  10.3900      val_loss=  42.7463      best=1      size=  60      nSHD_c=   2.7000      nSHD=   2.5667      tpr_c=   0.2500      change_adj_count=176      
2022-08-19 BST 22:23:46,219 - INFO -  epoch= 900      train_loss=  10.2615      val_loss=  34.8648      best=1      size=  59      nSHD_c=   2.6667      nSHD=   2.5333      tpr_c=   0.2542      change_adj_count=184      
2022-08-19 BST 22:24:06,798 - INFO -  epoch=1000      train_loss=   9.7407      val_loss=  31.1010      best=1      size=  59      nSHD_c=   2.6000      nSHD=   2.4667      tpr_c=   0.2712      change_adj_count=185      
2022-08-19 BST 22:24:06,800 - INFO - 

DAG 19: size_true=57	X.var()=24.8142
2022-08-19 BST 22:24:07,124 - INFO -  epoch=   1      train_loss=  22.4455      val_loss=  24.0366      best=1      size=  58      nSHD_c=   3.3667      nSHD=   3.3667      tpr_c=   0.0862      change_adj_count=5      
2022-08-19 BST 22:24:07,406 - INFO -  epoch=   2      train_loss=  20.0596      val_loss=  18.3783      best=1      size=  57      nSHD_c=   3.3333      nSHD=   3.3333      tpr_c=   0.0877      change_adj_count=6      
2022-08-19 BST 22:24:07,668 - INFO -  epoch=   3      train_loss=  18.8267      val_loss=  16.6345      best=1      size=  57      nSHD_c=   3.3000      nSHD=   3.3333      tpr_c=   0.1053      change_adj_count=7      
2022-08-19 BST 22:24:07,925 - INFO -  epoch=   4      train_loss=  18.2096      val_loss=  13.3700      best=1      size=  59      nSHD_c=   3.3000      nSHD=   3.3333      tpr_c=   0.1356      change_adj_count=8      
2022-08-19 BST 22:24:28,120 - INFO -  epoch= 100      train_loss=  16.7027      val_loss= 125.2331      best=1      size=  56      nSHD_c=   2.8333      nSHD=   2.7667      tpr_c=   0.2321      change_adj_count=69      
2022-08-19 BST 22:24:47,657 - INFO -  epoch= 200      train_loss=  16.4743      val_loss= 126.2967      best=1      size=  57      nSHD_c=   2.8667      nSHD=   2.8000      tpr_c=   0.2281      change_adj_count=97      
2022-08-19 BST 22:25:07,773 - INFO -  epoch= 300      train_loss=  15.8343      val_loss= 114.7076      best=1      size=  58      nSHD_c=   2.8000      nSHD=   2.7667      tpr_c=   0.2586      change_adj_count=104      
2022-08-19 BST 22:25:27,619 - INFO -  epoch= 400      train_loss=  15.5473      val_loss=  99.1585      best=1      size=  58      nSHD_c=   2.8000      nSHD=   2.7667      tpr_c=   0.2586      change_adj_count=105      
2022-08-19 BST 22:25:48,398 - INFO -  epoch= 500      train_loss=  15.3976      val_loss=  97.4256      best=1      size=  58      nSHD_c=   2.8000      nSHD=   2.7667      tpr_c=   0.2586      change_adj_count=109      
2022-08-19 BST 22:26:09,421 - INFO -  epoch= 600      train_loss=  15.1410      val_loss=  88.5956      best=1      size=  57      nSHD_c=   2.7667      nSHD=   2.7333      tpr_c=   0.2632      change_adj_count=112      
2022-08-19 BST 22:26:29,349 - INFO -  epoch= 700      train_loss=  14.6570      val_loss=  86.1620      best=1      size=  57      nSHD_c=   2.7667      nSHD=   2.7333      tpr_c=   0.2632      change_adj_count=112      
2022-08-19 BST 22:26:50,136 - INFO -  epoch= 800      train_loss=  14.2664      val_loss=  68.8438      best=1      size=  56      nSHD_c=   2.7333      nSHD=   2.7000      tpr_c=   0.2679      change_adj_count=115      
2022-08-19 BST 22:27:10,735 - INFO -  epoch= 900      train_loss=  13.8796      val_loss=  65.2471      best=1      size=  56      nSHD_c=   2.7333      nSHD=   2.7000      tpr_c=   0.2679      change_adj_count=115      
2022-08-19 BST 22:27:30,572 - INFO -  epoch=1000      train_loss=  13.5816      val_loss=  62.5561      best=1      size=  56      nSHD_c=   2.7333      nSHD=   2.7000      tpr_c=   0.2679      change_adj_count=117      
2022-08-19 BST 22:27:30,573 - INFO - 

DAG 20: size_true=59	X.var()=201.6824
2022-08-19 BST 22:27:30,812 - INFO -  epoch=   1      train_loss= 185.4369      val_loss= 131.8133      best=1      size=  54      nSHD_c=   3.4667      nSHD=   3.4333      tpr_c=   0.0370      change_adj_count=5      
2022-08-19 BST 22:27:31,093 - INFO -  epoch=   2      train_loss= 154.8017      val_loss=  99.2452      best=1      size=  56      nSHD_c=   3.6000      nSHD=   3.5667      tpr_c=   0.0179      change_adj_count=6      
2022-08-19 BST 22:27:49,799 - INFO -  epoch= 100      train_loss=  90.1902      val_loss=2527.5946      best=1      size=  59      nSHD_c=   3.6000      nSHD=   3.6000      tpr_c=   0.0847      change_adj_count=37      
2022-08-19 BST 22:28:10,437 - INFO -  epoch= 200      train_loss=  77.0953      val_loss=1817.4701      best=1      size=  60      nSHD_c=   3.5333      nSHD=   3.5000      tpr_c=   0.1000      change_adj_count=42      
2022-08-19 BST 22:28:30,976 - INFO -  epoch= 300      train_loss=  69.1132      val_loss=1238.6688      best=1      size=  56      nSHD_c=   3.4000      nSHD=   3.3667      tpr_c=   0.1071      change_adj_count=52      
2022-08-19 BST 22:28:51,884 - INFO -  epoch= 400      train_loss=  64.9011      val_loss= 794.1751      best=1      size=  55      nSHD_c=   3.3333      nSHD=   3.2667      tpr_c=   0.1091      change_adj_count=59      
2022-08-19 BST 22:29:12,543 - INFO -  epoch= 500      train_loss=  57.3254      val_loss= 586.8951      best=1      size=  54      nSHD_c=   3.3000      nSHD=   3.2333      tpr_c=   0.1111      change_adj_count=64      
2022-08-19 BST 22:29:31,592 - INFO -  epoch= 600      train_loss=  52.1194      val_loss= 464.2351      best=1      size=  53      nSHD_c=   3.2667      nSHD=   3.2000      tpr_c=   0.1132      change_adj_count=65      
2022-08-19 BST 22:29:52,530 - INFO -  epoch= 700      train_loss=  49.1471      val_loss= 348.6626      best=1      size=  52      nSHD_c=   3.2333      nSHD=   3.1667      tpr_c=   0.1154      change_adj_count=66      
2022-08-19 BST 22:30:13,372 - INFO -  epoch= 800      train_loss=  45.2075      val_loss= 247.5095      best=1      size=  51      nSHD_c=   3.2000      nSHD=   3.1333      tpr_c=   0.1176      change_adj_count=67      
2022-08-19 BST 22:30:34,145 - INFO -  epoch= 900      train_loss=  43.6831      val_loss= 192.4928      best=1      size=  51      nSHD_c=   3.2000      nSHD=   3.1333      tpr_c=   0.1176      change_adj_count=68      
2022-08-19 BST 22:30:53,866 - INFO -  epoch=1000      train_loss=  39.6660      val_loss= 170.3731      best=1      size=  51      nSHD_c=   3.2000      nSHD=   3.1333      tpr_c=   0.1176      change_adj_count=72      
2022-08-19 BST 22:30:53,868 - INFO - 

DAG 21: size_true=57	X.var()=21.1204
2022-08-19 BST 22:30:54,081 - INFO -  epoch=   1      train_loss=  19.1096      val_loss=  16.9468      best=1      size=  63      nSHD_c=   3.4000      nSHD=   3.4000      tpr_c=   0.0952      change_adj_count=5      
2022-08-19 BST 22:30:54,317 - INFO -  epoch=   2      train_loss=  17.1106      val_loss=  14.1509      best=1      size=  63      nSHD_c=   3.3333      nSHD=   3.3333      tpr_c=   0.1111      change_adj_count=6      
2022-08-19 BST 22:30:54,536 - INFO -  epoch=   3      train_loss=  15.8815      val_loss=  12.5720      best=1      size=  61      nSHD_c=   3.2000      nSHD=   3.2000      tpr_c=   0.1311      change_adj_count=7      
2022-08-19 BST 22:30:55,040 - INFO -  epoch=   5      train_loss=  14.9161      val_loss=  11.7010      best=1      size=  57      nSHD_c=   3.1333      nSHD=   3.1000      tpr_c=   0.1228      change_adj_count=9      
2022-08-19 BST 22:30:55,349 - INFO -  epoch=   6      train_loss=  14.9911      val_loss=  10.8706      best=1      size=  58      nSHD_c=   3.1000      nSHD=   3.0667      tpr_c=   0.1379      change_adj_count=10      
2022-08-19 BST 22:31:13,958 - INFO -  epoch= 100      train_loss=  13.9386      val_loss= 142.2942      best=1      size=  54      nSHD_c=   2.8667      nSHD=   2.8667      tpr_c=   0.2037      change_adj_count=79      
2022-08-19 BST 22:31:34,610 - INFO -  epoch= 200      train_loss=  13.5152      val_loss= 124.9453      best=1      size=  53      nSHD_c=   2.8667      nSHD=   2.8667      tpr_c=   0.1887      change_adj_count=93      
2022-08-19 BST 22:31:54,933 - INFO -  epoch= 300      train_loss=  13.3072      val_loss= 122.6569      best=1      size=  53      nSHD_c=   2.8333      nSHD=   2.8000      tpr_c=   0.1887      change_adj_count=122      
2022-08-19 BST 22:32:15,718 - INFO -  epoch= 400      train_loss=  12.9248      val_loss=  97.4181      best=1      size=  53      nSHD_c=   2.8333      nSHD=   2.8000      tpr_c=   0.1887      change_adj_count=151      
2022-08-19 BST 22:32:36,628 - INFO -  epoch= 500      train_loss=  12.8789      val_loss=  91.2449      best=1      size=  53      nSHD_c=   2.8333      nSHD=   2.8000      tpr_c=   0.1887      change_adj_count=160      
2022-08-19 BST 22:32:57,067 - INFO -  epoch= 600      train_loss=  12.4488      val_loss=  77.7330      best=1      size=  53      nSHD_c=   2.8333      nSHD=   2.8000      tpr_c=   0.1887      change_adj_count=163      
2022-08-19 BST 22:33:17,659 - INFO -  epoch= 700      train_loss=  12.1536      val_loss=  75.5249      best=1      size=  53      nSHD_c=   2.8667      nSHD=   2.8667      tpr_c=   0.1887      change_adj_count=166      
2022-08-19 BST 22:33:38,491 - INFO -  epoch= 800      train_loss=  11.8952      val_loss=  70.3399      best=1      size=  53      nSHD_c=   2.8667      nSHD=   2.8667      tpr_c=   0.1887      change_adj_count=172      
2022-08-19 BST 22:33:58,848 - INFO -  epoch= 900      train_loss=  11.5790      val_loss=  62.3523      best=1      size=  53      nSHD_c=   2.8333      nSHD=   2.8000      tpr_c=   0.1887      change_adj_count=179      
2022-08-19 BST 22:34:19,388 - INFO -  epoch=1000      train_loss=  11.3202      val_loss=  55.9181      best=1      size=  53      nSHD_c=   2.8333      nSHD=   2.8000      tpr_c=   0.1887      change_adj_count=181      
2022-08-19 BST 22:34:19,391 - INFO - 

DAG 22: size_true=60	X.var()=129.8499
2022-08-19 BST 22:34:19,619 - INFO -  epoch=   1      train_loss= 118.0445      val_loss= 108.9544      best=1      size=  58      nSHD_c=   3.6000      nSHD=   3.6000      tpr_c=   0.0690      change_adj_count=5      
2022-08-19 BST 22:34:19,855 - INFO -  epoch=   2      train_loss= 105.7347      val_loss=  51.9606      best=1      size=  52      nSHD_c=   3.3667      nSHD=   3.3333      tpr_c=   0.0577      change_adj_count=6      
2022-08-19 BST 22:34:39,523 - INFO -  epoch= 100      train_loss=  62.7493      val_loss=1724.3083      best=1      size=  58      nSHD_c=   3.0333      nSHD=   3.0333      tpr_c=   0.2241      change_adj_count=44      
2022-08-19 BST 22:34:59,720 - INFO -  epoch= 200      train_loss=  58.0159      val_loss=1231.9926      best=1      size=  57      nSHD_c=   3.0000      nSHD=   3.0000      tpr_c=   0.2281      change_adj_count=51      
2022-08-19 BST 22:35:19,959 - INFO -  epoch= 300      train_loss=  51.3482      val_loss= 980.8259      best=1      size=  58      nSHD_c=   3.0333      nSHD=   3.0333      tpr_c=   0.2241      change_adj_count=66      
2022-08-19 BST 22:35:40,108 - INFO -  epoch= 400      train_loss=  45.8701      val_loss= 650.5039      best=1      size=  58      nSHD_c=   3.0333      nSHD=   3.0333      tpr_c=   0.2241      change_adj_count=80      
2022-08-19 BST 22:36:00,203 - INFO -  epoch= 500      train_loss=  43.9605      val_loss= 503.1302      best=1      size=  58      nSHD_c=   3.0000      nSHD=   2.9667      tpr_c=   0.2241      change_adj_count=88      
2022-08-19 BST 22:36:20,304 - INFO -  epoch= 600      train_loss=  38.0122      val_loss= 421.1009      best=1      size=  57      nSHD_c=   2.9667      nSHD=   2.9333      tpr_c=   0.2281      change_adj_count=90      
2022-08-19 BST 22:36:41,257 - INFO -  epoch= 700      train_loss=  37.5347      val_loss= 288.9511      best=1      size=  58      nSHD_c=   3.0000      nSHD=   2.9667      tpr_c=   0.2241      change_adj_count=91      
2022-08-19 BST 22:37:02,645 - INFO -  epoch= 800      train_loss=  33.2464      val_loss= 240.4135      best=1      size=  58      nSHD_c=   2.9667      nSHD=   2.9333      tpr_c=   0.2241      change_adj_count=97      
2022-08-19 BST 22:37:22,630 - INFO -  epoch= 900      train_loss=  33.0694      val_loss= 190.2862      best=1      size=  58      nSHD_c=   2.9333      nSHD=   2.8667      tpr_c=   0.2241      change_adj_count=100      
2022-08-19 BST 22:37:43,251 - INFO -  epoch=1000      train_loss=  32.1896      val_loss= 166.4574      best=1      size=  57      nSHD_c=   2.9667      nSHD=   2.9000      tpr_c=   0.2105      change_adj_count=102      
2022-08-19 BST 22:37:43,254 - INFO - 

DAG 23: size_true=49	X.var()=14.1269
2022-08-19 BST 22:37:43,509 - INFO -  epoch=   1      train_loss=  13.3250      val_loss=  13.7540      best=1      size=  59      nSHD_c=   3.4333      nSHD=   3.4000      tpr_c=   0.0169      change_adj_count=5      
2022-08-19 BST 22:37:43,971 - INFO -  epoch=   3      train_loss=  12.0576      val_loss=  13.3238      best=1      size=  61      nSHD_c=   3.5000      nSHD=   3.4667      tpr_c=   0.0164      change_adj_count=6      
2022-08-19 BST 22:37:44,244 - INFO -  epoch=   4      train_loss=  11.7445      val_loss=  11.5215      best=1      size=  59      nSHD_c=   3.4333      nSHD=   3.4000      tpr_c=   0.0169      change_adj_count=7      
2022-08-19 BST 22:37:44,495 - INFO -  epoch=   5      train_loss=  11.6208      val_loss=  11.1261      best=1      size=  58      nSHD_c=   3.4000      nSHD=   3.3667      tpr_c=   0.0172      change_adj_count=8      
2022-08-19 BST 22:37:44,756 - INFO -  epoch=   6      train_loss=  11.4560      val_loss=  13.1859      best=1      size=  59      nSHD_c=   3.4333      nSHD=   3.4000      tpr_c=   0.0169      change_adj_count=9      
2022-08-19 BST 22:37:44,996 - INFO -  epoch=   7      train_loss=  11.4926      val_loss=   9.7002      best=1      size=  56      nSHD_c=   3.2000      nSHD=   3.1667      tpr_c=   0.0536      change_adj_count=10      
2022-08-19 BST 22:38:04,750 - INFO -  epoch= 100      train_loss=  10.3784      val_loss=  60.1767      best=1      size=  51      nSHD_c=   1.9667      nSHD=   1.9333      tpr_c=   0.3922      change_adj_count=88      
2022-08-19 BST 22:38:24,224 - INFO -  epoch= 200      train_loss=  10.4188      val_loss=  50.5864      best=1      size=  53      nSHD_c=   1.9667      nSHD=   1.9333      tpr_c=   0.3962      change_adj_count=116      
2022-08-19 BST 22:38:45,433 - INFO -  epoch= 300      train_loss=  10.2863      val_loss=  47.2500      best=1      size=  54      nSHD_c=   1.9667      nSHD=   1.9000      tpr_c=   0.3889      change_adj_count=131      
2022-08-19 BST 22:39:05,271 - INFO -  epoch= 400      train_loss=  10.1181      val_loss=  48.1393      best=1      size=  54      nSHD_c=   1.9667      nSHD=   1.9000      tpr_c=   0.3889      change_adj_count=158      
2022-08-19 BST 22:39:25,297 - INFO -  epoch= 500      train_loss=   9.7285      val_loss=  42.7575      best=1      size=  54      nSHD_c=   1.9667      nSHD=   1.8667      tpr_c=   0.3704      change_adj_count=179      
2022-08-19 BST 22:39:45,937 - INFO -  epoch= 600      train_loss=   9.4569      val_loss=  39.1306      best=1      size=  54      nSHD_c=   1.9333      nSHD=   1.8000      tpr_c=   0.3704      change_adj_count=189      
2022-08-19 BST 22:40:06,173 - INFO -  epoch= 700      train_loss=   8.9317      val_loss=  35.7871      best=1      size=  55      nSHD_c=   1.9000      nSHD=   1.7667      tpr_c=   0.3818      change_adj_count=205      
2022-08-19 BST 22:40:26,047 - INFO -  epoch= 800      train_loss=   8.9228      val_loss=  33.6147      best=1      size=  55      nSHD_c=   1.9000      nSHD=   1.7667      tpr_c=   0.3818      change_adj_count=219      
2022-08-19 BST 22:40:45,701 - INFO -  epoch= 900      train_loss=   8.5022      val_loss=  30.1831      best=1      size=  54      nSHD_c=   1.9000      nSHD=   1.7667      tpr_c=   0.3889      change_adj_count=231      
2022-08-19 BST 22:41:07,211 - INFO -  epoch=1000      train_loss=   8.3415      val_loss=  25.5059      best=1      size=  54      nSHD_c=   1.9000      nSHD=   1.7667      tpr_c=   0.3889      change_adj_count=237      
2022-08-19 BST 22:41:07,212 - INFO - 
last_mean_nshd_c=2.7153
2022-08-19 BST 22:41:07,212 - INFO - 
Time taken 1:22:03 (h:mm:ss)
2022-08-19 BST 22:41:07,212 - INFO - 
End of log for run 2022-08-19_BST_21:19:03,987_l_66_4hps_129
