2022-08-18 BST 10:04:47,701 - INFO - 
Log for run 2022-08-18_BST_10:04:47,585_l_66none_4hps_301

2022-08-18 BST 10:04:47,701 - INFO - COMMENT = ''
2022-08-18 BST 10:04:47,701 - INFO - DATA_FOLDER = '../data'
2022-08-18 BST 10:04:47,701 - INFO - LATENTS_FOLDER = '../latents'
2022-08-18 BST 10:04:47,702 - INFO - LOGS_FOLDER = '../logs'
2022-08-18 BST 10:04:47,702 - INFO - MODEL_FOLDER = '../models'
2022-08-18 BST 10:04:47,702 - INFO - RESULTS_FOLDER = '../results'
2022-08-18 BST 10:04:47,702 - INFO - DEVICE = torch.device("cuda" if torch.cuda.is_available() else "cpu")  # Used: "cuda"
2022-08-18 BST 10:04:47,702 - INFO - LATENTS = False
2022-08-18 BST 10:04:47,702 - INFO - MATRIX_REPORT = False
2022-08-18 BST 10:04:47,702 - INFO - LABEL = True
2022-08-18 BST 10:04:47,702 - INFO - SAVE_TO_ODS = False
2022-08-18 BST 10:04:47,702 - INFO - VAL_LOSS_FROM_DAG = True
2022-08-18 BST 10:04:47,702 - INFO - WANDB = False
2022-08-18 BST 10:04:47,702 - INFO - WANDB_PROJECT = 'Thetas'
2022-08-18 BST 10:04:47,702 - INFO - GRAD_LOG = False
2022-08-18 BST 10:04:47,702 - INFO - N_TRIALS = 1
2022-08-18 BST 10:04:47,702 - INFO - OPTUNA_STRINGS = {'None': None, 'True': True, 'False': False}
2022-08-18 BST 10:04:47,702 - INFO - TQDM = False
2022-08-18 BST 10:04:47,702 - INFO - 
hyperparameters = {
2022-08-18 BST 10:04:47,703 - INFO - 	'GRAPH_TYPE': 'ER2',
2022-08-18 BST 10:04:47,703 - INFO - 	'D': 30,
2022-08-18 BST 10:04:47,703 - INFO - 	'MAX_SIZE': None,
2022-08-18 BST 10:04:47,703 - INFO - 	'SEM_NOISE': 'gaussian_ev',
2022-08-18 BST 10:04:47,703 - INFO - 	'N': 1200,
2022-08-18 BST 10:04:47,703 - INFO - 	'VAL': 0.16666666666666666,
2022-08-18 BST 10:04:47,703 - INFO - 	'N_EPOCHS': 1000,
2022-08-18 BST 10:04:47,703 - INFO - 	'BATCH_SIZE': 32,
2022-08-18 BST 10:04:47,703 - INFO - 	'LOG2_BATCH_SIZE': None,
2022-08-18 BST 10:04:47,703 - INFO - 	'BATCH_SHUFFLE': True,
2022-08-18 BST 10:04:47,703 - INFO - 	'N_SAMPLES': 10,
2022-08-18 BST 10:04:47,703 - INFO - 	'MODE': 'max_dag_test_only',
2022-08-18 BST 10:04:47,703 - INFO - 	'AFAS_SCHEDULER': None,
2022-08-18 BST 10:04:47,703 - INFO - 	'MINIZINC_SOLVER': None,
2022-08-18 BST 10:04:47,703 - INFO - 	'f_LINEAR_LAYERS': (),
2022-08-18 BST 10:04:47,703 - INFO - 	'f_BIAS': False,
2022-08-18 BST 10:04:47,704 - INFO - 	'p_LAYER': None,
2022-08-18 BST 10:04:47,704 - INFO - 	'STREAMLINE': False,
2022-08-18 BST 10:04:47,704 - INFO - 	'THRESHOLD': 0.0,
2022-08-18 BST 10:04:47,704 - INFO - 	'h_LINEAR_LAYERS': (),
2022-08-18 BST 10:04:47,704 - INFO - 	'h_NULL': 0,
2022-08-18 BST 10:04:47,704 - INFO - 	'h_LR': 0.0001,
2022-08-18 BST 10:04:47,704 - INFO - 	'h_OPTIMIZER': 'torch.optim.Adam(overall_net.h_net.parameters(), lr=h.h_LR)',
2022-08-18 BST 10:04:47,704 - INFO - 	'f_LR': 0.0117744218586073,
2022-08-18 BST 10:04:47,704 - INFO - 	'f_OPTIMIZER': 'torch.optim.Adam(overall_net.f_net.parameters(), lr=h.f_LR)',
2022-08-18 BST 10:04:47,704 - INFO - 	'NOISE_TEMPERATURE': 10,
2022-08-18 BST 10:04:47,704 - INFO - 	'NOISE_DISTRIBUTION': 'LogisticNoiseDistribution()',
2022-08-18 BST 10:04:47,704 - INFO - 	'LAMBDA': 100,
2022-08-18 BST 10:04:47,704 - INFO - 	'LOSS_FN': 'torch.nn.MSELoss()',
2022-08-18 BST 10:04:47,704 - INFO - 	'REGULARIZER': None,
2022-08-18 BST 10:04:47,704 - INFO - 	'z_RHO': 0,
2022-08-18 BST 10:04:47,704 - INFO - 	'z_MU': 0,
2022-08-18 BST 10:04:47,704 - INFO - 	'z_REGULARIZER': 'NoTearsZRegularizer(h.D, h.z_RHO, h.z_MU, c.DEVICE)',
2022-08-18 BST 10:04:47,705 - INFO - 	'LR_SCHEDULER': None,
2022-08-18 BST 10:04:47,705 - INFO - 	'DATA_CATEGORY': 'test',
2022-08-18 BST 10:04:47,705 - INFO - 	'DAGS': '030_ER2_gaussian_ev_2022-08-12_BST_09:55:21,293_create_dags'
2022-08-18 BST 10:04:47,705 - INFO - }

2022-08-18 BST 10:04:48,786 - INFO - 

DAG 0: size_true=69	X.var()=185.8479
2022-08-18 BST 10:04:52,362 - INFO -  epoch=   1      train_loss= 105.0299      val_loss=  46.9284      best=1      size= 297      nSHD_c=   8.4333      nSHD=   8.3333      tpr_c=   0.1616      change_adj_count=5      
2022-08-18 BST 10:05:17,949 - INFO -  epoch= 100      train_loss=  22.0285      val_loss=  24.4834      best=1      size= 363      nSHD_c=  10.3000      nSHD=  10.1667      tpr_c=   0.1488      change_adj_count=104      
2022-08-18 BST 10:05:42,408 - INFO -  epoch= 200      train_loss=  22.3681      val_loss=  24.1857      best=1      size= 357      nSHD_c=  10.1000      nSHD=  10.0000      tpr_c=   0.1513      change_adj_count=202      
2022-08-18 BST 10:06:14,495 - INFO -  epoch= 300      train_loss=  21.7602      val_loss=  24.6930      best=1      size= 358      nSHD_c=  10.1333      nSHD=  10.0333      tpr_c=   0.1508      change_adj_count=294      
2022-08-18 BST 10:06:41,840 - INFO -  epoch= 400      train_loss=  21.7486      val_loss=  26.8412      best=1      size= 353      nSHD_c=   9.9667      nSHD=   9.8667      tpr_c=   0.1530      change_adj_count=365      
2022-08-18 BST 10:07:03,984 - INFO -  epoch= 500      train_loss=  20.9164      val_loss=  24.7617      best=1      size= 351      nSHD_c=   9.9000      nSHD=   9.8000      tpr_c=   0.1538      change_adj_count=427      
2022-08-18 BST 10:07:33,363 - INFO -  epoch= 600      train_loss=  20.4916      val_loss=  27.0810      best=1      size= 349      nSHD_c=   9.8333      nSHD=   9.7333      tpr_c=   0.1547      change_adj_count=474      
2022-08-18 BST 10:08:01,059 - INFO -  epoch= 700      train_loss=  21.1889      val_loss=  23.9425      best=1      size= 346      nSHD_c=   9.7667      nSHD=   9.6333      tpr_c=   0.1532      change_adj_count=522      
2022-08-18 BST 10:08:23,824 - INFO -  epoch= 800      train_loss=  20.5371      val_loss=  21.4143      best=1      size= 346      nSHD_c=   9.7667      nSHD=   9.6333      tpr_c=   0.1532      change_adj_count=559      
2022-08-18 BST 10:08:55,480 - INFO -  epoch= 900      train_loss=  19.6093      val_loss=  22.1465      best=1      size= 346      nSHD_c=   9.7667      nSHD=   9.6333      tpr_c=   0.1532      change_adj_count=615      
2022-08-18 BST 10:09:17,766 - INFO -  epoch=1000      train_loss=  20.4575      val_loss=  23.5624      best=1      size= 345      nSHD_c=   9.7333      nSHD=   9.6000      tpr_c=   0.1536      change_adj_count=654      
2022-08-18 BST 10:09:17,767 - INFO - Before params
2022-08-18 BST 10:09:17,767 - INFO - After params={'MAX_SIZE': [None], 'LAMBDA': [100], 'NOISE_TEMPERATURE': [10], 'h_NULL': [0], 'h_LR': [0.0001], 'z_RHO': [0], 'z_MU': [0]}
2022-08-18 BST 10:09:17,767 - INFO - After metrics={'train_loss': [20.45745074364447], 'val_loss': [23.562376340230305], 'size': [345], 'nshd_c': [9.733333333333333], 'nshd': [9.6], 'tpr': [0.8260869565217391], 'tpr_c': [0.1536231884057971], 'change_adj_count': [654]}
2022-08-18 BST 10:09:17,792 - INFO - After to_save=  MAX_SIZE  LAMBDA  NOISE_TEMPERATURE  ...       tpr     tpr_c  change_adj_count
0     None     100                 10  ...  0.826087  0.153623               654

[1 rows x 16 columns]
2022-08-18 BST 10:09:17,792 - INFO - After file_path='../results/l_66none_4hps.csv'
2022-08-18 BST 10:09:17,798 - INFO - Last epoch results saved in l_66none_4hps.csv
2022-08-18 BST 10:09:17,799 - INFO - 

DAG 1: size_true=67	X.var()=127.1156
2022-08-18 BST 10:09:18,167 - INFO -  epoch=   1      train_loss=  68.8815      val_loss=  16.1852      best=1      size= 254      nSHD_c=   7.7000      nSHD=   7.6333      tpr_c=   0.1417      change_adj_count=5      
2022-08-18 BST 10:09:43,539 - INFO -  epoch= 100      train_loss=  12.6260      val_loss=  56.2212      best=1      size= 362      nSHD_c=  10.1667      nSHD=  10.0000      tpr_c=   0.1630      change_adj_count=104      
2022-08-18 BST 10:10:04,477 - INFO -  epoch= 200      train_loss=  12.5272      val_loss=  43.8198      best=1      size= 359      nSHD_c=  10.0000      nSHD=   9.8667      tpr_c=   0.1671      change_adj_count=193      
2022-08-18 BST 10:10:36,177 - INFO -  epoch= 300      train_loss=  12.2842      val_loss=  39.0015      best=1      size= 357      nSHD_c=   9.9000      nSHD=   9.7667      tpr_c=   0.1709      change_adj_count=272      
2022-08-18 BST 10:10:54,165 - INFO -  epoch= 400      train_loss=  12.5251      val_loss=  43.4385      best=1      size= 352      nSHD_c=   9.7667      nSHD=   9.6333      tpr_c=   0.1705      change_adj_count=354      
2022-08-18 BST 10:11:25,807 - INFO -  epoch= 500      train_loss=  12.3699      val_loss=  36.1316      best=1      size= 354      nSHD_c=   9.8333      nSHD=   9.7000      tpr_c=   0.1695      change_adj_count=425      
2022-08-18 BST 10:11:48,018 - INFO -  epoch= 600      train_loss=  12.4468      val_loss=  35.8982      best=1      size= 354      nSHD_c=   9.8333      nSHD=   9.7000      tpr_c=   0.1695      change_adj_count=479      
2022-08-18 BST 10:12:16,499 - INFO -  epoch= 700      train_loss=  11.5991      val_loss=  35.3601      best=1      size= 354      nSHD_c=   9.8333      nSHD=   9.7000      tpr_c=   0.1695      change_adj_count=524      
2022-08-18 BST 10:12:39,917 - INFO -  epoch= 800      train_loss=  11.7607      val_loss=  31.4660      best=1      size= 352      nSHD_c=   9.7667      nSHD=   9.6333      tpr_c=   0.1705      change_adj_count=568      
2022-08-18 BST 10:13:11,641 - INFO -  epoch= 900      train_loss=  12.1989      val_loss=  33.4513      best=1      size= 350      nSHD_c=   9.7000      nSHD=   9.5667      tpr_c=   0.1714      change_adj_count=614      
2022-08-18 BST 10:13:35,209 - INFO -  epoch=1000      train_loss=  12.6285      val_loss=  35.2290      best=1      size= 353      nSHD_c=   9.8000      nSHD=   9.6667      tpr_c=   0.1700      change_adj_count=671      
2022-08-18 BST 10:13:35,210 - INFO - Before params
2022-08-18 BST 10:13:35,211 - INFO - After params={'MAX_SIZE': [None], 'LAMBDA': [100], 'NOISE_TEMPERATURE': [10], 'h_NULL': [0], 'h_LR': [0.0001], 'z_RHO': [0], 'z_MU': [0]}
2022-08-18 BST 10:13:35,211 - INFO - After metrics={'train_loss': [12.628470466982934], 'val_loss': [35.228970209757485], 'size': [353], 'nshd_c': [9.8], 'nshd': [9.666666666666666], 'tpr': [0.9552238805970149], 'tpr_c': [0.16997167138810199], 'change_adj_count': [671]}
2022-08-18 BST 10:13:35,247 - INFO - After to_save=  MAX_SIZE  LAMBDA  NOISE_TEMPERATURE  ...       tpr     tpr_c  change_adj_count
0     None     100                 10  ...  0.955224  0.169972               671

[1 rows x 16 columns]
2022-08-18 BST 10:13:35,247 - INFO - After file_path='../results/l_66none_4hps.csv'
2022-08-18 BST 10:13:35,259 - INFO - Last epoch results saved in l_66none_4hps.csv
2022-08-18 BST 10:13:35,260 - INFO - 

DAG 2: size_true=64	X.var()=25.7432
2022-08-18 BST 10:13:35,557 - INFO -  epoch=   1      train_loss=  16.5602      val_loss=   8.9455      best=1      size= 253      nSHD_c=   6.9333      nSHD=   6.8667      tpr_c=   0.1897      change_adj_count=5      
2022-08-18 BST 10:13:35,933 - INFO -  epoch=   2      train_loss=   9.2225      val_loss=   6.5654      best=1      size= 284      nSHD_c=   8.0000      nSHD=   7.9000      tpr_c=   0.1690      change_adj_count=6      
2022-08-18 BST 10:13:56,913 - INFO -  epoch= 100      train_loss=   6.4217      val_loss=   6.8071      best=1      size= 327      nSHD_c=   9.0667      nSHD=   8.9333      tpr_c=   0.1713      change_adj_count=104      
2022-08-18 BST 10:14:31,418 - INFO -  epoch= 200      train_loss=   6.1947      val_loss=   6.5024      best=1      size= 328      nSHD_c=   9.1333      nSHD=   9.0000      tpr_c=   0.1677      change_adj_count=197      
2022-08-18 BST 10:14:55,248 - INFO -  epoch= 300      train_loss=   6.1895      val_loss=   6.5376      best=1      size= 321      nSHD_c=   8.9333      nSHD=   8.7667      tpr_c=   0.1682      change_adj_count=284      
2022-08-18 BST 10:15:20,231 - INFO -  epoch= 400      train_loss=   6.2394      val_loss=   6.5419      best=1      size= 319      nSHD_c=   8.8667      nSHD=   8.7000      tpr_c=   0.1693      change_adj_count=360      
2022-08-18 BST 10:15:39,165 - INFO -  epoch= 500      train_loss=   5.9944      val_loss=   6.0773      best=1      size= 315      nSHD_c=   8.7333      nSHD=   8.5667      tpr_c=   0.1714      change_adj_count=420      
2022-08-18 BST 10:16:10,422 - INFO -  epoch= 600      train_loss=   5.9991      val_loss=   5.8144      best=1      size= 315      nSHD_c=   8.7333      nSHD=   8.5667      tpr_c=   0.1714      change_adj_count=477      
2022-08-18 BST 10:16:29,490 - INFO -  epoch= 700      train_loss=   5.8916      val_loss=   5.5767      best=1      size= 316      nSHD_c=   8.7333      nSHD=   8.5667      tpr_c=   0.1741      change_adj_count=523      
2022-08-18 BST 10:17:00,949 - INFO -  epoch= 800      train_loss=   5.6815      val_loss=   5.6046      best=1      size= 316      nSHD_c=   8.7333      nSHD=   8.5667      tpr_c=   0.1741      change_adj_count=569      
2022-08-18 BST 10:17:23,011 - INFO -  epoch= 900      train_loss=   5.9122      val_loss=   5.5179      best=1      size= 313      nSHD_c=   8.6333      nSHD=   8.4667      tpr_c=   0.1757      change_adj_count=638      
2022-08-18 BST 10:17:49,379 - INFO -  epoch=1000      train_loss=   5.8153      val_loss=   5.8728      best=1      size= 313      nSHD_c=   8.6333      nSHD=   8.4667      tpr_c=   0.1757      change_adj_count=680      
2022-08-18 BST 10:17:49,392 - INFO - Before params
2022-08-18 BST 10:17:49,392 - INFO - After params={'MAX_SIZE': [None], 'LAMBDA': [100], 'NOISE_TEMPERATURE': [10], 'h_NULL': [0], 'h_LR': [0.0001], 'z_RHO': [0], 'z_MU': [0]}
2022-08-18 BST 10:17:49,393 - INFO - After metrics={'train_loss': [5.815325460126323], 'val_loss': [5.872801780700684], 'size': [313], 'nshd_c': [8.633333333333333], 'nshd': [8.466666666666667], 'tpr': [0.9375], 'tpr_c': [0.1757188498402556], 'change_adj_count': [680]}
2022-08-18 BST 10:17:49,424 - INFO - After to_save=  MAX_SIZE  LAMBDA  NOISE_TEMPERATURE  ...     tpr     tpr_c  change_adj_count
0     None     100                 10  ...  0.9375  0.175719               680

[1 rows x 16 columns]
2022-08-18 BST 10:17:49,425 - INFO - After file_path='../results/l_66none_4hps.csv'
2022-08-18 BST 10:17:49,427 - INFO - Last epoch results saved in l_66none_4hps.csv
2022-08-18 BST 10:17:49,428 - INFO - 

DAG 3: size_true=63	X.var()=265.9248
2022-08-18 BST 10:17:49,726 - INFO -  epoch=   1      train_loss= 101.6994      val_loss=  81.5186      best=1      size= 282      nSHD_c=   8.3000      nSHD=   8.3000      tpr_c=   0.1454      change_adj_count=5      
2022-08-18 BST 10:17:50,112 - INFO -  epoch=   2      train_loss=  33.9714      val_loss= 119.1936      best=1      size= 308      nSHD_c=   8.7333      nSHD=   8.7333      tpr_c=   0.1623      change_adj_count=6      
2022-08-18 BST 10:17:50,463 - INFO -  epoch=   3      train_loss=  30.4752      val_loss=  90.4979      best=1      size= 327      nSHD_c=   9.2333      nSHD=   9.2000      tpr_c=   0.1590      change_adj_count=7      
2022-08-18 BST 10:17:57,062 - INFO -  epoch=  33      train_loss=  24.6766      val_loss=  78.8568      best=1      size= 370      nSHD_c=  10.4667      nSHD=  10.4000      tpr_c=   0.1514      change_adj_count=37      
2022-08-18 BST 10:18:11,784 - INFO -  epoch= 100      train_loss=  25.3190      val_loss=  54.1107      best=1      size= 361      nSHD_c=  10.3667      nSHD=  10.3333      tpr_c=   0.1413      change_adj_count=103      
2022-08-18 BST 10:18:43,512 - INFO -  epoch= 200      train_loss=  24.2424      val_loss=  39.4355      best=1      size= 361      nSHD_c=  10.4333      nSHD=  10.4000      tpr_c=   0.1357      change_adj_count=188      
2022-08-18 BST 10:19:06,865 - INFO -  epoch= 299      train_loss=  23.5507      val_loss=  39.2095      best=1      size= 355      nSHD_c=  10.2333      nSHD=  10.2000      tpr_c=   0.1380      change_adj_count=258      
2022-08-18 BST 10:19:07,252 - INFO -  epoch= 300      train_loss=  24.9179      val_loss=  46.4446      best=1      size= 354      nSHD_c=  10.1667      nSHD=  10.1333      tpr_c=   0.1412      change_adj_count=259      
2022-08-18 BST 10:19:10,292 - INFO -  epoch= 315      train_loss=  24.5741      val_loss=  35.1423      best=1      size= 357      nSHD_c=  10.3000      nSHD=  10.2667      tpr_c=   0.1373      change_adj_count=264      
2022-08-18 BST 10:19:11,147 - INFO -  epoch= 318      train_loss=  24.5648      val_loss=  41.4018      best=1      size= 356      nSHD_c=  10.2667      nSHD=  10.2333      tpr_c=   0.1376      change_adj_count=266      
2022-08-18 BST 10:19:21,757 - INFO -  epoch= 365      train_loss=  24.3845      val_loss=  38.2149      best=1      size= 354      nSHD_c=  10.2333      nSHD=  10.2000      tpr_c=   0.1356      change_adj_count=301      
2022-08-18 BST 10:19:31,051 - INFO -  epoch= 399      train_loss=  23.8885      val_loss=  39.1734      best=1      size= 356      nSHD_c=  10.3333      nSHD=  10.2667      tpr_c=   0.1320      change_adj_count=322      
2022-08-18 BST 10:19:31,445 - INFO -  epoch= 400      train_loss=  23.5233      val_loss=  43.9461      best=1      size= 357      nSHD_c=  10.3000      nSHD=  10.2333      tpr_c=   0.1345      change_adj_count=323      
2022-08-18 BST 10:20:03,110 - INFO -  epoch= 500      train_loss=  23.8228      val_loss=  34.3656      best=1      size= 355      nSHD_c=  10.2333      nSHD=  10.1667      tpr_c=   0.1352      change_adj_count=396      
2022-08-18 BST 10:20:22,360 - INFO -  epoch= 577      train_loss=  23.8001      val_loss=  38.7157      best=1      size= 355      nSHD_c=  10.2333      nSHD=  10.1667      tpr_c=   0.1352      change_adj_count=447      
2022-08-18 BST 10:20:30,319 - INFO -  epoch= 600      train_loss=  24.2236      val_loss=  44.5739      best=1      size= 356      nSHD_c=  10.2667      nSHD=  10.2000      tpr_c=   0.1348      change_adj_count=457      
2022-08-18 BST 10:20:36,570 - INFO -  epoch= 621      train_loss=  23.2510      val_loss=  37.3701      best=1      size= 355      nSHD_c=  10.2000      nSHD=  10.1333      tpr_c=   0.1380      change_adj_count=473      
2022-08-18 BST 10:20:50,892 - INFO -  epoch= 696      train_loss=  23.2006      val_loss=  37.5990      best=1      size= 357      nSHD_c=  10.3333      nSHD=  10.2667      tpr_c=   0.1317      change_adj_count=505      
2022-08-18 BST 10:20:51,883 - INFO -  epoch= 700      train_loss=  23.4520      val_loss=  35.4402      best=1      size= 357      nSHD_c=  10.3333      nSHD=  10.2667      tpr_c=   0.1317      change_adj_count=507      
2022-08-18 BST 10:21:17,322 - INFO -  epoch= 800      train_loss=  23.2414      val_loss=  38.4653      best=1      size= 356      nSHD_c=  10.3000      nSHD=  10.2333      tpr_c=   0.1320      change_adj_count=544      
2022-08-18 BST 10:21:36,822 - INFO -  epoch= 857      train_loss=  22.9532      val_loss=  42.9057      best=1      size= 354      nSHD_c=  10.2333      nSHD=  10.1667      tpr_c=   0.1328      change_adj_count=569      
2022-08-18 BST 10:21:44,860 - INFO -  epoch= 900      train_loss=  22.6743      val_loss=  37.2149      best=1      size= 354      nSHD_c=  10.2333      nSHD=  10.1667      tpr_c=   0.1328      change_adj_count=593      
2022-08-18 BST 10:21:48,709 - INFO -  epoch= 921      train_loss=  23.1801      val_loss=  38.3204      best=1      size= 353      nSHD_c=  10.2000      nSHD=  10.1333      tpr_c=   0.1331      change_adj_count=604      
2022-08-18 BST 10:22:03,787 - INFO -  epoch=1000      train_loss=  22.3221      val_loss=  44.8458      best=1      size= 351      nSHD_c=  10.1333      nSHD=  10.0667      tpr_c=   0.1339      change_adj_count=632      
2022-08-18 BST 10:22:03,791 - INFO - Before params
2022-08-18 BST 10:22:03,791 - INFO - After params={'MAX_SIZE': [None], 'LAMBDA': [100], 'NOISE_TEMPERATURE': [10], 'h_NULL': [0], 'h_LR': [0.0001], 'z_RHO': [0], 'z_MU': [0]}
2022-08-18 BST 10:22:03,791 - INFO - After metrics={'train_loss': [22.32208098134687], 'val_loss': [44.845771153767906], 'size': [351], 'nshd_c': [10.133333333333333], 'nshd': [10.066666666666666], 'tpr': [0.7777777777777778], 'tpr_c': [0.1339031339031339], 'change_adj_count': [632]}
2022-08-18 BST 10:22:03,813 - INFO - After to_save=  MAX_SIZE  LAMBDA  NOISE_TEMPERATURE  ...       tpr     tpr_c  change_adj_count
0     None     100                 10  ...  0.777778  0.133903               632

[1 rows x 16 columns]
2022-08-18 BST 10:22:03,813 - INFO - After file_path='../results/l_66none_4hps.csv'
2022-08-18 BST 10:22:03,832 - INFO - Last epoch results saved in l_66none_4hps.csv
2022-08-18 BST 10:22:03,833 - INFO - 

DAG 4: size_true=48	X.var()=47.3993
2022-08-18 BST 10:22:04,127 - INFO -  epoch=   1      train_loss=  27.3156      val_loss=   8.7795      best=1      size= 231      nSHD_c=   6.7000      nSHD=   6.5667      tpr_c=   0.1429      change_adj_count=5      
2022-08-18 BST 10:22:37,871 - INFO -  epoch= 100      train_loss=   9.0199      val_loss=  11.2778      best=1      size= 267      nSHD_c=   7.6000      nSHD=   7.4000      tpr_c=   0.1461      change_adj_count=104      
2022-08-18 BST 10:23:00,592 - INFO -  epoch= 200      train_loss=   8.7423      val_loss=  11.0986      best=1      size= 269      nSHD_c=   7.7333      nSHD=   7.4667      tpr_c=   0.1375      change_adj_count=202      
2022-08-18 BST 10:23:26,555 - INFO -  epoch= 300      train_loss=   8.7324      val_loss=   9.7991      best=1      size= 268      nSHD_c=   7.7000      nSHD=   7.4333      tpr_c=   0.1381      change_adj_count=290      
2022-08-18 BST 10:23:48,897 - INFO -  epoch= 400      train_loss=   8.8137      val_loss=   9.9013      best=1      size= 264      nSHD_c=   7.6333      nSHD=   7.3667      tpr_c=   0.1364      change_adj_count=373      
2022-08-18 BST 10:24:21,370 - INFO -  epoch= 500      train_loss=   8.7282      val_loss=  10.4455      best=1      size= 265      nSHD_c=   7.6667      nSHD=   7.4000      tpr_c=   0.1358      change_adj_count=446      
2022-08-18 BST 10:24:45,884 - INFO -  epoch= 600      train_loss=   8.5327      val_loss=   9.4965      best=1      size= 270      nSHD_c=   7.7667      nSHD=   7.5000      tpr_c=   0.1370      change_adj_count=503      
2022-08-18 BST 10:25:09,498 - INFO -  epoch= 700      train_loss=   8.2436      val_loss=   9.0624      best=1      size= 269      nSHD_c=   7.7333      nSHD=   7.4667      tpr_c=   0.1375      change_adj_count=561      
2022-08-18 BST 10:25:42,753 - INFO -  epoch= 800      train_loss=   8.2410      val_loss=   9.3736      best=1      size= 266      nSHD_c=   7.6333      nSHD=   7.3667      tpr_c=   0.1391      change_adj_count=615      
2022-08-18 BST 10:26:07,848 - INFO -  epoch= 900      train_loss=   8.3544      val_loss=   9.0313      best=1      size= 270      nSHD_c=   7.7667      nSHD=   7.5000      tpr_c=   0.1370      change_adj_count=650      
2022-08-18 BST 10:26:31,093 - INFO -  epoch=1000      train_loss=   8.1642      val_loss=   9.1735      best=1      size= 270      nSHD_c=   7.7667      nSHD=   7.5000      tpr_c=   0.1370      change_adj_count=698      
2022-08-18 BST 10:26:31,093 - INFO - Before params
2022-08-18 BST 10:26:31,094 - INFO - After params={'MAX_SIZE': [None], 'LAMBDA': [100], 'NOISE_TEMPERATURE': [10], 'h_NULL': [0], 'h_LR': [0.0001], 'z_RHO': [0], 'z_MU': [0]}
2022-08-18 BST 10:26:31,094 - INFO - After metrics={'train_loss': [8.164171818763979], 'val_loss': [9.1734668413798], 'size': [270], 'nshd_c': [7.766666666666667], 'nshd': [7.5], 'tpr': [0.9375], 'tpr_c': [0.13703703703703704], 'change_adj_count': [698]}
2022-08-18 BST 10:26:31,138 - INFO - After to_save=  MAX_SIZE  LAMBDA  NOISE_TEMPERATURE  ...     tpr     tpr_c  change_adj_count
0     None     100                 10  ...  0.9375  0.137037               698

[1 rows x 16 columns]
2022-08-18 BST 10:26:31,139 - INFO - After file_path='../results/l_66none_4hps.csv'
2022-08-18 BST 10:26:31,152 - INFO - Last epoch results saved in l_66none_4hps.csv
2022-08-18 BST 10:26:31,152 - INFO - 

DAG 5: size_true=57	X.var()=54.7286
2022-08-18 BST 10:26:31,430 - INFO -  epoch=   1      train_loss=  40.2162      val_loss=  20.1767      best=1      size= 234      nSHD_c=   6.8667      nSHD=   6.7667      tpr_c=   0.1410      change_adj_count=5      
2022-08-18 BST 10:26:31,748 - INFO -  epoch=   2      train_loss=  25.4164      val_loss=  17.7732      best=1      size= 282      nSHD_c=   8.1000      nSHD=   8.1333      tpr_c=   0.1489      change_adj_count=6      
2022-08-18 BST 10:26:57,037 - INFO -  epoch= 100      train_loss=  10.7810      val_loss=  11.7684      best=1      size= 320      nSHD_c=   9.1333      nSHD=   9.0667      tpr_c=   0.1500      change_adj_count=104      
2022-08-18 BST 10:27:22,933 - INFO -  epoch= 200      train_loss=  11.1644      val_loss=  12.4763      best=1      size= 310      nSHD_c=   8.8000      nSHD=   8.7333      tpr_c=   0.1548      change_adj_count=201      
2022-08-18 BST 10:27:41,956 - INFO -  epoch= 300      train_loss=  10.8943      val_loss=  10.7221      best=1      size= 307      nSHD_c=   8.7000      nSHD=   8.6333      tpr_c=   0.1564      change_adj_count=298      
2022-08-18 BST 10:28:13,859 - INFO -  epoch= 400      train_loss=  11.1636      val_loss=  10.5416      best=1      size= 307      nSHD_c=   8.7000      nSHD=   8.6333      tpr_c=   0.1564      change_adj_count=381      
2022-08-18 BST 10:28:38,944 - INFO -  epoch= 500      train_loss=  10.8910      val_loss=  10.6459      best=1      size= 306      nSHD_c=   8.6667      nSHD=   8.6000      tpr_c=   0.1569      change_adj_count=466      
2022-08-18 BST 10:29:00,323 - INFO -  epoch= 600      train_loss=  10.4695      val_loss=  10.8500      best=1      size= 304      nSHD_c=   8.6000      nSHD=   8.5333      tpr_c=   0.1579      change_adj_count=533      
2022-08-18 BST 10:29:23,355 - INFO -  epoch= 700      train_loss=  10.0536      val_loss=   8.7755      best=1      size= 306      nSHD_c=   8.6667      nSHD=   8.6000      tpr_c=   0.1569      change_adj_count=588      
2022-08-18 BST 10:29:56,479 - INFO -  epoch= 800      train_loss=  10.0294      val_loss=   9.5522      best=1      size= 310      nSHD_c=   8.8333      nSHD=   8.7667      tpr_c=   0.1516      change_adj_count=654      
2022-08-18 BST 10:30:18,309 - INFO -  epoch= 900      train_loss=  10.3169      val_loss=   9.8679      best=1      size= 310      nSHD_c=   8.8333      nSHD=   8.7667      tpr_c=   0.1516      change_adj_count=695      
2022-08-18 BST 10:30:45,077 - INFO -  epoch=1000      train_loss=  11.0434      val_loss=   9.4486      best=1      size= 310      nSHD_c=   8.8333      nSHD=   8.7667      tpr_c=   0.1516      change_adj_count=740      
2022-08-18 BST 10:30:45,078 - INFO - Before params
2022-08-18 BST 10:30:45,078 - INFO - After params={'MAX_SIZE': [None], 'LAMBDA': [100], 'NOISE_TEMPERATURE': [10], 'h_NULL': [0], 'h_LR': [0.0001], 'z_RHO': [0], 'z_MU': [0]}
2022-08-18 BST 10:30:45,079 - INFO - After metrics={'train_loss': [11.043432374154367], 'val_loss': [9.448581775029501], 'size': [310], 'nshd_c': [8.833333333333334], 'nshd': [8.766666666666667], 'tpr': [0.8596491228070176], 'tpr_c': [0.15161290322580645], 'change_adj_count': [740]}
2022-08-18 BST 10:30:45,108 - INFO - After to_save=  MAX_SIZE  LAMBDA  NOISE_TEMPERATURE  ...       tpr     tpr_c  change_adj_count
0     None     100                 10  ...  0.859649  0.151613               740

[1 rows x 16 columns]
2022-08-18 BST 10:30:45,108 - INFO - After file_path='../results/l_66none_4hps.csv'
2022-08-18 BST 10:30:45,110 - INFO - Last epoch results saved in l_66none_4hps.csv
2022-08-18 BST 10:30:45,110 - INFO - 

DAG 6: size_true=64	X.var()=29.7229
2022-08-18 BST 10:30:45,488 - INFO -  epoch=   1      train_loss=  15.1835      val_loss=  10.0648      best=1      size= 277      nSHD_c=   8.0667      nSHD=   8.0333      tpr_c=   0.1588      change_adj_count=5      
2022-08-18 BST 10:31:12,739 - INFO -  epoch= 100      train_loss=   6.2488      val_loss=   8.4962      best=1      size= 366      nSHD_c=  10.4333      nSHD=  10.3667      tpr_c=   0.1503      change_adj_count=104      
2022-08-18 BST 10:31:41,212 - INFO -  epoch= 200      train_loss=   6.1125      val_loss=   8.4183      best=1      size= 366      nSHD_c=  10.4667      nSHD=  10.4000      tpr_c=   0.1475      change_adj_count=200      
2022-08-18 BST 10:31:59,262 - INFO -  epoch= 300      train_loss=   6.1632      val_loss=   8.0098      best=1      size= 362      nSHD_c=  10.4000      nSHD=  10.3333      tpr_c=   0.1436      change_adj_count=292      
2022-08-18 BST 10:32:27,461 - INFO -  epoch= 400      train_loss=   5.9908      val_loss=   7.6218      best=1      size= 362      nSHD_c=  10.3667      nSHD=  10.3333      tpr_c=   0.1464      change_adj_count=369      
2022-08-18 BST 10:32:50,099 - INFO -  epoch= 474      train_loss=   5.8535      val_loss=   7.0122      best=1      size= 361      nSHD_c=  10.4000      nSHD=  10.3667      tpr_c=   0.1440      change_adj_count=422      
2022-08-18 BST 10:32:54,871 - INFO -  epoch= 500      train_loss=   6.0570      val_loss=   6.9184      best=1      size= 362      nSHD_c=  10.4667      nSHD=  10.3667      tpr_c=   0.1409      change_adj_count=439      
2022-08-18 BST 10:33:12,953 - INFO -  epoch= 600      train_loss=   5.8408      val_loss=   6.8231      best=1      size= 362      nSHD_c=  10.4667      nSHD=  10.3667      tpr_c=   0.1409      change_adj_count=482      
2022-08-18 BST 10:33:46,702 - INFO -  epoch= 700      train_loss=   5.8271      val_loss=   7.3398      best=1      size= 361      nSHD_c=  10.4000      nSHD=  10.3333      tpr_c=   0.1440      change_adj_count=521      
2022-08-18 BST 10:34:08,873 - INFO -  epoch= 800      train_loss=   5.8445      val_loss=   7.3526      best=1      size= 362      nSHD_c=  10.3667      nSHD=  10.3667      tpr_c=   0.1492      change_adj_count=563      
2022-08-18 BST 10:34:12,002 - INFO -  epoch= 809      train_loss=   5.8516      val_loss=   6.1953      best=1      size= 362      nSHD_c=  10.4000      nSHD=  10.3667      tpr_c=   0.1464      change_adj_count=568      
2022-08-18 BST 10:34:13,812 - INFO -  epoch= 814      train_loss=   5.7770      val_loss=   6.5529      best=1      size= 361      nSHD_c=  10.3667      nSHD=  10.3333      tpr_c=   0.1468      change_adj_count=570      
2022-08-18 BST 10:34:26,545 - INFO -  epoch= 855      train_loss=   5.7618      val_loss=   6.4748      best=1      size= 362      nSHD_c=  10.4000      nSHD=  10.3667      tpr_c=   0.1464      change_adj_count=581      
2022-08-18 BST 10:34:36,851 - INFO -  epoch= 900      train_loss=   5.7346      val_loss=   7.0508      best=1      size= 360      nSHD_c=  10.3333      nSHD=  10.3000      tpr_c=   0.1472      change_adj_count=596      
2022-08-18 BST 10:34:38,432 - INFO -  epoch= 906      train_loss=   5.6996      val_loss=   6.3921      best=1      size= 362      nSHD_c=  10.4000      nSHD=  10.3667      tpr_c=   0.1464      change_adj_count=601      
2022-08-18 BST 10:34:52,610 - INFO -  epoch= 969      train_loss=   5.6526      val_loss=   6.0658      best=1      size= 364      nSHD_c=  10.5000      nSHD=  10.4333      tpr_c=   0.1429      change_adj_count=642      
2022-08-18 BST 10:34:59,502 - INFO -  epoch=1000      train_loss=   5.5865      val_loss=   7.0735      best=1      size= 364      nSHD_c=  10.5000      nSHD=  10.4333      tpr_c=   0.1429      change_adj_count=658      
2022-08-18 BST 10:34:59,503 - INFO - Before params
2022-08-18 BST 10:34:59,503 - INFO - After params={'MAX_SIZE': [None], 'LAMBDA': [100], 'NOISE_TEMPERATURE': [10], 'h_NULL': [0], 'h_LR': [0.0001], 'z_RHO': [0], 'z_MU': [0]}
2022-08-18 BST 10:34:59,503 - INFO - After metrics={'train_loss': [5.58648201727098], 'val_loss': [7.073466459910075], 'size': [364], 'nshd_c': [10.5], 'nshd': [10.433333333333334], 'tpr': [0.84375], 'tpr_c': [0.14285714285714285], 'change_adj_count': [658]}
2022-08-18 BST 10:34:59,520 - INFO - After to_save=  MAX_SIZE  LAMBDA  NOISE_TEMPERATURE  ...      tpr     tpr_c  change_adj_count
0     None     100                 10  ...  0.84375  0.142857               658

[1 rows x 16 columns]
2022-08-18 BST 10:34:59,520 - INFO - After file_path='../results/l_66none_4hps.csv'
2022-08-18 BST 10:34:59,522 - INFO - Last epoch results saved in l_66none_4hps.csv
2022-08-18 BST 10:34:59,522 - INFO - 

DAG 7: size_true=62	X.var()=55.6800
2022-08-18 BST 10:34:59,876 - INFO -  epoch=   1      train_loss=  25.6520      val_loss=  13.0423      best=1      size= 277      nSHD_c=   8.0000      nSHD=   7.8333      tpr_c=   0.1516      change_adj_count=5      
2022-08-18 BST 10:35:33,218 - INFO -  epoch= 100      train_loss=   7.0751      val_loss=  23.1082      best=1      size= 361      nSHD_c=  10.4000      nSHD=  10.2667      tpr_c=   0.1385      change_adj_count=104      
2022-08-18 BST 10:35:57,633 - INFO -  epoch= 200      train_loss=   7.1738      val_loss=  11.7204      best=1      size= 357      nSHD_c=  10.3667      nSHD=  10.2667      tpr_c=   0.1345      change_adj_count=197      
2022-08-18 BST 10:36:20,847 - INFO -  epoch= 300      train_loss=   7.1956      val_loss=  11.7729      best=1      size= 357      nSHD_c=  10.3667      nSHD=  10.2333      tpr_c=   0.1345      change_adj_count=279      
2022-08-18 BST 10:36:51,679 - INFO -  epoch= 400      train_loss=   6.8771      val_loss=  11.2142      best=1      size= 353      nSHD_c=  10.2667      nSHD=  10.1333      tpr_c=   0.1331      change_adj_count=349      
2022-08-18 BST 10:37:17,846 - INFO -  epoch= 500      train_loss=   7.0252      val_loss=   9.8477      best=1      size= 351      nSHD_c=  10.2333      nSHD=  10.1333      tpr_c=   0.1339      change_adj_count=420      
2022-08-18 BST 10:37:38,774 - INFO -  epoch= 600      train_loss=   6.8631      val_loss=  10.4596      best=1      size= 350      nSHD_c=  10.1667      nSHD=  10.0333      tpr_c=   0.1343      change_adj_count=474      
2022-08-18 BST 10:38:01,940 - INFO -  epoch= 700      train_loss=   6.9329      val_loss=  10.4996      best=1      size= 350      nSHD_c=  10.2333      nSHD=  10.1000      tpr_c=   0.1314      change_adj_count=536      
2022-08-18 BST 10:38:29,984 - INFO -  epoch= 800      train_loss=   6.9676      val_loss=   9.8057      best=1      size= 349      nSHD_c=  10.2000      nSHD=  10.0667      tpr_c=   0.1318      change_adj_count=586      
2022-08-18 BST 10:38:48,471 - INFO -  epoch= 900      train_loss=   6.5405      val_loss=   8.6869      best=1      size= 350      nSHD_c=  10.2333      nSHD=  10.1000      tpr_c=   0.1314      change_adj_count=641      
2022-08-18 BST 10:39:21,279 - INFO -  epoch=1000      train_loss=   6.6861      val_loss=   9.5156      best=1      size= 351      nSHD_c=  10.2333      nSHD=  10.1333      tpr_c=   0.1339      change_adj_count=695      
2022-08-18 BST 10:39:21,292 - INFO - Before params
2022-08-18 BST 10:39:21,292 - INFO - After params={'MAX_SIZE': [None], 'LAMBDA': [100], 'NOISE_TEMPERATURE': [10], 'h_NULL': [0], 'h_LR': [0.0001], 'z_RHO': [0], 'z_MU': [0]}
2022-08-18 BST 10:39:21,293 - INFO - After metrics={'train_loss': [6.686124324798584], 'val_loss': [9.515592734018961], 'size': [351], 'nshd_c': [10.233333333333333], 'nshd': [10.133333333333333], 'tpr': [0.8064516129032258], 'tpr_c': [0.1339031339031339], 'change_adj_count': [695]}
2022-08-18 BST 10:39:21,315 - INFO - After to_save=  MAX_SIZE  LAMBDA  NOISE_TEMPERATURE  ...       tpr     tpr_c  change_adj_count
0     None     100                 10  ...  0.806452  0.133903               695

[1 rows x 16 columns]
2022-08-18 BST 10:39:21,316 - INFO - After file_path='../results/l_66none_4hps.csv'
2022-08-18 BST 10:39:21,321 - INFO - Last epoch results saved in l_66none_4hps.csv
2022-08-18 BST 10:39:21,321 - INFO - 

DAG 8: size_true=63	X.var()=39.3378
2022-08-18 BST 10:39:21,723 - INFO -  epoch=   1      train_loss=  23.6557      val_loss=  11.7885      best=1      size= 278      nSHD_c=   8.2667      nSHD=   8.2000      tpr_c=   0.1331      change_adj_count=5      
2022-08-18 BST 10:39:46,183 - INFO -  epoch= 100      train_loss=   7.6740      val_loss=   9.4807      best=1      size= 354      nSHD_c=  10.0000      nSHD=   9.9000      tpr_c=   0.1525      change_adj_count=104      
2022-08-18 BST 10:40:08,123 - INFO -  epoch= 200      train_loss=   7.7319      val_loss=  10.1010      best=1      size= 350      nSHD_c=   9.8667      nSHD=   9.7667      tpr_c=   0.1543      change_adj_count=201      
2022-08-18 BST 10:40:30,331 - INFO -  epoch= 300      train_loss=   7.6050      val_loss=   8.8274      best=1      size= 349      nSHD_c=   9.8333      nSHD=   9.7333      tpr_c=   0.1547      change_adj_count=293      
2022-08-18 BST 10:41:02,645 - INFO -  epoch= 400      train_loss=   7.3658      val_loss=   8.2352      best=1      size= 350      nSHD_c=   9.8667      nSHD=   9.7667      tpr_c=   0.1543      change_adj_count=379      
2022-08-18 BST 10:41:25,212 - INFO -  epoch= 500      train_loss=   7.4545      val_loss=   8.6142      best=1      size= 350      nSHD_c=   9.8667      nSHD=   9.7667      tpr_c=   0.1543      change_adj_count=457      
2022-08-18 BST 10:41:51,835 - INFO -  epoch= 600      train_loss=   7.2617      val_loss=   8.6246      best=1      size= 349      nSHD_c=   9.8333      nSHD=   9.7333      tpr_c=   0.1547      change_adj_count=518      
2022-08-18 BST 10:42:20,197 - INFO -  epoch= 700      train_loss=   7.2388      val_loss=   8.1742      best=1      size= 347      nSHD_c=   9.7667      nSHD=   9.6667      tpr_c=   0.1556      change_adj_count=582      
2022-08-18 BST 10:42:47,461 - INFO -  epoch= 800      train_loss=   7.1760      val_loss=   7.2587      best=1      size= 346      nSHD_c=   9.7333      nSHD=   9.6333      tpr_c=   0.1561      change_adj_count=645      
2022-08-18 BST 10:43:06,734 - INFO -  epoch= 900      train_loss=   7.1538      val_loss=   7.6006      best=1      size= 345      nSHD_c=   9.7000      nSHD=   9.6000      tpr_c=   0.1565      change_adj_count=684      
2022-08-18 BST 10:43:35,707 - INFO -  epoch=1000      train_loss=   6.9422      val_loss=   7.4672      best=1      size= 349      nSHD_c=   9.8333      nSHD=   9.7333      tpr_c=   0.1547      change_adj_count=735      
2022-08-18 BST 10:43:35,708 - INFO - Before params
2022-08-18 BST 10:43:35,708 - INFO - After params={'MAX_SIZE': [None], 'LAMBDA': [100], 'NOISE_TEMPERATURE': [10], 'h_NULL': [0], 'h_LR': [0.0001], 'z_RHO': [0], 'z_MU': [0]}
2022-08-18 BST 10:43:35,709 - INFO - After metrics={'train_loss': [6.942239207606161], 'val_loss': [7.467172781626384], 'size': [349], 'nshd_c': [9.833333333333334], 'nshd': [9.733333333333333], 'tpr': [0.9047619047619048], 'tpr_c': [0.15472779369627507], 'change_adj_count': [735]}
2022-08-18 BST 10:43:35,725 - INFO - After to_save=  MAX_SIZE  LAMBDA  NOISE_TEMPERATURE  ...       tpr     tpr_c  change_adj_count
0     None     100                 10  ...  0.904762  0.154728               735

[1 rows x 16 columns]
2022-08-18 BST 10:43:35,726 - INFO - After file_path='../results/l_66none_4hps.csv'
2022-08-18 BST 10:43:35,728 - INFO - Last epoch results saved in l_66none_4hps.csv
2022-08-18 BST 10:43:35,728 - INFO - 

DAG 9: size_true=61	X.var()=94.6254
2022-08-18 BST 10:43:36,102 - INFO -  epoch=   1      train_loss=  41.5986      val_loss=  31.0248      best=1      size= 294      nSHD_c=   8.7333      nSHD=   8.7333      tpr_c=   0.1327      change_adj_count=5      
2022-08-18 BST 10:43:36,490 - INFO -  epoch=   2      train_loss=  18.6635      val_loss=  29.8748      best=1      size= 327      nSHD_c=   9.4000      nSHD=   9.3333      tpr_c=   0.1468      change_adj_count=6      
2022-08-18 BST 10:43:58,188 - INFO -  epoch= 100      train_loss=  13.0948      val_loss=  28.0534      best=1      size= 370      nSHD_c=  10.6333      nSHD=  10.5000      tpr_c=   0.1378      change_adj_count=104      
2022-08-18 BST 10:44:24,274 - INFO -  epoch= 200      train_loss=  12.8511      val_loss=  28.3217      best=1      size= 367      nSHD_c=  10.5667      nSHD=  10.4000      tpr_c=   0.1362      change_adj_count=203      
2022-08-18 BST 10:44:49,912 - INFO -  epoch= 300      train_loss=  13.1055      val_loss=  30.0974      best=1      size= 365      nSHD_c=  10.6000      nSHD=  10.4000      tpr_c=   0.1315      change_adj_count=294      
2022-08-18 BST 10:45:18,055 - INFO -  epoch= 400      train_loss=  12.8430      val_loss=  24.7555      best=1      size= 368      nSHD_c=  10.6667      nSHD=  10.5000      tpr_c=   0.1332      change_adj_count=377      
2022-08-18 BST 10:45:21,424 - INFO -  epoch= 414      train_loss=  12.8358      val_loss=  21.5203      best=1      size= 368      nSHD_c=  10.6333      nSHD=  10.5000      tpr_c=   0.1359      change_adj_count=388      
2022-08-18 BST 10:45:40,287 - INFO -  epoch= 500      train_loss=  12.6346      val_loss=  23.5522      best=1      size= 367      nSHD_c=  10.6000      nSHD=  10.4667      tpr_c=   0.1362      change_adj_count=425      
2022-08-18 BST 10:45:46,044 - INFO -  epoch= 524      train_loss=  12.6551      val_loss=  23.4228      best=1      size= 367      nSHD_c=  10.6000      nSHD=  10.4667      tpr_c=   0.1362      change_adj_count=438      
2022-08-18 BST 10:46:01,244 - INFO -  epoch= 574      train_loss=  12.2495      val_loss=  23.1203      best=1      size= 365      nSHD_c=  10.5333      nSHD=  10.4000      tpr_c=   0.1370      change_adj_count=465      
2022-08-18 BST 10:46:10,203 - INFO -  epoch= 600      train_loss=  12.6085      val_loss=  23.0333      best=1      size= 366      nSHD_c=  10.5667      nSHD=  10.4333      tpr_c=   0.1366      change_adj_count=478      
2022-08-18 BST 10:46:35,516 - INFO -  epoch= 700      train_loss=  12.3787      val_loss=  21.8178      best=1      size= 366      nSHD_c=  10.5667      nSHD=  10.4333      tpr_c=   0.1366      change_adj_count=520      
2022-08-18 BST 10:46:42,430 - INFO -  epoch= 729      train_loss=  12.3235      val_loss=  21.9996      best=1      size= 363      nSHD_c=  10.4667      nSHD=  10.3333      tpr_c=   0.1377      change_adj_count=542      
2022-08-18 BST 10:46:58,223 - INFO -  epoch= 800      train_loss=  12.2979      val_loss=  20.3639      best=1      size= 362      nSHD_c=  10.4333      nSHD=  10.3333      tpr_c=   0.1381      change_adj_count=570      
2022-08-18 BST 10:47:21,602 - INFO -  epoch= 870      train_loss=  12.0334      val_loss=  17.0208      best=1      size= 361      nSHD_c=  10.4000      nSHD=  10.3000      tpr_c=   0.1385      change_adj_count=594      
2022-08-18 BST 10:47:23,366 - INFO -  epoch= 875      train_loss=  11.6267      val_loss=  15.7352      best=1      size= 361      nSHD_c=  10.4000      nSHD=  10.3000      tpr_c=   0.1385      change_adj_count=594      
2022-08-18 BST 10:47:31,936 - INFO -  epoch= 900      train_loss=  12.3152      val_loss=  17.2555      best=1      size= 361      nSHD_c=  10.4000      nSHD=  10.3000      tpr_c=   0.1385      change_adj_count=600      
2022-08-18 BST 10:47:56,138 - INFO -  epoch=1000      train_loss=  12.1872      val_loss=  20.5397      best=1      size= 360      nSHD_c=  10.3333      nSHD=  10.2333      tpr_c=   0.1417      change_adj_count=622      
2022-08-18 BST 10:47:56,139 - INFO - Before params
2022-08-18 BST 10:47:56,140 - INFO - After params={'MAX_SIZE': [None], 'LAMBDA': [100], 'NOISE_TEMPERATURE': [10], 'h_NULL': [0], 'h_LR': [0.0001], 'z_RHO': [0], 'z_MU': [0]}
2022-08-18 BST 10:47:56,140 - INFO - After metrics={'train_loss': [12.187192639996928], 'val_loss': [20.539650281270344], 'size': [360], 'nshd_c': [10.333333333333334], 'nshd': [10.233333333333333], 'tpr': [0.8852459016393442], 'tpr_c': [0.14166666666666666], 'change_adj_count': [622]}
2022-08-18 BST 10:47:56,169 - INFO - After to_save=  MAX_SIZE  LAMBDA  NOISE_TEMPERATURE  ...       tpr     tpr_c  change_adj_count
0     None     100                 10  ...  0.885246  0.141667               622

[1 rows x 16 columns]
2022-08-18 BST 10:47:56,169 - INFO - After file_path='../results/l_66none_4hps.csv'
2022-08-18 BST 10:47:56,172 - INFO - Last epoch results saved in l_66none_4hps.csv
2022-08-18 BST 10:47:56,173 - INFO - 

DAG 10: size_true=51	X.var()=18.9170
2022-08-18 BST 10:47:56,527 - INFO -  epoch=   1      train_loss=  11.1722      val_loss=   5.7837      best=1      size= 236      nSHD_c=   6.8333      nSHD=   6.8333      tpr_c=   0.1525      change_adj_count=5      
2022-08-18 BST 10:48:21,410 - INFO -  epoch= 100      train_loss=   4.9185      val_loss=   5.1090      best=1      size= 322      nSHD_c=   9.4000      nSHD=   9.2667      tpr_c=   0.1273      change_adj_count=104      
2022-08-18 BST 10:48:42,958 - INFO -  epoch= 200      train_loss=   4.9803      val_loss=   5.3650      best=1      size= 313      nSHD_c=   9.0667      nSHD=   8.9667      tpr_c=   0.1342      change_adj_count=201      
2022-08-18 BST 10:49:13,677 - INFO -  epoch= 300      train_loss=   4.7995      val_loss=   4.9491      best=1      size= 301      nSHD_c=   8.6667      nSHD=   8.5667      tpr_c=   0.1395      change_adj_count=288      
2022-08-18 BST 10:49:32,320 - INFO -  epoch= 400      train_loss=   4.7200      val_loss=   5.2358      best=1      size= 298      nSHD_c=   8.5667      nSHD=   8.4667      tpr_c=   0.1409      change_adj_count=378      
2022-08-18 BST 10:50:03,312 - INFO -  epoch= 500      train_loss=   4.7027      val_loss=   5.1844      best=1      size= 297      nSHD_c=   8.5333      nSHD=   8.4333      tpr_c=   0.1414      change_adj_count=450      
2022-08-18 BST 10:50:25,950 - INFO -  epoch= 600      train_loss=   4.7634      val_loss=   5.4382      best=1      size= 296      nSHD_c=   8.5000      nSHD=   8.4000      tpr_c=   0.1419      change_adj_count=522      
2022-08-18 BST 10:50:38,518 - INFO -  epoch= 635      train_loss=   4.6916      val_loss=   4.6796      best=1      size= 296      nSHD_c=   8.5000      nSHD=   8.4000      tpr_c=   0.1419      change_adj_count=548      
2022-08-18 BST 10:50:45,190 - INFO -  epoch= 662      train_loss=   4.6350      val_loss=   4.6925      best=1      size= 295      nSHD_c=   8.4667      nSHD=   8.3667      tpr_c=   0.1424      change_adj_count=569      
2022-08-18 BST 10:50:54,524 - INFO -  epoch= 700      train_loss=   4.6893      val_loss=   5.1441      best=1      size= 296      nSHD_c=   8.5333      nSHD=   8.4000      tpr_c=   0.1385      change_adj_count=589      
2022-08-18 BST 10:51:08,056 - INFO -  epoch= 757      train_loss=   4.5691      val_loss=   4.4004      best=1      size= 296      nSHD_c=   8.5333      nSHD=   8.4000      tpr_c=   0.1385      change_adj_count=617      
2022-08-18 BST 10:51:08,660 - INFO -  epoch= 760      train_loss=   4.6052      val_loss=   4.1245      best=1      size= 296      nSHD_c=   8.5333      nSHD=   8.4000      tpr_c=   0.1385      change_adj_count=619      
2022-08-18 BST 10:51:18,667 - INFO -  epoch= 800      train_loss=   4.5783      val_loss=   4.5799      best=1      size= 296      nSHD_c=   8.5000      nSHD=   8.4000      tpr_c=   0.1419      change_adj_count=645      
2022-08-18 BST 10:51:53,594 - INFO -  epoch= 900      train_loss=   4.5263      val_loss=   4.0261      best=1      size= 297      nSHD_c=   8.6000      nSHD=   8.5000      tpr_c=   0.1347      change_adj_count=696      
2022-08-18 BST 10:52:16,617 - INFO -  epoch=1000      train_loss=   4.4477      val_loss=   4.3444      best=1      size= 294      nSHD_c=   8.5000      nSHD=   8.4000      tpr_c=   0.1361      change_adj_count=750      
2022-08-18 BST 10:52:16,618 - INFO - Before params
2022-08-18 BST 10:52:16,618 - INFO - After params={'MAX_SIZE': [None], 'LAMBDA': [100], 'NOISE_TEMPERATURE': [10], 'h_NULL': [0], 'h_LR': [0.0001], 'z_RHO': [0], 'z_MU': [0]}
2022-08-18 BST 10:52:16,619 - INFO - After metrics={'train_loss': [4.447724911474412], 'val_loss': [4.344362735748291], 'size': [294], 'nshd_c': [8.5], 'nshd': [8.4], 'tpr': [0.8431372549019608], 'tpr_c': [0.1360544217687075], 'change_adj_count': [750]}
2022-08-18 BST 10:52:16,638 - INFO - After to_save=  MAX_SIZE  LAMBDA  NOISE_TEMPERATURE  ...       tpr     tpr_c  change_adj_count
0     None     100                 10  ...  0.843137  0.136054               750

[1 rows x 16 columns]
2022-08-18 BST 10:52:16,639 - INFO - After file_path='../results/l_66none_4hps.csv'
2022-08-18 BST 10:52:16,653 - INFO - Last epoch results saved in l_66none_4hps.csv
2022-08-18 BST 10:52:16,654 - INFO - 

DAG 11: size_true=68	X.var()=127.5135
2022-08-18 BST 10:52:16,982 - INFO -  epoch=   1      train_loss=  70.5537      val_loss=  27.8776      best=1      size= 282      nSHD_c=   8.2667      nSHD=   8.2000      tpr_c=   0.1560      change_adj_count=5      
2022-08-18 BST 10:52:42,114 - INFO -  epoch= 100      train_loss=  17.1408      val_loss=  30.2094      best=1      size= 346      nSHD_c=   9.6000      nSHD=   9.5000      tpr_c=   0.1705      change_adj_count=104      
2022-08-18 BST 10:53:15,701 - INFO -  epoch= 200      train_loss=  16.3918      val_loss=  25.8733      best=1      size= 340      nSHD_c=   9.4000      nSHD=   9.3000      tpr_c=   0.1735      change_adj_count=198      
2022-08-18 BST 10:53:43,290 - INFO -  epoch= 300      train_loss=  16.2498      val_loss=  28.0831      best=1      size= 337      nSHD_c=   9.3000      nSHD=   9.2000      tpr_c=   0.1751      change_adj_count=279      
2022-08-18 BST 10:54:03,392 - INFO -  epoch= 400      train_loss=  16.7258      val_loss=  29.0720      best=1      size= 337      nSHD_c=   9.2667      nSHD=   9.1667      tpr_c=   0.1780      change_adj_count=350      
2022-08-18 BST 10:54:31,686 - INFO -  epoch= 500      train_loss=  16.1077      val_loss=  29.8288      best=1      size= 337      nSHD_c=   9.2667      nSHD=   9.1667      tpr_c=   0.1780      change_adj_count=415      
2022-08-18 BST 10:54:56,283 - INFO -  epoch= 600      train_loss=  15.8764      val_loss=  26.0554      best=1      size= 338      nSHD_c=   9.3000      nSHD=   9.2000      tpr_c=   0.1775      change_adj_count=467      
2022-08-18 BST 10:55:15,201 - INFO -  epoch= 700      train_loss=  15.8217      val_loss=  26.3717      best=1      size= 338      nSHD_c=   9.3000      nSHD=   9.2000      tpr_c=   0.1775      change_adj_count=515      
2022-08-18 BST 10:55:49,404 - INFO -  epoch= 800      train_loss=  15.7622      val_loss=  25.0595      best=1      size= 335      nSHD_c=   9.2000      nSHD=   9.1000      tpr_c=   0.1791      change_adj_count=557      
2022-08-18 BST 10:56:10,726 - INFO -  epoch= 900      train_loss=  15.9619      val_loss=  26.5922      best=1      size= 337      nSHD_c=   9.2667      nSHD=   9.1667      tpr_c=   0.1780      change_adj_count=605      
2022-08-18 BST 10:56:36,251 - INFO -  epoch=1000      train_loss=  14.7380      val_loss=  25.4253      best=1      size= 337      nSHD_c=   9.2333      nSHD=   9.1333      tpr_c=   0.1810      change_adj_count=635      
2022-08-18 BST 10:56:36,252 - INFO - Before params
2022-08-18 BST 10:56:36,252 - INFO - After params={'MAX_SIZE': [None], 'LAMBDA': [100], 'NOISE_TEMPERATURE': [10], 'h_NULL': [0], 'h_LR': [0.0001], 'z_RHO': [0], 'z_MU': [0]}
2022-08-18 BST 10:56:36,252 - INFO - After metrics={'train_loss': [14.73802388098932], 'val_loss': [25.425315856933594], 'size': [337], 'nshd_c': [9.233333333333333], 'nshd': [9.133333333333333], 'tpr': [0.9411764705882353], 'tpr_c': [0.18100890207715134], 'change_adj_count': [635]}
2022-08-18 BST 10:56:36,272 - INFO - After to_save=  MAX_SIZE  LAMBDA  NOISE_TEMPERATURE  ...       tpr     tpr_c  change_adj_count
0     None     100                 10  ...  0.941176  0.181009               635

[1 rows x 16 columns]
2022-08-18 BST 10:56:36,272 - INFO - After file_path='../results/l_66none_4hps.csv'
2022-08-18 BST 10:56:36,287 - INFO - Last epoch results saved in l_66none_4hps.csv
2022-08-18 BST 10:56:36,288 - INFO - 

DAG 12: size_true=53	X.var()=15.8398
2022-08-18 BST 10:56:36,630 - INFO -  epoch=   1      train_loss=  10.5401      val_loss=   6.6460      best=1      size= 227      nSHD_c=   6.7000      nSHD=   6.5667      tpr_c=   0.1322      change_adj_count=5      
2022-08-18 BST 10:56:37,013 - INFO -  epoch=   2      train_loss=   5.9900      val_loss=   3.8912      best=1      size= 264      nSHD_c=   7.7000      nSHD=   7.5333      tpr_c=   0.1364      change_adj_count=6      
2022-08-18 BST 10:56:57,687 - INFO -  epoch= 100      train_loss=   4.2225      val_loss=   3.5758      best=1      size= 298      nSHD_c=   8.7333      nSHD=   8.5000      tpr_c=   0.1275      change_adj_count=104      
2022-08-18 BST 10:57:31,148 - INFO -  epoch= 200      train_loss=   4.1532      val_loss=   3.5056      best=1      size= 294      nSHD_c=   8.6000      nSHD=   8.3667      tpr_c=   0.1293      change_adj_count=203      
2022-08-18 BST 10:57:52,056 - INFO -  epoch= 300      train_loss=   4.0494      val_loss=   3.3379      best=1      size= 290      nSHD_c=   8.5000      nSHD=   8.2667      tpr_c=   0.1276      change_adj_count=297      
2022-08-18 BST 10:58:15,720 - INFO -  epoch= 400      train_loss=   3.9532      val_loss=   3.5386      best=1      size= 280      nSHD_c=   8.1333      nSHD=   7.9000      tpr_c=   0.1357      change_adj_count=383      
2022-08-18 BST 10:58:48,009 - INFO -  epoch= 500      train_loss=   3.8889      val_loss=   3.5979      best=1      size= 284      nSHD_c=   8.2667      nSHD=   8.0333      tpr_c=   0.1338      change_adj_count=451      
2022-08-18 BST 10:59:14,805 - INFO -  epoch= 600      train_loss=   3.9086      val_loss=   3.3111      best=1      size= 279      nSHD_c=   8.1000      nSHD=   7.8667      tpr_c=   0.1362      change_adj_count=526      
2022-08-18 BST 10:59:35,705 - INFO -  epoch= 700      train_loss=   3.9284      val_loss=   3.6166      best=1      size= 283      nSHD_c=   8.2333      nSHD=   8.0000      tpr_c=   0.1343      change_adj_count=579      
2022-08-18 BST 11:00:00,360 - INFO -  epoch= 800      train_loss=   3.9194      val_loss=   3.6139      best=1      size= 284      nSHD_c=   8.2667      nSHD=   8.0333      tpr_c=   0.1338      change_adj_count=637      
2022-08-18 BST 11:00:26,168 - INFO -  epoch= 900      train_loss=   3.8834      val_loss=   3.4972      best=1      size= 282      nSHD_c=   8.2000      nSHD=   7.9667      tpr_c=   0.1348      change_adj_count=688      
2022-08-18 BST 11:00:29,489 - INFO -  epoch= 918      train_loss=   3.7943      val_loss=   3.2545      best=1      size= 280      nSHD_c=   8.1333      nSHD=   7.9000      tpr_c=   0.1357      change_adj_count=700      
2022-08-18 BST 11:00:44,422 - INFO -  epoch=1000      train_loss=   3.7018      val_loss=   3.4288      best=1      size= 279      nSHD_c=   8.1000      nSHD=   7.8667      tpr_c=   0.1362      change_adj_count=750      
2022-08-18 BST 11:00:44,434 - INFO - Before params
2022-08-18 BST 11:00:44,434 - INFO - After params={'MAX_SIZE': [None], 'LAMBDA': [100], 'NOISE_TEMPERATURE': [10], 'h_NULL': [0], 'h_LR': [0.0001], 'z_RHO': [0], 'z_MU': [0]}
2022-08-18 BST 11:00:44,435 - INFO - After metrics={'train_loss': [3.7017700133785123], 'val_loss': [3.428831855456034], 'size': [279], 'nshd_c': [8.1], 'nshd': [7.866666666666666], 'tpr': [0.8490566037735849], 'tpr_c': [0.13620071684587814], 'change_adj_count': [750]}
2022-08-18 BST 11:00:44,460 - INFO - After to_save=  MAX_SIZE  LAMBDA  NOISE_TEMPERATURE  ...       tpr     tpr_c  change_adj_count
0     None     100                 10  ...  0.849057  0.136201               750

[1 rows x 16 columns]
2022-08-18 BST 11:00:44,460 - INFO - After file_path='../results/l_66none_4hps.csv'
2022-08-18 BST 11:00:44,475 - INFO - Last epoch results saved in l_66none_4hps.csv
2022-08-18 BST 11:00:44,476 - INFO - 

DAG 13: size_true=53	X.var()=112.2632
2022-08-18 BST 11:00:44,783 - INFO -  epoch=   1      train_loss=  63.9306      val_loss=  32.4530      best=1      size= 240      nSHD_c=   7.3667      nSHD=   7.3333      tpr_c=   0.1208      change_adj_count=5      
2022-08-18 BST 11:01:19,054 - INFO -  epoch= 100      train_loss=  13.7251      val_loss=  12.8528      best=1      size= 308      nSHD_c=   9.0000      nSHD=   8.9000      tpr_c=   0.1299      change_adj_count=104      
2022-08-18 BST 11:01:41,456 - INFO -  epoch= 200      train_loss=  13.7597      val_loss=  11.7460      best=1      size= 308      nSHD_c=   8.9667      nSHD=   8.8667      tpr_c=   0.1299      change_adj_count=203      
2022-08-18 BST 11:02:09,366 - INFO -  epoch= 300      train_loss=  13.3623      val_loss=  21.5737      best=1      size= 302      nSHD_c=   8.7000      nSHD=   8.6000      tpr_c=   0.1358      change_adj_count=297      
2022-08-18 BST 11:02:31,158 - INFO -  epoch= 400      train_loss=  12.7488      val_loss=  21.0627      best=1      size= 297      nSHD_c=   8.6333      nSHD=   8.5333      tpr_c=   0.1313      change_adj_count=387      
2022-08-18 BST 11:03:02,165 - INFO -  epoch= 500      train_loss=  12.8145      val_loss=  21.1127      best=1      size= 301      nSHD_c=   8.7667      nSHD=   8.6667      tpr_c=   0.1296      change_adj_count=464      
2022-08-18 BST 11:03:25,868 - INFO -  epoch= 600      train_loss=  12.9399      val_loss=  22.2352      best=1      size= 299      nSHD_c=   8.6333      nSHD=   8.5333      tpr_c=   0.1338      change_adj_count=538      
2022-08-18 BST 11:03:50,076 - INFO -  epoch= 700      train_loss=  13.1616      val_loss=  21.3242      best=1      size= 294      nSHD_c=   8.5333      nSHD=   8.4333      tpr_c=   0.1327      change_adj_count=612      
2022-08-18 BST 11:04:21,327 - INFO -  epoch= 800      train_loss=  12.5445      val_loss=  22.1832      best=1      size= 296      nSHD_c=   8.6000      nSHD=   8.5000      tpr_c=   0.1318      change_adj_count=665      
2022-08-18 BST 11:04:48,044 - INFO -  epoch= 900      train_loss=  11.8172      val_loss=  20.4852      best=1      size= 292      nSHD_c=   8.4667      nSHD=   8.3667      tpr_c=   0.1336      change_adj_count=717      
2022-08-18 BST 11:05:07,424 - INFO -  epoch=1000      train_loss=  11.9974      val_loss=  20.7165      best=1      size= 291      nSHD_c=   8.5000      nSHD=   8.4000      tpr_c=   0.1306      change_adj_count=758      
2022-08-18 BST 11:05:07,428 - INFO - Before params
2022-08-18 BST 11:05:07,428 - INFO - After params={'MAX_SIZE': [None], 'LAMBDA': [100], 'NOISE_TEMPERATURE': [10], 'h_NULL': [0], 'h_LR': [0.0001], 'z_RHO': [0], 'z_MU': [0]}
2022-08-18 BST 11:05:07,429 - INFO - After metrics={'train_loss': [11.99740174508864], 'val_loss': [20.71648343404134], 'size': [291], 'nshd_c': [8.5], 'nshd': [8.4], 'tpr': [0.7735849056603774], 'tpr_c': [0.13058419243986255], 'change_adj_count': [758]}
2022-08-18 BST 11:05:07,463 - INFO - After to_save=  MAX_SIZE  LAMBDA  NOISE_TEMPERATURE  ...       tpr     tpr_c  change_adj_count
0     None     100                 10  ...  0.773585  0.130584               758

[1 rows x 16 columns]
2022-08-18 BST 11:05:07,463 - INFO - After file_path='../results/l_66none_4hps.csv'
2022-08-18 BST 11:05:07,469 - INFO - Last epoch results saved in l_66none_4hps.csv
2022-08-18 BST 11:05:07,470 - INFO - 

DAG 14: size_true=59	X.var()=16.7418
2022-08-18 BST 11:05:07,794 - INFO -  epoch=   1      train_loss=   9.4398      val_loss=   5.1396      best=1      size= 262      nSHD_c=   7.7333      nSHD=   7.6667      tpr_c=   0.1412      change_adj_count=5      
2022-08-18 BST 11:05:36,536 - INFO -  epoch= 100      train_loss=   4.1598      val_loss=   5.9400      best=1      size= 353      nSHD_c=  10.0667      nSHD=   9.9333      tpr_c=   0.1445      change_adj_count=104      
2022-08-18 BST 11:05:59,826 - INFO -  epoch= 200      train_loss=   4.2051      val_loss=   5.4063      best=1      size= 360      nSHD_c=  10.3000      nSHD=  10.1667      tpr_c=   0.1417      change_adj_count=200      
2022-08-18 BST 11:06:19,741 - INFO -  epoch= 300      train_loss=   4.0499      val_loss=   5.1502      best=1      size= 363      nSHD_c=  10.4333      nSHD=  10.2667      tpr_c=   0.1377      change_adj_count=297      
2022-08-18 BST 11:06:52,765 - INFO -  epoch= 400      train_loss=   4.0205      val_loss=   5.0309      best=1      size= 354      nSHD_c=  10.1333      nSHD=   9.9667      tpr_c=   0.1412      change_adj_count=371      
2022-08-18 BST 11:07:16,929 - INFO -  epoch= 500      train_loss=   4.0674      val_loss=   5.1758      best=1      size= 355      nSHD_c=  10.1667      nSHD=  10.0000      tpr_c=   0.1408      change_adj_count=447      
2022-08-18 BST 11:07:39,676 - INFO -  epoch= 600      train_loss=   3.9307      val_loss=   4.9244      best=1      size= 354      nSHD_c=  10.1333      nSHD=   9.9667      tpr_c=   0.1412      change_adj_count=503      
2022-08-18 BST 11:08:04,199 - INFO -  epoch= 700      train_loss=   3.9216      val_loss=   4.7345      best=1      size= 355      nSHD_c=  10.1667      nSHD=  10.0000      tpr_c=   0.1408      change_adj_count=564      
2022-08-18 BST 11:08:04,597 - INFO -  epoch= 701      train_loss=   3.9329      val_loss=   4.7036      best=1      size= 355      nSHD_c=  10.1667      nSHD=  10.0000      tpr_c=   0.1408      change_adj_count=565      
2022-08-18 BST 11:08:15,994 - INFO -  epoch= 734      train_loss=   3.8526      val_loss=   4.3853      best=1      size= 358      nSHD_c=  10.2667      nSHD=  10.1000      tpr_c=   0.1397      change_adj_count=589      
2022-08-18 BST 11:08:34,686 - INFO -  epoch= 800      train_loss=   3.8820      val_loss=   4.5767      best=1      size= 358      nSHD_c=  10.2667      nSHD=  10.1000      tpr_c=   0.1397      change_adj_count=620      
2022-08-18 BST 11:08:35,279 - INFO -  epoch= 803      train_loss=   3.9122      val_loss=   4.3758      best=1      size= 358      nSHD_c=  10.2667      nSHD=  10.1000      tpr_c=   0.1397      change_adj_count=622      
2022-08-18 BST 11:08:57,026 - INFO -  epoch= 900      train_loss=   3.8390      val_loss=   5.2994      best=1      size= 360      nSHD_c=  10.3333      nSHD=  10.1667      tpr_c=   0.1389      change_adj_count=671      
2022-08-18 BST 11:09:25,078 - INFO -  epoch= 998      train_loss=   3.8030      val_loss=   4.4904      best=1      size= 357      nSHD_c=  10.2333      nSHD=  10.0667      tpr_c=   0.1401      change_adj_count=710      
2022-08-18 BST 11:09:25,816 - INFO -  epoch=1000      train_loss=   3.9040      val_loss=   4.6587      best=1      size= 357      nSHD_c=  10.2333      nSHD=  10.0667      tpr_c=   0.1401      change_adj_count=710      
2022-08-18 BST 11:09:25,817 - INFO - Before params
2022-08-18 BST 11:09:25,817 - INFO - After params={'MAX_SIZE': [None], 'LAMBDA': [100], 'NOISE_TEMPERATURE': [10], 'h_NULL': [0], 'h_LR': [0.0001], 'z_RHO': [0], 'z_MU': [0]}
2022-08-18 BST 11:09:25,817 - INFO - After metrics={'train_loss': [3.904046727764991], 'val_loss': [4.6587016979853315], 'size': [357], 'nshd_c': [10.233333333333333], 'nshd': [10.066666666666666], 'tpr': [0.9322033898305084], 'tpr_c': [0.1400560224089636], 'change_adj_count': [710]}
2022-08-18 BST 11:09:25,834 - INFO - After to_save=  MAX_SIZE  LAMBDA  NOISE_TEMPERATURE  ...       tpr     tpr_c  change_adj_count
0     None     100                 10  ...  0.932203  0.140056               710

[1 rows x 16 columns]
2022-08-18 BST 11:09:25,834 - INFO - After file_path='../results/l_66none_4hps.csv'
2022-08-18 BST 11:09:25,836 - INFO - Last epoch results saved in l_66none_4hps.csv
2022-08-18 BST 11:09:25,837 - INFO - 

DAG 15: size_true=42	X.var()=8.6273
2022-08-18 BST 11:09:26,219 - INFO -  epoch=   1      train_loss=   5.7255      val_loss=   3.7458      best=1      size= 190      nSHD_c=   5.7000      nSHD=   5.7000      tpr_c=   0.1316      change_adj_count=5      
2022-08-18 BST 11:09:26,604 - INFO -  epoch=   2      train_loss=   3.6867      val_loss=   3.1181      best=1      size= 223      nSHD_c=   6.4000      nSHD=   6.3333      tpr_c=   0.1525      change_adj_count=6      
2022-08-18 BST 11:09:26,987 - INFO -  epoch=   3      train_loss=   3.2893      val_loss=   2.8054      best=1      size= 247      nSHD_c=   7.1667      nSHD=   7.1000      tpr_c=   0.1417      change_adj_count=7      
2022-08-18 BST 11:09:27,376 - INFO -  epoch=   4      train_loss=   3.1015      val_loss=   2.6724      best=1      size= 262      nSHD_c=   7.8000      nSHD=   7.7333      tpr_c=   0.1260      change_adj_count=8      
2022-08-18 BST 11:09:28,113 - INFO -  epoch=   6      train_loss=   3.0089      val_loss=   2.5972      best=1      size= 276      nSHD_c=   8.1000      nSHD=   8.0000      tpr_c=   0.1268      change_adj_count=10      
2022-08-18 BST 11:09:30,927 - INFO -  epoch=  14      train_loss=   2.9253      val_loss=   2.5277      best=1      size= 298      nSHD_c=   8.6667      nSHD=   8.6000      tpr_c=   0.1275      change_adj_count=18      
2022-08-18 BST 11:09:35,112 - INFO -  epoch=  27      train_loss=   2.8979      val_loss=   2.4568      best=1      size= 296      nSHD_c=   8.6333      nSHD=   8.5667      tpr_c=   0.1250      change_adj_count=31      
2022-08-18 BST 11:09:35,680 - INFO -  epoch=  30      train_loss=   2.8471      val_loss=   2.4766      best=1      size= 294      nSHD_c=   8.5333      nSHD=   8.4667      tpr_c=   0.1293      change_adj_count=34      
2022-08-18 BST 11:09:51,103 - INFO -  epoch= 100      train_loss=   2.9358      val_loss=   2.6498      best=1      size= 274      nSHD_c=   7.9000      nSHD=   7.8000      tpr_c=   0.1350      change_adj_count=104      
2022-08-18 BST 11:10:14,915 - INFO -  epoch= 189      train_loss=   2.8552      val_loss=   2.2432      best=1      size= 259      nSHD_c=   7.4000      nSHD=   7.3000      tpr_c=   0.1429      change_adj_count=192      
2022-08-18 BST 11:10:16,933 - INFO -  epoch= 200      train_loss=   2.8031      val_loss=   2.5098      best=1      size= 252      nSHD_c=   7.1667      nSHD=   7.0667      tpr_c=   0.1468      change_adj_count=203      
2022-08-18 BST 11:10:35,305 - INFO -  epoch= 300      train_loss=   2.8258      val_loss=   2.5391      best=1      size= 255      nSHD_c=   7.2667      nSHD=   7.1667      tpr_c=   0.1451      change_adj_count=300      
2022-08-18 BST 11:11:08,290 - INFO -  epoch= 400      train_loss=   2.8179      val_loss=   2.5819      best=1      size= 251      nSHD_c=   7.1333      nSHD=   7.0333      tpr_c=   0.1474      change_adj_count=387      
2022-08-18 BST 11:11:28,766 - INFO -  epoch= 500      train_loss=   2.8151      val_loss=   2.6235      best=1      size= 247      nSHD_c=   7.0000      nSHD=   6.9000      tpr_c=   0.1498      change_adj_count=466      
2022-08-18 BST 11:11:58,364 - INFO -  epoch= 600      train_loss=   2.7817      val_loss=   2.3711      best=1      size= 248      nSHD_c=   7.0333      nSHD=   6.9333      tpr_c=   0.1492      change_adj_count=545      
2022-08-18 BST 11:12:15,922 - INFO -  epoch= 683      train_loss=   2.7841      val_loss=   2.3233      best=1      size= 245      nSHD_c=   6.9333      nSHD=   6.8333      tpr_c=   0.1510      change_adj_count=599      
2022-08-18 BST 11:12:19,497 - INFO -  epoch= 700      train_loss=   2.7323      val_loss=   2.4830      best=1      size= 244      nSHD_c=   6.9000      nSHD=   6.8000      tpr_c=   0.1516      change_adj_count=610      
2022-08-18 BST 11:12:35,356 - INFO -  epoch= 751      train_loss=   2.6747      val_loss=   2.2226      best=1      size= 244      nSHD_c=   6.9000      nSHD=   6.8000      tpr_c=   0.1516      change_adj_count=642      
2022-08-18 BST 11:12:45,326 - INFO -  epoch= 800      train_loss=   2.6846      val_loss=   2.4622      best=1      size= 245      nSHD_c=   6.9333      nSHD=   6.8333      tpr_c=   0.1510      change_adj_count=670      
2022-08-18 BST 11:12:46,314 - INFO -  epoch= 803      train_loss=   2.7010      val_loss=   2.2356      best=1      size= 245      nSHD_c=   6.9333      nSHD=   6.8333      tpr_c=   0.1510      change_adj_count=672      
2022-08-18 BST 11:13:06,557 - INFO -  epoch= 900      train_loss=   2.7199      val_loss=   2.2999      best=1      size= 245      nSHD_c=   6.9333      nSHD=   6.8333      tpr_c=   0.1510      change_adj_count=731      
2022-08-18 BST 11:13:37,795 - INFO -  epoch=1000      train_loss=   2.6844      val_loss=   2.3616      best=1      size= 242      nSHD_c=   6.8333      nSHD=   6.7333      tpr_c=   0.1529      change_adj_count=799      
2022-08-18 BST 11:13:37,796 - INFO - Before params
2022-08-18 BST 11:13:37,796 - INFO - After params={'MAX_SIZE': [None], 'LAMBDA': [100], 'NOISE_TEMPERATURE': [10], 'h_NULL': [0], 'h_LR': [0.0001], 'z_RHO': [0], 'z_MU': [0]}
2022-08-18 BST 11:13:37,796 - INFO - After metrics={'train_loss': [2.6844154865511003], 'val_loss': [2.3616047700246177], 'size': [242], 'nshd_c': [6.833333333333333], 'nshd': [6.733333333333333], 'tpr': [0.9523809523809523], 'tpr_c': [0.15289256198347106], 'change_adj_count': [799]}
2022-08-18 BST 11:13:37,813 - INFO - After to_save=  MAX_SIZE  LAMBDA  NOISE_TEMPERATURE  ...       tpr     tpr_c  change_adj_count
0     None     100                 10  ...  0.952381  0.152893               799

[1 rows x 16 columns]
2022-08-18 BST 11:13:37,813 - INFO - After file_path='../results/l_66none_4hps.csv'
2022-08-18 BST 11:13:37,815 - INFO - Last epoch results saved in l_66none_4hps.csv
2022-08-18 BST 11:13:37,815 - INFO - 

DAG 16: size_true=50	X.var()=12.1502
2022-08-18 BST 11:13:38,185 - INFO -  epoch=   1      train_loss=   7.6425      val_loss=   5.3882      best=1      size= 234      nSHD_c=   6.6000      nSHD=   6.6000      tpr_c=   0.1581      change_adj_count=5      
2022-08-18 BST 11:13:38,573 - INFO -  epoch=   2      train_loss=   4.7678      val_loss=   3.6316      best=1      size= 285      nSHD_c=   8.1000      nSHD=   8.0667      tpr_c=   0.1544      change_adj_count=6      
2022-08-18 BST 11:13:59,991 - INFO -  epoch= 100      train_loss=   3.6187      val_loss=   4.0541      best=1      size= 320      nSHD_c=   9.3000      nSHD=   9.1667      tpr_c=   0.1344      change_adj_count=104      
2022-08-18 BST 11:14:24,204 - INFO -  epoch= 200      train_loss=   3.6103      val_loss=   4.1877      best=1      size= 308      nSHD_c=   8.9000      nSHD=   8.7667      tpr_c=   0.1396      change_adj_count=198      
2022-08-18 BST 11:14:54,990 - INFO -  epoch= 300      train_loss=   3.6158      val_loss=   3.8253      best=1      size= 305      nSHD_c=   8.8000      nSHD=   8.6667      tpr_c=   0.1410      change_adj_count=284      
2022-08-18 BST 11:15:22,662 - INFO -  epoch= 400      train_loss=   3.5155      val_loss=   3.9403      best=1      size= 308      nSHD_c=   8.9000      nSHD=   8.7667      tpr_c=   0.1396      change_adj_count=354      
2022-08-18 BST 11:15:41,312 - INFO -  epoch= 500      train_loss=   3.5405      val_loss=   4.0000      best=1      size= 308      nSHD_c=   8.8333      nSHD=   8.7000      tpr_c=   0.1429      change_adj_count=427      
2022-08-18 BST 11:16:09,664 - INFO -  epoch= 600      train_loss=   3.4559      val_loss=   3.6970      best=1      size= 304      nSHD_c=   8.7667      nSHD=   8.6333      tpr_c=   0.1414      change_adj_count=469      
2022-08-18 BST 11:16:35,144 - INFO -  epoch= 700      train_loss=   3.4519      val_loss=   3.7170      best=1      size= 302      nSHD_c=   8.7000      nSHD=   8.5667      tpr_c=   0.1424      change_adj_count=503      
2022-08-18 BST 11:16:53,997 - INFO -  epoch= 800      train_loss=   3.3681      val_loss=   3.6859      best=1      size= 303      nSHD_c=   8.7333      nSHD=   8.6000      tpr_c=   0.1419      change_adj_count=538      
2022-08-18 BST 11:17:28,951 - INFO -  epoch= 900      train_loss=   3.3741      val_loss=   3.5694      best=1      size= 301      nSHD_c=   8.6667      nSHD=   8.5333      tpr_c=   0.1429      change_adj_count=588      
2022-08-18 BST 11:17:54,899 - INFO -  epoch=1000      train_loss=   3.3411      val_loss=   3.4542      best=1      size= 300      nSHD_c=   8.6333      nSHD=   8.5000      tpr_c=   0.1433      change_adj_count=614      
2022-08-18 BST 11:17:54,901 - INFO - Before params
2022-08-18 BST 11:17:54,901 - INFO - After params={'MAX_SIZE': [None], 'LAMBDA': [100], 'NOISE_TEMPERATURE': [10], 'h_NULL': [0], 'h_LR': [0.0001], 'z_RHO': [0], 'z_MU': [0]}
2022-08-18 BST 11:17:54,901 - INFO - After metrics={'train_loss': [3.3410897562580724], 'val_loss': [3.4541948636372886], 'size': [300], 'nshd_c': [8.633333333333333], 'nshd': [8.5], 'tpr': [0.94], 'tpr_c': [0.14333333333333334], 'change_adj_count': [614]}
2022-08-18 BST 11:17:54,916 - INFO - After to_save=  MAX_SIZE  LAMBDA  NOISE_TEMPERATURE  ...   tpr     tpr_c  change_adj_count
0     None     100                 10  ...  0.94  0.143333               614

[1 rows x 16 columns]
2022-08-18 BST 11:17:54,916 - INFO - After file_path='../results/l_66none_4hps.csv'
2022-08-18 BST 11:17:54,918 - INFO - Last epoch results saved in l_66none_4hps.csv
2022-08-18 BST 11:17:54,919 - INFO - 

DAG 17: size_true=49	X.var()=16.5203
2022-08-18 BST 11:17:55,306 - INFO -  epoch=   1      train_loss=   9.2516      val_loss=   6.1068      best=1      size= 240      nSHD_c=   7.0667      nSHD=   7.0000      tpr_c=   0.1333      change_adj_count=5      
2022-08-18 BST 11:18:18,569 - INFO -  epoch= 100      train_loss=   4.2149      val_loss=   4.8770      best=1      size= 322      nSHD_c=   9.3333      nSHD=   9.1000      tpr_c=   0.1304      change_adj_count=104      
2022-08-18 BST 11:18:45,141 - INFO -  epoch= 200      train_loss=   4.1539      val_loss=   5.0053      best=1      size= 309      nSHD_c=   8.9667      nSHD=   8.7333      tpr_c=   0.1327      change_adj_count=201      
2022-08-18 BST 11:19:17,798 - INFO -  epoch= 300      train_loss=   4.0481      val_loss=   5.0147      best=1      size= 306      nSHD_c=   8.8667      nSHD=   8.6333      tpr_c=   0.1340      change_adj_count=292      
2022-08-18 BST 11:19:41,959 - INFO -  epoch= 400      train_loss=   4.0868      val_loss=   4.5830      best=1      size= 307      nSHD_c=   8.9000      nSHD=   8.6667      tpr_c=   0.1336      change_adj_count=380      
2022-08-18 BST 11:20:12,958 - INFO -  epoch= 500      train_loss=   4.0273      val_loss=   3.7348      best=1      size= 304      nSHD_c=   8.8667      nSHD=   8.6333      tpr_c=   0.1283      change_adj_count=453      
2022-08-18 BST 11:20:37,134 - INFO -  epoch= 580      train_loss=   3.9383      val_loss=   3.5870      best=1      size= 302      nSHD_c=   8.8000      nSHD=   8.5667      tpr_c=   0.1291      change_adj_count=516      
2022-08-18 BST 11:20:41,762 - INFO -  epoch= 600      train_loss=   4.0376      val_loss=   4.0195      best=1      size= 302      nSHD_c=   8.8000      nSHD=   8.5667      tpr_c=   0.1291      change_adj_count=533      
2022-08-18 BST 11:21:10,376 - INFO -  epoch= 700      train_loss=   3.9775      val_loss=   3.9426      best=1      size= 299      nSHD_c=   8.7000      nSHD=   8.4667      tpr_c=   0.1304      change_adj_count=601      
2022-08-18 BST 11:21:33,465 - INFO -  epoch= 800      train_loss=   3.9521      val_loss=   3.6531      best=1      size= 301      nSHD_c=   8.7667      nSHD=   8.5333      tpr_c=   0.1296      change_adj_count=661      
2022-08-18 BST 11:21:37,033 - INFO -  epoch= 810      train_loss=   3.8904      val_loss=   3.6949      best=1      size= 300      nSHD_c=   8.7333      nSHD=   8.5000      tpr_c=   0.1300      change_adj_count=663      
2022-08-18 BST 11:22:05,081 - INFO -  epoch= 900      train_loss=   3.8698      val_loss=   3.6169      best=1      size= 300      nSHD_c=   8.7333      nSHD=   8.5000      tpr_c=   0.1300      change_adj_count=718      
2022-08-18 BST 11:22:24,337 - INFO -  epoch=1000      train_loss=   3.7987      val_loss=   3.6924      best=1      size= 303      nSHD_c=   8.8333      nSHD=   8.6000      tpr_c=   0.1287      change_adj_count=771      
2022-08-18 BST 11:22:24,338 - INFO - Before params
2022-08-18 BST 11:22:24,338 - INFO - After params={'MAX_SIZE': [None], 'LAMBDA': [100], 'NOISE_TEMPERATURE': [10], 'h_NULL': [0], 'h_LR': [0.0001], 'z_RHO': [0], 'z_MU': [0]}
2022-08-18 BST 11:22:24,338 - INFO - After metrics={'train_loss': [3.798724120663058], 'val_loss': [3.692432244618734], 'size': [303], 'nshd_c': [8.833333333333334], 'nshd': [8.6], 'tpr': [0.9387755102040817], 'tpr_c': [0.12871287128712872], 'change_adj_count': [771]}
2022-08-18 BST 11:22:24,354 - INFO - After to_save=  MAX_SIZE  LAMBDA  NOISE_TEMPERATURE  ...       tpr     tpr_c  change_adj_count
0     None     100                 10  ...  0.938776  0.128713               771

[1 rows x 16 columns]
2022-08-18 BST 11:22:24,354 - INFO - After file_path='../results/l_66none_4hps.csv'
2022-08-18 BST 11:22:24,356 - INFO - Last epoch results saved in l_66none_4hps.csv
2022-08-18 BST 11:22:24,357 - INFO - 

DAG 18: size_true=56	X.var()=17.9506
2022-08-18 BST 11:22:24,624 - INFO -  epoch=   1      train_loss=  10.6319      val_loss=   6.4687      best=1      size= 267      nSHD_c=   7.8667      nSHD=   7.6000      tpr_c=   0.1236      change_adj_count=5      
2022-08-18 BST 11:22:57,402 - INFO -  epoch= 100      train_loss=   4.2422      val_loss=   3.9940      best=1      size= 316      nSHD_c=   9.2000      nSHD=   8.8000      tpr_c=   0.1266      change_adj_count=104      
2022-08-18 BST 11:23:23,124 - INFO -  epoch= 200      train_loss=   4.4011      val_loss=   4.1259      best=1      size= 299      nSHD_c=   8.7333      nSHD=   8.3333      tpr_c=   0.1271      change_adj_count=204      
2022-08-18 BST 11:23:47,245 - INFO -  epoch= 300      train_loss=   4.3038      val_loss=   4.0452      best=1      size= 299      nSHD_c=   8.7667      nSHD=   8.3333      tpr_c=   0.1237      change_adj_count=294      
2022-08-18 BST 11:24:13,655 - INFO -  epoch= 400      train_loss=   4.2018      val_loss=   4.3775      best=1      size= 295      nSHD_c=   8.7000      nSHD=   8.2667      tpr_c=   0.1220      change_adj_count=379      
2022-08-18 BST 11:24:46,930 - INFO -  epoch= 500      train_loss=   4.1628      val_loss=   4.0112      best=1      size= 290      nSHD_c=   8.5333      nSHD=   8.1000      tpr_c=   0.1241      change_adj_count=452      
2022-08-18 BST 11:25:10,351 - INFO -  epoch= 600      train_loss=   4.1158      val_loss=   4.1718      best=1      size= 288      nSHD_c=   8.4333      nSHD=   8.0333      tpr_c=   0.1285      change_adj_count=522      
2022-08-18 BST 11:25:38,984 - INFO -  epoch= 700      train_loss=   4.1351      val_loss=   3.6648      best=1      size= 291      nSHD_c=   8.5333      nSHD=   8.1333      tpr_c=   0.1271      change_adj_count=572      
2022-08-18 BST 11:26:11,320 - INFO -  epoch= 800      train_loss=   4.0828      val_loss=   3.9138      best=1      size= 286      nSHD_c=   8.3667      nSHD=   7.9667      tpr_c=   0.1294      change_adj_count=619      
2022-08-18 BST 11:26:39,785 - INFO -  epoch= 900      train_loss=   3.9562      val_loss=   3.6772      best=1      size= 287      nSHD_c=   8.4000      nSHD=   8.0000      tpr_c=   0.1289      change_adj_count=666      
2022-08-18 BST 11:27:03,180 - INFO -  epoch=1000      train_loss=   3.9398      val_loss=   3.8136      best=1      size= 285      nSHD_c=   8.3333      nSHD=   7.9333      tpr_c=   0.1298      change_adj_count=715      
2022-08-18 BST 11:27:03,181 - INFO - Before params
2022-08-18 BST 11:27:03,181 - INFO - After params={'MAX_SIZE': [None], 'LAMBDA': [100], 'NOISE_TEMPERATURE': [10], 'h_NULL': [0], 'h_LR': [0.0001], 'z_RHO': [0], 'z_MU': [0]}
2022-08-18 BST 11:27:03,181 - INFO - After metrics={'train_loss': [3.939836678966399], 'val_loss': [3.8135870695114136], 'size': [285], 'nshd_c': [8.333333333333334], 'nshd': [7.933333333333334], 'tpr': [0.875], 'tpr_c': [0.12982456140350876], 'change_adj_count': [715]}
2022-08-18 BST 11:27:03,200 - INFO - After to_save=  MAX_SIZE  LAMBDA  NOISE_TEMPERATURE  ...    tpr     tpr_c  change_adj_count
0     None     100                 10  ...  0.875  0.129825               715

[1 rows x 16 columns]
2022-08-18 BST 11:27:03,200 - INFO - After file_path='../results/l_66none_4hps.csv'
2022-08-18 BST 11:27:03,214 - INFO - Last epoch results saved in l_66none_4hps.csv
2022-08-18 BST 11:27:03,215 - INFO - 

DAG 19: size_true=57	X.var()=24.8142
2022-08-18 BST 11:27:03,526 - INFO -  epoch=   1      train_loss=  13.8638      val_loss=   8.6777      best=1      size= 284      nSHD_c=   8.6667      nSHD=   8.5667      tpr_c=   0.1232      change_adj_count=5      
2022-08-18 BST 11:27:31,220 - INFO -  epoch= 100      train_loss=   5.8347      val_loss=   7.4164      best=1      size= 371      nSHD_c=  10.8333      nSHD=  10.6000      tpr_c=   0.1267      change_adj_count=104      
2022-08-18 BST 11:27:58,353 - INFO -  epoch= 200      train_loss=   5.8015      val_loss=   7.4369      best=1      size= 362      nSHD_c=  10.5333      nSHD=  10.3000      tpr_c=   0.1298      change_adj_count=199      
2022-08-18 BST 11:28:22,537 - INFO -  epoch= 300      train_loss=   5.7316      val_loss=   6.8726      best=1      size= 360      nSHD_c=  10.5000      nSHD=  10.3000      tpr_c=   0.1306      change_adj_count=290      
2022-08-18 BST 11:28:55,488 - INFO -  epoch= 400      train_loss=   5.6507      val_loss=   7.3324      best=1      size= 357      nSHD_c=  10.4000      nSHD=  10.2000      tpr_c=   0.1317      change_adj_count=365      
2022-08-18 BST 11:29:23,086 - INFO -  epoch= 500      train_loss=   5.6109      val_loss=   7.1280      best=1      size= 358      nSHD_c=  10.4333      nSHD=  10.2333      tpr_c=   0.1313      change_adj_count=432      
2022-08-18 BST 11:29:33,000 - INFO -  epoch= 536      train_loss=   5.4885      val_loss=   6.2784      best=1      size= 360      nSHD_c=  10.5000      nSHD=  10.2333      tpr_c=   0.1278      change_adj_count=460      
2022-08-18 BST 11:29:47,980 - INFO -  epoch= 600      train_loss=   5.5997      val_loss=   7.0724      best=1      size= 357      nSHD_c=  10.4000      nSHD=  10.2000      tpr_c=   0.1317      change_adj_count=495      
2022-08-18 BST 11:30:08,016 - INFO -  epoch= 681      train_loss=   5.4622      val_loss=   6.4814      best=1      size= 359      nSHD_c=  10.4667      nSHD=  10.2667      tpr_c=   0.1309      change_adj_count=543      
2022-08-18 BST 11:30:15,003 - INFO -  epoch= 700      train_loss=   5.4759      val_loss=   6.6505      best=1      size= 357      nSHD_c=  10.4000      nSHD=  10.2000      tpr_c=   0.1317      change_adj_count=555      
2022-08-18 BST 11:30:30,773 - INFO -  epoch= 745      train_loss=   5.4071      val_loss=   6.2845      best=1      size= 358      nSHD_c=  10.4333      nSHD=  10.2333      tpr_c=   0.1313      change_adj_count=571      
2022-08-18 BST 11:30:41,785 - INFO -  epoch= 784      train_loss=   5.3718      val_loss=   6.0499      best=1      size= 356      nSHD_c=  10.4000      nSHD=  10.1667      tpr_c=   0.1292      change_adj_count=591      
2022-08-18 BST 11:30:45,309 - INFO -  epoch= 799      train_loss=   5.3621      val_loss=   6.1866      best=1      size= 357      nSHD_c=  10.4000      nSHD=  10.2000      tpr_c=   0.1317      change_adj_count=594      
2022-08-18 BST 11:30:45,597 - INFO -  epoch= 800      train_loss=   5.4804      val_loss=   7.0535      best=1      size= 357      nSHD_c=  10.4000      nSHD=  10.2000      tpr_c=   0.1317      change_adj_count=594      
2022-08-18 BST 11:31:09,993 - INFO -  epoch= 900      train_loss=   5.3846      val_loss=   6.7977      best=1      size= 359      nSHD_c=  10.4667      nSHD=  10.2667      tpr_c=   0.1309      change_adj_count=621      
2022-08-18 BST 11:31:42,013 - INFO -  epoch=1000      train_loss=   5.2759      val_loss=   6.2491      best=1      size= 360      nSHD_c=  10.5000      nSHD=  10.3000      tpr_c=   0.1306      change_adj_count=658      
2022-08-18 BST 11:31:42,014 - INFO - Before params
2022-08-18 BST 11:31:42,015 - INFO - After params={'MAX_SIZE': [None], 'LAMBDA': [100], 'NOISE_TEMPERATURE': [10], 'h_NULL': [0], 'h_LR': [0.0001], 'z_RHO': [0], 'z_MU': [0]}
2022-08-18 BST 11:31:42,015 - INFO - After metrics={'train_loss': [5.275902178979689], 'val_loss': [6.249114116032918], 'size': [360], 'nshd_c': [10.5], 'nshd': [10.3], 'tpr': [0.9298245614035088], 'tpr_c': [0.13055555555555556], 'change_adj_count': [658]}
2022-08-18 BST 11:31:42,030 - INFO - After to_save=  MAX_SIZE  LAMBDA  NOISE_TEMPERATURE  ...       tpr     tpr_c  change_adj_count
0     None     100                 10  ...  0.929825  0.130556               658

[1 rows x 16 columns]
2022-08-18 BST 11:31:42,030 - INFO - After file_path='../results/l_66none_4hps.csv'
2022-08-18 BST 11:31:42,032 - INFO - Last epoch results saved in l_66none_4hps.csv
2022-08-18 BST 11:31:42,033 - INFO - 

DAG 20: size_true=59	X.var()=201.6824
2022-08-18 BST 11:31:42,412 - INFO -  epoch=   1      train_loss=  86.4031      val_loss=  30.3908      best=1      size= 290      nSHD_c=   8.8667      nSHD=   8.8000      tpr_c=   0.1241      change_adj_count=5      
2022-08-18 BST 11:32:06,363 - INFO -  epoch= 100      train_loss=  19.6374      val_loss=  34.4613      best=1      size= 368      nSHD_c=  10.8000      nSHD=  10.6000      tpr_c=   0.1250      change_adj_count=104      
2022-08-18 BST 11:32:33,661 - INFO -  epoch= 200      train_loss=  19.1839      val_loss=  39.7179      best=1      size= 364      nSHD_c=  10.7333      nSHD=  10.5000      tpr_c=   0.1209      change_adj_count=197      
2022-08-18 BST 11:32:56,661 - INFO -  epoch= 300      train_loss=  19.4284      val_loss=  32.9216      best=1      size= 363      nSHD_c=  10.5667      nSHD=  10.3667      tpr_c=   0.1267      change_adj_count=279      
2022-08-18 BST 11:33:27,388 - INFO -  epoch= 400      train_loss=  19.2522      val_loss=  32.7096      best=1      size= 365      nSHD_c=  10.7000      nSHD=  10.5000      tpr_c=   0.1233      change_adj_count=346      
2022-08-18 BST 11:33:47,652 - INFO -  epoch= 500      train_loss=  19.9019      val_loss=  30.5370      best=1      size= 364      nSHD_c=  10.6667      nSHD=  10.4667      tpr_c=   0.1236      change_adj_count=409      
2022-08-18 BST 11:34:20,843 - INFO -  epoch= 600      train_loss=  18.7816      val_loss=  34.9952      best=1      size= 362      nSHD_c=  10.6000      nSHD=  10.4000      tpr_c=   0.1243      change_adj_count=452      
2022-08-18 BST 11:34:47,520 - INFO -  epoch= 700      train_loss=  19.1935      val_loss=  33.7260      best=1      size= 361      nSHD_c=  10.5667      nSHD=  10.3667      tpr_c=   0.1247      change_adj_count=493      
2022-08-18 BST 11:35:11,260 - INFO -  epoch= 800      train_loss=  18.7309      val_loss=  31.2271      best=1      size= 361      nSHD_c=  10.5000      nSHD=  10.3333      tpr_c=   0.1274      change_adj_count=539      
2022-08-18 BST 11:35:37,718 - INFO -  epoch= 900      train_loss=  18.2958      val_loss=  33.3721      best=1      size= 361      nSHD_c=  10.6000      nSHD=  10.4333      tpr_c=   0.1219      change_adj_count=591      
2022-08-18 BST 11:36:07,767 - INFO -  epoch=1000      train_loss=  18.6138      val_loss=  33.6350      best=1      size= 361      nSHD_c=  10.5667      nSHD=  10.4000      tpr_c=   0.1247      change_adj_count=640      
2022-08-18 BST 11:36:07,767 - INFO - Before params
2022-08-18 BST 11:36:07,768 - INFO - After params={'MAX_SIZE': [None], 'LAMBDA': [100], 'NOISE_TEMPERATURE': [10], 'h_NULL': [0], 'h_LR': [0.0001], 'z_RHO': [0], 'z_MU': [0]}
2022-08-18 BST 11:36:07,768 - INFO - After metrics={'train_loss': [18.613845148394184], 'val_loss': [33.63495604197184], 'size': [361], 'nshd_c': [10.566666666666666], 'nshd': [10.4], 'tpr': [0.847457627118644], 'tpr_c': [0.12465373961218837], 'change_adj_count': [640]}
2022-08-18 BST 11:36:07,800 - INFO - After to_save=  MAX_SIZE  LAMBDA  NOISE_TEMPERATURE  ...       tpr     tpr_c  change_adj_count
0     None     100                 10  ...  0.847458  0.124654               640

[1 rows x 16 columns]
2022-08-18 BST 11:36:07,800 - INFO - After file_path='../results/l_66none_4hps.csv'
2022-08-18 BST 11:36:07,812 - INFO - Last epoch results saved in l_66none_4hps.csv
2022-08-18 BST 11:36:07,813 - INFO - 

DAG 21: size_true=57	X.var()=21.1204
2022-08-18 BST 11:36:08,057 - INFO -  epoch=   1      train_loss=  10.8186      val_loss=   6.8333      best=1      size= 268      nSHD_c=   8.0000      nSHD=   7.8667      tpr_c=   0.1194      change_adj_count=5      
2022-08-18 BST 11:36:31,564 - INFO -  epoch= 100      train_loss=   4.4898      val_loss=   6.1218      best=1      size= 333      nSHD_c=   9.4667      nSHD=   9.3667      tpr_c=   0.1471      change_adj_count=104      
2022-08-18 BST 11:37:04,597 - INFO -  epoch= 200      train_loss=   4.3887      val_loss=   6.0812      best=1      size= 332      nSHD_c=   9.4333      nSHD=   9.3333      tpr_c=   0.1476      change_adj_count=201      
2022-08-18 BST 11:37:31,717 - INFO -  epoch= 300      train_loss=   4.4197      val_loss=   5.3481      best=1      size= 334      nSHD_c=   9.5000      nSHD=   9.4000      tpr_c=   0.1467      change_adj_count=291      
2022-08-18 BST 11:38:00,106 - INFO -  epoch= 400      train_loss=   4.2582      val_loss=   5.5421      best=1      size= 334      nSHD_c=   9.5000      nSHD=   9.4000      tpr_c=   0.1467      change_adj_count=373      
2022-08-18 BST 11:38:21,801 - INFO -  epoch= 500      train_loss=   4.2240      val_loss=   5.2307      best=1      size= 331      nSHD_c=   9.4000      nSHD=   9.3000      tpr_c=   0.1480      change_adj_count=441      
2022-08-18 BST 11:38:37,550 - INFO -  epoch= 545      train_loss=   4.3996      val_loss=   4.8575      best=1      size= 330      nSHD_c=   9.3667      nSHD=   9.2667      tpr_c=   0.1485      change_adj_count=471      
2022-08-18 BST 11:38:56,792 - INFO -  epoch= 600      train_loss=   4.1861      val_loss=   5.5296      best=1      size= 326      nSHD_c=   9.2333      nSHD=   9.1333      tpr_c=   0.1503      change_adj_count=509      
2022-08-18 BST 11:39:17,899 - INFO -  epoch= 700      train_loss=   4.0763      val_loss=   5.1956      best=1      size= 330      nSHD_c=   9.3667      nSHD=   9.2667      tpr_c=   0.1485      change_adj_count=575      
2022-08-18 BST 11:39:36,586 - INFO -  epoch= 773      train_loss=   4.1418      val_loss=   4.3746      best=1      size= 330      nSHD_c=   9.3667      nSHD=   9.2667      tpr_c=   0.1485      change_adj_count=620      
2022-08-18 BST 11:39:46,101 - INFO -  epoch= 800      train_loss=   4.2876      val_loss=   5.3422      best=1      size= 330      nSHD_c=   9.3667      nSHD=   9.2667      tpr_c=   0.1485      change_adj_count=629      
2022-08-18 BST 11:40:15,982 - INFO -  epoch= 900      train_loss=   4.0805      val_loss=   4.9881      best=1      size= 328      nSHD_c=   9.3000      nSHD=   9.2000      tpr_c=   0.1494      change_adj_count=668      
2022-08-18 BST 11:40:33,021 - INFO -  epoch= 960      train_loss=   4.0609      val_loss=   5.0674      best=1      size= 330      nSHD_c=   9.3333      nSHD=   9.2333      tpr_c=   0.1515      change_adj_count=696      
2022-08-18 BST 11:40:36,567 - INFO -  epoch= 970      train_loss=   3.9922      val_loss=   4.8636      best=1      size= 329      nSHD_c=   9.3333      nSHD=   9.2333      tpr_c=   0.1489      change_adj_count=699      
2022-08-18 BST 11:40:38,314 - INFO -  epoch= 975      train_loss=   4.0648      val_loss=   4.8020      best=1      size= 330      nSHD_c=   9.3667      nSHD=   9.2667      tpr_c=   0.1485      change_adj_count=700      
2022-08-18 BST 11:40:43,697 - INFO -  epoch= 999      train_loss=   3.9992      val_loss=   5.0659      best=1      size= 328      nSHD_c=   9.3000      nSHD=   9.2000      tpr_c=   0.1494      change_adj_count=714      
2022-08-18 BST 11:40:43,961 - INFO -  epoch=1000      train_loss=   4.0376      val_loss=   4.9075      best=1      size= 328      nSHD_c=   9.3000      nSHD=   9.2000      tpr_c=   0.1494      change_adj_count=714      
2022-08-18 BST 11:40:43,961 - INFO - Before params
2022-08-18 BST 11:40:43,961 - INFO - After params={'MAX_SIZE': [None], 'LAMBDA': [100], 'NOISE_TEMPERATURE': [10], 'h_NULL': [0], 'h_LR': [0.0001], 'z_RHO': [0], 'z_MU': [0]}
2022-08-18 BST 11:40:43,961 - INFO - After metrics={'train_loss': [4.03756606963373], 'val_loss': [4.907495141029358], 'size': [328], 'nshd_c': [9.3], 'nshd': [9.2], 'tpr': [0.9122807017543859], 'tpr_c': [0.14939024390243902], 'change_adj_count': [714]}
2022-08-18 BST 11:40:43,980 - INFO - After to_save=  MAX_SIZE  LAMBDA  NOISE_TEMPERATURE  ...       tpr    tpr_c  change_adj_count
0     None     100                 10  ...  0.912281  0.14939               714

[1 rows x 16 columns]
2022-08-18 BST 11:40:43,980 - INFO - After file_path='../results/l_66none_4hps.csv'
2022-08-18 BST 11:40:43,982 - INFO - Last epoch results saved in l_66none_4hps.csv
2022-08-18 BST 11:40:43,983 - INFO - 

DAG 22: size_true=60	X.var()=129.8499
2022-08-18 BST 11:40:44,265 - INFO -  epoch=   1      train_loss=  68.9630      val_loss=  16.3063      best=1      size= 261      nSHD_c=   7.5667      nSHD=   7.5667      tpr_c=   0.1648      change_adj_count=5      
2022-08-18 BST 11:41:06,884 - INFO -  epoch= 100      train_loss=  14.9384      val_loss=  25.0395      best=1      size= 348      nSHD_c=   9.9667      nSHD=   9.9667      tpr_c=   0.1466      change_adj_count=104      
2022-08-18 BST 11:41:36,342 - INFO -  epoch= 200      train_loss=  15.2679      val_loss=  27.4461      best=1      size= 340      nSHD_c=   9.8000      nSHD=   9.7667      tpr_c=   0.1441      change_adj_count=195      
2022-08-18 BST 11:42:05,597 - INFO -  epoch= 300      train_loss=  14.8775      val_loss=  21.2810      best=1      size= 336      nSHD_c=   9.6000      nSHD=   9.5667      tpr_c=   0.1488      change_adj_count=282      
2022-08-18 BST 11:42:28,286 - INFO -  epoch= 400      train_loss=  15.5139      val_loss=  24.2635      best=1      size= 335      nSHD_c=   9.5667      nSHD=   9.5333      tpr_c=   0.1493      change_adj_count=367      
2022-08-18 BST 11:43:00,016 - INFO -  epoch= 500      train_loss=  14.8032      val_loss=  21.6370      best=1      size= 332      nSHD_c=   9.4000      nSHD=   9.3667      tpr_c=   0.1536      change_adj_count=441      
2022-08-18 BST 11:43:24,877 - INFO -  epoch= 600      train_loss=  14.8460      val_loss=  18.8291      best=1      size= 328      nSHD_c=   9.3667      nSHD=   9.3333      tpr_c=   0.1494      change_adj_count=498      
2022-08-18 BST 11:43:51,018 - INFO -  epoch= 700      train_loss=  14.5431      val_loss=  19.8547      best=1      size= 334      nSHD_c=   9.5667      nSHD=   9.5333      tpr_c=   0.1467      change_adj_count=546      
2022-08-18 BST 11:44:14,803 - INFO -  epoch= 800      train_loss=  14.2731      val_loss=  16.5933      best=1      size= 335      nSHD_c=   9.6000      nSHD=   9.5667      tpr_c=   0.1463      change_adj_count=591      
2022-08-18 BST 11:44:45,027 - INFO -  epoch= 900      train_loss=  13.8211      val_loss=  17.6081      best=1      size= 337      nSHD_c=   9.6667      nSHD=   9.6333      tpr_c=   0.1454      change_adj_count=638      
2022-08-18 BST 11:45:04,878 - INFO -  epoch=1000      train_loss=  14.2335      val_loss=  18.5785      best=1      size= 337      nSHD_c=   9.6667      nSHD=   9.6333      tpr_c=   0.1454      change_adj_count=671      
2022-08-18 BST 11:45:04,890 - INFO - Before params
2022-08-18 BST 11:45:04,890 - INFO - After params={'MAX_SIZE': [None], 'LAMBDA': [100], 'NOISE_TEMPERATURE': [10], 'h_NULL': [0], 'h_LR': [0.0001], 'z_RHO': [0], 'z_MU': [0]}
2022-08-18 BST 11:45:04,890 - INFO - After metrics={'train_loss': [14.233482883822534], 'val_loss': [18.57849645614624], 'size': [337], 'nshd_c': [9.666666666666666], 'nshd': [9.633333333333333], 'tpr': [0.8333333333333334], 'tpr_c': [0.14540059347181009], 'change_adj_count': [671]}
2022-08-18 BST 11:45:04,922 - INFO - After to_save=  MAX_SIZE  LAMBDA  NOISE_TEMPERATURE  ...       tpr     tpr_c  change_adj_count
0     None     100                 10  ...  0.833333  0.145401               671

[1 rows x 16 columns]
2022-08-18 BST 11:45:04,922 - INFO - After file_path='../results/l_66none_4hps.csv'
2022-08-18 BST 11:45:04,926 - INFO - Last epoch results saved in l_66none_4hps.csv
2022-08-18 BST 11:45:04,927 - INFO - 

DAG 23: size_true=49	X.var()=14.1269
2022-08-18 BST 11:45:05,248 - INFO -  epoch=   1      train_loss=   9.8245      val_loss=   6.7642      best=1      size= 200      nSHD_c=   5.7667      nSHD=   5.7000      tpr_c=   0.1700      change_adj_count=5      
2022-08-18 BST 11:45:05,479 - INFO -  epoch=   2      train_loss=   6.4694      val_loss=   4.0465      best=1      size= 226      nSHD_c=   6.5000      nSHD=   6.3667      tpr_c=   0.1593      change_adj_count=6      
2022-08-18 BST 11:45:38,927 - INFO -  epoch= 100      train_loss=   4.0052      val_loss=   3.4260      best=1      size= 264      nSHD_c=   7.3333      nSHD=   7.2000      tpr_c=   0.1667      change_adj_count=104      
2022-08-18 BST 11:46:04,140 - INFO -  epoch= 200      train_loss=   4.0945      val_loss=   3.3793      best=1      size= 261      nSHD_c=   7.3000      nSHD=   7.1667      tpr_c=   0.1648      change_adj_count=204      
2022-08-18 BST 11:46:30,382 - INFO -  epoch= 300      train_loss=   3.9994      val_loss=   3.1747      best=1      size= 259      nSHD_c=   7.2333      nSHD=   7.1000      tpr_c=   0.1660      change_adj_count=302      
2022-08-18 BST 11:46:54,938 - INFO -  epoch= 400      train_loss=   3.9876      val_loss=   3.2488      best=1      size= 257      nSHD_c=   7.1000      nSHD=   6.9667      tpr_c=   0.1712      change_adj_count=392      
2022-08-18 BST 11:47:28,194 - INFO -  epoch= 500      train_loss=   3.9698      val_loss=   3.2499      best=1      size= 258      nSHD_c=   7.2000      nSHD=   7.0667      tpr_c=   0.1667      change_adj_count=477      
2022-08-18 BST 11:47:52,268 - INFO -  epoch= 600      train_loss=   3.9281      val_loss=   3.3694      best=1      size= 248      nSHD_c=   6.8667      nSHD=   6.7333      tpr_c=   0.1734      change_adj_count=560      
2022-08-18 BST 11:48:21,956 - INFO -  epoch= 700      train_loss=   3.9748      val_loss=   3.3230      best=1      size= 250      nSHD_c=   6.9333      nSHD=   6.8000      tpr_c=   0.1720      change_adj_count=618      
2022-08-18 BST 11:48:51,344 - INFO -  epoch= 800      train_loss=   3.7681      val_loss=   3.1134      best=1      size= 253      nSHD_c=   7.0333      nSHD=   6.9000      tpr_c=   0.1700      change_adj_count=670      
2022-08-18 BST 11:49:20,391 - INFO -  epoch= 900      train_loss=   3.8834      val_loss=   2.9340      best=1      size= 255      nSHD_c=   7.1000      nSHD=   6.9667      tpr_c=   0.1686      change_adj_count=743      
2022-08-18 BST 11:49:40,660 - INFO -  epoch=1000      train_loss=   3.8400      val_loss=   2.8711      best=1      size= 254      nSHD_c=   7.0667      nSHD=   6.9333      tpr_c=   0.1693      change_adj_count=791      
2022-08-18 BST 11:49:40,661 - INFO - Before params
2022-08-18 BST 11:49:40,661 - INFO - After params={'MAX_SIZE': [None], 'LAMBDA': [100], 'NOISE_TEMPERATURE': [10], 'h_NULL': [0], 'h_LR': [0.0001], 'z_RHO': [0], 'z_MU': [0]}
2022-08-18 BST 11:49:40,662 - INFO - After metrics={'train_loss': [3.840043483241912], 'val_loss': [2.8711159229278564], 'size': [254], 'nshd_c': [7.066666666666666], 'nshd': [6.933333333333334], 'tpr': [0.9591836734693877], 'tpr_c': [0.16929133858267717], 'change_adj_count': [791]}
2022-08-18 BST 11:49:40,676 - INFO - After to_save=  MAX_SIZE  LAMBDA  NOISE_TEMPERATURE  ...       tpr     tpr_c  change_adj_count
0     None     100                 10  ...  0.959184  0.169291               791

[1 rows x 16 columns]
2022-08-18 BST 11:49:40,676 - INFO - After file_path='../results/l_66none_4hps.csv'
2022-08-18 BST 11:49:40,678 - INFO - Last epoch results saved in l_66none_4hps.csv
2022-08-18 BST 11:49:40,679 - INFO - 
last_mean_nshd_c=9.1708
2022-08-18 BST 11:49:40,679 - INFO - 
Time taken 1:44:53 (h:mm:ss)
2022-08-18 BST 11:49:40,679 - INFO - 
End of log for run 2022-08-18_BST_10:04:47,585_l_66none_4hps_301
