2022-08-17 BST 12:45:26,705 - INFO - 
Log for run 2022-08-17_BST_12:45:26,668_l_66_4hps_150

2022-08-17 BST 12:45:26,705 - INFO - COMMENT = ''
2022-08-17 BST 12:45:26,705 - INFO - DATA_FOLDER = '../data'
2022-08-17 BST 12:45:26,705 - INFO - LATENTS_FOLDER = '../latents'
2022-08-17 BST 12:45:26,705 - INFO - LOGS_FOLDER = '../logs'
2022-08-17 BST 12:45:26,705 - INFO - MODEL_FOLDER = '../models'
2022-08-17 BST 12:45:26,705 - INFO - RESULTS_FOLDER = '../results'
2022-08-17 BST 12:45:26,706 - INFO - DEVICE = torch.device("cuda" if torch.cuda.is_available() else "cpu")  # Used: "cuda"
2022-08-17 BST 12:45:26,706 - INFO - LATENTS = False
2022-08-17 BST 12:45:26,706 - INFO - MATRIX_REPORT = False
2022-08-17 BST 12:45:26,706 - INFO - LABEL = True
2022-08-17 BST 12:45:26,706 - INFO - SAVE_TO_ODS = False
2022-08-17 BST 12:45:26,706 - INFO - VAL_LOSS_FROM_DAG = True
2022-08-17 BST 12:45:26,706 - INFO - WANDB = False
2022-08-17 BST 12:45:26,706 - INFO - WANDB_PROJECT = 'Thetas'
2022-08-17 BST 12:45:26,706 - INFO - GRAD_LOG = False
2022-08-17 BST 12:45:26,706 - INFO - N_TRIALS = 1
2022-08-17 BST 12:45:26,706 - INFO - OPTUNA_STRINGS = {'None': None, 'True': True, 'False': False}
2022-08-17 BST 12:45:26,706 - INFO - TQDM = False
2022-08-17 BST 12:45:26,706 - INFO - 
hyperparameters = {
2022-08-17 BST 12:45:26,706 - INFO - 	'GRAPH_TYPE': 'ER2',
2022-08-17 BST 12:45:26,706 - INFO - 	'D': 30,
2022-08-17 BST 12:45:26,706 - INFO - 	'MAX_SIZE': 66,
2022-08-17 BST 12:45:26,706 - INFO - 	'SEM_NOISE': 'gaussian_ev',
2022-08-17 BST 12:45:26,706 - INFO - 	'N': 1200,
2022-08-17 BST 12:45:26,706 - INFO - 	'VAL': 0.16666666666666666,
2022-08-17 BST 12:45:26,706 - INFO - 	'N_EPOCHS': 1000,
2022-08-17 BST 12:45:26,706 - INFO - 	'BATCH_SIZE': 32,
2022-08-17 BST 12:45:26,706 - INFO - 	'LOG2_BATCH_SIZE': None,
2022-08-17 BST 12:45:26,706 - INFO - 	'BATCH_SHUFFLE': True,
2022-08-17 BST 12:45:26,706 - INFO - 	'N_SAMPLES': 10,
2022-08-17 BST 12:45:26,706 - INFO - 	'MODE': 'max_dag_test_only',
2022-08-17 BST 12:45:26,707 - INFO - 	'AFAS_SCHEDULER': None,
2022-08-17 BST 12:45:26,707 - INFO - 	'MINIZINC_SOLVER': None,
2022-08-17 BST 12:45:26,707 - INFO - 	'f_LINEAR_LAYERS': (),
2022-08-17 BST 12:45:26,707 - INFO - 	'f_BIAS': False,
2022-08-17 BST 12:45:26,707 - INFO - 	'p_LAYER': None,
2022-08-17 BST 12:45:26,707 - INFO - 	'STREAMLINE': False,
2022-08-17 BST 12:45:26,707 - INFO - 	'THRESHOLD': 0.0,
2022-08-17 BST 12:45:26,707 - INFO - 	'h_LINEAR_LAYERS': (),
2022-08-17 BST 12:45:26,707 - INFO - 	'h_NULL': 0.01,
2022-08-17 BST 12:45:26,707 - INFO - 	'h_LR': 0.001,
2022-08-17 BST 12:45:26,707 - INFO - 	'h_OPTIMIZER': 'torch.optim.Adam(overall_net.h_net.parameters(), lr=h.h_LR)',
2022-08-17 BST 12:45:26,707 - INFO - 	'f_LR': 0.0117744218586073,
2022-08-17 BST 12:45:26,707 - INFO - 	'f_OPTIMIZER': 'torch.optim.Adam(overall_net.f_net.parameters(), lr=h.f_LR)',
2022-08-17 BST 12:45:26,707 - INFO - 	'NOISE_TEMPERATURE': 10,
2022-08-17 BST 12:45:26,707 - INFO - 	'NOISE_DISTRIBUTION': 'LogisticNoiseDistribution()',
2022-08-17 BST 12:45:26,707 - INFO - 	'LAMBDA': 1,
2022-08-17 BST 12:45:26,707 - INFO - 	'LOSS_FN': 'torch.nn.MSELoss()',
2022-08-17 BST 12:45:26,707 - INFO - 	'REGULARIZER': None,
2022-08-17 BST 12:45:26,707 - INFO - 	'z_RHO': 0,
2022-08-17 BST 12:45:26,707 - INFO - 	'z_MU': 0,
2022-08-17 BST 12:45:26,707 - INFO - 	'z_REGULARIZER': 'NoTearsZRegularizer(h.D, h.z_RHO, h.z_MU, c.DEVICE)',
2022-08-17 BST 12:45:26,708 - INFO - 	'LR_SCHEDULER': None,
2022-08-17 BST 12:45:26,708 - INFO - 	'DATA_CATEGORY': 'test',
2022-08-17 BST 12:45:26,708 - INFO - 	'DAGS': '030_ER2_gaussian_ev_2022-08-12_BST_09:55:21,293_create_dags'
2022-08-17 BST 12:45:26,708 - INFO - }

2022-08-17 BST 12:45:27,652 - INFO - 

DAG 0: size_true=69	X.var()=185.8479
2022-08-17 BST 12:45:30,887 - INFO -  epoch=   1      train_loss= 177.1390      val_loss=  67.9343      best=1      size=  54      nSHD_c=   3.4333      nSHD=   3.4000      tpr_c=   0.1296      change_adj_count=5      
2022-08-17 BST 12:45:53,927 - INFO -  epoch= 100      train_loss=  95.4163      val_loss=2079.4500      best=1      size=  60      nSHD_c=   3.0333      nSHD=   3.0333      tpr_c=   0.3167      change_adj_count=34      
2022-08-17 BST 12:46:17,187 - INFO -  epoch= 200      train_loss=  77.6381      val_loss=1607.9913      best=1      size=  60      nSHD_c=   2.9667      nSHD=   2.9667      tpr_c=   0.3333      change_adj_count=38      
2022-08-17 BST 12:46:41,237 - INFO -  epoch= 300      train_loss=  70.8761      val_loss=1146.8676      best=1      size=  60      nSHD_c=   2.9667      nSHD=   2.9667      tpr_c=   0.3333      change_adj_count=38      
2022-08-17 BST 12:47:04,269 - INFO -  epoch= 400      train_loss=  62.9568      val_loss= 865.6490      best=1      size=  60      nSHD_c=   2.9667      nSHD=   2.9667      tpr_c=   0.3333      change_adj_count=38      
2022-08-17 BST 12:47:27,737 - INFO -  epoch= 500      train_loss=  57.4352      val_loss= 552.5946      best=1      size=  60      nSHD_c=   2.9667      nSHD=   2.9667      tpr_c=   0.3333      change_adj_count=40      
2022-08-17 BST 12:47:51,212 - INFO -  epoch= 600      train_loss=  51.0357      val_loss= 400.0415      best=1      size=  57      nSHD_c=   2.8667      nSHD=   2.8667      tpr_c=   0.3509      change_adj_count=45      
2022-08-17 BST 12:48:14,942 - INFO -  epoch= 700      train_loss=  46.6323      val_loss= 318.2123      best=1      size=  57      nSHD_c=   2.8333      nSHD=   2.8000      tpr_c=   0.3509      change_adj_count=53      
2022-08-17 BST 12:48:38,808 - INFO -  epoch= 800      train_loss=  41.8400      val_loss= 220.9624      best=1      size=  57      nSHD_c=   2.8000      nSHD=   2.8000      tpr_c=   0.3684      change_adj_count=56      
2022-08-17 BST 12:49:02,111 - INFO -  epoch= 900      train_loss=  38.5297      val_loss= 193.7773      best=1      size=  57      nSHD_c=   2.7333      nSHD=   2.7333      tpr_c=   0.3860      change_adj_count=57      
2022-08-17 BST 12:49:25,428 - INFO -  epoch=1000      train_loss=  35.7387      val_loss= 147.5916      best=1      size=  57      nSHD_c=   2.7333      nSHD=   2.7333      tpr_c=   0.3860      change_adj_count=57      
2022-08-17 BST 12:49:25,428 - INFO - Before params
2022-08-17 BST 12:49:25,428 - INFO - After params={'MAX_SIZE': [66], 'LAMBDA': [1], 'NOISE_TEMPERATURE': [10], 'h_NULL': [0.01], 'h_LR': [0.001], 'z_RHO': [0], 'z_MU': [0]}
2022-08-17 BST 12:49:25,429 - INFO - After metrics={'train_loss': [35.73868468499953], 'val_loss': [147.59159215291342], 'size': [57], 'nshd_c': [2.7333333333333334], 'nshd': [2.7333333333333334], 'tpr': [0.3188405797101449], 'tpr_c': [0.38596491228070173], 'change_adj_count': [57]}
2022-08-17 BST 12:49:25,452 - INFO - After to_save=   MAX_SIZE  LAMBDA  NOISE_TEMPERATURE  ...       tpr     tpr_c  change_adj_count
0        66       1                 10  ...  0.318841  0.385965                57

[1 rows x 16 columns]
2022-08-17 BST 12:49:25,452 - INFO - After file_path='../results/l_66_4hps.csv'
2022-08-17 BST 12:49:25,457 - INFO - Last epoch results saved in l_66_4hps.csv
2022-08-17 BST 12:49:25,458 - INFO - 

DAG 1: size_true=67	X.var()=127.1156
2022-08-17 BST 12:49:25,722 - INFO -  epoch=   1      train_loss= 116.4792      val_loss=  66.6850      best=1      size=  54      nSHD_c=   3.5667      nSHD=   3.5667      tpr_c=   0.0926      change_adj_count=5      
2022-08-17 BST 12:49:47,476 - INFO -  epoch= 100      train_loss=  53.9621      val_loss=2480.5918      best=1      size=  60      nSHD_c=   3.5000      nSHD=   3.5000      tpr_c=   0.1833      change_adj_count=25      
2022-08-17 BST 12:50:09,585 - INFO -  epoch= 200      train_loss=  48.8402      val_loss=1801.1544      best=1      size=  60      nSHD_c=   3.5333      nSHD=   3.5000      tpr_c=   0.1667      change_adj_count=26      
2022-08-17 BST 12:50:31,017 - INFO -  epoch= 300      train_loss=  42.9256      val_loss=1273.7163      best=1      size=  60      nSHD_c=   3.5333      nSHD=   3.5000      tpr_c=   0.1667      change_adj_count=34      
2022-08-17 BST 12:50:51,939 - INFO -  epoch= 400      train_loss=  41.3435      val_loss=1002.9485      best=1      size=  60      nSHD_c=   3.5333      nSHD=   3.5000      tpr_c=   0.1667      change_adj_count=37      
2022-08-17 BST 12:51:14,639 - INFO -  epoch= 500      train_loss=  35.9770      val_loss= 767.4557      best=1      size=  60      nSHD_c=   3.6000      nSHD=   3.5667      tpr_c=   0.1500      change_adj_count=46      
2022-08-17 BST 12:51:37,560 - INFO -  epoch= 600      train_loss=  33.5885      val_loss= 610.1064      best=1      size=  60      nSHD_c=   3.6000      nSHD=   3.5667      tpr_c=   0.1500      change_adj_count=46      
2022-08-17 BST 12:52:00,398 - INFO -  epoch= 700      train_loss=  31.5169      val_loss= 468.4863      best=1      size=  60      nSHD_c=   3.6000      nSHD=   3.5667      tpr_c=   0.1500      change_adj_count=48      
2022-08-17 BST 12:52:22,771 - INFO -  epoch= 800      train_loss=  29.5190      val_loss= 420.8210      best=1      size=  60      nSHD_c=   3.6000      nSHD=   3.5667      tpr_c=   0.1500      change_adj_count=57      
2022-08-17 BST 12:52:43,603 - INFO -  epoch= 900      train_loss=  28.5763      val_loss= 325.4489      best=1      size=  60      nSHD_c=   3.6000      nSHD=   3.5667      tpr_c=   0.1500      change_adj_count=57      
2022-08-17 BST 12:53:05,345 - INFO -  epoch=1000      train_loss=  27.2747      val_loss= 279.6615      best=1      size=  60      nSHD_c=   3.5667      nSHD=   3.5667      tpr_c=   0.1667      change_adj_count=58      
2022-08-17 BST 12:53:05,348 - INFO - Before params
2022-08-17 BST 12:53:05,348 - INFO - After params={'MAX_SIZE': [66], 'LAMBDA': [1], 'NOISE_TEMPERATURE': [10], 'h_NULL': [0.01], 'h_LR': [0.001], 'z_RHO': [0], 'z_MU': [0]}
2022-08-17 BST 12:53:05,348 - INFO - After metrics={'train_loss': [27.274699611048543], 'val_loss': [279.66145579020184], 'size': [60], 'nshd_c': [3.566666666666667], 'nshd': [3.566666666666667], 'tpr': [0.14925373134328357], 'tpr_c': [0.16666666666666666], 'change_adj_count': [58]}
2022-08-17 BST 12:53:05,370 - INFO - After to_save=   MAX_SIZE  LAMBDA  NOISE_TEMPERATURE  ...       tpr     tpr_c  change_adj_count
0        66       1                 10  ...  0.149254  0.166667                58

[1 rows x 16 columns]
2022-08-17 BST 12:53:05,370 - INFO - After file_path='../results/l_66_4hps.csv'
2022-08-17 BST 12:53:07,716 - INFO - Last epoch results saved in l_66_4hps.csv
2022-08-17 BST 12:53:07,717 - INFO - 

DAG 2: size_true=64	X.var()=25.7432
2022-08-17 BST 12:53:08,006 - INFO -  epoch=   1      train_loss=  24.3311      val_loss=  21.8226      best=1      size=  56      nSHD_c=   3.5000      nSHD=   3.4667      tpr_c=   0.0179      change_adj_count=5      
2022-08-17 BST 12:53:08,309 - INFO -  epoch=   2      train_loss=  22.5768      val_loss=  15.1215      best=1      size=  55      nSHD_c=   3.3333      nSHD=   3.2667      tpr_c=   0.0364      change_adj_count=6      
2022-08-17 BST 12:53:29,765 - INFO -  epoch= 100      train_loss=  18.9274      val_loss=  75.9499      best=1      size=  55      nSHD_c=   2.6333      nSHD=   2.5000      tpr_c=   0.3273      change_adj_count=70      
2022-08-17 BST 13:04:26,818 - INFO -  epoch= 200      train_loss=  18.6142      val_loss=  74.0862      best=1      size=  56      nSHD_c=   2.6667      nSHD=   2.5333      tpr_c=   0.3214      change_adj_count=92      
2022-08-17 BST 13:05:12,496 - INFO -  epoch= 300      train_loss=  18.1585      val_loss=  67.9557      best=1      size=  56      nSHD_c=   2.6667      nSHD=   2.5333      tpr_c=   0.3214      change_adj_count=106      
2022-08-17 BST 13:05:34,829 - INFO -  epoch= 400      train_loss=  17.7445      val_loss=  61.6529      best=1      size=  56      nSHD_c=   2.7000      nSHD=   2.5333      tpr_c=   0.3036      change_adj_count=118      
2022-08-17 BST 13:06:04,608 - INFO -  epoch= 500      train_loss=  17.2013      val_loss=  54.8711      best=1      size=  55      nSHD_c=   2.6667      nSHD=   2.5000      tpr_c=   0.3091      change_adj_count=136      
2022-08-17 BST 13:06:26,224 - INFO -  epoch= 600      train_loss=  16.7955      val_loss=  54.5139      best=1      size=  55      nSHD_c=   2.6667      nSHD=   2.5000      tpr_c=   0.3091      change_adj_count=143      
2022-08-17 BST 13:06:47,936 - INFO -  epoch= 700      train_loss=  16.2147      val_loss=  45.8829      best=1      size=  56      nSHD_c=   2.6667      nSHD=   2.5333      tpr_c=   0.3214      change_adj_count=154      
2022-08-17 BST 13:07:11,771 - INFO -  epoch= 800      train_loss=  15.2150      val_loss=  42.3368      best=1      size=  56      nSHD_c=   2.6333      nSHD=   2.4667      tpr_c=   0.3214      change_adj_count=159      
2022-08-17 BST 13:07:33,511 - INFO -  epoch= 900      train_loss=  15.0578      val_loss=  38.1253      best=1      size=  56      nSHD_c=   2.6333      nSHD=   2.4667      tpr_c=   0.3214      change_adj_count=159      
2022-08-17 BST 13:07:55,829 - INFO -  epoch=1000      train_loss=  14.5890      val_loss=  35.7735      best=1      size=  56      nSHD_c=   2.6333      nSHD=   2.4667      tpr_c=   0.3214      change_adj_count=159      
2022-08-17 BST 13:07:55,829 - INFO - Before params
2022-08-17 BST 13:07:55,830 - INFO - After params={'MAX_SIZE': [66], 'LAMBDA': [1], 'NOISE_TEMPERATURE': [10], 'h_NULL': [0.01], 'h_LR': [0.001], 'z_RHO': [0], 'z_MU': [0]}
2022-08-17 BST 13:07:55,830 - INFO - After metrics={'train_loss': [14.588968676905479], 'val_loss': [35.77346992492676], 'size': [56], 'nshd_c': [2.6333333333333333], 'nshd': [2.466666666666667], 'tpr': [0.359375], 'tpr_c': [0.32142857142857145], 'change_adj_count': [159]}
2022-08-17 BST 13:07:55,852 - INFO - After to_save=   MAX_SIZE  LAMBDA  NOISE_TEMPERATURE  ...       tpr     tpr_c  change_adj_count
0        66       1                 10  ...  0.359375  0.321429               159

[1 rows x 16 columns]
2022-08-17 BST 13:07:55,852 - INFO - After file_path='../results/l_66_4hps.csv'
2022-08-17 BST 13:07:55,854 - INFO - Last epoch results saved in l_66_4hps.csv
2022-08-17 BST 13:07:55,854 - INFO - 

DAG 3: size_true=63	X.var()=265.9248
2022-08-17 BST 13:07:56,114 - INFO -  epoch=   1      train_loss= 224.6502      val_loss= 169.4063      best=1      size=  47      nSHD_c=   3.2667      nSHD=   3.2667      tpr_c=   0.0851      change_adj_count=5      
2022-08-17 BST 13:08:18,504 - INFO -  epoch= 100      train_loss= 109.3542      val_loss=3125.1174      best=1      size=  53      nSHD_c=   3.2667      nSHD=   3.2667      tpr_c=   0.1509      change_adj_count=24      
2022-08-17 BST 13:08:39,624 - INFO -  epoch= 200      train_loss= 100.5265      val_loss=2402.3559      best=1      size=  54      nSHD_c=   3.3000      nSHD=   3.3000      tpr_c=   0.1481      change_adj_count=30      
2022-08-17 BST 13:09:01,541 - INFO -  epoch= 300      train_loss=  92.1897      val_loss=1542.1403      best=1      size=  53      nSHD_c=   3.2667      nSHD=   3.2667      tpr_c=   0.1509      change_adj_count=31      
2022-08-17 BST 13:09:24,083 - INFO -  epoch= 400      train_loss=  79.5701      val_loss=1252.2296      best=1      size=  53      nSHD_c=   3.2667      nSHD=   3.2667      tpr_c=   0.1509      change_adj_count=36      
2022-08-17 BST 13:09:46,897 - INFO -  epoch= 500      train_loss=  76.8738      val_loss= 845.0001      best=1      size=  53      nSHD_c=   3.2667      nSHD=   3.2667      tpr_c=   0.1509      change_adj_count=41      
2022-08-17 BST 13:10:09,444 - INFO -  epoch= 600      train_loss=  70.7433      val_loss= 617.1003      best=1      size=  52      nSHD_c=   3.2000      nSHD=   3.1667      tpr_c=   0.1538      change_adj_count=46      
2022-08-17 BST 13:10:31,380 - INFO -  epoch= 700      train_loss=  65.3651      val_loss= 493.7710      best=1      size=  52      nSHD_c=   3.2000      nSHD=   3.1667      tpr_c=   0.1538      change_adj_count=46      
2022-08-17 BST 13:10:53,736 - INFO -  epoch= 800      train_loss=  62.6431      val_loss= 353.4366      best=1      size=  52      nSHD_c=   3.1000      nSHD=   3.1000      tpr_c=   0.1923      change_adj_count=47      
2022-08-17 BST 13:11:17,301 - INFO -  epoch= 900      train_loss=  57.8672      val_loss= 339.9726      best=1      size=  52      nSHD_c=   3.1000      nSHD=   3.1000      tpr_c=   0.1923      change_adj_count=47      
2022-08-17 BST 13:11:41,782 - INFO -  epoch=1000      train_loss=  57.1081      val_loss= 247.9317      best=1      size=  51      nSHD_c=   3.0667      nSHD=   3.0667      tpr_c=   0.1961      change_adj_count=48      
2022-08-17 BST 13:11:41,782 - INFO - Before params
2022-08-17 BST 13:11:41,783 - INFO - After params={'MAX_SIZE': [66], 'LAMBDA': [1], 'NOISE_TEMPERATURE': [10], 'h_NULL': [0.01], 'h_LR': [0.001], 'z_RHO': [0], 'z_MU': [0]}
2022-08-17 BST 13:11:41,783 - INFO - After metrics={'train_loss': [57.10810433664629], 'val_loss': [247.9317194620768], 'size': [51], 'nshd_c': [3.066666666666667], 'nshd': [3.066666666666667], 'tpr': [0.15873015873015872], 'tpr_c': [0.19607843137254902], 'change_adj_count': [48]}
2022-08-17 BST 13:11:41,803 - INFO - After to_save=   MAX_SIZE  LAMBDA  NOISE_TEMPERATURE  ...      tpr     tpr_c  change_adj_count
0        66       1                 10  ...  0.15873  0.196078                48

[1 rows x 16 columns]
2022-08-17 BST 13:11:41,803 - INFO - After file_path='../results/l_66_4hps.csv'
2022-08-17 BST 13:11:41,806 - INFO - Last epoch results saved in l_66_4hps.csv
2022-08-17 BST 13:11:41,806 - INFO - 

DAG 4: size_true=48	X.var()=47.3993
2022-08-17 BST 13:11:42,077 - INFO -  epoch=   1      train_loss=  44.0685      val_loss=  37.2902      best=1      size=  54      nSHD_c=   3.1000      nSHD=   3.1000      tpr_c=   0.0556      change_adj_count=5      
2022-08-17 BST 13:11:42,364 - INFO -  epoch=   2      train_loss=  39.7994      val_loss=  20.2151      best=1      size=  51      nSHD_c=   2.6333      nSHD=   2.6333      tpr_c=   0.1765      change_adj_count=6      
2022-08-17 BST 13:12:05,326 - INFO -  epoch= 100      train_loss=  29.8695      val_loss= 360.1778      best=1      size=  56      nSHD_c=   2.5333      nSHD=   2.5333      tpr_c=   0.2500      change_adj_count=61      
2022-08-17 BST 13:12:27,169 - INFO -  epoch= 200      train_loss=  27.9881      val_loss= 291.5096      best=1      size=  57      nSHD_c=   2.5667      nSHD=   2.5667      tpr_c=   0.2456      change_adj_count=82      
2022-08-17 BST 13:12:49,897 - INFO -  epoch= 300      train_loss=  26.3609      val_loss= 256.8326      best=1      size=  57      nSHD_c=   2.5000      nSHD=   2.5000      tpr_c=   0.2632      change_adj_count=91      
2022-08-17 BST 13:13:12,215 - INFO -  epoch= 400      train_loss=  25.0410      val_loss= 214.8243      best=1      size=  57      nSHD_c=   2.5000      nSHD=   2.5000      tpr_c=   0.2632      change_adj_count=97      
2022-08-17 BST 13:13:35,413 - INFO -  epoch= 500      train_loss=  23.9565      val_loss= 177.6719      best=1      size=  56      nSHD_c=   2.5333      nSHD=   2.5333      tpr_c=   0.2500      change_adj_count=102      
2022-08-17 BST 13:13:57,739 - INFO -  epoch= 600      train_loss=  21.5631      val_loss= 142.2721      best=1      size=  55      nSHD_c=   2.5000      nSHD=   2.5000      tpr_c=   0.2545      change_adj_count=103      
2022-08-17 BST 13:14:19,878 - INFO -  epoch= 700      train_loss=  20.8681      val_loss= 127.4828      best=1      size=  55      nSHD_c=   2.5000      nSHD=   2.5000      tpr_c=   0.2545      change_adj_count=107      
2022-08-17 BST 13:14:41,622 - INFO -  epoch= 800      train_loss=  20.1192      val_loss= 101.9409      best=1      size=  54      nSHD_c=   2.4667      nSHD=   2.4667      tpr_c=   0.2593      change_adj_count=110      
2022-08-17 BST 13:15:03,919 - INFO -  epoch= 900      train_loss=  18.3370      val_loss=  84.9998      best=1      size=  54      nSHD_c=   2.4667      nSHD=   2.4667      tpr_c=   0.2593      change_adj_count=110      
2022-08-17 BST 13:15:26,021 - INFO -  epoch=1000      train_loss=  17.5956      val_loss=  69.6954      best=1      size=  54      nSHD_c=   2.4667      nSHD=   2.4667      tpr_c=   0.2593      change_adj_count=118      
2022-08-17 BST 13:15:26,021 - INFO - Before params
2022-08-17 BST 13:15:26,022 - INFO - After params={'MAX_SIZE': [66], 'LAMBDA': [1], 'NOISE_TEMPERATURE': [10], 'h_NULL': [0.01], 'h_LR': [0.001], 'z_RHO': [0], 'z_MU': [0]}
2022-08-17 BST 13:15:26,022 - INFO - After metrics={'train_loss': [17.59558037788637], 'val_loss': [69.69536844889323], 'size': [54], 'nshd_c': [2.466666666666667], 'nshd': [2.466666666666667], 'tpr': [0.2916666666666667], 'tpr_c': [0.25925925925925924], 'change_adj_count': [118]}
2022-08-17 BST 13:15:26,042 - INFO - After to_save=   MAX_SIZE  LAMBDA  NOISE_TEMPERATURE  ...       tpr     tpr_c  change_adj_count
0        66       1                 10  ...  0.291667  0.259259               118

[1 rows x 16 columns]
2022-08-17 BST 13:15:26,042 - INFO - After file_path='../results/l_66_4hps.csv'
2022-08-17 BST 13:15:26,045 - INFO - Last epoch results saved in l_66_4hps.csv
2022-08-17 BST 13:15:26,045 - INFO - 

DAG 5: size_true=57	X.var()=54.7286
2022-08-17 BST 13:15:26,307 - INFO -  epoch=   1      train_loss=  54.2423      val_loss=  39.0187      best=1      size=  57      nSHD_c=   3.1000      nSHD=   2.9333      tpr_c=   0.1228      change_adj_count=5      
2022-08-17 BST 13:15:26,587 - INFO -  epoch=   2      train_loss=  50.7533      val_loss=  28.8658      best=1      size=  53      nSHD_c=   2.9667      nSHD=   2.9000      tpr_c=   0.1321      change_adj_count=6      
2022-08-17 BST 13:15:49,638 - INFO -  epoch= 100      train_loss=  35.5803      val_loss= 352.0354      best=1      size=  37      nSHD_c=   2.5000      nSHD=   2.4667      tpr_c=   0.2432      change_adj_count=51      
2022-08-17 BST 13:16:12,347 - INFO -  epoch= 200      train_loss=  34.0112      val_loss= 299.1765      best=1      size=  37      nSHD_c=   2.5000      nSHD=   2.4667      tpr_c=   0.2432      change_adj_count=51      
2022-08-17 BST 13:16:34,727 - INFO -  epoch= 300      train_loss=  31.9569      val_loss= 249.8063      best=1      size=  37      nSHD_c=   2.5000      nSHD=   2.4667      tpr_c=   0.2432      change_adj_count=59      
2022-08-17 BST 13:16:58,562 - INFO -  epoch= 400      train_loss=  28.9019      val_loss= 189.0472      best=1      size=  38      nSHD_c=   2.4667      nSHD=   2.4333      tpr_c=   0.2632      change_adj_count=66      
2022-08-17 BST 13:17:20,800 - INFO -  epoch= 500      train_loss=  26.6619      val_loss= 153.5150      best=1      size=  39      nSHD_c=   2.5000      nSHD=   2.4667      tpr_c=   0.2564      change_adj_count=69      
2022-08-17 BST 13:17:44,505 - INFO -  epoch= 600      train_loss=  24.4754      val_loss= 104.4709      best=1      size=  39      nSHD_c=   2.5000      nSHD=   2.4667      tpr_c=   0.2564      change_adj_count=69      
2022-08-17 BST 13:18:07,890 - INFO -  epoch= 700      train_loss=  21.8604      val_loss=  90.6134      best=1      size=  41      nSHD_c=   2.5333      nSHD=   2.5333      tpr_c=   0.2683      change_adj_count=71      
2022-08-17 BST 13:18:31,166 - INFO -  epoch= 800      train_loss=  20.5167      val_loss=  78.3619      best=1      size=  41      nSHD_c=   2.5333      nSHD=   2.5333      tpr_c=   0.2683      change_adj_count=71      
2022-08-17 BST 13:18:53,705 - INFO -  epoch= 900      train_loss=  19.0002      val_loss=  56.7609      best=1      size=  44      nSHD_c=   2.6000      nSHD=   2.5000      tpr_c=   0.2273      change_adj_count=79      
2022-08-17 BST 13:19:16,154 - INFO -  epoch=1000      train_loss=  18.0954      val_loss=  49.0082      best=1      size=  45      nSHD_c=   2.6000      nSHD=   2.4667      tpr_c=   0.2222      change_adj_count=80      
2022-08-17 BST 13:19:16,155 - INFO - Before params
2022-08-17 BST 13:19:16,155 - INFO - After params={'MAX_SIZE': [66], 'LAMBDA': [1], 'NOISE_TEMPERATURE': [10], 'h_NULL': [0.01], 'h_LR': [0.001], 'z_RHO': [0], 'z_MU': [0]}
2022-08-17 BST 13:19:16,155 - INFO - After metrics={'train_loss': [18.095365985747307], 'val_loss': [49.008195877075195], 'size': [45], 'nshd_c': [2.6], 'nshd': [2.466666666666667], 'tpr': [0.24561403508771928], 'tpr_c': [0.2222222222222222], 'change_adj_count': [80]}
2022-08-17 BST 13:19:16,179 - INFO - After to_save=   MAX_SIZE  LAMBDA  NOISE_TEMPERATURE  ...       tpr     tpr_c  change_adj_count
0        66       1                 10  ...  0.245614  0.222222                80

[1 rows x 16 columns]
2022-08-17 BST 13:19:16,179 - INFO - After file_path='../results/l_66_4hps.csv'
2022-08-17 BST 13:19:16,181 - INFO - Last epoch results saved in l_66_4hps.csv
2022-08-17 BST 13:19:16,181 - INFO - 

DAG 6: size_true=64	X.var()=29.7229
2022-08-17 BST 13:19:16,471 - INFO -  epoch=   1      train_loss=  27.3039      val_loss=  25.3123      best=1      size=  54      nSHD_c=   3.4000      nSHD=   3.4000      tpr_c=   0.0926      change_adj_count=5      
2022-08-17 BST 13:19:16,747 - INFO -  epoch=   2      train_loss=  24.3829      val_loss=  15.6339      best=1      size=  54      nSHD_c=   3.2000      nSHD=   3.2000      tpr_c=   0.1296      change_adj_count=6      
2022-08-17 BST 13:19:39,225 - INFO -  epoch= 100      train_loss=  20.2725      val_loss= 138.8988      best=1      size=  58      nSHD_c=   3.1000      nSHD=   3.0667      tpr_c=   0.2241      change_adj_count=83      
2022-08-17 BST 13:20:02,062 - INFO -  epoch= 200      train_loss=  20.0603      val_loss= 112.3390      best=1      size=  55      nSHD_c=   2.9667      nSHD=   2.8333      tpr_c=   0.2182      change_adj_count=120      
2022-08-17 BST 13:20:25,186 - INFO -  epoch= 300      train_loss=  19.0563      val_loss= 108.6997      best=1      size=  55      nSHD_c=   2.9667      nSHD=   2.9000      tpr_c=   0.2364      change_adj_count=140      
2022-08-17 BST 13:20:48,406 - INFO -  epoch= 400      train_loss=  18.6195      val_loss=  96.0863      best=1      size=  54      nSHD_c=   3.0000      nSHD=   2.9333      tpr_c=   0.2222      change_adj_count=143      
2022-08-17 BST 13:21:10,932 - INFO -  epoch= 500      train_loss=  17.9472      val_loss=  85.5071      best=1      size=  54      nSHD_c=   3.0000      nSHD=   2.9333      tpr_c=   0.2222      change_adj_count=157      
2022-08-17 BST 13:21:33,998 - INFO -  epoch= 600      train_loss=  17.8851      val_loss=  76.3789      best=1      size=  54      nSHD_c=   2.9667      nSHD=   2.8667      tpr_c=   0.2222      change_adj_count=166      
2022-08-17 BST 13:21:57,409 - INFO -  epoch= 700      train_loss=  17.2246      val_loss=  74.2128      best=1      size=  54      nSHD_c=   2.9667      nSHD=   2.8667      tpr_c=   0.2222      change_adj_count=185      
2022-08-17 BST 13:22:19,722 - INFO -  epoch= 800      train_loss=  16.9280      val_loss=  66.0492      best=1      size=  54      nSHD_c=   2.9667      nSHD=   2.8667      tpr_c=   0.2222      change_adj_count=193      
2022-08-17 BST 13:22:41,967 - INFO -  epoch= 900      train_loss=  16.4575      val_loss=  60.0354      best=1      size=  54      nSHD_c=   2.9667      nSHD=   2.8667      tpr_c=   0.2222      change_adj_count=201      
2022-08-17 BST 13:23:03,915 - INFO -  epoch=1000      train_loss=  15.8104      val_loss=  53.0672      best=1      size=  53      nSHD_c=   2.9333      nSHD=   2.8333      tpr_c=   0.2264      change_adj_count=217      
2022-08-17 BST 13:23:03,915 - INFO - Before params
2022-08-17 BST 13:23:03,915 - INFO - After params={'MAX_SIZE': [66], 'LAMBDA': [1], 'NOISE_TEMPERATURE': [10], 'h_NULL': [0.01], 'h_LR': [0.001], 'z_RHO': [0], 'z_MU': [0]}
2022-08-17 BST 13:23:03,915 - INFO - After metrics={'train_loss': [15.81043775619999], 'val_loss': [53.067209243774414], 'size': [53], 'nshd_c': [2.933333333333333], 'nshd': [2.8333333333333335], 'tpr': [0.234375], 'tpr_c': [0.22641509433962265], 'change_adj_count': [217]}
2022-08-17 BST 13:23:03,936 - INFO - After to_save=   MAX_SIZE  LAMBDA  NOISE_TEMPERATURE  ...       tpr     tpr_c  change_adj_count
0        66       1                 10  ...  0.234375  0.226415               217

[1 rows x 16 columns]
2022-08-17 BST 13:23:03,936 - INFO - After file_path='../results/l_66_4hps.csv'
2022-08-17 BST 13:23:03,938 - INFO - Last epoch results saved in l_66_4hps.csv
2022-08-17 BST 13:23:03,939 - INFO - 

DAG 7: size_true=62	X.var()=55.6800
2022-08-17 BST 13:23:04,205 - INFO -  epoch=   1      train_loss=  49.4070      val_loss=  31.7216      best=1      size=  53      nSHD_c=   3.4000      nSHD=   3.4000      tpr_c=   0.0755      change_adj_count=5      
2022-08-17 BST 13:23:26,535 - INFO -  epoch= 100      train_loss=  29.1994      val_loss= 725.0145      best=1      size=  51      nSHD_c=   3.1667      nSHD=   3.1667      tpr_c=   0.1569      change_adj_count=73      
2022-08-17 BST 13:23:48,021 - INFO -  epoch= 200      train_loss=  27.6514      val_loss= 579.1671      best=1      size=  51      nSHD_c=   3.1333      nSHD=   3.1000      tpr_c=   0.1569      change_adj_count=98      
2022-08-17 BST 13:24:11,539 - INFO -  epoch= 300      train_loss=  26.1233      val_loss= 485.8955      best=1      size=  51      nSHD_c=   3.1333      nSHD=   3.1000      tpr_c=   0.1569      change_adj_count=112      
2022-08-17 BST 13:24:34,967 - INFO -  epoch= 400      train_loss=  24.5832      val_loss= 383.6486      best=1      size=  51      nSHD_c=   3.1333      nSHD=   3.1000      tpr_c=   0.1569      change_adj_count=119      
2022-08-17 BST 13:24:57,285 - INFO -  epoch= 500      train_loss=  23.6308      val_loss= 312.6682      best=1      size=  51      nSHD_c=   3.1333      nSHD=   3.1000      tpr_c=   0.1569      change_adj_count=134      
2022-08-17 BST 13:25:19,413 - INFO -  epoch= 600      train_loss=  21.8317      val_loss= 226.6544      best=1      size=  51      nSHD_c=   3.2000      nSHD=   3.1667      tpr_c=   0.1373      change_adj_count=140      
2022-08-17 BST 13:25:41,253 - INFO -  epoch= 700      train_loss=  20.8767      val_loss= 215.4517      best=1      size=  51      nSHD_c=   3.2000      nSHD=   3.1667      tpr_c=   0.1373      change_adj_count=147      
2022-08-17 BST 13:26:03,520 - INFO -  epoch= 800      train_loss=  20.0535      val_loss= 175.8143      best=1      size=  51      nSHD_c=   3.2000      nSHD=   3.1667      tpr_c=   0.1373      change_adj_count=159      
2022-08-17 BST 13:26:26,312 - INFO -  epoch= 900      train_loss=  18.9623      val_loss= 141.9445      best=1      size=  50      nSHD_c=   3.1667      nSHD=   3.1333      tpr_c=   0.1400      change_adj_count=175      
2022-08-17 BST 13:26:48,914 - INFO -  epoch=1000      train_loss=  18.5046      val_loss= 124.9006      best=1      size=  50      nSHD_c=   3.1667      nSHD=   3.1333      tpr_c=   0.1400      change_adj_count=175      
2022-08-17 BST 13:26:48,914 - INFO - Before params
2022-08-17 BST 13:26:48,915 - INFO - After params={'MAX_SIZE': [66], 'LAMBDA': [1], 'NOISE_TEMPERATURE': [10], 'h_NULL': [0.01], 'h_LR': [0.001], 'z_RHO': [0], 'z_MU': [0]}
2022-08-17 BST 13:26:48,915 - INFO - After metrics={'train_loss': [18.50457166856335], 'val_loss': [124.90058771769206], 'size': [50], 'nshd_c': [3.1666666666666665], 'nshd': [3.1333333333333333], 'tpr': [0.12903225806451613], 'tpr_c': [0.14], 'change_adj_count': [175]}
2022-08-17 BST 13:26:48,936 - INFO - After to_save=   MAX_SIZE  LAMBDA  NOISE_TEMPERATURE  ...       tpr  tpr_c  change_adj_count
0        66       1                 10  ...  0.129032   0.14               175

[1 rows x 16 columns]
2022-08-17 BST 13:26:48,936 - INFO - After file_path='../results/l_66_4hps.csv'
2022-08-17 BST 13:26:48,938 - INFO - Last epoch results saved in l_66_4hps.csv
2022-08-17 BST 13:26:48,938 - INFO - 

DAG 8: size_true=63	X.var()=39.3378
2022-08-17 BST 13:26:49,207 - INFO -  epoch=   1      train_loss=  36.9196      val_loss=  30.3761      best=1      size=  55      nSHD_c=   3.6000      nSHD=   3.6000      tpr_c=   0.0545      change_adj_count=5      
2022-08-17 BST 13:26:49,485 - INFO -  epoch=   2      train_loss=  34.0147      val_loss=  21.2711      best=1      size=  53      nSHD_c=   3.4667      nSHD=   3.4667      tpr_c=   0.0755      change_adj_count=6      
2022-08-17 BST 13:27:11,125 - INFO -  epoch= 100      train_loss=  25.7093      val_loss= 242.8567      best=1      size=  57      nSHD_c=   3.0333      nSHD=   3.0000      tpr_c=   0.2456      change_adj_count=71      
2022-08-17 BST 13:27:33,384 - INFO -  epoch= 200      train_loss=  24.8800      val_loss= 191.2388      best=1      size=  55      nSHD_c=   3.0000      nSHD=   3.0000      tpr_c=   0.2545      change_adj_count=109      
2022-08-17 BST 13:27:56,308 - INFO -  epoch= 300      train_loss=  23.5049      val_loss= 162.3689      best=1      size=  57      nSHD_c=   3.0333      nSHD=   3.0000      tpr_c=   0.2456      change_adj_count=118      
2022-08-17 BST 13:28:19,434 - INFO -  epoch= 400      train_loss=  22.8203      val_loss= 141.6034      best=1      size=  55      nSHD_c=   2.9667      nSHD=   2.9333      tpr_c=   0.2545      change_adj_count=123      
2022-08-17 BST 13:28:42,090 - INFO -  epoch= 500      train_loss=  21.5102      val_loss= 119.0965      best=1      size=  56      nSHD_c=   3.0000      nSHD=   2.9667      tpr_c=   0.2500      change_adj_count=131      
2022-08-17 BST 13:29:04,436 - INFO -  epoch= 600      train_loss=  20.1798      val_loss= 104.0365      best=1      size=  55      nSHD_c=   2.9667      nSHD=   2.9333      tpr_c=   0.2545      change_adj_count=134      
2022-08-17 BST 13:29:26,079 - INFO -  epoch= 700      train_loss=  19.1813      val_loss=  91.1381      best=1      size=  55      nSHD_c=   2.9667      nSHD=   2.9333      tpr_c=   0.2545      change_adj_count=134      
2022-08-17 BST 13:29:47,947 - INFO -  epoch= 800      train_loss=  18.9182      val_loss=  72.3119      best=1      size=  56      nSHD_c=   2.9667      nSHD=   2.9000      tpr_c=   0.2500      change_adj_count=137      
2022-08-17 BST 13:30:10,781 - INFO -  epoch= 900      train_loss=  17.3809      val_loss=  65.9701      best=1      size=  56      nSHD_c=   2.9667      nSHD=   2.9000      tpr_c=   0.2500      change_adj_count=137      
2022-08-17 BST 13:30:33,755 - INFO -  epoch=1000      train_loss=  16.8045      val_loss=  56.0459      best=1      size=  56      nSHD_c=   2.9667      nSHD=   2.9000      tpr_c=   0.2500      change_adj_count=137      
2022-08-17 BST 13:30:33,755 - INFO - Before params
2022-08-17 BST 13:30:33,756 - INFO - After params={'MAX_SIZE': [66], 'LAMBDA': [1], 'NOISE_TEMPERATURE': [10], 'h_NULL': [0.01], 'h_LR': [0.001], 'z_RHO': [0], 'z_MU': [0]}
2022-08-17 BST 13:30:33,756 - INFO - After metrics={'train_loss': [16.804529466936664], 'val_loss': [56.04592831929525], 'size': [56], 'nshd_c': [2.966666666666667], 'nshd': [2.9], 'tpr': [0.25396825396825395], 'tpr_c': [0.25], 'change_adj_count': [137]}
2022-08-17 BST 13:30:33,776 - INFO - After to_save=   MAX_SIZE  LAMBDA  NOISE_TEMPERATURE  ...       tpr  tpr_c  change_adj_count
0        66       1                 10  ...  0.253968   0.25               137

[1 rows x 16 columns]
2022-08-17 BST 13:30:33,776 - INFO - After file_path='../results/l_66_4hps.csv'
2022-08-17 BST 13:30:33,778 - INFO - Last epoch results saved in l_66_4hps.csv
2022-08-17 BST 13:30:33,778 - INFO - 

DAG 9: size_true=61	X.var()=94.6254
2022-08-17 BST 13:30:34,076 - INFO -  epoch=   1      train_loss=  84.3758      val_loss=  50.3315      best=1      size=  55      nSHD_c=   3.3333      nSHD=   3.3333      tpr_c=   0.0727      change_adj_count=5      
2022-08-17 BST 13:30:57,236 - INFO -  epoch= 100      train_loss=  50.6144      val_loss=1088.3136      best=1      size=  56      nSHD_c=   3.2667      nSHD=   3.2667      tpr_c=   0.1607      change_adj_count=36      
2022-08-17 BST 13:31:20,592 - INFO -  epoch= 200      train_loss=  47.1807      val_loss= 856.5181      best=1      size=  56      nSHD_c=   3.2667      nSHD=   3.2667      tpr_c=   0.1607      change_adj_count=36      
2022-08-17 BST 13:31:43,141 - INFO -  epoch= 300      train_loss=  44.1049      val_loss= 651.9705      best=1      size=  56      nSHD_c=   3.2667      nSHD=   3.2667      tpr_c=   0.1607      change_adj_count=36      
2022-08-17 BST 13:32:05,764 - INFO -  epoch= 400      train_loss=  41.8681      val_loss= 543.6351      best=1      size=  56      nSHD_c=   3.2667      nSHD=   3.2667      tpr_c=   0.1607      change_adj_count=36      
2022-08-17 BST 13:32:28,450 - INFO -  epoch= 500      train_loss=  39.9737      val_loss= 423.6811      best=1      size=  56      nSHD_c=   3.2333      nSHD=   3.2000      tpr_c=   0.1607      change_adj_count=37      
2022-08-17 BST 13:32:50,583 - INFO -  epoch= 600      train_loss=  36.7746      val_loss= 347.5659      best=1      size=  56      nSHD_c=   3.2333      nSHD=   3.2000      tpr_c=   0.1607      change_adj_count=37      
2022-08-17 BST 13:33:12,460 - INFO -  epoch= 700      train_loss=  34.0228      val_loss= 272.5231      best=1      size=  55      nSHD_c=   3.2000      nSHD=   3.1667      tpr_c=   0.1636      change_adj_count=38      
2022-08-17 BST 13:33:35,256 - INFO -  epoch= 800      train_loss=  33.1838      val_loss= 216.1869      best=1      size=  55      nSHD_c=   3.2000      nSHD=   3.1667      tpr_c=   0.1636      change_adj_count=38      
2022-08-17 BST 13:33:58,152 - INFO -  epoch= 900      train_loss=  30.9170      val_loss= 187.9075      best=1      size=  55      nSHD_c=   3.2000      nSHD=   3.1667      tpr_c=   0.1636      change_adj_count=39      
2022-08-17 BST 13:34:21,583 - INFO -  epoch=1000      train_loss=  29.6755      val_loss= 158.6860      best=1      size=  54      nSHD_c=   3.1667      nSHD=   3.1333      tpr_c=   0.1667      change_adj_count=40      
2022-08-17 BST 13:34:21,583 - INFO - Before params
2022-08-17 BST 13:34:21,583 - INFO - After params={'MAX_SIZE': [66], 'LAMBDA': [1], 'NOISE_TEMPERATURE': [10], 'h_NULL': [0.01], 'h_LR': [0.001], 'z_RHO': [0], 'z_MU': [0]}
2022-08-17 BST 13:34:21,583 - INFO - After metrics={'train_loss': [29.67548382666803], 'val_loss': [158.68597412109375], 'size': [54], 'nshd_c': [3.1666666666666665], 'nshd': [3.1333333333333333], 'tpr': [0.16393442622950818], 'tpr_c': [0.16666666666666666], 'change_adj_count': [40]}
2022-08-17 BST 13:34:21,604 - INFO - After to_save=   MAX_SIZE  LAMBDA  NOISE_TEMPERATURE  ...       tpr     tpr_c  change_adj_count
0        66       1                 10  ...  0.163934  0.166667                40

[1 rows x 16 columns]
2022-08-17 BST 13:34:21,604 - INFO - After file_path='../results/l_66_4hps.csv'
2022-08-17 BST 13:34:21,607 - INFO - Last epoch results saved in l_66_4hps.csv
2022-08-17 BST 13:34:21,607 - INFO - 

DAG 10: size_true=51	X.var()=18.9170
2022-08-17 BST 13:34:21,855 - INFO -  epoch=   1      train_loss=  17.8271      val_loss=  16.3073      best=1      size=  58      nSHD_c=   3.0000      nSHD=   3.0333      tpr_c=   0.1379      change_adj_count=5      
2022-08-17 BST 13:34:22,106 - INFO -  epoch=   2      train_loss=  16.2212      val_loss=  14.0600      best=1      size=  56      nSHD_c=   2.8667      nSHD=   2.8667      tpr_c=   0.1071      change_adj_count=6      
2022-08-17 BST 13:34:43,836 - INFO -  epoch= 100      train_loss=  13.7454      val_loss=  72.5630      best=1      size=  53      nSHD_c=   2.5333      nSHD=   2.4333      tpr_c=   0.2075      change_adj_count=66      
2022-08-17 BST 13:35:06,102 - INFO -  epoch= 200      train_loss=  13.8219      val_loss=  64.9884      best=1      size=  53      nSHD_c=   2.6000      nSHD=   2.5000      tpr_c=   0.1887      change_adj_count=84      
2022-08-17 BST 13:35:28,017 - INFO -  epoch= 300      train_loss=  13.4245      val_loss=  64.1663      best=1      size=  52      nSHD_c=   2.6000      nSHD=   2.5333      tpr_c=   0.1923      change_adj_count=93      
2022-08-17 BST 13:35:51,302 - INFO -  epoch= 400      train_loss=  13.0079      val_loss=  57.9971      best=1      size=  53      nSHD_c=   2.6000      nSHD=   2.5000      tpr_c=   0.1887      change_adj_count=102      
2022-08-17 BST 13:36:14,926 - INFO -  epoch= 500      train_loss=  12.7713      val_loss=  54.4599      best=1      size=  52      nSHD_c=   2.5000      nSHD=   2.4000      tpr_c=   0.2115      change_adj_count=109      
2022-08-17 BST 13:36:39,267 - INFO -  epoch= 600      train_loss=  12.6182      val_loss=  51.7266      best=1      size=  52      nSHD_c=   2.5667      nSHD=   2.4667      tpr_c=   0.1923      change_adj_count=128      
2022-08-17 BST 13:37:02,412 - INFO -  epoch= 700      train_loss=  12.1579      val_loss=  49.3407      best=1      size=  52      nSHD_c=   2.5000      nSHD=   2.4000      tpr_c=   0.2115      change_adj_count=137      
2022-08-17 BST 13:37:24,515 - INFO -  epoch= 800      train_loss=  11.9746      val_loss=  43.1994      best=1      size=  53      nSHD_c=   2.5333      nSHD=   2.4333      tpr_c=   0.2075      change_adj_count=151      
2022-08-17 BST 13:37:46,159 - INFO -  epoch= 900      train_loss=  11.4546      val_loss=  40.2955      best=1      size=  53      nSHD_c=   2.5333      nSHD=   2.4333      tpr_c=   0.2075      change_adj_count=151      
2022-08-17 BST 13:38:08,399 - INFO -  epoch=1000      train_loss=  11.3521      val_loss=  33.0393      best=1      size=  53      nSHD_c=   2.5333      nSHD=   2.4333      tpr_c=   0.2075      change_adj_count=151      
2022-08-17 BST 13:38:08,399 - INFO - Before params
2022-08-17 BST 13:38:08,400 - INFO - After params={'MAX_SIZE': [66], 'LAMBDA': [1], 'NOISE_TEMPERATURE': [10], 'h_NULL': [0.01], 'h_LR': [0.001], 'z_RHO': [0], 'z_MU': [0]}
2022-08-17 BST 13:38:08,400 - INFO - After metrics={'train_loss': [11.352106340469852], 'val_loss': [33.03932921091715], 'size': [53], 'nshd_c': [2.533333333333333], 'nshd': [2.433333333333333], 'tpr': [0.27450980392156865], 'tpr_c': [0.20754716981132076], 'change_adj_count': [151]}
2022-08-17 BST 13:38:08,419 - INFO - After to_save=   MAX_SIZE  LAMBDA  NOISE_TEMPERATURE  ...      tpr     tpr_c  change_adj_count
0        66       1                 10  ...  0.27451  0.207547               151

[1 rows x 16 columns]
2022-08-17 BST 13:38:08,419 - INFO - After file_path='../results/l_66_4hps.csv'
2022-08-17 BST 13:38:08,422 - INFO - Last epoch results saved in l_66_4hps.csv
2022-08-17 BST 13:38:08,422 - INFO - 

DAG 11: size_true=68	X.var()=127.5135
2022-08-17 BST 13:38:08,754 - INFO -  epoch=   1      train_loss= 117.4695      val_loss=  71.1059      best=1      size=  54      nSHD_c=   3.7000      nSHD=   3.7000      tpr_c=   0.0556      change_adj_count=5      
2022-08-17 BST 13:38:31,038 - INFO -  epoch= 100      train_loss=  66.5355      val_loss=1337.4095      best=1      size=  60      nSHD_c=   3.4667      nSHD=   3.4667      tpr_c=   0.2000      change_adj_count=32      
2022-08-17 BST 13:38:53,252 - INFO -  epoch= 200      train_loss=  62.8308      val_loss=1105.5976      best=1      size=  60      nSHD_c=   3.4667      nSHD=   3.4667      tpr_c=   0.2000      change_adj_count=39      
2022-08-17 BST 13:39:14,986 - INFO -  epoch= 300      train_loss=  53.8393      val_loss= 761.0765      best=1      size=  60      nSHD_c=   3.4667      nSHD=   3.4667      tpr_c=   0.2000      change_adj_count=44      
2022-08-17 BST 13:39:38,035 - INFO -  epoch= 400      train_loss=  49.4008      val_loss= 553.9109      best=1      size=  60      nSHD_c=   3.4333      nSHD=   3.4000      tpr_c=   0.2000      change_adj_count=50      
2022-08-17 BST 13:40:02,015 - INFO -  epoch= 500      train_loss=  44.7187      val_loss= 443.0376      best=1      size=  60      nSHD_c=   3.3667      nSHD=   3.3333      tpr_c=   0.2167      change_adj_count=53      
2022-08-17 BST 13:40:25,475 - INFO -  epoch= 600      train_loss=  41.0961      val_loss= 325.4331      best=1      size=  60      nSHD_c=   3.3667      nSHD=   3.3333      tpr_c=   0.2167      change_adj_count=54      
2022-08-17 BST 13:40:47,981 - INFO -  epoch= 700      train_loss=  38.5037      val_loss= 252.3620      best=1      size=  59      nSHD_c=   3.4000      nSHD=   3.3667      tpr_c=   0.2034      change_adj_count=55      
2022-08-17 BST 13:41:10,672 - INFO -  epoch= 800      train_loss=  34.7068      val_loss= 191.1633      best=1      size=  58      nSHD_c=   3.4333      nSHD=   3.4000      tpr_c=   0.1897      change_adj_count=56      
2022-08-17 BST 13:41:33,747 - INFO -  epoch= 900      train_loss=  32.4218      val_loss= 147.2736      best=1      size=  57      nSHD_c=   3.3667      nSHD=   3.3667      tpr_c=   0.2105      change_adj_count=60      
2022-08-17 BST 13:41:55,629 - INFO -  epoch=1000      train_loss=  29.9953      val_loss= 113.9233      best=1      size=  57      nSHD_c=   3.3000      nSHD=   3.3000      tpr_c=   0.2281      change_adj_count=62      
2022-08-17 BST 13:41:55,629 - INFO - Before params
2022-08-17 BST 13:41:55,629 - INFO - After params={'MAX_SIZE': [66], 'LAMBDA': [1], 'NOISE_TEMPERATURE': [10], 'h_NULL': [0.01], 'h_LR': [0.001], 'z_RHO': [0], 'z_MU': [0]}
2022-08-17 BST 13:41:55,629 - INFO - After metrics={'train_loss': [29.995321642967962], 'val_loss': [113.92334493001302], 'size': [57], 'nshd_c': [3.3], 'nshd': [3.3], 'tpr': [0.19117647058823528], 'tpr_c': [0.22807017543859648], 'change_adj_count': [62]}
2022-08-17 BST 13:41:55,650 - INFO - After to_save=   MAX_SIZE  LAMBDA  NOISE_TEMPERATURE  ...       tpr    tpr_c  change_adj_count
0        66       1                 10  ...  0.191176  0.22807                62

[1 rows x 16 columns]
2022-08-17 BST 13:41:55,651 - INFO - After file_path='../results/l_66_4hps.csv'
2022-08-17 BST 13:41:55,653 - INFO - Last epoch results saved in l_66_4hps.csv
2022-08-17 BST 13:41:55,653 - INFO - 

DAG 12: size_true=53	X.var()=15.8398
2022-08-17 BST 13:41:55,908 - INFO -  epoch=   1      train_loss=  15.1804      val_loss=  12.6933      best=1      size=  55      nSHD_c=   3.3333      nSHD=   3.3000      tpr_c=   0.0364      change_adj_count=5      
2022-08-17 BST 13:41:56,150 - INFO -  epoch=   2      train_loss=  14.1048      val_loss=   8.6705      best=1      size=  54      nSHD_c=   3.0667      nSHD=   3.0333      tpr_c=   0.0926      change_adj_count=6      
2022-08-17 BST 13:42:17,817 - INFO -  epoch= 100      train_loss=  11.3275      val_loss=  70.6319      best=1      size=  52      nSHD_c=   2.2333      nSHD=   2.2333      tpr_c=   0.3462      change_adj_count=80      
2022-08-17 BST 13:42:40,316 - INFO -  epoch= 200      train_loss=  11.3282      val_loss=  60.8580      best=1      size=  52      nSHD_c=   2.3667      nSHD=   2.3000      tpr_c=   0.2885      change_adj_count=115      
2022-08-17 BST 13:43:03,061 - INFO -  epoch= 300      train_loss=  10.9601      val_loss=  55.8864      best=1      size=  53      nSHD_c=   2.3333      nSHD=   2.3333      tpr_c=   0.3208      change_adj_count=146      
2022-08-17 BST 13:43:25,759 - INFO -  epoch= 400      train_loss=  10.8767      val_loss=  48.5886      best=1      size=  52      nSHD_c=   2.3000      nSHD=   2.3000      tpr_c=   0.3269      change_adj_count=173      
2022-08-17 BST 13:43:47,213 - INFO -  epoch= 500      train_loss=  10.2539      val_loss=  46.4172      best=1      size=  52      nSHD_c=   2.3000      nSHD=   2.3000      tpr_c=   0.3269      change_adj_count=181      
2022-08-17 BST 13:44:10,247 - INFO -  epoch= 600      train_loss=  10.3014      val_loss=  41.4681      best=1      size=  52      nSHD_c=   2.2667      nSHD=   2.2333      tpr_c=   0.3269      change_adj_count=182      
2022-08-17 BST 13:44:33,305 - INFO -  epoch= 700      train_loss=   9.5359      val_loss=  36.1896      best=1      size=  53      nSHD_c=   2.2333      nSHD=   2.2000      tpr_c=   0.3396      change_adj_count=187      
2022-08-17 BST 13:44:55,144 - INFO -  epoch= 800      train_loss=   9.8535      val_loss=  32.0636      best=1      size=  53      nSHD_c=   2.2333      nSHD=   2.2000      tpr_c=   0.3396      change_adj_count=187      
2022-08-17 BST 13:45:17,574 - INFO -  epoch= 900      train_loss=   9.0997      val_loss=  27.9780      best=1      size=  52      nSHD_c=   2.2667      nSHD=   2.2333      tpr_c=   0.3269      change_adj_count=194      
2022-08-17 BST 13:45:38,452 - INFO -  epoch=1000      train_loss=   8.9783      val_loss=  25.0032      best=1      size=  52      nSHD_c=   2.2667      nSHD=   2.2333      tpr_c=   0.3269      change_adj_count=194      
2022-08-17 BST 13:45:38,452 - INFO - Before params
2022-08-17 BST 13:45:38,453 - INFO - After params={'MAX_SIZE': [66], 'LAMBDA': [1], 'NOISE_TEMPERATURE': [10], 'h_NULL': [0.01], 'h_LR': [0.001], 'z_RHO': [0], 'z_MU': [0]}
2022-08-17 BST 13:45:38,453 - INFO - After metrics={'train_loss': [8.978323936462402], 'val_loss': [25.003153800964355], 'size': [52], 'nshd_c': [2.2666666666666666], 'nshd': [2.2333333333333334], 'tpr': [0.33962264150943394], 'tpr_c': [0.3269230769230769], 'change_adj_count': [194]}
2022-08-17 BST 13:45:38,472 - INFO - After to_save=   MAX_SIZE  LAMBDA  NOISE_TEMPERATURE  ...       tpr     tpr_c  change_adj_count
0        66       1                 10  ...  0.339623  0.326923               194

[1 rows x 16 columns]
2022-08-17 BST 13:45:38,472 - INFO - After file_path='../results/l_66_4hps.csv'
2022-08-17 BST 13:45:38,474 - INFO - Last epoch results saved in l_66_4hps.csv
2022-08-17 BST 13:45:38,474 - INFO - 

DAG 13: size_true=53	X.var()=112.2632
2022-08-17 BST 13:45:38,737 - INFO -  epoch=   1      train_loss= 104.5779      val_loss=  40.9393      best=1      size=  53      nSHD_c=   2.9000      nSHD=   2.9000      tpr_c=   0.1321      change_adj_count=5      
2022-08-17 BST 13:46:01,320 - INFO -  epoch= 100      train_loss=  57.0093      val_loss=1306.4869      best=1      size=  48      nSHD_c=   2.6667      nSHD=   2.6667      tpr_c=   0.2083      change_adj_count=40      
2022-08-17 BST 13:46:24,269 - INFO -  epoch= 200      train_loss=  49.4940      val_loss=1070.0141      best=1      size=  50      nSHD_c=   2.7333      nSHD=   2.7333      tpr_c=   0.2000      change_adj_count=63      
2022-08-17 BST 13:46:46,468 - INFO -  epoch= 300      train_loss=  45.8366      val_loss= 730.4697      best=1      size=  50      nSHD_c=   2.7333      nSHD=   2.7333      tpr_c=   0.2000      change_adj_count=65      
2022-08-17 BST 13:47:08,066 - INFO -  epoch= 400      train_loss=  41.3059      val_loss= 540.5700      best=1      size=  51      nSHD_c=   2.7667      nSHD=   2.7667      tpr_c=   0.1961      change_adj_count=67      
2022-08-17 BST 13:47:30,988 - INFO -  epoch= 500      train_loss=  37.0123      val_loss= 374.3383      best=1      size=  51      nSHD_c=   2.7667      nSHD=   2.7667      tpr_c=   0.1961      change_adj_count=68      
2022-08-17 BST 13:47:53,343 - INFO -  epoch= 600      train_loss=  33.4599      val_loss= 325.0073      best=1      size=  51      nSHD_c=   2.7667      nSHD=   2.7667      tpr_c=   0.1961      change_adj_count=71      
2022-08-17 BST 13:48:15,826 - INFO -  epoch= 700      train_loss=  30.6549      val_loss= 241.4347      best=1      size=  51      nSHD_c=   2.7667      nSHD=   2.7667      tpr_c=   0.1961      change_adj_count=71      
2022-08-17 BST 13:48:38,666 - INFO -  epoch= 800      train_loss=  27.5629      val_loss= 197.2553      best=1      size=  51      nSHD_c=   2.7667      nSHD=   2.7667      tpr_c=   0.1961      change_adj_count=71      
2022-08-17 BST 13:49:00,877 - INFO -  epoch= 900      train_loss=  25.9605      val_loss= 164.3477      best=1      size=  51      nSHD_c=   2.7667      nSHD=   2.7667      tpr_c=   0.1961      change_adj_count=74      
2022-08-17 BST 13:49:24,800 - INFO -  epoch=1000      train_loss=  24.7388      val_loss= 119.9967      best=1      size=  50      nSHD_c=   2.7333      nSHD=   2.7333      tpr_c=   0.2000      change_adj_count=75      
2022-08-17 BST 13:49:24,800 - INFO - Before params
2022-08-17 BST 13:49:24,800 - INFO - After params={'MAX_SIZE': [66], 'LAMBDA': [1], 'NOISE_TEMPERATURE': [10], 'h_NULL': [0.01], 'h_LR': [0.001], 'z_RHO': [0], 'z_MU': [0]}
2022-08-17 BST 13:49:24,800 - INFO - After metrics={'train_loss': [24.73884194897067], 'val_loss': [119.99667231241862], 'size': [50], 'nshd_c': [2.7333333333333334], 'nshd': [2.7333333333333334], 'tpr': [0.18867924528301888], 'tpr_c': [0.2], 'change_adj_count': [75]}
2022-08-17 BST 13:49:24,822 - INFO - After to_save=   MAX_SIZE  LAMBDA  NOISE_TEMPERATURE  ...       tpr  tpr_c  change_adj_count
0        66       1                 10  ...  0.188679    0.2                75

[1 rows x 16 columns]
2022-08-17 BST 13:49:24,822 - INFO - After file_path='../results/l_66_4hps.csv'
2022-08-17 BST 13:49:24,825 - INFO - Last epoch results saved in l_66_4hps.csv
2022-08-17 BST 13:49:24,826 - INFO - 

DAG 14: size_true=59	X.var()=16.7418
2022-08-17 BST 13:49:25,113 - INFO -  epoch=   1      train_loss=  15.4131      val_loss=  15.3952      best=1      size=  57      nSHD_c=   3.7333      nSHD=   3.7333      tpr_c=   0.0000      change_adj_count=5      
2022-08-17 BST 13:49:25,382 - INFO -  epoch=   2      train_loss=  13.8575      val_loss=  11.0808      best=1      size=  57      nSHD_c=   3.5333      nSHD=   3.5333      tpr_c=   0.0351      change_adj_count=6      
2022-08-17 BST 13:49:25,642 - INFO -  epoch=   3      train_loss=  13.2953      val_loss=   9.6562      best=1      size=  54      nSHD_c=   2.9667      nSHD=   2.9667      tpr_c=   0.1852      change_adj_count=7      
2022-08-17 BST 13:49:46,500 - INFO -  epoch= 100      train_loss=  11.8416      val_loss=  58.4957      best=1      size=  59      nSHD_c=   2.7667      nSHD=   2.6333      tpr_c=   0.2542      change_adj_count=86      
2022-08-17 BST 13:50:08,355 - INFO -  epoch= 200      train_loss=  11.7292      val_loss=  62.7445      best=1      size=  59      nSHD_c=   2.8000      nSHD=   2.7000      tpr_c=   0.2542      change_adj_count=129      
2022-08-17 BST 13:50:30,781 - INFO -  epoch= 300      train_loss=  11.5702      val_loss=  60.1414      best=1      size=  59      nSHD_c=   2.7333      nSHD=   2.6333      tpr_c=   0.2712      change_adj_count=142      
2022-08-17 BST 13:50:54,165 - INFO -  epoch= 400      train_loss=  11.3938      val_loss=  54.2621      best=1      size=  59      nSHD_c=   2.7667      nSHD=   2.6333      tpr_c=   0.2542      change_adj_count=153      
2022-08-17 BST 13:51:17,417 - INFO -  epoch= 500      train_loss=  11.2863      val_loss=  48.2521      best=1      size=  59      nSHD_c=   2.7000      nSHD=   2.5667      tpr_c=   0.2712      change_adj_count=167      
2022-08-17 BST 13:51:40,382 - INFO -  epoch= 600      train_loss=  11.0373      val_loss=  47.7253      best=1      size=  59      nSHD_c=   2.7000      nSHD=   2.5667      tpr_c=   0.2712      change_adj_count=168      
2022-08-17 BST 13:52:04,037 - INFO -  epoch= 700      train_loss=  11.1590      val_loss=  44.1714      best=1      size=  59      nSHD_c=   2.7000      nSHD=   2.5667      tpr_c=   0.2712      change_adj_count=168      
2022-08-17 BST 13:52:27,245 - INFO -  epoch= 800      train_loss=  10.6817      val_loss=  41.0033      best=1      size=  59      nSHD_c=   2.7000      nSHD=   2.5667      tpr_c=   0.2712      change_adj_count=174      
2022-08-17 BST 13:52:49,487 - INFO -  epoch= 900      train_loss=  10.6340      val_loss=  39.6307      best=1      size=  59      nSHD_c=   2.7000      nSHD=   2.5667      tpr_c=   0.2712      change_adj_count=174      
2022-08-17 BST 13:53:11,114 - INFO -  epoch=1000      train_loss=  10.2988      val_loss=  36.5218      best=1      size=  59      nSHD_c=   2.7000      nSHD=   2.5667      tpr_c=   0.2712      change_adj_count=191      
2022-08-17 BST 13:53:11,115 - INFO - Before params
2022-08-17 BST 13:53:11,115 - INFO - After params={'MAX_SIZE': [66], 'LAMBDA': [1], 'NOISE_TEMPERATURE': [10], 'h_NULL': [0.01], 'h_LR': [0.001], 'z_RHO': [0], 'z_MU': [0]}
2022-08-17 BST 13:53:11,115 - INFO - After metrics={'train_loss': [10.298750785089307], 'val_loss': [36.52180576324463], 'size': [59], 'nshd_c': [2.7], 'nshd': [2.566666666666667], 'tpr': [0.3389830508474576], 'tpr_c': [0.2711864406779661], 'change_adj_count': [191]}
2022-08-17 BST 13:53:11,135 - INFO - After to_save=   MAX_SIZE  LAMBDA  NOISE_TEMPERATURE  ...       tpr     tpr_c  change_adj_count
0        66       1                 10  ...  0.338983  0.271186               191

[1 rows x 16 columns]
2022-08-17 BST 13:53:11,135 - INFO - After file_path='../results/l_66_4hps.csv'
2022-08-17 BST 13:53:11,137 - INFO - Last epoch results saved in l_66_4hps.csv
2022-08-17 BST 13:53:11,138 - INFO - 

DAG 15: size_true=42	X.var()=8.6273
2022-08-17 BST 13:53:11,442 - INFO -  epoch=   1      train_loss=   8.1815      val_loss=   7.8350      best=1      size=  53      nSHD_c=   2.7000      nSHD=   2.7000      tpr_c=   0.0943      change_adj_count=5      
2022-08-17 BST 13:53:11,720 - INFO -  epoch=   2      train_loss=   7.5551      val_loss=   6.2535      best=1      size=  55      nSHD_c=   2.8667      nSHD=   2.8667      tpr_c=   0.0909      change_adj_count=6      
2022-08-17 BST 13:53:12,000 - INFO -  epoch=   3      train_loss=   7.2876      val_loss=   5.2369      best=1      size=  54      nSHD_c=   2.5667      nSHD=   2.5667      tpr_c=   0.1296      change_adj_count=7      
2022-08-17 BST 13:53:33,629 - INFO -  epoch= 100      train_loss=   6.6915      val_loss=  20.8811      best=1      size=  51      nSHD_c=   1.8000      nSHD=   1.6667      tpr_c=   0.3333      change_adj_count=91      
2022-08-17 BST 13:53:55,483 - INFO -  epoch= 200      train_loss=   6.7041      val_loss=  19.3914      best=1      size=  53      nSHD_c=   1.7667      nSHD=   1.7000      tpr_c=   0.3585      change_adj_count=140      
2022-08-17 BST 13:54:17,004 - INFO -  epoch= 300      train_loss=   6.7296      val_loss=  19.8454      best=1      size=  53      nSHD_c=   1.9000      nSHD=   1.7667      tpr_c=   0.3019      change_adj_count=158      
2022-08-17 BST 13:54:39,138 - INFO -  epoch= 400      train_loss=   6.5710      val_loss=  19.2990      best=1      size=  53      nSHD_c=   1.8667      nSHD=   1.7000      tpr_c=   0.3019      change_adj_count=181      
2022-08-17 BST 13:55:00,572 - INFO -  epoch= 500      train_loss=   6.5229      val_loss=  17.9466      best=1      size=  52      nSHD_c=   1.9333      nSHD=   1.8000      tpr_c=   0.2885      change_adj_count=202      
2022-08-17 BST 13:55:22,795 - INFO -  epoch= 600      train_loss=   6.3953      val_loss=  17.3566      best=1      size=  52      nSHD_c=   1.8667      nSHD=   1.7333      tpr_c=   0.3077      change_adj_count=214      
2022-08-17 BST 13:55:43,835 - INFO -  epoch= 700      train_loss=   6.2768      val_loss=  15.6592      best=1      size=  52      nSHD_c=   1.9333      nSHD=   1.8000      tpr_c=   0.2885      change_adj_count=232      
2022-08-17 BST 13:56:06,277 - INFO -  epoch= 800      train_loss=   6.2551      val_loss=  16.1783      best=1      size=  53      nSHD_c=   1.8667      nSHD=   1.7667      tpr_c=   0.3208      change_adj_count=239      
2022-08-17 BST 13:56:29,546 - INFO -  epoch= 900      train_loss=   6.1968      val_loss=  15.1484      best=1      size=  53      nSHD_c=   1.8667      nSHD=   1.7667      tpr_c=   0.3208      change_adj_count=240      
2022-08-17 BST 13:56:51,445 - INFO -  epoch=1000      train_loss=   5.9892      val_loss=  13.2632      best=1      size=  52      nSHD_c=   1.8333      nSHD=   1.7333      tpr_c=   0.3269      change_adj_count=246      
2022-08-17 BST 13:56:51,445 - INFO - Before params
2022-08-17 BST 13:56:51,445 - INFO - After params={'MAX_SIZE': [66], 'LAMBDA': [1], 'NOISE_TEMPERATURE': [10], 'h_NULL': [0.01], 'h_LR': [0.001], 'z_RHO': [0], 'z_MU': [0]}
2022-08-17 BST 13:56:51,445 - INFO - After metrics={'train_loss': [5.989176058000134], 'val_loss': [13.263170083363852], 'size': [52], 'nshd_c': [1.8333333333333333], 'nshd': [1.7333333333333334], 'tpr': [0.47619047619047616], 'tpr_c': [0.3269230769230769], 'change_adj_count': [246]}
2022-08-17 BST 13:56:51,464 - INFO - After to_save=   MAX_SIZE  LAMBDA  NOISE_TEMPERATURE  ...      tpr     tpr_c  change_adj_count
0        66       1                 10  ...  0.47619  0.326923               246

[1 rows x 16 columns]
2022-08-17 BST 13:56:51,465 - INFO - After file_path='../results/l_66_4hps.csv'
2022-08-17 BST 13:56:51,467 - INFO - Last epoch results saved in l_66_4hps.csv
2022-08-17 BST 13:56:51,467 - INFO - 

DAG 16: size_true=50	X.var()=12.1502
2022-08-17 BST 13:56:51,736 - INFO -  epoch=   1      train_loss=  11.3749      val_loss=  11.5347      best=1      size=  59      nSHD_c=   3.3000      nSHD=   3.3333      tpr_c=   0.0678      change_adj_count=5      
2022-08-17 BST 13:56:52,009 - INFO -  epoch=   2      train_loss=  10.5813      val_loss=   8.6065      best=1      size=  55      nSHD_c=   2.9333      nSHD=   2.9333      tpr_c=   0.1091      change_adj_count=6      
2022-08-17 BST 13:56:52,283 - INFO -  epoch=   3      train_loss=  10.1219      val_loss=   7.2712      best=1      size=  52      nSHD_c=   2.6333      nSHD=   2.6667      tpr_c=   0.1923      change_adj_count=7      
2022-08-17 BST 13:56:52,563 - INFO -  epoch=   4      train_loss=   9.9028      val_loss=   5.9737      best=1      size=  53      nSHD_c=   2.5667      nSHD=   2.5667      tpr_c=   0.2075      change_adj_count=8      
2022-08-17 BST 13:57:13,605 - INFO -  epoch= 100      train_loss=   9.4181      val_loss=  28.3122      best=1      size=  53      nSHD_c=   2.2000      nSHD=   2.1000      tpr_c=   0.3208      change_adj_count=79      
2022-08-17 BST 13:57:36,397 - INFO -  epoch= 200      train_loss=   9.3102      val_loss=  28.2327      best=1      size=  52      nSHD_c=   2.1667      nSHD=   2.1333      tpr_c=   0.3462      change_adj_count=120      
2022-08-17 BST 13:57:59,312 - INFO -  epoch= 300      train_loss=   9.0425      val_loss=  23.5378      best=1      size=  52      nSHD_c=   2.1000      nSHD=   2.0000      tpr_c=   0.3462      change_adj_count=153      
2022-08-17 BST 13:58:22,557 - INFO -  epoch= 400      train_loss=   9.0225      val_loss=  25.5827      best=1      size=  52      nSHD_c=   2.1667      nSHD=   2.1333      tpr_c=   0.3462      change_adj_count=173      
2022-08-17 BST 13:58:45,652 - INFO -  epoch= 500      train_loss=   8.8035      val_loss=  24.9153      best=1      size=  52      nSHD_c=   2.2000      nSHD=   2.1333      tpr_c=   0.3269      change_adj_count=181      
2022-08-17 BST 13:59:06,954 - INFO -  epoch= 600      train_loss=   8.7907      val_loss=  21.8312      best=1      size=  52      nSHD_c=   2.1667      nSHD=   2.1333      tpr_c=   0.3462      change_adj_count=188      
2022-08-17 BST 13:59:28,955 - INFO -  epoch= 700      train_loss=   8.6283      val_loss=  20.8488      best=1      size=  52      nSHD_c=   2.1667      nSHD=   2.0667      tpr_c=   0.3269      change_adj_count=193      
2022-08-17 BST 13:59:52,264 - INFO -  epoch= 800      train_loss=   8.5330      val_loss=  21.6368      best=1      size=  52      nSHD_c=   2.2667      nSHD=   2.1333      tpr_c=   0.2885      change_adj_count=207      
2022-08-17 BST 14:00:15,068 - INFO -  epoch= 900      train_loss=   8.3312      val_loss=  19.0638      best=1      size=  52      nSHD_c=   2.2000      nSHD=   2.0667      tpr_c=   0.3077      change_adj_count=210      
2022-08-17 BST 14:00:38,059 - INFO -  epoch=1000      train_loss=   8.2948      val_loss=  19.2072      best=1      size=  52      nSHD_c=   2.1667      nSHD=   2.1000      tpr_c=   0.3269      change_adj_count=210      
2022-08-17 BST 14:00:38,059 - INFO - Before params
2022-08-17 BST 14:00:38,060 - INFO - After params={'MAX_SIZE': [66], 'LAMBDA': [1], 'NOISE_TEMPERATURE': [10], 'h_NULL': [0.01], 'h_LR': [0.001], 'z_RHO': [0], 'z_MU': [0]}
2022-08-17 BST 14:00:38,060 - INFO - After metrics={'train_loss': [8.294774086244646], 'val_loss': [19.207221031188965], 'size': [52], 'nshd_c': [2.1666666666666665], 'nshd': [2.1], 'tpr': [0.38], 'tpr_c': [0.3269230769230769], 'change_adj_count': [210]}
2022-08-17 BST 14:00:38,083 - INFO - After to_save=   MAX_SIZE  LAMBDA  NOISE_TEMPERATURE  ...   tpr     tpr_c  change_adj_count
0        66       1                 10  ...  0.38  0.326923               210

[1 rows x 16 columns]
2022-08-17 BST 14:00:38,084 - INFO - After file_path='../results/l_66_4hps.csv'
2022-08-17 BST 14:00:38,086 - INFO - Last epoch results saved in l_66_4hps.csv
2022-08-17 BST 14:00:38,086 - INFO - 

DAG 17: size_true=49	X.var()=16.5203
2022-08-17 BST 14:00:38,371 - INFO -  epoch=   1      train_loss=  15.1600      val_loss=  14.9345      best=1      size=  59      nSHD_c=   3.3000      nSHD=   3.3000      tpr_c=   0.0508      change_adj_count=5      
2022-08-17 BST 14:00:38,635 - INFO -  epoch=   2      train_loss=  13.6996      val_loss=  10.7307      best=1      size=  54      nSHD_c=   3.0667      nSHD=   3.0667      tpr_c=   0.0741      change_adj_count=6      
2022-08-17 BST 14:01:00,826 - INFO -  epoch= 100      train_loss=  12.0046      val_loss=  60.2439      best=1      size=  51      nSHD_c=   2.2000      nSHD=   2.2000      tpr_c=   0.3333      change_adj_count=60      
2022-08-17 BST 14:01:22,008 - INFO -  epoch= 200      train_loss=  11.8399      val_loss=  55.2723      best=1      size=  52      nSHD_c=   2.2333      nSHD=   2.2333      tpr_c=   0.3269      change_adj_count=91      
2022-08-17 BST 14:01:45,422 - INFO -  epoch= 300      train_loss=  11.4881      val_loss=  55.1788      best=1      size=  52      nSHD_c=   2.2333      nSHD=   2.2333      tpr_c=   0.3269      change_adj_count=102      
2022-08-17 BST 14:02:07,721 - INFO -  epoch= 400      train_loss=  11.2670      val_loss=  48.6868      best=1      size=  52      nSHD_c=   2.2333      nSHD=   2.2333      tpr_c=   0.3269      change_adj_count=102      
2022-08-17 BST 14:02:29,619 - INFO -  epoch= 500      train_loss=  11.0795      val_loss=  47.5962      best=1      size=  52      nSHD_c=   2.2333      nSHD=   2.2333      tpr_c=   0.3269      change_adj_count=102      
2022-08-17 BST 14:02:52,466 - INFO -  epoch= 600      train_loss=  11.1031      val_loss=  43.5619      best=1      size=  52      nSHD_c=   2.2333      nSHD=   2.2333      tpr_c=   0.3269      change_adj_count=104      
2022-08-17 BST 14:03:14,922 - INFO -  epoch= 700      train_loss=  10.6797      val_loss=  43.0620      best=1      size=  52      nSHD_c=   2.2333      nSHD=   2.2333      tpr_c=   0.3269      change_adj_count=106      
2022-08-17 BST 14:03:37,469 - INFO -  epoch= 800      train_loss=  10.6835      val_loss=  37.6682      best=1      size=  52      nSHD_c=   2.2333      nSHD=   2.2333      tpr_c=   0.3269      change_adj_count=107      
2022-08-17 BST 14:03:59,298 - INFO -  epoch= 900      train_loss=  10.4147      val_loss=  35.2323      best=1      size=  52      nSHD_c=   2.2333      nSHD=   2.2333      tpr_c=   0.3269      change_adj_count=107      
2022-08-17 BST 14:04:20,005 - INFO -  epoch=1000      train_loss=  10.2330      val_loss=  34.3512      best=1      size=  52      nSHD_c=   2.2333      nSHD=   2.2333      tpr_c=   0.3269      change_adj_count=113      
2022-08-17 BST 14:04:20,005 - INFO - Before params
2022-08-17 BST 14:04:20,005 - INFO - After params={'MAX_SIZE': [66], 'LAMBDA': [1], 'NOISE_TEMPERATURE': [10], 'h_NULL': [0.01], 'h_LR': [0.001], 'z_RHO': [0], 'z_MU': [0]}
2022-08-17 BST 14:04:20,005 - INFO - After metrics={'train_loss': [10.232999617053617], 'val_loss': [34.35120391845703], 'size': [52], 'nshd_c': [2.2333333333333334], 'nshd': [2.2333333333333334], 'tpr': [0.3469387755102041], 'tpr_c': [0.3269230769230769], 'change_adj_count': [113]}
2022-08-17 BST 14:04:20,025 - INFO - After to_save=   MAX_SIZE  LAMBDA  NOISE_TEMPERATURE  ...       tpr     tpr_c  change_adj_count
0        66       1                 10  ...  0.346939  0.326923               113

[1 rows x 16 columns]
2022-08-17 BST 14:04:20,025 - INFO - After file_path='../results/l_66_4hps.csv'
2022-08-17 BST 14:04:20,027 - INFO - Last epoch results saved in l_66_4hps.csv
2022-08-17 BST 14:04:20,028 - INFO - 

DAG 18: size_true=56	X.var()=17.9506
2022-08-17 BST 14:04:20,277 - INFO -  epoch=   1      train_loss=  16.8910      val_loss=  12.7662      best=1      size=  56      nSHD_c=   3.2667      nSHD=   3.2000      tpr_c=   0.0536      change_adj_count=5      
2022-08-17 BST 14:04:20,515 - INFO -  epoch=   2      train_loss=  15.1900      val_loss=   9.2448      best=1      size=  55      nSHD_c=   3.0667      nSHD=   2.9667      tpr_c=   0.1091      change_adj_count=6      
2022-08-17 BST 14:04:41,673 - INFO -  epoch= 100      train_loss=  12.6991      val_loss=  76.9329      best=1      size=  60      nSHD_c=   2.7333      nSHD=   2.6333      tpr_c=   0.2500      change_adj_count=74      
2022-08-17 BST 14:05:03,161 - INFO -  epoch= 200      train_loss=  12.3859      val_loss=  74.7985      best=1      size=  61      nSHD_c=   2.7667      nSHD=   2.6667      tpr_c=   0.2459      change_adj_count=84      
2022-08-17 BST 14:05:25,068 - INFO -  epoch= 300      train_loss=  12.0545      val_loss=  65.9504      best=1      size=  61      nSHD_c=   2.7333      nSHD=   2.6000      tpr_c=   0.2459      change_adj_count=115      
2022-08-17 BST 14:05:47,824 - INFO -  epoch= 400      train_loss=  11.5787      val_loss=  63.3333      best=1      size=  61      nSHD_c=   2.6667      nSHD=   2.5333      tpr_c=   0.2623      change_adj_count=121      
2022-08-17 BST 14:06:09,671 - INFO -  epoch= 500      train_loss=  11.3113      val_loss=  54.0039      best=1      size=  60      nSHD_c=   2.6333      nSHD=   2.5000      tpr_c=   0.2667      change_adj_count=132      
2022-08-17 BST 14:06:31,241 - INFO -  epoch= 600      train_loss=  11.3306      val_loss=  51.1301      best=1      size=  61      nSHD_c=   2.6667      nSHD=   2.5333      tpr_c=   0.2623      change_adj_count=133      
2022-08-17 BST 14:06:53,588 - INFO -  epoch= 700      train_loss=  10.7297      val_loss=  48.1317      best=1      size=  61      nSHD_c=   2.6667      nSHD=   2.5333      tpr_c=   0.2623      change_adj_count=133      
2022-08-17 BST 14:07:15,124 - INFO -  epoch= 800      train_loss=  10.3699      val_loss=  42.4353      best=1      size=  61      nSHD_c=   2.6667      nSHD=   2.5333      tpr_c=   0.2623      change_adj_count=133      
2022-08-17 BST 14:07:37,588 - INFO -  epoch= 900      train_loss=  10.0930      val_loss=  38.5977      best=1      size=  60      nSHD_c=   2.6333      nSHD=   2.5000      tpr_c=   0.2667      change_adj_count=134      
2022-08-17 BST 14:07:59,636 - INFO -  epoch=1000      train_loss=  10.1096      val_loss=  31.5640      best=1      size=  60      nSHD_c=   2.6333      nSHD=   2.5000      tpr_c=   0.2667      change_adj_count=138      
2022-08-17 BST 14:07:59,637 - INFO - Before params
2022-08-17 BST 14:07:59,637 - INFO - After params={'MAX_SIZE': [66], 'LAMBDA': [1], 'NOISE_TEMPERATURE': [10], 'h_NULL': [0.01], 'h_LR': [0.001], 'z_RHO': [0], 'z_MU': [0]}
2022-08-17 BST 14:07:59,637 - INFO - After metrics={'train_loss': [10.109573087384623], 'val_loss': [31.56400140126546], 'size': [60], 'nshd_c': [2.6333333333333333], 'nshd': [2.5], 'tpr': [0.35714285714285715], 'tpr_c': [0.26666666666666666], 'change_adj_count': [138]}
2022-08-17 BST 14:07:59,658 - INFO - After to_save=   MAX_SIZE  LAMBDA  NOISE_TEMPERATURE  ...       tpr     tpr_c  change_adj_count
0        66       1                 10  ...  0.357143  0.266667               138

[1 rows x 16 columns]
2022-08-17 BST 14:07:59,658 - INFO - After file_path='../results/l_66_4hps.csv'
2022-08-17 BST 14:07:59,660 - INFO - Last epoch results saved in l_66_4hps.csv
2022-08-17 BST 14:07:59,661 - INFO - 

DAG 19: size_true=57	X.var()=24.8142
2022-08-17 BST 14:07:59,932 - INFO -  epoch=   1      train_loss=  22.3888      val_loss=  19.1115      best=1      size=  54      nSHD_c=   3.4333      nSHD=   3.4000      tpr_c=   0.0185      change_adj_count=5      
2022-08-17 BST 14:08:00,206 - INFO -  epoch=   2      train_loss=  19.7328      val_loss=  14.1303      best=1      size=  53      nSHD_c=   3.2667      nSHD=   3.2333      tpr_c=   0.0566      change_adj_count=6      
2022-08-17 BST 14:08:21,314 - INFO -  epoch= 100      train_loss=  16.5776      val_loss= 131.5951      best=1      size=  57      nSHD_c=   2.8000      nSHD=   2.7333      tpr_c=   0.2456      change_adj_count=72      
2022-08-17 BST 14:08:44,076 - INFO -  epoch= 200      train_loss=  16.2209      val_loss= 119.1887      best=1      size=  57      nSHD_c=   2.7667      nSHD=   2.7333      tpr_c=   0.2632      change_adj_count=108      
2022-08-17 BST 14:09:05,925 - INFO -  epoch= 300      train_loss=  16.0755      val_loss= 104.4738      best=1      size=  56      nSHD_c=   2.7333      nSHD=   2.7000      tpr_c=   0.2679      change_adj_count=123      
2022-08-17 BST 14:09:27,499 - INFO -  epoch= 400      train_loss=  15.5754      val_loss= 101.7377      best=1      size=  56      nSHD_c=   2.7333      nSHD=   2.7000      tpr_c=   0.2679      change_adj_count=128      
2022-08-17 BST 14:09:49,503 - INFO -  epoch= 500      train_loss=  15.2147      val_loss=  88.6173      best=1      size=  56      nSHD_c=   2.7333      nSHD=   2.7000      tpr_c=   0.2679      change_adj_count=131      
2022-08-17 BST 14:10:11,226 - INFO -  epoch= 600      train_loss=  15.1252      val_loss=  79.0148      best=1      size=  56      nSHD_c=   2.7333      nSHD=   2.7000      tpr_c=   0.2679      change_adj_count=135      
2022-08-17 BST 14:10:34,071 - INFO -  epoch= 700      train_loss=  14.6626      val_loss=  72.5199      best=1      size=  56      nSHD_c=   2.7333      nSHD=   2.7000      tpr_c=   0.2679      change_adj_count=135      
2022-08-17 BST 14:10:55,950 - INFO -  epoch= 800      train_loss=  14.2596      val_loss=  69.4853      best=1      size=  56      nSHD_c=   2.7333      nSHD=   2.7000      tpr_c=   0.2679      change_adj_count=145      
2022-08-17 BST 14:11:17,154 - INFO -  epoch= 900      train_loss=  13.6073      val_loss=  64.1133      best=1      size=  55      nSHD_c=   2.7000      nSHD=   2.6667      tpr_c=   0.2727      change_adj_count=150      
2022-08-17 BST 14:11:39,302 - INFO -  epoch=1000      train_loss=  13.4169      val_loss=  56.7041      best=1      size=  55      nSHD_c=   2.7000      nSHD=   2.6667      tpr_c=   0.2727      change_adj_count=150      
2022-08-17 BST 14:11:39,302 - INFO - Before params
2022-08-17 BST 14:11:39,302 - INFO - After params={'MAX_SIZE': [66], 'LAMBDA': [1], 'NOISE_TEMPERATURE': [10], 'h_NULL': [0.01], 'h_LR': [0.001], 'z_RHO': [0], 'z_MU': [0]}
2022-08-17 BST 14:11:39,302 - INFO - After metrics={'train_loss': [13.416855935127504], 'val_loss': [56.70406532287598], 'size': [55], 'nshd_c': [2.7], 'nshd': [2.6666666666666665], 'tpr': [0.2807017543859649], 'tpr_c': [0.2727272727272727], 'change_adj_count': [150]}
2022-08-17 BST 14:11:39,323 - INFO - After to_save=   MAX_SIZE  LAMBDA  NOISE_TEMPERATURE  ...       tpr     tpr_c  change_adj_count
0        66       1                 10  ...  0.280702  0.272727               150

[1 rows x 16 columns]
2022-08-17 BST 14:11:39,323 - INFO - After file_path='../results/l_66_4hps.csv'
2022-08-17 BST 14:11:39,326 - INFO - Last epoch results saved in l_66_4hps.csv
2022-08-17 BST 14:11:39,326 - INFO - 

DAG 20: size_true=59	X.var()=201.6824
2022-08-17 BST 14:11:39,581 - INFO -  epoch=   1      train_loss= 184.9558      val_loss= 104.9419      best=1      size=  51      nSHD_c=   3.2000      nSHD=   3.1333      tpr_c=   0.0980      change_adj_count=5      
2022-08-17 BST 14:12:01,619 - INFO -  epoch= 100      train_loss=  87.8392      val_loss=2665.0107      best=1      size=  59      nSHD_c=   3.6000      nSHD=   3.6000      tpr_c=   0.0847      change_adj_count=45      
2022-08-17 BST 14:12:23,886 - INFO -  epoch= 200      train_loss=  78.2716      val_loss=1842.1862      best=1      size=  58      nSHD_c=   3.5000      nSHD=   3.5000      tpr_c=   0.1034      change_adj_count=63      
2022-08-17 BST 14:12:46,606 - INFO -  epoch= 300      train_loss=  72.3341      val_loss=1132.1359      best=1      size=  56      nSHD_c=   3.3667      nSHD=   3.3000      tpr_c=   0.1071      change_adj_count=84      
2022-08-17 BST 14:13:08,885 - INFO -  epoch= 400      train_loss=  63.4832      val_loss= 837.1848      best=1      size=  55      nSHD_c=   3.3333      nSHD=   3.2667      tpr_c=   0.1091      change_adj_count=91      
2022-08-17 BST 14:13:29,475 - INFO -  epoch= 500      train_loss=  58.5902      val_loss= 593.2755      best=1      size=  54      nSHD_c=   3.3000      nSHD=   3.2333      tpr_c=   0.1111      change_adj_count=96      
2022-08-17 BST 14:13:52,097 - INFO -  epoch= 600      train_loss=  52.5875      val_loss= 429.2935      best=1      size=  53      nSHD_c=   3.2667      nSHD=   3.2000      tpr_c=   0.1132      change_adj_count=102      
2022-08-17 BST 14:14:15,864 - INFO -  epoch= 700      train_loss=  49.3025      val_loss= 353.3753      best=1      size=  52      nSHD_c=   3.2333      nSHD=   3.1667      tpr_c=   0.1154      change_adj_count=103      
2022-08-17 BST 14:14:39,813 - INFO -  epoch= 800      train_loss=  45.0015      val_loss= 265.2560      best=1      size=  51      nSHD_c=   3.2000      nSHD=   3.1333      tpr_c=   0.1176      change_adj_count=104      
2022-08-17 BST 14:15:02,844 - INFO -  epoch= 900      train_loss=  43.9725      val_loss= 201.3156      best=1      size=  51      nSHD_c=   3.2000      nSHD=   3.1333      tpr_c=   0.1176      change_adj_count=105      
2022-08-17 BST 14:15:25,117 - INFO -  epoch=1000      train_loss=  40.3692      val_loss= 182.2701      best=1      size=  51      nSHD_c=   3.2000      nSHD=   3.1333      tpr_c=   0.1176      change_adj_count=106      
2022-08-17 BST 14:15:25,118 - INFO - Before params
2022-08-17 BST 14:15:25,118 - INFO - After params={'MAX_SIZE': [66], 'LAMBDA': [1], 'NOISE_TEMPERATURE': [10], 'h_NULL': [0.01], 'h_LR': [0.001], 'z_RHO': [0], 'z_MU': [0]}
2022-08-17 BST 14:15:25,118 - INFO - After metrics={'train_loss': [40.369187508859945], 'val_loss': [182.27010091145834], 'size': [51], 'nshd_c': [3.2], 'nshd': [3.1333333333333333], 'tpr': [0.13559322033898305], 'tpr_c': [0.11764705882352941], 'change_adj_count': [106]}
2022-08-17 BST 14:15:25,138 - INFO - After to_save=   MAX_SIZE  LAMBDA  NOISE_TEMPERATURE  ...       tpr     tpr_c  change_adj_count
0        66       1                 10  ...  0.135593  0.117647               106

[1 rows x 16 columns]
2022-08-17 BST 14:15:25,138 - INFO - After file_path='../results/l_66_4hps.csv'
2022-08-17 BST 14:15:25,140 - INFO - Last epoch results saved in l_66_4hps.csv
2022-08-17 BST 14:15:25,141 - INFO - 

DAG 21: size_true=57	X.var()=21.1204
2022-08-17 BST 14:15:25,384 - INFO -  epoch=   1      train_loss=  19.0707      val_loss=  16.3696      best=1      size=  55      nSHD_c=   3.3667      nSHD=   3.3333      tpr_c=   0.0545      change_adj_count=5      
2022-08-17 BST 14:15:25,623 - INFO -  epoch=   2      train_loss=  17.0543      val_loss=  11.9358      best=1      size=  54      nSHD_c=   3.1333      nSHD=   3.1333      tpr_c=   0.1296      change_adj_count=6      
2022-08-17 BST 14:15:46,970 - INFO -  epoch= 100      train_loss=  14.1809      val_loss= 120.8111      best=1      size=  52      nSHD_c=   2.8000      nSHD=   2.8000      tpr_c=   0.2115      change_adj_count=57      
2022-08-17 BST 14:16:10,432 - INFO -  epoch= 200      train_loss=  13.7020      val_loss= 130.0734      best=1      size=  53      nSHD_c=   2.8667      nSHD=   2.8667      tpr_c=   0.1887      change_adj_count=81      
2022-08-17 BST 14:16:33,268 - INFO -  epoch= 300      train_loss=  13.3177      val_loss= 126.3054      best=1      size=  53      nSHD_c=   2.8667      nSHD=   2.8667      tpr_c=   0.1887      change_adj_count=98      
2022-08-17 BST 14:16:55,765 - INFO -  epoch= 400      train_loss=  12.8276      val_loss= 102.1698      best=1      size=  53      nSHD_c=   2.8667      nSHD=   2.8667      tpr_c=   0.1887      change_adj_count=104      
2022-08-17 BST 14:17:19,033 - INFO -  epoch= 500      train_loss=  12.6427      val_loss= 102.6245      best=1      size=  54      nSHD_c=   2.9000      nSHD=   2.9000      tpr_c=   0.1852      change_adj_count=119      
2022-08-17 BST 14:17:41,906 - INFO -  epoch= 600      train_loss=  12.6444      val_loss=  83.2456      best=1      size=  53      nSHD_c=   2.8667      nSHD=   2.8667      tpr_c=   0.1887      change_adj_count=135      
2022-08-17 BST 14:18:04,459 - INFO -  epoch= 700      train_loss=  12.0381      val_loss=  75.6407      best=1      size=  53      nSHD_c=   2.8667      nSHD=   2.8667      tpr_c=   0.1887      change_adj_count=139      
2022-08-17 BST 14:18:27,138 - INFO -  epoch= 800      train_loss=  11.8875      val_loss=  68.7866      best=1      size=  53      nSHD_c=   2.8667      nSHD=   2.8667      tpr_c=   0.1887      change_adj_count=139      
2022-08-17 BST 14:18:49,596 - INFO -  epoch= 900      train_loss=  11.3578      val_loss=  61.1669      best=1      size=  53      nSHD_c=   2.8667      nSHD=   2.8667      tpr_c=   0.1887      change_adj_count=139      
2022-08-17 BST 14:19:13,914 - INFO -  epoch=1000      train_loss=  11.3240      val_loss=  56.4392      best=1      size=  53      nSHD_c=   2.8333      nSHD=   2.8000      tpr_c=   0.1887      change_adj_count=142      
2022-08-17 BST 14:19:13,915 - INFO - Before params
2022-08-17 BST 14:19:13,915 - INFO - After params={'MAX_SIZE': [66], 'LAMBDA': [1], 'NOISE_TEMPERATURE': [10], 'h_NULL': [0.01], 'h_LR': [0.001], 'z_RHO': [0], 'z_MU': [0]}
2022-08-17 BST 14:19:13,915 - INFO - After metrics={'train_loss': [11.324016263408046], 'val_loss': [56.43919563293457], 'size': [53], 'nshd_c': [2.8333333333333335], 'nshd': [2.8], 'tpr': [0.19298245614035087], 'tpr_c': [0.18867924528301888], 'change_adj_count': [142]}
2022-08-17 BST 14:19:13,937 - INFO - After to_save=   MAX_SIZE  LAMBDA  NOISE_TEMPERATURE  ...       tpr     tpr_c  change_adj_count
0        66       1                 10  ...  0.192982  0.188679               142

[1 rows x 16 columns]
2022-08-17 BST 14:19:13,937 - INFO - After file_path='../results/l_66_4hps.csv'
2022-08-17 BST 14:19:15,278 - INFO - Last epoch results saved in l_66_4hps.csv
2022-08-17 BST 14:19:15,279 - INFO - 

DAG 22: size_true=60	X.var()=129.8499
2022-08-17 BST 14:19:15,636 - INFO -  epoch=   1      train_loss= 119.5671      val_loss=  80.0272      best=1      size=  53      nSHD_c=   3.2000      nSHD=   3.2000      tpr_c=   0.1132      change_adj_count=5      
2022-08-17 BST 14:19:37,755 - INFO -  epoch= 100      train_loss=  60.9337      val_loss=1590.9873      best=1      size=  56      nSHD_c=   2.9667      nSHD=   2.9667      tpr_c=   0.2321      change_adj_count=41      
2022-08-17 BST 14:20:01,006 - INFO -  epoch= 200      train_loss=  58.7923      val_loss=1272.6330      best=1      size=  57      nSHD_c=   3.0000      nSHD=   3.0000      tpr_c=   0.2281      change_adj_count=42      
2022-08-17 BST 14:20:23,202 - INFO -  epoch= 300      train_loss=  53.0714      val_loss= 857.8859      best=1      size=  57      nSHD_c=   3.0000      nSHD=   3.0000      tpr_c=   0.2281      change_adj_count=42      
2022-08-17 BST 14:20:45,764 - INFO -  epoch= 400      train_loss=  46.5503      val_loss= 708.7000      best=1      size=  59      nSHD_c=   3.0333      nSHD=   3.0000      tpr_c=   0.2203      change_adj_count=44      
2022-08-17 BST 14:21:08,158 - INFO -  epoch= 500      train_loss=  43.2576      val_loss= 511.0290      best=1      size=  58      nSHD_c=   3.0000      nSHD=   2.9667      tpr_c=   0.2241      change_adj_count=47      
2022-08-17 BST 14:21:30,268 - INFO -  epoch= 600      train_loss=  39.3915      val_loss= 395.4053      best=1      size=  58      nSHD_c=   2.9667      nSHD=   2.9333      tpr_c=   0.2241      change_adj_count=51      
2022-08-17 BST 14:21:52,695 - INFO -  epoch= 700      train_loss=  37.6973      val_loss= 291.0045      best=1      size=  58      nSHD_c=   2.9667      nSHD=   2.9333      tpr_c=   0.2241      change_adj_count=51      
2022-08-17 BST 14:22:14,957 - INFO -  epoch= 800      train_loss=  34.2845      val_loss= 227.8676      best=1      size=  58      nSHD_c=   2.9667      nSHD=   2.9333      tpr_c=   0.2241      change_adj_count=51      
2022-08-17 BST 14:22:36,860 - INFO -  epoch= 900      train_loss=  32.4158      val_loss= 204.1918      best=1      size=  57      nSHD_c=   2.9000      nSHD=   2.8333      tpr_c=   0.2281      change_adj_count=55      
2022-08-17 BST 14:22:59,174 - INFO -  epoch=1000      train_loss=  30.1972      val_loss= 159.6870      best=1      size=  57      nSHD_c=   2.9667      nSHD=   2.9000      tpr_c=   0.2105      change_adj_count=58      
2022-08-17 BST 14:22:59,174 - INFO - Before params
2022-08-17 BST 14:22:59,174 - INFO - After params={'MAX_SIZE': [66], 'LAMBDA': [1], 'NOISE_TEMPERATURE': [10], 'h_NULL': [0.01], 'h_LR': [0.001], 'z_RHO': [0], 'z_MU': [0]}
2022-08-17 BST 14:22:59,174 - INFO - After metrics={'train_loss': [30.197167181199596], 'val_loss': [159.6870091756185], 'size': [57], 'nshd_c': [2.966666666666667], 'nshd': [2.9], 'tpr': [0.23333333333333334], 'tpr_c': [0.21052631578947367], 'change_adj_count': [58]}
2022-08-17 BST 14:22:59,195 - INFO - After to_save=   MAX_SIZE  LAMBDA  NOISE_TEMPERATURE  ...       tpr     tpr_c  change_adj_count
0        66       1                 10  ...  0.233333  0.210526                58

[1 rows x 16 columns]
2022-08-17 BST 14:22:59,195 - INFO - After file_path='../results/l_66_4hps.csv'
2022-08-17 BST 14:22:59,197 - INFO - Last epoch results saved in l_66_4hps.csv
2022-08-17 BST 14:22:59,198 - INFO - 

DAG 23: size_true=49	X.var()=14.1269
2022-08-17 BST 14:22:59,484 - INFO -  epoch=   1      train_loss=  13.4341      val_loss=  13.6282      best=1      size=  57      nSHD_c=   3.2667      nSHD=   3.2000      tpr_c=   0.0351      change_adj_count=5      
2022-08-17 BST 14:22:59,750 - INFO -  epoch=   2      train_loss=  12.6081      val_loss=  12.0493      best=1      size=  54      nSHD_c=   3.1667      nSHD=   3.1333      tpr_c=   0.0370      change_adj_count=6      
2022-08-17 BST 14:23:00,026 - INFO -  epoch=   3      train_loss=  12.1960      val_loss=   9.1592      best=1      size=  51      nSHD_c=   2.6667      nSHD=   2.6333      tpr_c=   0.1373      change_adj_count=7      
2022-08-17 BST 14:23:21,669 - INFO -  epoch= 100      train_loss=  10.6116      val_loss=  63.9581      best=1      size=  55      nSHD_c=   1.9667      nSHD=   1.9333      tpr_c=   0.4000      change_adj_count=83      
2022-08-17 BST 14:23:44,218 - INFO -  epoch= 200      train_loss=  10.4845      val_loss=  55.6965      best=1      size=  54      nSHD_c=   1.9000      nSHD=   1.8000      tpr_c=   0.3889      change_adj_count=119      
2022-08-17 BST 14:24:06,217 - INFO -  epoch= 300      train_loss=  10.1842      val_loss=  51.0127      best=1      size=  55      nSHD_c=   1.9000      nSHD=   1.7667      tpr_c=   0.3818      change_adj_count=155      
2022-08-17 BST 14:24:28,627 - INFO -  epoch= 400      train_loss=   9.6647      val_loss=  43.9492      best=1      size=  53      nSHD_c=   1.9000      nSHD=   1.7667      tpr_c=   0.3774      change_adj_count=180      
2022-08-17 BST 14:24:51,953 - INFO -  epoch= 500      train_loss=   9.6449      val_loss=  41.7965      best=1      size=  54      nSHD_c=   1.8667      nSHD=   1.7333      tpr_c=   0.3889      change_adj_count=198      
2022-08-17 BST 14:25:13,501 - INFO -  epoch= 600      train_loss=   9.3791      val_loss=  35.8703      best=1      size=  54      nSHD_c=   1.8667      nSHD=   1.7000      tpr_c=   0.3889      change_adj_count=219      
2022-08-17 BST 14:25:36,415 - INFO -  epoch= 700      train_loss=   9.3090      val_loss=  35.1535      best=1      size=  54      nSHD_c=   1.8667      nSHD=   1.7000      tpr_c=   0.3889      change_adj_count=246      
2022-08-17 BST 14:25:59,517 - INFO -  epoch= 800      train_loss=   8.7466      val_loss=  30.9692      best=1      size=  53      nSHD_c=   1.8333      nSHD=   1.6667      tpr_c=   0.3962      change_adj_count=265      
2022-08-17 BST 14:26:22,344 - INFO -  epoch= 900      train_loss=   8.7032      val_loss=  26.7261      best=1      size=  53      nSHD_c=   1.8333      nSHD=   1.6667      tpr_c=   0.3962      change_adj_count=277      
2022-08-17 BST 14:26:44,148 - INFO -  epoch=1000      train_loss=   8.6178      val_loss=  25.6896      best=1      size=  53      nSHD_c=   1.8333      nSHD=   1.6667      tpr_c=   0.3962      change_adj_count=278      
2022-08-17 BST 14:26:44,148 - INFO - Before params
2022-08-17 BST 14:26:44,148 - INFO - After params={'MAX_SIZE': [66], 'LAMBDA': [1], 'NOISE_TEMPERATURE': [10], 'h_NULL': [0.01], 'h_LR': [0.001], 'z_RHO': [0], 'z_MU': [0]}
2022-08-17 BST 14:26:44,148 - INFO - After metrics={'train_loss': [8.61779389842864], 'val_loss': [25.689599355061848], 'size': [53], 'nshd_c': [1.8333333333333333], 'nshd': [1.6666666666666667], 'tpr': [0.5306122448979592], 'tpr_c': [0.39622641509433965], 'change_adj_count': [278]}
2022-08-17 BST 14:26:44,168 - INFO - After to_save=   MAX_SIZE  LAMBDA  NOISE_TEMPERATURE  ...       tpr     tpr_c  change_adj_count
0        66       1                 10  ...  0.530612  0.396226               278

[1 rows x 16 columns]
2022-08-17 BST 14:26:44,168 - INFO - After file_path='../results/l_66_4hps.csv'
2022-08-17 BST 14:26:44,172 - INFO - Last epoch results saved in l_66_4hps.csv
2022-08-17 BST 14:26:44,172 - INFO - 
last_mean_nshd_c=2.7181
2022-08-17 BST 14:26:44,172 - INFO - 
Time taken 1:41:18 (h:mm:ss)
2022-08-17 BST 14:26:44,172 - INFO - 
End of log for run 2022-08-17_BST_12:45:26,668_l_66_4hps_150
