2022-08-16 BST 01:45:54,537 - INFO - 
Log for run 2022-08-16_BST_01:45:54,456_l_66none_4hps_070

2022-08-16 BST 01:45:54,537 - INFO - COMMENT = ''
2022-08-16 BST 01:45:54,537 - INFO - DATA_FOLDER = '../data'
2022-08-16 BST 01:45:54,537 - INFO - LATENTS_FOLDER = '../latents'
2022-08-16 BST 01:45:54,537 - INFO - LOGS_FOLDER = '../logs'
2022-08-16 BST 01:45:54,537 - INFO - MODEL_FOLDER = '../models'
2022-08-16 BST 01:45:54,538 - INFO - RESULTS_FOLDER = '../results'
2022-08-16 BST 01:45:54,538 - INFO - DEVICE = torch.device("cuda" if torch.cuda.is_available() else "cpu")  # Used: "cuda"
2022-08-16 BST 01:45:54,538 - INFO - LATENTS = False
2022-08-16 BST 01:45:54,538 - INFO - MATRIX_REPORT = False
2022-08-16 BST 01:45:54,538 - INFO - LABEL = True
2022-08-16 BST 01:45:54,538 - INFO - SAVE_TO_ODS = False
2022-08-16 BST 01:45:54,538 - INFO - VAL_LOSS_FROM_DAG = True
2022-08-16 BST 01:45:54,538 - INFO - WANDB = False
2022-08-16 BST 01:45:54,538 - INFO - WANDB_PROJECT = 'Thetas'
2022-08-16 BST 01:45:54,538 - INFO - GRAD_LOG = False
2022-08-16 BST 01:45:54,538 - INFO - N_TRIALS = 1
2022-08-16 BST 01:45:54,538 - INFO - OPTUNA_STRINGS = {'None': None, 'True': True, 'False': False}
2022-08-16 BST 01:45:54,538 - INFO - TQDM = False
2022-08-16 BST 01:45:54,538 - INFO - 
hyperparameters = {
2022-08-16 BST 01:45:54,539 - INFO - 	'GRAPH_TYPE': 'ER2',
2022-08-16 BST 01:45:54,539 - INFO - 	'D': 30,
2022-08-16 BST 01:45:54,539 - INFO - 	'MAX_SIZE': None,
2022-08-16 BST 01:45:54,539 - INFO - 	'SEM_NOISE': 'gaussian_ev',
2022-08-16 BST 01:45:54,539 - INFO - 	'N': 1200,
2022-08-16 BST 01:45:54,539 - INFO - 	'VAL': 0.16666666666666666,
2022-08-16 BST 01:45:54,539 - INFO - 	'N_EPOCHS': 1000,
2022-08-16 BST 01:45:54,539 - INFO - 	'BATCH_SIZE': 32,
2022-08-16 BST 01:45:54,539 - INFO - 	'LOG2_BATCH_SIZE': None,
2022-08-16 BST 01:45:54,539 - INFO - 	'BATCH_SHUFFLE': True,
2022-08-16 BST 01:45:54,539 - INFO - 	'N_SAMPLES': 10,
2022-08-16 BST 01:45:54,539 - INFO - 	'MODE': 'max_dag_test_only',
2022-08-16 BST 01:45:54,539 - INFO - 	'AFAS_SCHEDULER': None,
2022-08-16 BST 01:45:54,539 - INFO - 	'MINIZINC_SOLVER': None,
2022-08-16 BST 01:45:54,539 - INFO - 	'f_LINEAR_LAYERS': (),
2022-08-16 BST 01:45:54,539 - INFO - 	'f_BIAS': False,
2022-08-16 BST 01:45:54,540 - INFO - 	'p_LAYER': None,
2022-08-16 BST 01:45:54,540 - INFO - 	'STREAMLINE': False,
2022-08-16 BST 01:45:54,540 - INFO - 	'THRESHOLD': 0.0,
2022-08-16 BST 01:45:54,540 - INFO - 	'h_LINEAR_LAYERS': (),
2022-08-16 BST 01:45:54,540 - INFO - 	'h_NULL': 0.01,
2022-08-16 BST 01:45:54,540 - INFO - 	'h_LR': 0.001,
2022-08-16 BST 01:45:54,540 - INFO - 	'h_OPTIMIZER': 'torch.optim.Adam(overall_net.h_net.parameters(), lr=h.h_LR)',
2022-08-16 BST 01:45:54,540 - INFO - 	'f_LR': 0.0117744218586073,
2022-08-16 BST 01:45:54,540 - INFO - 	'f_OPTIMIZER': 'torch.optim.Adam(overall_net.f_net.parameters(), lr=h.f_LR)',
2022-08-16 BST 01:45:54,540 - INFO - 	'NOISE_TEMPERATURE': 10,
2022-08-16 BST 01:45:54,540 - INFO - 	'NOISE_DISTRIBUTION': 'LogisticNoiseDistribution()',
2022-08-16 BST 01:45:54,540 - INFO - 	'LAMBDA': 0.1,
2022-08-16 BST 01:45:54,540 - INFO - 	'LOSS_FN': 'torch.nn.MSELoss()',
2022-08-16 BST 01:45:54,540 - INFO - 	'REGULARIZER': None,
2022-08-16 BST 01:45:54,540 - INFO - 	'z_RHO': 0,
2022-08-16 BST 01:45:54,541 - INFO - 	'z_MU': 0,
2022-08-16 BST 01:45:54,541 - INFO - 	'z_REGULARIZER': 'NoTearsZRegularizer(h.D, h.z_RHO, h.z_MU, c.DEVICE)',
2022-08-16 BST 01:45:54,541 - INFO - 	'LR_SCHEDULER': None,
2022-08-16 BST 01:45:54,541 - INFO - 	'DATA_CATEGORY': 'test',
2022-08-16 BST 01:45:54,541 - INFO - 	'DAGS': '030_ER2_gaussian_ev_2022-08-12_BST_09:55:21,293_create_dags'
2022-08-16 BST 01:45:54,541 - INFO - }

2022-08-16 BST 01:45:55,584 - INFO - 

DAG 0: size_true=69	X.var()=185.8479
2022-08-16 BST 01:45:58,068 - INFO -  epoch=   1      train_loss= 105.5067      val_loss=  64.7498      best=1      size= 260      nSHD_c=   8.6000      nSHD=   8.5333      tpr_c=   0.0923      change_adj_count=5      
2022-08-16 BST 01:46:15,639 - INFO -  epoch= 100      train_loss=  21.7681      val_loss=  66.8425      best=1      size= 293      nSHD_c=   8.4000      nSHD=   8.3000      tpr_c=   0.1638      change_adj_count=102      
2022-08-16 BST 01:46:32,438 - INFO -  epoch= 200      train_loss=  19.8426      val_loss=  59.6477      best=1      size= 298      nSHD_c=   8.7333      nSHD=   8.5333      tpr_c=   0.1409      change_adj_count=185      
2022-08-16 BST 01:46:49,714 - INFO -  epoch= 300      train_loss=  19.9251      val_loss=  53.8127      best=1      size= 304      nSHD_c=   8.8333      nSHD=   8.7667      tpr_c=   0.1447      change_adj_count=253      
2022-08-16 BST 01:47:07,192 - INFO -  epoch= 400      train_loss=  20.3059      val_loss=  58.5064      best=1      size= 310      nSHD_c=   9.1333      nSHD=   8.9000      tpr_c=   0.1323      change_adj_count=319      
2022-08-16 BST 01:47:23,787 - INFO -  epoch= 500      train_loss=  18.5035      val_loss=  59.3679      best=1      size= 312      nSHD_c=   9.1333      nSHD=   8.9667      tpr_c=   0.1378      change_adj_count=369      
2022-08-16 BST 01:47:40,375 - INFO -  epoch= 600      train_loss=  19.2547      val_loss=  51.2505      best=1      size= 318      nSHD_c=   9.3667      nSHD=   9.1000      tpr_c=   0.1321      change_adj_count=412      
2022-08-16 BST 01:47:56,546 - INFO -  epoch= 700      train_loss=  18.0582      val_loss=  42.2716      best=1      size= 311      nSHD_c=   9.1667      nSHD=   8.9000      tpr_c=   0.1350      change_adj_count=456      
2022-08-16 BST 01:48:12,892 - INFO -  epoch= 800      train_loss=  17.6287      val_loss=  48.6838      best=1      size= 319      nSHD_c=   9.4000      nSHD=   9.0667      tpr_c=   0.1317      change_adj_count=499      
2022-08-16 BST 01:48:29,986 - INFO -  epoch= 900      train_loss=  18.2023      val_loss=  42.0470      best=1      size= 317      nSHD_c=   9.4667      nSHD=   9.1667      tpr_c=   0.1293      change_adj_count=540      
2022-08-16 BST 01:48:47,893 - INFO -  epoch=1000      train_loss=  17.5345      val_loss=  35.4261      best=1      size= 321      nSHD_c=   9.4667      nSHD=   9.1667      tpr_c=   0.1308      change_adj_count=571      
2022-08-16 BST 01:48:47,893 - INFO - Before params
2022-08-16 BST 01:48:47,893 - INFO - After params={'MAX_SIZE': [None], 'LAMBDA': [0.1], 'NOISE_TEMPERATURE': [10], 'h_NULL': [0.01], 'h_LR': [0.001], 'z_RHO': [0], 'z_MU': [0]}
2022-08-16 BST 01:48:47,893 - INFO - After metrics={'train_loss': [17.53453900737147], 'val_loss': [35.42609373728434], 'size': [321], 'nshd_c': [9.466666666666667], 'nshd': [9.166666666666666], 'tpr': [0.7391304347826086], 'tpr_c': [0.1308411214953271], 'change_adj_count': [571]}
2022-08-16 BST 01:48:47,916 - INFO - After to_save=  MAX_SIZE  LAMBDA  NOISE_TEMPERATURE  ...      tpr     tpr_c  change_adj_count
0     None     0.1                 10  ...  0.73913  0.130841               571

[1 rows x 16 columns]
2022-08-16 BST 01:48:47,916 - INFO - After file_path='../results/l_66none_4hps.csv'
2022-08-16 BST 01:48:47,921 - INFO - Last epoch results saved in l_66none_4hps.csv
2022-08-16 BST 01:48:47,922 - INFO - 

DAG 1: size_true=67	X.var()=127.1156
2022-08-16 BST 01:48:48,164 - INFO -  epoch=   1      train_loss=  62.0965      val_loss=  41.8980      best=1      size= 251      nSHD_c=   8.6000      nSHD=   8.5667      tpr_c=   0.0757      change_adj_count=5      
2022-08-16 BST 01:49:05,374 - INFO -  epoch= 100      train_loss=  12.7161      val_loss=  65.6128      best=1      size= 285      nSHD_c=   8.5333      nSHD=   8.5000      tpr_c=   0.1474      change_adj_count=98      
2022-08-16 BST 01:49:22,124 - INFO -  epoch= 200      train_loss=  12.7373      val_loss=  52.3567      best=1      size= 295      nSHD_c=   8.6333      nSHD=   8.6333      tpr_c=   0.1492      change_adj_count=188      
2022-08-16 BST 01:49:39,708 - INFO -  epoch= 300      train_loss=  11.8608      val_loss=  54.0355      best=1      size= 305      nSHD_c=   9.2000      nSHD=   9.1667      tpr_c=   0.1344      change_adj_count=264      
2022-08-16 BST 01:49:57,842 - INFO -  epoch= 400      train_loss=  12.8314      val_loss=  58.1245      best=1      size= 314      nSHD_c=   9.1000      nSHD=   9.1000      tpr_c=   0.1561      change_adj_count=324      
2022-08-16 BST 01:50:13,734 - INFO -  epoch= 500      train_loss=  12.2414      val_loss=  58.1128      best=1      size= 323      nSHD_c=   9.2333      nSHD=   9.2333      tpr_c=   0.1641      change_adj_count=383      
2022-08-16 BST 01:50:29,755 - INFO -  epoch= 600      train_loss=  11.6135      val_loss=  56.3211      best=1      size= 314      nSHD_c=   8.9667      nSHD=   8.9667      tpr_c=   0.1624      change_adj_count=428      
2022-08-16 BST 01:50:47,256 - INFO -  epoch= 700      train_loss=  11.7662      val_loss=  50.1929      best=1      size= 313      nSHD_c=   8.8667      nSHD=   8.8667      tpr_c=   0.1725      change_adj_count=469      
2022-08-16 BST 01:51:05,013 - INFO -  epoch= 800      train_loss=  11.6762      val_loss=  48.1364      best=1      size= 320      nSHD_c=   9.2333      nSHD=   9.2000      tpr_c=   0.1531      change_adj_count=517      
2022-08-16 BST 01:51:21,615 - INFO -  epoch= 900      train_loss=  11.2191      val_loss=  36.4358      best=1      size= 320      nSHD_c=   9.3667      nSHD=   9.3333      tpr_c=   0.1469      change_adj_count=553      
2022-08-16 BST 01:51:38,867 - INFO -  epoch=1000      train_loss=  11.2260      val_loss=  44.5006      best=1      size= 318      nSHD_c=   9.3000      nSHD=   9.2667      tpr_c=   0.1478      change_adj_count=577      
2022-08-16 BST 01:51:38,868 - INFO - Before params
2022-08-16 BST 01:51:38,868 - INFO - After params={'MAX_SIZE': [None], 'LAMBDA': [0.1], 'NOISE_TEMPERATURE': [10], 'h_NULL': [0.01], 'h_LR': [0.001], 'z_RHO': [0], 'z_MU': [0]}
2022-08-16 BST 01:51:38,868 - INFO - After metrics={'train_loss': [11.225956439971924], 'val_loss': [44.50063896179199], 'size': [318], 'nshd_c': [9.3], 'nshd': [9.266666666666667], 'tpr': [0.7164179104477612], 'tpr_c': [0.14779874213836477], 'change_adj_count': [577]}
2022-08-16 BST 01:51:38,889 - INFO - After to_save=  MAX_SIZE  LAMBDA  NOISE_TEMPERATURE  ...       tpr     tpr_c  change_adj_count
0     None     0.1                 10  ...  0.716418  0.147799               577

[1 rows x 16 columns]
2022-08-16 BST 01:51:38,890 - INFO - After file_path='../results/l_66none_4hps.csv'
2022-08-16 BST 01:51:38,897 - INFO - Last epoch results saved in l_66none_4hps.csv
2022-08-16 BST 01:51:38,898 - INFO - 

DAG 2: size_true=64	X.var()=25.7432
2022-08-16 BST 01:51:39,152 - INFO -  epoch=   1      train_loss=  16.4091      val_loss=  16.8545      best=1      size= 256      nSHD_c=   9.1667      nSHD=   9.1333      tpr_c=   0.0430      change_adj_count=5      
2022-08-16 BST 01:51:39,408 - INFO -  epoch=   2      train_loss=   9.1512      val_loss=  15.2753      best=1      size= 264      nSHD_c=   9.1667      nSHD=   9.1333      tpr_c=   0.0606      change_adj_count=6      
2022-08-16 BST 01:51:40,068 - INFO -  epoch=   5      train_loss=   7.0095      val_loss=   9.3767      best=1      size= 262      nSHD_c=   8.8333      nSHD=   8.7667      tpr_c=   0.0840      change_adj_count=9      
2022-08-16 BST 01:51:40,525 - INFO -  epoch=   7      train_loss=   6.5610      val_loss=   8.2765      best=1      size= 267      nSHD_c=   8.7333      nSHD=   8.6333      tpr_c=   0.0974      change_adj_count=11      
2022-08-16 BST 01:51:56,186 - INFO -  epoch= 100      train_loss=   6.2469      val_loss=   7.1605      best=1      size= 272      nSHD_c=   7.8000      nSHD=   7.7333      tpr_c=   0.1691      change_adj_count=98      
2022-08-16 BST 01:52:13,417 - INFO -  epoch= 200      train_loss=   6.2680      val_loss=   6.9864      best=1      size= 281      nSHD_c=   8.0000      nSHD=   7.9333      tpr_c=   0.1744      change_adj_count=175      
2022-08-16 BST 01:52:30,788 - INFO -  epoch= 300      train_loss=   6.1134      val_loss=   7.0555      best=1      size= 287      nSHD_c=   8.1000      nSHD=   8.0667      tpr_c=   0.1777      change_adj_count=238      
2022-08-16 BST 01:52:47,227 - INFO -  epoch= 400      train_loss=   6.1986      val_loss=   6.9027      best=1      size= 297      nSHD_c=   8.3667      nSHD=   8.3333      tpr_c=   0.1717      change_adj_count=290      
2022-08-16 BST 01:53:03,989 - INFO -  epoch= 500      train_loss=   6.1039      val_loss=   6.6707      best=1      size= 298      nSHD_c=   8.4000      nSHD=   8.3667      tpr_c=   0.1711      change_adj_count=343      
2022-08-16 BST 01:53:21,764 - INFO -  epoch= 600      train_loss=   5.8913      val_loss=   6.8657      best=1      size= 305      nSHD_c=   8.4667      nSHD=   8.4333      tpr_c=   0.1738      change_adj_count=378      
2022-08-16 BST 01:53:39,230 - INFO -  epoch= 700      train_loss=   5.9515      val_loss=   7.0497      best=1      size= 305      nSHD_c=   8.5333      nSHD=   8.5000      tpr_c=   0.1705      change_adj_count=426      
2022-08-16 BST 01:53:56,542 - INFO -  epoch= 800      train_loss=   5.7645      val_loss=   6.4464      best=1      size= 308      nSHD_c=   8.7000      nSHD=   8.6667      tpr_c=   0.1656      change_adj_count=466      
2022-08-16 BST 01:54:13,506 - INFO -  epoch= 900      train_loss=   5.5771      val_loss=   6.3616      best=1      size= 304      nSHD_c=   8.7333      nSHD=   8.6667      tpr_c=   0.1579      change_adj_count=499      
2022-08-16 BST 01:54:30,848 - INFO -  epoch=1000      train_loss=   5.7051      val_loss=   6.2440      best=1      size= 308      nSHD_c=   8.7667      nSHD=   8.7000      tpr_c=   0.1623      change_adj_count=523      
2022-08-16 BST 01:54:30,849 - INFO - Before params
2022-08-16 BST 01:54:30,849 - INFO - After params={'MAX_SIZE': [None], 'LAMBDA': [0.1], 'NOISE_TEMPERATURE': [10], 'h_NULL': [0.01], 'h_LR': [0.001], 'z_RHO': [0], 'z_MU': [0]}
2022-08-16 BST 01:54:30,849 - INFO - After metrics={'train_loss': [5.705056052054128], 'val_loss': [6.243963638941447], 'size': [308], 'nshd_c': [8.766666666666667], 'nshd': [8.7], 'tpr': [0.8125], 'tpr_c': [0.16233766233766234], 'change_adj_count': [523]}
2022-08-16 BST 01:54:30,866 - INFO - After to_save=  MAX_SIZE  LAMBDA  NOISE_TEMPERATURE  ...     tpr     tpr_c  change_adj_count
0     None     0.1                 10  ...  0.8125  0.162338               523

[1 rows x 16 columns]
2022-08-16 BST 01:54:30,867 - INFO - After file_path='../results/l_66none_4hps.csv'
2022-08-16 BST 01:54:30,869 - INFO - Last epoch results saved in l_66none_4hps.csv
2022-08-16 BST 01:54:30,870 - INFO - 

DAG 3: size_true=63	X.var()=265.9248
2022-08-16 BST 01:54:31,126 - INFO -  epoch=   1      train_loss=  96.3958      val_loss=  93.0813      best=1      size= 263      nSHD_c=   9.2333      nSHD=   9.1667      tpr_c=   0.0494      change_adj_count=5      
2022-08-16 BST 01:54:31,374 - INFO -  epoch=   2      train_loss=  33.6620      val_loss= 120.9994      best=1      size= 271      nSHD_c=   9.1333      nSHD=   9.0667      tpr_c=   0.0701      change_adj_count=6      
2022-08-16 BST 01:54:31,623 - INFO -  epoch=   3      train_loss=  29.8532      val_loss=  71.9803      best=1      size= 278      nSHD_c=   9.3000      nSHD=   9.2333      tpr_c=   0.0647      change_adj_count=7      
2022-08-16 BST 01:54:48,419 - INFO -  epoch= 100      train_loss=  24.1600      val_loss= 105.1532      best=1      size= 329      nSHD_c=   9.9333      nSHD=   9.9333      tpr_c=   0.1155      change_adj_count=100      
2022-08-16 BST 01:55:06,673 - INFO -  epoch= 200      train_loss=  24.6797      val_loss= 121.6782      best=1      size= 325      nSHD_c=   9.9000      nSHD=   9.8667      tpr_c=   0.1169      change_adj_count=184      
2022-08-16 BST 01:55:23,497 - INFO -  epoch= 300      train_loss=  24.1079      val_loss= 121.0633      best=1      size= 321      nSHD_c=   9.7000      nSHD=   9.6667      tpr_c=   0.1184      change_adj_count=246      
2022-08-16 BST 01:55:40,474 - INFO -  epoch= 400      train_loss=  23.1317      val_loss= 102.5531      best=1      size= 328      nSHD_c=   9.8000      nSHD=   9.6333      tpr_c=   0.1220      change_adj_count=302      
2022-08-16 BST 01:55:58,046 - INFO -  epoch= 500      train_loss=  23.5561      val_loss=  93.7080      best=1      size= 326      nSHD_c=   9.7000      nSHD=   9.5667      tpr_c=   0.1227      change_adj_count=352      
2022-08-16 BST 01:56:16,114 - INFO -  epoch= 600      train_loss=  22.8074      val_loss=  83.0641      best=1      size= 323      nSHD_c=   9.5667      nSHD=   9.5333      tpr_c=   0.1300      change_adj_count=409      
2022-08-16 BST 01:56:34,456 - INFO -  epoch= 700      train_loss=  22.2811      val_loss=  83.3470      best=1      size= 323      nSHD_c=   9.5333      nSHD=   9.5000      tpr_c=   0.1300      change_adj_count=457      
2022-08-16 BST 01:56:51,887 - INFO -  epoch= 800      train_loss=  22.4821      val_loss=  75.3673      best=1      size= 324      nSHD_c=   9.5000      nSHD=   9.4667      tpr_c=   0.1358      change_adj_count=504      
2022-08-16 BST 01:57:09,118 - INFO -  epoch= 900      train_loss=  22.1650      val_loss=  67.2547      best=1      size= 329      nSHD_c=   9.7667      nSHD=   9.7333      tpr_c=   0.1277      change_adj_count=543      
2022-08-16 BST 01:57:26,466 - INFO -  epoch=1000      train_loss=  20.6491      val_loss=  71.5027      best=1      size= 332      nSHD_c=   9.8000      nSHD=   9.7000      tpr_c=   0.1265      change_adj_count=581      
2022-08-16 BST 01:57:26,466 - INFO - Before params
2022-08-16 BST 01:57:26,467 - INFO - After params={'MAX_SIZE': [None], 'LAMBDA': [0.1], 'NOISE_TEMPERATURE': [10], 'h_NULL': [0.01], 'h_LR': [0.001], 'z_RHO': [0], 'z_MU': [0]}
2022-08-16 BST 01:57:26,467 - INFO - After metrics={'train_loss': [20.64905326597152], 'val_loss': [71.50268363952637], 'size': [332], 'nshd_c': [9.8], 'nshd': [9.7], 'tpr': [0.7142857142857143], 'tpr_c': [0.12650602409638553], 'change_adj_count': [581]}
2022-08-16 BST 01:57:26,485 - INFO - After to_save=  MAX_SIZE  LAMBDA  NOISE_TEMPERATURE  ...       tpr     tpr_c  change_adj_count
0     None     0.1                 10  ...  0.714286  0.126506               581

[1 rows x 16 columns]
2022-08-16 BST 01:57:26,486 - INFO - After file_path='../results/l_66none_4hps.csv'
2022-08-16 BST 01:57:26,488 - INFO - Last epoch results saved in l_66none_4hps.csv
2022-08-16 BST 01:57:26,489 - INFO - 

DAG 4: size_true=48	X.var()=47.3993
2022-08-16 BST 01:57:26,701 - INFO -  epoch=   1      train_loss=  28.8138      val_loss=  24.0520      best=1      size= 260      nSHD_c=   9.0000      nSHD=   8.9667      tpr_c=   0.0308      change_adj_count=5      
2022-08-16 BST 01:57:26,907 - INFO -  epoch=   2      train_loss=  14.3996      val_loss=  10.7860      best=1      size= 267      nSHD_c=   9.0333      nSHD=   9.0000      tpr_c=   0.0487      change_adj_count=6      
2022-08-16 BST 01:57:42,588 - INFO -  epoch= 100      train_loss=   9.0855      val_loss=  17.5572      best=1      size= 274      nSHD_c=   8.5667      nSHD=   8.3667      tpr_c=   0.0912      change_adj_count=96      
2022-08-16 BST 01:57:58,314 - INFO -  epoch= 200      train_loss=   8.8861      val_loss=  17.9808      best=1      size= 277      nSHD_c=   8.7333      nSHD=   8.6000      tpr_c=   0.0903      change_adj_count=175      
2022-08-16 BST 01:58:15,200 - INFO -  epoch= 300      train_loss=   8.4871      val_loss=  16.0907      best=1      size= 279      nSHD_c=   8.6333      nSHD=   8.3667      tpr_c=   0.0932      change_adj_count=242      
2022-08-16 BST 01:58:31,937 - INFO -  epoch= 400      train_loss=   8.4326      val_loss=  15.1590      best=1      size= 287      nSHD_c=   9.0667      nSHD=   8.8000      tpr_c=   0.0836      change_adj_count=301      
2022-08-16 BST 01:58:48,436 - INFO -  epoch= 500      train_loss=   8.6425      val_loss=  14.9442      best=1      size= 282      nSHD_c=   8.7667      nSHD=   8.5000      tpr_c=   0.0887      change_adj_count=340      
2022-08-16 BST 01:59:05,012 - INFO -  epoch= 600      train_loss=   8.0039      val_loss=  15.4231      best=1      size= 279      nSHD_c=   8.7667      nSHD=   8.5333      tpr_c=   0.0824      change_adj_count=381      
2022-08-16 BST 01:59:22,680 - INFO -  epoch= 700      train_loss=   7.8592      val_loss=  16.2028      best=1      size= 276      nSHD_c=   8.7667      nSHD=   8.5333      tpr_c=   0.0797      change_adj_count=422      
2022-08-16 BST 01:59:40,333 - INFO -  epoch= 800      train_loss=   7.8212      val_loss=  13.7624      best=1      size= 271      nSHD_c=   8.6667      nSHD=   8.4333      tpr_c=   0.0775      change_adj_count=471      
2022-08-16 BST 01:59:57,258 - INFO -  epoch= 900      train_loss=   7.5418      val_loss=  14.7027      best=1      size= 278      nSHD_c=   8.8000      nSHD=   8.5667      tpr_c=   0.0827      change_adj_count=508      
2022-08-16 BST 02:00:13,882 - INFO -  epoch=1000      train_loss=   7.2845      val_loss=  13.4758      best=1      size= 279      nSHD_c=   8.6667      nSHD=   8.4000      tpr_c=   0.0896      change_adj_count=540      
2022-08-16 BST 02:00:13,883 - INFO - Before params
2022-08-16 BST 02:00:13,883 - INFO - After params={'MAX_SIZE': [None], 'LAMBDA': [0.1], 'NOISE_TEMPERATURE': [10], 'h_NULL': [0.01], 'h_LR': [0.001], 'z_RHO': [0], 'z_MU': [0]}
2022-08-16 BST 02:00:13,883 - INFO - After metrics={'train_loss': [7.2844514692983315], 'val_loss': [13.475768248240152], 'size': [279], 'nshd_c': [8.666666666666666], 'nshd': [8.4], 'tpr': [0.6875], 'tpr_c': [0.08960573476702509], 'change_adj_count': [540]}
2022-08-16 BST 02:00:13,899 - INFO - After to_save=  MAX_SIZE  LAMBDA  NOISE_TEMPERATURE  ...     tpr     tpr_c  change_adj_count
0     None     0.1                 10  ...  0.6875  0.089606               540

[1 rows x 16 columns]
2022-08-16 BST 02:00:13,899 - INFO - After file_path='../results/l_66none_4hps.csv'
2022-08-16 BST 02:00:13,924 - INFO - Last epoch results saved in l_66none_4hps.csv
2022-08-16 BST 02:00:13,925 - INFO - 

DAG 5: size_true=57	X.var()=54.7286
2022-08-16 BST 02:00:14,178 - INFO -  epoch=   1      train_loss=  39.5256      val_loss=  38.0580      best=1      size= 261      nSHD_c=   8.9000      nSHD=   8.8667      tpr_c=   0.0613      change_adj_count=5      
2022-08-16 BST 02:00:14,425 - INFO -  epoch=   2      train_loss=  24.7288      val_loss=  17.2918      best=1      size= 273      nSHD_c=   9.0000      nSHD=   8.9667      tpr_c=   0.0733      change_adj_count=6      
2022-08-16 BST 02:00:31,711 - INFO -  epoch= 100      train_loss=  11.0140      val_loss=  17.7752      best=1      size= 280      nSHD_c=   8.5667      nSHD=   8.5000      tpr_c=   0.1214      change_adj_count=91      
2022-08-16 BST 02:00:48,628 - INFO -  epoch= 200      train_loss=  10.5025      val_loss=  15.6366      best=1      size= 287      nSHD_c=   8.7667      nSHD=   8.6333      tpr_c=   0.1150      change_adj_count=155      
2022-08-16 BST 02:01:05,929 - INFO -  epoch= 300      train_loss=  10.5038      val_loss=  15.8736      best=1      size= 300      nSHD_c=   9.1333      nSHD=   9.0667      tpr_c=   0.1167      change_adj_count=220      
2022-08-16 BST 02:01:23,738 - INFO -  epoch= 400      train_loss=   9.9252      val_loss=  15.0013      best=1      size= 310      nSHD_c=   9.2000      nSHD=   9.1333      tpr_c=   0.1258      change_adj_count=265      
2022-08-16 BST 02:01:41,494 - INFO -  epoch= 500      train_loss=   9.9918      val_loss=  12.9132      best=1      size= 309      nSHD_c=   9.2000      nSHD=   9.1667      tpr_c=   0.1197      change_adj_count=311      
2022-08-16 BST 02:01:59,731 - INFO -  epoch= 600      train_loss=   9.5483      val_loss=  12.2152      best=1      size= 306      nSHD_c=   9.0333      nSHD=   9.0333      tpr_c=   0.1242      change_adj_count=343      
2022-08-16 BST 02:02:17,541 - INFO -  epoch= 700      train_loss=   9.0192      val_loss=  12.8348      best=1      size= 312      nSHD_c=   9.2667      nSHD=   9.2000      tpr_c=   0.1186      change_adj_count=376      
2022-08-16 BST 02:02:35,824 - INFO -  epoch= 800      train_loss=   8.4217      val_loss=  11.8386      best=1      size= 311      nSHD_c=   9.2667      nSHD=   9.2333      tpr_c=   0.1190      change_adj_count=412      
2022-08-16 BST 02:02:53,104 - INFO -  epoch= 900      train_loss=   8.9146      val_loss=  10.2082      best=1      size= 311      nSHD_c=   9.3000      nSHD=   9.2667      tpr_c=   0.1158      change_adj_count=436      
2022-08-16 BST 02:03:05,957 - INFO -  epoch= 975      train_loss=   8.4168      val_loss=   8.6294      best=1      size= 310      nSHD_c=   9.2333      nSHD=   9.2000      tpr_c=   0.1194      change_adj_count=450      
2022-08-16 BST 02:03:09,938 - INFO -  epoch=1000      train_loss=   8.1846      val_loss=  10.0965      best=1      size= 308      nSHD_c=   9.1667      nSHD=   9.1333      tpr_c=   0.1201      change_adj_count=456      
2022-08-16 BST 02:03:09,939 - INFO - Before params
2022-08-16 BST 02:03:09,939 - INFO - After params={'MAX_SIZE': [None], 'LAMBDA': [0.1], 'NOISE_TEMPERATURE': [10], 'h_NULL': [0.01], 'h_LR': [0.001], 'z_RHO': [0], 'z_MU': [0]}
2022-08-16 BST 02:03:09,939 - INFO - After metrics={'train_loss': [8.184627286849484], 'val_loss': [10.096476078033447], 'size': [308], 'nshd_c': [9.166666666666666], 'nshd': [9.133333333333333], 'tpr': [0.6666666666666666], 'tpr_c': [0.12012987012987013], 'change_adj_count': [456]}
2022-08-16 BST 02:03:09,958 - INFO - After to_save=  MAX_SIZE  LAMBDA  NOISE_TEMPERATURE  ...       tpr    tpr_c  change_adj_count
0     None     0.1                 10  ...  0.666667  0.12013               456

[1 rows x 16 columns]
2022-08-16 BST 02:03:09,958 - INFO - After file_path='../results/l_66none_4hps.csv'
2022-08-16 BST 02:03:09,961 - INFO - Last epoch results saved in l_66none_4hps.csv
2022-08-16 BST 02:03:09,962 - INFO - 

DAG 6: size_true=64	X.var()=29.7229
2022-08-16 BST 02:03:10,169 - INFO -  epoch=   1      train_loss=  15.3936      val_loss=  16.3682      best=1      size= 242      nSHD_c=   8.8000      nSHD=   8.8000      tpr_c=   0.0579      change_adj_count=5      
2022-08-16 BST 02:03:10,371 - INFO -  epoch=   2      train_loss=   8.0192      val_loss=  13.2879      best=1      size= 245      nSHD_c=   8.8667      nSHD=   8.8667      tpr_c=   0.0612      change_adj_count=6      
2022-08-16 BST 02:03:10,573 - INFO -  epoch=   3      train_loss=   6.9632      val_loss=  12.7637      best=1      size= 246      nSHD_c=   8.7000      nSHD=   8.6667      tpr_c=   0.0650      change_adj_count=7      
2022-08-16 BST 02:03:10,773 - INFO -  epoch=   4      train_loss=   6.8634      val_loss=  12.0169      best=1      size= 251      nSHD_c=   8.8000      nSHD=   8.8000      tpr_c=   0.0677      change_adj_count=8      
2022-08-16 BST 02:03:12,225 - INFO -  epoch=  13      train_loss=   6.2894      val_loss=   7.8754      best=1      size= 248      nSHD_c=   7.6667      nSHD=   7.6667      tpr_c=   0.1452      change_adj_count=17      
2022-08-16 BST 02:03:12,584 - INFO -  epoch=  15      train_loss=   6.1638      val_loss=   7.2208      best=1      size= 244      nSHD_c=   7.6000      nSHD=   7.5667      tpr_c=   0.1393      change_adj_count=19      
2022-08-16 BST 02:03:27,526 - INFO -  epoch= 100      train_loss=   6.3671      val_loss=   8.9307      best=1      size= 293      nSHD_c=   8.7000      nSHD=   8.6667      tpr_c=   0.1433      change_adj_count=96      
2022-08-16 BST 02:03:45,476 - INFO -  epoch= 200      train_loss=   6.1967      val_loss=   9.2419      best=1      size= 290      nSHD_c=   8.7000      nSHD=   8.6333      tpr_c=   0.1310      change_adj_count=179      
2022-08-16 BST 02:04:03,458 - INFO -  epoch= 300      train_loss=   6.2547      val_loss=   9.4663      best=1      size= 297      nSHD_c=   9.0000      nSHD=   8.9000      tpr_c=   0.1279      change_adj_count=245      
2022-08-16 BST 02:04:21,010 - INFO -  epoch= 400      train_loss=   6.1522      val_loss=   9.3324      best=1      size= 313      nSHD_c=   9.1000      nSHD=   9.0000      tpr_c=   0.1438      change_adj_count=296      
2022-08-16 BST 02:04:38,644 - INFO -  epoch= 500      train_loss=   6.0753      val_loss=   9.2230      best=1      size= 316      nSHD_c=   9.2000      nSHD=   9.1000      tpr_c=   0.1424      change_adj_count=341      
2022-08-16 BST 02:04:55,541 - INFO -  epoch= 600      train_loss=   5.9311      val_loss=   9.5382      best=1      size= 316      nSHD_c=   9.2667      nSHD=   9.2000      tpr_c=   0.1392      change_adj_count=383      
2022-08-16 BST 02:05:13,910 - INFO -  epoch= 700      train_loss=   5.9515      val_loss=   8.3283      best=1      size= 315      nSHD_c=   9.1000      nSHD=   9.0000      tpr_c=   0.1492      change_adj_count=420      
2022-08-16 BST 02:05:31,457 - INFO -  epoch= 800      train_loss=   5.8676      val_loss=   8.6408      best=1      size= 324      nSHD_c=   9.3667      nSHD=   9.3333      tpr_c=   0.1451      change_adj_count=453      
2022-08-16 BST 02:05:48,742 - INFO -  epoch= 900      train_loss=   5.8226      val_loss=   8.3663      best=1      size= 323      nSHD_c=   9.4000      nSHD=   9.3000      tpr_c=   0.1393      change_adj_count=493      
2022-08-16 BST 02:06:06,562 - INFO -  epoch=1000      train_loss=   5.6477      val_loss=   7.4034      best=1      size= 324      nSHD_c=   9.4000      nSHD=   9.3000      tpr_c=   0.1420      change_adj_count=526      
2022-08-16 BST 02:06:06,562 - INFO - Before params
2022-08-16 BST 02:06:06,562 - INFO - After params={'MAX_SIZE': [None], 'LAMBDA': [0.1], 'NOISE_TEMPERATURE': [10], 'h_NULL': [0.01], 'h_LR': [0.001], 'z_RHO': [0], 'z_MU': [0]}
2022-08-16 BST 02:06:06,562 - INFO - After metrics={'train_loss': [5.647744978627851], 'val_loss': [7.403351386388143], 'size': [324], 'nshd_c': [9.4], 'nshd': [9.3], 'tpr': [0.765625], 'tpr_c': [0.1419753086419753], 'change_adj_count': [526]}
2022-08-16 BST 02:06:06,581 - INFO - After to_save=  MAX_SIZE  LAMBDA  NOISE_TEMPERATURE  ...       tpr     tpr_c  change_adj_count
0     None     0.1                 10  ...  0.765625  0.141975               526

[1 rows x 16 columns]
2022-08-16 BST 02:06:06,581 - INFO - After file_path='../results/l_66none_4hps.csv'
2022-08-16 BST 02:06:06,593 - INFO - Last epoch results saved in l_66none_4hps.csv
2022-08-16 BST 02:06:06,594 - INFO - 

DAG 7: size_true=62	X.var()=55.6800
2022-08-16 BST 02:06:06,857 - INFO -  epoch=   1      train_loss=  24.6360      val_loss=  24.3067      best=1      size= 239      nSHD_c=   8.1667      nSHD=   8.1000      tpr_c=   0.0879      change_adj_count=5      
2022-08-16 BST 02:06:24,575 - INFO -  epoch= 100      train_loss=   7.2748      val_loss=  23.5645      best=1      size= 288      nSHD_c=   8.4000      nSHD=   8.3333      tpr_c=   0.1424      change_adj_count=102      
2022-08-16 BST 02:06:42,434 - INFO -  epoch= 200      train_loss=   7.1646      val_loss=  27.7412      best=1      size= 303      nSHD_c=   8.7333      nSHD=   8.6333      tpr_c=   0.1518      change_adj_count=180      
2022-08-16 BST 02:06:59,275 - INFO -  epoch= 300      train_loss=   7.1810      val_loss=  24.2127      best=1      size= 308      nSHD_c=   9.0000      nSHD=   8.9333      tpr_c=   0.1364      change_adj_count=244      
2022-08-16 BST 02:07:16,076 - INFO -  epoch= 400      train_loss=   6.9301      val_loss=  22.9167      best=1      size= 312      nSHD_c=   9.1667      nSHD=   9.0667      tpr_c=   0.1314      change_adj_count=284      
2022-08-16 BST 02:07:34,107 - INFO -  epoch= 500      train_loss=   6.6819      val_loss=  22.9085      best=1      size= 314      nSHD_c=   9.2333      nSHD=   9.1000      tpr_c=   0.1306      change_adj_count=323      
2022-08-16 BST 02:07:51,216 - INFO -  epoch= 600      train_loss=   6.8911      val_loss=  21.6396      best=1      size= 316      nSHD_c=   9.2000      nSHD=   9.1333      tpr_c=   0.1361      change_adj_count=355      
2022-08-16 BST 02:08:09,189 - INFO -  epoch= 700      train_loss=   6.7206      val_loss=  20.1231      best=1      size= 311      nSHD_c=   8.9667      nSHD=   8.9333      tpr_c=   0.1479      change_adj_count=404      
2022-08-16 BST 02:08:26,217 - INFO -  epoch= 800      train_loss=   6.7414      val_loss=  23.1325      best=1      size= 310      nSHD_c=   9.0000      nSHD=   8.9333      tpr_c=   0.1452      change_adj_count=440      
2022-08-16 BST 02:08:45,328 - INFO -  epoch= 900      train_loss=   6.7214      val_loss=  18.9362      best=1      size= 310      nSHD_c=   8.9667      nSHD=   8.9333      tpr_c=   0.1516      change_adj_count=470      
2022-08-16 BST 02:09:02,995 - INFO -  epoch=1000      train_loss=   6.5622      val_loss=  18.4229      best=1      size= 318      nSHD_c=   9.1000      nSHD=   9.0333      tpr_c=   0.1541      change_adj_count=499      
2022-08-16 BST 02:09:02,995 - INFO - Before params
2022-08-16 BST 02:09:02,995 - INFO - After params={'MAX_SIZE': [None], 'LAMBDA': [0.1], 'NOISE_TEMPERATURE': [10], 'h_NULL': [0.01], 'h_LR': [0.001], 'z_RHO': [0], 'z_MU': [0]}
2022-08-16 BST 02:09:02,996 - INFO - After metrics={'train_loss': [6.5621504475993495], 'val_loss': [18.422870953877766], 'size': [318], 'nshd_c': [9.1], 'nshd': [9.033333333333333], 'tpr': [0.8225806451612904], 'tpr_c': [0.1540880503144654], 'change_adj_count': [499]}
2022-08-16 BST 02:09:03,014 - INFO - After to_save=  MAX_SIZE  LAMBDA  NOISE_TEMPERATURE  ...       tpr     tpr_c  change_adj_count
0     None     0.1                 10  ...  0.822581  0.154088               499

[1 rows x 16 columns]
2022-08-16 BST 02:09:03,014 - INFO - After file_path='../results/l_66none_4hps.csv'
2022-08-16 BST 02:09:03,017 - INFO - Last epoch results saved in l_66none_4hps.csv
2022-08-16 BST 02:09:03,018 - INFO - 

DAG 8: size_true=63	X.var()=39.3378
2022-08-16 BST 02:09:03,272 - INFO -  epoch=   1      train_loss=  23.2746      val_loss=  17.5898      best=1      size= 259      nSHD_c=   8.3667      nSHD=   8.3000      tpr_c=   0.0927      change_adj_count=5      
2022-08-16 BST 02:09:03,525 - INFO -  epoch=   2      train_loss=  11.4515      val_loss=  12.9297      best=1      size= 270      nSHD_c=   8.6667      nSHD=   8.6000      tpr_c=   0.0926      change_adj_count=6      
2022-08-16 BST 02:09:20,583 - INFO -  epoch= 100      train_loss=   7.6990      val_loss=  10.6393      best=1      size= 291      nSHD_c=   8.6333      nSHD=   8.5333      tpr_c=   0.1375      change_adj_count=100      
2022-08-16 BST 02:09:38,158 - INFO -  epoch= 200      train_loss=   7.5030      val_loss=  11.3197      best=1      size= 294      nSHD_c=   8.7333      nSHD=   8.6667      tpr_c=   0.1327      change_adj_count=170      
2022-08-16 BST 02:09:55,379 - INFO -  epoch= 300      train_loss=   7.5346      val_loss=  12.5821      best=1      size= 300      nSHD_c=   8.8667      nSHD=   8.8000      tpr_c=   0.1367      change_adj_count=224      
2022-08-16 BST 02:10:12,646 - INFO -  epoch= 400      train_loss=   7.8141      val_loss=  10.5293      best=1      size= 307      nSHD_c=   9.0333      nSHD=   8.9667      tpr_c=   0.1368      change_adj_count=284      
2022-08-16 BST 02:10:29,441 - INFO -  epoch= 500      train_loss=   7.1766      val_loss=  10.3573      best=1      size= 305      nSHD_c=   8.8333      nSHD=   8.7667      tpr_c=   0.1475      change_adj_count=324      
2022-08-16 BST 02:10:46,571 - INFO -  epoch= 600      train_loss=   7.2641      val_loss=   9.3381      best=1      size= 302      nSHD_c=   8.7000      nSHD=   8.6333      tpr_c=   0.1490      change_adj_count=371      
2022-08-16 BST 02:11:04,221 - INFO -  epoch= 700      train_loss=   7.1158      val_loss=  10.7603      best=1      size= 310      nSHD_c=   8.9667      nSHD=   8.9000      tpr_c=   0.1452      change_adj_count=412      
2022-08-16 BST 02:11:22,089 - INFO -  epoch= 800      train_loss=   7.0880      val_loss=   9.5133      best=1      size= 304      nSHD_c=   8.7000      nSHD=   8.6333      tpr_c=   0.1579      change_adj_count=441      
2022-08-16 BST 02:11:39,495 - INFO -  epoch= 900      train_loss=   7.1003      val_loss=   8.4967      best=1      size= 308      nSHD_c=   8.9667      nSHD=   8.9000      tpr_c=   0.1461      change_adj_count=475      
2022-08-16 BST 02:11:56,215 - INFO -  epoch=1000      train_loss=   6.7885      val_loss=   9.0145      best=1      size= 309      nSHD_c=   8.9333      nSHD=   8.8667      tpr_c=   0.1489      change_adj_count=504      
2022-08-16 BST 02:11:56,216 - INFO - Before params
2022-08-16 BST 02:11:56,216 - INFO - After params={'MAX_SIZE': [None], 'LAMBDA': [0.1], 'NOISE_TEMPERATURE': [10], 'h_NULL': [0.01], 'h_LR': [0.001], 'z_RHO': [0], 'z_MU': [0]}
2022-08-16 BST 02:11:56,216 - INFO - After metrics={'train_loss': [6.788536994687973], 'val_loss': [9.014527161916098], 'size': [309], 'nshd_c': [8.933333333333334], 'nshd': [8.866666666666667], 'tpr': [0.7619047619047619], 'tpr_c': [0.1488673139158576], 'change_adj_count': [504]}
2022-08-16 BST 02:11:56,235 - INFO - After to_save=  MAX_SIZE  LAMBDA  NOISE_TEMPERATURE  ...       tpr     tpr_c  change_adj_count
0     None     0.1                 10  ...  0.761905  0.148867               504

[1 rows x 16 columns]
2022-08-16 BST 02:11:56,235 - INFO - After file_path='../results/l_66none_4hps.csv'
2022-08-16 BST 02:11:56,238 - INFO - Last epoch results saved in l_66none_4hps.csv
2022-08-16 BST 02:11:56,238 - INFO - 

DAG 9: size_true=61	X.var()=94.6254
2022-08-16 BST 02:11:56,472 - INFO -  epoch=   1      train_loss=  43.1843      val_loss=  34.4292      best=1      size= 264      nSHD_c=   9.0667      nSHD=   9.0667      tpr_c=   0.0568      change_adj_count=5      
2022-08-16 BST 02:12:13,906 - INFO -  epoch= 100      train_loss=  13.0085      val_loss=  31.2327      best=1      size= 310      nSHD_c=   9.4000      nSHD=   9.4000      tpr_c=   0.1194      change_adj_count=104      
2022-08-16 BST 02:12:31,469 - INFO -  epoch= 200      train_loss=  12.5484      val_loss=  34.1018      best=1      size= 317      nSHD_c=   9.3333      nSHD=   9.3000      tpr_c=   0.1325      change_adj_count=186      
2022-08-16 BST 02:12:48,946 - INFO -  epoch= 300      train_loss=  12.8651      val_loss=  33.6838      best=1      size= 323      nSHD_c=   9.6667      nSHD=   9.6000      tpr_c=   0.1238      change_adj_count=246      
2022-08-16 BST 02:13:06,020 - INFO -  epoch= 400      train_loss=  12.3014      val_loss=  26.3393      best=1      size= 318      nSHD_c=   9.4333      nSHD=   9.3667      tpr_c=   0.1258      change_adj_count=297      
2022-08-16 BST 02:13:23,589 - INFO -  epoch= 500      train_loss=  12.2503      val_loss=  29.8442      best=1      size= 322      nSHD_c=   9.5333      nSHD=   9.4667      tpr_c=   0.1273      change_adj_count=351      
2022-08-16 BST 02:13:41,686 - INFO -  epoch= 600      train_loss=  12.2950      val_loss=  31.6988      best=1      size= 326      nSHD_c=   9.6333      nSHD=   9.5667      tpr_c=   0.1288      change_adj_count=400      
2022-08-16 BST 02:13:59,128 - INFO -  epoch= 700      train_loss=  11.6574      val_loss=  27.0073      best=1      size= 329      nSHD_c=   9.7333      nSHD=   9.6667      tpr_c=   0.1246      change_adj_count=444      
2022-08-16 BST 02:14:17,039 - INFO -  epoch= 800      train_loss=  11.4871      val_loss=  27.3282      best=1      size= 329      nSHD_c=   9.7000      nSHD=   9.6333      tpr_c=   0.1246      change_adj_count=480      
2022-08-16 BST 02:14:34,095 - INFO -  epoch= 900      train_loss=  11.7439      val_loss=  26.7557      best=1      size= 332      nSHD_c=   9.8000      nSHD=   9.7333      tpr_c=   0.1235      change_adj_count=509      
2022-08-16 BST 02:14:51,947 - INFO -  epoch=1000      train_loss=  11.0312      val_loss=  28.7726      best=1      size= 326      nSHD_c=   9.6333      nSHD=   9.5333      tpr_c=   0.1227      change_adj_count=548      
2022-08-16 BST 02:14:51,948 - INFO - Before params
2022-08-16 BST 02:14:51,948 - INFO - After params={'MAX_SIZE': [None], 'LAMBDA': [0.1], 'NOISE_TEMPERATURE': [10], 'h_NULL': [0.01], 'h_LR': [0.001], 'z_RHO': [0], 'z_MU': [0]}
2022-08-16 BST 02:14:51,948 - INFO - After metrics={'train_loss': [11.03119542521815], 'val_loss': [28.772550582885742], 'size': [326], 'nshd_c': [9.633333333333333], 'nshd': [9.533333333333333], 'tpr': [0.7049180327868853], 'tpr_c': [0.12269938650306748], 'change_adj_count': [548]}
2022-08-16 BST 02:14:51,966 - INFO - After to_save=  MAX_SIZE  LAMBDA  NOISE_TEMPERATURE  ...       tpr     tpr_c  change_adj_count
0     None     0.1                 10  ...  0.704918  0.122699               548

[1 rows x 16 columns]
2022-08-16 BST 02:14:51,966 - INFO - After file_path='../results/l_66none_4hps.csv'
2022-08-16 BST 02:14:51,970 - INFO - Last epoch results saved in l_66none_4hps.csv
2022-08-16 BST 02:14:51,971 - INFO - 

DAG 10: size_true=51	X.var()=18.9170
2022-08-16 BST 02:14:52,279 - INFO -  epoch=   1      train_loss=  11.4923      val_loss=  11.7604      best=1      size= 243      nSHD_c=   7.8000      nSHD=   7.7000      tpr_c=   0.0782      change_adj_count=5      
2022-08-16 BST 02:14:52,535 - INFO -  epoch=   2      train_loss=   6.4499      val_loss=   9.2098      best=1      size= 250      nSHD_c=   8.1333      nSHD=   8.0333      tpr_c=   0.0680      change_adj_count=6      
2022-08-16 BST 02:14:52,793 - INFO -  epoch=   3      train_loss=   5.5818      val_loss=   7.4653      best=1      size= 240      nSHD_c=   7.9333      nSHD=   7.9000      tpr_c=   0.0750      change_adj_count=7      
2022-08-16 BST 02:14:53,068 - INFO -  epoch=   4      train_loss=   5.1830      val_loss=   6.6327      best=1      size= 246      nSHD_c=   8.0000      nSHD=   7.9333      tpr_c=   0.0732      change_adj_count=8      
2022-08-16 BST 02:14:53,319 - INFO -  epoch=   5      train_loss=   5.2278      val_loss=   6.5247      best=1      size= 250      nSHD_c=   8.1000      nSHD=   7.9667      tpr_c=   0.0720      change_adj_count=9      
2022-08-16 BST 02:15:10,644 - INFO -  epoch= 100      train_loss=   5.0055      val_loss=   5.5713      best=1      size= 282      nSHD_c=   8.5333      nSHD=   8.4000      tpr_c=   0.1135      change_adj_count=92      
2022-08-16 BST 02:15:27,948 - INFO -  epoch= 200      train_loss=   4.8686      val_loss=   5.1020      best=1      size= 290      nSHD_c=   8.5333      nSHD=   8.4000      tpr_c=   0.1276      change_adj_count=143      
2022-08-16 BST 02:15:44,932 - INFO -  epoch= 300      train_loss=   4.9214      val_loss=   5.5603      best=1      size= 281      nSHD_c=   8.3667      nSHD=   8.2000      tpr_c=   0.1210      change_adj_count=198      
2022-08-16 BST 02:16:01,986 - INFO -  epoch= 400      train_loss=   4.9440      val_loss=   5.2139      best=1      size= 280      nSHD_c=   8.3000      nSHD=   8.1667      tpr_c=   0.1250      change_adj_count=248      
2022-08-16 BST 02:16:19,555 - INFO -  epoch= 500      train_loss=   4.7921      val_loss=   5.3831      best=1      size= 286      nSHD_c=   8.3333      nSHD=   8.2000      tpr_c=   0.1294      change_adj_count=281      
2022-08-16 BST 02:16:35,673 - INFO -  epoch= 600      train_loss=   4.5687      val_loss=   5.1830      best=1      size= 290      nSHD_c=   8.4667      nSHD=   8.3333      tpr_c=   0.1276      change_adj_count=310      
2022-08-16 BST 02:16:52,406 - INFO -  epoch= 700      train_loss=   4.6262      val_loss=   5.2188      best=1      size= 291      nSHD_c=   8.6667      nSHD=   8.5333      tpr_c=   0.1203      change_adj_count=342      
2022-08-16 BST 02:17:08,807 - INFO -  epoch= 800      train_loss=   4.5355      val_loss=   4.7576      best=1      size= 293      nSHD_c=   8.6000      nSHD=   8.4667      tpr_c=   0.1263      change_adj_count=367      
2022-08-16 BST 02:17:25,844 - INFO -  epoch= 900      train_loss=   4.5011      val_loss=   5.1663      best=1      size= 297      nSHD_c=   8.7667      nSHD=   8.6333      tpr_c=   0.1212      change_adj_count=391      
2022-08-16 BST 02:17:42,345 - INFO -  epoch=1000      train_loss=   4.4238      val_loss=   5.0383      best=1      size= 299      nSHD_c=   8.8000      nSHD=   8.6667      tpr_c=   0.1237      change_adj_count=414      
2022-08-16 BST 02:17:42,345 - INFO - Before params
2022-08-16 BST 02:17:42,345 - INFO - After params={'MAX_SIZE': [None], 'LAMBDA': [0.1], 'NOISE_TEMPERATURE': [10], 'h_NULL': [0.01], 'h_LR': [0.001], 'z_RHO': [0], 'z_MU': [0]}
2022-08-16 BST 02:17:42,346 - INFO - After metrics={'train_loss': [4.423787932242116], 'val_loss': [5.038292169570923], 'size': [299], 'nshd_c': [8.8], 'nshd': [8.666666666666666], 'tpr': [0.803921568627451], 'tpr_c': [0.12374581939799331], 'change_adj_count': [414]}
2022-08-16 BST 02:17:42,364 - INFO - After to_save=  MAX_SIZE  LAMBDA  NOISE_TEMPERATURE  ...       tpr     tpr_c  change_adj_count
0     None     0.1                 10  ...  0.803922  0.123746               414

[1 rows x 16 columns]
2022-08-16 BST 02:17:42,364 - INFO - After file_path='../results/l_66none_4hps.csv'
2022-08-16 BST 02:17:42,367 - INFO - Last epoch results saved in l_66none_4hps.csv
2022-08-16 BST 02:17:42,368 - INFO - 

DAG 11: size_true=68	X.var()=127.5135
2022-08-16 BST 02:17:42,615 - INFO -  epoch=   1      train_loss=  65.2608      val_loss=  60.6782      best=1      size= 238      nSHD_c=   8.1000      nSHD=   8.0333      tpr_c=   0.0840      change_adj_count=5      
2022-08-16 BST 02:17:59,989 - INFO -  epoch= 100      train_loss=  17.1913      val_loss=  44.1505      best=1      size= 284      nSHD_c=   8.3000      nSHD=   8.2333      tpr_c=   0.1620      change_adj_count=97      
2022-08-16 BST 02:18:16,566 - INFO -  epoch= 200      train_loss=  15.9043      val_loss=  43.1108      best=1      size= 295      nSHD_c=   8.5333      nSHD=   8.5000      tpr_c=   0.1661      change_adj_count=175      
2022-08-16 BST 02:18:33,335 - INFO -  epoch= 300      train_loss=  16.1574      val_loss=  39.4952      best=1      size= 297      nSHD_c=   8.8000      nSHD=   8.7667      tpr_c=   0.1515      change_adj_count=238      
2022-08-16 BST 02:18:50,159 - INFO -  epoch= 400      train_loss=  15.2368      val_loss=  36.7539      best=1      size= 304      nSHD_c=   8.8333      nSHD=   8.7333      tpr_c=   0.1612      change_adj_count=293      
2022-08-16 BST 02:19:07,977 - INFO -  epoch= 500      train_loss=  14.7924      val_loss=  34.8346      best=1      size= 312      nSHD_c=   9.0333      nSHD=   8.9667      tpr_c=   0.1603      change_adj_count=339      
2022-08-16 BST 02:19:25,487 - INFO -  epoch= 600      train_loss=  14.8720      val_loss=  32.9932      best=1      size= 315      nSHD_c=   9.1333      nSHD=   9.1000      tpr_c=   0.1619      change_adj_count=379      
2022-08-16 BST 02:19:42,281 - INFO -  epoch= 700      train_loss=  14.9519      val_loss=  37.1884      best=1      size= 315      nSHD_c=   9.2667      nSHD=   9.1667      tpr_c=   0.1460      change_adj_count=423      
2022-08-16 BST 02:19:59,360 - INFO -  epoch= 800      train_loss=  14.4614      val_loss=  31.3361      best=1      size= 319      nSHD_c=   9.3333      nSHD=   9.2667      tpr_c=   0.1473      change_adj_count=463      
2022-08-16 BST 02:20:16,544 - INFO -  epoch= 900      train_loss=  14.5684      val_loss=  31.9543      best=1      size= 317      nSHD_c=   9.4000      nSHD=   9.2667      tpr_c=   0.1388      change_adj_count=493      
2022-08-16 BST 02:20:32,852 - INFO -  epoch=1000      train_loss=  13.8832      val_loss=  29.0897      best=1      size= 329      nSHD_c=   9.6000      nSHD=   9.4667      tpr_c=   0.1398      change_adj_count=524      
2022-08-16 BST 02:20:32,853 - INFO - Before params
2022-08-16 BST 02:20:32,853 - INFO - After params={'MAX_SIZE': [None], 'LAMBDA': [0.1], 'NOISE_TEMPERATURE': [10], 'h_NULL': [0.01], 'h_LR': [0.001], 'z_RHO': [0], 'z_MU': [0]}
2022-08-16 BST 02:20:32,853 - INFO - After metrics={'train_loss': [13.883183387018018], 'val_loss': [29.089734713236492], 'size': [329], 'nshd_c': [9.6], 'nshd': [9.466666666666667], 'tpr': [0.7352941176470589], 'tpr_c': [0.1398176291793313], 'change_adj_count': [524]}
2022-08-16 BST 02:20:32,872 - INFO - After to_save=  MAX_SIZE  LAMBDA  NOISE_TEMPERATURE  ...       tpr     tpr_c  change_adj_count
0     None     0.1                 10  ...  0.735294  0.139818               524

[1 rows x 16 columns]
2022-08-16 BST 02:20:32,872 - INFO - After file_path='../results/l_66none_4hps.csv'
2022-08-16 BST 02:20:32,875 - INFO - Last epoch results saved in l_66none_4hps.csv
2022-08-16 BST 02:20:32,875 - INFO - 

DAG 12: size_true=53	X.var()=15.8398
2022-08-16 BST 02:20:33,128 - INFO -  epoch=   1      train_loss=  10.0682      val_loss=  12.1992      best=1      size= 242      nSHD_c=   8.3333      nSHD=   8.2000      tpr_c=   0.0496      change_adj_count=5      
2022-08-16 BST 02:20:33,377 - INFO -  epoch=   2      train_loss=   5.8152      val_loss=   8.6838      best=1      size= 247      nSHD_c=   8.3333      nSHD=   8.1667      tpr_c=   0.0567      change_adj_count=6      
2022-08-16 BST 02:20:33,626 - INFO -  epoch=   3      train_loss=   4.7169      val_loss=   6.3716      best=1      size= 246      nSHD_c=   8.2000      nSHD=   8.0333      tpr_c=   0.0569      change_adj_count=7      
2022-08-16 BST 02:20:33,881 - INFO -  epoch=   4      train_loss=   4.4158      val_loss=   5.5980      best=1      size= 251      nSHD_c=   8.2667      nSHD=   8.1000      tpr_c=   0.0637      change_adj_count=8      
2022-08-16 BST 02:20:34,135 - INFO -  epoch=   5      train_loss=   4.3079      val_loss=   4.6383      best=1      size= 253      nSHD_c=   8.2333      nSHD=   8.1000      tpr_c=   0.0870      change_adj_count=9      
2022-08-16 BST 02:20:50,294 - INFO -  epoch= 100      train_loss=   4.1202      val_loss=   4.5673      best=1      size= 262      nSHD_c=   7.8000      nSHD=   7.6667      tpr_c=   0.1336      change_adj_count=88      
2022-08-16 BST 02:21:06,805 - INFO -  epoch= 200      train_loss=   4.1350      val_loss=   4.8076      best=1      size= 275      nSHD_c=   8.2000      nSHD=   8.1000      tpr_c=   0.1236      change_adj_count=139      
2022-08-16 BST 02:21:23,233 - INFO -  epoch= 300      train_loss=   4.1312      val_loss=   4.5451      best=1      size= 287      nSHD_c=   8.5000      nSHD=   8.4333      tpr_c=   0.1324      change_adj_count=191      
2022-08-16 BST 02:21:39,472 - INFO -  epoch= 400      train_loss=   3.9871      val_loss=   4.2873      best=1      size= 296      nSHD_c=   8.7333      nSHD=   8.6667      tpr_c=   0.1284      change_adj_count=228      
2022-08-16 BST 02:21:55,315 - INFO -  epoch= 500      train_loss=   3.9611      val_loss=   4.3162      best=1      size= 294      nSHD_c=   8.7000      nSHD=   8.6000      tpr_c=   0.1293      change_adj_count=264      
2022-08-16 BST 02:22:12,317 - INFO -  epoch= 600      train_loss=   3.9083      val_loss=   4.1573      best=1      size= 293      nSHD_c=   8.6333      nSHD=   8.5333      tpr_c=   0.1331      change_adj_count=289      
2022-08-16 BST 02:22:29,415 - INFO -  epoch= 700      train_loss=   3.8598      val_loss=   3.9817      best=1      size= 289      nSHD_c=   8.5000      nSHD=   8.4000      tpr_c=   0.1349      change_adj_count=323      
2022-08-16 BST 02:22:46,080 - INFO -  epoch= 800      train_loss=   3.8028      val_loss=   3.9515      best=1      size= 281      nSHD_c=   8.2333      nSHD=   8.1333      tpr_c=   0.1388      change_adj_count=355      
2022-08-16 BST 02:23:02,726 - INFO -  epoch= 900      train_loss=   3.7845      val_loss=   3.8418      best=1      size= 282      nSHD_c=   8.2667      nSHD=   8.1667      tpr_c=   0.1383      change_adj_count=375      
2022-08-16 BST 02:23:19,064 - INFO -  epoch=1000      train_loss=   3.8963      val_loss=   3.6015      best=1      size= 285      nSHD_c=   8.3667      nSHD=   8.2667      tpr_c=   0.1368      change_adj_count=400      
2022-08-16 BST 02:23:19,065 - INFO - Before params
2022-08-16 BST 02:23:19,065 - INFO - After params={'MAX_SIZE': [None], 'LAMBDA': [0.1], 'NOISE_TEMPERATURE': [10], 'h_NULL': [0.01], 'h_LR': [0.001], 'z_RHO': [0], 'z_MU': [0]}
2022-08-16 BST 02:23:19,065 - INFO - After metrics={'train_loss': [3.89631623606528], 'val_loss': [3.6014577945073447], 'size': [285], 'nshd_c': [8.366666666666667], 'nshd': [8.266666666666667], 'tpr': [0.7924528301886793], 'tpr_c': [0.1368421052631579], 'change_adj_count': [400]}
2022-08-16 BST 02:23:19,083 - INFO - After to_save=  MAX_SIZE  LAMBDA  NOISE_TEMPERATURE  ...       tpr     tpr_c  change_adj_count
0     None     0.1                 10  ...  0.792453  0.136842               400

[1 rows x 16 columns]
2022-08-16 BST 02:23:19,083 - INFO - After file_path='../results/l_66none_4hps.csv'
2022-08-16 BST 02:23:19,086 - INFO - Last epoch results saved in l_66none_4hps.csv
2022-08-16 BST 02:23:19,087 - INFO - 

DAG 13: size_true=53	X.var()=112.2632
2022-08-16 BST 02:23:19,343 - INFO -  epoch=   1      train_loss=  64.2296      val_loss=  37.1179      best=1      size= 258      nSHD_c=   8.4667      nSHD=   8.4667      tpr_c=   0.0736      change_adj_count=5      
2022-08-16 BST 02:23:35,302 - INFO -  epoch= 100      train_loss=  13.6949      val_loss=  51.8890      best=1      size= 279      nSHD_c=   8.5667      nSHD=   8.5333      tpr_c=   0.1004      change_adj_count=99      
2022-08-16 BST 02:23:51,268 - INFO -  epoch= 200      train_loss=  13.2010      val_loss=  41.6500      best=1      size= 289      nSHD_c=   8.7667      nSHD=   8.6667      tpr_c=   0.1038      change_adj_count=165      
2022-08-16 BST 02:24:07,030 - INFO -  epoch= 300      train_loss=  12.7785      val_loss=  41.1849      best=1      size= 285      nSHD_c=   8.4333      nSHD=   8.4000      tpr_c=   0.1298      change_adj_count=216      
2022-08-16 BST 02:24:22,856 - INFO -  epoch= 400      train_loss=  12.4738      val_loss=  38.9831      best=1      size= 276      nSHD_c=   8.0667      nSHD=   8.0000      tpr_c=   0.1377      change_adj_count=250      
2022-08-16 BST 02:24:39,144 - INFO -  epoch= 500      train_loss=  12.3452      val_loss=  30.4550      best=1      size= 283      nSHD_c=   8.4333      nSHD=   8.4000      tpr_c=   0.1237      change_adj_count=281      
2022-08-16 BST 02:24:56,090 - INFO -  epoch= 600      train_loss=  11.5143      val_loss=  36.7771      best=1      size= 278      nSHD_c=   8.3667      nSHD=   8.3333      tpr_c=   0.1223      change_adj_count=314      
2022-08-16 BST 02:25:12,214 - INFO -  epoch= 700      train_loss=  11.5352      val_loss=  38.4013      best=1      size= 272      nSHD_c=   8.2333      nSHD=   8.2000      tpr_c=   0.1213      change_adj_count=342      
2022-08-16 BST 02:25:27,970 - INFO -  epoch= 800      train_loss=  11.7795      val_loss=  30.5739      best=1      size= 270      nSHD_c=   8.1000      nSHD=   8.0667      tpr_c=   0.1259      change_adj_count=362      
2022-08-16 BST 02:25:43,346 - INFO -  epoch= 900      train_loss=  11.0739      val_loss=  26.2927      best=1      size= 268      nSHD_c=   7.9000      nSHD=   7.8667      tpr_c=   0.1381      change_adj_count=390      
2022-08-16 BST 02:25:59,263 - INFO -  epoch=1000      train_loss=  11.3188      val_loss=  26.4560      best=1      size= 272      nSHD_c=   8.0333      nSHD=   7.9667      tpr_c=   0.1324      change_adj_count=413      
2022-08-16 BST 02:25:59,263 - INFO - Before params
2022-08-16 BST 02:25:59,263 - INFO - After params={'MAX_SIZE': [None], 'LAMBDA': [0.1], 'NOISE_TEMPERATURE': [10], 'h_NULL': [0.01], 'h_LR': [0.001], 'z_RHO': [0], 'z_MU': [0]}
2022-08-16 BST 02:25:59,263 - INFO - After metrics={'train_loss': [11.318825844795473], 'val_loss': [26.45597775777181], 'size': [272], 'nshd_c': [8.033333333333333], 'nshd': [7.966666666666667], 'tpr': [0.7169811320754716], 'tpr_c': [0.1323529411764706], 'change_adj_count': [413]}
2022-08-16 BST 02:25:59,281 - INFO - After to_save=  MAX_SIZE  LAMBDA  NOISE_TEMPERATURE  ...       tpr     tpr_c  change_adj_count
0     None     0.1                 10  ...  0.716981  0.132353               413

[1 rows x 16 columns]
2022-08-16 BST 02:25:59,281 - INFO - After file_path='../results/l_66none_4hps.csv'
2022-08-16 BST 02:25:59,284 - INFO - Last epoch results saved in l_66none_4hps.csv
2022-08-16 BST 02:25:59,285 - INFO - 

DAG 14: size_true=59	X.var()=16.7418
2022-08-16 BST 02:25:59,501 - INFO -  epoch=   1      train_loss=   9.2235      val_loss=  10.0069      best=1      size= 240      nSHD_c=   8.2667      nSHD=   8.2000      tpr_c=   0.0583      change_adj_count=5      
2022-08-16 BST 02:25:59,721 - INFO -  epoch=   2      train_loss=   5.2346      val_loss=   9.3494      best=1      size= 237      nSHD_c=   8.1000      nSHD=   8.0333      tpr_c=   0.0717      change_adj_count=6      
2022-08-16 BST 02:25:59,949 - INFO -  epoch=   3      train_loss=   4.6282      val_loss=   8.1574      best=1      size= 237      nSHD_c=   8.0333      nSHD=   8.0000      tpr_c=   0.0802      change_adj_count=7      
2022-08-16 BST 02:26:00,175 - INFO -  epoch=   4      train_loss=   4.4439      val_loss=   8.3213      best=1      size= 240      nSHD_c=   8.1333      nSHD=   8.0667      tpr_c=   0.0708      change_adj_count=8      
2022-08-16 BST 02:26:00,737 - INFO -  epoch=   7      train_loss=   4.2327      val_loss=   6.3600      best=1      size= 241      nSHD_c=   8.2000      nSHD=   8.1667      tpr_c=   0.0705      change_adj_count=11      
2022-08-16 BST 02:26:16,502 - INFO -  epoch= 100      train_loss=   4.2473      val_loss=   4.4740      best=1      size= 263      nSHD_c=   7.7000      nSHD=   7.5667      tpr_c=   0.1559      change_adj_count=96      
2022-08-16 BST 02:26:32,362 - INFO -  epoch= 200      train_loss=   4.1699      val_loss=   4.9460      best=1      size= 277      nSHD_c=   8.0667      nSHD=   7.9333      tpr_c=   0.1516      change_adj_count=172      
2022-08-16 BST 02:26:47,722 - INFO -  epoch= 300      train_loss=   4.0554      val_loss=   5.1267      best=1      size= 288      nSHD_c=   8.4333      nSHD=   8.2667      tpr_c=   0.1424      change_adj_count=231      
2022-08-16 BST 02:27:04,211 - INFO -  epoch= 400      train_loss=   4.1436      val_loss=   5.0208      best=1      size= 304      nSHD_c=   8.9333      nSHD=   8.8000      tpr_c=   0.1382      change_adj_count=284      
2022-08-16 BST 02:27:20,489 - INFO -  epoch= 500      train_loss=   4.0343      val_loss=   5.2094      best=1      size= 306      nSHD_c=   8.9667      nSHD=   8.8333      tpr_c=   0.1373      change_adj_count=328      
2022-08-16 BST 02:27:37,496 - INFO -  epoch= 600      train_loss=   4.0218      val_loss=   5.1697      best=1      size= 307      nSHD_c=   8.8667      nSHD=   8.7333      tpr_c=   0.1401      change_adj_count=376      
2022-08-16 BST 02:27:53,746 - INFO -  epoch= 700      train_loss=   4.0112      val_loss=   5.2741      best=1      size= 312      nSHD_c=   9.1000      nSHD=   8.9667      tpr_c=   0.1346      change_adj_count=412      
2022-08-16 BST 02:28:11,113 - INFO -  epoch= 800      train_loss=   3.9569      val_loss=   5.3605      best=1      size= 312      nSHD_c=   9.0333      nSHD=   8.9000      tpr_c=   0.1378      change_adj_count=434      
2022-08-16 BST 02:28:27,999 - INFO -  epoch= 900      train_loss=   3.9638      val_loss=   5.0920      best=1      size= 313      nSHD_c=   9.1000      nSHD=   8.9667      tpr_c=   0.1374      change_adj_count=462      
2022-08-16 BST 02:28:45,476 - INFO -  epoch=1000      train_loss=   4.0300      val_loss=   5.5756      best=1      size= 317      nSHD_c=   9.2333      nSHD=   9.1000      tpr_c=   0.1356      change_adj_count=483      
2022-08-16 BST 02:28:45,476 - INFO - Before params
2022-08-16 BST 02:28:45,477 - INFO - After params={'MAX_SIZE': [None], 'LAMBDA': [0.1], 'NOISE_TEMPERATURE': [10], 'h_NULL': [0.01], 'h_LR': [0.001], 'z_RHO': [0], 'z_MU': [0]}
2022-08-16 BST 02:28:45,477 - INFO - After metrics={'train_loss': [4.0300053319623395], 'val_loss': [5.575627406438191], 'size': [317], 'nshd_c': [9.233333333333333], 'nshd': [9.1], 'tpr': [0.7966101694915254], 'tpr_c': [0.13564668769716087], 'change_adj_count': [483]}
2022-08-16 BST 02:28:45,494 - INFO - After to_save=  MAX_SIZE  LAMBDA  NOISE_TEMPERATURE  ...      tpr     tpr_c  change_adj_count
0     None     0.1                 10  ...  0.79661  0.135647               483

[1 rows x 16 columns]
2022-08-16 BST 02:28:45,494 - INFO - After file_path='../results/l_66none_4hps.csv'
2022-08-16 BST 02:28:45,497 - INFO - Last epoch results saved in l_66none_4hps.csv
2022-08-16 BST 02:28:45,498 - INFO - 

DAG 15: size_true=42	X.var()=8.6273
2022-08-16 BST 02:28:45,775 - INFO -  epoch=   1      train_loss=   5.6945      val_loss=   6.3343      best=1      size= 247      nSHD_c=   8.6667      nSHD=   8.6000      tpr_c=   0.0364      change_adj_count=5      
2022-08-16 BST 02:28:46,023 - INFO -  epoch=   2      train_loss=   3.6783      val_loss=   5.7115      best=1      size= 248      nSHD_c=   8.7000      nSHD=   8.6333      tpr_c=   0.0363      change_adj_count=6      
2022-08-16 BST 02:28:46,271 - INFO -  epoch=   3      train_loss=   3.2822      val_loss=   5.7365      best=1      size= 253      nSHD_c=   8.9000      nSHD=   8.8667      tpr_c=   0.0316      change_adj_count=6      
2022-08-16 BST 02:28:46,511 - INFO -  epoch=   4      train_loss=   3.0690      val_loss=   4.3907      best=1      size= 255      nSHD_c=   8.7667      nSHD=   8.7333      tpr_c=   0.0471      change_adj_count=7      
2022-08-16 BST 02:28:46,727 - INFO -  epoch=   5      train_loss=   3.0212      val_loss=   4.2877      best=1      size= 258      nSHD_c=   8.6667      nSHD=   8.6333      tpr_c=   0.0543      change_adj_count=8      
2022-08-16 BST 02:28:46,944 - INFO -  epoch=   6      train_loss=   2.9656      val_loss=   4.0812      best=1      size= 256      nSHD_c=   8.6333      nSHD=   8.5333      tpr_c=   0.0508      change_adj_count=9      
2022-08-16 BST 02:28:47,159 - INFO -  epoch=   7      train_loss=   2.8931      val_loss=   3.7641      best=1      size= 264      nSHD_c=   8.9667      nSHD=   8.9333      tpr_c=   0.0492      change_adj_count=10      
2022-08-16 BST 02:28:47,533 - INFO -  epoch=   9      train_loss=   2.8855      val_loss=   3.1560      best=1      size= 270      nSHD_c=   8.8000      nSHD=   8.7333      tpr_c=   0.0630      change_adj_count=12      
2022-08-16 BST 02:28:47,752 - INFO -  epoch=  10      train_loss=   2.9254      val_loss=   2.6618      best=1      size= 272      nSHD_c=   8.8000      nSHD=   8.7333      tpr_c=   0.0699      change_adj_count=13      
2022-08-16 BST 02:28:48,152 - INFO -  epoch=  12      train_loss=   2.9413      val_loss=   2.6280      best=1      size= 273      nSHD_c=   8.9333      nSHD=   8.8667      tpr_c=   0.0623      change_adj_count=15      
2022-08-16 BST 02:29:03,029 - INFO -  epoch= 100      train_loss=   2.9183      val_loss=   2.5153      best=1      size= 266      nSHD_c=   8.1667      nSHD=   8.1333      tpr_c=   0.1053      change_adj_count=73      
2022-08-16 BST 02:29:19,346 - INFO -  epoch= 200      train_loss=   2.8629      val_loss=   2.8362      best=1      size= 276      nSHD_c=   8.4333      nSHD=   8.4333      tpr_c=   0.1051      change_adj_count=121      
2022-08-16 BST 02:29:36,885 - INFO -  epoch= 300      train_loss=   2.8709      val_loss=   2.5742      best=1      size= 272      nSHD_c=   8.2333      nSHD=   8.2000      tpr_c=   0.1103      change_adj_count=164      
2022-08-16 BST 02:29:53,272 - INFO -  epoch= 400      train_loss=   2.8294      val_loss=   2.7596      best=1      size= 274      nSHD_c=   8.2000      nSHD=   8.1667      tpr_c=   0.1168      change_adj_count=201      
2022-08-16 BST 02:30:09,673 - INFO -  epoch= 500      train_loss=   2.8282      val_loss=   2.9204      best=1      size= 277      nSHD_c=   8.2333      nSHD=   8.2000      tpr_c=   0.1191      change_adj_count=240      
2022-08-16 BST 02:30:25,750 - INFO -  epoch= 600      train_loss=   2.8453      val_loss=   2.6020      best=1      size= 275      nSHD_c=   8.3333      nSHD=   8.3000      tpr_c=   0.1127      change_adj_count=261      
2022-08-16 BST 02:30:42,446 - INFO -  epoch= 700      train_loss=   2.7854      val_loss=   2.5757      best=1      size= 279      nSHD_c=   8.3667      nSHD=   8.3000      tpr_c=   0.1147      change_adj_count=282      
2022-08-16 BST 02:30:59,229 - INFO -  epoch= 800      train_loss=   2.8031      val_loss=   2.4328      best=1      size= 278      nSHD_c=   8.3667      nSHD=   8.3000      tpr_c=   0.1115      change_adj_count=307      
2022-08-16 BST 02:31:17,245 - INFO -  epoch= 900      train_loss=   2.7520      val_loss=   2.5776      best=1      size= 274      nSHD_c=   8.1667      nSHD=   8.1000      tpr_c=   0.1204      change_adj_count=331      
2022-08-16 BST 02:31:34,134 - INFO -  epoch=1000      train_loss=   2.7114      val_loss=   2.3497      best=1      size= 269      nSHD_c=   7.9333      nSHD=   7.8667      tpr_c=   0.1264      change_adj_count=356      
2022-08-16 BST 02:31:34,134 - INFO - Before params
2022-08-16 BST 02:31:34,134 - INFO - After params={'MAX_SIZE': [None], 'LAMBDA': [0.1], 'NOISE_TEMPERATURE': [10], 'h_NULL': [0.01], 'h_LR': [0.001], 'z_RHO': [0], 'z_MU': [0]}
2022-08-16 BST 02:31:34,134 - INFO - After metrics={'train_loss': [2.711419120911629], 'val_loss': [2.3496617873509726], 'size': [269], 'nshd_c': [7.933333333333334], 'nshd': [7.866666666666666], 'tpr': [0.8571428571428571], 'tpr_c': [0.12639405204460966], 'change_adj_count': [356]}
2022-08-16 BST 02:31:34,152 - INFO - After to_save=  MAX_SIZE  LAMBDA  NOISE_TEMPERATURE  ...       tpr     tpr_c  change_adj_count
0     None     0.1                 10  ...  0.857143  0.126394               356

[1 rows x 16 columns]
2022-08-16 BST 02:31:34,152 - INFO - After file_path='../results/l_66none_4hps.csv'
2022-08-16 BST 02:31:34,155 - INFO - Last epoch results saved in l_66none_4hps.csv
2022-08-16 BST 02:31:34,156 - INFO - 

DAG 16: size_true=50	X.var()=12.1502
2022-08-16 BST 02:31:34,379 - INFO -  epoch=   1      train_loss=   7.7170      val_loss=   8.8180      best=1      size= 235      nSHD_c=   8.4000      nSHD=   8.3333      tpr_c=   0.0426      change_adj_count=5      
2022-08-16 BST 02:31:34,599 - INFO -  epoch=   2      train_loss=   4.7402      val_loss=   5.3335      best=1      size= 239      nSHD_c=   8.3333      nSHD=   8.2667      tpr_c=   0.0544      change_adj_count=6      
2022-08-16 BST 02:31:34,828 - INFO -  epoch=   3      train_loss=   4.0345      val_loss=   4.9521      best=1      size= 240      nSHD_c=   8.2667      nSHD=   8.2333      tpr_c=   0.0583      change_adj_count=7      
2022-08-16 BST 02:31:35,244 - INFO -  epoch=   5      train_loss=   3.7519      val_loss=   4.9351      best=1      size= 240      nSHD_c=   8.3667      nSHD=   8.3333      tpr_c=   0.0542      change_adj_count=9      
2022-08-16 BST 02:31:36,171 - INFO -  epoch=  10      train_loss=   3.6687      val_loss=   4.5154      best=1      size= 248      nSHD_c=   8.4667      nSHD=   8.4000      tpr_c=   0.0645      change_adj_count=14      
2022-08-16 BST 02:31:36,592 - INFO -  epoch=  12      train_loss=   3.6270      val_loss=   4.0626      best=1      size= 244      nSHD_c=   8.0333      nSHD=   7.9333      tpr_c=   0.0779      change_adj_count=16      
2022-08-16 BST 02:31:37,515 - INFO -  epoch=  17      train_loss=   3.7109      val_loss=   3.6186      best=1      size= 251      nSHD_c=   8.2000      nSHD=   8.1000      tpr_c=   0.0876      change_adj_count=21      
2022-08-16 BST 02:31:51,094 - INFO -  epoch= 100      train_loss=   3.6603      val_loss=   4.0433      best=1      size= 264      nSHD_c=   8.0000      nSHD=   7.9000      tpr_c=   0.1212      change_adj_count=89      
2022-08-16 BST 02:32:07,712 - INFO -  epoch= 200      train_loss=   3.5789      val_loss=   4.0395      best=1      size= 273      nSHD_c=   8.0333      nSHD=   7.9333      tpr_c=   0.1319      change_adj_count=155      
2022-08-16 BST 02:32:24,257 - INFO -  epoch= 300      train_loss=   3.5557      val_loss=   4.0287      best=1      size= 271      nSHD_c=   7.9667      nSHD=   7.8667      tpr_c=   0.1328      change_adj_count=217      
2022-08-16 BST 02:32:41,557 - INFO -  epoch= 400      train_loss=   3.5455      val_loss=   4.0606      best=1      size= 275      nSHD_c=   7.9667      nSHD=   7.8667      tpr_c=   0.1418      change_adj_count=270      
2022-08-16 BST 02:32:57,733 - INFO -  epoch= 500      train_loss=   3.5192      val_loss=   3.8231      best=1      size= 285      nSHD_c=   8.3000      nSHD=   8.2000      tpr_c=   0.1368      change_adj_count=314      
2022-08-16 BST 02:33:14,770 - INFO -  epoch= 600      train_loss=   3.5604      val_loss=   3.8614      best=1      size= 283      nSHD_c=   8.2000      nSHD=   8.1000      tpr_c=   0.1378      change_adj_count=359      
2022-08-16 BST 02:33:32,607 - INFO -  epoch= 700      train_loss=   3.5013      val_loss=   4.0147      best=1      size= 296      nSHD_c=   8.6333      nSHD=   8.5333      tpr_c=   0.1284      change_adj_count=396      
2022-08-16 BST 02:33:49,737 - INFO -  epoch= 800      train_loss=   3.4647      val_loss=   3.6629      best=1      size= 294      nSHD_c=   8.5667      nSHD=   8.4667      tpr_c=   0.1293      change_adj_count=420      
2022-08-16 BST 02:34:06,571 - INFO -  epoch= 900      train_loss=   3.5935      val_loss=   3.8590      best=1      size= 294      nSHD_c=   8.6667      nSHD=   8.5667      tpr_c=   0.1224      change_adj_count=449      
2022-08-16 BST 02:34:23,716 - INFO -  epoch=1000      train_loss=   3.4008      val_loss=   3.6653      best=1      size= 296      nSHD_c=   8.7333      nSHD=   8.6000      tpr_c=   0.1216      change_adj_count=480      
2022-08-16 BST 02:34:23,716 - INFO - Before params
2022-08-16 BST 02:34:23,717 - INFO - After params={'MAX_SIZE': [None], 'LAMBDA': [0.1], 'NOISE_TEMPERATURE': [10], 'h_NULL': [0.01], 'h_LR': [0.001], 'z_RHO': [0], 'z_MU': [0]}
2022-08-16 BST 02:34:23,717 - INFO - After metrics={'train_loss': [3.400764972932877], 'val_loss': [3.6652626196543374], 'size': [296], 'nshd_c': [8.733333333333333], 'nshd': [8.6], 'tpr': [0.8], 'tpr_c': [0.12162162162162163], 'change_adj_count': [480]}
2022-08-16 BST 02:34:23,735 - INFO - After to_save=  MAX_SIZE  LAMBDA  NOISE_TEMPERATURE  ...  tpr     tpr_c  change_adj_count
0     None     0.1                 10  ...  0.8  0.121622               480

[1 rows x 16 columns]
2022-08-16 BST 02:34:23,735 - INFO - After file_path='../results/l_66none_4hps.csv'
2022-08-16 BST 02:34:23,737 - INFO - Last epoch results saved in l_66none_4hps.csv
2022-08-16 BST 02:34:23,738 - INFO - 

DAG 17: size_true=49	X.var()=16.5203
2022-08-16 BST 02:34:23,982 - INFO -  epoch=   1      train_loss=   9.4378      val_loss=   9.3514      best=1      size= 249      nSHD_c=   8.6333      nSHD=   8.5333      tpr_c=   0.0482      change_adj_count=5      
2022-08-16 BST 02:34:24,240 - INFO -  epoch=   2      train_loss=   5.1891      val_loss=   8.3645      best=1      size= 247      nSHD_c=   8.5000      nSHD=   8.4000      tpr_c=   0.0526      change_adj_count=6      
2022-08-16 BST 02:34:24,490 - INFO -  epoch=   3      train_loss=   4.6708      val_loss=   8.7138      best=1      size= 253      nSHD_c=   8.8333      nSHD=   8.7667      tpr_c=   0.0395      change_adj_count=7      
2022-08-16 BST 02:34:41,527 - INFO -  epoch= 100      train_loss=   4.2640      val_loss=   4.1805      best=1      size= 274      nSHD_c=   8.3667      nSHD=   8.2333      tpr_c=   0.1095      change_adj_count=90      
2022-08-16 BST 02:34:59,251 - INFO -  epoch= 200      train_loss=   4.1774      val_loss=   4.3168      best=1      size= 270      nSHD_c=   8.1667      nSHD=   8.0333      tpr_c=   0.1148      change_adj_count=150      
2022-08-16 BST 02:35:16,831 - INFO -  epoch= 300      train_loss=   4.1842      val_loss=   4.6843      best=1      size= 287      nSHD_c=   8.6333      nSHD=   8.5333      tpr_c=   0.1150      change_adj_count=201      
2022-08-16 BST 02:35:34,262 - INFO -  epoch= 400      train_loss=   4.1173      val_loss=   5.0525      best=1      size= 287      nSHD_c=   8.5333      nSHD=   8.3667      tpr_c=   0.1185      change_adj_count=255      
2022-08-16 BST 02:35:51,802 - INFO -  epoch= 500      train_loss=   4.1335      val_loss=   4.8470      best=1      size= 301      nSHD_c=   9.0333      nSHD=   8.8333      tpr_c=   0.1130      change_adj_count=296      
2022-08-16 BST 02:36:09,060 - INFO -  epoch= 600      train_loss=   4.0494      val_loss=   4.8013      best=1      size= 296      nSHD_c=   8.8667      nSHD=   8.6333      tpr_c=   0.1149      change_adj_count=332      
2022-08-16 BST 02:36:26,624 - INFO -  epoch= 700      train_loss=   4.0302      val_loss=   4.6141      best=1      size= 298      nSHD_c=   8.8333      nSHD=   8.6000      tpr_c=   0.1242      change_adj_count=363      
2022-08-16 BST 02:36:44,201 - INFO -  epoch= 800      train_loss=   4.0286      val_loss=   4.1864      best=1      size= 288      nSHD_c=   8.5333      nSHD=   8.3333      tpr_c=   0.1250      change_adj_count=394      
2022-08-16 BST 02:37:01,196 - INFO -  epoch= 900      train_loss=   3.9538      val_loss=   4.3945      best=1      size= 295      nSHD_c=   8.7333      nSHD=   8.5000      tpr_c=   0.1220      change_adj_count=417      
2022-08-16 BST 02:37:18,147 - INFO -  epoch=1000      train_loss=   3.9050      val_loss=   4.2638      best=1      size= 290      nSHD_c=   8.5333      nSHD=   8.3333      tpr_c=   0.1276      change_adj_count=450      
2022-08-16 BST 02:37:18,147 - INFO - Before params
2022-08-16 BST 02:37:18,147 - INFO - After params={'MAX_SIZE': [None], 'LAMBDA': [0.1], 'NOISE_TEMPERATURE': [10], 'h_NULL': [0.01], 'h_LR': [0.001], 'z_RHO': [0], 'z_MU': [0]}
2022-08-16 BST 02:37:18,147 - INFO - After metrics={'train_loss': [3.9049918343943935], 'val_loss': [4.263820330301921], 'size': [290], 'nshd_c': [8.533333333333333], 'nshd': [8.333333333333334], 'tpr': [0.8775510204081632], 'tpr_c': [0.12758620689655173], 'change_adj_count': [450]}
2022-08-16 BST 02:37:18,165 - INFO - After to_save=  MAX_SIZE  LAMBDA  NOISE_TEMPERATURE  ...       tpr     tpr_c  change_adj_count
0     None     0.1                 10  ...  0.877551  0.127586               450

[1 rows x 16 columns]
2022-08-16 BST 02:37:18,165 - INFO - After file_path='../results/l_66none_4hps.csv'
2022-08-16 BST 02:37:18,167 - INFO - Last epoch results saved in l_66none_4hps.csv
2022-08-16 BST 02:37:18,168 - INFO - 

DAG 18: size_true=56	X.var()=17.9506
2022-08-16 BST 02:37:18,396 - INFO -  epoch=   1      train_loss=  10.5712      val_loss=   9.3537      best=1      size= 263      nSHD_c=   8.9667      nSHD=   8.8667      tpr_c=   0.0494      change_adj_count=5      
2022-08-16 BST 02:37:18,621 - INFO -  epoch=   2      train_loss=   5.4493      val_loss=   6.5358      best=1      size= 259      nSHD_c=   8.9000      nSHD=   8.8000      tpr_c=   0.0463      change_adj_count=6      
2022-08-16 BST 02:37:19,036 - INFO -  epoch=   4      train_loss=   4.6442      val_loss=   5.6643      best=1      size= 264      nSHD_c=   8.9000      nSHD=   8.8000      tpr_c=   0.0530      change_adj_count=8      
2022-08-16 BST 02:37:35,230 - INFO -  epoch= 100      train_loss=   4.4565      val_loss=   3.6704      best=1      size= 271      nSHD_c=   8.1333      nSHD=   7.8667      tpr_c=   0.1328      change_adj_count=98      
2022-08-16 BST 02:37:52,144 - INFO -  epoch= 200      train_loss=   4.2594      val_loss=   4.1727      best=1      size= 269      nSHD_c=   7.9333      nSHD=   7.7333      tpr_c=   0.1413      change_adj_count=164      
2022-08-16 BST 02:38:08,349 - INFO -  epoch= 300      train_loss=   4.1978      val_loss=   4.0935      best=1      size= 284      nSHD_c=   8.3667      nSHD=   8.0667      tpr_c=   0.1338      change_adj_count=221      
2022-08-16 BST 02:38:25,425 - INFO -  epoch= 400      train_loss=   4.2332      val_loss=   4.9068      best=1      size= 284      nSHD_c=   8.4000      nSHD=   8.1000      tpr_c=   0.1303      change_adj_count=274      
2022-08-16 BST 02:38:42,503 - INFO -  epoch= 500      train_loss=   4.1310      val_loss=   4.8423      best=1      size= 289      nSHD_c=   8.5000      nSHD=   8.1333      tpr_c=   0.1280      change_adj_count=321      
2022-08-16 BST 02:39:00,283 - INFO -  epoch= 600      train_loss=   4.1994      val_loss=   4.1866      best=1      size= 290      nSHD_c=   8.4667      nSHD=   8.1000      tpr_c=   0.1310      change_adj_count=359      
2022-08-16 BST 02:39:17,279 - INFO -  epoch= 700      train_loss=   4.0866      val_loss=   4.4711      best=1      size= 288      nSHD_c=   8.5333      nSHD=   8.1667      tpr_c=   0.1250      change_adj_count=390      
2022-08-16 BST 02:39:33,662 - INFO -  epoch= 800      train_loss=   4.1913      val_loss=   4.8181      best=1      size= 293      nSHD_c=   8.6333      nSHD=   8.2667      tpr_c=   0.1263      change_adj_count=436      
2022-08-16 BST 02:39:49,252 - INFO -  epoch= 900      train_loss=   4.1420      val_loss=   4.2408      best=1      size= 291      nSHD_c=   8.4667      nSHD=   8.1667      tpr_c=   0.1340      change_adj_count=469      
2022-08-16 BST 02:40:04,669 - INFO -  epoch=1000      train_loss=   3.9100      val_loss=   3.8279      best=1      size= 297      nSHD_c=   8.7000      nSHD=   8.3000      tpr_c=   0.1279      change_adj_count=497      
2022-08-16 BST 02:40:04,669 - INFO - Before params
2022-08-16 BST 02:40:04,670 - INFO - After params={'MAX_SIZE': [None], 'LAMBDA': [0.1], 'NOISE_TEMPERATURE': [10], 'h_NULL': [0.01], 'h_LR': [0.001], 'z_RHO': [0], 'z_MU': [0]}
2022-08-16 BST 02:40:04,670 - INFO - After metrics={'train_loss': [3.9099972017349733], 'val_loss': [3.827936291694641], 'size': [297], 'nshd_c': [8.7], 'nshd': [8.3], 'tpr': [0.8928571428571429], 'tpr_c': [0.12794612794612795], 'change_adj_count': [497]}
2022-08-16 BST 02:40:04,687 - INFO - After to_save=  MAX_SIZE  LAMBDA  NOISE_TEMPERATURE  ...       tpr     tpr_c  change_adj_count
0     None     0.1                 10  ...  0.892857  0.127946               497

[1 rows x 16 columns]
2022-08-16 BST 02:40:04,687 - INFO - After file_path='../results/l_66none_4hps.csv'
2022-08-16 BST 02:40:04,689 - INFO - Last epoch results saved in l_66none_4hps.csv
2022-08-16 BST 02:40:04,690 - INFO - 

DAG 19: size_true=57	X.var()=24.8142
2022-08-16 BST 02:40:04,909 - INFO -  epoch=   1      train_loss=  13.4164      val_loss=  15.0636      best=1      size= 260      nSHD_c=   9.4667      nSHD=   9.3667      tpr_c=   0.0308      change_adj_count=5      
2022-08-16 BST 02:40:05,178 - INFO -  epoch=   2      train_loss=   7.8024      val_loss=  13.1710      best=1      size= 253      nSHD_c=   9.0000      nSHD=   8.9000      tpr_c=   0.0435      change_adj_count=6      
2022-08-16 BST 02:40:05,419 - INFO -  epoch=   3      train_loss=   6.5897      val_loss=   8.4829      best=1      size= 257      nSHD_c=   9.0333      nSHD=   8.9000      tpr_c=   0.0506      change_adj_count=7      
2022-08-16 BST 02:40:05,658 - INFO -  epoch=   4      train_loss=   6.2651      val_loss=   8.3396      best=1      size= 258      nSHD_c=   8.8667      nSHD=   8.7333      tpr_c=   0.0620      change_adj_count=8      
2022-08-16 BST 02:40:20,139 - INFO -  epoch= 100      train_loss=   5.9011      val_loss=   7.2806      best=1      size= 280      nSHD_c=   8.7667      nSHD=   8.6000      tpr_c=   0.1071      change_adj_count=98      
2022-08-16 BST 02:40:35,810 - INFO -  epoch= 200      train_loss=   5.8330      val_loss=   8.3017      best=1      size= 278      nSHD_c=   8.4667      nSHD=   8.3667      tpr_c=   0.1259      change_adj_count=178      
2022-08-16 BST 02:40:51,199 - INFO -  epoch= 300      train_loss=   5.5557      val_loss=   8.4947      best=1      size= 287      nSHD_c=   8.6000      nSHD=   8.5333      tpr_c=   0.1289      change_adj_count=243      
2022-08-16 BST 02:41:07,492 - INFO -  epoch= 400      train_loss=   5.6792      val_loss=   8.5583      best=1      size= 287      nSHD_c=   8.5000      nSHD=   8.4333      tpr_c=   0.1324      change_adj_count=297      
2022-08-16 BST 02:41:23,858 - INFO -  epoch= 500      train_loss=   5.7005      val_loss=   8.6002      best=1      size= 285      nSHD_c=   8.5000      nSHD=   8.3667      tpr_c=   0.1263      change_adj_count=349      
2022-08-16 BST 02:41:39,665 - INFO -  epoch= 600      train_loss=   5.5657      val_loss=   7.4847      best=1      size= 285      nSHD_c=   8.4333      nSHD=   8.3333      tpr_c=   0.1333      change_adj_count=383      
2022-08-16 BST 02:41:55,268 - INFO -  epoch= 700      train_loss=   5.4444      val_loss=   8.3839      best=1      size= 297      nSHD_c=   8.8000      nSHD=   8.6333      tpr_c=   0.1246      change_adj_count=425      
2022-08-16 BST 02:42:10,938 - INFO -  epoch= 800      train_loss=   5.4165      val_loss=   7.5934      best=1      size= 294      nSHD_c=   8.7667      nSHD=   8.6000      tpr_c=   0.1224      change_adj_count=460      
2022-08-16 BST 02:42:27,762 - INFO -  epoch= 900      train_loss=   5.4695      val_loss=   7.3967      best=1      size= 300      nSHD_c=   8.9000      nSHD=   8.7667      tpr_c=   0.1233      change_adj_count=507      
2022-08-16 BST 02:42:43,484 - INFO -  epoch=1000      train_loss=   5.2952      val_loss=   7.6952      best=1      size= 310      nSHD_c=   9.1333      nSHD=   9.0667      tpr_c=   0.1290      change_adj_count=549      
2022-08-16 BST 02:42:43,484 - INFO - Before params
2022-08-16 BST 02:42:43,484 - INFO - After params={'MAX_SIZE': [None], 'LAMBDA': [0.1], 'NOISE_TEMPERATURE': [10], 'h_NULL': [0.01], 'h_LR': [0.001], 'z_RHO': [0], 'z_MU': [0]}
2022-08-16 BST 02:42:43,484 - INFO - After metrics={'train_loss': [5.295156202008648], 'val_loss': [7.695221741994222], 'size': [310], 'nshd_c': [9.133333333333333], 'nshd': [9.066666666666666], 'tpr': [0.7368421052631579], 'tpr_c': [0.12903225806451613], 'change_adj_count': [549]}
2022-08-16 BST 02:42:43,502 - INFO - After to_save=  MAX_SIZE  LAMBDA  NOISE_TEMPERATURE  ...       tpr     tpr_c  change_adj_count
0     None     0.1                 10  ...  0.736842  0.129032               549

[1 rows x 16 columns]
2022-08-16 BST 02:42:43,502 - INFO - After file_path='../results/l_66none_4hps.csv'
2022-08-16 BST 02:42:43,505 - INFO - Last epoch results saved in l_66none_4hps.csv
2022-08-16 BST 02:42:43,505 - INFO - 

DAG 20: size_true=59	X.var()=201.6824
2022-08-16 BST 02:42:43,714 - INFO -  epoch=   1      train_loss=  86.6730      val_loss=  60.5974      best=1      size= 267      nSHD_c=   9.0667      nSHD=   9.0333      tpr_c=   0.0637      change_adj_count=5      
2022-08-16 BST 02:42:59,594 - INFO -  epoch= 100      train_loss=  19.6612      val_loss=  71.3203      best=1      size= 308      nSHD_c=   9.3667      nSHD=   9.2667      tpr_c=   0.1169      change_adj_count=102      
2022-08-16 BST 02:43:16,541 - INFO -  epoch= 200      train_loss=  20.2102      val_loss=  68.4105      best=1      size= 308      nSHD_c=   9.1000      nSHD=   9.0333      tpr_c=   0.1364      change_adj_count=196      
2022-08-16 BST 02:43:32,478 - INFO -  epoch= 300      train_loss=  18.6668      val_loss=  65.6384      best=1      size= 318      nSHD_c=   9.4000      nSHD=   9.3667      tpr_c=   0.1352      change_adj_count=268      
2022-08-16 BST 02:43:48,542 - INFO -  epoch= 400      train_loss=  18.0577      val_loss=  51.1105      best=1      size= 319      nSHD_c=   9.5667      nSHD=   9.5333      tpr_c=   0.1317      change_adj_count=328      
2022-08-16 BST 02:44:04,729 - INFO -  epoch= 500      train_loss=  18.1524      val_loss=  55.0827      best=1      size= 319      nSHD_c=   9.4667      nSHD=   9.4000      tpr_c=   0.1348      change_adj_count=389      
2022-08-16 BST 02:44:21,173 - INFO -  epoch= 600      train_loss=  18.7357      val_loss=  58.5520      best=1      size= 322      nSHD_c=   9.6333      nSHD=   9.5667      tpr_c=   0.1273      change_adj_count=444      
2022-08-16 BST 02:44:37,770 - INFO -  epoch= 700      train_loss=  17.2087      val_loss=  57.1704      best=1      size= 328      nSHD_c=   9.8000      nSHD=   9.7333      tpr_c=   0.1250      change_adj_count=493      
2022-08-16 BST 02:44:54,574 - INFO -  epoch= 800      train_loss=  17.2029      val_loss=  41.1798      best=1      size= 326      nSHD_c=   9.7333      nSHD=   9.6667      tpr_c=   0.1258      change_adj_count=538      
2022-08-16 BST 02:45:11,579 - INFO -  epoch= 900      train_loss=  16.7788      val_loss=  42.8314      best=1      size= 331      nSHD_c=   9.7667      nSHD=   9.6667      tpr_c=   0.1299      change_adj_count=578      
2022-08-16 BST 02:45:27,095 - INFO -  epoch=1000      train_loss=  15.7815      val_loss=  44.2952      best=1      size= 326      nSHD_c=   9.6333      nSHD=   9.5333      tpr_c=   0.1288      change_adj_count=616      
2022-08-16 BST 02:45:27,095 - INFO - Before params
2022-08-16 BST 02:45:27,096 - INFO - After params={'MAX_SIZE': [None], 'LAMBDA': [0.1], 'NOISE_TEMPERATURE': [10], 'h_NULL': [0.01], 'h_LR': [0.001], 'z_RHO': [0], 'z_MU': [0]}
2022-08-16 BST 02:45:27,096 - INFO - After metrics={'train_loss': [15.78152758075345], 'val_loss': [44.29517396291097], 'size': [326], 'nshd_c': [9.633333333333333], 'nshd': [9.533333333333333], 'tpr': [0.7627118644067796], 'tpr_c': [0.12883435582822086], 'change_adj_count': [616]}
2022-08-16 BST 02:45:27,114 - INFO - After to_save=  MAX_SIZE  LAMBDA  NOISE_TEMPERATURE  ...       tpr     tpr_c  change_adj_count
0     None     0.1                 10  ...  0.762712  0.128834               616

[1 rows x 16 columns]
2022-08-16 BST 02:45:27,114 - INFO - After file_path='../results/l_66none_4hps.csv'
2022-08-16 BST 02:45:27,116 - INFO - Last epoch results saved in l_66none_4hps.csv
2022-08-16 BST 02:45:27,117 - INFO - 

DAG 21: size_true=57	X.var()=21.1204
2022-08-16 BST 02:45:27,319 - INFO -  epoch=   1      train_loss=  11.0925      val_loss=  10.3635      best=1      size= 274      nSHD_c=   9.3000      nSHD=   9.2667      tpr_c=   0.0511      change_adj_count=5      
2022-08-16 BST 02:45:27,820 - INFO -  epoch=   4      train_loss=   4.6899      val_loss=  10.8716      best=1      size= 266      nSHD_c=   9.2333      nSHD=   9.2333      tpr_c=   0.0451      change_adj_count=8      
2022-08-16 BST 02:45:28,017 - INFO -  epoch=   5      train_loss=   4.5139      val_loss=   9.4521      best=1      size= 270      nSHD_c=   9.1000      nSHD=   9.1000      tpr_c=   0.0630      change_adj_count=9      
2022-08-16 BST 02:45:28,366 - INFO -  epoch=   7      train_loss=   4.4888      val_loss=   8.6363      best=1      size= 269      nSHD_c=   9.0000      nSHD=   9.0000      tpr_c=   0.0632      change_adj_count=11      
2022-08-16 BST 02:45:28,875 - INFO -  epoch=  10      train_loss=   4.5378      val_loss=   6.4135      best=1      size= 276      nSHD_c=   9.3000      nSHD=   9.3000      tpr_c=   0.0652      change_adj_count=14      
2022-08-16 BST 02:45:43,420 - INFO -  epoch= 100      train_loss=   4.3925      val_loss=   7.5048      best=1      size= 281      nSHD_c=   8.8667      nSHD=   8.8667      tpr_c=   0.1032      change_adj_count=94      
2022-08-16 BST 02:46:01,033 - INFO -  epoch= 200      train_loss=   4.3471      val_loss=   6.1988      best=1      size= 288      nSHD_c=   8.5000      nSHD=   8.4333      tpr_c=   0.1354      change_adj_count=163      
2022-08-16 BST 02:46:17,287 - INFO -  epoch= 300      train_loss=   4.3519      val_loss=   6.4109      best=1      size= 288      nSHD_c=   8.4000      nSHD=   8.3333      tpr_c=   0.1424      change_adj_count=221      
2022-08-16 BST 02:46:35,069 - INFO -  epoch= 400      train_loss=   4.3201      val_loss=   6.1085      best=1      size= 296      nSHD_c=   8.4333      nSHD=   8.3667      tpr_c=   0.1520      change_adj_count=262      
2022-08-16 BST 02:46:52,304 - INFO -  epoch= 500      train_loss=   4.2540      val_loss=   5.7333      best=1      size= 304      nSHD_c=   8.7333      nSHD=   8.6667      tpr_c=   0.1447      change_adj_count=306      
2022-08-16 BST 02:47:09,856 - INFO -  epoch= 600      train_loss=   4.2829      val_loss=   6.1241      best=1      size= 317      nSHD_c=   9.2000      nSHD=   9.1333      tpr_c=   0.1356      change_adj_count=345      
2022-08-16 BST 02:47:26,917 - INFO -  epoch= 700      train_loss=   4.2437      val_loss=   6.9353      best=1      size= 311      nSHD_c=   9.0667      nSHD=   9.0000      tpr_c=   0.1350      change_adj_count=378      
2022-08-16 BST 02:47:44,318 - INFO -  epoch= 800      train_loss=   4.2448      val_loss=   7.1194      best=1      size= 313      nSHD_c=   9.0667      nSHD=   9.0000      tpr_c=   0.1374      change_adj_count=407      
2022-08-16 BST 02:48:01,457 - INFO -  epoch= 900      train_loss=   4.1424      val_loss=   6.2500      best=1      size= 307      nSHD_c=   8.9000      nSHD=   8.8333      tpr_c=   0.1401      change_adj_count=438      
2022-08-16 BST 02:48:18,302 - INFO -  epoch=1000      train_loss=   4.1779      val_loss=   7.1719      best=1      size= 309      nSHD_c=   8.9333      nSHD=   8.8667      tpr_c=   0.1392      change_adj_count=469      
2022-08-16 BST 02:48:18,302 - INFO - Before params
2022-08-16 BST 02:48:18,302 - INFO - After params={'MAX_SIZE': [None], 'LAMBDA': [0.1], 'NOISE_TEMPERATURE': [10], 'h_NULL': [0.01], 'h_LR': [0.001], 'z_RHO': [0], 'z_MU': [0]}
2022-08-16 BST 02:48:18,302 - INFO - After metrics={'train_loss': [4.177882840556483], 'val_loss': [7.1718839804331465], 'size': [309], 'nshd_c': [8.933333333333334], 'nshd': [8.866666666666667], 'tpr': [0.7894736842105263], 'tpr_c': [0.13915857605177995], 'change_adj_count': [469]}
2022-08-16 BST 02:48:18,321 - INFO - After to_save=  MAX_SIZE  LAMBDA  NOISE_TEMPERATURE  ...       tpr     tpr_c  change_adj_count
0     None     0.1                 10  ...  0.789474  0.139159               469

[1 rows x 16 columns]
2022-08-16 BST 02:48:18,321 - INFO - After file_path='../results/l_66none_4hps.csv'
2022-08-16 BST 02:48:18,325 - INFO - Last epoch results saved in l_66none_4hps.csv
2022-08-16 BST 02:48:18,325 - INFO - 

DAG 22: size_true=60	X.var()=129.8499
2022-08-16 BST 02:48:18,559 - INFO -  epoch=   1      train_loss=  65.8215      val_loss=  44.0572      best=1      size= 243      nSHD_c=   8.6000      nSHD=   8.5667      tpr_c=   0.0617      change_adj_count=5      
2022-08-16 BST 02:48:35,763 - INFO -  epoch= 100      train_loss=  15.5827      val_loss=  49.0199      best=1      size= 272      nSHD_c=   8.4333      nSHD=   8.4000      tpr_c=   0.1176      change_adj_count=98      
2022-08-16 BST 02:48:52,591 - INFO -  epoch= 200      train_loss=  15.1960      val_loss=  45.2900      best=1      size= 285      nSHD_c=   8.7000      nSHD=   8.6667      tpr_c=   0.1228      change_adj_count=184      
2022-08-16 BST 02:49:10,570 - INFO -  epoch= 300      train_loss=  14.7967      val_loss=  50.9644      best=1      size= 297      nSHD_c=   8.9000      nSHD=   8.8333      tpr_c=   0.1313      change_adj_count=240      
2022-08-16 BST 02:49:28,092 - INFO -  epoch= 400      train_loss=  14.5460      val_loss=  46.0613      best=1      size= 294      nSHD_c=   8.7667      nSHD=   8.7667      tpr_c=   0.1327      change_adj_count=299      
2022-08-16 BST 02:49:45,003 - INFO -  epoch= 500      train_loss=  14.2221      val_loss=  42.1803      best=1      size= 296      nSHD_c=   8.8000      nSHD=   8.7667      tpr_c=   0.1351      change_adj_count=353      
2022-08-16 BST 02:50:01,635 - INFO -  epoch= 600      train_loss=  14.4939      val_loss=  43.0147      best=1      size= 297      nSHD_c=   8.7667      nSHD=   8.7333      tpr_c=   0.1414      change_adj_count=400      
2022-08-16 BST 02:50:19,533 - INFO -  epoch= 700      train_loss=  14.3397      val_loss=  42.0767      best=1      size= 295      nSHD_c=   8.6667      nSHD=   8.6333      tpr_c=   0.1424      change_adj_count=441      
2022-08-16 BST 02:50:36,848 - INFO -  epoch= 800      train_loss=  13.9374      val_loss=  35.5057      best=1      size= 297      nSHD_c=   8.6333      nSHD=   8.5667      tpr_c=   0.1448      change_adj_count=486      
2022-08-16 BST 02:50:53,296 - INFO -  epoch= 900      train_loss=  12.5489      val_loss=  32.2033      best=1      size= 300      nSHD_c=   8.7333      nSHD=   8.7000      tpr_c=   0.1433      change_adj_count=520      
2022-08-16 BST 02:51:10,519 - INFO -  epoch=1000      train_loss=  12.8226      val_loss=  33.7764      best=1      size= 300      nSHD_c=   8.6667      nSHD=   8.6333      tpr_c=   0.1500      change_adj_count=555      
2022-08-16 BST 02:51:10,519 - INFO - Before params
2022-08-16 BST 02:51:10,520 - INFO - After params={'MAX_SIZE': [None], 'LAMBDA': [0.1], 'NOISE_TEMPERATURE': [10], 'h_NULL': [0.01], 'h_LR': [0.001], 'z_RHO': [0], 'z_MU': [0]}
2022-08-16 BST 02:51:10,520 - INFO - After metrics={'train_loss': [12.822579691486974], 'val_loss': [33.776405334472656], 'size': [300], 'nshd_c': [8.666666666666666], 'nshd': [8.633333333333333], 'tpr': [0.7666666666666667], 'tpr_c': [0.15], 'change_adj_count': [555]}
2022-08-16 BST 02:51:10,537 - INFO - After to_save=  MAX_SIZE  LAMBDA  NOISE_TEMPERATURE  ...       tpr  tpr_c  change_adj_count
0     None     0.1                 10  ...  0.766667   0.15               555

[1 rows x 16 columns]
2022-08-16 BST 02:51:10,538 - INFO - After file_path='../results/l_66none_4hps.csv'
2022-08-16 BST 02:51:10,540 - INFO - Last epoch results saved in l_66none_4hps.csv
2022-08-16 BST 02:51:10,541 - INFO - 

DAG 23: size_true=49	X.var()=14.1269
2022-08-16 BST 02:51:10,793 - INFO -  epoch=   1      train_loss=  10.0214      val_loss=  10.2849      best=1      size= 255      nSHD_c=   8.7000      nSHD=   8.6000      tpr_c=   0.0588      change_adj_count=5      
2022-08-16 BST 02:51:11,044 - INFO -  epoch=   2      train_loss=   6.6178      val_loss=   6.6461      best=1      size= 251      nSHD_c=   8.6000      nSHD=   8.5000      tpr_c=   0.0558      change_adj_count=6      
2022-08-16 BST 02:51:11,285 - INFO -  epoch=   3      train_loss=   5.3417      val_loss=   5.9858      best=1      size= 252      nSHD_c=   8.5333      nSHD=   8.4667      tpr_c=   0.0635      change_adj_count=7      
2022-08-16 BST 02:51:12,229 - INFO -  epoch=   8      train_loss=   4.1391      val_loss=   4.3609      best=1      size= 258      nSHD_c=   8.4000      nSHD=   8.3333      tpr_c=   0.0814      change_adj_count=11      
2022-08-16 BST 02:51:12,482 - INFO -  epoch=   9      train_loss=   4.1819      val_loss=   4.3276      best=1      size= 253      nSHD_c=   8.3000      nSHD=   8.2667      tpr_c=   0.0830      change_adj_count=12      
2022-08-16 BST 02:51:23,395 - INFO -  epoch=  71      train_loss=   4.1206      val_loss=   3.8869      best=1      size= 255      nSHD_c=   7.3667      nSHD=   7.2667      tpr_c=   0.1490      change_adj_count=64      
2022-08-16 BST 02:51:24,487 - INFO -  epoch=  77      train_loss=   4.0130      val_loss=   3.9537      best=1      size= 256      nSHD_c=   7.4000      nSHD=   7.3000      tpr_c=   0.1484      change_adj_count=68      
2022-08-16 BST 02:51:25,402 - INFO -  epoch=  82      train_loss=   4.0809      val_loss=   3.7592      best=1      size= 257      nSHD_c=   7.4667      nSHD=   7.3667      tpr_c=   0.1440      change_adj_count=72      
2022-08-16 BST 02:51:28,319 - INFO -  epoch= 100      train_loss=   4.0110      val_loss=   3.9874      best=1      size= 260      nSHD_c=   7.4333      nSHD=   7.3333      tpr_c=   0.1500      change_adj_count=85      
2022-08-16 BST 02:51:45,039 - INFO -  epoch= 200      train_loss=   4.0478      val_loss=   4.6464      best=1      size= 267      nSHD_c=   7.5333      nSHD=   7.4333      tpr_c=   0.1536      change_adj_count=146      
2022-08-16 BST 02:52:01,585 - INFO -  epoch= 300      train_loss=   3.8629      val_loss=   4.6581      best=1      size= 270      nSHD_c=   7.6667      nSHD=   7.5000      tpr_c=   0.1481      change_adj_count=190      
2022-08-16 BST 02:52:18,767 - INFO -  epoch= 400      train_loss=   3.8905      val_loss=   3.9844      best=1      size= 262      nSHD_c=   7.5000      nSHD=   7.3333      tpr_c=   0.1489      change_adj_count=230      
2022-08-16 BST 02:52:36,695 - INFO -  epoch= 500      train_loss=   3.8716      val_loss=   3.6265      best=1      size= 262      nSHD_c=   7.4000      nSHD=   7.2333      tpr_c=   0.1565      change_adj_count=264      
2022-08-16 BST 02:52:53,012 - INFO -  epoch= 600      train_loss=   3.8054      val_loss=   3.4728      best=1      size= 267      nSHD_c=   7.5000      nSHD=   7.3333      tpr_c=   0.1573      change_adj_count=286      
2022-08-16 BST 02:53:08,968 - INFO -  epoch= 700      train_loss=   3.8420      val_loss=   3.9041      best=1      size= 268      nSHD_c=   7.6000      nSHD=   7.4333      tpr_c=   0.1530      change_adj_count=318      
2022-08-16 BST 02:53:26,423 - INFO -  epoch= 800      train_loss=   3.6729      val_loss=   4.0267      best=1      size= 264      nSHD_c=   7.4000      nSHD=   7.2667      tpr_c=   0.1629      change_adj_count=340      
2022-08-16 BST 02:53:43,150 - INFO -  epoch= 900      train_loss=   3.7955      val_loss=   3.7441      best=1      size= 273      nSHD_c=   7.7667      nSHD=   7.6000      tpr_c=   0.1502      change_adj_count=366      
2022-08-16 BST 02:53:59,898 - INFO -  epoch=1000      train_loss=   3.7248      val_loss=   3.9103      best=1      size= 277      nSHD_c=   7.8667      nSHD=   7.7333      tpr_c=   0.1516      change_adj_count=388      
2022-08-16 BST 02:53:59,898 - INFO - Before params
2022-08-16 BST 02:53:59,899 - INFO - After params={'MAX_SIZE': [None], 'LAMBDA': [0.1], 'NOISE_TEMPERATURE': [10], 'h_NULL': [0.01], 'h_LR': [0.001], 'z_RHO': [0], 'z_MU': [0]}
2022-08-16 BST 02:53:59,899 - INFO - After metrics={'train_loss': [3.7247887657534693], 'val_loss': [3.9102993408838906], 'size': [277], 'nshd_c': [7.866666666666666], 'nshd': [7.733333333333333], 'tpr': [0.9387755102040817], 'tpr_c': [0.15162454873646208], 'change_adj_count': [388]}
2022-08-16 BST 02:53:59,917 - INFO - After to_save=  MAX_SIZE  LAMBDA  NOISE_TEMPERATURE  ...       tpr     tpr_c  change_adj_count
0     None     0.1                 10  ...  0.938776  0.151625               388

[1 rows x 16 columns]
2022-08-16 BST 02:53:59,917 - INFO - After file_path='../results/l_66none_4hps.csv'
2022-08-16 BST 02:53:59,919 - INFO - Last epoch results saved in l_66none_4hps.csv
2022-08-16 BST 02:53:59,920 - INFO - 
last_mean_nshd_c=8.9333
2022-08-16 BST 02:53:59,920 - INFO - 
Time taken 1:08:05 (h:mm:ss)
2022-08-16 BST 02:53:59,920 - INFO - 
End of log for run 2022-08-16_BST_01:45:54,456_l_66none_4hps_070
