2022-08-18 BST 06:05:06,449 - INFO - 
Log for run 2022-08-18_BST_06:05:06,394_l_66none_4hps_221

2022-08-18 BST 06:05:06,449 - INFO - COMMENT = ''
2022-08-18 BST 06:05:06,449 - INFO - DATA_FOLDER = '../data'
2022-08-18 BST 06:05:06,449 - INFO - LATENTS_FOLDER = '../latents'
2022-08-18 BST 06:05:06,449 - INFO - LOGS_FOLDER = '../logs'
2022-08-18 BST 06:05:06,449 - INFO - MODEL_FOLDER = '../models'
2022-08-18 BST 06:05:06,449 - INFO - RESULTS_FOLDER = '../results'
2022-08-18 BST 06:05:06,449 - INFO - DEVICE = torch.device("cuda" if torch.cuda.is_available() else "cpu")  # Used: "cuda"
2022-08-18 BST 06:05:06,449 - INFO - LATENTS = False
2022-08-18 BST 06:05:06,449 - INFO - MATRIX_REPORT = False
2022-08-18 BST 06:05:06,449 - INFO - LABEL = True
2022-08-18 BST 06:05:06,449 - INFO - SAVE_TO_ODS = False
2022-08-18 BST 06:05:06,449 - INFO - VAL_LOSS_FROM_DAG = True
2022-08-18 BST 06:05:06,449 - INFO - WANDB = False
2022-08-18 BST 06:05:06,449 - INFO - WANDB_PROJECT = 'Thetas'
2022-08-18 BST 06:05:06,449 - INFO - GRAD_LOG = False
2022-08-18 BST 06:05:06,450 - INFO - N_TRIALS = 1
2022-08-18 BST 06:05:06,450 - INFO - OPTUNA_STRINGS = {'None': None, 'True': True, 'False': False}
2022-08-18 BST 06:05:06,450 - INFO - TQDM = False
2022-08-18 BST 06:05:06,450 - INFO - 
hyperparameters = {
2022-08-18 BST 06:05:06,450 - INFO - 	'GRAPH_TYPE': 'ER2',
2022-08-18 BST 06:05:06,450 - INFO - 	'D': 30,
2022-08-18 BST 06:05:06,450 - INFO - 	'MAX_SIZE': None,
2022-08-18 BST 06:05:06,450 - INFO - 	'SEM_NOISE': 'gaussian_ev',
2022-08-18 BST 06:05:06,450 - INFO - 	'N': 1200,
2022-08-18 BST 06:05:06,450 - INFO - 	'VAL': 0.16666666666666666,
2022-08-18 BST 06:05:06,450 - INFO - 	'N_EPOCHS': 1000,
2022-08-18 BST 06:05:06,450 - INFO - 	'BATCH_SIZE': 32,
2022-08-18 BST 06:05:06,450 - INFO - 	'LOG2_BATCH_SIZE': None,
2022-08-18 BST 06:05:06,450 - INFO - 	'BATCH_SHUFFLE': True,
2022-08-18 BST 06:05:06,450 - INFO - 	'N_SAMPLES': 10,
2022-08-18 BST 06:05:06,450 - INFO - 	'MODE': 'max_dag_test_only',
2022-08-18 BST 06:05:06,450 - INFO - 	'AFAS_SCHEDULER': None,
2022-08-18 BST 06:05:06,450 - INFO - 	'MINIZINC_SOLVER': None,
2022-08-18 BST 06:05:06,450 - INFO - 	'f_LINEAR_LAYERS': (),
2022-08-18 BST 06:05:06,450 - INFO - 	'f_BIAS': False,
2022-08-18 BST 06:05:06,450 - INFO - 	'p_LAYER': None,
2022-08-18 BST 06:05:06,450 - INFO - 	'STREAMLINE': False,
2022-08-18 BST 06:05:06,450 - INFO - 	'THRESHOLD': 0.0,
2022-08-18 BST 06:05:06,451 - INFO - 	'h_LINEAR_LAYERS': (),
2022-08-18 BST 06:05:06,451 - INFO - 	'h_NULL': 0,
2022-08-18 BST 06:05:06,451 - INFO - 	'h_LR': 0.0001,
2022-08-18 BST 06:05:06,451 - INFO - 	'h_OPTIMIZER': 'torch.optim.Adam(overall_net.h_net.parameters(), lr=h.h_LR)',
2022-08-18 BST 06:05:06,451 - INFO - 	'f_LR': 0.0117744218586073,
2022-08-18 BST 06:05:06,451 - INFO - 	'f_OPTIMIZER': 'torch.optim.Adam(overall_net.f_net.parameters(), lr=h.f_LR)',
2022-08-18 BST 06:05:06,451 - INFO - 	'NOISE_TEMPERATURE': 10,
2022-08-18 BST 06:05:06,451 - INFO - 	'NOISE_DISTRIBUTION': 'LogisticNoiseDistribution()',
2022-08-18 BST 06:05:06,451 - INFO - 	'LAMBDA': 10,
2022-08-18 BST 06:05:06,451 - INFO - 	'LOSS_FN': 'torch.nn.MSELoss()',
2022-08-18 BST 06:05:06,451 - INFO - 	'REGULARIZER': None,
2022-08-18 BST 06:05:06,451 - INFO - 	'z_RHO': 0,
2022-08-18 BST 06:05:06,451 - INFO - 	'z_MU': 0,
2022-08-18 BST 06:05:06,451 - INFO - 	'z_REGULARIZER': 'NoTearsZRegularizer(h.D, h.z_RHO, h.z_MU, c.DEVICE)',
2022-08-18 BST 06:05:06,451 - INFO - 	'LR_SCHEDULER': None,
2022-08-18 BST 06:05:06,451 - INFO - 	'DATA_CATEGORY': 'test',
2022-08-18 BST 06:05:06,451 - INFO - 	'DAGS': '030_ER2_gaussian_ev_2022-08-12_BST_09:55:21,293_create_dags'
2022-08-18 BST 06:05:06,451 - INFO - }

2022-08-18 BST 06:05:07,274 - INFO - 

DAG 0: size_true=69	X.var()=185.8479
2022-08-18 BST 06:05:09,817 - INFO -  epoch=   1      train_loss=  98.2534      val_loss=  38.8753      best=1      size= 206      nSHD_c=   6.2333      nSHD=   6.1333      tpr_c=   0.1845      change_adj_count=5      
2022-08-18 BST 06:05:26,084 - INFO -  epoch= 100      train_loss=  20.8534      val_loss=  63.5408      best=1      size= 337      nSHD_c=   9.6000      nSHD=   9.4000      tpr_c=   0.1543      change_adj_count=104      
2022-08-18 BST 06:05:42,880 - INFO -  epoch= 200      train_loss=  22.1536      val_loss=  53.9622      best=1      size= 345      nSHD_c=   9.7667      nSHD=   9.5667      tpr_c=   0.1536      change_adj_count=204      
2022-08-18 BST 06:06:00,272 - INFO -  epoch= 300      train_loss=  21.3595      val_loss=  45.9988      best=1      size= 346      nSHD_c=   9.7667      nSHD=   9.6000      tpr_c=   0.1561      change_adj_count=298      
2022-08-18 BST 06:06:17,438 - INFO -  epoch= 400      train_loss=  20.9583      val_loss=  39.1092      best=1      size= 339      nSHD_c=   9.6333      nSHD=   9.4333      tpr_c=   0.1534      change_adj_count=385      
2022-08-18 BST 06:06:34,276 - INFO -  epoch= 500      train_loss=  19.6288      val_loss=  38.0983      best=1      size= 346      nSHD_c=   9.8000      nSHD=   9.6333      tpr_c=   0.1532      change_adj_count=458      
2022-08-18 BST 06:06:51,720 - INFO -  epoch= 600      train_loss=  21.1010      val_loss=  40.2675      best=1      size= 345      nSHD_c=   9.7667      nSHD=   9.6000      tpr_c=   0.1536      change_adj_count=535      
2022-08-18 BST 06:07:09,815 - INFO -  epoch= 700      train_loss=  20.2823      val_loss=  38.0898      best=1      size= 345      nSHD_c=   9.7333      nSHD=   9.6000      tpr_c=   0.1565      change_adj_count=599      
2022-08-18 BST 06:07:27,558 - INFO -  epoch= 800      train_loss=  20.8537      val_loss=  34.7176      best=1      size= 344      nSHD_c=   9.7000      nSHD=   9.5667      tpr_c=   0.1570      change_adj_count=657      
2022-08-18 BST 06:07:45,492 - INFO -  epoch= 900      train_loss=  20.2791      val_loss=  32.9730      best=1      size= 343      nSHD_c=   9.6667      nSHD=   9.5333      tpr_c=   0.1574      change_adj_count=733      
2022-08-18 BST 06:08:02,748 - INFO -  epoch=1000      train_loss=  19.9850      val_loss=  28.4650      best=1      size= 342      nSHD_c=   9.6333      nSHD=   9.5000      tpr_c=   0.1579      change_adj_count=777      
2022-08-18 BST 06:08:02,749 - INFO - Before params
2022-08-18 BST 06:08:02,749 - INFO - After params={'MAX_SIZE': [None], 'LAMBDA': [10], 'NOISE_TEMPERATURE': [10], 'h_NULL': [0], 'h_LR': [0.0001], 'z_RHO': [0], 'z_MU': [0]}
2022-08-18 BST 06:08:02,749 - INFO - After metrics={'train_loss': [19.98502177576865], 'val_loss': [28.46502749125163], 'size': [342], 'nshd_c': [9.633333333333333], 'nshd': [9.5], 'tpr': [0.8405797101449275], 'tpr_c': [0.15789473684210525], 'change_adj_count': [777]}
2022-08-18 BST 06:08:02,771 - INFO - After to_save=  MAX_SIZE  LAMBDA  NOISE_TEMPERATURE  ...      tpr     tpr_c  change_adj_count
0     None      10                 10  ...  0.84058  0.157895               777

[1 rows x 16 columns]
2022-08-18 BST 06:08:02,771 - INFO - After file_path='../results/l_66none_4hps.csv'
2022-08-18 BST 06:08:02,779 - INFO - Last epoch results saved in l_66none_4hps.csv
2022-08-18 BST 06:08:02,780 - INFO - 

DAG 1: size_true=67	X.var()=127.1156
2022-08-18 BST 06:08:03,024 - INFO -  epoch=   1      train_loss=  61.4621      val_loss=  23.1068      best=1      size= 184      nSHD_c=   6.1000      nSHD=   6.1000      tpr_c=   0.1413      change_adj_count=5      
2022-08-18 BST 06:08:20,481 - INFO -  epoch= 100      train_loss=  13.1028      val_loss=  59.0235      best=1      size= 336      nSHD_c=   9.3667      nSHD=   9.2333      tpr_c=   0.1667      change_adj_count=104      
2022-08-18 BST 06:08:37,377 - INFO -  epoch= 200      train_loss=  12.2461      val_loss=  59.2541      best=1      size= 337      nSHD_c=   9.3333      nSHD=   9.2000      tpr_c=   0.1721      change_adj_count=201      
2022-08-18 BST 06:08:55,377 - INFO -  epoch= 300      train_loss=  12.8467      val_loss=  61.0741      best=1      size= 343      nSHD_c=   9.5333      nSHD=   9.4333      tpr_c=   0.1691      change_adj_count=294      
2022-08-18 BST 06:09:12,811 - INFO -  epoch= 400      train_loss=  12.5889      val_loss=  63.9656      best=1      size= 347      nSHD_c=   9.6333      nSHD=   9.5333      tpr_c=   0.1700      change_adj_count=386      
2022-08-18 BST 06:09:29,931 - INFO -  epoch= 500      train_loss=  12.5849      val_loss=  51.4491      best=1      size= 346      nSHD_c=   9.6667      nSHD=   9.5667      tpr_c=   0.1647      change_adj_count=467      
2022-08-18 BST 06:09:47,617 - INFO -  epoch= 600      train_loss=  12.3155      val_loss=  51.7838      best=1      size= 346      nSHD_c=   9.6000      nSHD=   9.5000      tpr_c=   0.1676      change_adj_count=540      
2022-08-18 BST 06:10:05,729 - INFO -  epoch= 700      train_loss=  12.7525      val_loss=  49.4581      best=1      size= 349      nSHD_c=   9.7667      nSHD=   9.6667      tpr_c=   0.1633      change_adj_count=605      
2022-08-18 BST 06:10:23,616 - INFO -  epoch= 800      train_loss=  11.3878      val_loss=  52.3171      best=1      size= 345      nSHD_c=   9.6667      nSHD=   9.5333      tpr_c=   0.1623      change_adj_count=675      
2022-08-18 BST 06:10:39,582 - INFO -  epoch= 900      train_loss=  12.2118      val_loss=  47.1159      best=1      size= 346      nSHD_c=   9.7667      nSHD=   9.6333      tpr_c=   0.1590      change_adj_count=741      
2022-08-18 BST 06:10:54,517 - INFO -  epoch=1000      train_loss=  11.8401      val_loss=  49.3661      best=1      size= 347      nSHD_c=   9.8000      nSHD=   9.6667      tpr_c=   0.1585      change_adj_count=794      
2022-08-18 BST 06:10:54,518 - INFO - Before params
2022-08-18 BST 06:10:54,518 - INFO - After params={'MAX_SIZE': [None], 'LAMBDA': [10], 'NOISE_TEMPERATURE': [10], 'h_NULL': [0], 'h_LR': [0.0001], 'z_RHO': [0], 'z_MU': [0]}
2022-08-18 BST 06:10:54,518 - INFO - After metrics={'train_loss': [11.840082860762074], 'val_loss': [49.36606470743815], 'size': [347], 'nshd_c': [9.8], 'nshd': [9.666666666666666], 'tpr': [0.8805970149253731], 'tpr_c': [0.1585014409221902], 'change_adj_count': [794]}
2022-08-18 BST 06:10:54,535 - INFO - After to_save=  MAX_SIZE  LAMBDA  NOISE_TEMPERATURE  ...       tpr     tpr_c  change_adj_count
0     None      10                 10  ...  0.880597  0.158501               794

[1 rows x 16 columns]
2022-08-18 BST 06:10:54,535 - INFO - After file_path='../results/l_66none_4hps.csv'
2022-08-18 BST 06:10:54,538 - INFO - Last epoch results saved in l_66none_4hps.csv
2022-08-18 BST 06:10:54,538 - INFO - 

DAG 2: size_true=64	X.var()=25.7432
2022-08-18 BST 06:10:54,789 - INFO -  epoch=   1      train_loss=  16.0916      val_loss=  10.3976      best=1      size= 161      nSHD_c=   5.3000      nSHD=   5.2667      tpr_c=   0.1615      change_adj_count=5      
2022-08-18 BST 06:10:55,033 - INFO -  epoch=   2      train_loss=   9.3295      val_loss=   7.0482      best=1      size= 196      nSHD_c=   5.7000      nSHD=   5.6333      tpr_c=   0.1990      change_adj_count=6      
2022-08-18 BST 06:11:11,923 - INFO -  epoch= 100      train_loss=   6.4489      val_loss=   7.3317      best=1      size= 325      nSHD_c=   9.0333      nSHD=   8.9667      tpr_c=   0.1723      change_adj_count=104      
2022-08-18 BST 06:11:28,500 - INFO -  epoch= 200      train_loss=   6.2775      val_loss=   7.1679      best=1      size= 320      nSHD_c=   8.8667      nSHD=   8.7333      tpr_c=   0.1719      change_adj_count=203      
2022-08-18 BST 06:11:44,566 - INFO -  epoch= 300      train_loss=   6.3126      val_loss=   7.0406      best=1      size= 322      nSHD_c=   8.8667      nSHD=   8.7667      tpr_c=   0.1770      change_adj_count=293      
2022-08-18 BST 06:12:02,021 - INFO -  epoch= 400      train_loss=   6.2257      val_loss=   7.2079      best=1      size= 318      nSHD_c=   8.7333      nSHD=   8.6333      tpr_c=   0.1792      change_adj_count=386      
2022-08-18 BST 06:12:19,979 - INFO -  epoch= 500      train_loss=   6.1458      val_loss=   7.4533      best=1      size= 319      nSHD_c=   8.8667      nSHD=   8.6667      tpr_c=   0.1693      change_adj_count=469      
2022-08-18 BST 06:12:37,407 - INFO -  epoch= 600      train_loss=   6.1708      val_loss=   6.7644      best=1      size= 323      nSHD_c=   8.9667      nSHD=   8.8000      tpr_c=   0.1703      change_adj_count=540      
2022-08-18 BST 06:12:54,828 - INFO -  epoch= 700      train_loss=   6.0584      val_loss=   6.7445      best=1      size= 319      nSHD_c=   8.8333      nSHD=   8.6667      tpr_c=   0.1724      change_adj_count=608      
2022-08-18 BST 06:13:12,672 - INFO -  epoch= 800      train_loss=   6.0333      val_loss=   6.9422      best=1      size= 323      nSHD_c=   8.9667      nSHD=   8.8000      tpr_c=   0.1703      change_adj_count=671      
2022-08-18 BST 06:13:28,494 - INFO -  epoch= 900      train_loss=   6.0006      val_loss=   6.6430      best=1      size= 324      nSHD_c=   8.9333      nSHD=   8.8333      tpr_c=   0.1759      change_adj_count=724      
2022-08-18 BST 06:13:45,172 - INFO -  epoch=1000      train_loss=   5.8494      val_loss=   6.7619      best=1      size= 317      nSHD_c=   8.7667      nSHD=   8.6000      tpr_c=   0.1735      change_adj_count=788      
2022-08-18 BST 06:13:45,173 - INFO - Before params
2022-08-18 BST 06:13:45,174 - INFO - After params={'MAX_SIZE': [None], 'LAMBDA': [10], 'NOISE_TEMPERATURE': [10], 'h_NULL': [0], 'h_LR': [0.0001], 'z_RHO': [0], 'z_MU': [0]}
2022-08-18 BST 06:13:45,174 - INFO - After metrics={'train_loss': [5.849376309302546], 'val_loss': [6.76189661026001], 'size': [317], 'nshd_c': [8.766666666666667], 'nshd': [8.6], 'tpr': [0.9375], 'tpr_c': [0.17350157728706625], 'change_adj_count': [788]}
2022-08-18 BST 06:13:45,191 - INFO - After to_save=  MAX_SIZE  LAMBDA  NOISE_TEMPERATURE  ...     tpr     tpr_c  change_adj_count
0     None      10                 10  ...  0.9375  0.173502               788

[1 rows x 16 columns]
2022-08-18 BST 06:13:45,192 - INFO - After file_path='../results/l_66none_4hps.csv'
2022-08-18 BST 06:13:45,194 - INFO - Last epoch results saved in l_66none_4hps.csv
2022-08-18 BST 06:13:45,195 - INFO - 

DAG 3: size_true=63	X.var()=265.9248
2022-08-18 BST 06:13:45,443 - INFO -  epoch=   1      train_loss=  94.1180      val_loss=  84.2010      best=1      size= 200      nSHD_c=   6.6333      nSHD=   6.6000      tpr_c=   0.1300      change_adj_count=5      
2022-08-18 BST 06:13:45,688 - INFO -  epoch=   2      train_loss=  35.2707      val_loss= 102.0322      best=1      size= 259      nSHD_c=   7.6667      nSHD=   7.6667      tpr_c=   0.1506      change_adj_count=6      
2022-08-18 BST 06:13:46,980 - INFO -  epoch=   9      train_loss=  25.5175      val_loss=  98.6780      best=1      size= 321      nSHD_c=   9.3000      nSHD=   9.2333      tpr_c=   0.1371      change_adj_count=13      
2022-08-18 BST 06:14:01,842 - INFO -  epoch= 100      train_loss=  25.1386      val_loss= 118.1273      best=1      size= 356      nSHD_c=  10.3333      nSHD=  10.2667      tpr_c=   0.1348      change_adj_count=104      
2022-08-18 BST 06:14:13,421 - INFO -  epoch= 168      train_loss=  25.6650      val_loss=  92.8795      best=1      size= 358      nSHD_c=  10.3333      nSHD=  10.3000      tpr_c=   0.1397      change_adj_count=170      
2022-08-18 BST 06:14:18,962 - INFO -  epoch= 200      train_loss=  25.0222      val_loss= 106.0398      best=1      size= 358      nSHD_c=  10.3333      nSHD=  10.3000      tpr_c=   0.1397      change_adj_count=199      
2022-08-18 BST 06:14:36,164 - INFO -  epoch= 300      train_loss=  24.3006      val_loss= 102.4169      best=1      size= 358      nSHD_c=  10.4000      nSHD=  10.3000      tpr_c=   0.1341      change_adj_count=289      
2022-08-18 BST 06:14:42,824 - INFO -  epoch= 338      train_loss=  23.8794      val_loss=  86.9129      best=1      size= 347      nSHD_c=  10.0667      nSHD=   9.9333      tpr_c=   0.1354      change_adj_count=321      
2022-08-18 BST 06:14:53,938 - INFO -  epoch= 400      train_loss=  24.4922      val_loss= 107.0927      best=1      size= 349      nSHD_c=  10.1333      nSHD=  10.0000      tpr_c=   0.1347      change_adj_count=367      
2022-08-18 BST 06:15:06,029 - INFO -  epoch= 467      train_loss=  23.5159      val_loss=  86.7375      best=1      size= 360      nSHD_c=  10.4333      nSHD=  10.3667      tpr_c=   0.1361      change_adj_count=423      
2022-08-18 BST 06:15:11,797 - INFO -  epoch= 500      train_loss=  23.9816      val_loss= 104.9922      best=1      size= 350      nSHD_c=  10.1333      nSHD=  10.0333      tpr_c=   0.1371      change_adj_count=442      
2022-08-18 BST 06:15:28,404 - INFO -  epoch= 600      train_loss=  23.1254      val_loss=  91.0640      best=1      size= 356      nSHD_c=  10.3667      nSHD=  10.2667      tpr_c=   0.1320      change_adj_count=522      
2022-08-18 BST 06:15:38,246 - INFO -  epoch= 658      train_loss=  23.9795      val_loss=  76.7964      best=1      size= 364      nSHD_c=  10.6000      nSHD=  10.5333      tpr_c=   0.1319      change_adj_count=562      
2022-08-18 BST 06:15:45,555 - INFO -  epoch= 700      train_loss=  24.3162      val_loss= 121.0369      best=1      size= 364      nSHD_c=  10.6000      nSHD=  10.5333      tpr_c=   0.1319      change_adj_count=581      
2022-08-18 BST 06:16:00,108 - INFO -  epoch= 786      train_loss=  23.2900      val_loss=  89.1266      best=1      size= 358      nSHD_c=  10.3667      nSHD=  10.3333      tpr_c=   0.1369      change_adj_count=620      
2022-08-18 BST 06:16:02,679 - INFO -  epoch= 800      train_loss=  24.2741      val_loss=  99.0713      best=1      size= 359      nSHD_c=  10.4000      nSHD=  10.3667      tpr_c=   0.1365      change_adj_count=622      
2022-08-18 BST 06:16:21,048 - INFO -  epoch= 900      train_loss=  23.2255      val_loss=  81.4024      best=1      size= 359      nSHD_c=  10.4000      nSHD=  10.3667      tpr_c=   0.1365      change_adj_count=679      
2022-08-18 BST 06:16:38,615 - INFO -  epoch=1000      train_loss=  23.6780      val_loss=  99.5372      best=1      size= 355      nSHD_c=  10.2667      nSHD=  10.2000      tpr_c=   0.1352      change_adj_count=730      
2022-08-18 BST 06:16:38,616 - INFO - Before params
2022-08-18 BST 06:16:38,616 - INFO - After params={'MAX_SIZE': [None], 'LAMBDA': [10], 'NOISE_TEMPERATURE': [10], 'h_NULL': [0], 'h_LR': [0.0001], 'z_RHO': [0], 'z_MU': [0]}
2022-08-18 BST 06:16:38,616 - INFO - After metrics={'train_loss': [23.67803862787062], 'val_loss': [99.53717676798503], 'size': [355], 'nshd_c': [10.266666666666667], 'nshd': [10.2], 'tpr': [0.7936507936507936], 'tpr_c': [0.1352112676056338], 'change_adj_count': [730]}
2022-08-18 BST 06:16:38,637 - INFO - After to_save=  MAX_SIZE  LAMBDA  NOISE_TEMPERATURE  ...       tpr     tpr_c  change_adj_count
0     None      10                 10  ...  0.793651  0.135211               730

[1 rows x 16 columns]
2022-08-18 BST 06:16:38,637 - INFO - After file_path='../results/l_66none_4hps.csv'
2022-08-18 BST 06:16:38,640 - INFO - Last epoch results saved in l_66none_4hps.csv
2022-08-18 BST 06:16:38,640 - INFO - 

DAG 4: size_true=48	X.var()=47.3993
2022-08-18 BST 06:16:38,867 - INFO -  epoch=   1      train_loss=  27.6317      val_loss=  11.1712      best=1      size= 160      nSHD_c=   5.0667      nSHD=   5.0333      tpr_c=   0.1437      change_adj_count=5      
2022-08-18 BST 06:16:56,030 - INFO -  epoch= 100      train_loss=   9.0383      val_loss=  18.7427      best=1      size= 268      nSHD_c=   7.8667      nSHD=   7.6000      tpr_c=   0.1269      change_adj_count=104      
2022-08-18 BST 06:17:13,384 - INFO -  epoch= 200      train_loss=   8.8468      val_loss=  20.0137      best=1      size= 270      nSHD_c=   7.9333      nSHD=   7.7000      tpr_c=   0.1259      change_adj_count=200      
2022-08-18 BST 06:17:30,790 - INFO -  epoch= 300      train_loss=   8.7729      val_loss=  20.0038      best=1      size= 263      nSHD_c=   7.6333      nSHD=   7.4333      tpr_c=   0.1369      change_adj_count=293      
2022-08-18 BST 06:17:47,802 - INFO -  epoch= 400      train_loss=   8.9150      val_loss=  16.7113      best=1      size= 266      nSHD_c=   7.7333      nSHD=   7.5333      tpr_c=   0.1353      change_adj_count=383      
2022-08-18 BST 06:18:05,089 - INFO -  epoch= 500      train_loss=   8.8213      val_loss=  16.6447      best=1      size= 268      nSHD_c=   7.8333      nSHD=   7.5333      tpr_c=   0.1306      change_adj_count=472      
2022-08-18 BST 06:18:22,961 - INFO -  epoch= 600      train_loss=   8.4911      val_loss=  17.3419      best=1      size= 262      nSHD_c=   7.7333      nSHD=   7.3333      tpr_c=   0.1221      change_adj_count=548      
2022-08-18 BST 06:18:39,502 - INFO -  epoch= 700      train_loss=   8.4623      val_loss=  16.1141      best=1      size= 258      nSHD_c=   7.5000      nSHD=   7.2667      tpr_c=   0.1357      change_adj_count=621      
2022-08-18 BST 06:18:56,056 - INFO -  epoch= 800      train_loss=   8.2230      val_loss=  18.0110      best=1      size= 255      nSHD_c=   7.4000      nSHD=   7.1667      tpr_c=   0.1373      change_adj_count=683      
2022-08-18 BST 06:19:13,885 - INFO -  epoch= 900      train_loss=   8.4789      val_loss=  16.1955      best=1      size= 257      nSHD_c=   7.5667      nSHD=   7.2333      tpr_c=   0.1245      change_adj_count=738      
2022-08-18 BST 06:19:32,217 - INFO -  epoch=1000      train_loss=   8.1897      val_loss=  16.2603      best=1      size= 255      nSHD_c=   7.5333      nSHD=   7.1667      tpr_c=   0.1216      change_adj_count=809      
2022-08-18 BST 06:19:32,217 - INFO - Before params
2022-08-18 BST 06:19:32,217 - INFO - After params={'MAX_SIZE': [None], 'LAMBDA': [10], 'NOISE_TEMPERATURE': [10], 'h_NULL': [0], 'h_LR': [0.0001], 'z_RHO': [0], 'z_MU': [0]}
2022-08-18 BST 06:19:32,217 - INFO - After metrics={'train_loss': [8.189671485654769], 'val_loss': [16.260265827178955], 'size': [255], 'nshd_c': [7.533333333333333], 'nshd': [7.166666666666667], 'tpr': [0.875], 'tpr_c': [0.12156862745098039], 'change_adj_count': [809]}
2022-08-18 BST 06:19:32,235 - INFO - After to_save=  MAX_SIZE  LAMBDA  NOISE_TEMPERATURE  ...    tpr     tpr_c  change_adj_count
0     None      10                 10  ...  0.875  0.121569               809

[1 rows x 16 columns]
2022-08-18 BST 06:19:32,235 - INFO - After file_path='../results/l_66none_4hps.csv'
2022-08-18 BST 06:19:32,236 - INFO - Last epoch results saved in l_66none_4hps.csv
2022-08-18 BST 06:19:32,237 - INFO - 

DAG 5: size_true=57	X.var()=54.7286
2022-08-18 BST 06:19:32,459 - INFO -  epoch=   1      train_loss=  41.0763      val_loss=  23.6129      best=1      size= 139      nSHD_c=   4.8000      nSHD=   4.6667      tpr_c=   0.1151      change_adj_count=5      
2022-08-18 BST 06:19:32,685 - INFO -  epoch=   2      train_loss=  26.2747      val_loss=  14.1033      best=1      size= 178      nSHD_c=   5.2667      nSHD=   5.2333      tpr_c=   0.1742      change_adj_count=6      
2022-08-18 BST 06:19:49,875 - INFO -  epoch= 100      train_loss=  11.6095      val_loss=  20.2796      best=1      size= 299      nSHD_c=   8.4667      nSHD=   8.4000      tpr_c=   0.1538      change_adj_count=104      
2022-08-18 BST 06:20:07,520 - INFO -  epoch= 200      train_loss=  11.0465      val_loss=  12.2858      best=1      size= 311      nSHD_c=   8.8667      nSHD=   8.8333      tpr_c=   0.1479      change_adj_count=200      
2022-08-18 BST 06:20:24,576 - INFO -  epoch= 300      train_loss=  10.8647      val_loss=  10.8001      best=1      size= 311      nSHD_c=   8.8667      nSHD=   8.8333      tpr_c=   0.1479      change_adj_count=294      
2022-08-18 BST 06:20:41,583 - INFO -  epoch= 400      train_loss=  10.6020      val_loss=  10.5099      best=1      size= 319      nSHD_c=   9.1333      nSHD=   9.1000      tpr_c=   0.1442      change_adj_count=379      
2022-08-18 BST 06:20:59,295 - INFO -  epoch= 500      train_loss=  10.9892      val_loss=  10.2941      best=1      size= 311      nSHD_c=   8.9333      nSHD=   8.9000      tpr_c=   0.1447      change_adj_count=453      
2022-08-18 BST 06:21:16,986 - INFO -  epoch= 600      train_loss=  11.3789      val_loss=  11.0524      best=1      size= 315      nSHD_c=   9.1000      nSHD=   9.0333      tpr_c=   0.1397      change_adj_count=531      
2022-08-18 BST 06:21:33,690 - INFO -  epoch= 700      train_loss=  10.2080      val_loss=   9.8972      best=1      size= 315      nSHD_c=   9.1000      nSHD=   9.0333      tpr_c=   0.1397      change_adj_count=599      
2022-08-18 BST 06:21:51,136 - INFO -  epoch= 800      train_loss=  10.6741      val_loss=   8.7042      best=1      size= 314      nSHD_c=   9.0000      nSHD=   8.9333      tpr_c=   0.1433      change_adj_count=655      
2022-08-18 BST 06:22:07,877 - INFO -  epoch= 900      train_loss=  10.3727      val_loss=   9.0629      best=1      size= 318      nSHD_c=   9.1333      nSHD=   9.0667      tpr_c=   0.1415      change_adj_count=719      
2022-08-18 BST 06:22:25,082 - INFO -  epoch=1000      train_loss=  10.0661      val_loss=   8.8750      best=1      size= 310      nSHD_c=   8.8333      nSHD=   8.8000      tpr_c=   0.1484      change_adj_count=783      
2022-08-18 BST 06:22:25,083 - INFO - Before params
2022-08-18 BST 06:22:25,083 - INFO - After params={'MAX_SIZE': [None], 'LAMBDA': [10], 'NOISE_TEMPERATURE': [10], 'h_NULL': [0], 'h_LR': [0.0001], 'z_RHO': [0], 'z_MU': [0]}
2022-08-18 BST 06:22:25,083 - INFO - After metrics={'train_loss': [10.06612588513282], 'val_loss': [8.874991416931152], 'size': [310], 'nshd_c': [8.833333333333334], 'nshd': [8.8], 'tpr': [0.8245614035087719], 'tpr_c': [0.14838709677419354], 'change_adj_count': [783]}
2022-08-18 BST 06:22:25,102 - INFO - After to_save=  MAX_SIZE  LAMBDA  NOISE_TEMPERATURE  ...       tpr     tpr_c  change_adj_count
0     None      10                 10  ...  0.824561  0.148387               783

[1 rows x 16 columns]
2022-08-18 BST 06:22:25,102 - INFO - After file_path='../results/l_66none_4hps.csv'
2022-08-18 BST 06:22:25,105 - INFO - Last epoch results saved in l_66none_4hps.csv
2022-08-18 BST 06:22:25,106 - INFO - 

DAG 6: size_true=64	X.var()=29.7229
2022-08-18 BST 06:22:25,378 - INFO -  epoch=   1      train_loss=  15.8435      val_loss=   9.2283      best=1      size= 197      nSHD_c=   6.1000      nSHD=   6.1000      tpr_c=   0.1624      change_adj_count=5      
2022-08-18 BST 06:22:42,306 - INFO -  epoch= 100      train_loss=   6.2542      val_loss=   9.8656      best=1      size= 358      nSHD_c=  10.2333      nSHD=  10.1667      tpr_c=   0.1480      change_adj_count=104      
2022-08-18 BST 06:22:59,872 - INFO -  epoch= 200      train_loss=   6.1197      val_loss=  10.1981      best=1      size= 357      nSHD_c=  10.2000      nSHD=  10.1667      tpr_c=   0.1513      change_adj_count=202      
2022-08-18 BST 06:23:17,891 - INFO -  epoch= 300      train_loss=   6.4049      val_loss=   9.0604      best=1      size= 368      nSHD_c=  10.7000      nSHD=  10.5667      tpr_c=   0.1359      change_adj_count=300      
2022-08-18 BST 06:23:35,776 - INFO -  epoch= 400      train_loss=   6.2494      val_loss=   9.1560      best=1      size= 366      nSHD_c=  10.5667      nSHD=  10.5000      tpr_c=   0.1421      change_adj_count=390      
2022-08-18 BST 06:23:51,874 - INFO -  epoch= 500      train_loss=   5.8943      val_loss=   9.2221      best=1      size= 365      nSHD_c=  10.4000      nSHD=  10.4000      tpr_c=   0.1507      change_adj_count=465      
2022-08-18 BST 06:24:07,105 - INFO -  epoch= 600      train_loss=   5.9201      val_loss=   8.7944      best=1      size= 364      nSHD_c=  10.4333      nSHD=  10.4333      tpr_c=   0.1484      change_adj_count=543      
2022-08-18 BST 06:24:23,402 - INFO -  epoch= 700      train_loss=   6.0738      val_loss=   9.4527      best=1      size= 360      nSHD_c=  10.3333      nSHD=  10.3000      tpr_c=   0.1472      change_adj_count=616      
2022-08-18 BST 06:24:40,670 - INFO -  epoch= 800      train_loss=   5.9300      val_loss=   9.1521      best=1      size= 360      nSHD_c=  10.2333      nSHD=  10.2000      tpr_c=   0.1528      change_adj_count=673      
2022-08-18 BST 06:24:58,928 - INFO -  epoch= 900      train_loss=   5.8483      val_loss=   7.7933      best=1      size= 363      nSHD_c=  10.3000      nSHD=  10.2333      tpr_c=   0.1515      change_adj_count=718      
2022-08-18 BST 06:25:16,204 - INFO -  epoch=1000      train_loss=   5.9430      val_loss=   8.5303      best=1      size= 359      nSHD_c=  10.2000      nSHD=  10.1667      tpr_c=   0.1532      change_adj_count=767      
2022-08-18 BST 06:25:16,205 - INFO - Before params
2022-08-18 BST 06:25:16,205 - INFO - After params={'MAX_SIZE': [None], 'LAMBDA': [10], 'NOISE_TEMPERATURE': [10], 'h_NULL': [0], 'h_LR': [0.0001], 'z_RHO': [0], 'z_MU': [0]}
2022-08-18 BST 06:25:16,205 - INFO - After metrics={'train_loss': [5.942989380128922], 'val_loss': [8.53029727935791], 'size': [359], 'nshd_c': [10.2], 'nshd': [10.166666666666666], 'tpr': [0.875], 'tpr_c': [0.1532033426183844], 'change_adj_count': [767]}
2022-08-18 BST 06:25:16,223 - INFO - After to_save=  MAX_SIZE  LAMBDA  NOISE_TEMPERATURE  ...    tpr     tpr_c  change_adj_count
0     None      10                 10  ...  0.875  0.153203               767

[1 rows x 16 columns]
2022-08-18 BST 06:25:16,223 - INFO - After file_path='../results/l_66none_4hps.csv'
2022-08-18 BST 06:25:16,226 - INFO - Last epoch results saved in l_66none_4hps.csv
2022-08-18 BST 06:25:16,227 - INFO - 

DAG 7: size_true=62	X.var()=55.6800
2022-08-18 BST 06:25:16,475 - INFO -  epoch=   1      train_loss=  24.8359      val_loss=  11.8270      best=1      size= 182      nSHD_c=   5.8000      nSHD=   5.7333      tpr_c=   0.1484      change_adj_count=5      
2022-08-18 BST 06:25:33,809 - INFO -  epoch= 100      train_loss=   7.1784      val_loss=  23.9815      best=1      size= 347      nSHD_c=   9.9333      nSHD=   9.8667      tpr_c=   0.1470      change_adj_count=104      
2022-08-18 BST 06:25:51,378 - INFO -  epoch= 200      train_loss=   7.1606      val_loss=  23.0398      best=1      size= 347      nSHD_c=   9.8667      nSHD=   9.8000      tpr_c=   0.1470      change_adj_count=203      
2022-08-18 BST 06:26:08,939 - INFO -  epoch= 300      train_loss=   7.1870      val_loss=  25.7743      best=1      size= 350      nSHD_c=  10.0333      nSHD=   9.9667      tpr_c=   0.1429      change_adj_count=290      
2022-08-18 BST 06:26:26,653 - INFO -  epoch= 400      train_loss=   6.9012      val_loss=  20.5189      best=1      size= 352      nSHD_c=  10.1000      nSHD=  10.0333      tpr_c=   0.1420      change_adj_count=375      
2022-08-18 BST 06:26:43,637 - INFO -  epoch= 500      train_loss=   7.1591      val_loss=  26.8374      best=1      size= 350      nSHD_c=  10.1000      nSHD=  10.0333      tpr_c=   0.1400      change_adj_count=440      
2022-08-18 BST 06:27:01,343 - INFO -  epoch= 600      train_loss=   6.9195      val_loss=  21.2416      best=1      size= 350      nSHD_c=  10.0333      nSHD=   9.9667      tpr_c=   0.1429      change_adj_count=523      
2022-08-18 BST 06:27:18,111 - INFO -  epoch= 700      train_loss=   7.0576      val_loss=  26.5139      best=1      size= 353      nSHD_c=  10.1333      nSHD=  10.0667      tpr_c=   0.1416      change_adj_count=603      
2022-08-18 BST 06:27:35,731 - INFO -  epoch= 800      train_loss=   6.9218      val_loss=  19.2972      best=1      size= 354      nSHD_c=  10.1667      nSHD=  10.1000      tpr_c=   0.1412      change_adj_count=674      
2022-08-18 BST 06:27:52,606 - INFO -  epoch= 900      train_loss=   6.5954      val_loss=  20.0424      best=1      size= 354      nSHD_c=  10.1667      nSHD=  10.1000      tpr_c=   0.1412      change_adj_count=723      
2022-08-18 BST 06:28:09,821 - INFO -  epoch=1000      train_loss=   6.9842      val_loss=  23.4930      best=1      size= 349      nSHD_c=  10.0000      nSHD=   9.9333      tpr_c=   0.1433      change_adj_count=767      
2022-08-18 BST 06:28:09,822 - INFO - Before params
2022-08-18 BST 06:28:09,823 - INFO - After params={'MAX_SIZE': [None], 'LAMBDA': [10], 'NOISE_TEMPERATURE': [10], 'h_NULL': [0], 'h_LR': [0.0001], 'z_RHO': [0], 'z_MU': [0]}
2022-08-18 BST 06:28:09,823 - INFO - After metrics={'train_loss': [6.984244654255528], 'val_loss': [23.493030548095703], 'size': [349], 'nshd_c': [10.0], 'nshd': [9.933333333333334], 'tpr': [0.8387096774193549], 'tpr_c': [0.14326647564469913], 'change_adj_count': [767]}
2022-08-18 BST 06:28:09,840 - INFO - After to_save=  MAX_SIZE  LAMBDA  NOISE_TEMPERATURE  ...      tpr     tpr_c  change_adj_count
0     None      10                 10  ...  0.83871  0.143266               767

[1 rows x 16 columns]
2022-08-18 BST 06:28:09,841 - INFO - After file_path='../results/l_66none_4hps.csv'
2022-08-18 BST 06:28:09,843 - INFO - Last epoch results saved in l_66none_4hps.csv
2022-08-18 BST 06:28:09,843 - INFO - 

DAG 8: size_true=63	X.var()=39.3378
2022-08-18 BST 06:28:10,074 - INFO -  epoch=   1      train_loss=  23.6059      val_loss=  12.9974      best=1      size= 176      nSHD_c=   5.7667      nSHD=   5.7333      tpr_c=   0.1364      change_adj_count=5      
2022-08-18 BST 06:28:27,374 - INFO -  epoch= 100      train_loss=   8.0165      val_loss=  12.6131      best=1      size= 330      nSHD_c=   9.2667      nSHD=   9.1333      tpr_c=   0.1576      change_adj_count=104      
2022-08-18 BST 06:28:44,130 - INFO -  epoch= 200      train_loss=   7.4968      val_loss=  11.6789      best=1      size= 337      nSHD_c=   9.4333      nSHD=   9.3333      tpr_c=   0.1602      change_adj_count=202      
2022-08-18 BST 06:29:01,159 - INFO -  epoch= 300      train_loss=   7.7130      val_loss=  11.6093      best=1      size= 336      nSHD_c=   9.3667      nSHD=   9.2667      tpr_c=   0.1637      change_adj_count=292      
2022-08-18 BST 06:29:18,704 - INFO -  epoch= 400      train_loss=   7.4296      val_loss=  12.5038      best=1      size= 332      nSHD_c=   9.3000      nSHD=   9.1667      tpr_c=   0.1596      change_adj_count=380      
2022-08-18 BST 06:29:35,342 - INFO -  epoch= 500      train_loss=   7.6061      val_loss=  11.0015      best=1      size= 327      nSHD_c=   9.1333      nSHD=   9.0333      tpr_c=   0.1621      change_adj_count=466      
2022-08-18 BST 06:29:52,038 - INFO -  epoch= 600      train_loss=   7.3914      val_loss=  10.6526      best=1      size= 327      nSHD_c=   9.1667      nSHD=   9.0667      tpr_c=   0.1590      change_adj_count=549      
2022-08-18 BST 06:30:07,880 - INFO -  epoch= 700      train_loss=   7.4279      val_loss=  10.5808      best=1      size= 333      nSHD_c=   9.3667      nSHD=   9.2667      tpr_c=   0.1562      change_adj_count=620      
2022-08-18 BST 06:30:22,996 - INFO -  epoch= 800      train_loss=   7.4077      val_loss=   9.1857      best=1      size= 331      nSHD_c=   9.2667      nSHD=   9.2000      tpr_c=   0.1601      change_adj_count=697      
2022-08-18 BST 06:30:38,500 - INFO -  epoch= 900      train_loss=   7.0848      val_loss=  10.6476      best=1      size= 333      nSHD_c=   9.3333      nSHD=   9.2667      tpr_c=   0.1592      change_adj_count=768      
2022-08-18 BST 06:30:56,237 - INFO -  epoch=1000      train_loss=   7.0263      val_loss=   9.1540      best=1      size= 331      nSHD_c=   9.2667      nSHD=   9.2000      tpr_c=   0.1601      change_adj_count=814      
2022-08-18 BST 06:30:56,238 - INFO - Before params
2022-08-18 BST 06:30:56,238 - INFO - After params={'MAX_SIZE': [None], 'LAMBDA': [10], 'NOISE_TEMPERATURE': [10], 'h_NULL': [0], 'h_LR': [0.0001], 'z_RHO': [0], 'z_MU': [0]}
2022-08-18 BST 06:30:56,238 - INFO - After metrics={'train_loss': [7.026286632783951], 'val_loss': [9.154044310251871], 'size': [331], 'nshd_c': [9.266666666666667], 'nshd': [9.2], 'tpr': [0.873015873015873], 'tpr_c': [0.16012084592145015], 'change_adj_count': [814]}
2022-08-18 BST 06:30:56,257 - INFO - After to_save=  MAX_SIZE  LAMBDA  NOISE_TEMPERATURE  ...       tpr     tpr_c  change_adj_count
0     None      10                 10  ...  0.873016  0.160121               814

[1 rows x 16 columns]
2022-08-18 BST 06:30:56,257 - INFO - After file_path='../results/l_66none_4hps.csv'
2022-08-18 BST 06:30:56,259 - INFO - Last epoch results saved in l_66none_4hps.csv
2022-08-18 BST 06:30:56,260 - INFO - 

DAG 9: size_true=61	X.var()=94.6254
2022-08-18 BST 06:30:56,469 - INFO -  epoch=   1      train_loss=  44.9867      val_loss=  25.3427      best=1      size= 201      nSHD_c=   6.3000      nSHD=   6.2333      tpr_c=   0.1443      change_adj_count=5      
2022-08-18 BST 06:30:56,761 - INFO -  epoch=   2      train_loss=  19.2500      val_loss=  26.6559      best=1      size= 240      nSHD_c=   7.2333      nSHD=   7.1667      tpr_c=   0.1583      change_adj_count=6      
2022-08-18 BST 06:30:57,022 - INFO -  epoch=   3      train_loss=  15.0616      val_loss=  29.2430      best=1      size= 264      nSHD_c=   7.7333      nSHD=   7.6667      tpr_c=   0.1515      change_adj_count=7      
2022-08-18 BST 06:31:14,302 - INFO -  epoch= 100      train_loss=  12.5735      val_loss=  36.0972      best=1      size= 356      nSHD_c=  10.3667      nSHD=  10.2667      tpr_c=   0.1292      change_adj_count=104      
2022-08-18 BST 06:31:31,293 - INFO -  epoch= 200      train_loss=  12.8157      val_loss=  32.7088      best=1      size= 353      nSHD_c=  10.3333      nSHD=  10.1667      tpr_c=   0.1246      change_adj_count=192      
2022-08-18 BST 06:31:49,002 - INFO -  epoch= 300      train_loss=  13.2501      val_loss=  31.4263      best=1      size= 353      nSHD_c=  10.3000      nSHD=  10.1667      tpr_c=   0.1275      change_adj_count=282      
2022-08-18 BST 06:32:07,252 - INFO -  epoch= 400      train_loss=  12.5341      val_loss=  35.3573      best=1      size= 351      nSHD_c=  10.2000      nSHD=  10.1000      tpr_c=   0.1311      change_adj_count=368      
2022-08-18 BST 06:32:24,667 - INFO -  epoch= 500      train_loss=  12.4982      val_loss=  39.9722      best=1      size= 354      nSHD_c=  10.4000      nSHD=  10.2333      tpr_c=   0.1243      change_adj_count=450      
2022-08-18 BST 06:32:41,871 - INFO -  epoch= 600      train_loss=  12.8938      val_loss=  31.3413      best=1      size= 351      nSHD_c=  10.2667      nSHD=  10.1333      tpr_c=   0.1282      change_adj_count=526      
2022-08-18 BST 06:32:59,485 - INFO -  epoch= 700      train_loss=  12.5576      val_loss=  26.9116      best=1      size= 354      nSHD_c=  10.2667      nSHD=  10.1000      tpr_c=   0.1299      change_adj_count=590      
2022-08-18 BST 06:33:14,860 - INFO -  epoch= 788      train_loss=  12.3367      val_loss=  26.4236      best=1      size= 353      nSHD_c=  10.2000      nSHD=  10.0667      tpr_c=   0.1331      change_adj_count=654      
2022-08-18 BST 06:33:16,989 - INFO -  epoch= 800      train_loss=  12.0665      val_loss=  30.2891      best=1      size= 352      nSHD_c=  10.2333      nSHD=  10.1000      tpr_c=   0.1307      change_adj_count=659      
2022-08-18 BST 06:33:21,578 - INFO -  epoch= 826      train_loss=  12.5461      val_loss=  26.3950      best=1      size= 353      nSHD_c=  10.2667      nSHD=  10.1333      tpr_c=   0.1303      change_adj_count=674      
2022-08-18 BST 06:33:33,909 - INFO -  epoch= 900      train_loss=  11.9446      val_loss=  24.2145      best=1      size= 351      nSHD_c=  10.2000      nSHD=  10.0667      tpr_c=   0.1311      change_adj_count=727      
2022-08-18 BST 06:33:35,320 - INFO -  epoch= 908      train_loss=  12.1744      val_loss=  26.1815      best=1      size= 352      nSHD_c=  10.2333      nSHD=  10.1000      tpr_c=   0.1307      change_adj_count=735      
2022-08-18 BST 06:33:51,447 - INFO -  epoch=1000      train_loss=  11.5949      val_loss=  22.1304      best=1      size= 352      nSHD_c=  10.2667      nSHD=  10.1333      tpr_c=   0.1278      change_adj_count=798      
2022-08-18 BST 06:33:51,448 - INFO - Before params
2022-08-18 BST 06:33:51,448 - INFO - After params={'MAX_SIZE': [None], 'LAMBDA': [10], 'NOISE_TEMPERATURE': [10], 'h_NULL': [0], 'h_LR': [0.0001], 'z_RHO': [0], 'z_MU': [0]}
2022-08-18 BST 06:33:51,448 - INFO - After metrics={'train_loss': [11.594946892030778], 'val_loss': [22.130406697591145], 'size': [352], 'nshd_c': [10.266666666666667], 'nshd': [10.133333333333333], 'tpr': [0.8032786885245902], 'tpr_c': [0.1278409090909091], 'change_adj_count': [798]}
2022-08-18 BST 06:33:51,480 - INFO - After to_save=  MAX_SIZE  LAMBDA  NOISE_TEMPERATURE  ...       tpr     tpr_c  change_adj_count
0     None      10                 10  ...  0.803279  0.127841               798

[1 rows x 16 columns]
2022-08-18 BST 06:33:51,481 - INFO - After file_path='../results/l_66none_4hps.csv'
2022-08-18 BST 06:33:51,484 - INFO - Last epoch results saved in l_66none_4hps.csv
2022-08-18 BST 06:33:51,485 - INFO - 

DAG 10: size_true=51	X.var()=18.9170
2022-08-18 BST 06:33:51,748 - INFO -  epoch=   1      train_loss=  11.5964      val_loss=   6.9103      best=1      size= 138      nSHD_c=   4.4667      nSHD=   4.4333      tpr_c=   0.1594      change_adj_count=5      
2022-08-18 BST 06:34:08,834 - INFO -  epoch= 100      train_loss=   4.8520      val_loss=   5.4386      best=1      size= 307      nSHD_c=   8.9667      nSHD=   8.7667      tpr_c=   0.1238      change_adj_count=104      
2022-08-18 BST 06:34:27,026 - INFO -  epoch= 200      train_loss=   4.8664      val_loss=   5.7434      best=1      size= 299      nSHD_c=   8.7000      nSHD=   8.5000      tpr_c=   0.1304      change_adj_count=202      
2022-08-18 BST 06:34:45,062 - INFO -  epoch= 300      train_loss=   4.8715      val_loss=   5.6449      best=1      size= 292      nSHD_c=   8.4667      nSHD=   8.3000      tpr_c=   0.1336      change_adj_count=294      
2022-08-18 BST 06:35:03,143 - INFO -  epoch= 400      train_loss=   4.8973      val_loss=   5.6073      best=1      size= 290      nSHD_c=   8.3667      nSHD=   8.2333      tpr_c=   0.1379      change_adj_count=386      
2022-08-18 BST 06:35:20,722 - INFO -  epoch= 500      train_loss=   4.7403      val_loss=   5.3736      best=1      size= 294      nSHD_c=   8.5000      nSHD=   8.3333      tpr_c=   0.1361      change_adj_count=474      
2022-08-18 BST 06:35:38,082 - INFO -  epoch= 600      train_loss=   4.7009      val_loss=   5.0470      best=1      size= 287      nSHD_c=   8.3000      nSHD=   8.1333      tpr_c=   0.1359      change_adj_count=540      
2022-08-18 BST 06:35:55,124 - INFO -  epoch= 700      train_loss=   4.7707      val_loss=   5.2394      best=1      size= 293      nSHD_c=   8.5000      nSHD=   8.3333      tpr_c=   0.1331      change_adj_count=619      
2022-08-18 BST 06:36:13,054 - INFO -  epoch= 800      train_loss=   4.6952      val_loss=   5.0344      best=1      size= 295      nSHD_c=   8.5000      nSHD=   8.3333      tpr_c=   0.1356      change_adj_count=698      
2022-08-18 BST 06:36:30,425 - INFO -  epoch= 900      train_loss=   4.6482      val_loss=   4.7331      best=1      size= 305      nSHD_c=   8.8000      nSHD=   8.6667      tpr_c=   0.1344      change_adj_count=774      
2022-08-18 BST 06:36:48,019 - INFO -  epoch=1000      train_loss=   4.6714      val_loss=   4.8852      best=1      size= 303      nSHD_c=   8.7667      nSHD=   8.6000      tpr_c=   0.1320      change_adj_count=835      
2022-08-18 BST 06:36:48,019 - INFO - Before params
2022-08-18 BST 06:36:48,020 - INFO - After params={'MAX_SIZE': [None], 'LAMBDA': [10], 'NOISE_TEMPERATURE': [10], 'h_NULL': [0], 'h_LR': [0.0001], 'z_RHO': [0], 'z_MU': [0]}
2022-08-18 BST 06:36:48,020 - INFO - After metrics={'train_loss': [4.671384657582929], 'val_loss': [4.885196129480998], 'size': [303], 'nshd_c': [8.766666666666667], 'nshd': [8.6], 'tpr': [0.8823529411764706], 'tpr_c': [0.132013201320132], 'change_adj_count': [835]}
2022-08-18 BST 06:36:48,038 - INFO - After to_save=  MAX_SIZE  LAMBDA  NOISE_TEMPERATURE  ...       tpr     tpr_c  change_adj_count
0     None      10                 10  ...  0.882353  0.132013               835

[1 rows x 16 columns]
2022-08-18 BST 06:36:48,038 - INFO - After file_path='../results/l_66none_4hps.csv'
2022-08-18 BST 06:36:48,040 - INFO - Last epoch results saved in l_66none_4hps.csv
2022-08-18 BST 06:36:48,040 - INFO - 

DAG 11: size_true=68	X.var()=127.5135
2022-08-18 BST 06:36:48,252 - INFO -  epoch=   1      train_loss=  67.9875      val_loss=  29.3900      best=1      size= 177      nSHD_c=   6.0667      nSHD=   6.0667      tpr_c=   0.1356      change_adj_count=5      
2022-08-18 BST 06:37:05,591 - INFO -  epoch= 100      train_loss=  16.7301      val_loss=  38.2357      best=1      size= 339      nSHD_c=   9.6000      nSHD=   9.5333      tpr_c=   0.1563      change_adj_count=103      
2022-08-18 BST 06:37:22,961 - INFO -  epoch= 200      train_loss=  16.7874      val_loss=  35.9490      best=1      size= 341      nSHD_c=   9.6000      nSHD=   9.5333      tpr_c=   0.1613      change_adj_count=198      
2022-08-18 BST 06:37:39,992 - INFO -  epoch= 300      train_loss=  16.3454      val_loss=  45.4218      best=1      size= 337      nSHD_c=   9.4000      nSHD=   9.3667      tpr_c=   0.1691      change_adj_count=293      
2022-08-18 BST 06:37:58,595 - INFO -  epoch= 400      train_loss=  15.9173      val_loss=  43.1623      best=1      size= 339      nSHD_c=   9.4333      nSHD=   9.4000      tpr_c=   0.1681      change_adj_count=367      
2022-08-18 BST 06:38:15,533 - INFO -  epoch= 500      train_loss=  17.0183      val_loss=  35.8255      best=1      size= 329      nSHD_c=   9.1333      nSHD=   9.1000      tpr_c=   0.1702      change_adj_count=441      
2022-08-18 BST 06:38:33,330 - INFO -  epoch= 600      train_loss=  16.6591      val_loss=  29.4007      best=1      size= 329      nSHD_c=   9.1333      nSHD=   9.1000      tpr_c=   0.1702      change_adj_count=512      
2022-08-18 BST 06:38:49,646 - INFO -  epoch= 700      train_loss=  15.6590      val_loss=  39.7584      best=1      size= 322      nSHD_c=   8.9000      nSHD=   8.8667      tpr_c=   0.1770      change_adj_count=582      
2022-08-18 BST 06:39:06,287 - INFO -  epoch= 800      train_loss=  14.8388      val_loss=  37.4916      best=1      size= 322      nSHD_c=   8.9000      nSHD=   8.8667      tpr_c=   0.1770      change_adj_count=634      
2022-08-18 BST 06:39:21,794 - INFO -  epoch= 900      train_loss=  15.5236      val_loss=  39.4320      best=1      size= 325      nSHD_c=   8.9667      nSHD=   8.9333      tpr_c=   0.1785      change_adj_count=684      
2022-08-18 BST 06:39:38,149 - INFO -  epoch=1000      train_loss=  15.7351      val_loss=  26.1475      best=1      size= 322      nSHD_c=   8.9000      nSHD=   8.8667      tpr_c=   0.1770      change_adj_count=728      
2022-08-18 BST 06:39:38,149 - INFO - Before params
2022-08-18 BST 06:39:38,150 - INFO - After params={'MAX_SIZE': [None], 'LAMBDA': [10], 'NOISE_TEMPERATURE': [10], 'h_NULL': [0], 'h_LR': [0.0001], 'z_RHO': [0], 'z_MU': [0]}
2022-08-18 BST 06:39:38,150 - INFO - After metrics={'train_loss': [15.735051278145082], 'val_loss': [26.147478421529133], 'size': [322], 'nshd_c': [8.9], 'nshd': [8.866666666666667], 'tpr': [0.8529411764705882], 'tpr_c': [0.17701863354037267], 'change_adj_count': [728]}
2022-08-18 BST 06:39:38,166 - INFO - After to_save=  MAX_SIZE  LAMBDA  NOISE_TEMPERATURE  ...       tpr     tpr_c  change_adj_count
0     None      10                 10  ...  0.852941  0.177019               728

[1 rows x 16 columns]
2022-08-18 BST 06:39:38,166 - INFO - After file_path='../results/l_66none_4hps.csv'
2022-08-18 BST 06:39:38,168 - INFO - Last epoch results saved in l_66none_4hps.csv
2022-08-18 BST 06:39:38,168 - INFO - 

DAG 12: size_true=53	X.var()=15.8398
2022-08-18 BST 06:39:38,384 - INFO -  epoch=   1      train_loss=  10.1048      val_loss=   5.6075      best=1      size= 112      nSHD_c=   3.7667      nSHD=   3.7667      tpr_c=   0.1786      change_adj_count=5      
2022-08-18 BST 06:39:38,619 - INFO -  epoch=   2      train_loss=   5.9068      val_loss=   4.1859      best=1      size= 151      nSHD_c=   4.2667      nSHD=   4.2333      tpr_c=   0.1987      change_adj_count=6      
2022-08-18 BST 06:39:54,170 - INFO -  epoch= 100      train_loss=   4.1860      val_loss=   4.7722      best=1      size= 284      nSHD_c=   8.1000      nSHD=   7.9333      tpr_c=   0.1479      change_adj_count=104      
2022-08-18 BST 06:40:09,649 - INFO -  epoch= 200      train_loss=   4.0834      val_loss=   4.4405      best=1      size= 283      nSHD_c=   8.1333      nSHD=   8.0333      tpr_c=   0.1449      change_adj_count=203      
2022-08-18 BST 06:40:25,370 - INFO -  epoch= 300      train_loss=   4.2144      val_loss=   5.0856      best=1      size= 297      nSHD_c=   8.6333      nSHD=   8.5000      tpr_c=   0.1347      change_adj_count=292      
2022-08-18 BST 06:40:40,315 - INFO -  epoch= 400      train_loss=   4.0238      val_loss=   4.6953      best=1      size= 287      nSHD_c=   8.3000      nSHD=   8.2333      tpr_c=   0.1394      change_adj_count=376      
2022-08-18 BST 06:40:57,207 - INFO -  epoch= 500      train_loss=   4.1165      val_loss=   4.7591      best=1      size= 293      nSHD_c=   8.5000      nSHD=   8.3667      tpr_c=   0.1365      change_adj_count=460      
2022-08-18 BST 06:41:12,737 - INFO -  epoch= 600      train_loss=   3.9616      val_loss=   3.8903      best=1      size= 294      nSHD_c=   8.5333      nSHD=   8.4000      tpr_c=   0.1361      change_adj_count=532      
2022-08-18 BST 06:41:26,903 - INFO -  epoch= 700      train_loss=   3.9551      val_loss=   4.0839      best=1      size= 284      nSHD_c=   8.2000      nSHD=   8.0667      tpr_c=   0.1408      change_adj_count=611      
2022-08-18 BST 06:41:42,772 - INFO -  epoch= 800      train_loss=   4.0441      val_loss=   4.1530      best=1      size= 290      nSHD_c=   8.4000      nSHD=   8.2667      tpr_c=   0.1379      change_adj_count=688      
2022-08-18 BST 06:41:58,533 - INFO -  epoch= 900      train_loss=   4.0070      val_loss=   3.7200      best=1      size= 290      nSHD_c=   8.4000      nSHD=   8.2667      tpr_c=   0.1379      change_adj_count=762      
2022-08-18 BST 06:42:14,226 - INFO -  epoch=1000      train_loss=   3.9259      val_loss=   3.8407      best=1      size= 290      nSHD_c=   8.4000      nSHD=   8.2667      tpr_c=   0.1379      change_adj_count=825      
2022-08-18 BST 06:42:14,227 - INFO - Before params
2022-08-18 BST 06:42:14,227 - INFO - After params={'MAX_SIZE': [None], 'LAMBDA': [10], 'NOISE_TEMPERATURE': [10], 'h_NULL': [0], 'h_LR': [0.0001], 'z_RHO': [0], 'z_MU': [0]}
2022-08-18 BST 06:42:14,227 - INFO - After metrics={'train_loss': [3.92592373201924], 'val_loss': [3.840668042500814], 'size': [290], 'nshd_c': [8.4], 'nshd': [8.266666666666667], 'tpr': [0.8301886792452831], 'tpr_c': [0.13793103448275862], 'change_adj_count': [825]}
2022-08-18 BST 06:42:14,244 - INFO - After to_save=  MAX_SIZE  LAMBDA  NOISE_TEMPERATURE  ...       tpr     tpr_c  change_adj_count
0     None      10                 10  ...  0.830189  0.137931               825

[1 rows x 16 columns]
2022-08-18 BST 06:42:14,244 - INFO - After file_path='../results/l_66none_4hps.csv'
2022-08-18 BST 06:42:14,247 - INFO - Last epoch results saved in l_66none_4hps.csv
2022-08-18 BST 06:42:14,247 - INFO - 

DAG 13: size_true=53	X.var()=112.2632
2022-08-18 BST 06:42:14,459 - INFO -  epoch=   1      train_loss=  62.8645      val_loss=  22.1718      best=1      size= 143      nSHD_c=   4.6000      nSHD=   4.5333      tpr_c=   0.1678      change_adj_count=5      
2022-08-18 BST 06:42:29,630 - INFO -  epoch= 100      train_loss=  13.1573      val_loss=  42.1006      best=1      size= 299      nSHD_c=   8.5000      nSHD=   8.4000      tpr_c=   0.1538      change_adj_count=103      
2022-08-18 BST 06:42:45,731 - INFO -  epoch= 200      train_loss=  13.2313      val_loss=  41.4870      best=1      size= 297      nSHD_c=   8.4000      nSHD=   8.3667      tpr_c=   0.1582      change_adj_count=200      
2022-08-18 BST 06:43:01,551 - INFO -  epoch= 300      train_loss=  13.0030      val_loss=  33.6080      best=1      size= 292      nSHD_c=   8.2333      nSHD=   8.2000      tpr_c=   0.1610      change_adj_count=296      
2022-08-18 BST 06:43:15,756 - INFO -  epoch= 400      train_loss=  13.2669      val_loss=  36.5785      best=1      size= 291      nSHD_c=   8.2000      nSHD=   8.1667      tpr_c=   0.1615      change_adj_count=380      
2022-08-18 BST 06:43:31,799 - INFO -  epoch= 500      train_loss=  13.7824      val_loss=  34.7806      best=1      size= 287      nSHD_c=   8.0333      nSHD=   8.0333      tpr_c=   0.1638      change_adj_count=456      
2022-08-18 BST 06:43:47,980 - INFO -  epoch= 600      train_loss=  12.9098      val_loss=  35.9653      best=1      size= 290      nSHD_c=   8.1333      nSHD=   8.1333      tpr_c=   0.1621      change_adj_count=534      
2022-08-18 BST 06:44:03,409 - INFO -  epoch= 700      train_loss=  12.9837      val_loss=  36.4614      best=1      size= 282      nSHD_c=   8.0333      nSHD=   7.9333      tpr_c=   0.1525      change_adj_count=607      
2022-08-18 BST 06:44:19,663 - INFO -  epoch= 800      train_loss=  12.8621      val_loss=  35.8046      best=1      size= 288      nSHD_c=   8.1333      nSHD=   8.1333      tpr_c=   0.1597      change_adj_count=674      
2022-08-18 BST 06:44:36,426 - INFO -  epoch= 900      train_loss=  12.8237      val_loss=  30.4739      best=1      size= 287      nSHD_c=   8.1000      nSHD=   8.1000      tpr_c=   0.1603      change_adj_count=732      
2022-08-18 BST 06:44:51,606 - INFO -  epoch=1000      train_loss=  12.4371      val_loss=  34.0302      best=1      size= 283      nSHD_c=   7.9667      nSHD=   7.9667      tpr_c=   0.1625      change_adj_count=778      
2022-08-18 BST 06:44:51,607 - INFO - Before params
2022-08-18 BST 06:44:51,607 - INFO - After params={'MAX_SIZE': [None], 'LAMBDA': [10], 'NOISE_TEMPERATURE': [10], 'h_NULL': [0], 'h_LR': [0.0001], 'z_RHO': [0], 'z_MU': [0]}
2022-08-18 BST 06:44:51,607 - INFO - After metrics={'train_loss': [12.437088597205378], 'val_loss': [34.030215899149574], 'size': [283], 'nshd_c': [7.966666666666667], 'nshd': [7.966666666666667], 'tpr': [0.8679245283018868], 'tpr_c': [0.1625441696113074], 'change_adj_count': [778]}
2022-08-18 BST 06:44:51,624 - INFO - After to_save=  MAX_SIZE  LAMBDA  NOISE_TEMPERATURE  ...       tpr     tpr_c  change_adj_count
0     None      10                 10  ...  0.867925  0.162544               778

[1 rows x 16 columns]
2022-08-18 BST 06:44:51,624 - INFO - After file_path='../results/l_66none_4hps.csv'
2022-08-18 BST 06:44:51,626 - INFO - Last epoch results saved in l_66none_4hps.csv
2022-08-18 BST 06:44:51,627 - INFO - 

DAG 14: size_true=59	X.var()=16.7418
2022-08-18 BST 06:44:51,811 - INFO -  epoch=   1      train_loss=   9.2760      val_loss=   6.1488      best=1      size= 156      nSHD_c=   5.2667      nSHD=   5.2667      tpr_c=   0.1603      change_adj_count=5      
2022-08-18 BST 06:45:07,239 - INFO -  epoch= 100      train_loss=   4.1759      val_loss=   5.3053      best=1      size= 335      nSHD_c=   9.6333      nSHD=   9.5000      tpr_c=   0.1403      change_adj_count=104      
2022-08-18 BST 06:45:24,256 - INFO -  epoch= 200      train_loss=   4.1117      val_loss=   5.5069      best=1      size= 341      nSHD_c=   9.8000      nSHD=   9.7000      tpr_c=   0.1408      change_adj_count=200      
2022-08-18 BST 06:45:39,159 - INFO -  epoch= 300      train_loss=   4.1954      val_loss=   5.3516      best=1      size= 336      nSHD_c=   9.5333      nSHD=   9.4333      tpr_c=   0.1488      change_adj_count=296      
2022-08-18 BST 06:45:55,332 - INFO -  epoch= 400      train_loss=   4.0834      val_loss=   5.7581      best=1      size= 339      nSHD_c=   9.7000      nSHD=   9.5667      tpr_c=   0.1416      change_adj_count=380      
2022-08-18 BST 06:46:12,188 - INFO -  epoch= 500      train_loss=   4.1888      val_loss=   5.2920      best=1      size= 340      nSHD_c=   9.7333      nSHD=   9.6000      tpr_c=   0.1412      change_adj_count=455      
2022-08-18 BST 06:46:29,247 - INFO -  epoch= 600      train_loss=   4.0235      val_loss=   5.0356      best=1      size= 337      nSHD_c=   9.6000      nSHD=   9.4667      tpr_c=   0.1454      change_adj_count=534      
2022-08-18 BST 06:46:45,945 - INFO -  epoch= 700      train_loss=   4.0548      val_loss=   5.1821      best=1      size= 343      nSHD_c=   9.8333      nSHD=   9.6667      tpr_c=   0.1399      change_adj_count=607      
2022-08-18 BST 06:47:02,205 - INFO -  epoch= 800      train_loss=   3.9725      val_loss=   4.9170      best=1      size= 336      nSHD_c=   9.5333      nSHD=   9.4333      tpr_c=   0.1488      change_adj_count=671      
2022-08-18 BST 06:47:18,824 - INFO -  epoch= 900      train_loss=   3.9355      val_loss=   4.9032      best=1      size= 341      nSHD_c=   9.7000      nSHD=   9.6000      tpr_c=   0.1466      change_adj_count=732      
2022-08-18 BST 06:47:35,481 - INFO -  epoch=1000      train_loss=   3.9475      val_loss=   4.8413      best=1      size= 344      nSHD_c=   9.8000      nSHD=   9.7000      tpr_c=   0.1453      change_adj_count=792      
2022-08-18 BST 06:47:35,482 - INFO - Before params
2022-08-18 BST 06:47:35,482 - INFO - After params={'MAX_SIZE': [None], 'LAMBDA': [10], 'NOISE_TEMPERATURE': [10], 'h_NULL': [0], 'h_LR': [0.0001], 'z_RHO': [0], 'z_MU': [0]}
2022-08-18 BST 06:47:35,482 - INFO - After metrics={'train_loss': [3.9475140263957362], 'val_loss': [4.841285785039266], 'size': [344], 'nshd_c': [9.8], 'nshd': [9.7], 'tpr': [0.8983050847457628], 'tpr_c': [0.14534883720930233], 'change_adj_count': [792]}
2022-08-18 BST 06:47:35,499 - INFO - After to_save=  MAX_SIZE  LAMBDA  NOISE_TEMPERATURE  ...       tpr     tpr_c  change_adj_count
0     None      10                 10  ...  0.898305  0.145349               792

[1 rows x 16 columns]
2022-08-18 BST 06:47:35,499 - INFO - After file_path='../results/l_66none_4hps.csv'
2022-08-18 BST 06:47:35,501 - INFO - Last epoch results saved in l_66none_4hps.csv
2022-08-18 BST 06:47:35,502 - INFO - 

DAG 15: size_true=42	X.var()=8.6273
2022-08-18 BST 06:47:35,738 - INFO -  epoch=   1      train_loss=   5.7569      val_loss=   4.3279      best=1      size= 109      nSHD_c=   3.6000      nSHD=   3.5333      tpr_c=   0.1376      change_adj_count=5      
2022-08-18 BST 06:47:35,973 - INFO -  epoch=   2      train_loss=   3.5729      val_loss=   3.3667      best=1      size= 147      nSHD_c=   4.4333      nSHD=   4.4000      tpr_c=   0.1429      change_adj_count=6      
2022-08-18 BST 06:47:36,212 - INFO -  epoch=   3      train_loss=   3.2572      val_loss=   3.0572      best=1      size= 161      nSHD_c=   4.7333      nSHD=   4.6667      tpr_c=   0.1615      change_adj_count=7      
2022-08-18 BST 06:47:51,845 - INFO -  epoch= 100      train_loss=   2.9748      val_loss=   2.7221      best=1      size= 282      nSHD_c=   8.2333      nSHD=   8.2000      tpr_c=   0.1277      change_adj_count=104      
2022-08-18 BST 06:48:08,288 - INFO -  epoch= 200      train_loss=   2.8862      val_loss=   2.8891      best=1      size= 282      nSHD_c=   8.1667      nSHD=   8.1333      tpr_c=   0.1312      change_adj_count=200      
2022-08-18 BST 06:48:25,210 - INFO -  epoch= 300      train_loss=   2.8833      val_loss=   2.5730      best=1      size= 275      nSHD_c=   7.9333      nSHD=   7.9000      tpr_c=   0.1345      change_adj_count=291      
2022-08-18 BST 06:48:37,610 - INFO -  epoch= 371      train_loss=   2.8459      val_loss=   2.2604      best=1      size= 274      nSHD_c=   7.9000      nSHD=   7.8667      tpr_c=   0.1350      change_adj_count=356      
2022-08-18 BST 06:48:42,572 - INFO -  epoch= 400      train_loss=   2.8379      val_loss=   2.7044      best=1      size= 281      nSHD_c=   8.1333      nSHD=   8.1000      tpr_c=   0.1317      change_adj_count=380      
2022-08-18 BST 06:48:59,364 - INFO -  epoch= 500      train_loss=   2.8162      val_loss=   2.5129      best=1      size= 273      nSHD_c=   7.8667      nSHD=   7.8333      tpr_c=   0.1355      change_adj_count=464      
2022-08-18 BST 06:49:04,316 - INFO -  epoch= 528      train_loss=   2.8524      val_loss=   2.3231      best=1      size= 266      nSHD_c=   7.6333      nSHD=   7.6000      tpr_c=   0.1391      change_adj_count=484      
2022-08-18 BST 06:49:16,596 - INFO -  epoch= 600      train_loss=   2.7901      val_loss=   2.4513      best=1      size= 265      nSHD_c=   7.6000      nSHD=   7.5667      tpr_c=   0.1396      change_adj_count=545      
2022-08-18 BST 06:49:32,826 - INFO -  epoch= 695      train_loss=   2.7892      val_loss=   2.3021      best=1      size= 267      nSHD_c=   7.6667      nSHD=   7.6333      tpr_c=   0.1386      change_adj_count=616      
2022-08-18 BST 06:49:33,785 - INFO -  epoch= 700      train_loss=   2.7808      val_loss=   2.4276      best=1      size= 266      nSHD_c=   7.6333      nSHD=   7.6000      tpr_c=   0.1391      change_adj_count=619      
2022-08-18 BST 06:49:50,866 - INFO -  epoch= 800      train_loss=   2.7849      val_loss=   2.3545      best=1      size= 263      nSHD_c=   7.5333      nSHD=   7.5000      tpr_c=   0.1407      change_adj_count=680      
2022-08-18 BST 06:50:07,099 - INFO -  epoch= 900      train_loss=   2.7550      val_loss=   2.5804      best=1      size= 262      nSHD_c=   7.5000      nSHD=   7.4667      tpr_c=   0.1412      change_adj_count=749      
2022-08-18 BST 06:50:24,479 - INFO -  epoch=1000      train_loss=   2.7852      val_loss=   2.4297      best=1      size= 258      nSHD_c=   7.3667      nSHD=   7.3333      tpr_c=   0.1434      change_adj_count=808      
2022-08-18 BST 06:50:24,480 - INFO - Before params
2022-08-18 BST 06:50:24,481 - INFO - After params={'MAX_SIZE': [None], 'LAMBDA': [10], 'NOISE_TEMPERATURE': [10], 'h_NULL': [0], 'h_LR': [0.0001], 'z_RHO': [0], 'z_MU': [0]}
2022-08-18 BST 06:50:24,481 - INFO - After metrics={'train_loss': [2.7852158623356975], 'val_loss': [2.4297269185384116], 'size': [258], 'nshd_c': [7.366666666666666], 'nshd': [7.333333333333333], 'tpr': [0.9047619047619048], 'tpr_c': [0.1434108527131783], 'change_adj_count': [808]}
2022-08-18 BST 06:50:24,499 - INFO - After to_save=  MAX_SIZE  LAMBDA  NOISE_TEMPERATURE  ...       tpr     tpr_c  change_adj_count
0     None      10                 10  ...  0.904762  0.143411               808

[1 rows x 16 columns]
2022-08-18 BST 06:50:24,499 - INFO - After file_path='../results/l_66none_4hps.csv'
2022-08-18 BST 06:50:24,501 - INFO - Last epoch results saved in l_66none_4hps.csv
2022-08-18 BST 06:50:24,502 - INFO - 

DAG 16: size_true=50	X.var()=12.1502
2022-08-18 BST 06:50:24,737 - INFO -  epoch=   1      train_loss=   7.6091      val_loss=   5.4978      best=1      size= 138      nSHD_c=   4.3333      nSHD=   4.2667      tpr_c=   0.1667      change_adj_count=5      
2022-08-18 BST 06:50:24,965 - INFO -  epoch=   2      train_loss=   4.6712      val_loss=   4.3528      best=1      size= 180      nSHD_c=   5.2333      nSHD=   5.1333      tpr_c=   0.1667      change_adj_count=6      
2022-08-18 BST 06:50:41,284 - INFO -  epoch= 100      train_loss=   3.6069      val_loss=   4.2375      best=1      size= 304      nSHD_c=   8.6333      nSHD=   8.5667      tpr_c=   0.1480      change_adj_count=104      
2022-08-18 BST 06:50:57,753 - INFO -  epoch= 200      train_loss=   3.6080      val_loss=   3.9930      best=1      size= 303      nSHD_c=   8.7333      nSHD=   8.6000      tpr_c=   0.1386      change_adj_count=203      
2022-08-18 BST 06:51:13,266 - INFO -  epoch= 300      train_loss=   3.6025      val_loss=   4.0032      best=1      size= 308      nSHD_c=   8.8667      nSHD=   8.7667      tpr_c=   0.1396      change_adj_count=300      
2022-08-18 BST 06:51:30,572 - INFO -  epoch= 400      train_loss=   3.5815      val_loss=   4.2196      best=1      size= 303      nSHD_c=   8.7333      nSHD=   8.6333      tpr_c=   0.1386      change_adj_count=386      
2022-08-18 BST 06:51:47,512 - INFO -  epoch= 500      train_loss=   3.5177      val_loss=   3.8884      best=1      size= 311      nSHD_c=   9.0333      nSHD=   8.8667      tpr_c=   0.1318      change_adj_count=468      
2022-08-18 BST 06:52:03,844 - INFO -  epoch= 600      train_loss=   3.6103      val_loss=   4.0652      best=1      size= 310      nSHD_c=   8.9667      nSHD=   8.8333      tpr_c=   0.1355      change_adj_count=538      
2022-08-18 BST 06:52:20,438 - INFO -  epoch= 700      train_loss=   3.5322      val_loss=   3.7633      best=1      size= 310      nSHD_c=   9.0000      nSHD=   8.8333      tpr_c=   0.1323      change_adj_count=601      
2022-08-18 BST 06:52:36,649 - INFO -  epoch= 800      train_loss=   3.4848      val_loss=   3.6715      best=1      size= 302      nSHD_c=   8.7667      nSHD=   8.6000      tpr_c=   0.1325      change_adj_count=658      
2022-08-18 BST 06:52:53,181 - INFO -  epoch= 900      train_loss=   3.4604      val_loss=   3.8403      best=1      size= 309      nSHD_c=   8.9667      nSHD=   8.8667      tpr_c=   0.1327      change_adj_count=711      
2022-08-18 BST 06:53:09,046 - INFO -  epoch=1000      train_loss=   3.4945      val_loss=   3.8219      best=1      size= 309      nSHD_c=   8.9333      nSHD=   8.8333      tpr_c=   0.1359      change_adj_count=759      
2022-08-18 BST 06:53:09,046 - INFO - Before params
2022-08-18 BST 06:53:09,047 - INFO - After params={'MAX_SIZE': [None], 'LAMBDA': [10], 'NOISE_TEMPERATURE': [10], 'h_NULL': [0], 'h_LR': [0.0001], 'z_RHO': [0], 'z_MU': [0]}
2022-08-18 BST 06:53:09,047 - INFO - After metrics={'train_loss': [3.4944908080562467], 'val_loss': [3.821925401687622], 'size': [309], 'nshd_c': [8.933333333333334], 'nshd': [8.833333333333334], 'tpr': [0.9], 'tpr_c': [0.13592233009708737], 'change_adj_count': [759]}
2022-08-18 BST 06:53:09,064 - INFO - After to_save=  MAX_SIZE  LAMBDA  NOISE_TEMPERATURE  ...  tpr     tpr_c  change_adj_count
0     None      10                 10  ...  0.9  0.135922               759

[1 rows x 16 columns]
2022-08-18 BST 06:53:09,064 - INFO - After file_path='../results/l_66none_4hps.csv'
2022-08-18 BST 06:53:09,066 - INFO - Last epoch results saved in l_66none_4hps.csv
2022-08-18 BST 06:53:09,066 - INFO - 

DAG 17: size_true=49	X.var()=16.5203
2022-08-18 BST 06:53:09,268 - INFO -  epoch=   1      train_loss=   9.1144      val_loss=   6.9546      best=1      size= 131      nSHD_c=   4.5667      nSHD=   4.6000      tpr_c=   0.1069      change_adj_count=5      
2022-08-18 BST 06:53:25,711 - INFO -  epoch= 100      train_loss=   4.1473      val_loss=   5.1782      best=1      size= 293      nSHD_c=   8.4000      nSHD=   8.1333      tpr_c=   0.1399      change_adj_count=104      
2022-08-18 BST 06:53:42,008 - INFO -  epoch= 200      train_loss=   4.1376      val_loss=   5.2583      best=1      size= 313      nSHD_c=   9.0667      nSHD=   8.8000      tpr_c=   0.1310      change_adj_count=203      
2022-08-18 BST 06:53:58,088 - INFO -  epoch= 300      train_loss=   4.1893      val_loss=   4.9207      best=1      size= 310      nSHD_c=   8.9667      nSHD=   8.7000      tpr_c=   0.1323      change_adj_count=300      
2022-08-18 BST 06:54:14,191 - INFO -  epoch= 400      train_loss=   4.0886      val_loss=   4.9494      best=1      size= 310      nSHD_c=   9.0000      nSHD=   8.7000      tpr_c=   0.1290      change_adj_count=388      
2022-08-18 BST 06:54:30,791 - INFO -  epoch= 500      train_loss=   4.1264      val_loss=   5.1018      best=1      size= 309      nSHD_c=   8.9333      nSHD=   8.6667      tpr_c=   0.1327      change_adj_count=473      
2022-08-18 BST 06:54:48,285 - INFO -  epoch= 600      train_loss=   4.0366      val_loss=   4.7284      best=1      size= 311      nSHD_c=   9.0000      nSHD=   8.7333      tpr_c=   0.1318      change_adj_count=548      
2022-08-18 BST 06:55:05,018 - INFO -  epoch= 700      train_loss=   3.9944      val_loss=   4.8650      best=1      size= 308      nSHD_c=   8.9000      nSHD=   8.6333      tpr_c=   0.1331      change_adj_count=607      
2022-08-18 BST 06:55:21,827 - INFO -  epoch= 800      train_loss=   4.0086      val_loss=   4.3364      best=1      size= 309      nSHD_c=   8.9667      nSHD=   8.6667      tpr_c=   0.1294      change_adj_count=683      
2022-08-18 BST 06:55:38,522 - INFO -  epoch= 900      train_loss=   3.9951      val_loss=   4.9335      best=1      size= 307      nSHD_c=   8.8667      nSHD=   8.6000      tpr_c=   0.1336      change_adj_count=749      
2022-08-18 BST 06:55:54,699 - INFO -  epoch=1000      train_loss=   3.9558      val_loss=   4.9259      best=1      size= 313      nSHD_c=   9.0667      nSHD=   8.8000      tpr_c=   0.1310      change_adj_count=813      
2022-08-18 BST 06:55:54,699 - INFO - Before params
2022-08-18 BST 06:55:54,700 - INFO - After params={'MAX_SIZE': [None], 'LAMBDA': [10], 'NOISE_TEMPERATURE': [10], 'h_NULL': [0], 'h_LR': [0.0001], 'z_RHO': [0], 'z_MU': [0]}
2022-08-18 BST 06:55:54,700 - INFO - After metrics={'train_loss': [3.955791865625689], 'val_loss': [4.925887107849121], 'size': [313], 'nshd_c': [9.066666666666666], 'nshd': [8.8], 'tpr': [1.0], 'tpr_c': [0.13099041533546327], 'change_adj_count': [813]}
2022-08-18 BST 06:55:54,717 - INFO - After to_save=  MAX_SIZE  LAMBDA  NOISE_TEMPERATURE  ...  tpr    tpr_c  change_adj_count
0     None      10                 10  ...  1.0  0.13099               813

[1 rows x 16 columns]
2022-08-18 BST 06:55:54,717 - INFO - After file_path='../results/l_66none_4hps.csv'
2022-08-18 BST 06:55:54,719 - INFO - Last epoch results saved in l_66none_4hps.csv
2022-08-18 BST 06:55:54,719 - INFO - 

DAG 18: size_true=56	X.var()=17.9506
2022-08-18 BST 06:55:54,944 - INFO -  epoch=   1      train_loss=  10.2579      val_loss=   6.0316      best=1      size= 149      nSHD_c=   4.9000      nSHD=   4.8000      tpr_c=   0.1409      change_adj_count=5      
2022-08-18 BST 06:56:10,573 - INFO -  epoch= 100      train_loss=   4.3662      val_loss=   5.2094      best=1      size= 296      nSHD_c=   8.5000      nSHD=   8.1667      tpr_c=   0.1385      change_adj_count=104      
2022-08-18 BST 06:56:25,909 - INFO -  epoch= 200      train_loss=   4.3043      val_loss=   5.0959      best=1      size= 293      nSHD_c=   8.4000      nSHD=   8.0667      tpr_c=   0.1399      change_adj_count=203      
2022-08-18 BST 06:56:41,099 - INFO -  epoch= 300      train_loss=   4.4237      val_loss=   5.0849      best=1      size= 306      nSHD_c=   8.8000      nSHD=   8.5000      tpr_c=   0.1373      change_adj_count=293      
2022-08-18 BST 06:56:57,228 - INFO -  epoch= 400      train_loss=   4.2524      val_loss=   5.0029      best=1      size= 304      nSHD_c=   8.7333      nSHD=   8.4333      tpr_c=   0.1382      change_adj_count=381      
2022-08-18 BST 06:57:13,736 - INFO -  epoch= 500      train_loss=   4.3224      val_loss=   5.0629      best=1      size= 301      nSHD_c=   8.7000      nSHD=   8.4333      tpr_c=   0.1362      change_adj_count=463      
2022-08-18 BST 06:57:29,689 - INFO -  epoch= 600      train_loss=   4.1318      val_loss=   4.8337      best=1      size= 299      nSHD_c=   8.6333      nSHD=   8.3000      tpr_c=   0.1371      change_adj_count=532      
2022-08-18 BST 06:57:45,943 - INFO -  epoch= 700      train_loss=   4.1322      val_loss=   4.8814      best=1      size= 296      nSHD_c=   8.5333      nSHD=   8.2000      tpr_c=   0.1385      change_adj_count=606      
2022-08-18 BST 06:58:02,899 - INFO -  epoch= 800      train_loss=   4.1117      val_loss=   4.6137      best=1      size= 291      nSHD_c=   8.4333      nSHD=   8.1000      tpr_c=   0.1375      change_adj_count=670      
2022-08-18 BST 06:58:19,286 - INFO -  epoch= 900      train_loss=   4.1193      val_loss=   4.6558      best=1      size= 288      nSHD_c=   8.3333      nSHD=   8.0333      tpr_c=   0.1389      change_adj_count=731      
2022-08-18 BST 06:58:36,301 - INFO -  epoch=1000      train_loss=   4.0549      val_loss=   4.2280      best=1      size= 292      nSHD_c=   8.4000      nSHD=   8.1000      tpr_c=   0.1404      change_adj_count=792      
2022-08-18 BST 06:58:36,301 - INFO - Before params
2022-08-18 BST 06:58:36,301 - INFO - After params={'MAX_SIZE': [None], 'LAMBDA': [10], 'NOISE_TEMPERATURE': [10], 'h_NULL': [0], 'h_LR': [0.0001], 'z_RHO': [0], 'z_MU': [0]}
2022-08-18 BST 06:58:36,302 - INFO - After metrics={'train_loss': [4.054930771550825], 'val_loss': [4.227994640668233], 'size': [292], 'nshd_c': [8.4], 'nshd': [8.1], 'tpr': [0.8928571428571429], 'tpr_c': [0.1404109589041096], 'change_adj_count': [792]}
2022-08-18 BST 06:58:36,319 - INFO - After to_save=  MAX_SIZE  LAMBDA  NOISE_TEMPERATURE  ...       tpr     tpr_c  change_adj_count
0     None      10                 10  ...  0.892857  0.140411               792

[1 rows x 16 columns]
2022-08-18 BST 06:58:36,319 - INFO - After file_path='../results/l_66none_4hps.csv'
2022-08-18 BST 06:58:36,321 - INFO - Last epoch results saved in l_66none_4hps.csv
2022-08-18 BST 06:58:36,322 - INFO - 

DAG 19: size_true=57	X.var()=24.8142
2022-08-18 BST 06:58:36,565 - INFO -  epoch=   1      train_loss=  13.4980      val_loss=   9.2940      best=1      size= 183      nSHD_c=   6.2667      nSHD=   6.2667      tpr_c=   0.1202      change_adj_count=5      
2022-08-18 BST 06:58:51,498 - INFO -  epoch= 100      train_loss=   5.7310      val_loss=   9.1529      best=1      size= 355      nSHD_c=  10.4333      nSHD=  10.2333      tpr_c=   0.1239      change_adj_count=104      
2022-08-18 BST 06:59:07,167 - INFO -  epoch= 200      train_loss=   5.7801      val_loss=   8.1772      best=1      size= 363      nSHD_c=  10.5667      nSHD=  10.3667      tpr_c=   0.1267      change_adj_count=203      
2022-08-18 BST 06:59:24,321 - INFO -  epoch= 300      train_loss=   5.7330      val_loss=   8.6049      best=1      size= 357      nSHD_c=  10.4333      nSHD=  10.2333      tpr_c=   0.1289      change_adj_count=292      
2022-08-18 BST 06:59:41,195 - INFO -  epoch= 400      train_loss=   5.6391      val_loss=   8.6143      best=1      size= 358      nSHD_c=  10.4000      nSHD=  10.2000      tpr_c=   0.1313      change_adj_count=384      
2022-08-18 BST 06:59:58,424 - INFO -  epoch= 500      train_loss=   5.7509      val_loss=   7.6089      best=1      size= 364      nSHD_c=  10.6333      nSHD=  10.4333      tpr_c=   0.1264      change_adj_count=464      
2022-08-18 BST 07:00:15,387 - INFO -  epoch= 600      train_loss=   5.6502      val_loss=   7.9286      best=1      size= 371      nSHD_c=  10.9333      nSHD=  10.7667      tpr_c=   0.1213      change_adj_count=538      
2022-08-18 BST 07:00:31,000 - INFO -  epoch= 700      train_loss=   5.5591      val_loss=   7.7104      best=1      size= 369      nSHD_c=  10.8333      nSHD=  10.6333      tpr_c=   0.1220      change_adj_count=619      
2022-08-18 BST 07:00:46,231 - INFO -  epoch= 800      train_loss=   5.5713      val_loss=   7.9347      best=1      size= 370      nSHD_c=  10.7667      nSHD=  10.5667      tpr_c=   0.1270      change_adj_count=686      
2022-08-18 BST 07:01:01,786 - INFO -  epoch= 900      train_loss=   5.3847      val_loss=   7.5360      best=1      size= 370      nSHD_c=  10.8667      nSHD=  10.6333      tpr_c=   0.1216      change_adj_count=750      
2022-08-18 BST 07:01:18,244 - INFO -  epoch=1000      train_loss=   5.5173      val_loss=   7.7563      best=1      size= 372      nSHD_c=  10.9667      nSHD=  10.7667      tpr_c=   0.1210      change_adj_count=797      
2022-08-18 BST 07:01:18,245 - INFO - Before params
2022-08-18 BST 07:01:18,245 - INFO - After params={'MAX_SIZE': [None], 'LAMBDA': [10], 'NOISE_TEMPERATURE': [10], 'h_NULL': [0], 'h_LR': [0.0001], 'z_RHO': [0], 'z_MU': [0]}
2022-08-18 BST 07:01:18,245 - INFO - After metrics={'train_loss': [5.517331461752614], 'val_loss': [7.7562620639801025], 'size': [372], 'nshd_c': [10.966666666666667], 'nshd': [10.766666666666667], 'tpr': [0.8947368421052632], 'tpr_c': [0.12096774193548387], 'change_adj_count': [797]}
2022-08-18 BST 07:01:18,262 - INFO - After to_save=  MAX_SIZE  LAMBDA  NOISE_TEMPERATURE  ...       tpr     tpr_c  change_adj_count
0     None      10                 10  ...  0.894737  0.120968               797

[1 rows x 16 columns]
2022-08-18 BST 07:01:18,262 - INFO - After file_path='../results/l_66none_4hps.csv'
2022-08-18 BST 07:01:18,264 - INFO - Last epoch results saved in l_66none_4hps.csv
2022-08-18 BST 07:01:18,265 - INFO - 

DAG 20: size_true=59	X.var()=201.6824
2022-08-18 BST 07:01:18,509 - INFO -  epoch=   1      train_loss=  85.5971      val_loss=  46.9270      best=1      size= 203      nSHD_c=   7.0000      nSHD=   6.9667      tpr_c=   0.0985      change_adj_count=5      
2022-08-18 BST 07:01:35,108 - INFO -  epoch= 100      train_loss=  19.9566      val_loss=  56.7004      best=1      size= 358      nSHD_c=  10.4000      nSHD=  10.2333      tpr_c=   0.1313      change_adj_count=104      
2022-08-18 BST 07:01:51,232 - INFO -  epoch= 200      train_loss=  19.7014      val_loss=  47.6217      best=1      size= 364      nSHD_c=  10.6000      nSHD=  10.4667      tpr_c=   0.1291      change_adj_count=202      
2022-08-18 BST 07:02:07,006 - INFO -  epoch= 300      train_loss=  19.9559      val_loss=  54.0274      best=1      size= 362      nSHD_c=  10.5333      nSHD=  10.4000      tpr_c=   0.1298      change_adj_count=292      
2022-08-18 BST 07:02:22,789 - INFO -  epoch= 400      train_loss=  18.9426      val_loss=  50.7719      best=1      size= 362      nSHD_c=  10.5333      nSHD=  10.4000      tpr_c=   0.1298      change_adj_count=384      
2022-08-18 BST 07:02:38,639 - INFO -  epoch= 500      train_loss=  19.1894      val_loss=  50.5407      best=1      size= 357      nSHD_c=  10.3333      nSHD=  10.2000      tpr_c=   0.1345      change_adj_count=467      
2022-08-18 BST 07:02:54,996 - INFO -  epoch= 600      train_loss=  18.1440      val_loss=  44.6271      best=1      size= 360      nSHD_c=  10.4667      nSHD=  10.3333      tpr_c=   0.1333      change_adj_count=544      
2022-08-18 BST 07:03:11,623 - INFO -  epoch= 700      train_loss=  20.3853      val_loss=  44.7224      best=1      size= 362      nSHD_c=  10.5000      nSHD=  10.3667      tpr_c=   0.1326      change_adj_count=609      
2022-08-18 BST 07:03:28,735 - INFO -  epoch= 800      train_loss=  18.6796      val_loss=  47.2654      best=1      size= 358      nSHD_c=  10.3667      nSHD=  10.2333      tpr_c=   0.1341      change_adj_count=682      
2022-08-18 BST 07:03:45,085 - INFO -  epoch= 900      train_loss=  18.6047      val_loss=  45.1837      best=1      size= 357      nSHD_c=  10.3333      nSHD=  10.2000      tpr_c=   0.1345      change_adj_count=744      
2022-08-18 BST 07:04:01,707 - INFO -  epoch=1000      train_loss=  18.2642      val_loss=  46.2355      best=1      size= 357      nSHD_c=  10.3667      nSHD=  10.2000      tpr_c=   0.1317      change_adj_count=796      
2022-08-18 BST 07:04:01,707 - INFO - Before params
2022-08-18 BST 07:04:01,707 - INFO - After params={'MAX_SIZE': [None], 'LAMBDA': [10], 'NOISE_TEMPERATURE': [10], 'h_NULL': [0], 'h_LR': [0.0001], 'z_RHO': [0], 'z_MU': [0]}
2022-08-18 BST 07:04:01,707 - INFO - After metrics={'train_loss': [18.26422143751575], 'val_loss': [46.23551368713379], 'size': [357], 'nshd_c': [10.366666666666667], 'nshd': [10.2], 'tpr': [0.8813559322033898], 'tpr_c': [0.13165266106442577], 'change_adj_count': [796]}
2022-08-18 BST 07:04:01,723 - INFO - After to_save=  MAX_SIZE  LAMBDA  NOISE_TEMPERATURE  ...       tpr     tpr_c  change_adj_count
0     None      10                 10  ...  0.881356  0.131653               796

[1 rows x 16 columns]
2022-08-18 BST 07:04:01,723 - INFO - After file_path='../results/l_66none_4hps.csv'
2022-08-18 BST 07:04:01,725 - INFO - Last epoch results saved in l_66none_4hps.csv
2022-08-18 BST 07:04:01,726 - INFO - 

DAG 21: size_true=57	X.var()=21.1204
2022-08-18 BST 07:04:01,909 - INFO -  epoch=   1      train_loss=  11.3681      val_loss=   7.4119      best=1      size= 148      nSHD_c=   5.2000      nSHD=   5.1333      tpr_c=   0.1014      change_adj_count=5      
2022-08-18 BST 07:04:17,428 - INFO -  epoch= 100      train_loss=   4.5389      val_loss=   6.9988      best=1      size= 325      nSHD_c=   9.3667      nSHD=   9.2667      tpr_c=   0.1354      change_adj_count=104      
2022-08-18 BST 07:04:33,401 - INFO -  epoch= 200      train_loss=   4.4549      val_loss=   7.4988      best=1      size= 332      nSHD_c=   9.6333      nSHD=   9.5333      tpr_c=   0.1325      change_adj_count=204      
2022-08-18 BST 07:04:48,958 - INFO -  epoch= 300      train_loss=   4.3069      val_loss=   7.4280      best=1      size= 325      nSHD_c=   9.3667      nSHD=   9.2000      tpr_c=   0.1354      change_adj_count=300      
2022-08-18 BST 07:05:05,189 - INFO -  epoch= 400      train_loss=   4.2846      val_loss=   6.4284      best=1      size= 333      nSHD_c=   9.6000      nSHD=   9.4333      tpr_c=   0.1351      change_adj_count=392      
2022-08-18 BST 07:05:20,173 - INFO -  epoch= 500      train_loss=   4.3907      val_loss=   6.7724      best=1      size= 335      nSHD_c=   9.6333      nSHD=   9.5000      tpr_c=   0.1373      change_adj_count=484      
2022-08-18 BST 07:05:34,467 - INFO -  epoch= 600      train_loss=   4.2603      val_loss=   6.7576      best=1      size= 329      nSHD_c=   9.4667      nSHD=   9.3333      tpr_c=   0.1368      change_adj_count=554      
2022-08-18 BST 07:05:50,254 - INFO -  epoch= 700      train_loss=   4.1793      val_loss=   6.3486      best=1      size= 334      nSHD_c=   9.6333      nSHD=   9.5000      tpr_c=   0.1347      change_adj_count=629      
2022-08-18 BST 07:06:06,404 - INFO -  epoch= 800      train_loss=   4.3199      val_loss=   6.1498      best=1      size= 331      nSHD_c=   9.5333      nSHD=   9.4000      tpr_c=   0.1360      change_adj_count=706      
2022-08-18 BST 07:06:23,046 - INFO -  epoch= 900      train_loss=   4.2315      val_loss=   5.7084      best=1      size= 328      nSHD_c=   9.4333      nSHD=   9.3000      tpr_c=   0.1372      change_adj_count=765      
2022-08-18 BST 07:06:39,679 - INFO -  epoch=1000      train_loss=   4.1915      val_loss=   7.1146      best=1      size= 325      nSHD_c=   9.3333      nSHD=   9.2000      tpr_c=   0.1385      change_adj_count=832      
2022-08-18 BST 07:06:39,680 - INFO - Before params
2022-08-18 BST 07:06:39,680 - INFO - After params={'MAX_SIZE': [None], 'LAMBDA': [10], 'NOISE_TEMPERATURE': [10], 'h_NULL': [0], 'h_LR': [0.0001], 'z_RHO': [0], 'z_MU': [0]}
2022-08-18 BST 07:06:39,680 - INFO - After metrics={'train_loss': [4.191451065001949], 'val_loss': [7.114589691162109], 'size': [325], 'nshd_c': [9.333333333333334], 'nshd': [9.2], 'tpr': [0.8596491228070176], 'tpr_c': [0.13846153846153847], 'change_adj_count': [832]}
2022-08-18 BST 07:06:39,697 - INFO - After to_save=  MAX_SIZE  LAMBDA  NOISE_TEMPERATURE  ...       tpr     tpr_c  change_adj_count
0     None      10                 10  ...  0.859649  0.138462               832

[1 rows x 16 columns]
2022-08-18 BST 07:06:39,697 - INFO - After file_path='../results/l_66none_4hps.csv'
2022-08-18 BST 07:06:39,699 - INFO - Last epoch results saved in l_66none_4hps.csv
2022-08-18 BST 07:06:39,700 - INFO - 

DAG 22: size_true=60	X.var()=129.8499
2022-08-18 BST 07:06:39,935 - INFO -  epoch=   1      train_loss=  66.2123      val_loss=  18.1381      best=1      size= 173      nSHD_c=   5.3333      nSHD=   5.3000      tpr_c=   0.1734      change_adj_count=5      
2022-08-18 BST 07:06:55,077 - INFO -  epoch= 100      train_loss=  15.4956      val_loss=  43.8390      best=1      size= 325      nSHD_c=   9.3000      nSHD=   9.2667      tpr_c=   0.1508      change_adj_count=104      
2022-08-18 BST 07:07:10,504 - INFO -  epoch= 200      train_loss=  15.1968      val_loss=  46.4800      best=1      size= 329      nSHD_c=   9.4333      nSHD=   9.4000      tpr_c=   0.1489      change_adj_count=202      
2022-08-18 BST 07:07:25,608 - INFO -  epoch= 300      train_loss=  15.0662      val_loss=  48.3657      best=1      size= 326      nSHD_c=   9.3333      nSHD=   9.3000      tpr_c=   0.1503      change_adj_count=292      
2022-08-18 BST 07:07:41,830 - INFO -  epoch= 400      train_loss=  15.5446      val_loss=  42.0608      best=1      size= 328      nSHD_c=   9.4000      nSHD=   9.3333      tpr_c=   0.1494      change_adj_count=368      
2022-08-18 BST 07:07:58,429 - INFO -  epoch= 500      train_loss=  14.7647      val_loss=  39.3888      best=1      size= 329      nSHD_c=   9.4000      nSHD=   9.3667      tpr_c=   0.1520      change_adj_count=448      
2022-08-18 BST 07:08:14,336 - INFO -  epoch= 600      train_loss=  14.9009      val_loss=  40.5675      best=1      size= 330      nSHD_c=   9.4000      nSHD=   9.3333      tpr_c=   0.1515      change_adj_count=513      
2022-08-18 BST 07:08:29,617 - INFO -  epoch= 700      train_loss=  14.3630      val_loss=  38.9140      best=1      size= 336      nSHD_c=   9.5667      nSHD=   9.5333      tpr_c=   0.1518      change_adj_count=587      
2022-08-18 BST 07:08:45,131 - INFO -  epoch= 800      train_loss=  14.7374      val_loss=  42.3791      best=1      size= 333      nSHD_c=   9.4667      nSHD=   9.4333      tpr_c=   0.1532      change_adj_count=665      
2022-08-18 BST 07:09:01,271 - INFO -  epoch= 900      train_loss=  15.0308      val_loss=  45.3679      best=1      size= 328      nSHD_c=   9.3000      nSHD=   9.2667      tpr_c=   0.1555      change_adj_count=728      
2022-08-18 BST 07:09:17,412 - INFO -  epoch=1000      train_loss=  15.0643      val_loss=  36.9193      best=1      size= 325      nSHD_c=   9.2667      nSHD=   9.2333      tpr_c=   0.1538      change_adj_count=788      
2022-08-18 BST 07:09:17,413 - INFO - Before params
2022-08-18 BST 07:09:17,413 - INFO - After params={'MAX_SIZE': [None], 'LAMBDA': [10], 'NOISE_TEMPERATURE': [10], 'h_NULL': [0], 'h_LR': [0.0001], 'z_RHO': [0], 'z_MU': [0]}
2022-08-18 BST 07:09:17,413 - INFO - After metrics={'train_loss': [15.064298414414928], 'val_loss': [36.91927909851074], 'size': [325], 'nshd_c': [9.266666666666667], 'nshd': [9.233333333333333], 'tpr': [0.85], 'tpr_c': [0.15384615384615385], 'change_adj_count': [788]}
2022-08-18 BST 07:09:17,430 - INFO - After to_save=  MAX_SIZE  LAMBDA  NOISE_TEMPERATURE  ...   tpr     tpr_c  change_adj_count
0     None      10                 10  ...  0.85  0.153846               788

[1 rows x 16 columns]
2022-08-18 BST 07:09:17,430 - INFO - After file_path='../results/l_66none_4hps.csv'
2022-08-18 BST 07:09:17,432 - INFO - Last epoch results saved in l_66none_4hps.csv
2022-08-18 BST 07:09:17,433 - INFO - 

DAG 23: size_true=49	X.var()=14.1269
2022-08-18 BST 07:09:17,664 - INFO -  epoch=   1      train_loss=   9.8269      val_loss=   8.0790      best=1      size= 111      nSHD_c=   3.8667      nSHD=   3.7333      tpr_c=   0.1171      change_adj_count=5      
2022-08-18 BST 07:09:17,896 - INFO -  epoch=   2      train_loss=   6.5146      val_loss=   4.4809      best=1      size= 149      nSHD_c=   4.7667      nSHD=   4.6667      tpr_c=   0.1409      change_adj_count=6      
2022-08-18 BST 07:09:33,865 - INFO -  epoch= 100      train_loss=   3.9872      val_loss=   4.6585      best=1      size= 274      nSHD_c=   7.7333      nSHD=   7.6000      tpr_c=   0.1569      change_adj_count=104      
2022-08-18 BST 07:09:50,672 - INFO -  epoch= 200      train_loss=   4.0780      val_loss=   4.8320      best=1      size= 273      nSHD_c=   7.7000      nSHD=   7.5667      tpr_c=   0.1575      change_adj_count=200      
2022-08-18 BST 07:10:06,555 - INFO -  epoch= 300      train_loss=   3.9544      val_loss=   4.3389      best=1      size= 272      nSHD_c=   7.6667      nSHD=   7.5333      tpr_c=   0.1581      change_adj_count=296      
2022-08-18 BST 07:10:22,938 - INFO -  epoch= 400      train_loss=   3.9812      val_loss=   4.4392      best=1      size= 278      nSHD_c=   7.8667      nSHD=   7.7333      tpr_c=   0.1547      change_adj_count=378      
2022-08-18 BST 07:10:39,680 - INFO -  epoch= 500      train_loss=   3.9218      val_loss=   4.4180      best=1      size= 264      nSHD_c=   7.4000      nSHD=   7.2667      tpr_c=   0.1629      change_adj_count=469      
2022-08-18 BST 07:10:55,134 - INFO -  epoch= 600      train_loss=   3.8551      val_loss=   4.3031      best=1      size= 273      nSHD_c=   7.7000      nSHD=   7.5667      tpr_c=   0.1575      change_adj_count=549      
2022-08-18 BST 07:11:10,987 - INFO -  epoch= 700      train_loss=   3.8483      val_loss=   4.5297      best=1      size= 263      nSHD_c=   7.3667      nSHD=   7.2333      tpr_c=   0.1635      change_adj_count=627      
2022-08-18 BST 07:11:27,213 - INFO -  epoch= 800      train_loss=   3.9081      val_loss=   3.8295      best=1      size= 263      nSHD_c=   7.3667      nSHD=   7.2333      tpr_c=   0.1635      change_adj_count=702      
2022-08-18 BST 07:11:43,536 - INFO -  epoch= 900      train_loss=   3.7772      val_loss=   3.9165      best=1      size= 264      nSHD_c=   7.4000      nSHD=   7.2667      tpr_c=   0.1629      change_adj_count=775      
2022-08-18 BST 07:12:00,044 - INFO -  epoch=1000      train_loss=   3.8565      val_loss=   4.1381      best=1      size= 258      nSHD_c=   7.2000      nSHD=   7.0667      tpr_c=   0.1667      change_adj_count=846      
2022-08-18 BST 07:12:00,045 - INFO - Before params
2022-08-18 BST 07:12:00,046 - INFO - After params={'MAX_SIZE': [None], 'LAMBDA': [10], 'NOISE_TEMPERATURE': [10], 'h_NULL': [0], 'h_LR': [0.0001], 'z_RHO': [0], 'z_MU': [0]}
2022-08-18 BST 07:12:00,046 - INFO - After metrics={'train_loss': [3.85652312924785], 'val_loss': [4.138130148251851], 'size': [258], 'nshd_c': [7.2], 'nshd': [7.066666666666666], 'tpr': [0.9591836734693877], 'tpr_c': [0.16666666666666666], 'change_adj_count': [846]}
2022-08-18 BST 07:12:00,066 - INFO - After to_save=  MAX_SIZE  LAMBDA  NOISE_TEMPERATURE  ...       tpr     tpr_c  change_adj_count
0     None      10                 10  ...  0.959184  0.166667               846

[1 rows x 16 columns]
2022-08-18 BST 07:12:00,066 - INFO - After file_path='../results/l_66none_4hps.csv'
2022-08-18 BST 07:12:00,068 - INFO - Last epoch results saved in l_66none_4hps.csv
2022-08-18 BST 07:12:00,069 - INFO - 
last_mean_nshd_c=9.1375
2022-08-18 BST 07:12:00,069 - INFO - 
Time taken 1:06:54 (h:mm:ss)
2022-08-18 BST 07:12:00,069 - INFO - 
End of log for run 2022-08-18_BST_06:05:06,394_l_66none_4hps_221
