2022-08-18 BST 10:27:43,713 - INFO - 
Log for run 2022-08-18_BST_10:27:43,642_l_66none_4hps_309

2022-08-18 BST 10:27:43,713 - INFO - COMMENT = ''
2022-08-18 BST 10:27:43,713 - INFO - DATA_FOLDER = '../data'
2022-08-18 BST 10:27:43,713 - INFO - LATENTS_FOLDER = '../latents'
2022-08-18 BST 10:27:43,713 - INFO - LOGS_FOLDER = '../logs'
2022-08-18 BST 10:27:43,713 - INFO - MODEL_FOLDER = '../models'
2022-08-18 BST 10:27:43,713 - INFO - RESULTS_FOLDER = '../results'
2022-08-18 BST 10:27:43,713 - INFO - DEVICE = torch.device("cuda" if torch.cuda.is_available() else "cpu")  # Used: "cuda"
2022-08-18 BST 10:27:43,713 - INFO - LATENTS = False
2022-08-18 BST 10:27:43,713 - INFO - MATRIX_REPORT = False
2022-08-18 BST 10:27:43,713 - INFO - LABEL = True
2022-08-18 BST 10:27:43,713 - INFO - SAVE_TO_ODS = False
2022-08-18 BST 10:27:43,713 - INFO - VAL_LOSS_FROM_DAG = True
2022-08-18 BST 10:27:43,714 - INFO - WANDB = False
2022-08-18 BST 10:27:43,714 - INFO - WANDB_PROJECT = 'Thetas'
2022-08-18 BST 10:27:43,714 - INFO - GRAD_LOG = False
2022-08-18 BST 10:27:43,714 - INFO - N_TRIALS = 1
2022-08-18 BST 10:27:43,714 - INFO - OPTUNA_STRINGS = {'None': None, 'True': True, 'False': False}
2022-08-18 BST 10:27:43,714 - INFO - TQDM = False
2022-08-18 BST 10:27:43,714 - INFO - 
hyperparameters = {
2022-08-18 BST 10:27:43,714 - INFO - 	'GRAPH_TYPE': 'ER2',
2022-08-18 BST 10:27:43,714 - INFO - 	'D': 30,
2022-08-18 BST 10:27:43,714 - INFO - 	'MAX_SIZE': None,
2022-08-18 BST 10:27:43,714 - INFO - 	'SEM_NOISE': 'gaussian_ev',
2022-08-18 BST 10:27:43,714 - INFO - 	'N': 1200,
2022-08-18 BST 10:27:43,714 - INFO - 	'VAL': 0.16666666666666666,
2022-08-18 BST 10:27:43,714 - INFO - 	'N_EPOCHS': 1000,
2022-08-18 BST 10:27:43,714 - INFO - 	'BATCH_SIZE': 32,
2022-08-18 BST 10:27:43,714 - INFO - 	'LOG2_BATCH_SIZE': None,
2022-08-18 BST 10:27:43,714 - INFO - 	'BATCH_SHUFFLE': True,
2022-08-18 BST 10:27:43,714 - INFO - 	'N_SAMPLES': 10,
2022-08-18 BST 10:27:43,714 - INFO - 	'MODE': 'max_dag_test_only',
2022-08-18 BST 10:27:43,714 - INFO - 	'AFAS_SCHEDULER': None,
2022-08-18 BST 10:27:43,714 - INFO - 	'MINIZINC_SOLVER': None,
2022-08-18 BST 10:27:43,715 - INFO - 	'f_LINEAR_LAYERS': (),
2022-08-18 BST 10:27:43,715 - INFO - 	'f_BIAS': False,
2022-08-18 BST 10:27:43,715 - INFO - 	'p_LAYER': None,
2022-08-18 BST 10:27:43,715 - INFO - 	'STREAMLINE': False,
2022-08-18 BST 10:27:43,715 - INFO - 	'THRESHOLD': 0.0,
2022-08-18 BST 10:27:43,715 - INFO - 	'h_LINEAR_LAYERS': (),
2022-08-18 BST 10:27:43,715 - INFO - 	'h_NULL': 0.01,
2022-08-18 BST 10:27:43,715 - INFO - 	'h_LR': 0.0001,
2022-08-18 BST 10:27:43,715 - INFO - 	'h_OPTIMIZER': 'torch.optim.Adam(overall_net.h_net.parameters(), lr=h.h_LR)',
2022-08-18 BST 10:27:43,715 - INFO - 	'f_LR': 0.0117744218586073,
2022-08-18 BST 10:27:43,715 - INFO - 	'f_OPTIMIZER': 'torch.optim.Adam(overall_net.f_net.parameters(), lr=h.f_LR)',
2022-08-18 BST 10:27:43,715 - INFO - 	'NOISE_TEMPERATURE': 10,
2022-08-18 BST 10:27:43,715 - INFO - 	'NOISE_DISTRIBUTION': 'LogisticNoiseDistribution()',
2022-08-18 BST 10:27:43,715 - INFO - 	'LAMBDA': 100,
2022-08-18 BST 10:27:43,715 - INFO - 	'LOSS_FN': 'torch.nn.MSELoss()',
2022-08-18 BST 10:27:43,715 - INFO - 	'REGULARIZER': None,
2022-08-18 BST 10:27:43,715 - INFO - 	'z_RHO': 0,
2022-08-18 BST 10:27:43,715 - INFO - 	'z_MU': 0,
2022-08-18 BST 10:27:43,715 - INFO - 	'z_REGULARIZER': 'NoTearsZRegularizer(h.D, h.z_RHO, h.z_MU, c.DEVICE)',
2022-08-18 BST 10:27:43,715 - INFO - 	'LR_SCHEDULER': None,
2022-08-18 BST 10:27:43,715 - INFO - 	'DATA_CATEGORY': 'test',
2022-08-18 BST 10:27:43,716 - INFO - 	'DAGS': '030_ER2_gaussian_ev_2022-08-12_BST_09:55:21,293_create_dags'
2022-08-18 BST 10:27:43,716 - INFO - }

2022-08-18 BST 10:27:44,672 - INFO - 

DAG 0: size_true=69	X.var()=185.8479
2022-08-18 BST 10:27:47,393 - INFO -  epoch=   1      train_loss= 102.8960      val_loss=  89.2446      best=1      size= 269      nSHD_c=   8.9333      nSHD=   8.9000      tpr_c=   0.0781      change_adj_count=5      
2022-08-18 BST 10:27:47,618 - INFO -  epoch=   2      train_loss=  40.5313      val_loss=  56.7508      best=1      size= 279      nSHD_c=   8.9000      nSHD=   8.8333      tpr_c=   0.1004      change_adj_count=6      
2022-08-18 BST 10:28:03,597 - INFO -  epoch= 100      train_loss=  23.3555      val_loss=  34.9990      best=1      size= 355      nSHD_c=  10.0333      nSHD=   9.8667      tpr_c=   0.1521      change_adj_count=104      
2022-08-18 BST 10:28:19,857 - INFO -  epoch= 200      train_loss=  21.3211      val_loss=  30.6035      best=1      size= 352      nSHD_c=   9.9333      nSHD=   9.8333      tpr_c=   0.1534      change_adj_count=198      
2022-08-18 BST 10:28:36,172 - INFO -  epoch= 300      train_loss=  21.5986      val_loss=  23.5504      best=1      size= 359      nSHD_c=  10.1667      nSHD=  10.0333      tpr_c=   0.1504      change_adj_count=283      
2022-08-18 BST 10:28:52,905 - INFO -  epoch= 400      train_loss=  21.6261      val_loss=  21.1034      best=1      size= 352      nSHD_c=   9.9333      nSHD=   9.8333      tpr_c=   0.1534      change_adj_count=361      
2022-08-18 BST 10:29:11,588 - INFO -  epoch= 500      train_loss=  20.6394      val_loss=  18.4272      best=1      size= 354      nSHD_c=  10.0000      nSHD=   9.8667      tpr_c=   0.1525      change_adj_count=429      
2022-08-18 BST 10:29:30,451 - INFO -  epoch= 600      train_loss=  20.1848      val_loss=  20.8195      best=1      size= 352      nSHD_c=  10.0000      nSHD=   9.8333      tpr_c=   0.1477      change_adj_count=483      
2022-08-18 BST 10:29:48,482 - INFO -  epoch= 700      train_loss=  20.0849      val_loss=  22.3867      best=1      size= 352      nSHD_c=   9.9667      nSHD=   9.8333      tpr_c=   0.1506      change_adj_count=550      
2022-08-18 BST 10:30:06,496 - INFO -  epoch= 800      train_loss=  20.0491      val_loss=  20.3714      best=1      size= 351      nSHD_c=   9.9333      nSHD=   9.8000      tpr_c=   0.1510      change_adj_count=599      
2022-08-18 BST 10:30:24,542 - INFO -  epoch= 900      train_loss=  20.2456      val_loss=  22.3046      best=1      size= 345      nSHD_c=   9.7333      nSHD=   9.6000      tpr_c=   0.1536      change_adj_count=660      
2022-08-18 BST 10:30:43,159 - INFO -  epoch=1000      train_loss=  20.0495      val_loss=  19.5007      best=1      size= 345      nSHD_c=   9.7333      nSHD=   9.6000      tpr_c=   0.1536      change_adj_count=710      
2022-08-18 BST 10:30:43,160 - INFO - Before params
2022-08-18 BST 10:30:43,160 - INFO - After params={'MAX_SIZE': [None], 'LAMBDA': [100], 'NOISE_TEMPERATURE': [10], 'h_NULL': [0.01], 'h_LR': [0.0001], 'z_RHO': [0], 'z_MU': [0]}
2022-08-18 BST 10:30:43,160 - INFO - After metrics={'train_loss': [20.049536305089152], 'val_loss': [19.500654220581055], 'size': [345], 'nshd_c': [9.733333333333333], 'nshd': [9.6], 'tpr': [0.8260869565217391], 'tpr_c': [0.1536231884057971], 'change_adj_count': [710]}
2022-08-18 BST 10:30:43,186 - INFO - After to_save=  MAX_SIZE  LAMBDA  NOISE_TEMPERATURE  ...       tpr     tpr_c  change_adj_count
0     None     100                 10  ...  0.826087  0.153623               710

[1 rows x 16 columns]
2022-08-18 BST 10:30:43,187 - INFO - After file_path='../results/l_66none_4hps.csv'
2022-08-18 BST 10:30:43,193 - INFO - Last epoch results saved in l_66none_4hps.csv
2022-08-18 BST 10:30:43,193 - INFO - 

DAG 1: size_true=67	X.var()=127.1156
2022-08-18 BST 10:30:43,427 - INFO -  epoch=   1      train_loss=  63.8750      val_loss=  55.3108      best=1      size= 263      nSHD_c=   9.4667      nSHD=   9.3667      tpr_c=   0.0494      change_adj_count=5      
2022-08-18 BST 10:30:43,652 - INFO -  epoch=   2      train_loss=  23.1877      val_loss=  31.1191      best=1      size= 269      nSHD_c=   9.1333      nSHD=   9.1000      tpr_c=   0.0855      change_adj_count=6      
2022-08-18 BST 10:30:59,659 - INFO -  epoch= 100      train_loss=  12.7815      val_loss=  40.7361      best=1      size= 363      nSHD_c=  10.1333      nSHD=  10.0000      tpr_c=   0.1653      change_adj_count=103      
2022-08-18 BST 10:31:16,815 - INFO -  epoch= 200      train_loss=  12.3389      val_loss=  46.2520      best=1      size= 360      nSHD_c=  10.0000      nSHD=   9.8667      tpr_c=   0.1694      change_adj_count=198      
2022-08-18 BST 10:31:33,524 - INFO -  epoch= 300      train_loss=  12.2217      val_loss=  46.6660      best=1      size= 354      nSHD_c=   9.8000      nSHD=   9.6667      tpr_c=   0.1723      change_adj_count=286      
2022-08-18 BST 10:31:51,223 - INFO -  epoch= 400      train_loss=  12.4586      val_loss=  36.6592      best=1      size= 352      nSHD_c=   9.7667      nSHD=   9.6333      tpr_c=   0.1705      change_adj_count=374      
2022-08-18 BST 10:32:08,003 - INFO -  epoch= 500      train_loss=  12.0917      val_loss=  38.1837      best=1      size= 353      nSHD_c=   9.8000      nSHD=   9.6667      tpr_c=   0.1700      change_adj_count=440      
2022-08-18 BST 10:32:25,399 - INFO -  epoch= 600      train_loss=  12.9123      val_loss=  30.6883      best=1      size= 352      nSHD_c=   9.8000      nSHD=   9.6667      tpr_c=   0.1676      change_adj_count=508      
2022-08-18 BST 10:32:42,277 - INFO -  epoch= 700      train_loss=  12.1426      val_loss=  33.2451      best=1      size= 350      nSHD_c=   9.7000      nSHD=   9.5667      tpr_c=   0.1714      change_adj_count=570      
2022-08-18 BST 10:32:59,099 - INFO -  epoch= 800      train_loss=  11.9239      val_loss=  30.9253      best=1      size= 348      nSHD_c=   9.6333      nSHD=   9.5000      tpr_c=   0.1724      change_adj_count=634      
2022-08-18 BST 10:33:16,342 - INFO -  epoch= 900      train_loss=  12.2414      val_loss=  28.3926      best=1      size= 350      nSHD_c=   9.7333      nSHD=   9.6000      tpr_c=   0.1686      change_adj_count=677      
2022-08-18 BST 10:33:32,331 - INFO -  epoch=1000      train_loss=  11.8550      val_loss=  21.2486      best=1      size= 349      nSHD_c=   9.7333      nSHD=   9.6000      tpr_c=   0.1662      change_adj_count=730      
2022-08-18 BST 10:33:32,332 - INFO - Before params
2022-08-18 BST 10:33:32,332 - INFO - After params={'MAX_SIZE': [None], 'LAMBDA': [100], 'NOISE_TEMPERATURE': [10], 'h_NULL': [0.01], 'h_LR': [0.0001], 'z_RHO': [0], 'z_MU': [0]}
2022-08-18 BST 10:33:32,332 - INFO - After metrics={'train_loss': [11.855032151745212], 'val_loss': [21.248567422231037], 'size': [349], 'nshd_c': [9.733333333333333], 'nshd': [9.6], 'tpr': [0.9253731343283582], 'tpr_c': [0.166189111747851], 'change_adj_count': [730]}
2022-08-18 BST 10:33:32,350 - INFO - After to_save=  MAX_SIZE  LAMBDA  NOISE_TEMPERATURE  ...       tpr     tpr_c  change_adj_count
0     None     100                 10  ...  0.925373  0.166189               730

[1 rows x 16 columns]
2022-08-18 BST 10:33:32,350 - INFO - After file_path='../results/l_66none_4hps.csv'
2022-08-18 BST 10:33:32,352 - INFO - Last epoch results saved in l_66none_4hps.csv
2022-08-18 BST 10:33:32,352 - INFO - 

DAG 2: size_true=64	X.var()=25.7432
2022-08-18 BST 10:33:32,580 - INFO -  epoch=   1      train_loss=  16.2977      val_loss=  14.5643      best=1      size= 256      nSHD_c=   8.9333      nSHD=   8.8667      tpr_c=   0.0742      change_adj_count=5      
2022-08-18 BST 10:33:32,805 - INFO -  epoch=   2      train_loss=   9.3461      val_loss=  10.6189      best=1      size= 271      nSHD_c=   8.9667      nSHD=   8.9000      tpr_c=   0.0996      change_adj_count=6      
2022-08-18 BST 10:33:33,037 - INFO -  epoch=   3      train_loss=   7.6245      val_loss=   7.6369      best=1      size= 288      nSHD_c=   8.9667      nSHD=   8.9000      tpr_c=   0.1181      change_adj_count=7      
2022-08-18 BST 10:33:48,868 - INFO -  epoch= 100      train_loss=   6.3726      val_loss=   6.7657      best=1      size= 321      nSHD_c=   8.8333      nSHD=   8.7000      tpr_c=   0.1776      change_adj_count=104      
2022-08-18 BST 10:34:05,264 - INFO -  epoch= 200      train_loss=   6.3376      val_loss=   6.3501      best=1      size= 321      nSHD_c=   8.8333      nSHD=   8.7000      tpr_c=   0.1745      change_adj_count=201      
2022-08-18 BST 10:34:21,035 - INFO -  epoch= 300      train_loss=   6.2564      val_loss=   6.4201      best=1      size= 315      nSHD_c=   8.6667      nSHD=   8.5333      tpr_c=   0.1778      change_adj_count=289      
2022-08-18 BST 10:34:38,807 - INFO -  epoch= 400      train_loss=   6.1010      val_loss=   6.3488      best=1      size= 319      nSHD_c=   8.8000      nSHD=   8.6667      tpr_c=   0.1755      change_adj_count=370      
2022-08-18 BST 10:34:55,456 - INFO -  epoch= 500      train_loss=   6.0111      val_loss=   5.7937      best=1      size= 309      nSHD_c=   8.5000      nSHD=   8.3333      tpr_c=   0.1780      change_adj_count=434      
2022-08-18 BST 10:35:11,726 - INFO -  epoch= 600      train_loss=   5.9568      val_loss=   6.0027      best=1      size= 311      nSHD_c=   8.5333      nSHD=   8.4000      tpr_c=   0.1801      change_adj_count=491      
2022-08-18 BST 10:35:27,657 - INFO -  epoch= 700      train_loss=   5.8763      val_loss=   5.8127      best=1      size= 314      nSHD_c=   8.6000      nSHD=   8.5000      tpr_c=   0.1815      change_adj_count=543      
2022-08-18 BST 10:35:43,982 - INFO -  epoch= 800      train_loss=   5.9456      val_loss=   5.8719      best=1      size= 311      nSHD_c=   8.5000      nSHD=   8.4000      tpr_c=   0.1833      change_adj_count=600      
2022-08-18 BST 10:35:59,993 - INFO -  epoch= 900      train_loss=   5.7672      val_loss=   5.5280      best=1      size= 317      nSHD_c=   8.7333      nSHD=   8.6000      tpr_c=   0.1767      change_adj_count=649      
2022-08-18 BST 10:36:15,587 - INFO -  epoch=1000      train_loss=   5.7126      val_loss=   5.2360      best=1      size= 316      nSHD_c=   8.7000      nSHD=   8.5667      tpr_c=   0.1772      change_adj_count=669      
2022-08-18 BST 10:36:15,588 - INFO - Before params
2022-08-18 BST 10:36:15,588 - INFO - After params={'MAX_SIZE': [None], 'LAMBDA': [100], 'NOISE_TEMPERATURE': [10], 'h_NULL': [0.01], 'h_LR': [0.0001], 'z_RHO': [0], 'z_MU': [0]}
2022-08-18 BST 10:36:15,588 - INFO - After metrics={'train_loss': [5.712621058187177], 'val_loss': [5.235990524291992], 'size': [316], 'nshd_c': [8.7], 'nshd': [8.566666666666666], 'tpr': [0.9375], 'tpr_c': [0.17721518987341772], 'change_adj_count': [669]}
2022-08-18 BST 10:36:15,606 - INFO - After to_save=  MAX_SIZE  LAMBDA  NOISE_TEMPERATURE  ...     tpr     tpr_c  change_adj_count
0     None     100                 10  ...  0.9375  0.177215               669

[1 rows x 16 columns]
2022-08-18 BST 10:36:15,606 - INFO - After file_path='../results/l_66none_4hps.csv'
2022-08-18 BST 10:36:15,608 - INFO - Last epoch results saved in l_66none_4hps.csv
2022-08-18 BST 10:36:15,609 - INFO - 

DAG 3: size_true=63	X.var()=265.9248
2022-08-18 BST 10:36:15,835 - INFO -  epoch=   1      train_loss=  96.4264      val_loss=  71.1442      best=1      size= 250      nSHD_c=   8.4667      nSHD=   8.4333      tpr_c=   0.0920      change_adj_count=5      
2022-08-18 BST 10:36:16,054 - INFO -  epoch=   2      train_loss=  33.4799      val_loss=  64.8684      best=1      size= 268      nSHD_c=   8.8000      nSHD=   8.7667      tpr_c=   0.1007      change_adj_count=6      
2022-08-18 BST 10:36:31,554 - INFO -  epoch= 100      train_loss=  24.5439      val_loss=  63.8936      best=1      size= 378      nSHD_c=  10.9000      nSHD=  10.8000      tpr_c=   0.1349      change_adj_count=102      
2022-08-18 BST 10:36:46,982 - INFO -  epoch= 200      train_loss=  24.3586      val_loss=  63.5432      best=1      size= 354      nSHD_c=  10.1667      nSHD=  10.0667      tpr_c=   0.1384      change_adj_count=194      
2022-08-18 BST 10:37:03,381 - INFO -  epoch= 300      train_loss=  23.7693      val_loss=  51.9238      best=1      size= 358      nSHD_c=  10.3000      nSHD=  10.2000      tpr_c=   0.1369      change_adj_count=278      
2022-08-18 BST 10:37:20,972 - INFO -  epoch= 400      train_loss=  24.0551      val_loss=  46.0931      best=1      size= 355      nSHD_c=  10.3000      nSHD=  10.1000      tpr_c=   0.1296      change_adj_count=355      
2022-08-18 BST 10:37:37,789 - INFO -  epoch= 500      train_loss=  24.3128      val_loss=  42.4863      best=1      size= 351      nSHD_c=  10.1667      nSHD=  10.0000      tpr_c=   0.1311      change_adj_count=422      
2022-08-18 BST 10:37:54,691 - INFO -  epoch= 600      train_loss=  23.1273      val_loss=  38.5264      best=1      size= 353      nSHD_c=  10.2333      nSHD=  10.1667      tpr_c=   0.1331      change_adj_count=470      
2022-08-18 BST 10:38:11,189 - INFO -  epoch= 700      train_loss=  23.6420      val_loss=  45.2051      best=1      size= 351      nSHD_c=  10.1667      nSHD=  10.1000      tpr_c=   0.1339      change_adj_count=536      
2022-08-18 BST 10:38:27,475 - INFO -  epoch= 800      train_loss=  23.7216      val_loss=  40.3050      best=1      size= 350      nSHD_c=  10.1333      nSHD=  10.0000      tpr_c=   0.1314      change_adj_count=591      
2022-08-18 BST 10:38:43,638 - INFO -  epoch= 900      train_loss=  23.5433      val_loss=  41.9487      best=1      size= 355      nSHD_c=  10.2333      nSHD=  10.1667      tpr_c=   0.1352      change_adj_count=623      
2022-08-18 BST 10:39:00,038 - INFO -  epoch=1000      train_loss=  22.7469      val_loss=  42.5532      best=1      size= 355      nSHD_c=  10.2333      nSHD=  10.1667      tpr_c=   0.1352      change_adj_count=648      
2022-08-18 BST 10:39:00,039 - INFO - Before params
2022-08-18 BST 10:39:00,039 - INFO - After params={'MAX_SIZE': [None], 'LAMBDA': [100], 'NOISE_TEMPERATURE': [10], 'h_NULL': [0.01], 'h_LR': [0.0001], 'z_RHO': [0], 'z_MU': [0]}
2022-08-18 BST 10:39:00,039 - INFO - After metrics={'train_loss': [22.74690818786621], 'val_loss': [42.55321407318115], 'size': [355], 'nshd_c': [10.233333333333333], 'nshd': [10.166666666666666], 'tpr': [0.7936507936507936], 'tpr_c': [0.1352112676056338], 'change_adj_count': [648]}
2022-08-18 BST 10:39:00,057 - INFO - After to_save=  MAX_SIZE  LAMBDA  NOISE_TEMPERATURE  ...       tpr     tpr_c  change_adj_count
0     None     100                 10  ...  0.793651  0.135211               648

[1 rows x 16 columns]
2022-08-18 BST 10:39:00,057 - INFO - After file_path='../results/l_66none_4hps.csv'
2022-08-18 BST 10:39:00,059 - INFO - Last epoch results saved in l_66none_4hps.csv
2022-08-18 BST 10:39:00,060 - INFO - 

DAG 4: size_true=48	X.var()=47.3993
2022-08-18 BST 10:39:00,318 - INFO -  epoch=   1      train_loss=  27.6009      val_loss=  19.1354      best=1      size= 258      nSHD_c=   8.9333      nSHD=   8.8333      tpr_c=   0.0543      change_adj_count=5      
2022-08-18 BST 10:39:00,578 - INFO -  epoch=   2      train_loss=  14.1360      val_loss=  10.7275      best=1      size= 275      nSHD_c=   9.1000      nSHD=   8.9667      tpr_c=   0.0618      change_adj_count=6      
2022-08-18 BST 10:39:18,115 - INFO -  epoch= 100      train_loss=   9.1484      val_loss=  13.7936      best=1      size= 286      nSHD_c=   8.3000      nSHD=   8.0667      tpr_c=   0.1329      change_adj_count=104      
2022-08-18 BST 10:39:36,797 - INFO -  epoch= 200      train_loss=   8.9902      val_loss=   9.7187      best=1      size= 277      nSHD_c=   8.0667      nSHD=   7.8000      tpr_c=   0.1300      change_adj_count=201      
2022-08-18 BST 10:39:56,742 - INFO -  epoch= 300      train_loss=   8.5758      val_loss=  10.4571      best=1      size= 263      nSHD_c=   7.4667      nSHD=   7.3333      tpr_c=   0.1521      change_adj_count=288      
2022-08-18 BST 10:40:15,141 - INFO -  epoch= 400      train_loss=   8.8661      val_loss=  10.7305      best=1      size= 260      nSHD_c=   7.5000      nSHD=   7.2333      tpr_c=   0.1385      change_adj_count=373      
2022-08-18 BST 10:40:32,706 - INFO -  epoch= 500      train_loss=   8.5893      val_loss=   9.1558      best=1      size= 257      nSHD_c=   7.4000      nSHD=   7.1333      tpr_c=   0.1401      change_adj_count=447      
2022-08-18 BST 10:40:49,725 - INFO -  epoch= 600      train_loss=   8.2568      val_loss=   9.8280      best=1      size= 258      nSHD_c=   7.3667      nSHD=   7.1667      tpr_c=   0.1473      change_adj_count=507      
2022-08-18 BST 10:41:06,459 - INFO -  epoch= 700      train_loss=   8.2604      val_loss=  10.6010      best=1      size= 261      nSHD_c=   7.5333      nSHD=   7.2667      tpr_c=   0.1379      change_adj_count=569      
2022-08-18 BST 10:41:22,728 - INFO -  epoch= 800      train_loss=   8.4103      val_loss=   9.7697      best=1      size= 260      nSHD_c=   7.5000      nSHD=   7.2333      tpr_c=   0.1385      change_adj_count=620      
2022-08-18 BST 10:41:39,002 - INFO -  epoch= 900      train_loss=   7.9880      val_loss=  10.0424      best=1      size= 262      nSHD_c=   7.5667      nSHD=   7.3000      tpr_c=   0.1374      change_adj_count=657      
2022-08-18 BST 10:41:57,192 - INFO -  epoch=1000      train_loss=   8.2635      val_loss=   9.9201      best=1      size= 264      nSHD_c=   7.6333      nSHD=   7.3667      tpr_c=   0.1364      change_adj_count=699      
2022-08-18 BST 10:41:57,192 - INFO - Before params
2022-08-18 BST 10:41:57,193 - INFO - After params={'MAX_SIZE': [None], 'LAMBDA': [100], 'NOISE_TEMPERATURE': [10], 'h_NULL': [0.01], 'h_LR': [0.0001], 'z_RHO': [0], 'z_MU': [0]}
2022-08-18 BST 10:41:57,193 - INFO - After metrics={'train_loss': [8.263536037937287], 'val_loss': [9.920077800750732], 'size': [264], 'nshd_c': [7.633333333333334], 'nshd': [7.366666666666666], 'tpr': [0.9166666666666666], 'tpr_c': [0.13636363636363635], 'change_adj_count': [699]}
2022-08-18 BST 10:41:57,211 - INFO - After to_save=  MAX_SIZE  LAMBDA  NOISE_TEMPERATURE  ...       tpr     tpr_c  change_adj_count
0     None     100                 10  ...  0.916667  0.136364               699

[1 rows x 16 columns]
2022-08-18 BST 10:41:57,211 - INFO - After file_path='../results/l_66none_4hps.csv'
2022-08-18 BST 10:41:57,213 - INFO - Last epoch results saved in l_66none_4hps.csv
2022-08-18 BST 10:41:57,214 - INFO - 

DAG 5: size_true=57	X.var()=54.7286
2022-08-18 BST 10:41:57,465 - INFO -  epoch=   1      train_loss=  40.2218      val_loss=  25.7297      best=1      size= 246      nSHD_c=   8.7333      nSHD=   8.7000      tpr_c=   0.0447      change_adj_count=5      
2022-08-18 BST 10:41:57,709 - INFO -  epoch=   2      train_loss=  25.8906      val_loss=  14.3743      best=1      size= 266      nSHD_c=   8.6667      nSHD=   8.6333      tpr_c=   0.0827      change_adj_count=6      
2022-08-18 BST 10:41:57,960 - INFO -  epoch=   3      train_loss=  19.7868      val_loss=   9.7619      best=1      size= 272      nSHD_c=   8.5000      nSHD=   8.4667      tpr_c=   0.1066      change_adj_count=7      
2022-08-18 BST 10:42:14,925 - INFO -  epoch= 100      train_loss=  11.3698      val_loss=  12.5785      best=1      size= 303      nSHD_c=   8.5667      nSHD=   8.5000      tpr_c=   0.1584      change_adj_count=104      
2022-08-18 BST 10:42:33,012 - INFO -  epoch= 200      train_loss=  10.7485      val_loss=  10.7123      best=1      size= 308      nSHD_c=   8.7333      nSHD=   8.6667      tpr_c=   0.1558      change_adj_count=203      
2022-08-18 BST 10:42:49,554 - INFO -  epoch= 300      train_loss=  11.5131      val_loss=  11.1424      best=1      size= 306      nSHD_c=   8.6667      nSHD=   8.6000      tpr_c=   0.1569      change_adj_count=298      
2022-08-18 BST 10:43:06,709 - INFO -  epoch= 400      train_loss=  11.1081      val_loss=  12.5133      best=1      size= 299      nSHD_c=   8.4333      nSHD=   8.3667      tpr_c=   0.1605      change_adj_count=386      
2022-08-18 BST 10:43:24,095 - INFO -  epoch= 500      train_loss=  11.0901      val_loss=   9.9265      best=1      size= 308      nSHD_c=   8.7333      nSHD=   8.6667      tpr_c=   0.1558      change_adj_count=464      
2022-08-18 BST 10:43:42,065 - INFO -  epoch= 600      train_loss=  10.4934      val_loss=  10.0269      best=1      size= 310      nSHD_c=   8.8000      nSHD=   8.7333      tpr_c=   0.1548      change_adj_count=539      
2022-08-18 BST 10:43:59,221 - INFO -  epoch= 700      train_loss=  10.6782      val_loss=   9.3930      best=1      size= 312      nSHD_c=   8.8667      nSHD=   8.8000      tpr_c=   0.1538      change_adj_count=596      
2022-08-18 BST 10:44:15,772 - INFO -  epoch= 800      train_loss=  10.4199      val_loss=  10.0161      best=1      size= 308      nSHD_c=   8.7667      nSHD=   8.6667      tpr_c=   0.1526      change_adj_count=653      
2022-08-18 BST 10:44:33,052 - INFO -  epoch= 900      train_loss=  10.3910      val_loss=  10.3544      best=1      size= 306      nSHD_c=   8.7000      nSHD=   8.6333      tpr_c=   0.1536      change_adj_count=701      
2022-08-18 BST 10:44:49,758 - INFO -  epoch=1000      train_loss=  10.3499      val_loss=   9.0448      best=1      size= 306      nSHD_c=   8.7000      nSHD=   8.6333      tpr_c=   0.1536      change_adj_count=762      
2022-08-18 BST 10:44:49,759 - INFO - Before params
2022-08-18 BST 10:44:49,760 - INFO - After params={'MAX_SIZE': [None], 'LAMBDA': [100], 'NOISE_TEMPERATURE': [10], 'h_NULL': [0.01], 'h_LR': [0.0001], 'z_RHO': [0], 'z_MU': [0]}
2022-08-18 BST 10:44:49,760 - INFO - After metrics={'train_loss': [10.3499225031945], 'val_loss': [9.044795910517374], 'size': [306], 'nshd_c': [8.7], 'nshd': [8.633333333333333], 'tpr': [0.8596491228070176], 'tpr_c': [0.15359477124183007], 'change_adj_count': [762]}
2022-08-18 BST 10:44:49,778 - INFO - After to_save=  MAX_SIZE  LAMBDA  NOISE_TEMPERATURE  ...       tpr     tpr_c  change_adj_count
0     None     100                 10  ...  0.859649  0.153595               762

[1 rows x 16 columns]
2022-08-18 BST 10:44:49,778 - INFO - After file_path='../results/l_66none_4hps.csv'
2022-08-18 BST 10:44:49,781 - INFO - Last epoch results saved in l_66none_4hps.csv
2022-08-18 BST 10:44:49,782 - INFO - 

DAG 6: size_true=64	X.var()=29.7229
2022-08-18 BST 10:44:50,031 - INFO -  epoch=   1      train_loss=  15.7938      val_loss=  15.9626      best=1      size= 273      nSHD_c=   9.2333      nSHD=   9.1667      tpr_c=   0.0623      change_adj_count=5      
2022-08-18 BST 10:44:50,289 - INFO -  epoch=   2      train_loss=   8.2110      val_loss=  14.5249      best=1      size= 284      nSHD_c=   9.4667      nSHD=   9.4000      tpr_c=   0.0669      change_adj_count=6      
2022-08-18 BST 10:44:50,537 - INFO -  epoch=   3      train_loss=   7.0227      val_loss=  11.2998      best=1      size= 299      nSHD_c=   9.6000      nSHD=   9.5333      tpr_c=   0.0870      change_adj_count=7      
2022-08-18 BST 10:44:50,789 - INFO -  epoch=   4      train_loss=   6.7016      val_loss=  10.0014      best=1      size= 296      nSHD_c=   9.3667      nSHD=   9.3333      tpr_c=   0.0912      change_adj_count=8      
2022-08-18 BST 10:45:07,312 - INFO -  epoch= 100      train_loss=   6.2415      val_loss=   9.2236      best=1      size= 359      nSHD_c=  10.2667      nSHD=  10.1667      tpr_c=   0.1504      change_adj_count=103      
2022-08-18 BST 10:45:24,160 - INFO -  epoch= 200      train_loss=   6.2105      val_loss=   7.9753      best=1      size= 361      nSHD_c=  10.3667      nSHD=  10.3000      tpr_c=   0.1468      change_adj_count=195      
2022-08-18 BST 10:45:41,167 - INFO -  epoch= 300      train_loss=   6.1331      val_loss=   7.3435      best=1      size= 365      nSHD_c=  10.5667      nSHD=  10.4667      tpr_c=   0.1397      change_adj_count=285      
2022-08-18 BST 10:45:58,497 - INFO -  epoch= 400      train_loss=   6.0291      val_loss=   6.9968      best=1      size= 365      nSHD_c=  10.4667      nSHD=  10.4333      tpr_c=   0.1479      change_adj_count=352      
2022-08-18 BST 10:46:15,235 - INFO -  epoch= 500      train_loss=   6.0024      val_loss=   7.2887      best=1      size= 363      nSHD_c=  10.4333      nSHD=  10.3667      tpr_c=   0.1460      change_adj_count=422      
2022-08-18 BST 10:46:32,345 - INFO -  epoch= 600      train_loss=   5.9988      val_loss=   7.5660      best=1      size= 362      nSHD_c=  10.4000      nSHD=  10.3333      tpr_c=   0.1464      change_adj_count=468      
2022-08-18 BST 10:46:49,432 - INFO -  epoch= 700      train_loss=   5.8621      val_loss=   7.1267      best=1      size= 363      nSHD_c=  10.4333      nSHD=  10.3667      tpr_c=   0.1460      change_adj_count=511      
2022-08-18 BST 10:47:06,201 - INFO -  epoch= 800      train_loss=   5.8360      val_loss=   6.9931      best=1      size= 364      nSHD_c=  10.4667      nSHD=  10.4000      tpr_c=   0.1456      change_adj_count=558      
2022-08-18 BST 10:47:23,478 - INFO -  epoch= 900      train_loss=   5.7595      val_loss=   6.5822      best=1      size= 365      nSHD_c=  10.5000      nSHD=  10.4333      tpr_c=   0.1452      change_adj_count=603      
2022-08-18 BST 10:47:39,725 - INFO -  epoch=1000      train_loss=   5.7012      val_loss=   6.8933      best=1      size= 365      nSHD_c=  10.5000      nSHD=  10.4333      tpr_c=   0.1452      change_adj_count=654      
2022-08-18 BST 10:47:39,726 - INFO - Before params
2022-08-18 BST 10:47:39,726 - INFO - After params={'MAX_SIZE': [None], 'LAMBDA': [100], 'NOISE_TEMPERATURE': [10], 'h_NULL': [0.01], 'h_LR': [0.0001], 'z_RHO': [0], 'z_MU': [0]}
2022-08-18 BST 10:47:39,726 - INFO - After metrics={'train_loss': [5.701181088724444], 'val_loss': [6.8932952880859375], 'size': [365], 'nshd_c': [10.5], 'nshd': [10.433333333333334], 'tpr': [0.859375], 'tpr_c': [0.14520547945205478], 'change_adj_count': [654]}
2022-08-18 BST 10:47:39,744 - INFO - After to_save=  MAX_SIZE  LAMBDA  NOISE_TEMPERATURE  ...       tpr     tpr_c  change_adj_count
0     None     100                 10  ...  0.859375  0.145205               654

[1 rows x 16 columns]
2022-08-18 BST 10:47:39,744 - INFO - After file_path='../results/l_66none_4hps.csv'
2022-08-18 BST 10:47:39,747 - INFO - Last epoch results saved in l_66none_4hps.csv
2022-08-18 BST 10:47:39,748 - INFO - 

DAG 7: size_true=62	X.var()=55.6800
2022-08-18 BST 10:47:39,998 - INFO -  epoch=   1      train_loss=  25.6805      val_loss=  17.8603      best=1      size= 279      nSHD_c=   9.0000      nSHD=   8.9333      tpr_c=   0.1004      change_adj_count=5      
2022-08-18 BST 10:47:57,574 - INFO -  epoch= 100      train_loss=   7.1902      val_loss=  14.2110      best=1      size= 361      nSHD_c=  10.4333      nSHD=  10.3000      tpr_c=   0.1357      change_adj_count=104      
2022-08-18 BST 10:48:13,892 - INFO -  epoch= 200      train_loss=   7.2617      val_loss=  11.1893      best=1      size= 354      nSHD_c=  10.4000      nSHD=  10.2333      tpr_c=   0.1243      change_adj_count=201      
2022-08-18 BST 10:48:30,507 - INFO -  epoch= 300      train_loss=   6.9470      val_loss=  11.4599      best=1      size= 352      nSHD_c=  10.4000      nSHD=  10.2333      tpr_c=   0.1222      change_adj_count=283      
2022-08-18 BST 10:48:47,827 - INFO -  epoch= 400      train_loss=   6.9492      val_loss=  10.7462      best=1      size= 344      nSHD_c=  10.1000      nSHD=   9.9667      tpr_c=   0.1279      change_adj_count=367      
2022-08-18 BST 10:49:04,454 - INFO -  epoch= 500      train_loss=   6.8171      val_loss=  10.2377      best=1      size= 348      nSHD_c=  10.2667      nSHD=  10.1000      tpr_c=   0.1236      change_adj_count=459      
2022-08-18 BST 10:49:22,010 - INFO -  epoch= 600      train_loss=   6.8755      val_loss=  10.1218      best=1      size= 349      nSHD_c=  10.2667      nSHD=  10.1333      tpr_c=   0.1261      change_adj_count=532      
2022-08-18 BST 10:49:41,136 - INFO -  epoch= 700      train_loss=   6.8252      val_loss=   9.4259      best=1      size= 349      nSHD_c=  10.3000      nSHD=  10.1000      tpr_c=   0.1232      change_adj_count=602      
2022-08-18 BST 10:49:58,391 - INFO -  epoch= 800      train_loss=   6.9522      val_loss=   8.3050      best=1      size= 351      nSHD_c=  10.3333      nSHD=  10.1333      tpr_c=   0.1254      change_adj_count=658      
2022-08-18 BST 10:50:15,971 - INFO -  epoch= 900      train_loss=   6.6919      val_loss=   9.6333      best=1      size= 349      nSHD_c=  10.2667      nSHD=  10.0667      tpr_c=   0.1261      change_adj_count=697      
2022-08-18 BST 10:50:32,947 - INFO -  epoch=1000      train_loss=   6.6442      val_loss=   7.9489      best=1      size= 349      nSHD_c=  10.3000      nSHD=  10.0667      tpr_c=   0.1232      change_adj_count=727      
2022-08-18 BST 10:50:32,948 - INFO - Before params
2022-08-18 BST 10:50:32,948 - INFO - After params={'MAX_SIZE': [None], 'LAMBDA': [100], 'NOISE_TEMPERATURE': [10], 'h_NULL': [0.01], 'h_LR': [0.0001], 'z_RHO': [0], 'z_MU': [0]}
2022-08-18 BST 10:50:32,948 - INFO - After metrics={'train_loss': [6.644172514638593], 'val_loss': [7.948914686838786], 'size': [349], 'nshd_c': [10.3], 'nshd': [10.066666666666666], 'tpr': [0.8064516129032258], 'tpr_c': [0.12320916905444126], 'change_adj_count': [727]}
2022-08-18 BST 10:50:32,966 - INFO - After to_save=  MAX_SIZE  LAMBDA  NOISE_TEMPERATURE  ...       tpr     tpr_c  change_adj_count
0     None     100                 10  ...  0.806452  0.123209               727

[1 rows x 16 columns]
2022-08-18 BST 10:50:32,966 - INFO - After file_path='../results/l_66none_4hps.csv'
2022-08-18 BST 10:50:32,968 - INFO - Last epoch results saved in l_66none_4hps.csv
2022-08-18 BST 10:50:32,969 - INFO - 

DAG 8: size_true=63	X.var()=39.3378
2022-08-18 BST 10:50:33,182 - INFO -  epoch=   1      train_loss=  23.9722      val_loss=  19.1642      best=1      size= 258      nSHD_c=   8.8333      nSHD=   8.8000      tpr_c=   0.0581      change_adj_count=5      
2022-08-18 BST 10:50:33,434 - INFO -  epoch=   2      train_loss=  11.4421      val_loss=  12.0853      best=1      size= 269      nSHD_c=   9.2000      nSHD=   9.2000      tpr_c=   0.0632      change_adj_count=6      
2022-08-18 BST 10:50:50,447 - INFO -  epoch= 100      train_loss=   7.6950      val_loss=   9.3850      best=1      size= 349      nSHD_c=   9.8333      nSHD=   9.7333      tpr_c=   0.1547      change_adj_count=104      
2022-08-18 BST 10:51:07,167 - INFO -  epoch= 200      train_loss=   7.4439      val_loss=   9.0723      best=1      size= 353      nSHD_c=  10.0000      nSHD=   9.9000      tpr_c=   0.1501      change_adj_count=202      
2022-08-18 BST 10:51:23,785 - INFO -  epoch= 300      train_loss=   7.6209      val_loss=   7.9557      best=1      size= 348      nSHD_c=   9.8000      nSHD=   9.7000      tpr_c=   0.1552      change_adj_count=292      
2022-08-18 BST 10:51:40,422 - INFO -  epoch= 400      train_loss=   7.5139      val_loss=   7.6482      best=1      size= 343      nSHD_c=   9.6333      nSHD=   9.5333      tpr_c=   0.1574      change_adj_count=369      
2022-08-18 BST 10:51:57,850 - INFO -  epoch= 500      train_loss=   7.4388      val_loss=   8.5465      best=1      size= 346      nSHD_c=   9.7333      nSHD=   9.6333      tpr_c=   0.1561      change_adj_count=447      
2022-08-18 BST 10:52:14,599 - INFO -  epoch= 600      train_loss=   7.1872      val_loss=   8.2195      best=1      size= 348      nSHD_c=   9.8000      nSHD=   9.7000      tpr_c=   0.1552      change_adj_count=495      
2022-08-18 BST 10:52:31,631 - INFO -  epoch= 700      train_loss=   7.1592      val_loss=   7.2902      best=1      size= 348      nSHD_c=   9.8000      nSHD=   9.7000      tpr_c=   0.1552      change_adj_count=555      
2022-08-18 BST 10:52:48,420 - INFO -  epoch= 800      train_loss=   7.0978      val_loss=   7.6941      best=1      size= 347      nSHD_c=   9.7667      nSHD=   9.6667      tpr_c=   0.1556      change_adj_count=601      
2022-08-18 BST 10:53:05,611 - INFO -  epoch= 900      train_loss=   7.3072      val_loss=   8.3244      best=1      size= 350      nSHD_c=   9.8667      nSHD=   9.7667      tpr_c=   0.1543      change_adj_count=643      
2022-08-18 BST 10:53:22,551 - INFO -  epoch=1000      train_loss=   7.0498      val_loss=   7.2735      best=1      size= 349      nSHD_c=   9.8333      nSHD=   9.7333      tpr_c=   0.1547      change_adj_count=678      
2022-08-18 BST 10:53:22,551 - INFO - Before params
2022-08-18 BST 10:53:22,551 - INFO - After params={'MAX_SIZE': [None], 'LAMBDA': [100], 'NOISE_TEMPERATURE': [10], 'h_NULL': [0.01], 'h_LR': [0.0001], 'z_RHO': [0], 'z_MU': [0]}
2022-08-18 BST 10:53:22,551 - INFO - After metrics={'train_loss': [7.049798427089568], 'val_loss': [7.2734527587890625], 'size': [349], 'nshd_c': [9.833333333333334], 'nshd': [9.733333333333333], 'tpr': [0.9047619047619048], 'tpr_c': [0.15472779369627507], 'change_adj_count': [678]}
2022-08-18 BST 10:53:22,569 - INFO - After to_save=  MAX_SIZE  LAMBDA  NOISE_TEMPERATURE  ...       tpr     tpr_c  change_adj_count
0     None     100                 10  ...  0.904762  0.154728               678

[1 rows x 16 columns]
2022-08-18 BST 10:53:22,570 - INFO - After file_path='../results/l_66none_4hps.csv'
2022-08-18 BST 10:53:22,572 - INFO - Last epoch results saved in l_66none_4hps.csv
2022-08-18 BST 10:53:22,572 - INFO - 

DAG 9: size_true=61	X.var()=94.6254
2022-08-18 BST 10:53:22,786 - INFO -  epoch=   1      train_loss=  42.4244      val_loss=  32.2417      best=1      size= 266      nSHD_c=   8.8667      nSHD=   8.8333      tpr_c=   0.0714      change_adj_count=5      
2022-08-18 BST 10:53:39,118 - INFO -  epoch= 100      train_loss=  13.2125      val_loss=  28.6652      best=1      size= 370      nSHD_c=  10.6333      nSHD=  10.5000      tpr_c=   0.1378      change_adj_count=103      
2022-08-18 BST 10:53:56,110 - INFO -  epoch= 200      train_loss=  13.2965      val_loss=  24.0798      best=1      size= 375      nSHD_c=  10.8667      nSHD=  10.7667      tpr_c=   0.1333      change_adj_count=194      
2022-08-18 BST 10:54:13,546 - INFO -  epoch= 300      train_loss=  12.9462      val_loss=  23.2739      best=1      size= 375      nSHD_c=  10.8333      nSHD=  10.7333      tpr_c=   0.1360      change_adj_count=269      
2022-08-18 BST 10:54:39,290 - INFO -  epoch= 400      train_loss=  12.2971      val_loss=  23.0200      best=1      size= 373      nSHD_c=  10.8000      nSHD=  10.7000      tpr_c=   0.1340      change_adj_count=332      
2022-08-18 BST 10:54:58,203 - INFO -  epoch= 500      train_loss=  12.6641      val_loss=  23.9679      best=1      size= 368      nSHD_c=  10.6333      nSHD=  10.5333      tpr_c=   0.1359      change_adj_count=393      
2022-08-18 BST 10:55:16,857 - INFO -  epoch= 600      train_loss=  12.1608      val_loss=  22.8396      best=1      size= 366      nSHD_c=  10.5667      nSHD=  10.4667      tpr_c=   0.1366      change_adj_count=453      
2022-08-18 BST 10:55:35,316 - INFO -  epoch= 700      train_loss=  12.2425      val_loss=  23.4985      best=1      size= 365      nSHD_c=  10.5000      nSHD=  10.4000      tpr_c=   0.1397      change_adj_count=494      
2022-08-18 BST 10:55:53,825 - INFO -  epoch= 800      train_loss=  11.9689      val_loss=  21.7226      best=1      size= 366      nSHD_c=  10.5333      nSHD=  10.4333      tpr_c=   0.1393      change_adj_count=546      
2022-08-18 BST 10:56:13,140 - INFO -  epoch= 900      train_loss=  12.1035      val_loss=  22.4298      best=1      size= 367      nSHD_c=  10.5667      nSHD=  10.4667      tpr_c=   0.1390      change_adj_count=574      
2022-08-18 BST 10:56:31,939 - INFO -  epoch=1000      train_loss=  11.9053      val_loss=  21.7526      best=1      size= 370      nSHD_c=  10.6667      nSHD=  10.5667      tpr_c=   0.1378      change_adj_count=610      
2022-08-18 BST 10:56:31,940 - INFO - Before params
2022-08-18 BST 10:56:31,941 - INFO - After params={'MAX_SIZE': [None], 'LAMBDA': [100], 'NOISE_TEMPERATURE': [10], 'h_NULL': [0.01], 'h_LR': [0.0001], 'z_RHO': [0], 'z_MU': [0]}
2022-08-18 BST 10:56:31,941 - INFO - After metrics={'train_loss': [11.905343732526225], 'val_loss': [21.752599716186523], 'size': [370], 'nshd_c': [10.666666666666666], 'nshd': [10.566666666666666], 'tpr': [0.8852459016393442], 'tpr_c': [0.13783783783783785], 'change_adj_count': [610]}
2022-08-18 BST 10:56:31,964 - INFO - After to_save=  MAX_SIZE  LAMBDA  NOISE_TEMPERATURE  ...       tpr     tpr_c  change_adj_count
0     None     100                 10  ...  0.885246  0.137838               610

[1 rows x 16 columns]
2022-08-18 BST 10:56:31,964 - INFO - After file_path='../results/l_66none_4hps.csv'
2022-08-18 BST 10:56:31,968 - INFO - Last epoch results saved in l_66none_4hps.csv
2022-08-18 BST 10:56:31,969 - INFO - 

DAG 10: size_true=51	X.var()=18.9170
2022-08-18 BST 10:56:32,242 - INFO -  epoch=   1      train_loss=  11.5283      val_loss=  10.8120      best=1      size= 254      nSHD_c=   8.8333      nSHD=   8.8333      tpr_c=   0.0394      change_adj_count=5      
2022-08-18 BST 10:56:32,534 - INFO -  epoch=   2      train_loss=   6.5122      val_loss=   9.3522      best=1      size= 265      nSHD_c=   9.1000      nSHD=   9.0333      tpr_c=   0.0491      change_adj_count=6      
2022-08-18 BST 10:56:50,680 - INFO -  epoch= 100      train_loss=   5.0394      val_loss=   4.8825      best=1      size= 311      nSHD_c=   9.1333      nSHD=   9.0000      tpr_c=   0.1254      change_adj_count=104      
2022-08-18 BST 10:57:08,045 - INFO -  epoch= 200      train_loss=   4.8490      val_loss=   4.7512      best=1      size= 309      nSHD_c=   9.0333      nSHD=   8.9000      tpr_c=   0.1262      change_adj_count=199      
2022-08-18 BST 10:57:24,456 - INFO -  epoch= 300      train_loss=   4.8277      val_loss=   5.0846      best=1      size= 308      nSHD_c=   8.9333      nSHD=   8.8333      tpr_c=   0.1331      change_adj_count=295      
2022-08-18 BST 10:57:40,627 - INFO -  epoch= 400      train_loss=   4.7676      val_loss=   4.8045      best=1      size= 299      nSHD_c=   8.6333      nSHD=   8.5333      tpr_c=   0.1371      change_adj_count=385      
2022-08-18 BST 10:57:57,807 - INFO -  epoch= 500      train_loss=   4.7110      val_loss=   4.7960      best=1      size= 300      nSHD_c=   8.7000      nSHD=   8.5667      tpr_c=   0.1333      change_adj_count=457      
2022-08-18 BST 10:58:14,688 - INFO -  epoch= 600      train_loss=   4.7654      val_loss=   4.9515      best=1      size= 296      nSHD_c=   8.5667      nSHD=   8.4333      tpr_c=   0.1351      change_adj_count=523      
2022-08-18 BST 10:58:32,111 - INFO -  epoch= 700      train_loss=   4.5451      val_loss=   4.6068      best=1      size= 300      nSHD_c=   8.7000      nSHD=   8.5667      tpr_c=   0.1333      change_adj_count=573      
2022-08-18 BST 10:58:49,349 - INFO -  epoch= 800      train_loss=   4.6223      val_loss=   4.8836      best=1      size= 295      nSHD_c=   8.5000      nSHD=   8.4000      tpr_c=   0.1390      change_adj_count=627      
2022-08-18 BST 10:59:05,543 - INFO -  epoch= 900      train_loss=   4.5263      val_loss=   4.2685      best=1      size= 297      nSHD_c=   8.6000      nSHD=   8.5000      tpr_c=   0.1347      change_adj_count=677      
2022-08-18 BST 10:59:21,585 - INFO -  epoch=1000      train_loss=   4.5487      val_loss=   4.4693      best=1      size= 295      nSHD_c=   8.5667      nSHD=   8.4333      tpr_c=   0.1322      change_adj_count=720      
2022-08-18 BST 10:59:21,586 - INFO - Before params
2022-08-18 BST 10:59:21,586 - INFO - After params={'MAX_SIZE': [None], 'LAMBDA': [100], 'NOISE_TEMPERATURE': [10], 'h_NULL': [0.01], 'h_LR': [0.0001], 'z_RHO': [0], 'z_MU': [0]}
2022-08-18 BST 10:59:21,587 - INFO - After metrics={'train_loss': [4.548706485379126], 'val_loss': [4.469275236129761], 'size': [295], 'nshd_c': [8.566666666666666], 'nshd': [8.433333333333334], 'tpr': [0.8431372549019608], 'tpr_c': [0.13220338983050847], 'change_adj_count': [720]}
2022-08-18 BST 10:59:21,604 - INFO - After to_save=  MAX_SIZE  LAMBDA  NOISE_TEMPERATURE  ...       tpr     tpr_c  change_adj_count
0     None     100                 10  ...  0.843137  0.132203               720

[1 rows x 16 columns]
2022-08-18 BST 10:59:21,605 - INFO - After file_path='../results/l_66none_4hps.csv'
2022-08-18 BST 10:59:21,608 - INFO - Last epoch results saved in l_66none_4hps.csv
2022-08-18 BST 10:59:21,609 - INFO - 

DAG 11: size_true=68	X.var()=127.5135
2022-08-18 BST 10:59:21,834 - INFO -  epoch=   1      train_loss=  65.5419      val_loss=  34.4687      best=1      size= 266      nSHD_c=   9.0333      nSHD=   8.9667      tpr_c=   0.0789      change_adj_count=5      
2022-08-18 BST 10:59:37,603 - INFO -  epoch= 100      train_loss=  16.1422      val_loss=  42.5966      best=1      size= 346      nSHD_c=   9.6333      nSHD=   9.5000      tpr_c=   0.1705      change_adj_count=102      
2022-08-18 BST 10:59:54,146 - INFO -  epoch= 200      train_loss=  16.5749      val_loss=  35.2412      best=1      size= 347      nSHD_c=   9.6333      nSHD=   9.4667      tpr_c=   0.1700      change_adj_count=199      
2022-08-18 BST 11:00:11,397 - INFO -  epoch= 300      train_loss=  16.6059      val_loss=  33.0943      best=1      size= 344      nSHD_c=   9.5333      nSHD=   9.3667      tpr_c=   0.1715      change_adj_count=284      
2022-08-18 BST 11:00:27,956 - INFO -  epoch= 400      train_loss=  15.4656      val_loss=  31.3454      best=1      size= 343      nSHD_c=   9.5000      nSHD=   9.3333      tpr_c=   0.1720      change_adj_count=358      
2022-08-18 BST 11:00:45,326 - INFO -  epoch= 500      train_loss=  15.9349      val_loss=  35.4778      best=1      size= 339      nSHD_c=   9.3000      nSHD=   9.2000      tpr_c=   0.1799      change_adj_count=416      
2022-08-18 BST 11:01:02,167 - INFO -  epoch= 600      train_loss=  16.0439      val_loss=  29.2846      best=1      size= 334      nSHD_c=   9.1000      nSHD=   9.0333      tpr_c=   0.1856      change_adj_count=467      
2022-08-18 BST 11:01:18,693 - INFO -  epoch= 700      train_loss=  15.6808      val_loss=  27.2250      best=1      size= 336      nSHD_c=   9.1667      nSHD=   9.1000      tpr_c=   0.1845      change_adj_count=512      
2022-08-18 BST 11:01:35,028 - INFO -  epoch= 800      train_loss=  15.4579      val_loss=  26.9359      best=1      size= 335      nSHD_c=   9.1667      nSHD=   9.1000      tpr_c=   0.1821      change_adj_count=567      
2022-08-18 BST 11:01:50,970 - INFO -  epoch= 900      train_loss=  15.1382      val_loss=  25.6559      best=1      size= 333      nSHD_c=   9.0667      nSHD=   9.0000      tpr_c=   0.1862      change_adj_count=632      
2022-08-18 BST 11:02:07,107 - INFO -  epoch=1000      train_loss=  15.6055      val_loss=  25.7348      best=1      size= 334      nSHD_c=   9.1000      nSHD=   9.0333      tpr_c=   0.1856      change_adj_count=700      
2022-08-18 BST 11:02:07,107 - INFO - Before params
2022-08-18 BST 11:02:07,107 - INFO - After params={'MAX_SIZE': [None], 'LAMBDA': [100], 'NOISE_TEMPERATURE': [10], 'h_NULL': [0.01], 'h_LR': [0.0001], 'z_RHO': [0], 'z_MU': [0]}
2022-08-18 BST 11:02:07,107 - INFO - After metrics={'train_loss': [15.605535261092648], 'val_loss': [25.73477904001872], 'size': [334], 'nshd_c': [9.1], 'nshd': [9.033333333333333], 'tpr': [0.9411764705882353], 'tpr_c': [0.18562874251497005], 'change_adj_count': [700]}
2022-08-18 BST 11:02:07,125 - INFO - After to_save=  MAX_SIZE  LAMBDA  NOISE_TEMPERATURE  ...       tpr     tpr_c  change_adj_count
0     None     100                 10  ...  0.941176  0.185629               700

[1 rows x 16 columns]
2022-08-18 BST 11:02:07,125 - INFO - After file_path='../results/l_66none_4hps.csv'
2022-08-18 BST 11:02:07,128 - INFO - Last epoch results saved in l_66none_4hps.csv
2022-08-18 BST 11:02:07,128 - INFO - 

DAG 12: size_true=53	X.var()=15.8398
2022-08-18 BST 11:02:07,356 - INFO -  epoch=   1      train_loss=  10.2831      val_loss=   7.5610      best=1      size= 253      nSHD_c=   8.1333      nSHD=   8.0333      tpr_c=   0.0949      change_adj_count=5      
2022-08-18 BST 11:02:07,580 - INFO -  epoch=   2      train_loss=   5.8898      val_loss=   5.1111      best=1      size= 263      nSHD_c=   8.2667      nSHD=   8.1667      tpr_c=   0.1027      change_adj_count=6      
2022-08-18 BST 11:02:22,766 - INFO -  epoch= 100      train_loss=   4.1594      val_loss=   3.5367      best=1      size= 297      nSHD_c=   8.6000      nSHD=   8.3667      tpr_c=   0.1347      change_adj_count=104      
2022-08-18 BST 11:02:38,920 - INFO -  epoch= 200      train_loss=   4.0890      val_loss=   3.5357      best=1      size= 288      nSHD_c=   8.4333      nSHD=   8.2000      tpr_c=   0.1285      change_adj_count=203      
2022-08-18 BST 11:02:55,707 - INFO -  epoch= 300      train_loss=   4.0046      val_loss=   3.7674      best=1      size= 287      nSHD_c=   8.3667      nSHD=   8.1333      tpr_c=   0.1324      change_adj_count=293      
2022-08-18 BST 11:03:12,259 - INFO -  epoch= 400      train_loss=   3.9828      val_loss=   3.3348      best=1      size= 284      nSHD_c=   8.3000      nSHD=   8.0667      tpr_c=   0.1303      change_adj_count=378      
2022-08-18 BST 11:03:28,661 - INFO -  epoch= 500      train_loss=   4.1649      val_loss=   3.3305      best=1      size= 283      nSHD_c=   8.2667      nSHD=   8.0333      tpr_c=   0.1307      change_adj_count=456      
2022-08-18 BST 11:03:45,826 - INFO -  epoch= 600      train_loss=   3.9890      val_loss=   3.3468      best=1      size= 278      nSHD_c=   8.1000      nSHD=   7.8667      tpr_c=   0.1331      change_adj_count=530      
2022-08-18 BST 11:04:03,705 - INFO -  epoch= 700      train_loss=   3.9650      val_loss=   3.4224      best=1      size= 283      nSHD_c=   8.2667      nSHD=   8.0333      tpr_c=   0.1307      change_adj_count=602      
2022-08-18 BST 11:04:22,268 - INFO -  epoch= 800      train_loss=   3.8528      val_loss=   3.5037      best=1      size= 279      nSHD_c=   8.1333      nSHD=   7.9000      tpr_c=   0.1326      change_adj_count=670      
2022-08-18 BST 11:04:39,868 - INFO -  epoch= 900      train_loss=   3.8142      val_loss=   3.4209      best=1      size= 280      nSHD_c=   8.1667      nSHD=   7.9333      tpr_c=   0.1321      change_adj_count=727      
2022-08-18 BST 11:04:56,242 - INFO -  epoch=1000      train_loss=   3.8111      val_loss=   3.2665      best=1      size= 279      nSHD_c=   8.1000      nSHD=   7.8667      tpr_c=   0.1362      change_adj_count=768      
2022-08-18 BST 11:04:56,243 - INFO - Before params
2022-08-18 BST 11:04:56,243 - INFO - After params={'MAX_SIZE': [None], 'LAMBDA': [100], 'NOISE_TEMPERATURE': [10], 'h_NULL': [0.01], 'h_LR': [0.0001], 'z_RHO': [0], 'z_MU': [0]}
2022-08-18 BST 11:04:56,244 - INFO - After metrics={'train_loss': [3.8111079431349233], 'val_loss': [3.2665175596872964], 'size': [279], 'nshd_c': [8.1], 'nshd': [7.866666666666666], 'tpr': [0.8490566037735849], 'tpr_c': [0.13620071684587814], 'change_adj_count': [768]}
2022-08-18 BST 11:04:56,262 - INFO - After to_save=  MAX_SIZE  LAMBDA  NOISE_TEMPERATURE  ...       tpr     tpr_c  change_adj_count
0     None     100                 10  ...  0.849057  0.136201               768

[1 rows x 16 columns]
2022-08-18 BST 11:04:56,262 - INFO - After file_path='../results/l_66none_4hps.csv'
2022-08-18 BST 11:04:56,265 - INFO - Last epoch results saved in l_66none_4hps.csv
2022-08-18 BST 11:04:56,265 - INFO - 

DAG 13: size_true=53	X.var()=112.2632
2022-08-18 BST 11:04:56,529 - INFO -  epoch=   1      train_loss=  63.6466      val_loss=  51.2987      best=1      size= 250      nSHD_c=   8.6333      nSHD=   8.5667      tpr_c=   0.0560      change_adj_count=5      
2022-08-18 BST 11:04:56,791 - INFO -  epoch=   2      train_loss=  24.9909      val_loss=  37.8099      best=1      size= 263      nSHD_c=   8.6667      nSHD=   8.6333      tpr_c=   0.0760      change_adj_count=6      
2022-08-18 BST 11:04:57,045 - INFO -  epoch=   3      train_loss=  17.3962      val_loss=  26.9085      best=1      size= 279      nSHD_c=   8.9667      nSHD=   8.8667      tpr_c=   0.0860      change_adj_count=7      
2022-08-18 BST 11:05:13,314 - INFO -  epoch= 100      train_loss=  13.3630      val_loss=  19.2627      best=1      size= 320      nSHD_c=   9.3667      nSHD=   9.2667      tpr_c=   0.1313      change_adj_count=104      
2022-08-18 BST 11:05:30,552 - INFO -  epoch= 200      train_loss=  12.6761      val_loss=  25.5320      best=1      size= 314      nSHD_c=   9.1667      nSHD=   9.0667      tpr_c=   0.1306      change_adj_count=203      
2022-08-18 BST 11:05:48,685 - INFO -  epoch= 300      train_loss=  13.5731      val_loss=  20.4467      best=1      size= 304      nSHD_c=   8.9000      nSHD=   8.8000      tpr_c=   0.1283      change_adj_count=299      
2022-08-18 BST 11:06:06,067 - INFO -  epoch= 400      train_loss=  12.9427      val_loss=  22.1617      best=1      size= 303      nSHD_c=   8.8667      nSHD=   8.7667      tpr_c=   0.1287      change_adj_count=382      
2022-08-18 BST 11:06:22,482 - INFO -  epoch= 500      train_loss=  13.1157      val_loss=  16.4017      best=1      size= 300      nSHD_c=   8.7667      nSHD=   8.6667      tpr_c=   0.1300      change_adj_count=460      
2022-08-18 BST 11:06:38,979 - INFO -  epoch= 600      train_loss=  13.0968      val_loss=  15.7716      best=1      size= 301      nSHD_c=   8.8000      nSHD=   8.7000      tpr_c=   0.1296      change_adj_count=534      
2022-08-18 BST 11:06:55,866 - INFO -  epoch= 700      train_loss=  12.9047      val_loss=  15.2170      best=1      size= 300      nSHD_c=   8.7667      nSHD=   8.6667      tpr_c=   0.1300      change_adj_count=591      
2022-08-18 BST 11:07:12,199 - INFO -  epoch= 800      train_loss=  12.5391      val_loss=  16.2938      best=1      size= 304      nSHD_c=   8.9000      nSHD=   8.8000      tpr_c=   0.1283      change_adj_count=646      
2022-08-18 BST 11:07:28,804 - INFO -  epoch= 900      train_loss=  12.1741      val_loss=  20.7227      best=1      size= 304      nSHD_c=   8.9000      nSHD=   8.8000      tpr_c=   0.1283      change_adj_count=701      
2022-08-18 BST 11:07:45,772 - INFO -  epoch=1000      train_loss=  12.6052      val_loss=  21.3210      best=1      size= 306      nSHD_c=   8.9667      nSHD=   8.8667      tpr_c=   0.1275      change_adj_count=747      
2022-08-18 BST 11:07:45,773 - INFO - Before params
2022-08-18 BST 11:07:45,774 - INFO - After params={'MAX_SIZE': [None], 'LAMBDA': [100], 'NOISE_TEMPERATURE': [10], 'h_NULL': [0.01], 'h_LR': [0.0001], 'z_RHO': [0], 'z_MU': [0]}
2022-08-18 BST 11:07:45,774 - INFO - After metrics={'train_loss': [12.605225347703502], 'val_loss': [21.320992469787598], 'size': [306], 'nshd_c': [8.966666666666667], 'nshd': [8.866666666666667], 'tpr': [0.7924528301886793], 'tpr_c': [0.12745098039215685], 'change_adj_count': [747]}
2022-08-18 BST 11:07:45,791 - INFO - After to_save=  MAX_SIZE  LAMBDA  NOISE_TEMPERATURE  ...       tpr     tpr_c  change_adj_count
0     None     100                 10  ...  0.792453  0.127451               747

[1 rows x 16 columns]
2022-08-18 BST 11:07:45,792 - INFO - After file_path='../results/l_66none_4hps.csv'
2022-08-18 BST 11:07:45,794 - INFO - Last epoch results saved in l_66none_4hps.csv
2022-08-18 BST 11:07:45,794 - INFO - 

DAG 14: size_true=59	X.var()=16.7418
2022-08-18 BST 11:07:46,035 - INFO -  epoch=   1      train_loss=   9.3287      val_loss=   8.8998      best=1      size= 260      nSHD_c=   8.7333      nSHD=   8.7000      tpr_c=   0.0654      change_adj_count=5      
2022-08-18 BST 11:07:46,289 - INFO -  epoch=   2      train_loss=   5.1955      val_loss=   6.9679      best=1      size= 262      nSHD_c=   8.6000      nSHD=   8.5333      tpr_c=   0.0802      change_adj_count=6      
2022-08-18 BST 11:08:02,415 - INFO -  epoch= 100      train_loss=   4.1474      val_loss=   5.5719      best=1      size= 344      nSHD_c=   9.7333      nSHD=   9.6000      tpr_c=   0.1512      change_adj_count=104      
2022-08-18 BST 11:08:18,886 - INFO -  epoch= 200      train_loss=   4.1332      val_loss=   5.4051      best=1      size= 352      nSHD_c=  10.0333      nSHD=   9.8667      tpr_c=   0.1449      change_adj_count=196      
2022-08-18 BST 11:08:35,539 - INFO -  epoch= 300      train_loss=   4.0853      val_loss=   5.1436      best=1      size= 362      nSHD_c=  10.3667      nSHD=  10.2000      tpr_c=   0.1409      change_adj_count=282      
2022-08-18 BST 11:08:53,504 - INFO -  epoch= 400      train_loss=   4.0165      val_loss=   5.2807      best=1      size= 357      nSHD_c=  10.2000      nSHD=  10.0333      tpr_c=   0.1429      change_adj_count=364      
2022-08-18 BST 11:09:11,931 - INFO -  epoch= 500      train_loss=   4.0066      val_loss=   5.1330      best=1      size= 353      nSHD_c=  10.0667      nSHD=   9.9000      tpr_c=   0.1445      change_adj_count=432      
2022-08-18 BST 11:09:29,155 - INFO -  epoch= 600      train_loss=   3.9161      val_loss=   5.2793      best=1      size= 353      nSHD_c=  10.0667      nSHD=   9.9000      tpr_c=   0.1445      change_adj_count=490      
2022-08-18 BST 11:09:47,632 - INFO -  epoch= 700      train_loss=   3.9202      val_loss=   5.3431      best=1      size= 353      nSHD_c=  10.0667      nSHD=   9.9000      tpr_c=   0.1445      change_adj_count=529      
2022-08-18 BST 11:10:04,707 - INFO -  epoch= 800      train_loss=   3.9784      val_loss=   5.1501      best=1      size= 351      nSHD_c=  10.0333      nSHD=   9.8667      tpr_c=   0.1425      change_adj_count=586      
2022-08-18 BST 11:10:21,720 - INFO -  epoch= 900      train_loss=   3.8295      val_loss=   4.6734      best=1      size= 351      nSHD_c=  10.0333      nSHD=   9.8667      tpr_c=   0.1425      change_adj_count=639      
2022-08-18 BST 11:10:39,356 - INFO -  epoch=1000      train_loss=   3.8248      val_loss=   4.3550      best=1      size= 352      nSHD_c=  10.0667      nSHD=   9.9000      tpr_c=   0.1420      change_adj_count=686      
2022-08-18 BST 11:10:39,357 - INFO - Before params
2022-08-18 BST 11:10:39,357 - INFO - After params={'MAX_SIZE': [None], 'LAMBDA': [100], 'NOISE_TEMPERATURE': [10], 'h_NULL': [0.01], 'h_LR': [0.0001], 'z_RHO': [0], 'z_MU': [0]}
2022-08-18 BST 11:10:39,357 - INFO - After metrics={'train_loss': [3.824821287585843], 'val_loss': [4.355049888292949], 'size': [352], 'nshd_c': [10.066666666666666], 'nshd': [9.9], 'tpr': [0.9322033898305084], 'tpr_c': [0.14204545454545456], 'change_adj_count': [686]}
2022-08-18 BST 11:10:39,375 - INFO - After to_save=  MAX_SIZE  LAMBDA  NOISE_TEMPERATURE  ...       tpr     tpr_c  change_adj_count
0     None     100                 10  ...  0.932203  0.142045               686

[1 rows x 16 columns]
2022-08-18 BST 11:10:39,375 - INFO - After file_path='../results/l_66none_4hps.csv'
2022-08-18 BST 11:10:39,393 - INFO - Last epoch results saved in l_66none_4hps.csv
2022-08-18 BST 11:10:39,393 - INFO - 

DAG 15: size_true=42	X.var()=8.6273
2022-08-18 BST 11:10:39,646 - INFO -  epoch=   1      train_loss=   5.8016      val_loss=   5.7390      best=1      size= 252      nSHD_c=   8.7667      nSHD=   8.7333      tpr_c=   0.0278      change_adj_count=5      
2022-08-18 BST 11:10:39,895 - INFO -  epoch=   2      train_loss=   3.7337      val_loss=   5.0763      best=1      size= 252      nSHD_c=   8.6333      nSHD=   8.6000      tpr_c=   0.0317      change_adj_count=6      
2022-08-18 BST 11:10:40,145 - INFO -  epoch=   3      train_loss=   3.2446      val_loss=   3.9794      best=1      size= 265      nSHD_c=   8.9000      nSHD=   8.8667      tpr_c=   0.0415      change_adj_count=7      
2022-08-18 BST 11:10:40,392 - INFO -  epoch=   4      train_loss=   3.0519      val_loss=   3.9198      best=1      size= 263      nSHD_c=   8.7333      nSHD=   8.7000      tpr_c=   0.0418      change_adj_count=8      
2022-08-18 BST 11:10:55,747 - INFO -  epoch= 100      train_loss=   2.9113      val_loss=   2.5294      best=1      size= 275      nSHD_c=   7.9667      nSHD=   7.8667      tpr_c=   0.1309      change_adj_count=104      
2022-08-18 BST 11:11:11,610 - INFO -  epoch= 200      train_loss=   2.8592      val_loss=   2.6214      best=1      size= 260      nSHD_c=   7.4667      nSHD=   7.3667      tpr_c=   0.1385      change_adj_count=203      
2022-08-18 BST 11:11:28,392 - INFO -  epoch= 300      train_loss=   2.8154      val_loss=   2.5361      best=1      size= 254      nSHD_c=   7.2667      nSHD=   7.1667      tpr_c=   0.1417      change_adj_count=300      
2022-08-18 BST 11:11:44,550 - INFO -  epoch= 400      train_loss=   2.8160      val_loss=   2.5099      best=1      size= 252      nSHD_c=   7.1667      nSHD=   7.0667      tpr_c=   0.1468      change_adj_count=388      
2022-08-18 BST 11:12:01,858 - INFO -  epoch= 500      train_loss=   2.7939      val_loss=   2.5888      best=1      size= 248      nSHD_c=   7.0333      nSHD=   6.9333      tpr_c=   0.1492      change_adj_count=460      
2022-08-18 BST 11:12:18,145 - INFO -  epoch= 600      train_loss=   2.7585      val_loss=   2.4803      best=1      size= 248      nSHD_c=   7.0333      nSHD=   6.9333      tpr_c=   0.1492      change_adj_count=526      
2022-08-18 BST 11:12:35,597 - INFO -  epoch= 700      train_loss=   2.7474      val_loss=   2.4914      best=1      size= 247      nSHD_c=   7.0000      nSHD=   6.9000      tpr_c=   0.1498      change_adj_count=597      
2022-08-18 BST 11:12:52,576 - INFO -  epoch= 800      train_loss=   2.7088      val_loss=   2.4086      best=1      size= 249      nSHD_c=   7.0667      nSHD=   6.9667      tpr_c=   0.1486      change_adj_count=660      
2022-08-18 BST 11:13:09,375 - INFO -  epoch= 900      train_loss=   2.6955      val_loss=   2.3958      best=1      size= 248      nSHD_c=   7.0333      nSHD=   6.9333      tpr_c=   0.1492      change_adj_count=721      
2022-08-18 BST 11:13:27,275 - INFO -  epoch=1000      train_loss=   2.7415      val_loss=   2.3259      best=1      size= 247      nSHD_c=   7.0000      nSHD=   6.9000      tpr_c=   0.1498      change_adj_count=771      
2022-08-18 BST 11:13:27,276 - INFO - Before params
2022-08-18 BST 11:13:27,276 - INFO - After params={'MAX_SIZE': [None], 'LAMBDA': [100], 'NOISE_TEMPERATURE': [10], 'h_NULL': [0.01], 'h_LR': [0.0001], 'z_RHO': [0], 'z_MU': [0]}
2022-08-18 BST 11:13:27,276 - INFO - After metrics={'train_loss': [2.7415117679103727], 'val_loss': [2.3259474833806357], 'size': [247], 'nshd_c': [7.0], 'nshd': [6.9], 'tpr': [0.9523809523809523], 'tpr_c': [0.14979757085020243], 'change_adj_count': [771]}
2022-08-18 BST 11:13:27,294 - INFO - After to_save=  MAX_SIZE  LAMBDA  NOISE_TEMPERATURE  ...       tpr     tpr_c  change_adj_count
0     None     100                 10  ...  0.952381  0.149798               771

[1 rows x 16 columns]
2022-08-18 BST 11:13:27,294 - INFO - After file_path='../results/l_66none_4hps.csv'
2022-08-18 BST 11:13:27,296 - INFO - Last epoch results saved in l_66none_4hps.csv
2022-08-18 BST 11:13:27,297 - INFO - 

DAG 16: size_true=50	X.var()=12.1502
2022-08-18 BST 11:13:27,554 - INFO -  epoch=   1      train_loss=   7.6493      val_loss=   7.4198      best=1      size= 260      nSHD_c=   8.6000      nSHD=   8.6000      tpr_c=   0.0577      change_adj_count=5      
2022-08-18 BST 11:13:27,760 - INFO -  epoch=   2      train_loss=   4.7375      val_loss=   4.9195      best=1      size= 271      nSHD_c=   8.7667      nSHD=   8.7667      tpr_c=   0.0664      change_adj_count=6      
2022-08-18 BST 11:13:42,951 - INFO -  epoch= 100      train_loss=   3.5903      val_loss=   3.9445      best=1      size= 319      nSHD_c=   9.2667      nSHD=   9.1667      tpr_c=   0.1348      change_adj_count=104      
2022-08-18 BST 11:13:58,434 - INFO -  epoch= 200      train_loss=   3.6231      val_loss=   3.9143      best=1      size= 318      nSHD_c=   9.2000      nSHD=   9.0667      tpr_c=   0.1352      change_adj_count=198      
2022-08-18 BST 11:14:13,979 - INFO -  epoch= 300      train_loss=   3.5593      val_loss=   3.6935      best=1      size= 308      nSHD_c=   8.8667      nSHD=   8.7333      tpr_c=   0.1396      change_adj_count=288      
2022-08-18 BST 11:14:31,387 - INFO -  epoch= 400      train_loss=   3.5386      val_loss=   3.8258      best=1      size= 300      nSHD_c=   8.6000      nSHD=   8.4333      tpr_c=   0.1433      change_adj_count=369      
2022-08-18 BST 11:14:48,204 - INFO -  epoch= 500      train_loss=   3.5153      val_loss=   4.0233      best=1      size= 302      nSHD_c=   8.6667      nSHD=   8.5000      tpr_c=   0.1424      change_adj_count=448      
2022-08-18 BST 11:15:04,486 - INFO -  epoch= 600      train_loss=   3.4581      val_loss=   3.8186      best=1      size= 304      nSHD_c=   8.7333      nSHD=   8.5667      tpr_c=   0.1414      change_adj_count=522      
2022-08-18 BST 11:15:21,356 - INFO -  epoch= 700      train_loss=   3.3785      val_loss=   3.7444      best=1      size= 302      nSHD_c=   8.7333      nSHD=   8.5667      tpr_c=   0.1391      change_adj_count=573      
2022-08-18 BST 11:15:38,018 - INFO -  epoch= 800      train_loss=   3.3901      val_loss=   3.2641      best=1      size= 302      nSHD_c=   8.6667      nSHD=   8.5000      tpr_c=   0.1424      change_adj_count=620      
2022-08-18 BST 11:15:54,970 - INFO -  epoch= 900      train_loss=   3.4011      val_loss=   3.1951      best=1      size= 303      nSHD_c=   8.7000      nSHD=   8.5333      tpr_c=   0.1419      change_adj_count=667      
2022-08-18 BST 11:16:12,925 - INFO -  epoch=1000      train_loss=   3.3097      val_loss=   3.2731      best=1      size= 301      nSHD_c=   8.6333      nSHD=   8.4667      tpr_c=   0.1429      change_adj_count=703      
2022-08-18 BST 11:16:12,925 - INFO - Before params
2022-08-18 BST 11:16:12,926 - INFO - After params={'MAX_SIZE': [None], 'LAMBDA': [100], 'NOISE_TEMPERATURE': [10], 'h_NULL': [0.01], 'h_LR': [0.0001], 'z_RHO': [0], 'z_MU': [0]}
2022-08-18 BST 11:16:12,926 - INFO - After metrics={'train_loss': [3.309675939621464], 'val_loss': [3.273110111554464], 'size': [301], 'nshd_c': [8.633333333333333], 'nshd': [8.466666666666667], 'tpr': [0.96], 'tpr_c': [0.14285714285714285], 'change_adj_count': [703]}
2022-08-18 BST 11:16:12,944 - INFO - After to_save=  MAX_SIZE  LAMBDA  NOISE_TEMPERATURE  ...   tpr     tpr_c  change_adj_count
0     None     100                 10  ...  0.96  0.142857               703

[1 rows x 16 columns]
2022-08-18 BST 11:16:12,944 - INFO - After file_path='../results/l_66none_4hps.csv'
2022-08-18 BST 11:16:12,946 - INFO - Last epoch results saved in l_66none_4hps.csv
2022-08-18 BST 11:16:12,946 - INFO - 

DAG 17: size_true=49	X.var()=16.5203
2022-08-18 BST 11:16:13,199 - INFO -  epoch=   1      train_loss=   9.1193      val_loss=   8.7715      best=1      size= 253      nSHD_c=   8.6000      nSHD=   8.5333      tpr_c=   0.0553      change_adj_count=5      
2022-08-18 BST 11:16:13,443 - INFO -  epoch=   2      train_loss=   5.2725      val_loss=   7.0172      best=1      size= 263      nSHD_c=   8.6667      nSHD=   8.5667      tpr_c=   0.0684      change_adj_count=6      
2022-08-18 BST 11:16:13,693 - INFO -  epoch=   3      train_loss=   4.5593      val_loss=   6.4682      best=1      size= 273      nSHD_c=   8.8000      nSHD=   8.7000      tpr_c=   0.0806      change_adj_count=7      
2022-08-18 BST 11:16:30,129 - INFO -  epoch= 100      train_loss=   4.2076      val_loss=   4.6824      best=1      size= 306      nSHD_c=   8.9333      nSHD=   8.7000      tpr_c=   0.1275      change_adj_count=104      
2022-08-18 BST 11:16:48,162 - INFO -  epoch= 200      train_loss=   4.1294      val_loss=   3.9142      best=1      size= 307      nSHD_c=   8.9667      nSHD=   8.7333      tpr_c=   0.1270      change_adj_count=200      
2022-08-18 BST 11:17:05,369 - INFO -  epoch= 300      train_loss=   4.0555      val_loss=   4.2486      best=1      size= 304      nSHD_c=   8.8667      nSHD=   8.6333      tpr_c=   0.1283      change_adj_count=287      
2022-08-18 BST 11:17:21,643 - INFO -  epoch= 400      train_loss=   4.0410      val_loss=   3.8825      best=1      size= 299      nSHD_c=   8.6333      nSHD=   8.4000      tpr_c=   0.1338      change_adj_count=364      
2022-08-18 BST 11:17:38,593 - INFO -  epoch= 500      train_loss=   4.0137      val_loss=   4.0047      best=1      size= 303      nSHD_c=   8.7667      nSHD=   8.5333      tpr_c=   0.1320      change_adj_count=439      
2022-08-18 BST 11:17:55,963 - INFO -  epoch= 600      train_loss=   4.0669      val_loss=   3.7964      best=1      size= 305      nSHD_c=   8.8333      nSHD=   8.6000      tpr_c=   0.1311      change_adj_count=501      
2022-08-18 BST 11:18:12,351 - INFO -  epoch= 700      train_loss=   3.9901      val_loss=   3.8172      best=1      size= 304      nSHD_c=   8.8000      nSHD=   8.5667      tpr_c=   0.1316      change_adj_count=566      
2022-08-18 BST 11:18:28,995 - INFO -  epoch= 800      train_loss=   3.9033      val_loss=   3.5794      best=1      size= 301      nSHD_c=   8.7000      nSHD=   8.4667      tpr_c=   0.1329      change_adj_count=622      
2022-08-18 BST 11:18:46,110 - INFO -  epoch= 900      train_loss=   3.9205      val_loss=   3.7118      best=1      size= 305      nSHD_c=   8.8333      nSHD=   8.6000      tpr_c=   0.1311      change_adj_count=659      
2022-08-18 BST 11:19:02,864 - INFO -  epoch=1000      train_loss=   3.8205      val_loss=   3.4690      best=1      size= 299      nSHD_c=   8.6333      nSHD=   8.4000      tpr_c=   0.1338      change_adj_count=717      
2022-08-18 BST 11:19:02,866 - INFO - Before params
2022-08-18 BST 11:19:02,866 - INFO - After params={'MAX_SIZE': [None], 'LAMBDA': [100], 'NOISE_TEMPERATURE': [10], 'h_NULL': [0.01], 'h_LR': [0.0001], 'z_RHO': [0], 'z_MU': [0]}
2022-08-18 BST 11:19:02,866 - INFO - After metrics={'train_loss': [3.8205339524053756], 'val_loss': [3.4690315326054892], 'size': [299], 'nshd_c': [8.633333333333333], 'nshd': [8.4], 'tpr': [0.9591836734693877], 'tpr_c': [0.13377926421404682], 'change_adj_count': [717]}
2022-08-18 BST 11:19:02,883 - INFO - After to_save=  MAX_SIZE  LAMBDA  NOISE_TEMPERATURE  ...       tpr     tpr_c  change_adj_count
0     None     100                 10  ...  0.959184  0.133779               717

[1 rows x 16 columns]
2022-08-18 BST 11:19:02,883 - INFO - After file_path='../results/l_66none_4hps.csv'
2022-08-18 BST 11:19:02,885 - INFO - Last epoch results saved in l_66none_4hps.csv
2022-08-18 BST 11:19:02,885 - INFO - 

DAG 18: size_true=56	X.var()=17.9506
2022-08-18 BST 11:19:03,137 - INFO -  epoch=   1      train_loss=  10.7266      val_loss=  10.0183      best=1      size= 259      nSHD_c=   8.3667      nSHD=   8.1333      tpr_c=   0.0888      change_adj_count=5      
2022-08-18 BST 11:19:03,382 - INFO -  epoch=   2      train_loss=   5.6521      val_loss=   9.0005      best=1      size= 265      nSHD_c=   8.3333      nSHD=   8.0667      tpr_c=   0.1019      change_adj_count=6      
2022-08-18 BST 11:19:03,632 - INFO -  epoch=   3      train_loss=   4.7940      val_loss=   6.7663      best=1      size= 270      nSHD_c=   8.2667      nSHD=   8.0333      tpr_c=   0.1185      change_adj_count=7      
2022-08-18 BST 11:19:20,545 - INFO -  epoch= 100      train_loss=   4.3399      val_loss=   4.3456      best=1      size= 300      nSHD_c=   8.7667      nSHD=   8.3667      tpr_c=   0.1267      change_adj_count=104      
2022-08-18 BST 11:19:37,519 - INFO -  epoch= 200      train_loss=   4.2548      val_loss=   3.9559      best=1      size= 297      nSHD_c=   8.7000      nSHD=   8.3000      tpr_c=   0.1246      change_adj_count=202      
2022-08-18 BST 11:19:54,030 - INFO -  epoch= 300      train_loss=   4.3061      val_loss=   3.7373      best=1      size= 289      nSHD_c=   8.4333      nSHD=   8.0333      tpr_c=   0.1280      change_adj_count=292      
2022-08-18 BST 11:20:10,804 - INFO -  epoch= 400      train_loss=   4.1724      val_loss=   4.0496      best=1      size= 292      nSHD_c=   8.6000      nSHD=   8.2000      tpr_c=   0.1233      change_adj_count=374      
2022-08-18 BST 11:20:27,112 - INFO -  epoch= 500      train_loss=   4.1209      val_loss=   3.8340      best=1      size= 290      nSHD_c=   8.5333      nSHD=   8.1333      tpr_c=   0.1241      change_adj_count=455      
2022-08-18 BST 11:20:44,063 - INFO -  epoch= 600      train_loss=   4.1834      val_loss=   3.8030      best=1      size= 289      nSHD_c=   8.4000      nSHD=   8.0333      tpr_c=   0.1315      change_adj_count=529      
2022-08-18 BST 11:21:00,662 - INFO -  epoch= 700      train_loss=   4.1125      val_loss=   3.8772      best=1      size= 282      nSHD_c=   8.2333      nSHD=   7.8667      tpr_c=   0.1312      change_adj_count=601      
2022-08-18 BST 11:21:18,083 - INFO -  epoch= 800      train_loss=   4.0851      val_loss=   3.4376      best=1      size= 280      nSHD_c=   8.1667      nSHD=   7.8000      tpr_c=   0.1321      change_adj_count=651      
2022-08-18 BST 11:21:34,293 - INFO -  epoch= 900      train_loss=   4.0297      val_loss=   3.5161      best=1      size= 286      nSHD_c=   8.3333      nSHD=   7.9000      tpr_c=   0.1294      change_adj_count=714      
2022-08-18 BST 11:21:51,095 - INFO -  epoch=1000      train_loss=   3.9956      val_loss=   3.6237      best=1      size= 285      nSHD_c=   8.3000      nSHD=   7.9000      tpr_c=   0.1298      change_adj_count=760      
2022-08-18 BST 11:21:51,095 - INFO - Before params
2022-08-18 BST 11:21:51,095 - INFO - After params={'MAX_SIZE': [None], 'LAMBDA': [100], 'NOISE_TEMPERATURE': [10], 'h_NULL': [0.01], 'h_LR': [0.0001], 'z_RHO': [0], 'z_MU': [0]}
2022-08-18 BST 11:21:51,095 - INFO - After metrics={'train_loss': [3.995629064498409], 'val_loss': [3.623662233352661], 'size': [285], 'nshd_c': [8.3], 'nshd': [7.9], 'tpr': [0.875], 'tpr_c': [0.12982456140350876], 'change_adj_count': [760]}
2022-08-18 BST 11:21:51,113 - INFO - After to_save=  MAX_SIZE  LAMBDA  NOISE_TEMPERATURE  ...    tpr     tpr_c  change_adj_count
0     None     100                 10  ...  0.875  0.129825               760

[1 rows x 16 columns]
2022-08-18 BST 11:21:51,113 - INFO - After file_path='../results/l_66none_4hps.csv'
2022-08-18 BST 11:21:51,115 - INFO - Last epoch results saved in l_66none_4hps.csv
2022-08-18 BST 11:21:51,116 - INFO - 

DAG 19: size_true=57	X.var()=24.8142
2022-08-18 BST 11:21:51,369 - INFO -  epoch=   1      train_loss=  13.3281      val_loss=  13.3210      best=1      size= 256      nSHD_c=   8.6000      nSHD=   8.5333      tpr_c=   0.0781      change_adj_count=5      
2022-08-18 BST 11:21:51,616 - INFO -  epoch=   2      train_loss=   7.5824      val_loss=   9.4119      best=1      size= 273      nSHD_c=   8.9333      nSHD=   8.9000      tpr_c=   0.0879      change_adj_count=6      
2022-08-18 BST 11:22:07,868 - INFO -  epoch= 100      train_loss=   5.7501      val_loss=   7.9822      best=1      size= 366      nSHD_c=  10.8000      nSHD=  10.6000      tpr_c=   0.1230      change_adj_count=104      
2022-08-18 BST 11:22:24,367 - INFO -  epoch= 200      train_loss=   5.7951      val_loss=   8.0363      best=1      size= 365      nSHD_c=  10.7000      nSHD=  10.4667      tpr_c=   0.1260      change_adj_count=195      
2022-08-18 BST 11:22:40,762 - INFO -  epoch= 300      train_loss=   5.7425      val_loss=   7.2185      best=1      size= 358      nSHD_c=  10.5000      nSHD=  10.3000      tpr_c=   0.1285      change_adj_count=275      
2022-08-18 BST 11:22:58,254 - INFO -  epoch= 400      train_loss=   5.6511      val_loss=   6.9250      best=1      size= 358      nSHD_c=  10.5000      nSHD=  10.3000      tpr_c=   0.1285      change_adj_count=334      
2022-08-18 BST 11:23:13,562 - INFO -  epoch= 500      train_loss=   5.6639      val_loss=   6.1460      best=1      size= 358      nSHD_c=  10.5000      nSHD=  10.3000      tpr_c=   0.1285      change_adj_count=380      
2022-08-18 BST 11:23:29,280 - INFO -  epoch= 600      train_loss=   5.5314      val_loss=   6.9173      best=1      size= 361      nSHD_c=  10.6000      nSHD=  10.3333      tpr_c=   0.1247      change_adj_count=427      
2022-08-18 BST 11:23:45,618 - INFO -  epoch= 700      train_loss=   5.5133      val_loss=   6.3389      best=1      size= 357      nSHD_c=  10.4333      nSHD=  10.2000      tpr_c=   0.1289      change_adj_count=473      
2022-08-18 BST 11:24:02,189 - INFO -  epoch= 800      train_loss=   5.4315      val_loss=   6.2065      best=1      size= 357      nSHD_c=  10.4667      nSHD=  10.2667      tpr_c=   0.1289      change_adj_count=500      
2022-08-18 BST 11:24:18,912 - INFO -  epoch= 900      train_loss=   5.4122      val_loss=   6.0833      best=1      size= 355      nSHD_c=  10.3667      nSHD=  10.1333      tpr_c=   0.1296      change_adj_count=529      
2022-08-18 BST 11:24:35,009 - INFO -  epoch=1000      train_loss=   5.2950      val_loss=   6.1622      best=1      size= 357      nSHD_c=  10.4333      nSHD=  10.2000      tpr_c=   0.1289      change_adj_count=554      
2022-08-18 BST 11:24:35,010 - INFO - Before params
2022-08-18 BST 11:24:35,011 - INFO - After params={'MAX_SIZE': [None], 'LAMBDA': [100], 'NOISE_TEMPERATURE': [10], 'h_NULL': [0.01], 'h_LR': [0.0001], 'z_RHO': [0], 'z_MU': [0]}
2022-08-18 BST 11:24:35,011 - INFO - After metrics={'train_loss': [5.29496451347105], 'val_loss': [6.162180344263713], 'size': [357], 'nshd_c': [10.433333333333334], 'nshd': [10.2], 'tpr': [0.9298245614035088], 'tpr_c': [0.12885154061624648], 'change_adj_count': [554]}
2022-08-18 BST 11:24:35,028 - INFO - After to_save=  MAX_SIZE  LAMBDA  NOISE_TEMPERATURE  ...       tpr     tpr_c  change_adj_count
0     None     100                 10  ...  0.929825  0.128852               554

[1 rows x 16 columns]
2022-08-18 BST 11:24:35,028 - INFO - After file_path='../results/l_66none_4hps.csv'
2022-08-18 BST 11:24:35,031 - INFO - Last epoch results saved in l_66none_4hps.csv
2022-08-18 BST 11:24:35,032 - INFO - 

DAG 20: size_true=59	X.var()=201.6824
2022-08-18 BST 11:24:35,261 - INFO -  epoch=   1      train_loss=  84.9404      val_loss=  95.3289      best=1      size= 246      nSHD_c=   8.5667      nSHD=   8.5667      tpr_c=   0.0610      change_adj_count=5      
2022-08-18 BST 11:24:35,484 - INFO -  epoch=   2      train_loss=  30.6319      val_loss=  76.8086      best=1      size= 263      nSHD_c=   8.6667      nSHD=   8.6667      tpr_c=   0.0760      change_adj_count=6      
2022-08-18 BST 11:24:51,234 - INFO -  epoch= 100      train_loss=  20.3170      val_loss=  30.5346      best=1      size= 364      nSHD_c=  10.7333      nSHD=  10.5333      tpr_c=   0.1209      change_adj_count=103      
2022-08-18 BST 11:25:07,957 - INFO -  epoch= 200      train_loss=  19.8950      val_loss=  30.2874      best=1      size= 361      nSHD_c=  10.5333      nSHD=  10.3333      tpr_c=   0.1274      change_adj_count=192      
2022-08-18 BST 11:25:24,028 - INFO -  epoch= 300      train_loss=  20.2202      val_loss=  28.3241      best=1      size= 368      nSHD_c=  10.8000      nSHD=  10.6000      tpr_c=   0.1223      change_adj_count=260      
2022-08-18 BST 11:25:41,107 - INFO -  epoch= 400      train_loss=  20.1882      val_loss=  26.8352      best=1      size= 367      nSHD_c=  10.7667      nSHD=  10.5667      tpr_c=   0.1226      change_adj_count=323      
2022-08-18 BST 11:25:58,045 - INFO -  epoch= 500      train_loss=  18.8945      val_loss=  35.1026      best=1      size= 366      nSHD_c=  10.7333      nSHD=  10.5333      tpr_c=   0.1230      change_adj_count=376      
2022-08-18 BST 11:26:15,272 - INFO -  epoch= 600      train_loss=  18.8765      val_loss=  32.8884      best=1      size= 366      nSHD_c=  10.7333      nSHD=  10.5333      tpr_c=   0.1230      change_adj_count=430      
2022-08-18 BST 11:26:31,939 - INFO -  epoch= 700      train_loss=  18.4829      val_loss=  32.7314      best=1      size= 366      nSHD_c=  10.7333      nSHD=  10.5333      tpr_c=   0.1230      change_adj_count=471      
2022-08-18 BST 11:26:49,054 - INFO -  epoch= 800      train_loss=  19.8103      val_loss=  33.7019      best=1      size= 363      nSHD_c=  10.6333      nSHD=  10.4333      tpr_c=   0.1240      change_adj_count=509      
2022-08-18 BST 11:27:06,775 - INFO -  epoch= 900      train_loss=  19.1683      val_loss=  36.4217      best=1      size= 362      nSHD_c=  10.6333      nSHD=  10.4333      tpr_c=   0.1215      change_adj_count=541      
2022-08-18 BST 11:27:24,763 - INFO -  epoch=1000      train_loss=  18.1366      val_loss=  34.6791      best=1      size= 361      nSHD_c=  10.6000      nSHD=  10.4000      tpr_c=   0.1219      change_adj_count=574      
2022-08-18 BST 11:27:24,764 - INFO - Before params
2022-08-18 BST 11:27:24,764 - INFO - After params={'MAX_SIZE': [None], 'LAMBDA': [100], 'NOISE_TEMPERATURE': [10], 'h_NULL': [0.01], 'h_LR': [0.0001], 'z_RHO': [0], 'z_MU': [0]}
2022-08-18 BST 11:27:24,764 - INFO - After metrics={'train_loss': [18.136588588837654], 'val_loss': [34.6791098912557], 'size': [361], 'nshd_c': [10.6], 'nshd': [10.4], 'tpr': [0.847457627118644], 'tpr_c': [0.12188365650969529], 'change_adj_count': [574]}
2022-08-18 BST 11:27:24,782 - INFO - After to_save=  MAX_SIZE  LAMBDA  NOISE_TEMPERATURE  ...       tpr     tpr_c  change_adj_count
0     None     100                 10  ...  0.847458  0.121884               574

[1 rows x 16 columns]
2022-08-18 BST 11:27:24,782 - INFO - After file_path='../results/l_66none_4hps.csv'
2022-08-18 BST 11:27:24,784 - INFO - Last epoch results saved in l_66none_4hps.csv
2022-08-18 BST 11:27:24,785 - INFO - 

DAG 21: size_true=57	X.var()=21.1204
2022-08-18 BST 11:27:25,050 - INFO -  epoch=   1      train_loss=  10.9701      val_loss=   9.7126      best=1      size= 259      nSHD_c=   8.8333      nSHD=   8.8333      tpr_c=   0.0656      change_adj_count=5      
2022-08-18 BST 11:27:25,326 - INFO -  epoch=   2      train_loss=   5.6207      val_loss=   8.1733      best=1      size= 275      nSHD_c=   9.1667      nSHD=   9.1667      tpr_c=   0.0691      change_adj_count=6      
2022-08-18 BST 11:27:42,110 - INFO -  epoch= 100      train_loss=   4.3902      val_loss=   5.8345      best=1      size= 351      nSHD_c=  10.0667      nSHD=   9.9667      tpr_c=   0.1396      change_adj_count=104      
2022-08-18 BST 11:27:58,530 - INFO -  epoch= 200      train_loss=   4.3143      val_loss=   5.6775      best=1      size= 342      nSHD_c=   9.8000      nSHD=   9.6667      tpr_c=   0.1404      change_adj_count=201      
2022-08-18 BST 11:28:15,483 - INFO -  epoch= 300      train_loss=   4.3705      val_loss=   5.8740      best=1      size= 342      nSHD_c=   9.8333      nSHD=   9.7333      tpr_c=   0.1404      change_adj_count=291      
2022-08-18 BST 11:28:32,646 - INFO -  epoch= 400      train_loss=   4.2587      val_loss=   5.5361      best=1      size= 340      nSHD_c=   9.7667      nSHD=   9.6667      tpr_c=   0.1412      change_adj_count=384      
2022-08-18 BST 11:28:49,108 - INFO -  epoch= 500      train_loss=   4.2569      val_loss=   6.0599      best=1      size= 338      nSHD_c=   9.7667      nSHD=   9.6000      tpr_c=   0.1361      change_adj_count=464      
2022-08-18 BST 11:29:05,456 - INFO -  epoch= 600      train_loss=   4.1722      val_loss=   5.4357      best=1      size= 339      nSHD_c=   9.7000      nSHD=   9.5667      tpr_c=   0.1416      change_adj_count=538      
2022-08-18 BST 11:29:21,395 - INFO -  epoch= 700      train_loss=   4.2318      val_loss=   5.3633      best=1      size= 337      nSHD_c=   9.7000      nSHD=   9.5667      tpr_c=   0.1395      change_adj_count=615      
2022-08-18 BST 11:29:36,794 - INFO -  epoch= 800      train_loss=   4.1724      val_loss=   5.1191      best=1      size= 335      nSHD_c=   9.5333      nSHD=   9.4333      tpr_c=   0.1463      change_adj_count=673      
2022-08-18 BST 11:29:52,155 - INFO -  epoch= 900      train_loss=   4.1783      val_loss=   5.7429      best=1      size= 331      nSHD_c=   9.4667      nSHD=   9.3667      tpr_c=   0.1450      change_adj_count=732      
2022-08-18 BST 11:30:07,318 - INFO -  epoch=1000      train_loss=   4.0405      val_loss=   4.9177      best=1      size= 330      nSHD_c=   9.4333      nSHD=   9.3333      tpr_c=   0.1455      change_adj_count=779      
2022-08-18 BST 11:30:07,318 - INFO - Before params
2022-08-18 BST 11:30:07,319 - INFO - After params={'MAX_SIZE': [None], 'LAMBDA': [100], 'NOISE_TEMPERATURE': [10], 'h_NULL': [0.01], 'h_LR': [0.0001], 'z_RHO': [0], 'z_MU': [0]}
2022-08-18 BST 11:30:07,319 - INFO - After metrics={'train_loss': [4.040451019041], 'val_loss': [4.917747259140015], 'size': [330], 'nshd_c': [9.433333333333334], 'nshd': [9.333333333333334], 'tpr': [0.8947368421052632], 'tpr_c': [0.14545454545454545], 'change_adj_count': [779]}
2022-08-18 BST 11:30:07,337 - INFO - After to_save=  MAX_SIZE  LAMBDA  NOISE_TEMPERATURE  ...       tpr     tpr_c  change_adj_count
0     None     100                 10  ...  0.894737  0.145455               779

[1 rows x 16 columns]
2022-08-18 BST 11:30:07,337 - INFO - After file_path='../results/l_66none_4hps.csv'
2022-08-18 BST 11:30:07,339 - INFO - Last epoch results saved in l_66none_4hps.csv
2022-08-18 BST 11:30:07,340 - INFO - 

DAG 22: size_true=60	X.var()=129.8499
2022-08-18 BST 11:30:07,541 - INFO -  epoch=   1      train_loss=  66.5192      val_loss=  33.4129      best=1      size= 262      nSHD_c=   8.8000      nSHD=   8.7667      tpr_c=   0.0763      change_adj_count=5      
2022-08-18 BST 11:30:07,738 - INFO -  epoch=   2      train_loss=  26.8472      val_loss=  26.5547      best=1      size= 278      nSHD_c=   9.0333      nSHD=   9.0000      tpr_c=   0.0863      change_adj_count=6      
2022-08-18 BST 11:30:23,811 - INFO -  epoch= 100      train_loss=  15.6870      val_loss=  35.0834      best=1      size= 355      nSHD_c=  10.1667      nSHD=  10.1333      tpr_c=   0.1437      change_adj_count=104      
2022-08-18 BST 11:30:40,091 - INFO -  epoch= 200      train_loss=  15.5237      val_loss=  25.8792      best=1      size= 355      nSHD_c=  10.2667      nSHD=  10.2333      tpr_c=   0.1380      change_adj_count=199      
2022-08-18 BST 11:30:56,697 - INFO -  epoch= 300      train_loss=  15.3051      val_loss=  27.0876      best=1      size= 347      nSHD_c=   9.9333      nSHD=   9.8667      tpr_c=   0.1441      change_adj_count=293      
2022-08-18 BST 11:31:13,206 - INFO -  epoch= 400      train_loss=  15.3833      val_loss=  20.2142      best=1      size= 349      nSHD_c=  10.0000      nSHD=   9.9667      tpr_c=   0.1433      change_adj_count=362      
2022-08-18 BST 11:31:30,088 - INFO -  epoch= 500      train_loss=  15.3620      val_loss=  21.6614      best=1      size= 350      nSHD_c=  10.0333      nSHD=  10.0000      tpr_c=   0.1429      change_adj_count=445      
2022-08-18 BST 11:31:47,143 - INFO -  epoch= 600      train_loss=  15.2184      val_loss=  17.7231      best=1      size= 344      nSHD_c=   9.8333      nSHD=   9.8000      tpr_c=   0.1453      change_adj_count=505      
2022-08-18 BST 11:32:03,641 - INFO -  epoch= 700      train_loss=  14.5513      val_loss=  19.8635      best=1      size= 345      nSHD_c=   9.8667      nSHD=   9.8333      tpr_c=   0.1449      change_adj_count=557      
2022-08-18 BST 11:32:19,794 - INFO -  epoch= 800      train_loss=  14.6034      val_loss=  20.9405      best=1      size= 342      nSHD_c=   9.7667      nSHD=   9.7333      tpr_c=   0.1462      change_adj_count=596      
2022-08-18 BST 11:32:36,305 - INFO -  epoch= 900      train_loss=  14.5977      val_loss=  24.0834      best=1      size= 342      nSHD_c=   9.7667      nSHD=   9.7333      tpr_c=   0.1462      change_adj_count=653      
2022-08-18 BST 11:32:53,188 - INFO -  epoch=1000      train_loss=  14.3132      val_loss=  17.3119      best=1      size= 337      nSHD_c=   9.6000      nSHD=   9.5667      tpr_c=   0.1484      change_adj_count=720      
2022-08-18 BST 11:32:53,190 - INFO - Before params
2022-08-18 BST 11:32:53,190 - INFO - After params={'MAX_SIZE': [None], 'LAMBDA': [100], 'NOISE_TEMPERATURE': [10], 'h_NULL': [0.01], 'h_LR': [0.0001], 'z_RHO': [0], 'z_MU': [0]}
2022-08-18 BST 11:32:53,190 - INFO - After metrics={'train_loss': [14.313156004874937], 'val_loss': [17.31191078821818], 'size': [337], 'nshd_c': [9.6], 'nshd': [9.566666666666666], 'tpr': [0.85], 'tpr_c': [0.14836795252225518], 'change_adj_count': [720]}
2022-08-18 BST 11:32:53,208 - INFO - After to_save=  MAX_SIZE  LAMBDA  NOISE_TEMPERATURE  ...   tpr     tpr_c  change_adj_count
0     None     100                 10  ...  0.85  0.148368               720

[1 rows x 16 columns]
2022-08-18 BST 11:32:53,208 - INFO - After file_path='../results/l_66none_4hps.csv'
2022-08-18 BST 11:32:53,212 - INFO - Last epoch results saved in l_66none_4hps.csv
2022-08-18 BST 11:32:53,212 - INFO - 

DAG 23: size_true=49	X.var()=14.1269
2022-08-18 BST 11:32:53,461 - INFO -  epoch=   1      train_loss=   9.9113      val_loss=   9.9631      best=1      size= 258      nSHD_c=   8.6667      nSHD=   8.6000      tpr_c=   0.0581      change_adj_count=5      
2022-08-18 BST 11:32:53,704 - INFO -  epoch=   2      train_loss=   6.5921      val_loss=   7.7279      best=1      size= 266      nSHD_c=   8.8667      nSHD=   8.8000      tpr_c=   0.0564      change_adj_count=6      
2022-08-18 BST 11:32:53,957 - INFO -  epoch=   3      train_loss=   5.4195      val_loss=   5.8610      best=1      size= 270      nSHD_c=   8.8333      nSHD=   8.7667      tpr_c=   0.0667      change_adj_count=7      
2022-08-18 BST 11:33:11,135 - INFO -  epoch= 100      train_loss=   3.9805      val_loss=   3.6627      best=1      size= 284      nSHD_c=   8.0667      nSHD=   7.9333      tpr_c=   0.1514      change_adj_count=103      
2022-08-18 BST 11:33:26,350 - INFO -  epoch= 200      train_loss=   3.9588      val_loss=   3.3205      best=1      size= 268      nSHD_c=   7.5333      nSHD=   7.4000      tpr_c=   0.1604      change_adj_count=203      
2022-08-18 BST 11:33:41,505 - INFO -  epoch= 300      train_loss=   3.9846      val_loss=   3.4450      best=1      size= 253      nSHD_c=   7.1000      nSHD=   6.9667      tpr_c=   0.1660      change_adj_count=301      
2022-08-18 BST 11:33:58,784 - INFO -  epoch= 400      train_loss=   4.0253      val_loss=   3.4655      best=1      size= 258      nSHD_c=   7.1333      nSHD=   7.0000      tpr_c=   0.1705      change_adj_count=396      
2022-08-18 BST 11:34:16,976 - INFO -  epoch= 500      train_loss=   3.9253      val_loss=   3.3978      best=1      size= 254      nSHD_c=   7.0667      nSHD=   6.9333      tpr_c=   0.1693      change_adj_count=483      
2022-08-18 BST 11:34:34,749 - INFO -  epoch= 600      train_loss=   3.7902      val_loss=   3.1900      best=1      size= 255      nSHD_c=   7.1000      nSHD=   6.9667      tpr_c=   0.1686      change_adj_count=559      
2022-08-18 BST 11:34:52,766 - INFO -  epoch= 700      train_loss=   3.8661      val_loss=   2.9717      best=1      size= 253      nSHD_c=   7.0333      nSHD=   6.9000      tpr_c=   0.1700      change_adj_count=624      
2022-08-18 BST 11:35:10,770 - INFO -  epoch= 800      train_loss=   3.7295      val_loss=   2.8542      best=1      size= 253      nSHD_c=   7.0333      nSHD=   6.9000      tpr_c=   0.1700      change_adj_count=690      
2022-08-18 BST 11:35:28,911 - INFO -  epoch= 900      train_loss=   3.6868      val_loss=   3.0139      best=1      size= 250      nSHD_c=   6.9333      nSHD=   6.8000      tpr_c=   0.1720      change_adj_count=754      
2022-08-18 BST 11:35:45,883 - INFO -  epoch=1000      train_loss=   3.7508      val_loss=   3.0191      best=1      size= 250      nSHD_c=   6.9333      nSHD=   6.8000      tpr_c=   0.1720      change_adj_count=815      
2022-08-18 BST 11:35:45,884 - INFO - Before params
2022-08-18 BST 11:35:45,884 - INFO - After params={'MAX_SIZE': [None], 'LAMBDA': [100], 'NOISE_TEMPERATURE': [10], 'h_NULL': [0.01], 'h_LR': [0.0001], 'z_RHO': [0], 'z_MU': [0]}
2022-08-18 BST 11:35:45,884 - INFO - After metrics={'train_loss': [3.7508139533381306], 'val_loss': [3.019065539042155], 'size': [250], 'nshd_c': [6.933333333333334], 'nshd': [6.8], 'tpr': [0.9591836734693877], 'tpr_c': [0.172], 'change_adj_count': [815]}
2022-08-18 BST 11:35:45,902 - INFO - After to_save=  MAX_SIZE  LAMBDA  NOISE_TEMPERATURE  ...       tpr  tpr_c  change_adj_count
0     None     100                 10  ...  0.959184  0.172               815

[1 rows x 16 columns]
2022-08-18 BST 11:35:45,902 - INFO - After file_path='../results/l_66none_4hps.csv'
2022-08-18 BST 11:35:45,904 - INFO - Last epoch results saved in l_66none_4hps.csv
2022-08-18 BST 11:35:45,904 - INFO - 
last_mean_nshd_c=9.1833
2022-08-18 BST 11:35:45,904 - INFO - 
Time taken 1:08:02 (h:mm:ss)
2022-08-18 BST 11:35:45,905 - INFO - 
End of log for run 2022-08-18_BST_10:27:43,642_l_66none_4hps_309
