2022-08-18 BST 06:42:17,614 - INFO - 
Log for run 2022-08-18_BST_06:42:17,526_l_66none_4hps_229

2022-08-18 BST 06:42:17,614 - INFO - COMMENT = ''
2022-08-18 BST 06:42:17,614 - INFO - DATA_FOLDER = '../data'
2022-08-18 BST 06:42:17,614 - INFO - LATENTS_FOLDER = '../latents'
2022-08-18 BST 06:42:17,615 - INFO - LOGS_FOLDER = '../logs'
2022-08-18 BST 06:42:17,615 - INFO - MODEL_FOLDER = '../models'
2022-08-18 BST 06:42:17,615 - INFO - RESULTS_FOLDER = '../results'
2022-08-18 BST 06:42:17,615 - INFO - DEVICE = torch.device("cuda" if torch.cuda.is_available() else "cpu")  # Used: "cuda"
2022-08-18 BST 06:42:17,615 - INFO - LATENTS = False
2022-08-18 BST 06:42:17,615 - INFO - MATRIX_REPORT = False
2022-08-18 BST 06:42:17,615 - INFO - LABEL = True
2022-08-18 BST 06:42:17,615 - INFO - SAVE_TO_ODS = False
2022-08-18 BST 06:42:17,615 - INFO - VAL_LOSS_FROM_DAG = True
2022-08-18 BST 06:42:17,615 - INFO - WANDB = False
2022-08-18 BST 06:42:17,615 - INFO - WANDB_PROJECT = 'Thetas'
2022-08-18 BST 06:42:17,615 - INFO - GRAD_LOG = False
2022-08-18 BST 06:42:17,615 - INFO - N_TRIALS = 1
2022-08-18 BST 06:42:17,615 - INFO - OPTUNA_STRINGS = {'None': None, 'True': True, 'False': False}
2022-08-18 BST 06:42:17,615 - INFO - TQDM = False
2022-08-18 BST 06:42:17,615 - INFO - 
hyperparameters = {
2022-08-18 BST 06:42:17,615 - INFO - 	'GRAPH_TYPE': 'ER2',
2022-08-18 BST 06:42:17,615 - INFO - 	'D': 30,
2022-08-18 BST 06:42:17,615 - INFO - 	'MAX_SIZE': None,
2022-08-18 BST 06:42:17,615 - INFO - 	'SEM_NOISE': 'gaussian_ev',
2022-08-18 BST 06:42:17,615 - INFO - 	'N': 1200,
2022-08-18 BST 06:42:17,616 - INFO - 	'VAL': 0.16666666666666666,
2022-08-18 BST 06:42:17,616 - INFO - 	'N_EPOCHS': 1000,
2022-08-18 BST 06:42:17,616 - INFO - 	'BATCH_SIZE': 32,
2022-08-18 BST 06:42:17,616 - INFO - 	'LOG2_BATCH_SIZE': None,
2022-08-18 BST 06:42:17,616 - INFO - 	'BATCH_SHUFFLE': True,
2022-08-18 BST 06:42:17,616 - INFO - 	'N_SAMPLES': 10,
2022-08-18 BST 06:42:17,616 - INFO - 	'MODE': 'max_dag_test_only',
2022-08-18 BST 06:42:17,616 - INFO - 	'AFAS_SCHEDULER': None,
2022-08-18 BST 06:42:17,616 - INFO - 	'MINIZINC_SOLVER': None,
2022-08-18 BST 06:42:17,616 - INFO - 	'f_LINEAR_LAYERS': (),
2022-08-18 BST 06:42:17,616 - INFO - 	'f_BIAS': False,
2022-08-18 BST 06:42:17,616 - INFO - 	'p_LAYER': None,
2022-08-18 BST 06:42:17,616 - INFO - 	'STREAMLINE': False,
2022-08-18 BST 06:42:17,616 - INFO - 	'THRESHOLD': 0.0,
2022-08-18 BST 06:42:17,616 - INFO - 	'h_LINEAR_LAYERS': (),
2022-08-18 BST 06:42:17,616 - INFO - 	'h_NULL': 0.01,
2022-08-18 BST 06:42:17,616 - INFO - 	'h_LR': 0.0001,
2022-08-18 BST 06:42:17,616 - INFO - 	'h_OPTIMIZER': 'torch.optim.Adam(overall_net.h_net.parameters(), lr=h.h_LR)',
2022-08-18 BST 06:42:17,616 - INFO - 	'f_LR': 0.0117744218586073,
2022-08-18 BST 06:42:17,616 - INFO - 	'f_OPTIMIZER': 'torch.optim.Adam(overall_net.f_net.parameters(), lr=h.f_LR)',
2022-08-18 BST 06:42:17,616 - INFO - 	'NOISE_TEMPERATURE': 10,
2022-08-18 BST 06:42:17,616 - INFO - 	'NOISE_DISTRIBUTION': 'LogisticNoiseDistribution()',
2022-08-18 BST 06:42:17,616 - INFO - 	'LAMBDA': 10,
2022-08-18 BST 06:42:17,617 - INFO - 	'LOSS_FN': 'torch.nn.MSELoss()',
2022-08-18 BST 06:42:17,617 - INFO - 	'REGULARIZER': None,
2022-08-18 BST 06:42:17,617 - INFO - 	'z_RHO': 0,
2022-08-18 BST 06:42:17,617 - INFO - 	'z_MU': 0,
2022-08-18 BST 06:42:17,617 - INFO - 	'z_REGULARIZER': 'NoTearsZRegularizer(h.D, h.z_RHO, h.z_MU, c.DEVICE)',
2022-08-18 BST 06:42:17,617 - INFO - 	'LR_SCHEDULER': None,
2022-08-18 BST 06:42:17,617 - INFO - 	'DATA_CATEGORY': 'test',
2022-08-18 BST 06:42:17,617 - INFO - 	'DAGS': '030_ER2_gaussian_ev_2022-08-12_BST_09:55:21,293_create_dags'
2022-08-18 BST 06:42:17,617 - INFO - }

2022-08-18 BST 06:42:18,890 - INFO - 

DAG 0: size_true=69	X.var()=185.8479
2022-08-18 BST 06:42:23,701 - INFO -  epoch=   1      train_loss=  98.2177      val_loss=  58.6496      best=1      size= 255      nSHD_c=   8.7333      nSHD=   8.7333      tpr_c=   0.0941      change_adj_count=5      
2022-08-18 BST 06:42:45,742 - INFO -  epoch= 100      train_loss=  22.0490      val_loss=  34.8572      best=1      size= 330      nSHD_c=   9.2667      nSHD=   9.1333      tpr_c=   0.1636      change_adj_count=104      
2022-08-18 BST 06:43:07,156 - INFO -  epoch= 200      train_loss=  21.3561      val_loss=  40.0194      best=1      size= 331      nSHD_c=   9.2333      nSHD=   9.1000      tpr_c=   0.1662      change_adj_count=204      
2022-08-18 BST 06:43:28,360 - INFO -  epoch= 300      train_loss=  21.1065      val_loss=  36.0902      best=1      size= 332      nSHD_c=   9.2333      nSHD=   9.1333      tpr_c=   0.1687      change_adj_count=293      
2022-08-18 BST 06:43:50,011 - INFO -  epoch= 400      train_loss=  21.7040      val_loss=  41.6374      best=1      size= 341      nSHD_c=   9.6333      nSHD=   9.5000      tpr_c=   0.1584      change_adj_count=375      
2022-08-18 BST 06:44:11,767 - INFO -  epoch= 500      train_loss=  21.8260      val_loss=  36.4996      best=1      size= 340      nSHD_c=   9.6000      nSHD=   9.4667      tpr_c=   0.1588      change_adj_count=462      
2022-08-18 BST 06:44:33,674 - INFO -  epoch= 600      train_loss=  19.9053      val_loss=  40.8137      best=1      size= 334      nSHD_c=   9.4000      nSHD=   9.2667      tpr_c=   0.1617      change_adj_count=529      
2022-08-18 BST 06:44:54,453 - INFO -  epoch= 700      train_loss=  20.3602      val_loss=  35.4109      best=1      size= 334      nSHD_c=   9.4000      nSHD=   9.2667      tpr_c=   0.1617      change_adj_count=588      
2022-08-18 BST 06:45:15,821 - INFO -  epoch= 800      train_loss=  20.1679      val_loss=  32.0166      best=1      size= 339      nSHD_c=   9.5667      nSHD=   9.4333      tpr_c=   0.1593      change_adj_count=641      
2022-08-18 BST 06:45:38,328 - INFO -  epoch= 900      train_loss=  20.0508      val_loss=  35.3154      best=1      size= 337      nSHD_c=   9.5000      nSHD=   9.3667      tpr_c=   0.1602      change_adj_count=698      
2022-08-18 BST 06:45:59,791 - INFO -  epoch=1000      train_loss=  20.3355      val_loss=  32.3669      best=1      size= 340      nSHD_c=   9.6000      nSHD=   9.4667      tpr_c=   0.1588      change_adj_count=750      
2022-08-18 BST 06:45:59,792 - INFO - Before params
2022-08-18 BST 06:45:59,792 - INFO - After params={'MAX_SIZE': [None], 'LAMBDA': [10], 'NOISE_TEMPERATURE': [10], 'h_NULL': [0.01], 'h_LR': [0.0001], 'z_RHO': [0], 'z_MU': [0]}
2022-08-18 BST 06:45:59,792 - INFO - After metrics={'train_loss': [20.33554240195982], 'val_loss': [32.36688709259033], 'size': [340], 'nshd_c': [9.6], 'nshd': [9.466666666666667], 'tpr': [0.8405797101449275], 'tpr_c': [0.1588235294117647], 'change_adj_count': [750]}
2022-08-18 BST 06:45:59,817 - INFO - After to_save=  MAX_SIZE  LAMBDA  NOISE_TEMPERATURE  ...      tpr     tpr_c  change_adj_count
0     None      10                 10  ...  0.84058  0.158824               750

[1 rows x 16 columns]
2022-08-18 BST 06:45:59,817 - INFO - After file_path='../results/l_66none_4hps.csv'
2022-08-18 BST 06:45:59,827 - INFO - Last epoch results saved in l_66none_4hps.csv
2022-08-18 BST 06:45:59,828 - INFO - 

DAG 1: size_true=67	X.var()=127.1156
2022-08-18 BST 06:46:00,175 - INFO -  epoch=   1      train_loss=  64.6712      val_loss=  59.6721      best=1      size= 269      nSHD_c=   8.9333      nSHD=   8.9333      tpr_c=   0.0892      change_adj_count=5      
2022-08-18 BST 06:46:00,493 - INFO -  epoch=   2      train_loss=  22.9965      val_loss=  24.4288      best=1      size= 276      nSHD_c=   8.8667      nSHD=   8.8667      tpr_c=   0.1014      change_adj_count=6      
2022-08-18 BST 06:46:20,697 - INFO -  epoch= 100      train_loss=  13.0066      val_loss=  60.8950      best=1      size= 357      nSHD_c=  10.1333      nSHD=  10.0000      tpr_c=   0.1541      change_adj_count=104      
2022-08-18 BST 06:46:41,449 - INFO -  epoch= 200      train_loss=  13.1029      val_loss=  66.2055      best=1      size= 344      nSHD_c=   9.7333      nSHD=   9.6333      tpr_c=   0.1570      change_adj_count=201      
2022-08-18 BST 06:47:03,493 - INFO -  epoch= 300      train_loss=  11.9486      val_loss=  69.4880      best=1      size= 348      nSHD_c=   9.7333      nSHD=   9.6333      tpr_c=   0.1638      change_adj_count=295      
2022-08-18 BST 06:47:25,197 - INFO -  epoch= 400      train_loss=  12.5222      val_loss=  60.0146      best=1      size= 348      nSHD_c=   9.7333      nSHD=   9.6333      tpr_c=   0.1638      change_adj_count=378      
2022-08-18 BST 06:47:47,363 - INFO -  epoch= 500      train_loss=  12.7664      val_loss=  65.7986      best=1      size= 348      nSHD_c=   9.7333      nSHD=   9.6333      tpr_c=   0.1638      change_adj_count=458      
2022-08-18 BST 06:48:09,407 - INFO -  epoch= 600      train_loss=  12.5316      val_loss=  63.2374      best=1      size= 350      nSHD_c=   9.8000      nSHD=   9.7000      tpr_c=   0.1629      change_adj_count=516      
2022-08-18 BST 06:48:30,827 - INFO -  epoch= 700      train_loss=  12.4548      val_loss=  63.6321      best=1      size= 350      nSHD_c=   9.9000      nSHD=   9.7667      tpr_c=   0.1571      change_adj_count=587      
2022-08-18 BST 06:48:52,299 - INFO -  epoch= 800      train_loss=  12.3729      val_loss=  55.4355      best=1      size= 351      nSHD_c=   9.9333      nSHD=   9.8000      tpr_c=   0.1567      change_adj_count=651      
2022-08-18 BST 06:49:14,010 - INFO -  epoch= 900      train_loss=  12.4375      val_loss=  50.5500      best=1      size= 351      nSHD_c=   9.8667      nSHD=   9.7333      tpr_c=   0.1595      change_adj_count=704      
2022-08-18 BST 06:49:35,637 - INFO -  epoch=1000      train_loss=  11.5996      val_loss=  51.9714      best=1      size= 354      nSHD_c=   9.9667      nSHD=   9.8333      tpr_c=   0.1582      change_adj_count=760      
2022-08-18 BST 06:49:35,638 - INFO - Before params
2022-08-18 BST 06:49:35,638 - INFO - After params={'MAX_SIZE': [None], 'LAMBDA': [10], 'NOISE_TEMPERATURE': [10], 'h_NULL': [0.01], 'h_LR': [0.0001], 'z_RHO': [0], 'z_MU': [0]}
2022-08-18 BST 06:49:35,638 - INFO - After metrics={'train_loss': [11.599617681195658], 'val_loss': [51.97139040629069], 'size': [354], 'nshd_c': [9.966666666666667], 'nshd': [9.833333333333334], 'tpr': [0.8955223880597015], 'tpr_c': [0.15819209039548024], 'change_adj_count': [760]}
2022-08-18 BST 06:49:35,657 - INFO - After to_save=  MAX_SIZE  LAMBDA  NOISE_TEMPERATURE  ...       tpr     tpr_c  change_adj_count
0     None      10                 10  ...  0.895522  0.158192               760

[1 rows x 16 columns]
2022-08-18 BST 06:49:35,657 - INFO - After file_path='../results/l_66none_4hps.csv'
2022-08-18 BST 06:49:35,661 - INFO - Last epoch results saved in l_66none_4hps.csv
2022-08-18 BST 06:49:35,662 - INFO - 

DAG 2: size_true=64	X.var()=25.7432
2022-08-18 BST 06:49:36,035 - INFO -  epoch=   1      train_loss=  16.6041      val_loss=  14.6473      best=1      size= 268      nSHD_c=   8.8667      nSHD=   8.8667      tpr_c=   0.0858      change_adj_count=5      
2022-08-18 BST 06:49:36,324 - INFO -  epoch=   2      train_loss=   9.3102      val_loss=  11.3242      best=1      size= 266      nSHD_c=   8.8333      nSHD=   8.8333      tpr_c=   0.0827      change_adj_count=6      
2022-08-18 BST 06:49:36,615 - INFO -  epoch=   3      train_loss=   7.7169      val_loss=   9.0565      best=1      size= 268      nSHD_c=   8.8000      nSHD=   8.8000      tpr_c=   0.0821      change_adj_count=7      
2022-08-18 BST 06:49:36,943 - INFO -  epoch=   4      train_loss=   7.0920      val_loss=   8.5568      best=1      size= 281      nSHD_c=   9.0333      nSHD=   9.0333      tpr_c=   0.0961      change_adj_count=8      
2022-08-18 BST 06:49:57,732 - INFO -  epoch= 100      train_loss=   6.4047      val_loss=   7.7521      best=1      size= 333      nSHD_c=   9.2667      nSHD=   9.2333      tpr_c=   0.1682      change_adj_count=102      
2022-08-18 BST 06:50:19,225 - INFO -  epoch= 200      train_loss=   6.2193      val_loss=   7.2158      best=1      size= 328      nSHD_c=   9.0667      nSHD=   8.9667      tpr_c=   0.1738      change_adj_count=200      
2022-08-18 BST 06:50:40,602 - INFO -  epoch= 300      train_loss=   6.2395      val_loss=   7.5795      best=1      size= 333      nSHD_c=   9.2333      nSHD=   9.1333      tpr_c=   0.1712      change_adj_count=294      
2022-08-18 BST 06:51:02,163 - INFO -  epoch= 400      train_loss=   6.1645      val_loss=   7.3380      best=1      size= 325      nSHD_c=   8.9000      nSHD=   8.8000      tpr_c=   0.1785      change_adj_count=383      
2022-08-18 BST 06:51:23,836 - INFO -  epoch= 500      train_loss=   6.1915      val_loss=   8.0849      best=1      size= 329      nSHD_c=   9.1000      nSHD=   9.0000      tpr_c=   0.1733      change_adj_count=467      
2022-08-18 BST 06:51:45,040 - INFO -  epoch= 600      train_loss=   6.0020      val_loss=   6.5975      best=1      size= 325      nSHD_c=   8.9667      nSHD=   8.8667      tpr_c=   0.1754      change_adj_count=547      
2022-08-18 BST 06:52:05,925 - INFO -  epoch= 700      train_loss=   6.1326      val_loss=   7.1294      best=1      size= 326      nSHD_c=   9.0333      nSHD=   8.9000      tpr_c=   0.1718      change_adj_count=612      
2022-08-18 BST 06:52:27,634 - INFO -  epoch= 800      train_loss=   6.0592      val_loss=   7.0895      best=1      size= 326      nSHD_c=   9.0333      nSHD=   8.9000      tpr_c=   0.1718      change_adj_count=678      
2022-08-18 BST 06:52:49,030 - INFO -  epoch= 900      train_loss=   5.8954      val_loss=   6.7005      best=1      size= 321      nSHD_c=   8.8333      nSHD=   8.7333      tpr_c=   0.1776      change_adj_count=745      
2022-08-18 BST 06:53:10,117 - INFO -  epoch=1000      train_loss=   5.9268      val_loss=   6.5714      best=1      size= 325      nSHD_c=   8.9667      nSHD=   8.8667      tpr_c=   0.1754      change_adj_count=797      
2022-08-18 BST 06:53:10,118 - INFO - Before params
2022-08-18 BST 06:53:10,118 - INFO - After params={'MAX_SIZE': [None], 'LAMBDA': [10], 'NOISE_TEMPERATURE': [10], 'h_NULL': [0.01], 'h_LR': [0.0001], 'z_RHO': [0], 'z_MU': [0]}
2022-08-18 BST 06:53:10,118 - INFO - After metrics={'train_loss': [5.9267674722979145], 'val_loss': [6.571391185124715], 'size': [325], 'nshd_c': [8.966666666666667], 'nshd': [8.866666666666667], 'tpr': [0.9375], 'tpr_c': [0.1753846153846154], 'change_adj_count': [797]}
2022-08-18 BST 06:53:10,135 - INFO - After to_save=  MAX_SIZE  LAMBDA  NOISE_TEMPERATURE  ...     tpr     tpr_c  change_adj_count
0     None      10                 10  ...  0.9375  0.175385               797

[1 rows x 16 columns]
2022-08-18 BST 06:53:10,135 - INFO - After file_path='../results/l_66none_4hps.csv'
2022-08-18 BST 06:53:10,137 - INFO - Last epoch results saved in l_66none_4hps.csv
2022-08-18 BST 06:53:10,138 - INFO - 

DAG 3: size_true=63	X.var()=265.9248
2022-08-18 BST 06:53:10,484 - INFO -  epoch=   1      train_loss=  93.6669      val_loss= 104.5176      best=1      size= 264      nSHD_c=   8.9667      nSHD=   8.9333      tpr_c=   0.0833      change_adj_count=5      
2022-08-18 BST 06:53:31,782 - INFO -  epoch= 100      train_loss=  25.7932      val_loss= 110.0373      best=1      size= 339      nSHD_c=   9.8000      nSHD=   9.7333      tpr_c=   0.1386      change_adj_count=102      
2022-08-18 BST 06:53:53,865 - INFO -  epoch= 200      train_loss=  24.2738      val_loss= 117.6324      best=1      size= 346      nSHD_c=   9.9667      nSHD=   9.9000      tpr_c=   0.1387      change_adj_count=196      
2022-08-18 BST 06:54:15,556 - INFO -  epoch= 300      train_loss=  24.1035      val_loss= 108.0294      best=1      size= 347      nSHD_c=  10.0333      nSHD=   9.9333      tpr_c=   0.1354      change_adj_count=281      
2022-08-18 BST 06:54:36,974 - INFO -  epoch= 400      train_loss=  23.4961      val_loss= 103.7752      best=1      size= 345      nSHD_c=   9.9000      nSHD=   9.8000      tpr_c=   0.1391      change_adj_count=364      
2022-08-18 BST 06:54:58,230 - INFO -  epoch= 500      train_loss=  24.7037      val_loss= 102.5045      best=1      size= 342      nSHD_c=   9.7667      nSHD=   9.7000      tpr_c=   0.1433      change_adj_count=443      
2022-08-18 BST 06:55:19,923 - INFO -  epoch= 600      train_loss=  23.5476      val_loss= 117.9347      best=1      size= 343      nSHD_c=   9.8333      nSHD=   9.7333      tpr_c=   0.1399      change_adj_count=505      
2022-08-18 BST 06:55:41,402 - INFO -  epoch= 700      train_loss=  24.1840      val_loss= 110.8661      best=1      size= 344      nSHD_c=   9.8667      nSHD=   9.7667      tpr_c=   0.1395      change_adj_count=555      
2022-08-18 BST 06:56:03,019 - INFO -  epoch= 800      train_loss=  23.1657      val_loss=  94.5467      best=1      size= 339      nSHD_c=   9.7000      nSHD=   9.6000      tpr_c=   0.1416      change_adj_count=597      
2022-08-18 BST 06:56:24,481 - INFO -  epoch= 900      train_loss=  23.1917      val_loss=  89.6167      best=1      size= 355      nSHD_c=  10.2000      nSHD=  10.1000      tpr_c=   0.1380      change_adj_count=641      
2022-08-18 BST 06:56:45,558 - INFO -  epoch=1000      train_loss=  23.6442      val_loss=  91.2316      best=1      size= 353      nSHD_c=  10.1667      nSHD=  10.0667      tpr_c=   0.1360      change_adj_count=680      
2022-08-18 BST 06:56:45,559 - INFO - Before params
2022-08-18 BST 06:56:45,559 - INFO - After params={'MAX_SIZE': [None], 'LAMBDA': [10], 'NOISE_TEMPERATURE': [10], 'h_NULL': [0.01], 'h_LR': [0.0001], 'z_RHO': [0], 'z_MU': [0]}
2022-08-18 BST 06:56:45,559 - INFO - After metrics={'train_loss': [23.64416657724688], 'val_loss': [91.23158772786458], 'size': [353], 'nshd_c': [10.166666666666666], 'nshd': [10.066666666666666], 'tpr': [0.8095238095238095], 'tpr_c': [0.1359773371104816], 'change_adj_count': [680]}
2022-08-18 BST 06:56:45,576 - INFO - After to_save=  MAX_SIZE  LAMBDA  NOISE_TEMPERATURE  ...       tpr     tpr_c  change_adj_count
0     None      10                 10  ...  0.809524  0.135977               680

[1 rows x 16 columns]
2022-08-18 BST 06:56:45,577 - INFO - After file_path='../results/l_66none_4hps.csv'
2022-08-18 BST 06:56:45,578 - INFO - Last epoch results saved in l_66none_4hps.csv
2022-08-18 BST 06:56:45,579 - INFO - 

DAG 4: size_true=48	X.var()=47.3993
2022-08-18 BST 06:56:45,907 - INFO -  epoch=   1      train_loss=  29.0256      val_loss=  24.0691      best=1      size= 241      nSHD_c=   8.5333      nSHD=   8.4667      tpr_c=   0.0249      change_adj_count=5      
2022-08-18 BST 06:56:46,244 - INFO -  epoch=   2      train_loss=  14.3780      val_loss=  18.4373      best=1      size= 239      nSHD_c=   8.5000      nSHD=   8.4333      tpr_c=   0.0251      change_adj_count=6      
2022-08-18 BST 06:57:07,735 - INFO -  epoch= 100      train_loss=   9.0776      val_loss=  20.0437      best=1      size= 275      nSHD_c=   8.0000      nSHD=   7.8333      tpr_c=   0.1309      change_adj_count=104      
2022-08-18 BST 06:57:29,388 - INFO -  epoch= 200      train_loss=   8.9247      val_loss=  19.0879      best=1      size= 271      nSHD_c=   7.9000      nSHD=   7.6333      tpr_c=   0.1292      change_adj_count=202      
2022-08-18 BST 06:57:50,814 - INFO -  epoch= 300      train_loss=   8.9486      val_loss=  20.0734      best=1      size= 273      nSHD_c=   8.0000      nSHD=   7.7000      tpr_c=   0.1245      change_adj_count=294      
2022-08-18 BST 06:58:12,164 - INFO -  epoch= 400      train_loss=   8.3941      val_loss=  17.2522      best=1      size= 268      nSHD_c=   7.8333      nSHD=   7.5333      tpr_c=   0.1269      change_adj_count=379      
2022-08-18 BST 06:58:34,062 - INFO -  epoch= 500      train_loss=   8.6055      val_loss=  16.6539      best=1      size= 269      nSHD_c=   7.8667      nSHD=   7.6000      tpr_c=   0.1264      change_adj_count=467      
2022-08-18 BST 06:58:55,069 - INFO -  epoch= 600      train_loss=   8.6370      val_loss=  17.0880      best=1      size= 271      nSHD_c=   7.9000      nSHD=   7.6333      tpr_c=   0.1292      change_adj_count=547      
2022-08-18 BST 06:59:16,590 - INFO -  epoch= 700      train_loss=   8.3193      val_loss=  15.7744      best=1      size= 268      nSHD_c=   7.8667      nSHD=   7.5667      tpr_c=   0.1231      change_adj_count=609      
2022-08-18 BST 06:59:38,192 - INFO -  epoch= 800      train_loss=   8.1142      val_loss=  16.4865      best=1      size= 269      nSHD_c=   7.8667      nSHD=   7.6000      tpr_c=   0.1264      change_adj_count=677      
2022-08-18 BST 07:00:00,119 - INFO -  epoch= 900      train_loss=   8.2410      val_loss=  15.0140      best=1      size= 265      nSHD_c=   7.7000      nSHD=   7.4667      tpr_c=   0.1321      change_adj_count=746      
2022-08-18 BST 07:00:21,581 - INFO -  epoch=1000      train_loss=   8.2051      val_loss=  16.0537      best=1      size= 264      nSHD_c=   7.7000      nSHD=   7.4333      tpr_c=   0.1288      change_adj_count=811      
2022-08-18 BST 07:00:21,582 - INFO - Before params
2022-08-18 BST 07:00:21,582 - INFO - After params={'MAX_SIZE': [None], 'LAMBDA': [10], 'NOISE_TEMPERATURE': [10], 'h_NULL': [0.01], 'h_LR': [0.0001], 'z_RHO': [0], 'z_MU': [0]}
2022-08-18 BST 07:00:21,582 - INFO - After metrics={'train_loss': [8.20513269978185], 'val_loss': [16.053726196289062], 'size': [264], 'nshd_c': [7.7], 'nshd': [7.433333333333334], 'tpr': [0.875], 'tpr_c': [0.12878787878787878], 'change_adj_count': [811]}
2022-08-18 BST 07:00:21,601 - INFO - After to_save=  MAX_SIZE  LAMBDA  NOISE_TEMPERATURE  ...    tpr     tpr_c  change_adj_count
0     None      10                 10  ...  0.875  0.128788               811

[1 rows x 16 columns]
2022-08-18 BST 07:00:21,601 - INFO - After file_path='../results/l_66none_4hps.csv'
2022-08-18 BST 07:00:21,605 - INFO - Last epoch results saved in l_66none_4hps.csv
2022-08-18 BST 07:00:21,606 - INFO - 

DAG 5: size_true=57	X.var()=54.7286
2022-08-18 BST 07:00:21,884 - INFO -  epoch=   1      train_loss=  40.9000      val_loss=  27.4141      best=1      size= 262      nSHD_c=   8.9667      nSHD=   8.8667      tpr_c=   0.0496      change_adj_count=5      
2022-08-18 BST 07:00:22,217 - INFO -  epoch=   2      train_loss=  26.2346      val_loss=  19.1809      best=1      size= 271      nSHD_c=   9.1333      nSHD=   9.0667      tpr_c=   0.0590      change_adj_count=6      
2022-08-18 BST 07:00:43,031 - INFO -  epoch= 100      train_loss=  11.4613      val_loss=  18.7782      best=1      size= 318      nSHD_c=   9.1333      nSHD=   9.0333      tpr_c=   0.1415      change_adj_count=104      
2022-08-18 BST 07:01:04,739 - INFO -  epoch= 200      train_loss=  10.9679      val_loss=  10.8775      best=1      size= 303      nSHD_c=   8.7000      nSHD=   8.6333      tpr_c=   0.1452      change_adj_count=200      
2022-08-18 BST 07:01:25,956 - INFO -  epoch= 300      train_loss=  10.4295      val_loss=  10.2776      best=1      size= 306      nSHD_c=   8.7000      nSHD=   8.6667      tpr_c=   0.1503      change_adj_count=286      
2022-08-18 BST 07:01:47,241 - INFO -  epoch= 400      train_loss=  10.4468      val_loss=  10.1351      best=1      size= 304      nSHD_c=   8.7667      nSHD=   8.6667      tpr_c=   0.1414      change_adj_count=375      
2022-08-18 BST 07:02:08,227 - INFO -  epoch= 500      train_loss=  10.8677      val_loss=  10.7863      best=1      size= 307      nSHD_c=   8.8667      nSHD=   8.7667      tpr_c=   0.1401      change_adj_count=447      
2022-08-18 BST 07:02:29,582 - INFO -  epoch= 600      train_loss=  10.6295      val_loss=   9.6860      best=1      size= 300      nSHD_c=   8.6000      nSHD=   8.5333      tpr_c=   0.1467      change_adj_count=523      
2022-08-18 BST 07:02:51,276 - INFO -  epoch= 700      train_loss=  10.2157      val_loss=   9.8034      best=1      size= 305      nSHD_c=   8.7333      nSHD=   8.7000      tpr_c=   0.1475      change_adj_count=587      
2022-08-18 BST 07:03:13,382 - INFO -  epoch= 800      train_loss=  10.5588      val_loss=  10.1750      best=1      size= 301      nSHD_c=   8.6333      nSHD=   8.5667      tpr_c=   0.1462      change_adj_count=642      
2022-08-18 BST 07:03:34,552 - INFO -  epoch= 900      train_loss=  10.5238      val_loss=  10.1222      best=1      size= 305      nSHD_c=   8.7667      nSHD=   8.7000      tpr_c=   0.1443      change_adj_count=704      
2022-08-18 BST 07:03:55,480 - INFO -  epoch=1000      train_loss=  10.1019      val_loss=   9.0934      best=1      size= 301      nSHD_c=   8.6000      nSHD=   8.5667      tpr_c=   0.1495      change_adj_count=736      
2022-08-18 BST 07:03:55,480 - INFO - Before params
2022-08-18 BST 07:03:55,480 - INFO - After params={'MAX_SIZE': [None], 'LAMBDA': [10], 'NOISE_TEMPERATURE': [10], 'h_NULL': [0.01], 'h_LR': [0.0001], 'z_RHO': [0], 'z_MU': [0]}
2022-08-18 BST 07:03:55,480 - INFO - After metrics={'train_loss': [10.101945323328819], 'val_loss': [9.09337862332662], 'size': [301], 'nshd_c': [8.6], 'nshd': [8.566666666666666], 'tpr': [0.8070175438596491], 'tpr_c': [0.14950166112956811], 'change_adj_count': [736]}
2022-08-18 BST 07:03:55,499 - INFO - After to_save=  MAX_SIZE  LAMBDA  NOISE_TEMPERATURE  ...       tpr     tpr_c  change_adj_count
0     None      10                 10  ...  0.807018  0.149502               736

[1 rows x 16 columns]
2022-08-18 BST 07:03:55,499 - INFO - After file_path='../results/l_66none_4hps.csv'
2022-08-18 BST 07:03:55,502 - INFO - Last epoch results saved in l_66none_4hps.csv
2022-08-18 BST 07:03:55,503 - INFO - 

DAG 6: size_true=64	X.var()=29.7229
2022-08-18 BST 07:03:55,946 - INFO -  epoch=   1      train_loss=  15.2298      val_loss=  16.7205      best=1      size= 248      nSHD_c=   8.6000      nSHD=   8.5000      tpr_c=   0.0645      change_adj_count=5      
2022-08-18 BST 07:03:56,248 - INFO -  epoch=   2      train_loss=   7.9874      val_loss=  14.5669      best=1      size= 259      nSHD_c=   8.7667      nSHD=   8.7000      tpr_c=   0.0734      change_adj_count=6      
2022-08-18 BST 07:04:16,727 - INFO -  epoch= 100      train_loss=   6.2768      val_loss=  11.1170      best=1      size= 342      nSHD_c=   9.7667      nSHD=   9.7333      tpr_c=   0.1520      change_adj_count=104      
2022-08-18 BST 07:04:38,472 - INFO -  epoch= 200      train_loss=   6.3004      val_loss=   9.4788      best=1      size= 341      nSHD_c=   9.7333      nSHD=   9.7000      tpr_c=   0.1525      change_adj_count=203      
2022-08-18 BST 07:04:59,683 - INFO -  epoch= 300      train_loss=   6.1480      val_loss=  10.1334      best=1      size= 337      nSHD_c=   9.6000      nSHD=   9.5667      tpr_c=   0.1543      change_adj_count=297      
2022-08-18 BST 07:05:21,125 - INFO -  epoch= 400      train_loss=   6.1377      val_loss=   9.8953      best=1      size= 347      nSHD_c=   9.9333      nSHD=   9.9000      tpr_c=   0.1499      change_adj_count=381      
2022-08-18 BST 07:05:42,451 - INFO -  epoch= 500      train_loss=   6.1573      val_loss=  10.2454      best=1      size= 346      nSHD_c=   9.8333      nSHD=   9.8333      tpr_c=   0.1561      change_adj_count=462      
2022-08-18 BST 07:06:04,649 - INFO -  epoch= 600      train_loss=   5.9303      val_loss=   9.1440      best=1      size= 348      nSHD_c=   9.9333      nSHD=   9.9000      tpr_c=   0.1523      change_adj_count=541      
2022-08-18 BST 07:06:25,857 - INFO -  epoch= 700      train_loss=   5.9436      val_loss=   8.9534      best=1      size= 344      nSHD_c=   9.8000      nSHD=   9.7667      tpr_c=   0.1541      change_adj_count=618      
2022-08-18 BST 07:06:47,462 - INFO -  epoch= 800      train_loss=   5.9425      val_loss=   9.6915      best=1      size= 345      nSHD_c=   9.8333      nSHD=   9.8000      tpr_c=   0.1536      change_adj_count=689      
2022-08-18 BST 07:07:08,603 - INFO -  epoch= 900      train_loss=   5.9506      val_loss=   8.9949      best=1      size= 343      nSHD_c=   9.7333      nSHD=   9.7333      tpr_c=   0.1574      change_adj_count=740      
2022-08-18 BST 07:07:30,106 - INFO -  epoch=1000      train_loss=   5.9379      val_loss=   8.2963      best=1      size= 342      nSHD_c=   9.7000      nSHD=   9.7000      tpr_c=   0.1579      change_adj_count=792      
2022-08-18 BST 07:07:30,106 - INFO - Before params
2022-08-18 BST 07:07:30,106 - INFO - After params={'MAX_SIZE': [None], 'LAMBDA': [10], 'NOISE_TEMPERATURE': [10], 'h_NULL': [0.01], 'h_LR': [0.0001], 'z_RHO': [0], 'z_MU': [0]}
2022-08-18 BST 07:07:30,107 - INFO - After metrics={'train_loss': [5.937888160828622], 'val_loss': [8.296321709950766], 'size': [342], 'nshd_c': [9.7], 'nshd': [9.7], 'tpr': [0.84375], 'tpr_c': [0.15789473684210525], 'change_adj_count': [792]}
2022-08-18 BST 07:07:30,126 - INFO - After to_save=  MAX_SIZE  LAMBDA  NOISE_TEMPERATURE  ...      tpr     tpr_c  change_adj_count
0     None      10                 10  ...  0.84375  0.157895               792

[1 rows x 16 columns]
2022-08-18 BST 07:07:30,126 - INFO - After file_path='../results/l_66none_4hps.csv'
2022-08-18 BST 07:07:30,128 - INFO - Last epoch results saved in l_66none_4hps.csv
2022-08-18 BST 07:07:30,129 - INFO - 

DAG 7: size_true=62	X.var()=55.6800
2022-08-18 BST 07:07:30,404 - INFO -  epoch=   1      train_loss=  26.6986      val_loss=  21.2609      best=1      size= 260      nSHD_c=   9.1000      nSHD=   9.0667      tpr_c=   0.0692      change_adj_count=5      
2022-08-18 BST 07:07:30,638 - INFO -  epoch=   2      train_loss=  10.0551      val_loss=  13.2388      best=1      size= 270      nSHD_c=   9.1667      nSHD=   9.1333      tpr_c=   0.0815      change_adj_count=6      
2022-08-18 BST 07:07:52,044 - INFO -  epoch= 100      train_loss=   7.1133      val_loss=  26.6468      best=1      size= 342      nSHD_c=   9.9333      nSHD=   9.8667      tpr_c=   0.1404      change_adj_count=104      
2022-08-18 BST 07:08:13,031 - INFO -  epoch= 200      train_loss=   7.2234      val_loss=  22.0637      best=1      size= 343      nSHD_c=   9.9333      nSHD=   9.8667      tpr_c=   0.1399      change_adj_count=203      
2022-08-18 BST 07:08:34,818 - INFO -  epoch= 300      train_loss=   7.2478      val_loss=  24.4367      best=1      size= 344      nSHD_c=  10.0000      nSHD=   9.9000      tpr_c=   0.1366      change_adj_count=301      
2022-08-18 BST 07:08:55,912 - INFO -  epoch= 400      train_loss=   6.9177      val_loss=  23.6345      best=1      size= 346      nSHD_c=   9.9667      nSHD=   9.9000      tpr_c=   0.1416      change_adj_count=388      
2022-08-18 BST 07:09:16,981 - INFO -  epoch= 500      train_loss=   7.1769      val_loss=  23.1479      best=1      size= 344      nSHD_c=   9.9667      nSHD=   9.9000      tpr_c=   0.1395      change_adj_count=464      
2022-08-18 BST 07:09:38,310 - INFO -  epoch= 600      train_loss=   7.0023      val_loss=  20.0222      best=1      size= 343      nSHD_c=   9.8000      nSHD=   9.7333      tpr_c=   0.1458      change_adj_count=548      
2022-08-18 BST 07:10:00,244 - INFO -  epoch= 700      train_loss=   7.0621      val_loss=  22.7441      best=1      size= 345      nSHD_c=   9.8667      nSHD=   9.8000      tpr_c=   0.1449      change_adj_count=613      
2022-08-18 BST 07:10:21,904 - INFO -  epoch= 800      train_loss=   6.9312      val_loss=  21.4317      best=1      size= 344      nSHD_c=   9.8667      nSHD=   9.8333      tpr_c=   0.1453      change_adj_count=667      
2022-08-18 BST 07:10:43,788 - INFO -  epoch= 900      train_loss=   6.8549      val_loss=  19.8979      best=1      size= 343      nSHD_c=   9.8667      nSHD=   9.8000      tpr_c=   0.1429      change_adj_count=737      
2022-08-18 BST 07:11:05,608 - INFO -  epoch=1000      train_loss=   6.8335      val_loss=  21.3472      best=1      size= 346      nSHD_c=   9.9667      nSHD=   9.9000      tpr_c=   0.1416      change_adj_count=799      
2022-08-18 BST 07:11:05,609 - INFO - Before params
2022-08-18 BST 07:11:05,609 - INFO - After params={'MAX_SIZE': [None], 'LAMBDA': [10], 'NOISE_TEMPERATURE': [10], 'h_NULL': [0.01], 'h_LR': [0.0001], 'z_RHO': [0], 'z_MU': [0]}
2022-08-18 BST 07:11:05,609 - INFO - After metrics={'train_loss': [6.833530856717017], 'val_loss': [21.347241083780926], 'size': [346], 'nshd_c': [9.966666666666667], 'nshd': [9.9], 'tpr': [0.8225806451612904], 'tpr_c': [0.1416184971098266], 'change_adj_count': [799]}
2022-08-18 BST 07:11:05,626 - INFO - After to_save=  MAX_SIZE  LAMBDA  NOISE_TEMPERATURE  ...       tpr     tpr_c  change_adj_count
0     None      10                 10  ...  0.822581  0.141618               799

[1 rows x 16 columns]
2022-08-18 BST 07:11:05,626 - INFO - After file_path='../results/l_66none_4hps.csv'
2022-08-18 BST 07:11:05,629 - INFO - Last epoch results saved in l_66none_4hps.csv
2022-08-18 BST 07:11:05,629 - INFO - 

DAG 8: size_true=63	X.var()=39.3378
2022-08-18 BST 07:11:05,934 - INFO -  epoch=   1      train_loss=  23.8804      val_loss=  22.9031      best=1      size= 242      nSHD_c=   8.5000      nSHD=   8.4667      tpr_c=   0.0702      change_adj_count=5      
2022-08-18 BST 07:11:06,263 - INFO -  epoch=   2      train_loss=  11.4239      val_loss=  12.7351      best=1      size= 256      nSHD_c=   8.6667      nSHD=   8.6000      tpr_c=   0.0820      change_adj_count=6      
2022-08-18 BST 07:11:26,956 - INFO -  epoch= 100      train_loss=   7.7329      val_loss=  11.3566      best=1      size= 325      nSHD_c=   9.1667      nSHD=   8.9333      tpr_c=   0.1538      change_adj_count=104      
2022-08-18 BST 07:11:48,363 - INFO -  epoch= 200      train_loss=   7.8469      val_loss=  11.3500      best=1      size= 341      nSHD_c=   9.6333      nSHD=   9.5000      tpr_c=   0.1525      change_adj_count=201      
2022-08-18 BST 07:12:09,555 - INFO -  epoch= 300      train_loss=   7.6592      val_loss=  12.0182      best=1      size= 345      nSHD_c=   9.7333      nSHD=   9.6333      tpr_c=   0.1536      change_adj_count=297      
2022-08-18 BST 07:12:30,967 - INFO -  epoch= 400      train_loss=   7.6322      val_loss=  11.1618      best=1      size= 339      nSHD_c=   9.5333      nSHD=   9.4333      tpr_c=   0.1563      change_adj_count=388      
2022-08-18 BST 07:12:52,420 - INFO -  epoch= 500      train_loss=   7.5785      val_loss=  13.3482      best=1      size= 343      nSHD_c=   9.6667      nSHD=   9.5667      tpr_c=   0.1545      change_adj_count=471      
2022-08-18 BST 07:13:14,288 - INFO -  epoch= 600      train_loss=   7.3879      val_loss=  11.0339      best=1      size= 334      nSHD_c=   9.4000      nSHD=   9.2667      tpr_c=   0.1557      change_adj_count=546      
2022-08-18 BST 07:13:35,828 - INFO -  epoch= 700      train_loss=   7.4220      val_loss=   9.9870      best=1      size= 335      nSHD_c=   9.4000      nSHD=   9.3000      tpr_c=   0.1582      change_adj_count=615      
2022-08-18 BST 07:13:57,248 - INFO -  epoch= 800      train_loss=   7.1320      val_loss=  10.7640      best=1      size= 338      nSHD_c=   9.5000      nSHD=   9.4000      tpr_c=   0.1568      change_adj_count=678      
2022-08-18 BST 07:14:18,839 - INFO -  epoch= 900      train_loss=   7.4195      val_loss=  10.6461      best=1      size= 335      nSHD_c=   9.4000      nSHD=   9.3000      tpr_c=   0.1582      change_adj_count=732      
2022-08-18 BST 07:14:40,789 - INFO -  epoch=1000      train_loss=   7.2543      val_loss=  10.2394      best=1      size= 332      nSHD_c=   9.2667      nSHD=   9.1667      tpr_c=   0.1627      change_adj_count=790      
2022-08-18 BST 07:14:40,790 - INFO - Before params
2022-08-18 BST 07:14:40,790 - INFO - After params={'MAX_SIZE': [None], 'LAMBDA': [10], 'NOISE_TEMPERATURE': [10], 'h_NULL': [0.01], 'h_LR': [0.0001], 'z_RHO': [0], 'z_MU': [0]}
2022-08-18 BST 07:14:40,790 - INFO - After metrics={'train_loss': [7.254309085107619], 'val_loss': [10.23938798904419], 'size': [332], 'nshd_c': [9.266666666666667], 'nshd': [9.166666666666666], 'tpr': [0.9047619047619048], 'tpr_c': [0.16265060240963855], 'change_adj_count': [790]}
2022-08-18 BST 07:14:40,806 - INFO - After to_save=  MAX_SIZE  LAMBDA  NOISE_TEMPERATURE  ...       tpr     tpr_c  change_adj_count
0     None      10                 10  ...  0.904762  0.162651               790

[1 rows x 16 columns]
2022-08-18 BST 07:14:40,806 - INFO - After file_path='../results/l_66none_4hps.csv'
2022-08-18 BST 07:14:40,809 - INFO - Last epoch results saved in l_66none_4hps.csv
2022-08-18 BST 07:14:40,809 - INFO - 

DAG 9: size_true=61	X.var()=94.6254
2022-08-18 BST 07:14:41,123 - INFO -  epoch=   1      train_loss=  41.8969      val_loss=  39.5334      best=1      size= 251      nSHD_c=   8.4667      nSHD=   8.4333      tpr_c=   0.0837      change_adj_count=5      
2022-08-18 BST 07:14:41,460 - INFO -  epoch=   2      train_loss=  19.8340      val_loss=  25.1246      best=1      size= 260      nSHD_c=   8.4667      nSHD=   8.4333      tpr_c=   0.0885      change_adj_count=6      
2022-08-18 BST 07:15:02,331 - INFO -  epoch= 100      train_loss=  13.3767      val_loss=  34.5012      best=1      size= 345      nSHD_c=  10.0000      nSHD=   9.9333      tpr_c=   0.1333      change_adj_count=104      
2022-08-18 BST 07:15:24,555 - INFO -  epoch= 200      train_loss=  13.1690      val_loss=  29.9248      best=1      size= 357      nSHD_c=  10.4333      nSHD=  10.3333      tpr_c=   0.1261      change_adj_count=197      
2022-08-18 BST 07:15:46,234 - INFO -  epoch= 300      train_loss=  12.8449      val_loss=  25.6384      best=1      size= 355      nSHD_c=  10.4000      nSHD=  10.2667      tpr_c=   0.1239      change_adj_count=292      
2022-08-18 BST 07:16:07,526 - INFO -  epoch= 400      train_loss=  13.0150      val_loss=  29.8891      best=1      size= 355      nSHD_c=  10.3667      nSHD=  10.2667      tpr_c=   0.1296      change_adj_count=381      
2022-08-18 BST 07:16:28,781 - INFO -  epoch= 500      train_loss=  12.5110      val_loss=  30.5563      best=1      size= 359      nSHD_c=  10.4667      nSHD=  10.3667      tpr_c=   0.1281      change_adj_count=462      
2022-08-18 BST 07:16:50,441 - INFO -  epoch= 600      train_loss=  12.4370      val_loss=  28.5746      best=1      size= 357      nSHD_c=  10.4333      nSHD=  10.3333      tpr_c=   0.1261      change_adj_count=539      
2022-08-18 BST 07:17:11,634 - INFO -  epoch= 700      train_loss=  12.5047      val_loss=  26.4420      best=1      size= 355      nSHD_c=  10.3667      nSHD=  10.2667      tpr_c=   0.1268      change_adj_count=601      
2022-08-18 BST 07:17:32,751 - INFO -  epoch= 800      train_loss=  12.1068      val_loss=  22.3866      best=1      size= 358      nSHD_c=  10.4667      nSHD=  10.3667      tpr_c=   0.1257      change_adj_count=651      
2022-08-18 BST 07:17:53,754 - INFO -  epoch= 900      train_loss=  12.4433      val_loss=  21.3304      best=1      size= 360      nSHD_c=  10.5333      nSHD=  10.4333      tpr_c=   0.1250      change_adj_count=711      
2022-08-18 BST 07:18:15,079 - INFO -  epoch=1000      train_loss=  11.7719      val_loss=  24.7438      best=1      size= 358      nSHD_c=  10.4667      nSHD=  10.3667      tpr_c=   0.1257      change_adj_count=756      
2022-08-18 BST 07:18:15,079 - INFO - Before params
2022-08-18 BST 07:18:15,080 - INFO - After params={'MAX_SIZE': [None], 'LAMBDA': [10], 'NOISE_TEMPERATURE': [10], 'h_NULL': [0.01], 'h_LR': [0.0001], 'z_RHO': [0], 'z_MU': [0]}
2022-08-18 BST 07:18:15,080 - INFO - After metrics={'train_loss': [11.771893316699613], 'val_loss': [24.743779182434082], 'size': [358], 'nshd_c': [10.466666666666667], 'nshd': [10.366666666666667], 'tpr': [0.7868852459016393], 'tpr_c': [0.12569832402234637], 'change_adj_count': [756]}
2022-08-18 BST 07:18:15,097 - INFO - After to_save=  MAX_SIZE  LAMBDA  NOISE_TEMPERATURE  ...       tpr     tpr_c  change_adj_count
0     None      10                 10  ...  0.786885  0.125698               756

[1 rows x 16 columns]
2022-08-18 BST 07:18:15,097 - INFO - After file_path='../results/l_66none_4hps.csv'
2022-08-18 BST 07:18:15,100 - INFO - Last epoch results saved in l_66none_4hps.csv
2022-08-18 BST 07:18:15,100 - INFO - 

DAG 10: size_true=51	X.var()=18.9170
2022-08-18 BST 07:18:15,342 - INFO -  epoch=   1      train_loss=  11.4771      val_loss=   9.2547      best=1      size= 253      nSHD_c=   8.4667      nSHD=   8.4667      tpr_c=   0.0711      change_adj_count=5      
2022-08-18 BST 07:18:15,614 - INFO -  epoch=   2      train_loss=   6.3145      val_loss=   8.2218      best=1      size= 256      nSHD_c=   8.5667      nSHD=   8.5667      tpr_c=   0.0703      change_adj_count=6      
2022-08-18 BST 07:18:36,444 - INFO -  epoch= 100      train_loss=   4.8545      val_loss=   5.2185      best=1      size= 301      nSHD_c=   8.8667      nSHD=   8.7000      tpr_c=   0.1229      change_adj_count=103      
2022-08-18 BST 07:18:57,762 - INFO -  epoch= 200      train_loss=   4.9510      val_loss=   5.5482      best=1      size= 305      nSHD_c=   8.9000      nSHD=   8.7333      tpr_c=   0.1279      change_adj_count=196      
2022-08-18 BST 07:19:18,734 - INFO -  epoch= 300      train_loss=   4.8503      val_loss=   5.7019      best=1      size= 300      nSHD_c=   8.7667      nSHD=   8.5667      tpr_c=   0.1267      change_adj_count=293      
2022-08-18 BST 07:19:39,746 - INFO -  epoch= 400      train_loss=   4.8793      val_loss=   5.1290      best=1      size= 307      nSHD_c=   8.9667      nSHD=   8.8000      tpr_c=   0.1270      change_adj_count=380      
2022-08-18 BST 07:20:00,522 - INFO -  epoch= 500      train_loss=   4.7884      val_loss=   5.5664      best=1      size= 299      nSHD_c=   8.7000      nSHD=   8.5333      tpr_c=   0.1304      change_adj_count=473      
2022-08-18 BST 07:20:21,493 - INFO -  epoch= 600      train_loss=   4.8255      val_loss=   5.1098      best=1      size= 285      nSHD_c=   8.2333      nSHD=   8.0667      tpr_c=   0.1368      change_adj_count=549      
2022-08-18 BST 07:20:42,757 - INFO -  epoch= 700      train_loss=   4.7237      val_loss=   5.2191      best=1      size= 290      nSHD_c=   8.4000      nSHD=   8.2333      tpr_c=   0.1345      change_adj_count=627      
2022-08-18 BST 07:21:04,045 - INFO -  epoch= 800      train_loss=   4.7653      val_loss=   4.9113      best=1      size= 290      nSHD_c=   8.4000      nSHD=   8.2333      tpr_c=   0.1345      change_adj_count=703      
2022-08-18 BST 07:21:24,821 - INFO -  epoch= 900      train_loss=   4.6705      val_loss=   4.8044      best=1      size= 284      nSHD_c=   8.1667      nSHD=   8.0000      tpr_c=   0.1408      change_adj_count=758      
2022-08-18 BST 07:21:46,400 - INFO -  epoch=1000      train_loss=   4.6246      val_loss=   5.0309      best=1      size= 290      nSHD_c=   8.3667      nSHD=   8.2000      tpr_c=   0.1379      change_adj_count=813      
2022-08-18 BST 07:21:46,401 - INFO - Before params
2022-08-18 BST 07:21:46,401 - INFO - After params={'MAX_SIZE': [None], 'LAMBDA': [10], 'NOISE_TEMPERATURE': [10], 'h_NULL': [0.01], 'h_LR': [0.0001], 'z_RHO': [0], 'z_MU': [0]}
2022-08-18 BST 07:21:46,401 - INFO - After metrics={'train_loss': [4.624634042862923], 'val_loss': [5.030895988146464], 'size': [290], 'nshd_c': [8.366666666666667], 'nshd': [8.2], 'tpr': [0.8823529411764706], 'tpr_c': [0.13793103448275862], 'change_adj_count': [813]}
2022-08-18 BST 07:21:46,420 - INFO - After to_save=  MAX_SIZE  LAMBDA  NOISE_TEMPERATURE  ...       tpr     tpr_c  change_adj_count
0     None      10                 10  ...  0.882353  0.137931               813

[1 rows x 16 columns]
2022-08-18 BST 07:21:46,420 - INFO - After file_path='../results/l_66none_4hps.csv'
2022-08-18 BST 07:21:46,435 - INFO - Last epoch results saved in l_66none_4hps.csv
2022-08-18 BST 07:21:46,435 - INFO - 

DAG 11: size_true=68	X.var()=127.5135
2022-08-18 BST 07:21:46,734 - INFO -  epoch=   1      train_loss=  67.7824      val_loss=  43.1680      best=1      size= 266      nSHD_c=   8.8333      nSHD=   8.8000      tpr_c=   0.0865      change_adj_count=5      
2022-08-18 BST 07:22:08,016 - INFO -  epoch= 100      train_loss=  16.7075      val_loss=  47.4687      best=1      size= 331      nSHD_c=   9.1333      nSHD=   9.0667      tpr_c=   0.1782      change_adj_count=104      
2022-08-18 BST 07:22:29,539 - INFO -  epoch= 200      train_loss=  16.0372      val_loss=  39.5670      best=1      size= 336      nSHD_c=   9.2667      nSHD=   9.2333      tpr_c=   0.1756      change_adj_count=199      
2022-08-18 BST 07:22:50,933 - INFO -  epoch= 300      train_loss=  16.4262      val_loss=  40.1886      best=1      size= 330      nSHD_c=   9.1000      nSHD=   9.0000      tpr_c=   0.1758      change_adj_count=287      
2022-08-18 BST 07:23:12,321 - INFO -  epoch= 400      train_loss=  15.9661      val_loss=  39.0927      best=1      size= 330      nSHD_c=   9.1667      nSHD=   9.0667      tpr_c=   0.1727      change_adj_count=375      
2022-08-18 BST 07:23:33,320 - INFO -  epoch= 500      train_loss=  16.5240      val_loss=  42.6675      best=1      size= 328      nSHD_c=   9.0000      nSHD=   9.0000      tpr_c=   0.1829      change_adj_count=446      
2022-08-18 BST 07:23:54,589 - INFO -  epoch= 600      train_loss=  16.0854      val_loss=  39.4831      best=1      size= 332      nSHD_c=   9.2000      nSHD=   9.1667      tpr_c=   0.1747      change_adj_count=515      
2022-08-18 BST 07:24:16,036 - INFO -  epoch= 700      train_loss=  15.6146      val_loss=  42.7709      best=1      size= 331      nSHD_c=   9.2000      nSHD=   9.1333      tpr_c=   0.1722      change_adj_count=574      
2022-08-18 BST 07:24:37,579 - INFO -  epoch= 800      train_loss=  16.0028      val_loss=  40.0672      best=1      size= 327      nSHD_c=   9.0667      nSHD=   9.0000      tpr_c=   0.1743      change_adj_count=645      
2022-08-18 BST 07:24:58,736 - INFO -  epoch= 900      train_loss=  15.2818      val_loss=  36.4344      best=1      size= 329      nSHD_c=   9.1333      nSHD=   9.0667      tpr_c=   0.1733      change_adj_count=708      
2022-08-18 BST 07:25:19,817 - INFO -  epoch=1000      train_loss=  15.1368      val_loss=  38.0120      best=1      size= 326      nSHD_c=   9.0333      nSHD=   8.9667      tpr_c=   0.1748      change_adj_count=757      
2022-08-18 BST 07:25:19,818 - INFO - Before params
2022-08-18 BST 07:25:19,818 - INFO - After params={'MAX_SIZE': [None], 'LAMBDA': [10], 'NOISE_TEMPERATURE': [10], 'h_NULL': [0.01], 'h_LR': [0.0001], 'z_RHO': [0], 'z_MU': [0]}
2022-08-18 BST 07:25:19,818 - INFO - After metrics={'train_loss': [15.136777231770177], 'val_loss': [38.01204872131348], 'size': [326], 'nshd_c': [9.033333333333333], 'nshd': [8.966666666666667], 'tpr': [0.8676470588235294], 'tpr_c': [0.17484662576687116], 'change_adj_count': [757]}
2022-08-18 BST 07:25:19,836 - INFO - After to_save=  MAX_SIZE  LAMBDA  NOISE_TEMPERATURE  ...       tpr     tpr_c  change_adj_count
0     None      10                 10  ...  0.867647  0.174847               757

[1 rows x 16 columns]
2022-08-18 BST 07:25:19,836 - INFO - After file_path='../results/l_66none_4hps.csv'
2022-08-18 BST 07:25:19,838 - INFO - Last epoch results saved in l_66none_4hps.csv
2022-08-18 BST 07:25:19,838 - INFO - 

DAG 12: size_true=53	X.var()=15.8398
2022-08-18 BST 07:25:20,129 - INFO -  epoch=   1      train_loss=  10.0887      val_loss=   8.3018      best=1      size= 246      nSHD_c=   8.4000      nSHD=   8.3333      tpr_c=   0.0691      change_adj_count=5      
2022-08-18 BST 07:25:20,446 - INFO -  epoch=   2      train_loss=   5.7598      val_loss=   6.8121      best=1      size= 253      nSHD_c=   8.6667      nSHD=   8.6000      tpr_c=   0.0593      change_adj_count=6      
2022-08-18 BST 07:25:41,311 - INFO -  epoch= 100      train_loss=   4.1173      val_loss=   4.6516      best=1      size= 302      nSHD_c=   8.8333      nSHD=   8.7000      tpr_c=   0.1291      change_adj_count=104      
2022-08-18 BST 07:26:02,815 - INFO -  epoch= 200      train_loss=   4.2551      val_loss=   4.5212      best=1      size= 304      nSHD_c=   8.9333      nSHD=   8.8667      tpr_c=   0.1283      change_adj_count=199      
2022-08-18 BST 07:26:25,020 - INFO -  epoch= 300      train_loss=   4.0898      val_loss=   4.5424      best=1      size= 300      nSHD_c=   8.7333      nSHD=   8.6667      tpr_c=   0.1333      change_adj_count=294      
2022-08-18 BST 07:26:46,099 - INFO -  epoch= 400      train_loss=   3.9882      val_loss=   3.9213      best=1      size= 308      nSHD_c=   9.0000      nSHD=   8.9333      tpr_c=   0.1299      change_adj_count=373      
2022-08-18 BST 07:27:07,420 - INFO -  epoch= 500      train_loss=   4.0427      val_loss=   4.5658      best=1      size= 299      nSHD_c=   8.7000      nSHD=   8.6333      tpr_c=   0.1338      change_adj_count=451      
2022-08-18 BST 07:27:29,500 - INFO -  epoch= 600      train_loss=   4.0329      val_loss=   4.1654      best=1      size= 298      nSHD_c=   8.6667      nSHD=   8.6000      tpr_c=   0.1342      change_adj_count=524      
2022-08-18 BST 07:27:51,069 - INFO -  epoch= 700      train_loss=   4.0017      val_loss=   4.2528      best=1      size= 296      nSHD_c=   8.6000      nSHD=   8.4667      tpr_c=   0.1351      change_adj_count=590      
2022-08-18 BST 07:28:12,369 - INFO -  epoch= 800      train_loss=   3.9458      val_loss=   3.8753      best=1      size= 295      nSHD_c=   8.5667      nSHD=   8.4333      tpr_c=   0.1356      change_adj_count=667      
2022-08-18 BST 07:28:33,294 - INFO -  epoch= 900      train_loss=   3.8210      val_loss=   4.1533      best=1      size= 295      nSHD_c=   8.5667      nSHD=   8.4333      tpr_c=   0.1356      change_adj_count=728      
2022-08-18 BST 07:28:54,968 - INFO -  epoch=1000      train_loss=   3.9040      val_loss=   3.8864      best=1      size= 292      nSHD_c=   8.4667      nSHD=   8.3333      tpr_c=   0.1370      change_adj_count=791      
2022-08-18 BST 07:28:54,969 - INFO - Before params
2022-08-18 BST 07:28:54,969 - INFO - After params={'MAX_SIZE': [None], 'LAMBDA': [10], 'NOISE_TEMPERATURE': [10], 'h_NULL': [0.01], 'h_LR': [0.0001], 'z_RHO': [0], 'z_MU': [0]}
2022-08-18 BST 07:28:54,969 - INFO - After metrics={'train_loss': [3.9040299231006252], 'val_loss': [3.8863608042399087], 'size': [292], 'nshd_c': [8.466666666666667], 'nshd': [8.333333333333334], 'tpr': [0.8301886792452831], 'tpr_c': [0.136986301369863], 'change_adj_count': [791]}
2022-08-18 BST 07:28:54,986 - INFO - After to_save=  MAX_SIZE  LAMBDA  NOISE_TEMPERATURE  ...       tpr     tpr_c  change_adj_count
0     None      10                 10  ...  0.830189  0.136986               791

[1 rows x 16 columns]
2022-08-18 BST 07:28:54,987 - INFO - After file_path='../results/l_66none_4hps.csv'
2022-08-18 BST 07:28:54,990 - INFO - Last epoch results saved in l_66none_4hps.csv
2022-08-18 BST 07:28:54,991 - INFO - 

DAG 13: size_true=53	X.var()=112.2632
2022-08-18 BST 07:28:55,339 - INFO -  epoch=   1      train_loss=  64.7408      val_loss=  41.8622      best=1      size= 264      nSHD_c=   8.8667      nSHD=   8.8667      tpr_c=   0.0644      change_adj_count=5      
2022-08-18 BST 07:28:55,616 - INFO -  epoch=   2      train_loss=  27.2413      val_loss=  20.9757      best=1      size= 266      nSHD_c=   8.8000      nSHD=   8.7667      tpr_c=   0.0677      change_adj_count=6      
2022-08-18 BST 07:29:16,771 - INFO -  epoch= 100      train_loss=  13.8915      val_loss=  51.3504      best=1      size= 304      nSHD_c=   8.6333      nSHD=   8.6000      tpr_c=   0.1546      change_adj_count=102      
2022-08-18 BST 07:29:38,300 - INFO -  epoch= 200      train_loss=  13.4695      val_loss=  53.9674      best=1      size= 304      nSHD_c=   8.8000      nSHD=   8.7000      tpr_c=   0.1414      change_adj_count=199      
2022-08-18 BST 07:29:59,930 - INFO -  epoch= 300      train_loss=  13.2719      val_loss=  42.3827      best=1      size= 301      nSHD_c=   8.5333      nSHD=   8.4667      tpr_c=   0.1528      change_adj_count=294      
2022-08-18 BST 07:30:21,639 - INFO -  epoch= 400      train_loss=  12.8034      val_loss=  47.7118      best=1      size= 304      nSHD_c=   8.6333      nSHD=   8.6333      tpr_c=   0.1546      change_adj_count=370      
2022-08-18 BST 07:30:42,880 - INFO -  epoch= 500      train_loss=  12.4524      val_loss=  43.3649      best=1      size= 302      nSHD_c=   8.5333      nSHD=   8.5333      tpr_c=   0.1556      change_adj_count=443      
2022-08-18 BST 07:31:04,064 - INFO -  epoch= 600      train_loss=  12.3981      val_loss=  40.0886      best=1      size= 302      nSHD_c=   8.5333      nSHD=   8.5333      tpr_c=   0.1556      change_adj_count=518      
2022-08-18 BST 07:31:25,582 - INFO -  epoch= 700      train_loss=  12.6392      val_loss=  42.3003      best=1      size= 291      nSHD_c=   8.1667      nSHD=   8.1667      tpr_c=   0.1615      change_adj_count=587      
2022-08-18 BST 07:31:47,442 - INFO -  epoch= 800      train_loss=  12.9364      val_loss=  42.7412      best=1      size= 285      nSHD_c=   7.9667      nSHD=   7.9667      tpr_c=   0.1649      change_adj_count=649      
2022-08-18 BST 07:32:09,750 - INFO -  epoch= 900      train_loss=  12.3686      val_loss=  35.7550      best=1      size= 291      nSHD_c=   8.1667      nSHD=   8.1667      tpr_c=   0.1615      change_adj_count=714      
2022-08-18 BST 07:32:30,586 - INFO -  epoch=1000      train_loss=  11.6212      val_loss=  42.5917      best=1      size= 292      nSHD_c=   8.2667      nSHD=   8.2667      tpr_c=   0.1575      change_adj_count=776      
2022-08-18 BST 07:32:30,586 - INFO - Before params
2022-08-18 BST 07:32:30,587 - INFO - After params={'MAX_SIZE': [None], 'LAMBDA': [10], 'NOISE_TEMPERATURE': [10], 'h_NULL': [0.01], 'h_LR': [0.0001], 'z_RHO': [0], 'z_MU': [0]}
2022-08-18 BST 07:32:30,587 - INFO - After metrics={'train_loss': [11.621185702662315], 'val_loss': [42.591667811075844], 'size': [292], 'nshd_c': [8.266666666666667], 'nshd': [8.266666666666667], 'tpr': [0.8679245283018868], 'tpr_c': [0.15753424657534246], 'change_adj_count': [776]}
2022-08-18 BST 07:32:30,604 - INFO - After to_save=  MAX_SIZE  LAMBDA  NOISE_TEMPERATURE  ...       tpr     tpr_c  change_adj_count
0     None      10                 10  ...  0.867925  0.157534               776

[1 rows x 16 columns]
2022-08-18 BST 07:32:30,604 - INFO - After file_path='../results/l_66none_4hps.csv'
2022-08-18 BST 07:32:30,607 - INFO - Last epoch results saved in l_66none_4hps.csv
2022-08-18 BST 07:32:30,607 - INFO - 

DAG 14: size_true=59	X.var()=16.7418
2022-08-18 BST 07:32:30,880 - INFO -  epoch=   1      train_loss=   9.5372      val_loss=  10.0539      best=1      size= 262      nSHD_c=   9.1333      nSHD=   9.0667      tpr_c=   0.0534      change_adj_count=5      
2022-08-18 BST 07:32:31,210 - INFO -  epoch=   2      train_loss=   5.1725      val_loss=   6.1240      best=1      size= 273      nSHD_c=   9.2333      nSHD=   9.1667      tpr_c=   0.0659      change_adj_count=6      
2022-08-18 BST 07:32:31,540 - INFO -  epoch=   3      train_loss=   4.6301      val_loss=   5.4977      best=1      size= 271      nSHD_c=   9.1000      nSHD=   9.0333      tpr_c=   0.0701      change_adj_count=7      
2022-08-18 BST 07:32:31,806 - INFO -  epoch=   4      train_loss=   4.3748      val_loss=   4.8449      best=1      size= 282      nSHD_c=   9.3000      nSHD=   9.2333      tpr_c=   0.0709      change_adj_count=8      
2022-08-18 BST 07:32:52,404 - INFO -  epoch= 100      train_loss=   4.1541      val_loss=   5.3767      best=1      size= 339      nSHD_c=   9.6667      nSHD=   9.5000      tpr_c=   0.1445      change_adj_count=104      
2022-08-18 BST 07:33:14,049 - INFO -  epoch= 200      train_loss=   4.1851      val_loss=   5.4996      best=1      size= 334      nSHD_c=   9.5333      nSHD=   9.3667      tpr_c=   0.1437      change_adj_count=201      
2022-08-18 BST 07:33:35,181 - INFO -  epoch= 300      train_loss=   4.1018      val_loss=   4.9175      best=1      size= 344      nSHD_c=   9.8667      nSHD=   9.7000      tpr_c=   0.1395      change_adj_count=287      
2022-08-18 BST 07:33:56,834 - INFO -  epoch= 400      train_loss=   4.0779      val_loss=   5.3489      best=1      size= 341      nSHD_c=   9.7333      nSHD=   9.6000      tpr_c=   0.1437      change_adj_count=373      
2022-08-18 BST 07:34:18,286 - INFO -  epoch= 500      train_loss=   4.0791      val_loss=   4.8122      best=1      size= 337      nSHD_c=   9.6000      nSHD=   9.4667      tpr_c=   0.1454      change_adj_count=456      
2022-08-18 BST 07:34:39,659 - INFO -  epoch= 600      train_loss=   4.0921      val_loss=   5.5240      best=1      size= 347      nSHD_c=   9.9333      nSHD=   9.8000      tpr_c=   0.1412      change_adj_count=530      
2022-08-18 BST 07:35:00,597 - INFO -  epoch= 700      train_loss=   4.0761      val_loss=   4.9322      best=1      size= 346      nSHD_c=   9.9000      nSHD=   9.7667      tpr_c=   0.1416      change_adj_count=588      
2022-08-18 BST 07:35:21,978 - INFO -  epoch= 800      train_loss=   3.9931      val_loss=   5.0609      best=1      size= 342      nSHD_c=   9.7667      nSHD=   9.6333      tpr_c=   0.1433      change_adj_count=641      
2022-08-18 BST 07:35:42,935 - INFO -  epoch= 900      train_loss=   3.9749      val_loss=   4.9970      best=1      size= 341      nSHD_c=   9.7333      nSHD=   9.6000      tpr_c=   0.1437      change_adj_count=696      
2022-08-18 BST 07:36:03,732 - INFO -  epoch=1000      train_loss=   3.9934      val_loss=   4.7732      best=1      size= 340      nSHD_c=   9.7000      nSHD=   9.5667      tpr_c=   0.1441      change_adj_count=743      
2022-08-18 BST 07:36:03,733 - INFO - Before params
2022-08-18 BST 07:36:03,733 - INFO - After params={'MAX_SIZE': [None], 'LAMBDA': [10], 'NOISE_TEMPERATURE': [10], 'h_NULL': [0.01], 'h_LR': [0.0001], 'z_RHO': [0], 'z_MU': [0]}
2022-08-18 BST 07:36:03,733 - INFO - After metrics={'train_loss': [3.9934312989634853], 'val_loss': [4.773174047470093], 'size': [340], 'nshd_c': [9.7], 'nshd': [9.566666666666666], 'tpr': [0.8983050847457628], 'tpr_c': [0.14411764705882352], 'change_adj_count': [743]}
2022-08-18 BST 07:36:03,750 - INFO - After to_save=  MAX_SIZE  LAMBDA  NOISE_TEMPERATURE  ...       tpr     tpr_c  change_adj_count
0     None      10                 10  ...  0.898305  0.144118               743

[1 rows x 16 columns]
2022-08-18 BST 07:36:03,750 - INFO - After file_path='../results/l_66none_4hps.csv'
2022-08-18 BST 07:36:03,752 - INFO - Last epoch results saved in l_66none_4hps.csv
2022-08-18 BST 07:36:03,753 - INFO - 

DAG 15: size_true=42	X.var()=8.6273
2022-08-18 BST 07:36:03,991 - INFO -  epoch=   1      train_loss=   5.7770      val_loss=   5.2630      best=1      size= 256      nSHD_c=   8.6000      nSHD=   8.5667      tpr_c=   0.0430      change_adj_count=5      
2022-08-18 BST 07:36:04,265 - INFO -  epoch=   2      train_loss=   3.6763      val_loss=   4.3181      best=1      size= 259      nSHD_c=   8.5333      nSHD=   8.5333      tpr_c=   0.0541      change_adj_count=6      
2022-08-18 BST 07:36:04,503 - INFO -  epoch=   3      train_loss=   3.2221      val_loss=   4.1928      best=1      size= 258      nSHD_c=   8.5000      nSHD=   8.5000      tpr_c=   0.0504      change_adj_count=7      
2022-08-18 BST 07:36:04,710 - INFO -  epoch=   4      train_loss=   3.1342      val_loss=   3.6345      best=1      size= 265      nSHD_c=   8.6333      nSHD=   8.6000      tpr_c=   0.0604      change_adj_count=8      
2022-08-18 BST 07:36:25,323 - INFO -  epoch= 100      train_loss=   2.9361      val_loss=   2.7557      best=1      size= 296      nSHD_c=   8.6667      nSHD=   8.5667      tpr_c=   0.1216      change_adj_count=103      
2022-08-18 BST 07:36:46,388 - INFO -  epoch= 200      train_loss=   2.8627      val_loss=   2.3434      best=1      size= 288      nSHD_c=   8.3667      nSHD=   8.3333      tpr_c=   0.1285      change_adj_count=201      
2022-08-18 BST 07:37:07,359 - INFO -  epoch= 300      train_loss=   2.8612      val_loss=   2.5315      best=1      size= 272      nSHD_c=   7.8333      nSHD=   7.8000      tpr_c=   0.1360      change_adj_count=292      
2022-08-18 BST 07:37:28,577 - INFO -  epoch= 400      train_loss=   2.8989      val_loss=   2.6615      best=1      size= 280      nSHD_c=   8.1000      nSHD=   8.0667      tpr_c=   0.1321      change_adj_count=378      
2022-08-18 BST 07:37:49,987 - INFO -  epoch= 500      train_loss=   2.7906      val_loss=   2.5800      best=1      size= 273      nSHD_c=   7.8667      nSHD=   7.8333      tpr_c=   0.1355      change_adj_count=458      
2022-08-18 BST 07:38:10,977 - INFO -  epoch= 600      train_loss=   2.8427      val_loss=   2.6210      best=1      size= 284      nSHD_c=   8.2333      nSHD=   8.2000      tpr_c=   0.1303      change_adj_count=536      
2022-08-18 BST 07:38:32,561 - INFO -  epoch= 700      train_loss=   2.8374      val_loss=   2.5731      best=1      size= 275      nSHD_c=   7.9333      nSHD=   7.9000      tpr_c=   0.1345      change_adj_count=607      
2022-08-18 BST 07:38:54,396 - INFO -  epoch= 800      train_loss=   2.7923      val_loss=   2.3381      best=1      size= 274      nSHD_c=   7.9000      nSHD=   7.8667      tpr_c=   0.1350      change_adj_count=669      
2022-08-18 BST 07:39:15,516 - INFO -  epoch= 900      train_loss=   2.7863      val_loss=   2.4843      best=1      size= 268      nSHD_c=   7.6667      nSHD=   7.6667      tpr_c=   0.1418      change_adj_count=731      
2022-08-18 BST 07:39:36,250 - INFO -  epoch=1000      train_loss=   2.7908      val_loss=   2.6338      best=1      size= 268      nSHD_c=   7.6667      nSHD=   7.6667      tpr_c=   0.1418      change_adj_count=787      
2022-08-18 BST 07:39:36,250 - INFO - Before params
2022-08-18 BST 07:39:36,251 - INFO - After params={'MAX_SIZE': [None], 'LAMBDA': [10], 'NOISE_TEMPERATURE': [10], 'h_NULL': [0.01], 'h_LR': [0.0001], 'z_RHO': [0], 'z_MU': [0]}
2022-08-18 BST 07:39:36,251 - INFO - After metrics={'train_loss': [2.790809977439142], 'val_loss': [2.6338401635487876], 'size': [268], 'nshd_c': [7.666666666666667], 'nshd': [7.666666666666667], 'tpr': [0.9047619047619048], 'tpr_c': [0.1417910447761194], 'change_adj_count': [787]}
2022-08-18 BST 07:39:36,268 - INFO - After to_save=  MAX_SIZE  LAMBDA  NOISE_TEMPERATURE  ...       tpr     tpr_c  change_adj_count
0     None      10                 10  ...  0.904762  0.141791               787

[1 rows x 16 columns]
2022-08-18 BST 07:39:36,268 - INFO - After file_path='../results/l_66none_4hps.csv'
2022-08-18 BST 07:39:36,271 - INFO - Last epoch results saved in l_66none_4hps.csv
2022-08-18 BST 07:39:36,271 - INFO - 

DAG 16: size_true=50	X.var()=12.1502
2022-08-18 BST 07:39:36,521 - INFO -  epoch=   1      train_loss=   7.8464      val_loss=   7.5093      best=1      size= 255      nSHD_c=   8.6667      nSHD=   8.6000      tpr_c=   0.0549      change_adj_count=5      
2022-08-18 BST 07:39:36,790 - INFO -  epoch=   2      train_loss=   4.8007      val_loss=   5.5886      best=1      size= 257      nSHD_c=   8.5667      nSHD=   8.5000      tpr_c=   0.0661      change_adj_count=6      
2022-08-18 BST 07:39:37,074 - INFO -  epoch=   3      train_loss=   3.9475      val_loss=   4.2389      best=1      size= 266      nSHD_c=   8.7000      nSHD=   8.6333      tpr_c=   0.0752      change_adj_count=7      
2022-08-18 BST 07:39:57,822 - INFO -  epoch= 100      train_loss=   3.6207      val_loss=   4.1101      best=1      size= 300      nSHD_c=   8.5333      nSHD=   8.5000      tpr_c=   0.1500      change_adj_count=103      
2022-08-18 BST 07:40:19,382 - INFO -  epoch= 200      train_loss=   3.6859      val_loss=   4.0887      best=1      size= 312      nSHD_c=   8.9667      nSHD=   8.9667      tpr_c=   0.1410      change_adj_count=199      
2022-08-18 BST 07:40:40,640 - INFO -  epoch= 300      train_loss=   3.6382      val_loss=   4.2807      best=1      size= 311      nSHD_c=   8.9667      nSHD=   8.9000      tpr_c=   0.1383      change_adj_count=289      
2022-08-18 BST 07:41:02,456 - INFO -  epoch= 400      train_loss=   3.5913      val_loss=   4.2335      best=1      size= 306      nSHD_c=   8.7667      nSHD=   8.7000      tpr_c=   0.1438      change_adj_count=368      
2022-08-18 BST 07:41:23,876 - INFO -  epoch= 500      train_loss=   3.5651      val_loss=   4.3774      best=1      size= 307      nSHD_c=   8.7333      nSHD=   8.6667      tpr_c=   0.1466      change_adj_count=439      
2022-08-18 BST 07:41:45,637 - INFO -  epoch= 600      train_loss=   3.5435      val_loss=   4.1104      best=1      size= 307      nSHD_c=   8.7333      nSHD=   8.7000      tpr_c=   0.1466      change_adj_count=514      
2022-08-18 BST 07:42:06,715 - INFO -  epoch= 700      train_loss=   3.5951      val_loss=   3.9092      best=1      size= 304      nSHD_c=   8.6667      nSHD=   8.6000      tpr_c=   0.1447      change_adj_count=591      
2022-08-18 BST 07:42:28,678 - INFO -  epoch= 800      train_loss=   3.5056      val_loss=   4.0166      best=1      size= 307      nSHD_c=   8.8000      nSHD=   8.7000      tpr_c=   0.1401      change_adj_count=655      
2022-08-18 BST 07:42:51,087 - INFO -  epoch= 900      train_loss=   3.5253      val_loss=   3.8343      best=1      size= 303      nSHD_c=   8.6333      nSHD=   8.5667      tpr_c=   0.1452      change_adj_count=707      
2022-08-18 BST 07:43:12,123 - INFO -  epoch=1000      train_loss=   3.3971      val_loss=   3.8160      best=1      size= 300      nSHD_c=   8.5333      nSHD=   8.4667      tpr_c=   0.1467      change_adj_count=774      
2022-08-18 BST 07:43:12,124 - INFO - Before params
2022-08-18 BST 07:43:12,124 - INFO - After params={'MAX_SIZE': [None], 'LAMBDA': [10], 'NOISE_TEMPERATURE': [10], 'h_NULL': [0.01], 'h_LR': [0.0001], 'z_RHO': [0], 'z_MU': [0]}
2022-08-18 BST 07:43:12,124 - INFO - After metrics={'train_loss': [3.3970599020681074], 'val_loss': [3.8159825801849365], 'size': [300], 'nshd_c': [8.533333333333333], 'nshd': [8.466666666666667], 'tpr': [0.92], 'tpr_c': [0.14666666666666667], 'change_adj_count': [774]}
2022-08-18 BST 07:43:12,143 - INFO - After to_save=  MAX_SIZE  LAMBDA  NOISE_TEMPERATURE  ...   tpr     tpr_c  change_adj_count
0     None      10                 10  ...  0.92  0.146667               774

[1 rows x 16 columns]
2022-08-18 BST 07:43:12,143 - INFO - After file_path='../results/l_66none_4hps.csv'
2022-08-18 BST 07:43:12,146 - INFO - Last epoch results saved in l_66none_4hps.csv
2022-08-18 BST 07:43:12,147 - INFO - 

DAG 17: size_true=49	X.var()=16.5203
2022-08-18 BST 07:43:12,472 - INFO -  epoch=   1      train_loss=   9.4639      val_loss=   8.1604      best=1      size= 257      nSHD_c=   8.6000      nSHD=   8.5000      tpr_c=   0.0661      change_adj_count=5      
2022-08-18 BST 07:43:12,841 - INFO -  epoch=   2      train_loss=   5.2706      val_loss=   6.7742      best=1      size= 256      nSHD_c=   8.5000      nSHD=   8.4000      tpr_c=   0.0703      change_adj_count=6      
2022-08-18 BST 07:43:13,194 - INFO -  epoch=   3      train_loss=   4.6178      val_loss=   6.6645      best=1      size= 264      nSHD_c=   8.5667      nSHD=   8.4667      tpr_c=   0.0758      change_adj_count=7      
2022-08-18 BST 07:43:13,547 - INFO -  epoch=   4      train_loss=   4.4644      val_loss=   6.3756      best=1      size= 263      nSHD_c=   8.2333      nSHD=   8.1333      tpr_c=   0.0913      change_adj_count=8      
2022-08-18 BST 07:43:34,065 - INFO -  epoch= 100      train_loss=   4.2071      val_loss=   4.9608      best=1      size= 308      nSHD_c=   8.9667      nSHD=   8.7000      tpr_c=   0.1299      change_adj_count=104      
2022-08-18 BST 07:43:55,108 - INFO -  epoch= 200      train_loss=   4.1557      val_loss=   4.6248      best=1      size= 303      nSHD_c=   8.7333      nSHD=   8.5000      tpr_c=   0.1353      change_adj_count=199      
2022-08-18 BST 07:44:16,948 - INFO -  epoch= 300      train_loss=   4.2177      val_loss=   4.7226      best=1      size= 306      nSHD_c=   8.9333      nSHD=   8.6000      tpr_c=   0.1242      change_adj_count=293      
2022-08-18 BST 07:44:38,806 - INFO -  epoch= 400      train_loss=   4.1935      val_loss=   5.0378      best=1      size= 309      nSHD_c=   9.0333      nSHD=   8.7000      tpr_c=   0.1230      change_adj_count=382      
2022-08-18 BST 07:45:00,347 - INFO -  epoch= 500      train_loss=   4.0739      val_loss=   4.6606      best=1      size= 312      nSHD_c=   9.0333      nSHD=   8.8000      tpr_c=   0.1314      change_adj_count=460      
2022-08-18 BST 07:45:21,577 - INFO -  epoch= 600      train_loss=   4.0982      val_loss=   5.0122      best=1      size= 311      nSHD_c=   9.0000      nSHD=   8.7667      tpr_c=   0.1318      change_adj_count=538      
2022-08-18 BST 07:45:42,141 - INFO -  epoch= 700      train_loss=   4.0868      val_loss=   4.5438      best=1      size= 306      nSHD_c=   8.9000      nSHD=   8.6667      tpr_c=   0.1307      change_adj_count=607      
2022-08-18 BST 07:46:03,193 - INFO -  epoch= 800      train_loss=   4.0200      val_loss=   4.6039      best=1      size= 309      nSHD_c=   9.0000      nSHD=   8.7667      tpr_c=   0.1294      change_adj_count=666      
2022-08-18 BST 07:46:25,307 - INFO -  epoch= 900      train_loss=   3.9119      val_loss=   4.6522      best=1      size= 305      nSHD_c=   8.8667      nSHD=   8.6333      tpr_c=   0.1311      change_adj_count=726      
2022-08-18 BST 07:46:46,989 - INFO -  epoch=1000      train_loss=   4.0069      val_loss=   4.7604      best=1      size= 306      nSHD_c=   8.9000      nSHD=   8.6667      tpr_c=   0.1307      change_adj_count=796      
2022-08-18 BST 07:46:46,989 - INFO - Before params
2022-08-18 BST 07:46:46,990 - INFO - After params={'MAX_SIZE': [None], 'LAMBDA': [10], 'NOISE_TEMPERATURE': [10], 'h_NULL': [0.01], 'h_LR': [0.0001], 'z_RHO': [0], 'z_MU': [0]}
2022-08-18 BST 07:46:46,990 - INFO - After metrics={'train_loss': [4.0068565107161], 'val_loss': [4.760423342386882], 'size': [306], 'nshd_c': [8.9], 'nshd': [8.666666666666666], 'tpr': [0.9591836734693877], 'tpr_c': [0.13071895424836602], 'change_adj_count': [796]}
2022-08-18 BST 07:46:47,006 - INFO - After to_save=  MAX_SIZE  LAMBDA  NOISE_TEMPERATURE  ...       tpr     tpr_c  change_adj_count
0     None      10                 10  ...  0.959184  0.130719               796

[1 rows x 16 columns]
2022-08-18 BST 07:46:47,007 - INFO - After file_path='../results/l_66none_4hps.csv'
2022-08-18 BST 07:46:47,010 - INFO - Last epoch results saved in l_66none_4hps.csv
2022-08-18 BST 07:46:47,011 - INFO - 

DAG 18: size_true=56	X.var()=17.9506
2022-08-18 BST 07:46:47,333 - INFO -  epoch=   1      train_loss=  10.8191      val_loss=   8.2290      best=1      size= 246      nSHD_c=   8.5000      nSHD=   8.4333      tpr_c=   0.0528      change_adj_count=5      
2022-08-18 BST 07:46:47,598 - INFO -  epoch=   2      train_loss=   5.6642      val_loss=   6.4584      best=1      size= 254      nSHD_c=   8.5333      nSHD=   8.4667      tpr_c=   0.0669      change_adj_count=6      
2022-08-18 BST 07:46:47,930 - INFO -  epoch=   3      train_loss=   4.8120      val_loss=   6.3142      best=1      size= 257      nSHD_c=   8.6000      nSHD=   8.5000      tpr_c=   0.0661      change_adj_count=7      
2022-08-18 BST 07:47:08,484 - INFO -  epoch= 100      train_loss=   4.3953      val_loss=   5.2940      best=1      size= 310      nSHD_c=   9.0333      nSHD=   8.7667      tpr_c=   0.1323      change_adj_count=101      
2022-08-18 BST 07:47:29,438 - INFO -  epoch= 200      train_loss=   4.3387      val_loss=   4.8267      best=1      size= 308      nSHD_c=   9.0000      nSHD=   8.6667      tpr_c=   0.1266      change_adj_count=196      
2022-08-18 BST 07:47:51,605 - INFO -  epoch= 300      train_loss=   4.3426      val_loss=   5.1011      best=1      size= 303      nSHD_c=   8.8000      nSHD=   8.5000      tpr_c=   0.1320      change_adj_count=284      
2022-08-18 BST 07:48:12,815 - INFO -  epoch= 400      train_loss=   4.3318      val_loss=   4.9094      best=1      size= 303      nSHD_c=   8.8000      nSHD=   8.5000      tpr_c=   0.1320      change_adj_count=372      
2022-08-18 BST 07:48:34,373 - INFO -  epoch= 500      train_loss=   4.2618      val_loss=   4.5605      best=1      size= 306      nSHD_c=   8.8667      nSHD=   8.5333      tpr_c=   0.1340      change_adj_count=450      
2022-08-18 BST 07:48:56,262 - INFO -  epoch= 600      train_loss=   4.2677      val_loss=   5.0053      best=1      size= 302      nSHD_c=   8.7667      nSHD=   8.4667      tpr_c=   0.1325      change_adj_count=517      
2022-08-18 BST 07:49:18,131 - INFO -  epoch= 700      train_loss=   4.1944      val_loss=   4.7532      best=1      size= 297      nSHD_c=   8.6333      nSHD=   8.3000      tpr_c=   0.1313      change_adj_count=576      
2022-08-18 BST 07:49:39,979 - INFO -  epoch= 800      train_loss=   4.1670      val_loss=   5.0577      best=1      size= 296      nSHD_c=   8.6000      nSHD=   8.2667      tpr_c=   0.1318      change_adj_count=641      
2022-08-18 BST 07:50:01,339 - INFO -  epoch= 900      train_loss=   4.1179      val_loss=   4.6212      best=1      size= 296      nSHD_c=   8.5333      nSHD=   8.2667      tpr_c=   0.1385      change_adj_count=715      
2022-08-18 BST 07:50:22,546 - INFO -  epoch=1000      train_loss=   4.0060      val_loss=   4.7779      best=1      size= 301      nSHD_c=   8.7333      nSHD=   8.4333      tpr_c=   0.1329      change_adj_count=766      
2022-08-18 BST 07:50:22,546 - INFO - Before params
2022-08-18 BST 07:50:22,547 - INFO - After params={'MAX_SIZE': [None], 'LAMBDA': [10], 'NOISE_TEMPERATURE': [10], 'h_NULL': [0.01], 'h_LR': [0.0001], 'z_RHO': [0], 'z_MU': [0]}
2022-08-18 BST 07:50:22,547 - INFO - After metrics={'train_loss': [4.005981006929951], 'val_loss': [4.777857224146525], 'size': [301], 'nshd_c': [8.733333333333333], 'nshd': [8.433333333333334], 'tpr': [0.875], 'tpr_c': [0.132890365448505], 'change_adj_count': [766]}
2022-08-18 BST 07:50:22,564 - INFO - After to_save=  MAX_SIZE  LAMBDA  NOISE_TEMPERATURE  ...    tpr    tpr_c  change_adj_count
0     None      10                 10  ...  0.875  0.13289               766

[1 rows x 16 columns]
2022-08-18 BST 07:50:22,564 - INFO - After file_path='../results/l_66none_4hps.csv'
2022-08-18 BST 07:50:22,643 - INFO - Last epoch results saved in l_66none_4hps.csv
2022-08-18 BST 07:50:22,644 - INFO - 

DAG 19: size_true=57	X.var()=24.8142
2022-08-18 BST 07:50:22,956 - INFO -  epoch=   1      train_loss=  13.4796      val_loss=  16.7196      best=1      size= 266      nSHD_c=   9.0000      nSHD=   8.9000      tpr_c=   0.0639      change_adj_count=5      
2022-08-18 BST 07:50:23,226 - INFO -  epoch=   2      train_loss=   7.6353      val_loss=  12.6382      best=1      size= 280      nSHD_c=   9.3000      nSHD=   9.1667      tpr_c=   0.0607      change_adj_count=6      
2022-08-18 BST 07:50:23,466 - INFO -  epoch=   3      train_loss=   6.6703      val_loss=   9.5411      best=1      size= 282      nSHD_c=   9.3000      nSHD=   9.2000      tpr_c=   0.0674      change_adj_count=7      
2022-08-18 BST 07:50:44,036 - INFO -  epoch= 100      train_loss=   5.9204      val_loss=   9.2515      best=1      size= 351      nSHD_c=  10.3000      nSHD=  10.2000      tpr_c=   0.1282      change_adj_count=104      
2022-08-18 BST 07:51:05,210 - INFO -  epoch= 200      train_loss=   5.8907      val_loss=   9.7811      best=1      size= 361      nSHD_c=  10.5333      nSHD=  10.4333      tpr_c=   0.1274      change_adj_count=204      
2022-08-18 BST 07:51:26,241 - INFO -  epoch= 300      train_loss=   5.8366      val_loss=   9.1784      best=1      size= 357      nSHD_c=  10.3667      nSHD=  10.2333      tpr_c=   0.1317      change_adj_count=298      
2022-08-18 BST 07:51:48,047 - INFO -  epoch= 400      train_loss=   5.7682      val_loss=   8.1692      best=1      size= 364      nSHD_c=  10.6000      nSHD=  10.4333      tpr_c=   0.1291      change_adj_count=385      
2022-08-18 BST 07:52:09,656 - INFO -  epoch= 500      train_loss=   5.6320      val_loss=   8.7854      best=1      size= 363      nSHD_c=  10.5667      nSHD=  10.4000      tpr_c=   0.1295      change_adj_count=465      
2022-08-18 BST 07:52:30,442 - INFO -  epoch= 600      train_loss=   5.6672      val_loss=   7.7316      best=1      size= 357      nSHD_c=  10.4333      nSHD=  10.2667      tpr_c=   0.1289      change_adj_count=539      
2022-08-18 BST 07:52:52,152 - INFO -  epoch= 700      train_loss=   5.4763      val_loss=   7.0476      best=1      size= 363      nSHD_c=  10.6667      nSHD=  10.4667      tpr_c=   0.1240      change_adj_count=616      
2022-08-18 BST 07:53:13,596 - INFO -  epoch= 800      train_loss=   5.6071      val_loss=   8.5576      best=1      size= 364      nSHD_c=  10.7000      nSHD=  10.5000      tpr_c=   0.1236      change_adj_count=681      
2022-08-18 BST 07:53:34,937 - INFO -  epoch= 900      train_loss=   5.6124      val_loss=   7.8801      best=1      size= 363      nSHD_c=  10.6000      nSHD=  10.4000      tpr_c=   0.1267      change_adj_count=740      
2022-08-18 BST 07:53:56,077 - INFO -  epoch=1000      train_loss=   5.4945      val_loss=   7.7537      best=1      size= 360      nSHD_c=  10.5000      nSHD=  10.3000      tpr_c=   0.1278      change_adj_count=797      
2022-08-18 BST 07:53:56,078 - INFO - Before params
2022-08-18 BST 07:53:56,078 - INFO - After params={'MAX_SIZE': [None], 'LAMBDA': [10], 'NOISE_TEMPERATURE': [10], 'h_NULL': [0.01], 'h_LR': [0.0001], 'z_RHO': [0], 'z_MU': [0]}
2022-08-18 BST 07:53:56,078 - INFO - After metrics={'train_loss': [5.494499637234595], 'val_loss': [7.75372854868571], 'size': [360], 'nshd_c': [10.5], 'nshd': [10.3], 'tpr': [0.9122807017543859], 'tpr_c': [0.12777777777777777], 'change_adj_count': [797]}
2022-08-18 BST 07:53:56,097 - INFO - After to_save=  MAX_SIZE  LAMBDA  NOISE_TEMPERATURE  ...       tpr     tpr_c  change_adj_count
0     None      10                 10  ...  0.912281  0.127778               797

[1 rows x 16 columns]
2022-08-18 BST 07:53:56,097 - INFO - After file_path='../results/l_66none_4hps.csv'
2022-08-18 BST 07:53:56,099 - INFO - Last epoch results saved in l_66none_4hps.csv
2022-08-18 BST 07:53:56,099 - INFO - 

DAG 20: size_true=59	X.var()=201.6824
2022-08-18 BST 07:53:56,441 - INFO -  epoch=   1      train_loss=  90.0740      val_loss=  87.7719      best=1      size= 252      nSHD_c=   8.5667      nSHD=   8.5000      tpr_c=   0.0595      change_adj_count=5      
2022-08-18 BST 07:53:56,768 - INFO -  epoch=   2      train_loss=  30.6333      val_loss=  36.2099      best=1      size= 256      nSHD_c=   8.6667      nSHD=   8.6000      tpr_c=   0.0586      change_adj_count=6      
2022-08-18 BST 07:54:18,238 - INFO -  epoch= 100      train_loss=  20.6030      val_loss=  55.4051      best=1      size= 362      nSHD_c=  10.6667      nSHD=  10.5333      tpr_c=   0.1243      change_adj_count=104      
2022-08-18 BST 07:54:38,792 - INFO -  epoch= 200      train_loss=  19.9212      val_loss=  56.8603      best=1      size= 357      nSHD_c=  10.5000      nSHD=  10.3667      tpr_c=   0.1261      change_adj_count=193      
2022-08-18 BST 07:54:59,815 - INFO -  epoch= 300      train_loss=  19.8354      val_loss=  52.1151      best=1      size= 355      nSHD_c=  10.4667      nSHD=  10.3333      tpr_c=   0.1268      change_adj_count=283      
2022-08-18 BST 07:55:20,716 - INFO -  epoch= 400      train_loss=  20.8605      val_loss=  49.9723      best=1      size= 350      nSHD_c=  10.3000      nSHD=  10.1333      tpr_c=   0.1286      change_adj_count=363      
2022-08-18 BST 07:55:41,915 - INFO -  epoch= 500      train_loss=  19.3875      val_loss=  46.2210      best=1      size= 348      nSHD_c=  10.2333      nSHD=  10.0667      tpr_c=   0.1293      change_adj_count=435      
2022-08-18 BST 07:56:03,162 - INFO -  epoch= 600      train_loss=  18.7319      val_loss=  57.6877      best=1      size= 357      nSHD_c=  10.4667      nSHD=  10.3000      tpr_c=   0.1289      change_adj_count=505      
2022-08-18 BST 07:56:24,704 - INFO -  epoch= 700      train_loss=  19.2430      val_loss=  48.5087      best=1      size= 354      nSHD_c=  10.3667      nSHD=  10.2000      tpr_c=   0.1299      change_adj_count=549      
2022-08-18 BST 07:56:45,594 - INFO -  epoch= 800      train_loss=  18.3913      val_loss=  37.8444      best=1      size= 352      nSHD_c=  10.3000      nSHD=  10.1333      tpr_c=   0.1307      change_adj_count=596      
2022-08-18 BST 07:57:07,385 - INFO -  epoch= 900      train_loss=  18.4385      val_loss=  41.1597      best=1      size= 351      nSHD_c=  10.2667      nSHD=  10.1000      tpr_c=   0.1311      change_adj_count=641      
2022-08-18 BST 07:57:28,776 - INFO -  epoch=1000      train_loss=  18.1983      val_loss=  43.8756      best=1      size= 351      nSHD_c=  10.2667      nSHD=  10.1000      tpr_c=   0.1311      change_adj_count=692      
2022-08-18 BST 07:57:28,776 - INFO - Before params
2022-08-18 BST 07:57:28,776 - INFO - After params={'MAX_SIZE': [None], 'LAMBDA': [10], 'NOISE_TEMPERATURE': [10], 'h_NULL': [0.01], 'h_LR': [0.0001], 'z_RHO': [0], 'z_MU': [0]}
2022-08-18 BST 07:57:28,777 - INFO - After metrics={'train_loss': [18.1983125440536], 'val_loss': [43.875569661458336], 'size': [351], 'nshd_c': [10.266666666666667], 'nshd': [10.1], 'tpr': [0.864406779661017], 'tpr_c': [0.13105413105413105], 'change_adj_count': [692]}
2022-08-18 BST 07:57:28,796 - INFO - After to_save=  MAX_SIZE  LAMBDA  NOISE_TEMPERATURE  ...       tpr     tpr_c  change_adj_count
0     None      10                 10  ...  0.864407  0.131054               692

[1 rows x 16 columns]
2022-08-18 BST 07:57:28,796 - INFO - After file_path='../results/l_66none_4hps.csv'
2022-08-18 BST 07:57:28,798 - INFO - Last epoch results saved in l_66none_4hps.csv
2022-08-18 BST 07:57:28,799 - INFO - 

DAG 21: size_true=57	X.var()=21.1204
2022-08-18 BST 07:57:29,141 - INFO -  epoch=   1      train_loss=  11.0344      val_loss=  11.0696      best=1      size= 266      nSHD_c=   8.9667      nSHD=   8.9667      tpr_c=   0.0677      change_adj_count=5      
2022-08-18 BST 07:57:29,484 - INFO -  epoch=   2      train_loss=   5.6159      val_loss=   8.9289      best=1      size= 269      nSHD_c=   8.9000      nSHD=   8.9000      tpr_c=   0.0781      change_adj_count=6      
2022-08-18 BST 07:57:50,545 - INFO -  epoch= 100      train_loss=   4.4592      val_loss=   6.7826      best=1      size= 329      nSHD_c=   9.6333      nSHD=   9.5000      tpr_c=   0.1277      change_adj_count=102      
2022-08-18 BST 07:58:11,978 - INFO -  epoch= 200      train_loss=   4.4622      val_loss=   7.2023      best=1      size= 343      nSHD_c=   9.9667      nSHD=   9.8667      tpr_c=   0.1312      change_adj_count=196      
2022-08-18 BST 07:58:33,627 - INFO -  epoch= 300      train_loss=   4.3806      val_loss=   7.7428      best=1      size= 348      nSHD_c=  10.0667      nSHD=   9.9667      tpr_c=   0.1322      change_adj_count=293      
2022-08-18 BST 07:58:55,673 - INFO -  epoch= 400      train_loss=   4.3939      val_loss=   6.2147      best=1      size= 339      nSHD_c=   9.7667      nSHD=   9.6667      tpr_c=   0.1357      change_adj_count=376      
2022-08-18 BST 07:59:17,805 - INFO -  epoch= 500      train_loss=   4.4796      val_loss=   6.8693      best=1      size= 339      nSHD_c=   9.8000      nSHD=   9.6667      tpr_c=   0.1327      change_adj_count=459      
2022-08-18 BST 07:59:39,299 - INFO -  epoch= 600      train_loss=   4.2491      val_loss=   6.4525      best=1      size= 338      nSHD_c=   9.7333      nSHD=   9.6333      tpr_c=   0.1361      change_adj_count=530      
2022-08-18 BST 08:00:00,752 - INFO -  epoch= 700      train_loss=   4.2680      val_loss=   6.7094      best=1      size= 337      nSHD_c=   9.6667      nSHD=   9.5667      tpr_c=   0.1395      change_adj_count=605      
2022-08-18 BST 08:00:21,702 - INFO -  epoch= 800      train_loss=   4.2366      val_loss=   5.8672      best=1      size= 336      nSHD_c=   9.6333      nSHD=   9.5333      tpr_c=   0.1399      change_adj_count=666      
2022-08-18 BST 08:00:43,117 - INFO -  epoch= 900      train_loss=   4.2695      val_loss=   6.8285      best=1      size= 336      nSHD_c=   9.6667      nSHD=   9.5667      tpr_c=   0.1369      change_adj_count=727      
2022-08-18 BST 08:01:04,184 - INFO -  epoch=1000      train_loss=   4.2601      val_loss=   6.3363      best=1      size= 339      nSHD_c=   9.7333      nSHD=   9.6000      tpr_c=   0.1386      change_adj_count=783      
2022-08-18 BST 08:01:04,185 - INFO - Before params
2022-08-18 BST 08:01:04,185 - INFO - After params={'MAX_SIZE': [None], 'LAMBDA': [10], 'NOISE_TEMPERATURE': [10], 'h_NULL': [0.01], 'h_LR': [0.0001], 'z_RHO': [0], 'z_MU': [0]}
2022-08-18 BST 08:01:04,185 - INFO - After metrics={'train_loss': [4.260096157750776], 'val_loss': [6.336337566375732], 'size': [339], 'nshd_c': [9.733333333333333], 'nshd': [9.6], 'tpr': [0.8947368421052632], 'tpr_c': [0.13864306784660768], 'change_adj_count': [783]}
2022-08-18 BST 08:01:04,204 - INFO - After to_save=  MAX_SIZE  LAMBDA  NOISE_TEMPERATURE  ...       tpr     tpr_c  change_adj_count
0     None      10                 10  ...  0.894737  0.138643               783

[1 rows x 16 columns]
2022-08-18 BST 08:01:04,204 - INFO - After file_path='../results/l_66none_4hps.csv'
2022-08-18 BST 08:01:04,208 - INFO - Last epoch results saved in l_66none_4hps.csv
2022-08-18 BST 08:01:04,208 - INFO - 

DAG 22: size_true=60	X.var()=129.8499
2022-08-18 BST 08:01:04,574 - INFO -  epoch=   1      train_loss=  64.3816      val_loss=  58.5298      best=1      size= 259      nSHD_c=   8.8000      nSHD=   8.8000      tpr_c=   0.0695      change_adj_count=5      
2022-08-18 BST 08:01:04,914 - INFO -  epoch=   2      train_loss=  26.1579      val_loss=  44.5488      best=1      size= 259      nSHD_c=   8.8333      nSHD=   8.8333      tpr_c=   0.0734      change_adj_count=6      
2022-08-18 BST 08:01:25,316 - INFO -  epoch= 100      train_loss=  14.9960      val_loss=  51.8576      best=1      size= 347      nSHD_c=   9.9333      nSHD=   9.9000      tpr_c=   0.1441      change_adj_count=103      
2022-08-18 BST 08:01:46,680 - INFO -  epoch= 200      train_loss=  15.4428      val_loss=  42.3590      best=1      size= 327      nSHD_c=   9.3000      nSHD=   9.2667      tpr_c=   0.1529      change_adj_count=199      
2022-08-18 BST 08:02:08,675 - INFO -  epoch= 300      train_loss=  16.0514      val_loss=  42.6969      best=1      size= 330      nSHD_c=   9.3667      nSHD=   9.3333      tpr_c=   0.1545      change_adj_count=287      
2022-08-18 BST 08:02:29,752 - INFO -  epoch= 400      train_loss=  15.1078      val_loss=  46.0081      best=1      size= 327      nSHD_c=   9.2333      nSHD=   9.2000      tpr_c=   0.1560      change_adj_count=373      
2022-08-18 BST 08:02:51,557 - INFO -  epoch= 500      train_loss=  14.6019      val_loss=  41.0726      best=1      size= 325      nSHD_c=   9.1667      nSHD=   9.1333      tpr_c=   0.1569      change_adj_count=453      
2022-08-18 BST 08:03:12,542 - INFO -  epoch= 600      train_loss=  15.2210      val_loss=  39.8545      best=1      size= 336      nSHD_c=   9.5333      nSHD=   9.5000      tpr_c=   0.1518      change_adj_count=522      
2022-08-18 BST 08:03:33,929 - INFO -  epoch= 700      train_loss=  14.6676      val_loss=  40.8149      best=1      size= 335      nSHD_c=   9.5000      nSHD=   9.4667      tpr_c=   0.1522      change_adj_count=585      
2022-08-18 BST 08:03:55,501 - INFO -  epoch= 800      train_loss=  14.9877      val_loss=  40.2356      best=1      size= 322      nSHD_c=   9.0667      nSHD=   9.0333      tpr_c=   0.1584      change_adj_count=642      
2022-08-18 BST 08:04:17,844 - INFO -  epoch= 900      train_loss=  14.3448      val_loss=  34.7510      best=1      size= 319      nSHD_c=   8.9667      nSHD=   8.9333      tpr_c=   0.1599      change_adj_count=703      
2022-08-18 BST 08:04:39,136 - INFO -  epoch=1000      train_loss=  14.4373      val_loss=  40.8188      best=1      size= 319      nSHD_c=   8.9667      nSHD=   8.9333      tpr_c=   0.1599      change_adj_count=768      
2022-08-18 BST 08:04:39,136 - INFO - Before params
2022-08-18 BST 08:04:39,137 - INFO - After params={'MAX_SIZE': [None], 'LAMBDA': [10], 'NOISE_TEMPERATURE': [10], 'h_NULL': [0.01], 'h_LR': [0.0001], 'z_RHO': [0], 'z_MU': [0]}
2022-08-18 BST 08:04:39,137 - INFO - After metrics={'train_loss': [14.43729317572809], 'val_loss': [40.8187952041626], 'size': [319], 'nshd_c': [8.966666666666667], 'nshd': [8.933333333333334], 'tpr': [0.8666666666666667], 'tpr_c': [0.15987460815047022], 'change_adj_count': [768]}
2022-08-18 BST 08:04:39,154 - INFO - After to_save=  MAX_SIZE  LAMBDA  NOISE_TEMPERATURE  ...       tpr     tpr_c  change_adj_count
0     None      10                 10  ...  0.866667  0.159875               768

[1 rows x 16 columns]
2022-08-18 BST 08:04:39,154 - INFO - After file_path='../results/l_66none_4hps.csv'
2022-08-18 BST 08:04:39,156 - INFO - Last epoch results saved in l_66none_4hps.csv
2022-08-18 BST 08:04:39,157 - INFO - 

DAG 23: size_true=49	X.var()=14.1269
2022-08-18 BST 08:04:39,405 - INFO -  epoch=   1      train_loss=  10.1019      val_loss=   8.1910      best=1      size= 263      nSHD_c=   8.7333      nSHD=   8.6333      tpr_c=   0.0608      change_adj_count=5      
2022-08-18 BST 08:04:39,757 - INFO -  epoch=   2      train_loss=   6.6157      val_loss=   6.1809      best=1      size= 268      nSHD_c=   8.8000      nSHD=   8.6667      tpr_c=   0.0634      change_adj_count=6      
2022-08-18 BST 08:04:40,095 - INFO -  epoch=   3      train_loss=   5.4040      val_loss=   4.4956      best=1      size= 262      nSHD_c=   8.3333      nSHD=   8.2000      tpr_c=   0.0840      change_adj_count=7      
2022-08-18 BST 08:04:40,470 - INFO -  epoch=   4      train_loss=   4.8687      val_loss=   4.1749      best=1      size= 265      nSHD_c=   8.2333      nSHD=   8.1667      tpr_c=   0.1019      change_adj_count=8      
2022-08-18 BST 08:05:01,354 - INFO -  epoch= 100      train_loss=   3.9818      val_loss=   4.4304      best=1      size= 279      nSHD_c=   7.9000      nSHD=   7.7667      tpr_c=   0.1541      change_adj_count=101      
2022-08-18 BST 08:05:22,865 - INFO -  epoch= 200      train_loss=   4.0228      val_loss=   4.8624      best=1      size= 294      nSHD_c=   8.3333      nSHD=   8.2000      tpr_c=   0.1497      change_adj_count=199      
2022-08-18 BST 08:05:44,394 - INFO -  epoch= 300      train_loss=   4.0923      val_loss=   4.3454      best=1      size= 287      nSHD_c=   8.2000      nSHD=   8.0667      tpr_c=   0.1463      change_adj_count=295      
2022-08-18 BST 08:06:05,417 - INFO -  epoch= 400      train_loss=   4.0749      val_loss=   4.5660      best=1      size= 281      nSHD_c=   7.9000      nSHD=   7.7667      tpr_c=   0.1566      change_adj_count=382      
2022-08-18 BST 08:06:26,412 - INFO -  epoch= 500      train_loss=   3.9478      val_loss=   4.4424      best=1      size= 268      nSHD_c=   7.4667      nSHD=   7.3333      tpr_c=   0.1642      change_adj_count=468      
2022-08-18 BST 08:06:47,701 - INFO -  epoch= 600      train_loss=   3.9584      val_loss=   4.0964      best=1      size= 264      nSHD_c=   7.4000      nSHD=   7.2667      tpr_c=   0.1629      change_adj_count=541      
2022-08-18 BST 08:07:09,422 - INFO -  epoch= 700      train_loss=   3.7589      val_loss=   4.4356      best=1      size= 269      nSHD_c=   7.5667      nSHD=   7.4333      tpr_c=   0.1599      change_adj_count=598      
2022-08-18 BST 08:07:30,703 - INFO -  epoch= 800      train_loss=   3.8758      val_loss=   4.1310      best=1      size= 267      nSHD_c=   7.5000      nSHD=   7.3667      tpr_c=   0.1610      change_adj_count=666      
2022-08-18 BST 08:07:52,781 - INFO -  epoch= 900      train_loss=   3.8414      val_loss=   4.1313      best=1      size= 271      nSHD_c=   7.6333      nSHD=   7.5000      tpr_c=   0.1587      change_adj_count=720      
2022-08-18 BST 08:08:14,632 - INFO -  epoch=1000      train_loss=   3.8963      val_loss=   4.3449      best=1      size= 264      nSHD_c=   7.4000      nSHD=   7.2667      tpr_c=   0.1629      change_adj_count=775      
2022-08-18 BST 08:08:14,632 - INFO - Before params
2022-08-18 BST 08:08:14,633 - INFO - After params={'MAX_SIZE': [None], 'LAMBDA': [10], 'NOISE_TEMPERATURE': [10], 'h_NULL': [0.01], 'h_LR': [0.0001], 'z_RHO': [0], 'z_MU': [0]}
2022-08-18 BST 08:08:14,633 - INFO - After metrics={'train_loss': [3.896308191360966], 'val_loss': [4.344898462295532], 'size': [264], 'nshd_c': [7.4], 'nshd': [7.266666666666667], 'tpr': [0.9591836734693877], 'tpr_c': [0.16287878787878787], 'change_adj_count': [775]}
2022-08-18 BST 08:08:14,650 - INFO - After to_save=  MAX_SIZE  LAMBDA  NOISE_TEMPERATURE  ...       tpr     tpr_c  change_adj_count
0     None      10                 10  ...  0.959184  0.162879               775

[1 rows x 16 columns]
2022-08-18 BST 08:08:14,650 - INFO - After file_path='../results/l_66none_4hps.csv'
2022-08-18 BST 08:08:14,652 - INFO - Last epoch results saved in l_66none_4hps.csv
2022-08-18 BST 08:08:14,652 - INFO - 
last_mean_nshd_c=9.1222
2022-08-18 BST 08:08:14,652 - INFO - 
Time taken 1:25:57 (h:mm:ss)
2022-08-18 BST 08:08:14,653 - INFO - 
End of log for run 2022-08-18_BST_06:42:17,526_l_66none_4hps_229
