2022-08-17 BST 22:56:36,021 - INFO - 
Log for run 2022-08-17_BST_22:56:35,985_l_66_4hps_225

2022-08-17 BST 22:56:36,021 - INFO - COMMENT = ''
2022-08-17 BST 22:56:36,021 - INFO - DATA_FOLDER = '../data'
2022-08-17 BST 22:56:36,021 - INFO - LATENTS_FOLDER = '../latents'
2022-08-17 BST 22:56:36,021 - INFO - LOGS_FOLDER = '../logs'
2022-08-17 BST 22:56:36,022 - INFO - MODEL_FOLDER = '../models'
2022-08-17 BST 22:56:36,022 - INFO - RESULTS_FOLDER = '../results'
2022-08-17 BST 22:56:36,022 - INFO - DEVICE = torch.device("cuda" if torch.cuda.is_available() else "cpu")  # Used: "cuda"
2022-08-17 BST 22:56:36,022 - INFO - LATENTS = False
2022-08-17 BST 22:56:36,022 - INFO - MATRIX_REPORT = False
2022-08-17 BST 22:56:36,022 - INFO - LABEL = True
2022-08-17 BST 22:56:36,022 - INFO - SAVE_TO_ODS = False
2022-08-17 BST 22:56:36,022 - INFO - VAL_LOSS_FROM_DAG = True
2022-08-17 BST 22:56:36,022 - INFO - WANDB = False
2022-08-17 BST 22:56:36,022 - INFO - WANDB_PROJECT = 'Thetas'
2022-08-17 BST 22:56:36,022 - INFO - GRAD_LOG = False
2022-08-17 BST 22:56:36,022 - INFO - N_TRIALS = 1
2022-08-17 BST 22:56:36,022 - INFO - OPTUNA_STRINGS = {'None': None, 'True': True, 'False': False}
2022-08-17 BST 22:56:36,022 - INFO - TQDM = False
2022-08-17 BST 22:56:36,023 - INFO - 
hyperparameters = {
2022-08-17 BST 22:56:36,023 - INFO - 	'GRAPH_TYPE': 'ER2',
2022-08-17 BST 22:56:36,023 - INFO - 	'D': 30,
2022-08-17 BST 22:56:36,023 - INFO - 	'MAX_SIZE': 66,
2022-08-17 BST 22:56:36,023 - INFO - 	'SEM_NOISE': 'gaussian_ev',
2022-08-17 BST 22:56:36,023 - INFO - 	'N': 1200,
2022-08-17 BST 22:56:36,023 - INFO - 	'VAL': 0.16666666666666666,
2022-08-17 BST 22:56:36,023 - INFO - 	'N_EPOCHS': 1000,
2022-08-17 BST 22:56:36,023 - INFO - 	'BATCH_SIZE': 32,
2022-08-17 BST 22:56:36,023 - INFO - 	'LOG2_BATCH_SIZE': None,
2022-08-17 BST 22:56:36,023 - INFO - 	'BATCH_SHUFFLE': True,
2022-08-17 BST 22:56:36,023 - INFO - 	'N_SAMPLES': 10,
2022-08-17 BST 22:56:36,023 - INFO - 	'MODE': 'max_dag_test_only',
2022-08-17 BST 22:56:36,023 - INFO - 	'AFAS_SCHEDULER': None,
2022-08-17 BST 22:56:36,024 - INFO - 	'MINIZINC_SOLVER': None,
2022-08-17 BST 22:56:36,024 - INFO - 	'f_LINEAR_LAYERS': (),
2022-08-17 BST 22:56:36,024 - INFO - 	'f_BIAS': False,
2022-08-17 BST 22:56:36,024 - INFO - 	'p_LAYER': None,
2022-08-17 BST 22:56:36,024 - INFO - 	'STREAMLINE': False,
2022-08-17 BST 22:56:36,024 - INFO - 	'THRESHOLD': 0.0,
2022-08-17 BST 22:56:36,024 - INFO - 	'h_LINEAR_LAYERS': (),
2022-08-17 BST 22:56:36,024 - INFO - 	'h_NULL': 0.001,
2022-08-17 BST 22:56:36,024 - INFO - 	'h_LR': 0.0001,
2022-08-17 BST 22:56:36,024 - INFO - 	'h_OPTIMIZER': 'torch.optim.Adam(overall_net.h_net.parameters(), lr=h.h_LR)',
2022-08-17 BST 22:56:36,024 - INFO - 	'f_LR': 0.0117744218586073,
2022-08-17 BST 22:56:36,024 - INFO - 	'f_OPTIMIZER': 'torch.optim.Adam(overall_net.f_net.parameters(), lr=h.f_LR)',
2022-08-17 BST 22:56:36,024 - INFO - 	'NOISE_TEMPERATURE': 10,
2022-08-17 BST 22:56:36,024 - INFO - 	'NOISE_DISTRIBUTION': 'LogisticNoiseDistribution()',
2022-08-17 BST 22:56:36,025 - INFO - 	'LAMBDA': 10,
2022-08-17 BST 22:56:36,025 - INFO - 	'LOSS_FN': 'torch.nn.MSELoss()',
2022-08-17 BST 22:56:36,025 - INFO - 	'REGULARIZER': None,
2022-08-17 BST 22:56:36,025 - INFO - 	'z_RHO': 0,
2022-08-17 BST 22:56:36,025 - INFO - 	'z_MU': 0,
2022-08-17 BST 22:56:36,025 - INFO - 	'z_REGULARIZER': 'NoTearsZRegularizer(h.D, h.z_RHO, h.z_MU, c.DEVICE)',
2022-08-17 BST 22:56:36,025 - INFO - 	'LR_SCHEDULER': None,
2022-08-17 BST 22:56:36,025 - INFO - 	'DATA_CATEGORY': 'test',
2022-08-17 BST 22:56:36,025 - INFO - 	'DAGS': '030_ER2_gaussian_ev_2022-08-12_BST_09:55:21,293_create_dags'
2022-08-17 BST 22:56:36,025 - INFO - }

2022-08-17 BST 22:56:37,037 - INFO - 

DAG 0: size_true=69	X.var()=185.8479
2022-08-17 BST 22:56:39,802 - INFO -  epoch=   1      train_loss= 174.5835      val_loss=  81.3143      best=1      size=  44      nSHD_c=   2.8000      nSHD=   2.8000      tpr_c=   0.2727      change_adj_count=5      
2022-08-17 BST 22:56:59,670 - INFO -  epoch= 100      train_loss=  99.3352      val_loss=2740.3410      best=1      size=  60      nSHD_c=   2.9000      nSHD=   2.9000      tpr_c=   0.3500      change_adj_count=30      
2022-08-17 BST 22:57:19,419 - INFO -  epoch= 200      train_loss=  97.5340      val_loss=3068.4704      best=1      size=  60      nSHD_c=   2.9667      nSHD=   2.9667      tpr_c=   0.3333      change_adj_count=33      
2022-08-17 BST 22:57:39,249 - INFO -  epoch= 300      train_loss=  98.5201      val_loss=2894.5459      best=1      size=  60      nSHD_c=   2.9667      nSHD=   2.9667      tpr_c=   0.3333      change_adj_count=33      
2022-08-17 BST 22:57:58,532 - INFO -  epoch= 400      train_loss=  96.2721      val_loss=2645.6247      best=1      size=  60      nSHD_c=   2.9667      nSHD=   2.9667      tpr_c=   0.3333      change_adj_count=33      
2022-08-17 BST 22:58:18,479 - INFO -  epoch= 500      train_loss=  93.2771      val_loss=2659.3052      best=1      size=  60      nSHD_c=   2.9667      nSHD=   2.9667      tpr_c=   0.3333      change_adj_count=33      
2022-08-17 BST 22:58:38,494 - INFO -  epoch= 600      train_loss=  90.4502      val_loss=2438.0712      best=1      size=  60      nSHD_c=   2.9667      nSHD=   2.9667      tpr_c=   0.3333      change_adj_count=33      
2022-08-17 BST 22:58:57,865 - INFO -  epoch= 700      train_loss=  94.9325      val_loss=2345.6230      best=1      size=  60      nSHD_c=   2.9667      nSHD=   2.9667      tpr_c=   0.3333      change_adj_count=33      
2022-08-17 BST 22:59:16,608 - INFO -  epoch= 800      train_loss=  90.1752      val_loss=2359.2114      best=1      size=  60      nSHD_c=   2.9667      nSHD=   2.9667      tpr_c=   0.3333      change_adj_count=33      
2022-08-17 BST 22:59:35,795 - INFO -  epoch= 900      train_loss=  88.0127      val_loss=2076.2234      best=1      size=  60      nSHD_c=   2.9667      nSHD=   2.9667      tpr_c=   0.3333      change_adj_count=33      
2022-08-17 BST 22:59:54,931 - INFO -  epoch=1000      train_loss=  85.1761      val_loss=1993.9349      best=1      size=  60      nSHD_c=   2.9667      nSHD=   2.9667      tpr_c=   0.3333      change_adj_count=33      
2022-08-17 BST 22:59:54,932 - INFO - Before params
2022-08-17 BST 22:59:54,932 - INFO - After params={'MAX_SIZE': [66], 'LAMBDA': [10], 'NOISE_TEMPERATURE': [10], 'h_NULL': [0.001], 'h_LR': [0.0001], 'z_RHO': [0], 'z_MU': [0]}
2022-08-17 BST 22:59:54,932 - INFO - After metrics={'train_loss': [85.17608519523374], 'val_loss': [1993.9348958333333], 'size': [60], 'nshd_c': [2.966666666666667], 'nshd': [2.966666666666667], 'tpr': [0.2898550724637681], 'tpr_c': [0.3333333333333333], 'change_adj_count': [33]}
2022-08-17 BST 22:59:54,953 - INFO - After to_save=   MAX_SIZE  LAMBDA  NOISE_TEMPERATURE  ...       tpr     tpr_c  change_adj_count
0        66      10                 10  ...  0.289855  0.333333                33

[1 rows x 16 columns]
2022-08-17 BST 22:59:54,953 - INFO - After file_path='../results/l_66_4hps.csv'
2022-08-17 BST 22:59:54,957 - INFO - Last epoch results saved in l_66_4hps.csv
2022-08-17 BST 22:59:54,958 - INFO - 

DAG 1: size_true=67	X.var()=127.1156
2022-08-17 BST 22:59:55,258 - INFO -  epoch=   1      train_loss= 117.0834      val_loss=  57.8444      best=1      size=  41      nSHD_c=   3.3000      nSHD=   3.3000      tpr_c=   0.0732      change_adj_count=5      
2022-08-17 BST 23:00:14,379 - INFO -  epoch= 100      train_loss=  61.8608      val_loss=3215.6906      best=1      size=  60      nSHD_c=   3.5000      nSHD=   3.5000      tpr_c=   0.1833      change_adj_count=21      
2022-08-17 BST 23:00:33,888 - INFO -  epoch= 200      train_loss=  58.8200      val_loss=3031.1434      best=1      size=  60      nSHD_c=   3.5333      nSHD=   3.5000      tpr_c=   0.1667      change_adj_count=25      
2022-08-17 BST 23:00:52,725 - INFO -  epoch= 300      train_loss=  58.8171      val_loss=2649.6949      best=1      size=  60      nSHD_c=   3.5333      nSHD=   3.5000      tpr_c=   0.1667      change_adj_count=25      
2022-08-17 BST 23:01:11,417 - INFO -  epoch= 400      train_loss=  59.6475      val_loss=2682.4095      best=1      size=  60      nSHD_c=   3.5333      nSHD=   3.5000      tpr_c=   0.1667      change_adj_count=25      
2022-08-17 BST 23:01:30,357 - INFO -  epoch= 500      train_loss=  55.2476      val_loss=2605.2509      best=1      size=  60      nSHD_c=   3.5333      nSHD=   3.5000      tpr_c=   0.1667      change_adj_count=25      
2022-08-17 BST 23:01:48,857 - INFO -  epoch= 600      train_loss=  55.4001      val_loss=2488.6068      best=1      size=  60      nSHD_c=   3.5333      nSHD=   3.5000      tpr_c=   0.1667      change_adj_count=25      
2022-08-17 BST 23:02:07,256 - INFO -  epoch= 700      train_loss=  52.2157      val_loss=2456.0671      best=1      size=  60      nSHD_c=   3.5333      nSHD=   3.5000      tpr_c=   0.1667      change_adj_count=25      
2022-08-17 BST 23:02:25,787 - INFO -  epoch= 800      train_loss=  53.1651      val_loss=2315.7491      best=1      size=  60      nSHD_c=   3.5333      nSHD=   3.5000      tpr_c=   0.1667      change_adj_count=25      
2022-08-17 BST 23:02:44,565 - INFO -  epoch= 900      train_loss=  53.1248      val_loss=2201.3153      best=1      size=  60      nSHD_c=   3.5333      nSHD=   3.5000      tpr_c=   0.1667      change_adj_count=25      
2022-08-17 BST 23:03:03,361 - INFO -  epoch=1000      train_loss=  50.2422      val_loss=2051.7173      best=1      size=  60      nSHD_c=   3.5333      nSHD=   3.5000      tpr_c=   0.1667      change_adj_count=25      
2022-08-17 BST 23:03:03,361 - INFO - Before params
2022-08-17 BST 23:03:03,361 - INFO - After params={'MAX_SIZE': [66], 'LAMBDA': [10], 'NOISE_TEMPERATURE': [10], 'h_NULL': [0.001], 'h_LR': [0.0001], 'z_RHO': [0], 'z_MU': [0]}
2022-08-17 BST 23:03:03,362 - INFO - After metrics={'train_loss': [50.24224127492597], 'val_loss': [2051.71728515625], 'size': [60], 'nshd_c': [3.533333333333333], 'nshd': [3.5], 'tpr': [0.16417910447761194], 'tpr_c': [0.16666666666666666], 'change_adj_count': [25]}
2022-08-17 BST 23:03:03,378 - INFO - After to_save=   MAX_SIZE  LAMBDA  NOISE_TEMPERATURE  ...       tpr     tpr_c  change_adj_count
0        66      10                 10  ...  0.164179  0.166667                25

[1 rows x 16 columns]
2022-08-17 BST 23:03:03,378 - INFO - After file_path='../results/l_66_4hps.csv'
2022-08-17 BST 23:03:03,380 - INFO - Last epoch results saved in l_66_4hps.csv
2022-08-17 BST 23:03:03,381 - INFO - 

DAG 2: size_true=64	X.var()=25.7432
2022-08-17 BST 23:03:03,609 - INFO -  epoch=   1      train_loss=  24.3207      val_loss=  18.5450      best=1      size=  55      nSHD_c=   3.4000      nSHD=   3.3333      tpr_c=   0.0909      change_adj_count=5      
2022-08-17 BST 23:03:03,824 - INFO -  epoch=   2      train_loss=  22.6529      val_loss=  11.4218      best=1      size=  46      nSHD_c=   2.7667      nSHD=   2.7000      tpr_c=   0.2174      change_adj_count=6      
2022-08-17 BST 23:03:22,354 - INFO -  epoch= 100      train_loss=  19.3045      val_loss=  88.2083      best=1      size=  58      nSHD_c=   2.8000      nSHD=   2.6667      tpr_c=   0.2931      change_adj_count=30      
2022-08-17 BST 23:03:40,899 - INFO -  epoch= 200      train_loss=  19.1917      val_loss=  86.1920      best=1      size=  58      nSHD_c=   2.8000      nSHD=   2.6667      tpr_c=   0.2931      change_adj_count=38      
2022-08-17 BST 23:03:59,395 - INFO -  epoch= 300      train_loss=  19.3178      val_loss=  83.3311      best=1      size=  57      nSHD_c=   2.7667      nSHD=   2.6333      tpr_c=   0.2982      change_adj_count=39      
2022-08-17 BST 23:04:18,236 - INFO -  epoch= 400      train_loss=  18.7802      val_loss=  80.8438      best=1      size=  57      nSHD_c=   2.7667      nSHD=   2.6333      tpr_c=   0.2982      change_adj_count=40      
2022-08-17 BST 23:04:37,174 - INFO -  epoch= 500      train_loss=  18.6832      val_loss=  79.9760      best=1      size=  57      nSHD_c=   2.7667      nSHD=   2.6333      tpr_c=   0.2982      change_adj_count=40      
2022-08-17 BST 23:04:55,641 - INFO -  epoch= 600      train_loss=  18.7161      val_loss=  75.1926      best=1      size=  57      nSHD_c=   2.7667      nSHD=   2.6333      tpr_c=   0.2982      change_adj_count=40      
2022-08-17 BST 23:05:15,164 - INFO -  epoch= 700      train_loss=  18.2826      val_loss=  75.3070      best=1      size=  57      nSHD_c=   2.7667      nSHD=   2.6333      tpr_c=   0.2982      change_adj_count=40      
2022-08-17 BST 23:05:34,151 - INFO -  epoch= 800      train_loss=  18.2199      val_loss=  77.1491      best=1      size=  57      nSHD_c=   2.7667      nSHD=   2.6333      tpr_c=   0.2982      change_adj_count=40      
2022-08-17 BST 23:05:52,470 - INFO -  epoch= 900      train_loss=  18.0815      val_loss=  76.9684      best=1      size=  57      nSHD_c=   2.7667      nSHD=   2.6333      tpr_c=   0.2982      change_adj_count=40      
2022-08-17 BST 23:06:11,619 - INFO -  epoch=1000      train_loss=  18.1592      val_loss=  74.0634      best=1      size=  57      nSHD_c=   2.7667      nSHD=   2.6333      tpr_c=   0.2982      change_adj_count=40      
2022-08-17 BST 23:06:11,619 - INFO - Before params
2022-08-17 BST 23:06:11,619 - INFO - After params={'MAX_SIZE': [66], 'LAMBDA': [10], 'NOISE_TEMPERATURE': [10], 'h_NULL': [0.001], 'h_LR': [0.0001], 'z_RHO': [0], 'z_MU': [0]}
2022-08-17 BST 23:06:11,619 - INFO - After metrics={'train_loss': [18.159167566607074], 'val_loss': [74.06337674458821], 'size': [57], 'nshd_c': [2.7666666666666666], 'nshd': [2.6333333333333333], 'tpr': [0.328125], 'tpr_c': [0.2982456140350877], 'change_adj_count': [40]}
2022-08-17 BST 23:06:11,637 - INFO - After to_save=   MAX_SIZE  LAMBDA  NOISE_TEMPERATURE  ...       tpr     tpr_c  change_adj_count
0        66      10                 10  ...  0.328125  0.298246                40

[1 rows x 16 columns]
2022-08-17 BST 23:06:11,637 - INFO - After file_path='../results/l_66_4hps.csv'
2022-08-17 BST 23:06:11,639 - INFO - Last epoch results saved in l_66_4hps.csv
2022-08-17 BST 23:06:11,639 - INFO - 

DAG 3: size_true=63	X.var()=265.9248
2022-08-17 BST 23:06:11,873 - INFO -  epoch=   1      train_loss= 220.1677      val_loss= 156.9655      best=1      size=  41      nSHD_c=   3.0333      nSHD=   3.0333      tpr_c=   0.0976      change_adj_count=5      
2022-08-17 BST 23:06:30,797 - INFO -  epoch= 100      train_loss= 125.3194      val_loss=4754.2154      best=1      size=  60      nSHD_c=   3.4333      nSHD=   3.4333      tpr_c=   0.1500      change_adj_count=54      
2022-08-17 BST 23:06:49,322 - INFO -  epoch= 200      train_loss= 125.5422      val_loss=4253.4496      best=1      size=  58      nSHD_c=   3.4333      nSHD=   3.4333      tpr_c=   0.1379      change_adj_count=67      
2022-08-17 BST 23:07:08,867 - INFO -  epoch= 300      train_loss= 121.2257      val_loss=3994.9621      best=1      size=  56      nSHD_c=   3.3667      nSHD=   3.3667      tpr_c=   0.1429      change_adj_count=84      
2022-08-17 BST 23:07:27,478 - INFO -  epoch= 400      train_loss= 121.3184      val_loss=3985.9800      best=1      size=  57      nSHD_c=   3.4333      nSHD=   3.4000      tpr_c=   0.1228      change_adj_count=100      
2022-08-17 BST 23:07:46,364 - INFO -  epoch= 500      train_loss= 119.1026      val_loss=3847.1502      best=1      size=  56      nSHD_c=   3.4000      nSHD=   3.3667      tpr_c=   0.1250      change_adj_count=105      
2022-08-17 BST 23:08:05,895 - INFO -  epoch= 600      train_loss= 119.2584      val_loss=3633.7158      best=1      size=  55      nSHD_c=   3.3667      nSHD=   3.3333      tpr_c=   0.1273      change_adj_count=106      
2022-08-17 BST 23:08:25,721 - INFO -  epoch= 700      train_loss= 111.3772      val_loss=3387.9505      best=1      size=  55      nSHD_c=   3.3667      nSHD=   3.3333      tpr_c=   0.1273      change_adj_count=112      
2022-08-17 BST 23:08:44,490 - INFO -  epoch= 800      train_loss= 107.8307      val_loss=3247.7138      best=1      size=  55      nSHD_c=   3.3667      nSHD=   3.3333      tpr_c=   0.1273      change_adj_count=114      
2022-08-17 BST 23:09:02,944 - INFO -  epoch= 900      train_loss= 109.1232      val_loss=3022.1814      best=1      size=  55      nSHD_c=   3.3667      nSHD=   3.3333      tpr_c=   0.1273      change_adj_count=114      
2022-08-17 BST 23:09:21,943 - INFO -  epoch=1000      train_loss= 106.0424      val_loss=2947.0627      best=1      size=  55      nSHD_c=   3.3667      nSHD=   3.3333      tpr_c=   0.1273      change_adj_count=116      
2022-08-17 BST 23:09:21,943 - INFO - Before params
2022-08-17 BST 23:09:21,943 - INFO - After params={'MAX_SIZE': [66], 'LAMBDA': [10], 'NOISE_TEMPERATURE': [10], 'h_NULL': [0.001], 'h_LR': [0.0001], 'z_RHO': [0], 'z_MU': [0]}
2022-08-17 BST 23:09:21,944 - INFO - After metrics={'train_loss': [106.04239285376764], 'val_loss': [2947.062703450521], 'size': [55], 'nshd_c': [3.3666666666666667], 'nshd': [3.3333333333333335], 'tpr': [0.12698412698412698], 'tpr_c': [0.12727272727272726], 'change_adj_count': [116]}
2022-08-17 BST 23:09:21,961 - INFO - After to_save=   MAX_SIZE  LAMBDA  NOISE_TEMPERATURE  ...       tpr     tpr_c  change_adj_count
0        66      10                 10  ...  0.126984  0.127273               116

[1 rows x 16 columns]
2022-08-17 BST 23:09:21,961 - INFO - After file_path='../results/l_66_4hps.csv'
2022-08-17 BST 23:09:21,963 - INFO - Last epoch results saved in l_66_4hps.csv
2022-08-17 BST 23:09:21,964 - INFO - 

DAG 4: size_true=48	X.var()=47.3993
2022-08-17 BST 23:09:22,210 - INFO -  epoch=   1      train_loss=  44.1128      val_loss=  22.3736      best=1      size=  45      nSHD_c=   2.4000      nSHD=   2.3667      tpr_c=   0.1778      change_adj_count=5      
2022-08-17 BST 23:09:40,764 - INFO -  epoch= 100      train_loss=  31.6219      val_loss= 432.4460      best=1      size=  59      nSHD_c=   2.5000      nSHD=   2.5000      tpr_c=   0.2712      change_adj_count=23      
2022-08-17 BST 23:09:59,629 - INFO -  epoch= 200      train_loss=  29.9563      val_loss= 444.2707      best=1      size=  59      nSHD_c=   2.5000      nSHD=   2.5000      tpr_c=   0.2712      change_adj_count=24      
2022-08-17 BST 23:10:18,430 - INFO -  epoch= 300      train_loss=  30.5882      val_loss= 412.8009      best=1      size=  59      nSHD_c=   2.5333      nSHD=   2.5000      tpr_c=   0.2542      change_adj_count=29      
2022-08-17 BST 23:10:36,536 - INFO -  epoch= 400      train_loss=  29.7674      val_loss= 423.6620      best=1      size=  59      nSHD_c=   2.5333      nSHD=   2.5000      tpr_c=   0.2542      change_adj_count=29      
2022-08-17 BST 23:10:55,199 - INFO -  epoch= 500      train_loss=  29.8216      val_loss= 407.1038      best=1      size=  59      nSHD_c=   2.5333      nSHD=   2.5000      tpr_c=   0.2542      change_adj_count=29      
2022-08-17 BST 23:11:14,307 - INFO -  epoch= 600      train_loss=  28.8473      val_loss= 405.7657      best=1      size=  59      nSHD_c=   2.5333      nSHD=   2.5000      tpr_c=   0.2542      change_adj_count=29      
2022-08-17 BST 23:11:33,543 - INFO -  epoch= 700      train_loss=  29.7483      val_loss= 372.9531      best=1      size=  59      nSHD_c=   2.5333      nSHD=   2.5000      tpr_c=   0.2542      change_adj_count=33      
2022-08-17 BST 23:11:52,729 - INFO -  epoch= 800      train_loss=  29.5914      val_loss= 370.5173      best=1      size=  59      nSHD_c=   2.5000      nSHD=   2.5000      tpr_c=   0.2712      change_adj_count=34      
2022-08-17 BST 23:12:11,701 - INFO -  epoch= 900      train_loss=  28.4303      val_loss= 349.9807      best=1      size=  59      nSHD_c=   2.5000      nSHD=   2.5000      tpr_c=   0.2712      change_adj_count=34      
2022-08-17 BST 23:12:31,285 - INFO -  epoch=1000      train_loss=  28.4953      val_loss= 329.4345      best=1      size=  59      nSHD_c=   2.5000      nSHD=   2.5000      tpr_c=   0.2712      change_adj_count=34      
2022-08-17 BST 23:12:31,286 - INFO - Before params
2022-08-17 BST 23:12:31,286 - INFO - After params={'MAX_SIZE': [66], 'LAMBDA': [10], 'NOISE_TEMPERATURE': [10], 'h_NULL': [0.001], 'h_LR': [0.0001], 'z_RHO': [0], 'z_MU': [0]}
2022-08-17 BST 23:12:31,286 - INFO - After metrics={'train_loss': [28.495307737781154], 'val_loss': [329.4345169067383], 'size': [59], 'nshd_c': [2.5], 'nshd': [2.5], 'tpr': [0.3333333333333333], 'tpr_c': [0.2711864406779661], 'change_adj_count': [34]}
2022-08-17 BST 23:12:31,304 - INFO - After to_save=   MAX_SIZE  LAMBDA  NOISE_TEMPERATURE  ...       tpr     tpr_c  change_adj_count
0        66      10                 10  ...  0.333333  0.271186                34

[1 rows x 16 columns]
2022-08-17 BST 23:12:31,304 - INFO - After file_path='../results/l_66_4hps.csv'
2022-08-17 BST 23:12:31,307 - INFO - Last epoch results saved in l_66_4hps.csv
2022-08-17 BST 23:12:31,308 - INFO - 

DAG 5: size_true=57	X.var()=54.7286
2022-08-17 BST 23:12:31,588 - INFO -  epoch=   1      train_loss=  53.5983      val_loss=  32.1512      best=1      size=  49      nSHD_c=   2.9333      nSHD=   2.9333      tpr_c=   0.1224      change_adj_count=5      
2022-08-17 BST 23:12:50,467 - INFO -  epoch= 100      train_loss=  38.0289      val_loss= 442.7649      best=1      size=  54      nSHD_c=   2.7667      nSHD=   2.7333      tpr_c=   0.2407      change_adj_count=36      
2022-08-17 BST 23:13:09,317 - INFO -  epoch= 200      train_loss=  38.0228      val_loss= 453.1884      best=1      size=  52      nSHD_c=   2.7000      nSHD=   2.6667      tpr_c=   0.2500      change_adj_count=46      
2022-08-17 BST 23:13:28,033 - INFO -  epoch= 300      train_loss=  36.8132      val_loss= 443.1840      best=1      size=  52      nSHD_c=   2.7000      nSHD=   2.6667      tpr_c=   0.2500      change_adj_count=46      
2022-08-17 BST 23:13:46,468 - INFO -  epoch= 400      train_loss=  37.1811      val_loss= 390.6545      best=1      size=  52      nSHD_c=   2.7000      nSHD=   2.6667      tpr_c=   0.2500      change_adj_count=46      
2022-08-17 BST 23:14:04,700 - INFO -  epoch= 500      train_loss=  36.8049      val_loss= 399.5790      best=1      size=  53      nSHD_c=   2.7333      nSHD=   2.7000      tpr_c=   0.2453      change_adj_count=47      
2022-08-17 BST 23:14:23,288 - INFO -  epoch= 600      train_loss=  36.9323      val_loss= 411.7452      best=1      size=  52      nSHD_c=   2.7000      nSHD=   2.6667      tpr_c=   0.2500      change_adj_count=54      
2022-08-17 BST 23:14:42,659 - INFO -  epoch= 700      train_loss=  36.0379      val_loss= 373.7932      best=1      size=  54      nSHD_c=   2.8000      nSHD=   2.7333      tpr_c=   0.2222      change_adj_count=62      
2022-08-17 BST 23:15:01,816 - INFO -  epoch= 800      train_loss=  36.0888      val_loss= 355.0321      best=1      size=  54      nSHD_c=   2.8000      nSHD=   2.7333      tpr_c=   0.2222      change_adj_count=62      
2022-08-17 BST 23:15:20,656 - INFO -  epoch= 900      train_loss=  34.0760      val_loss= 341.7791      best=1      size=  54      nSHD_c=   2.8000      nSHD=   2.7333      tpr_c=   0.2222      change_adj_count=62      
2022-08-17 BST 23:15:39,336 - INFO -  epoch=1000      train_loss=  34.4667      val_loss= 326.1455      best=1      size=  54      nSHD_c=   2.8000      nSHD=   2.7333      tpr_c=   0.2222      change_adj_count=62      
2022-08-17 BST 23:15:39,337 - INFO - Before params
2022-08-17 BST 23:15:39,337 - INFO - After params={'MAX_SIZE': [66], 'LAMBDA': [10], 'NOISE_TEMPERATURE': [10], 'h_NULL': [0.001], 'h_LR': [0.0001], 'z_RHO': [0], 'z_MU': [0]}
2022-08-17 BST 23:15:39,337 - INFO - After metrics={'train_loss': [34.46667154373661], 'val_loss': [326.145502726237], 'size': [54], 'nshd_c': [2.8], 'nshd': [2.7333333333333334], 'tpr': [0.24561403508771928], 'tpr_c': [0.2222222222222222], 'change_adj_count': [62]}
2022-08-17 BST 23:15:39,356 - INFO - After to_save=   MAX_SIZE  LAMBDA  NOISE_TEMPERATURE  ...       tpr     tpr_c  change_adj_count
0        66      10                 10  ...  0.245614  0.222222                62

[1 rows x 16 columns]
2022-08-17 BST 23:15:39,356 - INFO - After file_path='../results/l_66_4hps.csv'
2022-08-17 BST 23:15:39,358 - INFO - Last epoch results saved in l_66_4hps.csv
2022-08-17 BST 23:15:39,358 - INFO - 

DAG 6: size_true=64	X.var()=29.7229
2022-08-17 BST 23:15:39,627 - INFO -  epoch=   1      train_loss=  27.0853      val_loss=  18.3200      best=1      size=  49      nSHD_c=   3.3667      nSHD=   3.3333      tpr_c=   0.0408      change_adj_count=5      
2022-08-17 BST 23:15:58,507 - INFO -  epoch= 100      train_loss=  20.6965      val_loss= 148.7986      best=1      size=  56      nSHD_c=   3.1000      nSHD=   3.0667      tpr_c=   0.2143      change_adj_count=36      
2022-08-17 BST 23:16:17,589 - INFO -  epoch= 200      train_loss=  20.1862      val_loss= 150.0077      best=1      size=  56      nSHD_c=   3.1000      nSHD=   3.0667      tpr_c=   0.2143      change_adj_count=53      
2022-08-17 BST 23:16:37,227 - INFO -  epoch= 300      train_loss=  20.5344      val_loss= 137.4361      best=1      size=  56      nSHD_c=   3.1000      nSHD=   3.0667      tpr_c=   0.2143      change_adj_count=64      
2022-08-17 BST 23:16:56,801 - INFO -  epoch= 400      train_loss=  20.2124      val_loss= 140.4553      best=1      size=  56      nSHD_c=   3.1667      nSHD=   3.1333      tpr_c=   0.1964      change_adj_count=75      
2022-08-17 BST 23:17:16,075 - INFO -  epoch= 500      train_loss=  19.8073      val_loss= 136.4966      best=1      size=  55      nSHD_c=   3.1333      nSHD=   3.1000      tpr_c=   0.2000      change_adj_count=78      
2022-08-17 BST 23:17:34,381 - INFO -  epoch= 600      train_loss=  19.9256      val_loss= 138.4015      best=1      size=  55      nSHD_c=   3.1333      nSHD=   3.1000      tpr_c=   0.2000      change_adj_count=78      
2022-08-17 BST 23:17:53,406 - INFO -  epoch= 700      train_loss=  20.0177      val_loss= 122.6382      best=1      size=  55      nSHD_c=   3.1333      nSHD=   3.1000      tpr_c=   0.2000      change_adj_count=78      
2022-08-17 BST 23:18:12,434 - INFO -  epoch= 800      train_loss=  19.3771      val_loss= 132.2322      best=1      size=  55      nSHD_c=   3.1333      nSHD=   3.1000      tpr_c=   0.2000      change_adj_count=78      
2022-08-17 BST 23:18:31,102 - INFO -  epoch= 900      train_loss=  19.0910      val_loss= 129.9515      best=1      size=  55      nSHD_c=   3.1333      nSHD=   3.1000      tpr_c=   0.2000      change_adj_count=78      
2022-08-17 BST 23:18:49,727 - INFO -  epoch=1000      train_loss=  19.3161      val_loss= 110.4004      best=1      size=  55      nSHD_c=   3.1333      nSHD=   3.1000      tpr_c=   0.2000      change_adj_count=78      
2022-08-17 BST 23:18:49,727 - INFO - Before params
2022-08-17 BST 23:18:49,727 - INFO - After params={'MAX_SIZE': [66], 'LAMBDA': [10], 'NOISE_TEMPERATURE': [10], 'h_NULL': [0.001], 'h_LR': [0.0001], 'z_RHO': [0], 'z_MU': [0]}
2022-08-17 BST 23:18:49,728 - INFO - After metrics={'train_loss': [19.31605274446549], 'val_loss': [110.40036900838216], 'size': [55], 'nshd_c': [3.1333333333333333], 'nshd': [3.1], 'tpr': [0.1875], 'tpr_c': [0.2], 'change_adj_count': [78]}
2022-08-17 BST 23:18:49,744 - INFO - After to_save=   MAX_SIZE  LAMBDA  NOISE_TEMPERATURE  ...     tpr  tpr_c  change_adj_count
0        66      10                 10  ...  0.1875    0.2                78

[1 rows x 16 columns]
2022-08-17 BST 23:18:49,744 - INFO - After file_path='../results/l_66_4hps.csv'
2022-08-17 BST 23:18:49,746 - INFO - Last epoch results saved in l_66_4hps.csv
2022-08-17 BST 23:18:49,747 - INFO - 

DAG 7: size_true=62	X.var()=55.6800
2022-08-17 BST 23:18:50,050 - INFO -  epoch=   1      train_loss=  49.7956      val_loss=  17.5606      best=1      size=  42      nSHD_c=   3.0000      nSHD=   3.0000      tpr_c=   0.1190      change_adj_count=5      
2022-08-17 BST 23:19:09,028 - INFO -  epoch= 100      train_loss=  30.2599      val_loss= 868.2808      best=1      size=  52      nSHD_c=   3.2000      nSHD=   3.2000      tpr_c=   0.1538      change_adj_count=29      
2022-08-17 BST 23:19:27,660 - INFO -  epoch= 200      train_loss=  29.7248      val_loss= 843.7224      best=1      size=  52      nSHD_c=   3.2000      nSHD=   3.2000      tpr_c=   0.1538      change_adj_count=35      
2022-08-17 BST 23:19:46,242 - INFO -  epoch= 300      train_loss=  29.3743      val_loss= 819.9244      best=1      size=  52      nSHD_c=   3.2000      nSHD=   3.2000      tpr_c=   0.1538      change_adj_count=36      
2022-08-17 BST 23:20:05,406 - INFO -  epoch= 400      train_loss=  29.2564      val_loss= 764.9363      best=1      size=  51      nSHD_c=   3.1667      nSHD=   3.1667      tpr_c=   0.1569      change_adj_count=39      
2022-08-17 BST 23:20:24,429 - INFO -  epoch= 500      train_loss=  28.5956      val_loss= 756.3573      best=1      size=  51      nSHD_c=   3.1667      nSHD=   3.1667      tpr_c=   0.1569      change_adj_count=39      
2022-08-17 BST 23:20:43,546 - INFO -  epoch= 600      train_loss=  28.0652      val_loss= 678.7907      best=1      size=  51      nSHD_c=   3.1667      nSHD=   3.1667      tpr_c=   0.1569      change_adj_count=39      
2022-08-17 BST 23:21:02,624 - INFO -  epoch= 700      train_loss=  28.6350      val_loss= 623.3965      best=1      size=  51      nSHD_c=   3.1667      nSHD=   3.1667      tpr_c=   0.1569      change_adj_count=39      
2022-08-17 BST 23:21:21,291 - INFO -  epoch= 800      train_loss=  27.7169      val_loss= 657.6588      best=1      size=  51      nSHD_c=   3.1667      nSHD=   3.1667      tpr_c=   0.1569      change_adj_count=39      
2022-08-17 BST 23:21:40,815 - INFO -  epoch= 900      train_loss=  27.0674      val_loss= 605.2721      best=1      size=  51      nSHD_c=   3.1667      nSHD=   3.1667      tpr_c=   0.1569      change_adj_count=39      
2022-08-17 BST 23:21:59,694 - INFO -  epoch=1000      train_loss=  26.8652      val_loss= 591.6537      best=1      size=  51      nSHD_c=   3.1667      nSHD=   3.1667      tpr_c=   0.1569      change_adj_count=39      
2022-08-17 BST 23:21:59,695 - INFO - Before params
2022-08-17 BST 23:21:59,695 - INFO - After params={'MAX_SIZE': [66], 'LAMBDA': [10], 'NOISE_TEMPERATURE': [10], 'h_NULL': [0.001], 'h_LR': [0.0001], 'z_RHO': [0], 'z_MU': [0]}
2022-08-17 BST 23:21:59,695 - INFO - After metrics={'train_loss': [26.865201519381614], 'val_loss': [591.6536763509115], 'size': [51], 'nshd_c': [3.1666666666666665], 'nshd': [3.1666666666666665], 'tpr': [0.12903225806451613], 'tpr_c': [0.1568627450980392], 'change_adj_count': [39]}
2022-08-17 BST 23:21:59,712 - INFO - After to_save=   MAX_SIZE  LAMBDA  NOISE_TEMPERATURE  ...       tpr     tpr_c  change_adj_count
0        66      10                 10  ...  0.129032  0.156863                39

[1 rows x 16 columns]
2022-08-17 BST 23:21:59,712 - INFO - After file_path='../results/l_66_4hps.csv'
2022-08-17 BST 23:21:59,714 - INFO - Last epoch results saved in l_66_4hps.csv
2022-08-17 BST 23:21:59,715 - INFO - 

DAG 8: size_true=63	X.var()=39.3378
2022-08-17 BST 23:21:59,970 - INFO -  epoch=   1      train_loss=  37.0573      val_loss=  22.6988      best=1      size=  54      nSHD_c=   3.1667      nSHD=   3.1667      tpr_c=   0.1667      change_adj_count=5      
2022-08-17 BST 23:22:18,664 - INFO -  epoch= 100      train_loss=  26.6375      val_loss= 255.0979      best=1      size=  57      nSHD_c=   3.0667      nSHD=   3.0667      tpr_c=   0.2456      change_adj_count=22      
2022-08-17 BST 23:22:37,020 - INFO -  epoch= 200      train_loss=  26.7818      val_loss= 239.8904      best=1      size=  57      nSHD_c=   3.0667      nSHD=   3.0667      tpr_c=   0.2456      change_adj_count=22      
2022-08-17 BST 23:22:56,097 - INFO -  epoch= 300      train_loss=  27.0891      val_loss= 234.6493      best=1      size=  57      nSHD_c=   3.0667      nSHD=   3.0667      tpr_c=   0.2456      change_adj_count=27      
2022-08-17 BST 23:23:14,754 - INFO -  epoch= 400      train_loss=  26.5595      val_loss= 225.6496      best=1      size=  57      nSHD_c=   3.0667      nSHD=   3.0667      tpr_c=   0.2456      change_adj_count=31      
2022-08-17 BST 23:23:33,308 - INFO -  epoch= 500      train_loss=  26.0884      val_loss= 238.1307      best=1      size=  57      nSHD_c=   3.0667      nSHD=   3.0667      tpr_c=   0.2456      change_adj_count=31      
2022-08-17 BST 23:23:51,939 - INFO -  epoch= 600      train_loss=  25.2929      val_loss= 227.8668      best=1      size=  57      nSHD_c=   3.0667      nSHD=   3.0667      tpr_c=   0.2456      change_adj_count=31      
2022-08-17 BST 23:24:12,273 - INFO -  epoch= 700      train_loss=  25.8618      val_loss= 232.1043      best=1      size=  57      nSHD_c=   3.0667      nSHD=   3.0667      tpr_c=   0.2456      change_adj_count=31      
2022-08-17 BST 23:24:31,570 - INFO -  epoch= 800      train_loss=  24.3001      val_loss= 210.0634      best=1      size=  57      nSHD_c=   3.0667      nSHD=   3.0667      tpr_c=   0.2456      change_adj_count=31      
2022-08-17 BST 23:24:50,787 - INFO -  epoch= 900      train_loss=  24.9592      val_loss= 200.2803      best=1      size=  57      nSHD_c=   3.0667      nSHD=   3.0667      tpr_c=   0.2456      change_adj_count=31      
2022-08-17 BST 23:25:09,294 - INFO -  epoch=1000      train_loss=  24.9486      val_loss= 204.6256      best=1      size=  57      nSHD_c=   3.0667      nSHD=   3.0667      tpr_c=   0.2456      change_adj_count=31      
2022-08-17 BST 23:25:09,295 - INFO - Before params
2022-08-17 BST 23:25:09,295 - INFO - After params={'MAX_SIZE': [66], 'LAMBDA': [10], 'NOISE_TEMPERATURE': [10], 'h_NULL': [0.001], 'h_LR': [0.0001], 'z_RHO': [0], 'z_MU': [0]}
2022-08-17 BST 23:25:09,295 - INFO - After metrics={'train_loss': [24.948583541377896], 'val_loss': [204.62562306722006], 'size': [57], 'nshd_c': [3.066666666666667], 'nshd': [3.066666666666667], 'tpr': [0.2222222222222222], 'tpr_c': [0.24561403508771928], 'change_adj_count': [31]}
2022-08-17 BST 23:25:09,312 - INFO - After to_save=   MAX_SIZE  LAMBDA  NOISE_TEMPERATURE  ...       tpr     tpr_c  change_adj_count
0        66      10                 10  ...  0.222222  0.245614                31

[1 rows x 16 columns]
2022-08-17 BST 23:25:09,312 - INFO - After file_path='../results/l_66_4hps.csv'
2022-08-17 BST 23:25:09,314 - INFO - Last epoch results saved in l_66_4hps.csv
2022-08-17 BST 23:25:09,314 - INFO - 

DAG 9: size_true=61	X.var()=94.6254
2022-08-17 BST 23:25:09,551 - INFO -  epoch=   1      train_loss=  84.2269      val_loss=  41.8918      best=1      size=  42      nSHD_c=   3.0667      nSHD=   3.0667      tpr_c=   0.0952      change_adj_count=5      
2022-08-17 BST 23:25:27,698 - INFO -  epoch= 100      train_loss=  53.5245      val_loss=1291.2401      best=1      size=  56      nSHD_c=   3.2667      nSHD=   3.2667      tpr_c=   0.1607      change_adj_count=27      
2022-08-17 BST 23:25:46,948 - INFO -  epoch= 200      train_loss=  52.7373      val_loss=1203.0245      best=1      size=  56      nSHD_c=   3.2667      nSHD=   3.2667      tpr_c=   0.1607      change_adj_count=31      
2022-08-17 BST 23:26:05,791 - INFO -  epoch= 300      train_loss=  52.3542      val_loss=1180.4337      best=1      size=  56      nSHD_c=   3.2667      nSHD=   3.2667      tpr_c=   0.1607      change_adj_count=40      
2022-08-17 BST 23:26:24,445 - INFO -  epoch= 400      train_loss=  52.2618      val_loss=1149.7561      best=1      size=  56      nSHD_c=   3.2667      nSHD=   3.2667      tpr_c=   0.1607      change_adj_count=42      
2022-08-17 BST 23:26:44,247 - INFO -  epoch= 500      train_loss=  50.7851      val_loss=1089.3172      best=1      size=  56      nSHD_c=   3.2667      nSHD=   3.2667      tpr_c=   0.1607      change_adj_count=43      
2022-08-17 BST 23:27:02,890 - INFO -  epoch= 600      train_loss=  50.1795      val_loss=1038.2913      best=1      size=  56      nSHD_c=   3.2667      nSHD=   3.2667      tpr_c=   0.1607      change_adj_count=43      
2022-08-17 BST 23:27:21,900 - INFO -  epoch= 700      train_loss=  50.2519      val_loss= 981.9986      best=1      size=  56      nSHD_c=   3.2667      nSHD=   3.2667      tpr_c=   0.1607      change_adj_count=43      
2022-08-17 BST 23:27:40,387 - INFO -  epoch= 800      train_loss=  49.0904      val_loss= 956.4574      best=1      size=  56      nSHD_c=   3.2667      nSHD=   3.2667      tpr_c=   0.1607      change_adj_count=43      
2022-08-17 BST 23:27:59,639 - INFO -  epoch= 900      train_loss=  47.1173      val_loss= 907.2794      best=1      size=  56      nSHD_c=   3.2667      nSHD=   3.2667      tpr_c=   0.1607      change_adj_count=43      
2022-08-17 BST 23:28:18,745 - INFO -  epoch=1000      train_loss=  47.1491      val_loss= 896.7628      best=1      size=  56      nSHD_c=   3.2667      nSHD=   3.2667      tpr_c=   0.1607      change_adj_count=43      
2022-08-17 BST 23:28:18,746 - INFO - Before params
2022-08-17 BST 23:28:18,746 - INFO - After params={'MAX_SIZE': [66], 'LAMBDA': [10], 'NOISE_TEMPERATURE': [10], 'h_NULL': [0.001], 'h_LR': [0.0001], 'z_RHO': [0], 'z_MU': [0]}
2022-08-17 BST 23:28:18,746 - INFO - After metrics={'train_loss': [47.149064094789566], 'val_loss': [896.7628275553385], 'size': [56], 'nshd_c': [3.2666666666666666], 'nshd': [3.2666666666666666], 'tpr': [0.14754098360655737], 'tpr_c': [0.16071428571428573], 'change_adj_count': [43]}
2022-08-17 BST 23:28:18,764 - INFO - After to_save=   MAX_SIZE  LAMBDA  NOISE_TEMPERATURE  ...       tpr     tpr_c  change_adj_count
0        66      10                 10  ...  0.147541  0.160714                43

[1 rows x 16 columns]
2022-08-17 BST 23:28:18,764 - INFO - After file_path='../results/l_66_4hps.csv'
2022-08-17 BST 23:28:18,766 - INFO - Last epoch results saved in l_66_4hps.csv
2022-08-17 BST 23:28:18,766 - INFO - 

DAG 10: size_true=51	X.var()=18.9170
2022-08-17 BST 23:28:19,043 - INFO -  epoch=   1      train_loss=  17.6890      val_loss=  13.1518      best=1      size=  57      nSHD_c=   3.1000      nSHD=   3.1000      tpr_c=   0.0877      change_adj_count=5      
2022-08-17 BST 23:28:38,214 - INFO -  epoch= 100      train_loss=  14.2481      val_loss=  84.2724      best=1      size=  52      nSHD_c=   2.5333      nSHD=   2.4667      tpr_c=   0.2308      change_adj_count=20      
2022-08-17 BST 23:28:57,442 - INFO -  epoch= 200      train_loss=  14.0141      val_loss=  79.1806      best=1      size=  52      nSHD_c=   2.5333      nSHD=   2.4667      tpr_c=   0.2308      change_adj_count=20      
2022-08-17 BST 23:29:16,392 - INFO -  epoch= 300      train_loss=  13.9155      val_loss=  79.4046      best=1      size=  52      nSHD_c=   2.5333      nSHD=   2.4667      tpr_c=   0.2308      change_adj_count=20      
2022-08-17 BST 23:29:35,286 - INFO -  epoch= 400      train_loss=  13.9419      val_loss=  73.5079      best=1      size=  52      nSHD_c=   2.5333      nSHD=   2.4667      tpr_c=   0.2308      change_adj_count=20      
2022-08-17 BST 23:29:54,421 - INFO -  epoch= 500      train_loss=  13.6729      val_loss=  74.2906      best=1      size=  52      nSHD_c=   2.5333      nSHD=   2.4667      tpr_c=   0.2308      change_adj_count=28      
2022-08-17 BST 23:30:13,302 - INFO -  epoch= 600      train_loss=  13.6850      val_loss=  72.6383      best=1      size=  52      nSHD_c=   2.5333      nSHD=   2.4667      tpr_c=   0.2308      change_adj_count=28      
2022-08-17 BST 23:30:32,236 - INFO -  epoch= 700      train_loss=  13.8045      val_loss=  67.5298      best=1      size=  52      nSHD_c=   2.5333      nSHD=   2.4667      tpr_c=   0.2308      change_adj_count=28      
2022-08-17 BST 23:30:51,534 - INFO -  epoch= 800      train_loss=  13.7000      val_loss=  68.6640      best=1      size=  52      nSHD_c=   2.5333      nSHD=   2.4667      tpr_c=   0.2308      change_adj_count=28      
2022-08-17 BST 23:31:10,111 - INFO -  epoch= 900      train_loss=  13.4904      val_loss=  68.5967      best=1      size=  52      nSHD_c=   2.5333      nSHD=   2.4667      tpr_c=   0.2308      change_adj_count=28      
2022-08-17 BST 23:31:29,323 - INFO -  epoch=1000      train_loss=  13.3709      val_loss=  66.1524      best=1      size=  52      nSHD_c=   2.5333      nSHD=   2.4667      tpr_c=   0.2308      change_adj_count=28      
2022-08-17 BST 23:31:29,324 - INFO - Before params
2022-08-17 BST 23:31:29,324 - INFO - After params={'MAX_SIZE': [66], 'LAMBDA': [10], 'NOISE_TEMPERATURE': [10], 'h_NULL': [0.001], 'h_LR': [0.0001], 'z_RHO': [0], 'z_MU': [0]}
2022-08-17 BST 23:31:29,324 - INFO - After metrics={'train_loss': [13.370938608723302], 'val_loss': [66.15240987141927], 'size': [52], 'nshd_c': [2.533333333333333], 'nshd': [2.466666666666667], 'tpr': [0.27450980392156865], 'tpr_c': [0.23076923076923078], 'change_adj_count': [28]}
2022-08-17 BST 23:31:29,342 - INFO - After to_save=   MAX_SIZE  LAMBDA  NOISE_TEMPERATURE  ...      tpr     tpr_c  change_adj_count
0        66      10                 10  ...  0.27451  0.230769                28

[1 rows x 16 columns]
2022-08-17 BST 23:31:29,342 - INFO - After file_path='../results/l_66_4hps.csv'
2022-08-17 BST 23:31:29,344 - INFO - Last epoch results saved in l_66_4hps.csv
2022-08-17 BST 23:31:29,344 - INFO - 

DAG 11: size_true=68	X.var()=127.5135
2022-08-17 BST 23:31:29,630 - INFO -  epoch=   1      train_loss= 118.7398      val_loss=  58.3223      best=1      size=  43      nSHD_c=   3.2667      nSHD=   3.2667      tpr_c=   0.1163      change_adj_count=5      
2022-08-17 BST 23:31:48,494 - INFO -  epoch= 100      train_loss=  73.9578      val_loss=1807.3102      best=1      size=  61      nSHD_c=   3.4333      nSHD=   3.4333      tpr_c=   0.2131      change_adj_count=29      
2022-08-17 BST 23:32:06,459 - INFO -  epoch= 200      train_loss=  70.5801      val_loss=1742.4990      best=1      size=  61      nSHD_c=   3.4333      nSHD=   3.4333      tpr_c=   0.2131      change_adj_count=29      
2022-08-17 BST 23:32:24,857 - INFO -  epoch= 300      train_loss=  73.6999      val_loss=1607.2323      best=1      size=  61      nSHD_c=   3.4333      nSHD=   3.4333      tpr_c=   0.2131      change_adj_count=29      
2022-08-17 BST 23:32:44,294 - INFO -  epoch= 400      train_loss=  71.2631      val_loss=1619.1918      best=1      size=  61      nSHD_c=   3.4333      nSHD=   3.4333      tpr_c=   0.2131      change_adj_count=29      
2022-08-17 BST 23:33:02,785 - INFO -  epoch= 500      train_loss=  69.6395      val_loss=1607.4489      best=1      size=  61      nSHD_c=   3.4333      nSHD=   3.4333      tpr_c=   0.2131      change_adj_count=29      
2022-08-17 BST 23:33:21,891 - INFO -  epoch= 600      train_loss=  68.5280      val_loss=1428.4988      best=1      size=  61      nSHD_c=   3.4333      nSHD=   3.4333      tpr_c=   0.2131      change_adj_count=29      
2022-08-17 BST 23:33:40,671 - INFO -  epoch= 700      train_loss=  66.8061      val_loss=1495.8991      best=1      size=  61      nSHD_c=   3.4333      nSHD=   3.4333      tpr_c=   0.2131      change_adj_count=29      
2022-08-17 BST 23:33:59,528 - INFO -  epoch= 800      train_loss=  63.5091      val_loss=1364.6719      best=1      size=  61      nSHD_c=   3.4333      nSHD=   3.4333      tpr_c=   0.2131      change_adj_count=29      
2022-08-17 BST 23:34:19,150 - INFO -  epoch= 900      train_loss=  64.7576      val_loss=1320.2971      best=1      size=  61      nSHD_c=   3.4333      nSHD=   3.4333      tpr_c=   0.2131      change_adj_count=29      
2022-08-17 BST 23:34:38,484 - INFO -  epoch=1000      train_loss=  63.9808      val_loss=1290.7294      best=1      size=  61      nSHD_c=   3.4333      nSHD=   3.4333      tpr_c=   0.2131      change_adj_count=29      
2022-08-17 BST 23:34:38,485 - INFO - Before params
2022-08-17 BST 23:34:38,485 - INFO - After params={'MAX_SIZE': [66], 'LAMBDA': [10], 'NOISE_TEMPERATURE': [10], 'h_NULL': [0.001], 'h_LR': [0.0001], 'z_RHO': [0], 'z_MU': [0]}
2022-08-17 BST 23:34:38,485 - INFO - After metrics={'train_loss': [63.980824009064705], 'val_loss': [1290.7294311523438], 'size': [61], 'nshd_c': [3.433333333333333], 'nshd': [3.433333333333333], 'tpr': [0.19117647058823528], 'tpr_c': [0.21311475409836064], 'change_adj_count': [29]}
2022-08-17 BST 23:34:38,502 - INFO - After to_save=   MAX_SIZE  LAMBDA  NOISE_TEMPERATURE  ...       tpr     tpr_c  change_adj_count
0        66      10                 10  ...  0.191176  0.213115                29

[1 rows x 16 columns]
2022-08-17 BST 23:34:38,502 - INFO - After file_path='../results/l_66_4hps.csv'
2022-08-17 BST 23:34:38,505 - INFO - Last epoch results saved in l_66_4hps.csv
2022-08-17 BST 23:34:38,505 - INFO - 

DAG 12: size_true=53	X.var()=15.8398
2022-08-17 BST 23:34:38,791 - INFO -  epoch=   1      train_loss=  15.0024      val_loss=   7.8492      best=1      size=  55      nSHD_c=   3.1000      nSHD=   3.0667      tpr_c=   0.0727      change_adj_count=5      
2022-08-17 BST 23:34:57,486 - INFO -  epoch= 100      train_loss=  11.5513      val_loss=  74.8991      best=1      size=  49      nSHD_c=   2.3667      nSHD=   2.3333      tpr_c=   0.2857      change_adj_count=38      
2022-08-17 BST 23:35:16,095 - INFO -  epoch= 200      train_loss=  11.6951      val_loss=  71.2740      best=1      size=  49      nSHD_c=   2.3667      nSHD=   2.3333      tpr_c=   0.2857      change_adj_count=42      
2022-08-17 BST 23:35:34,739 - INFO -  epoch= 300      train_loss=  11.6710      val_loss=  75.5430      best=1      size=  49      nSHD_c=   2.3667      nSHD=   2.3333      tpr_c=   0.2857      change_adj_count=51      
2022-08-17 BST 23:35:53,834 - INFO -  epoch= 400      train_loss=  11.5525      val_loss=  71.7541      best=1      size=  49      nSHD_c=   2.3667      nSHD=   2.3333      tpr_c=   0.2857      change_adj_count=51      
2022-08-17 BST 23:36:12,657 - INFO -  epoch= 500      train_loss=  11.6507      val_loss=  65.1293      best=1      size=  49      nSHD_c=   2.3667      nSHD=   2.3333      tpr_c=   0.2857      change_adj_count=51      
2022-08-17 BST 23:36:31,618 - INFO -  epoch= 600      train_loss=  11.3061      val_loss=  66.5181      best=1      size=  49      nSHD_c=   2.3667      nSHD=   2.3333      tpr_c=   0.2857      change_adj_count=51      
2022-08-17 BST 23:36:50,157 - INFO -  epoch= 700      train_loss=  11.4546      val_loss=  65.1094      best=1      size=  49      nSHD_c=   2.3667      nSHD=   2.3333      tpr_c=   0.2857      change_adj_count=53      
2022-08-17 BST 23:37:08,790 - INFO -  epoch= 800      train_loss=  11.1746      val_loss=  62.6910      best=1      size=  49      nSHD_c=   2.3667      nSHD=   2.3333      tpr_c=   0.2857      change_adj_count=53      
2022-08-17 BST 23:37:27,035 - INFO -  epoch= 900      train_loss=  11.1607      val_loss=  62.0347      best=1      size=  49      nSHD_c=   2.3667      nSHD=   2.3333      tpr_c=   0.2857      change_adj_count=53      
2022-08-17 BST 23:37:45,878 - INFO -  epoch=1000      train_loss=  11.0230      val_loss=  62.6430      best=1      size=  49      nSHD_c=   2.3667      nSHD=   2.3333      tpr_c=   0.2857      change_adj_count=55      
2022-08-17 BST 23:37:45,878 - INFO - Before params
2022-08-17 BST 23:37:45,878 - INFO - After params={'MAX_SIZE': [66], 'LAMBDA': [10], 'NOISE_TEMPERATURE': [10], 'h_NULL': [0.001], 'h_LR': [0.0001], 'z_RHO': [0], 'z_MU': [0]}
2022-08-17 BST 23:37:45,878 - INFO - After metrics={'train_loss': [11.023021636470672], 'val_loss': [62.643044789632164], 'size': [49], 'nshd_c': [2.3666666666666667], 'nshd': [2.3333333333333335], 'tpr': [0.2830188679245283], 'tpr_c': [0.2857142857142857], 'change_adj_count': [55]}
2022-08-17 BST 23:37:45,899 - INFO - After to_save=   MAX_SIZE  LAMBDA  NOISE_TEMPERATURE  ...       tpr     tpr_c  change_adj_count
0        66      10                 10  ...  0.283019  0.285714                55

[1 rows x 16 columns]
2022-08-17 BST 23:37:45,899 - INFO - After file_path='../results/l_66_4hps.csv'
2022-08-17 BST 23:37:45,902 - INFO - Last epoch results saved in l_66_4hps.csv
2022-08-17 BST 23:37:45,902 - INFO - 

DAG 13: size_true=53	X.var()=112.2632
2022-08-17 BST 23:37:46,165 - INFO -  epoch=   1      train_loss= 105.0166      val_loss=  24.5013      best=1      size=  38      nSHD_c=   2.4333      nSHD=   2.4333      tpr_c=   0.2368      change_adj_count=5      
2022-08-17 BST 23:38:04,444 - INFO -  epoch= 100      train_loss=  62.3809      val_loss=1720.0148      best=1      size=  53      nSHD_c=   2.7667      nSHD=   2.7667      tpr_c=   0.2075      change_adj_count=31      
2022-08-17 BST 23:38:23,638 - INFO -  epoch= 200      train_loss=  61.1050      val_loss=1754.4105      best=1      size=  52      nSHD_c=   2.7333      nSHD=   2.7333      tpr_c=   0.2115      change_adj_count=41      
2022-08-17 BST 23:38:42,683 - INFO -  epoch= 300      train_loss=  62.1006      val_loss=1645.7528      best=1      size=  52      nSHD_c=   2.8000      nSHD=   2.8000      tpr_c=   0.1923      change_adj_count=48      
2022-08-17 BST 23:39:02,146 - INFO -  epoch= 400      train_loss=  61.5603      val_loss=1648.6291      best=1      size=  52      nSHD_c=   2.8000      nSHD=   2.8000      tpr_c=   0.1923      change_adj_count=50      
2022-08-17 BST 23:39:20,764 - INFO -  epoch= 500      train_loss=  60.6658      val_loss=1499.0407      best=1      size=  52      nSHD_c=   2.8000      nSHD=   2.8000      tpr_c=   0.1923      change_adj_count=50      
2022-08-17 BST 23:39:39,284 - INFO -  epoch= 600      train_loss=  59.4525      val_loss=1414.0311      best=1      size=  52      nSHD_c=   2.8000      nSHD=   2.8000      tpr_c=   0.1923      change_adj_count=52      
2022-08-17 BST 23:39:58,071 - INFO -  epoch= 700      train_loss=  58.7924      val_loss=1359.4572      best=1      size=  52      nSHD_c=   2.8000      nSHD=   2.8000      tpr_c=   0.1923      change_adj_count=52      
2022-08-17 BST 23:40:16,244 - INFO -  epoch= 800      train_loss=  57.0382      val_loss=1414.1111      best=1      size=  52      nSHD_c=   2.8000      nSHD=   2.8000      tpr_c=   0.1923      change_adj_count=53      
2022-08-17 BST 23:40:35,652 - INFO -  epoch= 900      train_loss=  55.8286      val_loss=1198.0306      best=1      size=  52      nSHD_c=   2.8000      nSHD=   2.8000      tpr_c=   0.1923      change_adj_count=53      
2022-08-17 BST 23:40:54,656 - INFO -  epoch=1000      train_loss=  54.3743      val_loss=1224.4451      best=1      size=  52      nSHD_c=   2.8000      nSHD=   2.8000      tpr_c=   0.1923      change_adj_count=53      
2022-08-17 BST 23:40:54,656 - INFO - Before params
2022-08-17 BST 23:40:54,656 - INFO - After params={'MAX_SIZE': [66], 'LAMBDA': [10], 'NOISE_TEMPERATURE': [10], 'h_NULL': [0.001], 'h_LR': [0.0001], 'z_RHO': [0], 'z_MU': [0]}
2022-08-17 BST 23:40:54,657 - INFO - After metrics={'train_loss': [54.374349224951956], 'val_loss': [1224.445088704427], 'size': [52], 'nshd_c': [2.8], 'nshd': [2.8], 'tpr': [0.18867924528301888], 'tpr_c': [0.19230769230769232], 'change_adj_count': [53]}
2022-08-17 BST 23:40:54,673 - INFO - After to_save=   MAX_SIZE  LAMBDA  NOISE_TEMPERATURE  ...       tpr     tpr_c  change_adj_count
0        66      10                 10  ...  0.188679  0.192308                53

[1 rows x 16 columns]
2022-08-17 BST 23:40:54,673 - INFO - After file_path='../results/l_66_4hps.csv'
2022-08-17 BST 23:40:54,676 - INFO - Last epoch results saved in l_66_4hps.csv
2022-08-17 BST 23:40:54,676 - INFO - 

DAG 14: size_true=59	X.var()=16.7418
2022-08-17 BST 23:40:54,907 - INFO -  epoch=   1      train_loss=  15.4280      val_loss=  12.0564      best=1      size=  55      nSHD_c=   2.9333      nSHD=   2.9000      tpr_c=   0.2000      change_adj_count=5      
2022-08-17 BST 23:40:55,132 - INFO -  epoch=   2      train_loss=  13.8964      val_loss=   8.4102      best=1      size=  47      nSHD_c=   2.6667      nSHD=   2.6333      tpr_c=   0.2128      change_adj_count=6      
2022-08-17 BST 23:41:13,140 - INFO -  epoch= 100      train_loss=  11.9477      val_loss=  69.5544      best=1      size=  60      nSHD_c=   2.7333      nSHD=   2.6333      tpr_c=   0.2833      change_adj_count=39      
2022-08-17 BST 23:41:32,145 - INFO -  epoch= 200      train_loss=  11.9710      val_loss=  68.8130      best=1      size=  60      nSHD_c=   2.7333      nSHD=   2.6333      tpr_c=   0.2833      change_adj_count=39      
2022-08-17 BST 23:41:50,946 - INFO -  epoch= 300      train_loss=  11.8403      val_loss=  66.1818      best=1      size=  60      nSHD_c=   2.7333      nSHD=   2.6333      tpr_c=   0.2833      change_adj_count=40      
2022-08-17 BST 23:42:09,818 - INFO -  epoch= 400      train_loss=  11.8777      val_loss=  63.8613      best=1      size=  60      nSHD_c=   2.7333      nSHD=   2.6333      tpr_c=   0.2833      change_adj_count=40      
2022-08-17 BST 23:42:28,856 - INFO -  epoch= 500      train_loss=  11.8061      val_loss=  63.6492      best=1      size=  60      nSHD_c=   2.7333      nSHD=   2.6333      tpr_c=   0.2833      change_adj_count=40      
2022-08-17 BST 23:42:47,455 - INFO -  epoch= 600      train_loss=  11.5931      val_loss=  63.3731      best=1      size=  60      nSHD_c=   2.7333      nSHD=   2.6333      tpr_c=   0.2833      change_adj_count=40      
2022-08-17 BST 23:43:05,622 - INFO -  epoch= 700      train_loss=  11.7310      val_loss=  61.4723      best=1      size=  60      nSHD_c=   2.7333      nSHD=   2.6333      tpr_c=   0.2833      change_adj_count=40      
2022-08-17 BST 23:43:24,336 - INFO -  epoch= 800      train_loss=  11.7502      val_loss=  61.2374      best=1      size=  60      nSHD_c=   2.7333      nSHD=   2.6333      tpr_c=   0.2833      change_adj_count=40      
2022-08-17 BST 23:43:42,644 - INFO -  epoch= 900      train_loss=  11.6152      val_loss=  57.2958      best=1      size=  60      nSHD_c=   2.7333      nSHD=   2.6333      tpr_c=   0.2833      change_adj_count=40      
2022-08-17 BST 23:44:01,119 - INFO -  epoch=1000      train_loss=  11.4530      val_loss=  58.8639      best=1      size=  60      nSHD_c=   2.7333      nSHD=   2.6333      tpr_c=   0.2833      change_adj_count=40      
2022-08-17 BST 23:44:01,120 - INFO - Before params
2022-08-17 BST 23:44:01,120 - INFO - After params={'MAX_SIZE': [66], 'LAMBDA': [10], 'NOISE_TEMPERATURE': [10], 'h_NULL': [0.001], 'h_LR': [0.0001], 'z_RHO': [0], 'z_MU': [0]}
2022-08-17 BST 23:44:01,120 - INFO - After metrics={'train_loss': [11.453041230478595], 'val_loss': [58.863918940226235], 'size': [60], 'nshd_c': [2.7333333333333334], 'nshd': [2.6333333333333333], 'tpr': [0.3389830508474576], 'tpr_c': [0.2833333333333333], 'change_adj_count': [40]}
2022-08-17 BST 23:44:01,139 - INFO - After to_save=   MAX_SIZE  LAMBDA  NOISE_TEMPERATURE  ...       tpr     tpr_c  change_adj_count
0        66      10                 10  ...  0.338983  0.283333                40

[1 rows x 16 columns]
2022-08-17 BST 23:44:01,139 - INFO - After file_path='../results/l_66_4hps.csv'
2022-08-17 BST 23:44:01,142 - INFO - Last epoch results saved in l_66_4hps.csv
2022-08-17 BST 23:44:01,142 - INFO - 

DAG 15: size_true=42	X.var()=8.6273
2022-08-17 BST 23:44:01,429 - INFO -  epoch=   1      train_loss=   8.1998      val_loss=   6.6484      best=1      size=  59      nSHD_c=   2.9333      nSHD=   2.9333      tpr_c=   0.0169      change_adj_count=5      
2022-08-17 BST 23:44:01,688 - INFO -  epoch=   2      train_loss=   7.6680      val_loss=   5.1491      best=1      size=  49      nSHD_c=   2.2667      nSHD=   2.2333      tpr_c=   0.1837      change_adj_count=6      
2022-08-17 BST 23:44:20,406 - INFO -  epoch= 100      train_loss=   6.7868      val_loss=  23.0243      best=1      size=  53      nSHD_c=   1.8667      nSHD=   1.7667      tpr_c=   0.3208      change_adj_count=38      
2022-08-17 BST 23:44:39,818 - INFO -  epoch= 200      train_loss=   6.9023      val_loss=  22.5950      best=1      size=  52      nSHD_c=   1.8333      nSHD=   1.7333      tpr_c=   0.3269      change_adj_count=47      
2022-08-17 BST 23:44:59,154 - INFO -  epoch= 300      train_loss=   6.7508      val_loss=  23.1455      best=1      size=  52      nSHD_c=   1.9333      nSHD=   1.8000      tpr_c=   0.2885      change_adj_count=53      
2022-08-17 BST 23:45:17,924 - INFO -  epoch= 400      train_loss=   6.7763      val_loss=  22.3257      best=1      size=  52      nSHD_c=   1.9333      nSHD=   1.8000      tpr_c=   0.2885      change_adj_count=53      
2022-08-17 BST 23:45:36,972 - INFO -  epoch= 500      train_loss=   6.8048      val_loss=  23.0580      best=1      size=  52      nSHD_c=   1.9333      nSHD=   1.8000      tpr_c=   0.2885      change_adj_count=53      
2022-08-17 BST 23:45:55,132 - INFO -  epoch= 600      train_loss=   6.6676      val_loss=  21.1410      best=1      size=  52      nSHD_c=   1.9333      nSHD=   1.8000      tpr_c=   0.2885      change_adj_count=53      
2022-08-17 BST 23:46:13,622 - INFO -  epoch= 700      train_loss=   6.7449      val_loss=  22.1281      best=1      size=  52      nSHD_c=   1.9333      nSHD=   1.8000      tpr_c=   0.2885      change_adj_count=53      
2022-08-17 BST 23:46:32,782 - INFO -  epoch= 800      train_loss=   6.7796      val_loss=  19.1944      best=1      size=  52      nSHD_c=   1.9333      nSHD=   1.8000      tpr_c=   0.2885      change_adj_count=53      
2022-08-17 BST 23:46:51,395 - INFO -  epoch= 900      train_loss=   6.6397      val_loss=  21.8922      best=1      size=  52      nSHD_c=   1.9333      nSHD=   1.8000      tpr_c=   0.2885      change_adj_count=53      
2022-08-17 BST 23:47:10,704 - INFO -  epoch=1000      train_loss=   6.6195      val_loss=  20.3089      best=1      size=  52      nSHD_c=   1.9333      nSHD=   1.8000      tpr_c=   0.2885      change_adj_count=53      
2022-08-17 BST 23:47:10,705 - INFO - Before params
2022-08-17 BST 23:47:10,705 - INFO - After params={'MAX_SIZE': [66], 'LAMBDA': [10], 'NOISE_TEMPERATURE': [10], 'h_NULL': [0.001], 'h_LR': [0.0001], 'z_RHO': [0], 'z_MU': [0]}
2022-08-17 BST 23:47:10,705 - INFO - After metrics={'train_loss': [6.619481055967269], 'val_loss': [20.308884461720783], 'size': [52], 'nshd_c': [1.9333333333333333], 'nshd': [1.8], 'tpr': [0.4523809523809524], 'tpr_c': [0.28846153846153844], 'change_adj_count': [53]}
2022-08-17 BST 23:47:10,722 - INFO - After to_save=   MAX_SIZE  LAMBDA  NOISE_TEMPERATURE  ...       tpr     tpr_c  change_adj_count
0        66      10                 10  ...  0.452381  0.288462                53

[1 rows x 16 columns]
2022-08-17 BST 23:47:10,722 - INFO - After file_path='../results/l_66_4hps.csv'
2022-08-17 BST 23:47:10,724 - INFO - Last epoch results saved in l_66_4hps.csv
2022-08-17 BST 23:47:10,724 - INFO - 

DAG 16: size_true=50	X.var()=12.1502
2022-08-17 BST 23:47:10,958 - INFO -  epoch=   1      train_loss=  11.3254      val_loss=   9.3437      best=1      size=  57      nSHD_c=   3.1333      nSHD=   3.1333      tpr_c=   0.0702      change_adj_count=5      
2022-08-17 BST 23:47:11,165 - INFO -  epoch=   2      train_loss=  10.5781      val_loss=   6.0549      best=1      size=  49      nSHD_c=   2.5667      nSHD=   2.5333      tpr_c=   0.1633      change_adj_count=6      
2022-08-17 BST 23:47:30,103 - INFO -  epoch= 100      train_loss=   9.4783      val_loss=  33.0768      best=1      size=  54      nSHD_c=   2.3333      nSHD=   2.2000      tpr_c=   0.2778      change_adj_count=47      
2022-08-17 BST 23:47:48,253 - INFO -  epoch= 200      train_loss=   9.3725      val_loss=  29.1557      best=1      size=  53      nSHD_c=   2.3000      nSHD=   2.1667      tpr_c=   0.2830      change_adj_count=58      
2022-08-17 BST 23:48:06,550 - INFO -  epoch= 300      train_loss=   9.1780      val_loss=  30.5982      best=1      size=  54      nSHD_c=   2.3333      nSHD=   2.2000      tpr_c=   0.2778      change_adj_count=73      
2022-08-17 BST 23:48:25,796 - INFO -  epoch= 400      train_loss=   9.3154      val_loss=  29.5830      best=1      size=  54      nSHD_c=   2.3333      nSHD=   2.2000      tpr_c=   0.2778      change_adj_count=77      
2022-08-17 BST 23:48:45,488 - INFO -  epoch= 500      train_loss=   9.2473      val_loss=  30.9118      best=1      size=  54      nSHD_c=   2.3333      nSHD=   2.2000      tpr_c=   0.2778      change_adj_count=77      
2022-08-17 BST 23:49:04,816 - INFO -  epoch= 600      train_loss=   9.2358      val_loss=  30.5243      best=1      size=  54      nSHD_c=   2.3333      nSHD=   2.2000      tpr_c=   0.2778      change_adj_count=77      
2022-08-17 BST 23:49:23,828 - INFO -  epoch= 700      train_loss=   9.0631      val_loss=  31.5202      best=1      size=  54      nSHD_c=   2.3333      nSHD=   2.2000      tpr_c=   0.2778      change_adj_count=77      
2022-08-17 BST 23:49:43,153 - INFO -  epoch= 800      train_loss=   9.1402      val_loss=  28.3963      best=1      size=  54      nSHD_c=   2.3333      nSHD=   2.2000      tpr_c=   0.2778      change_adj_count=77      
2022-08-17 BST 23:50:02,471 - INFO -  epoch= 900      train_loss=   9.0543      val_loss=  29.4351      best=1      size=  54      nSHD_c=   2.3333      nSHD=   2.2000      tpr_c=   0.2778      change_adj_count=77      
2022-08-17 BST 23:50:22,168 - INFO -  epoch=1000      train_loss=   8.9568      val_loss=  28.9346      best=1      size=  54      nSHD_c=   2.3333      nSHD=   2.2000      tpr_c=   0.2778      change_adj_count=77      
2022-08-17 BST 23:50:22,168 - INFO - Before params
2022-08-17 BST 23:50:22,169 - INFO - After params={'MAX_SIZE': [66], 'LAMBDA': [10], 'NOISE_TEMPERATURE': [10], 'h_NULL': [0.001], 'h_LR': [0.0001], 'z_RHO': [0], 'z_MU': [0]}
2022-08-17 BST 23:50:22,169 - INFO - After metrics={'train_loss': [8.95675463830271], 'val_loss': [28.93459351857503], 'size': [54], 'nshd_c': [2.3333333333333335], 'nshd': [2.2], 'tpr': [0.38], 'tpr_c': [0.2777777777777778], 'change_adj_count': [77]}
2022-08-17 BST 23:50:22,192 - INFO - After to_save=   MAX_SIZE  LAMBDA  NOISE_TEMPERATURE  ...   tpr     tpr_c  change_adj_count
0        66      10                 10  ...  0.38  0.277778                77

[1 rows x 16 columns]
2022-08-17 BST 23:50:22,192 - INFO - After file_path='../results/l_66_4hps.csv'
2022-08-17 BST 23:50:22,194 - INFO - Last epoch results saved in l_66_4hps.csv
2022-08-17 BST 23:50:22,195 - INFO - 

DAG 17: size_true=49	X.var()=16.5203
2022-08-17 BST 23:50:22,488 - INFO -  epoch=   1      train_loss=  15.3123      val_loss=  11.2348      best=1      size=  54      nSHD_c=   2.9000      nSHD=   2.9000      tpr_c=   0.0741      change_adj_count=5      
2022-08-17 BST 23:50:41,071 - INFO -  epoch= 100      train_loss=  11.9321      val_loss=  68.2825      best=1      size=  54      nSHD_c=   2.2333      nSHD=   2.2333      tpr_c=   0.3333      change_adj_count=41      
2022-08-17 BST 23:51:01,086 - INFO -  epoch= 200      train_loss=  11.8674      val_loss=  67.3334      best=1      size=  54      nSHD_c=   2.2333      nSHD=   2.2333      tpr_c=   0.3333      change_adj_count=43      
2022-08-17 BST 23:51:19,627 - INFO -  epoch= 300      train_loss=  11.8794      val_loss=  62.0568      best=1      size=  53      nSHD_c=   2.2000      nSHD=   2.2000      tpr_c=   0.3396      change_adj_count=44      
2022-08-17 BST 23:51:38,923 - INFO -  epoch= 400      train_loss=  11.6515      val_loss=  63.3964      best=1      size=  53      nSHD_c=   2.2000      nSHD=   2.2000      tpr_c=   0.3396      change_adj_count=44      
2022-08-17 BST 23:51:57,689 - INFO -  epoch= 500      train_loss=  11.8592      val_loss=  63.4062      best=1      size=  54      nSHD_c=   2.2333      nSHD=   2.2333      tpr_c=   0.3333      change_adj_count=53      
2022-08-17 BST 23:52:17,098 - INFO -  epoch= 600      train_loss=  11.6250      val_loss=  59.4912      best=1      size=  54      nSHD_c=   2.2333      nSHD=   2.2333      tpr_c=   0.3333      change_adj_count=60      
2022-08-17 BST 23:52:36,507 - INFO -  epoch= 700      train_loss=  11.6467      val_loss=  59.5560      best=1      size=  53      nSHD_c=   2.2000      nSHD=   2.2000      tpr_c=   0.3396      change_adj_count=66      
2022-08-17 BST 23:52:56,228 - INFO -  epoch= 800      train_loss=  11.6398      val_loss=  56.0889      best=1      size=  53      nSHD_c=   2.2000      nSHD=   2.2000      tpr_c=   0.3396      change_adj_count=66      
2022-08-17 BST 23:53:14,980 - INFO -  epoch= 900      train_loss=  11.4387      val_loss=  58.7309      best=1      size=  53      nSHD_c=   2.2000      nSHD=   2.2000      tpr_c=   0.3396      change_adj_count=66      
2022-08-17 BST 23:53:33,924 - INFO -  epoch=1000      train_loss=  11.4674      val_loss=  53.7066      best=1      size=  53      nSHD_c=   2.2000      nSHD=   2.2000      tpr_c=   0.3396      change_adj_count=66      
2022-08-17 BST 23:53:33,924 - INFO - Before params
2022-08-17 BST 23:53:33,924 - INFO - After params={'MAX_SIZE': [66], 'LAMBDA': [10], 'NOISE_TEMPERATURE': [10], 'h_NULL': [0.001], 'h_LR': [0.0001], 'z_RHO': [0], 'z_MU': [0]}
2022-08-17 BST 23:53:33,924 - INFO - After metrics={'train_loss': [11.467405965251308], 'val_loss': [53.70663070678711], 'size': [53], 'nshd_c': [2.2], 'nshd': [2.2], 'tpr': [0.3673469387755102], 'tpr_c': [0.33962264150943394], 'change_adj_count': [66]}
2022-08-17 BST 23:53:33,942 - INFO - After to_save=   MAX_SIZE  LAMBDA  NOISE_TEMPERATURE  ...       tpr     tpr_c  change_adj_count
0        66      10                 10  ...  0.367347  0.339623                66

[1 rows x 16 columns]
2022-08-17 BST 23:53:33,942 - INFO - After file_path='../results/l_66_4hps.csv'
2022-08-17 BST 23:53:33,944 - INFO - Last epoch results saved in l_66_4hps.csv
2022-08-17 BST 23:53:33,944 - INFO - 

DAG 18: size_true=56	X.var()=17.9506
2022-08-17 BST 23:53:34,217 - INFO -  epoch=   1      train_loss=  16.6467      val_loss=  11.1923      best=1      size=  57      nSHD_c=   3.3667      nSHD=   3.3000      tpr_c=   0.0351      change_adj_count=5      
2022-08-17 BST 23:53:34,485 - INFO -  epoch=   2      train_loss=  15.3303      val_loss=   8.7733      best=1      size=  53      nSHD_c=   3.0333      nSHD=   3.0000      tpr_c=   0.1132      change_adj_count=6      
2022-08-17 BST 23:53:52,570 - INFO -  epoch= 100      train_loss=  12.7159      val_loss=  94.4493      best=1      size=  62      nSHD_c=   2.8667      nSHD=   2.8333      tpr_c=   0.2419      change_adj_count=33      
2022-08-17 BST 23:54:11,913 - INFO -  epoch= 200      train_loss=  12.8916      val_loss=  90.9919      best=1      size=  62      nSHD_c=   2.8667      nSHD=   2.8333      tpr_c=   0.2419      change_adj_count=33      
2022-08-17 BST 23:54:30,918 - INFO -  epoch= 300      train_loss=  12.6704      val_loss=  88.6573      best=1      size=  62      nSHD_c=   2.8667      nSHD=   2.8333      tpr_c=   0.2419      change_adj_count=33      
2022-08-17 BST 23:54:51,045 - INFO -  epoch= 400      train_loss=  12.6632      val_loss=  82.3188      best=1      size=  62      nSHD_c=   2.8667      nSHD=   2.8333      tpr_c=   0.2419      change_adj_count=33      
2022-08-17 BST 23:55:10,167 - INFO -  epoch= 500      train_loss=  12.7781      val_loss=  87.1658      best=1      size=  62      nSHD_c=   2.8667      nSHD=   2.8333      tpr_c=   0.2419      change_adj_count=33      
2022-08-17 BST 23:55:29,063 - INFO -  epoch= 600      train_loss=  12.3124      val_loss=  82.0871      best=1      size=  62      nSHD_c=   2.8667      nSHD=   2.8333      tpr_c=   0.2419      change_adj_count=33      
2022-08-17 BST 23:55:48,313 - INFO -  epoch= 700      train_loss=  12.3226      val_loss=  76.2718      best=1      size=  62      nSHD_c=   2.8667      nSHD=   2.8333      tpr_c=   0.2419      change_adj_count=33      
2022-08-17 BST 23:56:07,412 - INFO -  epoch= 800      train_loss=  12.3456      val_loss=  77.9035      best=1      size=  62      nSHD_c=   2.8667      nSHD=   2.8333      tpr_c=   0.2419      change_adj_count=33      
2022-08-17 BST 23:56:26,586 - INFO -  epoch= 900      train_loss=  11.9885      val_loss=  74.3193      best=1      size=  62      nSHD_c=   2.8667      nSHD=   2.8333      tpr_c=   0.2419      change_adj_count=33      
2022-08-17 BST 23:56:45,653 - INFO -  epoch=1000      train_loss=  12.0300      val_loss=  77.5564      best=1      size=  62      nSHD_c=   2.8667      nSHD=   2.8333      tpr_c=   0.2419      change_adj_count=37      
2022-08-17 BST 23:56:45,653 - INFO - Before params
2022-08-17 BST 23:56:45,653 - INFO - After params={'MAX_SIZE': [66], 'LAMBDA': [10], 'NOISE_TEMPERATURE': [10], 'h_NULL': [0.001], 'h_LR': [0.0001], 'z_RHO': [0], 'z_MU': [0]}
2022-08-17 BST 23:56:45,654 - INFO - After metrics={'train_loss': [12.029980413375363], 'val_loss': [77.55635452270508], 'size': [62], 'nshd_c': [2.8666666666666667], 'nshd': [2.8333333333333335], 'tpr': [0.2857142857142857], 'tpr_c': [0.24193548387096775], 'change_adj_count': [37]}
2022-08-17 BST 23:56:45,670 - INFO - After to_save=   MAX_SIZE  LAMBDA  NOISE_TEMPERATURE  ...       tpr     tpr_c  change_adj_count
0        66      10                 10  ...  0.285714  0.241935                37

[1 rows x 16 columns]
2022-08-17 BST 23:56:45,670 - INFO - After file_path='../results/l_66_4hps.csv'
2022-08-17 BST 23:56:45,673 - INFO - Last epoch results saved in l_66_4hps.csv
2022-08-17 BST 23:56:45,673 - INFO - 

DAG 19: size_true=57	X.var()=24.8142
2022-08-17 BST 23:56:45,901 - INFO -  epoch=   1      train_loss=  22.3826      val_loss=  14.8313      best=1      size=  51      nSHD_c=   2.9333      nSHD=   2.9000      tpr_c=   0.1569      change_adj_count=5      
2022-08-17 BST 23:57:04,575 - INFO -  epoch= 100      train_loss=  17.0267      val_loss= 144.3562      best=1      size=  57      nSHD_c=   2.8667      nSHD=   2.8000      tpr_c=   0.2281      change_adj_count=32      
2022-08-17 BST 23:57:23,517 - INFO -  epoch= 200      train_loss=  16.6647      val_loss= 142.4404      best=1      size=  57      nSHD_c=   2.8667      nSHD=   2.8000      tpr_c=   0.2281      change_adj_count=32      
2022-08-17 BST 23:57:42,024 - INFO -  epoch= 300      train_loss=  16.7273      val_loss= 138.2148      best=1      size=  57      nSHD_c=   2.8667      nSHD=   2.8000      tpr_c=   0.2281      change_adj_count=32      
2022-08-17 BST 23:58:01,085 - INFO -  epoch= 400      train_loss=  16.5477      val_loss= 123.5728      best=1      size=  57      nSHD_c=   2.8667      nSHD=   2.8000      tpr_c=   0.2281      change_adj_count=32      
2022-08-17 BST 23:58:20,200 - INFO -  epoch= 500      train_loss=  16.2801      val_loss= 131.7790      best=1      size=  57      nSHD_c=   2.8667      nSHD=   2.8000      tpr_c=   0.2281      change_adj_count=32      
2022-08-17 BST 23:58:39,758 - INFO -  epoch= 600      train_loss=  16.7999      val_loss= 123.4218      best=1      size=  57      nSHD_c=   2.8667      nSHD=   2.8000      tpr_c=   0.2281      change_adj_count=32      
2022-08-17 BST 23:58:58,332 - INFO -  epoch= 700      train_loss=  16.2351      val_loss= 127.8256      best=1      size=  57      nSHD_c=   2.8667      nSHD=   2.8000      tpr_c=   0.2281      change_adj_count=32      
2022-08-17 BST 23:59:16,861 - INFO -  epoch= 800      train_loss=  16.4006      val_loss= 123.1971      best=1      size=  57      nSHD_c=   2.8667      nSHD=   2.8000      tpr_c=   0.2281      change_adj_count=32      
2022-08-17 BST 23:59:35,970 - INFO -  epoch= 900      train_loss=  16.3538      val_loss= 119.5716      best=1      size=  57      nSHD_c=   2.8667      nSHD=   2.8000      tpr_c=   0.2281      change_adj_count=32      
2022-08-17 BST 23:59:54,919 - INFO -  epoch=1000      train_loss=  16.1104      val_loss= 117.2828      best=1      size=  57      nSHD_c=   2.8667      nSHD=   2.8000      tpr_c=   0.2281      change_adj_count=32      
2022-08-17 BST 23:59:54,920 - INFO - Before params
2022-08-17 BST 23:59:54,920 - INFO - After params={'MAX_SIZE': [66], 'LAMBDA': [10], 'NOISE_TEMPERATURE': [10], 'h_NULL': [0.001], 'h_LR': [0.0001], 'z_RHO': [0], 'z_MU': [0]}
2022-08-17 BST 23:59:54,920 - INFO - After metrics={'train_loss': [16.11035740760065], 'val_loss': [117.2827657063802], 'size': [57], 'nshd_c': [2.8666666666666667], 'nshd': [2.8], 'tpr': [0.2631578947368421], 'tpr_c': [0.22807017543859648], 'change_adj_count': [32]}
2022-08-17 BST 23:59:54,937 - INFO - After to_save=   MAX_SIZE  LAMBDA  NOISE_TEMPERATURE  ...       tpr    tpr_c  change_adj_count
0        66      10                 10  ...  0.263158  0.22807                32

[1 rows x 16 columns]
2022-08-17 BST 23:59:54,937 - INFO - After file_path='../results/l_66_4hps.csv'
2022-08-17 BST 23:59:54,944 - INFO - Last epoch results saved in l_66_4hps.csv
2022-08-17 BST 23:59:54,945 - INFO - 

DAG 20: size_true=59	X.var()=201.6824
2022-08-17 BST 23:59:55,194 - INFO -  epoch=   1      train_loss= 186.5703      val_loss=  65.0413      best=1      size=  43      nSHD_c=   2.9667      nSHD=   2.9667      tpr_c=   0.1395      change_adj_count=5      
2022-08-18 BST 00:00:14,063 - INFO -  epoch= 100      train_loss= 101.1694      val_loss=3547.6162      best=1      size=  60      nSHD_c=   3.5667      nSHD=   3.5667      tpr_c=   0.1000      change_adj_count=34      
2022-08-18 BST 00:00:33,061 - INFO -  epoch= 200      train_loss=  96.5155      val_loss=3565.3749      best=1      size=  60      nSHD_c=   3.5333      nSHD=   3.5000      tpr_c=   0.1000      change_adj_count=42      
2022-08-18 BST 00:00:52,364 - INFO -  epoch= 300      train_loss=  96.0312      val_loss=3302.8959      best=1      size=  60      nSHD_c=   3.5333      nSHD=   3.5000      tpr_c=   0.1000      change_adj_count=43      
2022-08-18 BST 00:01:11,620 - INFO -  epoch= 400      train_loss=  92.3090      val_loss=2996.3107      best=1      size=  60      nSHD_c=   3.5333      nSHD=   3.5000      tpr_c=   0.1000      change_adj_count=49      
2022-08-18 BST 00:01:31,001 - INFO -  epoch= 500      train_loss=  93.4087      val_loss=2933.2560      best=1      size=  60      nSHD_c=   3.5333      nSHD=   3.5000      tpr_c=   0.1000      change_adj_count=49      
2022-08-18 BST 00:01:50,138 - INFO -  epoch= 600      train_loss=  89.3336      val_loss=2686.2071      best=1      size=  60      nSHD_c=   3.5333      nSHD=   3.5000      tpr_c=   0.1000      change_adj_count=49      
2022-08-18 BST 00:02:09,692 - INFO -  epoch= 700      train_loss=  87.5495      val_loss=2579.1200      best=1      size=  59      nSHD_c=   3.5000      nSHD=   3.4667      tpr_c=   0.1017      change_adj_count=53      
2022-08-18 BST 00:02:28,563 - INFO -  epoch= 800      train_loss=  86.4111      val_loss=2341.3381      best=1      size=  59      nSHD_c=   3.5000      nSHD=   3.4667      tpr_c=   0.1017      change_adj_count=64      
2022-08-18 BST 00:02:48,351 - INFO -  epoch= 900      train_loss=  84.5497      val_loss=2260.0739      best=1      size=  60      nSHD_c=   3.5333      nSHD=   3.5000      tpr_c=   0.1000      change_adj_count=80      
2022-08-18 BST 00:03:07,486 - INFO -  epoch=1000      train_loss=  83.8217      val_loss=2112.5047      best=1      size=  59      nSHD_c=   3.5000      nSHD=   3.4667      tpr_c=   0.1017      change_adj_count=84      
2022-08-18 BST 00:03:07,486 - INFO - Before params
2022-08-18 BST 00:03:07,487 - INFO - After params={'MAX_SIZE': [66], 'LAMBDA': [10], 'NOISE_TEMPERATURE': [10], 'h_NULL': [0.001], 'h_LR': [0.0001], 'z_RHO': [0], 'z_MU': [0]}
2022-08-18 BST 00:03:07,487 - INFO - After metrics={'train_loss': [83.82170560283046], 'val_loss': [2112.504679361979], 'size': [59], 'nshd_c': [3.5], 'nshd': [3.466666666666667], 'tpr': [0.11864406779661017], 'tpr_c': [0.1016949152542373], 'change_adj_count': [84]}
2022-08-18 BST 00:03:07,503 - INFO - After to_save=   MAX_SIZE  LAMBDA  NOISE_TEMPERATURE  ...       tpr     tpr_c  change_adj_count
0        66      10                 10  ...  0.118644  0.101695                84

[1 rows x 16 columns]
2022-08-18 BST 00:03:07,503 - INFO - After file_path='../results/l_66_4hps.csv'
2022-08-18 BST 00:03:07,505 - INFO - Last epoch results saved in l_66_4hps.csv
2022-08-18 BST 00:03:07,506 - INFO - 

DAG 21: size_true=57	X.var()=21.1204
2022-08-18 BST 00:03:07,794 - INFO -  epoch=   1      train_loss=  19.2234      val_loss=  13.2285      best=1      size=  52      nSHD_c=   3.1667      nSHD=   3.1667      tpr_c=   0.0769      change_adj_count=5      
2022-08-18 BST 00:03:25,894 - INFO -  epoch= 100      train_loss=  13.9930      val_loss= 153.6981      best=1      size=  54      nSHD_c=   2.9000      nSHD=   2.8667      tpr_c=   0.1852      change_adj_count=34      
2022-08-18 BST 00:03:44,721 - INFO -  epoch= 200      train_loss=  14.2449      val_loss= 147.0137      best=1      size=  54      nSHD_c=   2.9000      nSHD=   2.8667      tpr_c=   0.1852      change_adj_count=38      
2022-08-18 BST 00:04:02,878 - INFO -  epoch= 300      train_loss=  13.7703      val_loss= 134.8481      best=1      size=  54      nSHD_c=   2.9000      nSHD=   2.8667      tpr_c=   0.1852      change_adj_count=38      
2022-08-18 BST 00:04:22,218 - INFO -  epoch= 400      train_loss=  13.8323      val_loss= 143.5887      best=1      size=  54      nSHD_c=   2.9000      nSHD=   2.8667      tpr_c=   0.1852      change_adj_count=38      
2022-08-18 BST 00:04:40,618 - INFO -  epoch= 500      train_loss=  13.9398      val_loss= 129.3118      best=1      size=  54      nSHD_c=   2.9000      nSHD=   2.8667      tpr_c=   0.1852      change_adj_count=38      
2022-08-18 BST 00:04:59,896 - INFO -  epoch= 600      train_loss=  13.7132      val_loss= 128.4888      best=1      size=  54      nSHD_c=   2.9000      nSHD=   2.8667      tpr_c=   0.1852      change_adj_count=38      
2022-08-18 BST 00:05:18,472 - INFO -  epoch= 700      train_loss=  13.6650      val_loss= 133.2192      best=1      size=  54      nSHD_c=   2.9000      nSHD=   2.8667      tpr_c=   0.1852      change_adj_count=38      
2022-08-18 BST 00:05:37,524 - INFO -  epoch= 800      train_loss=  13.4653      val_loss= 128.3486      best=1      size=  53      nSHD_c=   2.8667      nSHD=   2.8333      tpr_c=   0.1887      change_adj_count=39      
2022-08-18 BST 00:05:55,866 - INFO -  epoch= 900      train_loss=  13.4624      val_loss= 124.3973      best=1      size=  53      nSHD_c=   2.8667      nSHD=   2.8333      tpr_c=   0.1887      change_adj_count=39      
2022-08-18 BST 00:06:14,353 - INFO -  epoch=1000      train_loss=  13.0714      val_loss= 121.1418      best=1      size=  53      nSHD_c=   2.8667      nSHD=   2.8333      tpr_c=   0.1887      change_adj_count=39      
2022-08-18 BST 00:06:14,353 - INFO - Before params
2022-08-18 BST 00:06:14,353 - INFO - After params={'MAX_SIZE': [66], 'LAMBDA': [10], 'NOISE_TEMPERATURE': [10], 'h_NULL': [0.001], 'h_LR': [0.0001], 'z_RHO': [0], 'z_MU': [0]}
2022-08-18 BST 00:06:14,353 - INFO - After metrics={'train_loss': [13.071414701400265], 'val_loss': [121.14178212483723], 'size': [53], 'nshd_c': [2.8666666666666667], 'nshd': [2.8333333333333335], 'tpr': [0.19298245614035087], 'tpr_c': [0.18867924528301888], 'change_adj_count': [39]}
2022-08-18 BST 00:06:14,370 - INFO - After to_save=   MAX_SIZE  LAMBDA  NOISE_TEMPERATURE  ...       tpr     tpr_c  change_adj_count
0        66      10                 10  ...  0.192982  0.188679                39

[1 rows x 16 columns]
2022-08-18 BST 00:06:14,370 - INFO - After file_path='../results/l_66_4hps.csv'
2022-08-18 BST 00:06:14,372 - INFO - Last epoch results saved in l_66_4hps.csv
2022-08-18 BST 00:06:14,372 - INFO - 

DAG 22: size_true=60	X.var()=129.8499
2022-08-18 BST 00:06:14,616 - INFO -  epoch=   1      train_loss= 117.1133      val_loss=  63.8458      best=1      size=  43      nSHD_c=   2.6333      nSHD=   2.6000      tpr_c=   0.2326      change_adj_count=5      
2022-08-18 BST 00:06:33,848 - INFO -  epoch= 100      train_loss=  68.4889      val_loss=2380.5217      best=1      size=  58      nSHD_c=   3.0333      nSHD=   3.0333      tpr_c=   0.2241      change_adj_count=29      
2022-08-18 BST 00:06:52,912 - INFO -  epoch= 200      train_loss=  70.8205      val_loss=2038.8270      best=1      size=  58      nSHD_c=   3.0333      nSHD=   3.0333      tpr_c=   0.2241      change_adj_count=34      
2022-08-18 BST 00:07:12,136 - INFO -  epoch= 300      train_loss=  65.9888      val_loss=2023.7089      best=1      size=  58      nSHD_c=   2.9667      nSHD=   2.9667      tpr_c=   0.2414      change_adj_count=38      
2022-08-18 BST 00:07:31,546 - INFO -  epoch= 400      train_loss=  68.4406      val_loss=1913.6384      best=1      size=  58      nSHD_c=   2.9667      nSHD=   2.9667      tpr_c=   0.2414      change_adj_count=38      
2022-08-18 BST 00:07:50,207 - INFO -  epoch= 500      train_loss=  64.6846      val_loss=1982.4695      best=1      size=  58      nSHD_c=   2.9667      nSHD=   2.9667      tpr_c=   0.2414      change_adj_count=38      
2022-08-18 BST 00:08:09,378 - INFO -  epoch= 600      train_loss=  64.1481      val_loss=1888.7001      best=1      size=  58      nSHD_c=   2.9667      nSHD=   2.9667      tpr_c=   0.2414      change_adj_count=38      
2022-08-18 BST 00:08:29,072 - INFO -  epoch= 700      train_loss=  63.7968      val_loss=1814.0898      best=1      size=  58      nSHD_c=   2.9667      nSHD=   2.9667      tpr_c=   0.2414      change_adj_count=38      
2022-08-18 BST 00:08:48,564 - INFO -  epoch= 800      train_loss=  61.3848      val_loss=1665.6384      best=1      size=  58      nSHD_c=   2.9667      nSHD=   2.9667      tpr_c=   0.2414      change_adj_count=38      
2022-08-18 BST 00:09:07,498 - INFO -  epoch= 900      train_loss=  61.0571      val_loss=1620.5414      best=1      size=  58      nSHD_c=   2.9667      nSHD=   2.9667      tpr_c=   0.2414      change_adj_count=38      
2022-08-18 BST 00:09:27,116 - INFO -  epoch=1000      train_loss=  59.6550      val_loss=1503.6915      best=1      size=  58      nSHD_c=   2.9667      nSHD=   2.9667      tpr_c=   0.2414      change_adj_count=39      
2022-08-18 BST 00:09:27,116 - INFO - Before params
2022-08-18 BST 00:09:27,116 - INFO - After params={'MAX_SIZE': [66], 'LAMBDA': [10], 'NOISE_TEMPERATURE': [10], 'h_NULL': [0.001], 'h_LR': [0.0001], 'z_RHO': [0], 'z_MU': [0]}
2022-08-18 BST 00:09:27,117 - INFO - After metrics={'train_loss': [59.65500677785566], 'val_loss': [1503.6915283203125], 'size': [58], 'nshd_c': [2.966666666666667], 'nshd': [2.966666666666667], 'tpr': [0.23333333333333334], 'tpr_c': [0.2413793103448276], 'change_adj_count': [39]}
2022-08-18 BST 00:09:27,134 - INFO - After to_save=   MAX_SIZE  LAMBDA  NOISE_TEMPERATURE  ...       tpr     tpr_c  change_adj_count
0        66      10                 10  ...  0.233333  0.241379                39

[1 rows x 16 columns]
2022-08-18 BST 00:09:27,134 - INFO - After file_path='../results/l_66_4hps.csv'
2022-08-18 BST 00:09:27,136 - INFO - Last epoch results saved in l_66_4hps.csv
2022-08-18 BST 00:09:27,137 - INFO - 

DAG 23: size_true=49	X.var()=14.1269
2022-08-18 BST 00:09:27,386 - INFO -  epoch=   1      train_loss=  13.4106      val_loss=  11.0498      best=1      size=  56      nSHD_c=   2.6667      nSHD=   2.5000      tpr_c=   0.1250      change_adj_count=5      
2022-08-18 BST 00:09:27,624 - INFO -  epoch=   2      train_loss=  12.5684      val_loss=   8.0482      best=1      size=  49      nSHD_c=   2.2667      nSHD=   2.2333      tpr_c=   0.2041      change_adj_count=6      
2022-08-18 BST 00:09:46,523 - INFO -  epoch= 100      train_loss=  10.7536      val_loss=  68.3958      best=1      size=  51      nSHD_c=   1.9667      nSHD=   1.8667      tpr_c=   0.3725      change_adj_count=57      
2022-08-18 BST 00:10:05,121 - INFO -  epoch= 200      train_loss=  10.9035      val_loss=  62.6384      best=1      size=  49      nSHD_c=   1.9667      nSHD=   1.8667      tpr_c=   0.3673      change_adj_count=59      
2022-08-18 BST 00:10:24,200 - INFO -  epoch= 300      train_loss=  10.5917      val_loss=  60.9916      best=1      size=  49      nSHD_c=   1.9667      nSHD=   1.8667      tpr_c=   0.3673      change_adj_count=59      
2022-08-18 BST 00:10:43,717 - INFO -  epoch= 400      train_loss=  10.3073      val_loss=  60.6111      best=1      size=  50      nSHD_c=   1.9333      nSHD=   1.8333      tpr_c=   0.3800      change_adj_count=62      
2022-08-18 BST 00:11:02,878 - INFO -  epoch= 500      train_loss=  10.5409      val_loss=  60.5903      best=1      size=  50      nSHD_c=   1.9333      nSHD=   1.8333      tpr_c=   0.3800      change_adj_count=62      
2022-08-18 BST 00:11:21,719 - INFO -  epoch= 600      train_loss=  10.5343      val_loss=  56.1051      best=1      size=  50      nSHD_c=   1.9333      nSHD=   1.8333      tpr_c=   0.3800      change_adj_count=62      
2022-08-18 BST 00:11:40,572 - INFO -  epoch= 700      train_loss=  10.2066      val_loss=  57.2811      best=1      size=  50      nSHD_c=   1.9333      nSHD=   1.8333      tpr_c=   0.3800      change_adj_count=62      
2022-08-18 BST 00:11:59,274 - INFO -  epoch= 800      train_loss=  10.4907      val_loss=  58.3327      best=1      size=  50      nSHD_c=   1.9333      nSHD=   1.8333      tpr_c=   0.3800      change_adj_count=62      
2022-08-18 BST 00:12:18,071 - INFO -  epoch= 900      train_loss=  10.3090      val_loss=  55.5223      best=1      size=  50      nSHD_c=   1.9333      nSHD=   1.8333      tpr_c=   0.3800      change_adj_count=62      
2022-08-18 BST 00:12:36,865 - INFO -  epoch=1000      train_loss=  10.1929      val_loss=  52.5165      best=1      size=  50      nSHD_c=   1.9333      nSHD=   1.8333      tpr_c=   0.3800      change_adj_count=62      
2022-08-18 BST 00:12:36,865 - INFO - Before params
2022-08-18 BST 00:12:36,866 - INFO - After params={'MAX_SIZE': [66], 'LAMBDA': [10], 'NOISE_TEMPERATURE': [10], 'h_NULL': [0.001], 'h_LR': [0.0001], 'z_RHO': [0], 'z_MU': [0]}
2022-08-18 BST 00:12:36,866 - INFO - After metrics={'train_loss': [10.192896227682791], 'val_loss': [52.5164597829183], 'size': [50], 'nshd_c': [1.9333333333333333], 'nshd': [1.8333333333333333], 'tpr': [0.4489795918367347], 'tpr_c': [0.38], 'change_adj_count': [62]}
2022-08-18 BST 00:12:36,886 - INFO - After to_save=   MAX_SIZE  LAMBDA  NOISE_TEMPERATURE  ...      tpr  tpr_c  change_adj_count
0        66      10                 10  ...  0.44898   0.38                62

[1 rows x 16 columns]
2022-08-18 BST 00:12:36,886 - INFO - After file_path='../results/l_66_4hps.csv'
2022-08-18 BST 00:12:36,889 - INFO - Last epoch results saved in l_66_4hps.csv
2022-08-18 BST 00:12:36,889 - INFO - 
last_mean_nshd_c=2.8292
2022-08-18 BST 00:12:36,889 - INFO - 
Time taken 1:16:01 (h:mm:ss)
2022-08-18 BST 00:12:36,890 - INFO - 
End of log for run 2022-08-17_BST_22:56:35,985_l_66_4hps_225
