2022-08-17 BST 21:23:26,019 - INFO - 
Log for run 2022-08-17_BST_21:23:25,971_l_66_4hps_201

2022-08-17 BST 21:23:26,020 - INFO - COMMENT = ''
2022-08-17 BST 21:23:26,020 - INFO - DATA_FOLDER = '../data'
2022-08-17 BST 21:23:26,020 - INFO - LATENTS_FOLDER = '../latents'
2022-08-17 BST 21:23:26,020 - INFO - LOGS_FOLDER = '../logs'
2022-08-17 BST 21:23:26,020 - INFO - MODEL_FOLDER = '../models'
2022-08-17 BST 21:23:26,020 - INFO - RESULTS_FOLDER = '../results'
2022-08-17 BST 21:23:26,020 - INFO - DEVICE = torch.device("cuda" if torch.cuda.is_available() else "cpu")  # Used: "cuda"
2022-08-17 BST 21:23:26,020 - INFO - LATENTS = False
2022-08-17 BST 21:23:26,020 - INFO - MATRIX_REPORT = False
2022-08-17 BST 21:23:26,020 - INFO - LABEL = True
2022-08-17 BST 21:23:26,020 - INFO - SAVE_TO_ODS = False
2022-08-17 BST 21:23:26,020 - INFO - VAL_LOSS_FROM_DAG = True
2022-08-17 BST 21:23:26,020 - INFO - WANDB = False
2022-08-17 BST 21:23:26,020 - INFO - WANDB_PROJECT = 'Thetas'
2022-08-17 BST 21:23:26,021 - INFO - GRAD_LOG = False
2022-08-17 BST 21:23:26,021 - INFO - N_TRIALS = 1
2022-08-17 BST 21:23:26,021 - INFO - OPTUNA_STRINGS = {'None': None, 'True': True, 'False': False}
2022-08-17 BST 21:23:26,021 - INFO - TQDM = False
2022-08-17 BST 21:23:26,021 - INFO - 
hyperparameters = {
2022-08-17 BST 21:23:26,021 - INFO - 	'GRAPH_TYPE': 'ER2',
2022-08-17 BST 21:23:26,021 - INFO - 	'D': 30,
2022-08-17 BST 21:23:26,021 - INFO - 	'MAX_SIZE': 66,
2022-08-17 BST 21:23:26,021 - INFO - 	'SEM_NOISE': 'gaussian_ev',
2022-08-17 BST 21:23:26,021 - INFO - 	'N': 1200,
2022-08-17 BST 21:23:26,021 - INFO - 	'VAL': 0.16666666666666666,
2022-08-17 BST 21:23:26,021 - INFO - 	'N_EPOCHS': 1000,
2022-08-17 BST 21:23:26,021 - INFO - 	'BATCH_SIZE': 32,
2022-08-17 BST 21:23:26,021 - INFO - 	'LOG2_BATCH_SIZE': None,
2022-08-17 BST 21:23:26,021 - INFO - 	'BATCH_SHUFFLE': True,
2022-08-17 BST 21:23:26,021 - INFO - 	'N_SAMPLES': 10,
2022-08-17 BST 21:23:26,021 - INFO - 	'MODE': 'max_dag_test_only',
2022-08-17 BST 21:23:26,021 - INFO - 	'AFAS_SCHEDULER': None,
2022-08-17 BST 21:23:26,021 - INFO - 	'MINIZINC_SOLVER': None,
2022-08-17 BST 21:23:26,021 - INFO - 	'f_LINEAR_LAYERS': (),
2022-08-17 BST 21:23:26,021 - INFO - 	'f_BIAS': False,
2022-08-17 BST 21:23:26,021 - INFO - 	'p_LAYER': None,
2022-08-17 BST 21:23:26,021 - INFO - 	'STREAMLINE': False,
2022-08-17 BST 21:23:26,021 - INFO - 	'THRESHOLD': 0.0,
2022-08-17 BST 21:23:26,022 - INFO - 	'h_LINEAR_LAYERS': (),
2022-08-17 BST 21:23:26,022 - INFO - 	'h_NULL': 0,
2022-08-17 BST 21:23:26,022 - INFO - 	'h_LR': 0.0001,
2022-08-17 BST 21:23:26,022 - INFO - 	'h_OPTIMIZER': 'torch.optim.Adam(overall_net.h_net.parameters(), lr=h.h_LR)',
2022-08-17 BST 21:23:26,022 - INFO - 	'f_LR': 0.0117744218586073,
2022-08-17 BST 21:23:26,022 - INFO - 	'f_OPTIMIZER': 'torch.optim.Adam(overall_net.f_net.parameters(), lr=h.f_LR)',
2022-08-17 BST 21:23:26,022 - INFO - 	'NOISE_TEMPERATURE': 1,
2022-08-17 BST 21:23:26,022 - INFO - 	'NOISE_DISTRIBUTION': 'LogisticNoiseDistribution()',
2022-08-17 BST 21:23:26,022 - INFO - 	'LAMBDA': 10,
2022-08-17 BST 21:23:26,022 - INFO - 	'LOSS_FN': 'torch.nn.MSELoss()',
2022-08-17 BST 21:23:26,022 - INFO - 	'REGULARIZER': None,
2022-08-17 BST 21:23:26,022 - INFO - 	'z_RHO': 0,
2022-08-17 BST 21:23:26,022 - INFO - 	'z_MU': 0,
2022-08-17 BST 21:23:26,022 - INFO - 	'z_REGULARIZER': 'NoTearsZRegularizer(h.D, h.z_RHO, h.z_MU, c.DEVICE)',
2022-08-17 BST 21:23:26,022 - INFO - 	'LR_SCHEDULER': None,
2022-08-17 BST 21:23:26,022 - INFO - 	'DATA_CATEGORY': 'test',
2022-08-17 BST 21:23:26,022 - INFO - 	'DAGS': '030_ER2_gaussian_ev_2022-08-12_BST_09:55:21,293_create_dags'
2022-08-17 BST 21:23:26,022 - INFO - }

2022-08-17 BST 21:23:28,344 - INFO - 

DAG 0: size_true=69	X.var()=185.8479
2022-08-17 BST 21:23:31,568 - INFO -  epoch=   1      train_loss= 175.0356      val_loss=  77.4134      best=1      size=  42      nSHD_c=   2.8333      nSHD=   2.8333      tpr_c=   0.2381      change_adj_count=5      
2022-08-17 BST 21:23:51,788 - INFO -  epoch= 100      train_loss=  86.0102      val_loss=2145.5677      best=1      size=  60      nSHD_c=   2.9667      nSHD=   2.9667      tpr_c=   0.3333      change_adj_count=35      
2022-08-17 BST 21:24:11,227 - INFO -  epoch= 200      train_loss=  72.8495      val_loss=1266.8036      best=1      size=  60      nSHD_c=   2.9667      nSHD=   2.9667      tpr_c=   0.3333      change_adj_count=35      
2022-08-17 BST 21:24:32,564 - INFO -  epoch= 300      train_loss=  62.6329      val_loss= 675.2036      best=1      size=  57      nSHD_c=   2.9000      nSHD=   2.8667      tpr_c=   0.3333      change_adj_count=46      
2022-08-17 BST 21:24:52,502 - INFO -  epoch= 400      train_loss=  51.1709      val_loss= 449.0176      best=1      size=  57      nSHD_c=   2.8000      nSHD=   2.8000      tpr_c=   0.3684      change_adj_count=49      
2022-08-17 BST 21:25:11,147 - INFO -  epoch= 500      train_loss=  44.8217      val_loss= 300.2693      best=1      size=  57      nSHD_c=   2.8000      nSHD=   2.8000      tpr_c=   0.3684      change_adj_count=49      
2022-08-17 BST 21:25:31,238 - INFO -  epoch= 600      train_loss=  38.0857      val_loss= 201.0277      best=1      size=  56      nSHD_c=   2.7667      nSHD=   2.7667      tpr_c=   0.3750      change_adj_count=51      
2022-08-17 BST 21:25:51,699 - INFO -  epoch= 700      train_loss=  34.2364      val_loss= 135.2161      best=1      size=  56      nSHD_c=   2.7667      nSHD=   2.7667      tpr_c=   0.3750      change_adj_count=52      
2022-08-17 BST 21:26:11,925 - INFO -  epoch= 800      train_loss=  30.3502      val_loss= 113.4873      best=1      size=  56      nSHD_c=   2.7667      nSHD=   2.7667      tpr_c=   0.3750      change_adj_count=57      
2022-08-17 BST 21:26:33,451 - INFO -  epoch= 900      train_loss=  28.4341      val_loss=  82.3141      best=1      size=  56      nSHD_c=   2.7667      nSHD=   2.7667      tpr_c=   0.3750      change_adj_count=58      
2022-08-17 BST 21:26:54,612 - INFO -  epoch=1000      train_loss=  27.5770      val_loss=  78.6821      best=1      size=  56      nSHD_c=   2.7667      nSHD=   2.7667      tpr_c=   0.3750      change_adj_count=58      
2022-08-17 BST 21:26:54,612 - INFO - Before params
2022-08-17 BST 21:26:54,612 - INFO - After params={'MAX_SIZE': [66], 'LAMBDA': [10], 'NOISE_TEMPERATURE': [1], 'h_NULL': [0], 'h_LR': [0.0001], 'z_RHO': [0], 'z_MU': [0]}
2022-08-17 BST 21:26:54,613 - INFO - After metrics={'train_loss': [27.577019752994662], 'val_loss': [78.68206151326497], 'size': [56], 'nshd_c': [2.7666666666666666], 'nshd': [2.7666666666666666], 'tpr': [0.30434782608695654], 'tpr_c': [0.375], 'change_adj_count': [58]}
2022-08-17 BST 21:26:54,654 - INFO - After to_save=   MAX_SIZE  LAMBDA  NOISE_TEMPERATURE  ...       tpr  tpr_c  change_adj_count
0        66      10                  1  ...  0.304348  0.375                58

[1 rows x 16 columns]
2022-08-17 BST 21:26:54,654 - INFO - After file_path='../results/l_66_4hps.csv'
2022-08-17 BST 21:26:54,668 - INFO - Last epoch results saved in l_66_4hps.csv
2022-08-17 BST 21:26:54,669 - INFO - 

DAG 1: size_true=67	X.var()=127.1156
2022-08-17 BST 21:26:54,965 - INFO -  epoch=   1      train_loss= 116.6169      val_loss=  47.1302      best=1      size=  41      nSHD_c=   3.0667      nSHD=   3.0667      tpr_c=   0.1463      change_adj_count=5      
2022-08-17 BST 21:27:13,732 - INFO -  epoch= 100      train_loss=  52.4641      val_loss=2131.7614      best=1      size=  60      nSHD_c=   3.5333      nSHD=   3.5000      tpr_c=   0.1667      change_adj_count=23      
2022-08-17 BST 21:27:34,618 - INFO -  epoch= 200      train_loss=  42.7773      val_loss=1301.3109      best=1      size=  60      nSHD_c=   3.5667      nSHD=   3.5667      tpr_c=   0.1667      change_adj_count=28      
2022-08-17 BST 21:27:56,653 - INFO -  epoch= 300      train_loss=  35.2939      val_loss= 797.9269      best=1      size=  60      nSHD_c=   3.5667      nSHD=   3.5667      tpr_c=   0.1667      change_adj_count=28      
2022-08-17 BST 21:28:18,105 - INFO -  epoch= 400      train_loss=  32.9336      val_loss= 498.8513      best=1      size=  60      nSHD_c=   3.5667      nSHD=   3.5667      tpr_c=   0.1667      change_adj_count=28      
2022-08-17 BST 21:28:39,896 - INFO -  epoch= 500      train_loss=  28.3418      val_loss= 316.0176      best=1      size=  60      nSHD_c=   3.5667      nSHD=   3.5667      tpr_c=   0.1667      change_adj_count=29      
2022-08-17 BST 21:29:01,495 - INFO -  epoch= 600      train_loss=  25.8623      val_loss= 218.1695      best=1      size=  60      nSHD_c=   3.5667      nSHD=   3.5667      tpr_c=   0.1667      change_adj_count=29      
2022-08-17 BST 21:29:23,384 - INFO -  epoch= 700      train_loss=  23.3973      val_loss= 163.2491      best=1      size=  60      nSHD_c=   3.5333      nSHD=   3.5000      tpr_c=   0.1667      change_adj_count=32      
2022-08-17 BST 21:29:45,390 - INFO -  epoch= 800      train_loss=  21.5796      val_loss= 123.0034      best=1      size=  59      nSHD_c=   3.5000      nSHD=   3.4667      tpr_c=   0.1695      change_adj_count=34      
2022-08-17 BST 21:30:06,543 - INFO -  epoch= 900      train_loss=  19.7917      val_loss=  96.0606      best=1      size=  59      nSHD_c=   3.4667      nSHD=   3.4000      tpr_c=   0.1695      change_adj_count=35      
2022-08-17 BST 21:30:27,344 - INFO -  epoch=1000      train_loss=  18.8144      val_loss=  76.7372      best=1      size=  59      nSHD_c=   3.4667      nSHD=   3.4000      tpr_c=   0.1695      change_adj_count=37      
2022-08-17 BST 21:30:27,345 - INFO - Before params
2022-08-17 BST 21:30:27,345 - INFO - After params={'MAX_SIZE': [66], 'LAMBDA': [10], 'NOISE_TEMPERATURE': [1], 'h_NULL': [0], 'h_LR': [0.0001], 'z_RHO': [0], 'z_MU': [0]}
2022-08-17 BST 21:30:27,345 - INFO - After metrics={'train_loss': [18.81441371671615], 'val_loss': [76.73715209960938], 'size': [59], 'nshd_c': [3.466666666666667], 'nshd': [3.4], 'tpr': [0.1791044776119403], 'tpr_c': [0.1694915254237288], 'change_adj_count': [37]}
2022-08-17 BST 21:30:27,363 - INFO - After to_save=   MAX_SIZE  LAMBDA  NOISE_TEMPERATURE  ...       tpr     tpr_c  change_adj_count
0        66      10                  1  ...  0.179104  0.169492                37

[1 rows x 16 columns]
2022-08-17 BST 21:30:27,363 - INFO - After file_path='../results/l_66_4hps.csv'
2022-08-17 BST 21:30:27,366 - INFO - Last epoch results saved in l_66_4hps.csv
2022-08-17 BST 21:30:27,367 - INFO - 

DAG 2: size_true=64	X.var()=25.7432
2022-08-17 BST 21:30:27,622 - INFO -  epoch=   1      train_loss=  24.2681      val_loss=  15.4730      best=1      size=  43      nSHD_c=   2.8000      nSHD=   2.7667      tpr_c=   0.2326      change_adj_count=5      
2022-08-17 BST 21:30:27,880 - INFO -  epoch=   2      train_loss=  22.3720      val_loss=  11.3585      best=1      size=  46      nSHD_c=   2.6667      nSHD=   2.6667      tpr_c=   0.2826      change_adj_count=6      
2022-08-17 BST 21:30:49,322 - INFO -  epoch= 100      train_loss=  18.2705      val_loss=  70.9607      best=1      size=  57      nSHD_c=   2.7667      nSHD=   2.6333      tpr_c=   0.2982      change_adj_count=33      
2022-08-17 BST 21:31:09,229 - INFO -  epoch= 200      train_loss=  16.8715      val_loss=  55.8313      best=1      size=  56      nSHD_c=   2.7333      nSHD=   2.6000      tpr_c=   0.3036      change_adj_count=40      
2022-08-17 BST 21:31:29,664 - INFO -  epoch= 300      train_loss=  15.4102      val_loss=  44.5983      best=1      size=  56      nSHD_c=   2.6667      nSHD=   2.5333      tpr_c=   0.3214      change_adj_count=41      
2022-08-17 BST 21:31:51,311 - INFO -  epoch= 400      train_loss=  14.4863      val_loss=  34.7647      best=1      size=  56      nSHD_c=   2.6667      nSHD=   2.5333      tpr_c=   0.3214      change_adj_count=42      
2022-08-17 BST 21:32:13,348 - INFO -  epoch= 500      train_loss=  13.0625      val_loss=  28.4954      best=1      size=  56      nSHD_c=   2.6667      nSHD=   2.5333      tpr_c=   0.3214      change_adj_count=53      
2022-08-17 BST 21:32:35,323 - INFO -  epoch= 600      train_loss=  12.2437      val_loss=  20.6001      best=1      size=  56      nSHD_c=   2.6000      nSHD=   2.4667      tpr_c=   0.3393      change_adj_count=60      
2022-08-17 BST 21:32:57,044 - INFO -  epoch= 700      train_loss=  11.2549      val_loss=  17.0463      best=1      size=  55      nSHD_c=   2.5667      nSHD=   2.4333      tpr_c=   0.3455      change_adj_count=62      
2022-08-17 BST 21:33:17,470 - INFO -  epoch= 800      train_loss=  10.6289      val_loss=  13.6525      best=1      size=  55      nSHD_c=   2.5333      nSHD=   2.4333      tpr_c=   0.3636      change_adj_count=63      
2022-08-17 BST 21:33:38,015 - INFO -  epoch= 900      train_loss=   9.8586      val_loss=  10.8805      best=1      size=  55      nSHD_c=   2.5333      nSHD=   2.4333      tpr_c=   0.3636      change_adj_count=63      
2022-08-17 BST 21:33:58,119 - INFO -  epoch=1000      train_loss=   8.9767      val_loss=  10.3254      best=1      size=  54      nSHD_c=   2.4000      nSHD=   2.3333      tpr_c=   0.4074      change_adj_count=67      
2022-08-17 BST 21:33:58,119 - INFO - Before params
2022-08-17 BST 21:33:58,120 - INFO - After params={'MAX_SIZE': [66], 'LAMBDA': [10], 'NOISE_TEMPERATURE': [1], 'h_NULL': [0], 'h_LR': [0.0001], 'z_RHO': [0], 'z_MU': [0]}
2022-08-17 BST 21:33:58,120 - INFO - After metrics={'train_loss': [8.97667000370641], 'val_loss': [10.325425942738852], 'size': [54], 'nshd_c': [2.4], 'nshd': [2.3333333333333335], 'tpr': [0.375], 'tpr_c': [0.4074074074074074], 'change_adj_count': [67]}
2022-08-17 BST 21:33:58,137 - INFO - After to_save=   MAX_SIZE  LAMBDA  NOISE_TEMPERATURE  ...    tpr     tpr_c  change_adj_count
0        66      10                  1  ...  0.375  0.407407                67

[1 rows x 16 columns]
2022-08-17 BST 21:33:58,137 - INFO - After file_path='../results/l_66_4hps.csv'
2022-08-17 BST 21:33:58,141 - INFO - Last epoch results saved in l_66_4hps.csv
2022-08-17 BST 21:33:58,142 - INFO - 

DAG 3: size_true=63	X.var()=265.9248
2022-08-17 BST 21:33:58,431 - INFO -  epoch=   1      train_loss= 222.9772      val_loss= 167.9959      best=1      size=  40      nSHD_c=   3.0667      nSHD=   3.0333      tpr_c=   0.0750      change_adj_count=5      
2022-08-17 BST 21:34:19,605 - INFO -  epoch= 100      train_loss= 108.0227      val_loss=3021.8714      best=1      size=  60      nSHD_c=   3.5000      nSHD=   3.5000      tpr_c=   0.1333      change_adj_count=39      
2022-08-17 BST 21:34:39,822 - INFO -  epoch= 200      train_loss=  91.8233      val_loss=2012.7315      best=1      size=  58      nSHD_c=   3.4333      nSHD=   3.4333      tpr_c=   0.1379      change_adj_count=65      
2022-08-17 BST 21:35:00,783 - INFO -  epoch= 300      train_loss=  77.0091      val_loss=1129.4884      best=1      size=  56      nSHD_c=   3.3333      nSHD=   3.3000      tpr_c=   0.1429      change_adj_count=78      
2022-08-17 BST 21:35:21,586 - INFO -  epoch= 400      train_loss=  66.2905      val_loss= 764.2780      best=1      size=  53      nSHD_c=   3.1333      nSHD=   3.1333      tpr_c=   0.1887      change_adj_count=96      
2022-08-17 BST 21:35:42,879 - INFO -  epoch= 500      train_loss=  58.8110      val_loss= 496.7638      best=1      size=  53      nSHD_c=   3.1333      nSHD=   3.1333      tpr_c=   0.1887      change_adj_count=119      
2022-08-17 BST 21:36:03,441 - INFO -  epoch= 600      train_loss=  51.5392      val_loss= 407.0460      best=1      size=  53      nSHD_c=   3.1333      nSHD=   3.1333      tpr_c=   0.1887      change_adj_count=128      
2022-08-17 BST 21:36:24,019 - INFO -  epoch= 700      train_loss=  46.8053      val_loss= 253.7040      best=1      size=  52      nSHD_c=   3.1000      nSHD=   3.1000      tpr_c=   0.1923      change_adj_count=136      
2022-08-17 BST 21:36:44,866 - INFO -  epoch= 800      train_loss=  43.7056      val_loss= 230.6775      best=1      size=  51      nSHD_c=   3.0667      nSHD=   3.0667      tpr_c=   0.1961      change_adj_count=138      
2022-08-17 BST 21:37:04,961 - INFO -  epoch= 900      train_loss=  42.4597      val_loss= 182.4972      best=1      size=  51      nSHD_c=   3.0667      nSHD=   3.0667      tpr_c=   0.1961      change_adj_count=140      
2022-08-17 BST 21:37:24,470 - INFO -  epoch=1000      train_loss=  39.2972      val_loss= 152.3086      best=1      size=  50      nSHD_c=   3.0667      nSHD=   3.0667      tpr_c=   0.1800      change_adj_count=142      
2022-08-17 BST 21:37:24,471 - INFO - Before params
2022-08-17 BST 21:37:24,471 - INFO - After params={'MAX_SIZE': [66], 'LAMBDA': [10], 'NOISE_TEMPERATURE': [1], 'h_NULL': [0], 'h_LR': [0.0001], 'z_RHO': [0], 'z_MU': [0]}
2022-08-17 BST 21:37:24,471 - INFO - After metrics={'train_loss': [39.297239734280495], 'val_loss': [152.30859375], 'size': [50], 'nshd_c': [3.066666666666667], 'nshd': [3.066666666666667], 'tpr': [0.14285714285714285], 'tpr_c': [0.18], 'change_adj_count': [142]}
2022-08-17 BST 21:37:24,492 - INFO - After to_save=   MAX_SIZE  LAMBDA  NOISE_TEMPERATURE  ...       tpr  tpr_c  change_adj_count
0        66      10                  1  ...  0.142857   0.18               142

[1 rows x 16 columns]
2022-08-17 BST 21:37:24,492 - INFO - After file_path='../results/l_66_4hps.csv'
2022-08-17 BST 21:37:24,494 - INFO - Last epoch results saved in l_66_4hps.csv
2022-08-17 BST 21:37:24,495 - INFO - 

DAG 4: size_true=48	X.var()=47.3993
2022-08-17 BST 21:37:24,776 - INFO -  epoch=   1      train_loss=  44.2273      val_loss=  22.0274      best=1      size=  40      nSHD_c=   2.3333      nSHD=   2.3333      tpr_c=   0.1750      change_adj_count=5      
2022-08-17 BST 21:37:42,293 - INFO -  epoch= 100      train_loss=  29.0976      val_loss= 366.7011      best=1      size=  59      nSHD_c=   2.5333      nSHD=   2.5000      tpr_c=   0.2542      change_adj_count=27      
2022-08-17 BST 21:38:00,897 - INFO -  epoch= 200      train_loss=  25.0764      val_loss= 233.8062      best=1      size=  58      nSHD_c=   2.5333      nSHD=   2.5333      tpr_c=   0.2586      change_adj_count=33      
2022-08-17 BST 21:38:18,890 - INFO -  epoch= 300      train_loss=  22.4083      val_loss= 167.0852      best=1      size=  57      nSHD_c=   2.5000      nSHD=   2.5000      tpr_c=   0.2632      change_adj_count=39      
2022-08-17 BST 21:38:36,121 - INFO -  epoch= 400      train_loss=  19.6677      val_loss= 111.0305      best=1      size=  57      nSHD_c=   2.5000      nSHD=   2.5000      tpr_c=   0.2632      change_adj_count=39      
2022-08-17 BST 21:38:52,909 - INFO -  epoch= 500      train_loss=  17.4037      val_loss=  79.2264      best=1      size=  56      nSHD_c=   2.5000      nSHD=   2.4667      tpr_c=   0.2500      change_adj_count=42      
2022-08-17 BST 21:39:09,830 - INFO -  epoch= 600      train_loss=  16.3550      val_loss=  54.1901      best=1      size=  55      nSHD_c=   2.4333      nSHD=   2.4333      tpr_c=   0.2727      change_adj_count=46      
2022-08-17 BST 21:39:26,706 - INFO -  epoch= 700      train_loss=  14.9416      val_loss=  43.7114      best=1      size=  55      nSHD_c=   2.4000      nSHD=   2.3667      tpr_c=   0.2727      change_adj_count=48      
2022-08-17 BST 21:39:44,276 - INFO -  epoch= 800      train_loss=  13.5187      val_loss=  27.7670      best=1      size=  55      nSHD_c=   2.3333      nSHD=   2.3000      tpr_c=   0.2909      change_adj_count=50      
2022-08-17 BST 21:40:02,075 - INFO -  epoch= 900      train_loss=  12.4668      val_loss=  22.6857      best=1      size=  53      nSHD_c=   2.2667      nSHD=   2.2333      tpr_c=   0.3019      change_adj_count=52      
2022-08-17 BST 21:40:20,998 - INFO -  epoch=1000      train_loss=  11.7487      val_loss=  17.3412      best=1      size=  52      nSHD_c=   2.2000      nSHD=   2.2000      tpr_c=   0.3269      change_adj_count=55      
2022-08-17 BST 21:40:20,998 - INFO - Before params
2022-08-17 BST 21:40:20,998 - INFO - After params={'MAX_SIZE': [66], 'LAMBDA': [10], 'NOISE_TEMPERATURE': [1], 'h_NULL': [0], 'h_LR': [0.0001], 'z_RHO': [0], 'z_MU': [0]}
2022-08-17 BST 21:40:20,998 - INFO - After metrics={'train_loss': [11.748725491185342], 'val_loss': [17.34117031097412], 'size': [52], 'nshd_c': [2.2], 'nshd': [2.2], 'tpr': [0.3541666666666667], 'tpr_c': [0.3269230769230769], 'change_adj_count': [55]}
2022-08-17 BST 21:40:21,015 - INFO - After to_save=   MAX_SIZE  LAMBDA  NOISE_TEMPERATURE  ...       tpr     tpr_c  change_adj_count
0        66      10                  1  ...  0.354167  0.326923                55

[1 rows x 16 columns]
2022-08-17 BST 21:40:21,015 - INFO - After file_path='../results/l_66_4hps.csv'
2022-08-17 BST 21:40:21,018 - INFO - Last epoch results saved in l_66_4hps.csv
2022-08-17 BST 21:40:21,018 - INFO - 

DAG 5: size_true=57	X.var()=54.7286
2022-08-17 BST 21:40:21,316 - INFO -  epoch=   1      train_loss=  53.7722      val_loss=  28.5065      best=1      size=  40      nSHD_c=   2.8000      nSHD=   2.7667      tpr_c=   0.1000      change_adj_count=5      
2022-08-17 BST 21:40:38,892 - INFO -  epoch= 100      train_loss=  33.9241      val_loss= 331.2034      best=1      size=  54      nSHD_c=   2.8000      nSHD=   2.7333      tpr_c=   0.2222      change_adj_count=38      
2022-08-17 BST 21:40:57,171 - INFO -  epoch= 200      train_loss=  30.5925      val_loss= 222.8282      best=1      size=  53      nSHD_c=   2.7667      nSHD=   2.7000      tpr_c=   0.2264      change_adj_count=55      
2022-08-17 BST 21:41:15,987 - INFO -  epoch= 300      train_loss=  27.6020      val_loss= 165.0761      best=1      size=  52      nSHD_c=   2.7333      nSHD=   2.6667      tpr_c=   0.2308      change_adj_count=64      
2022-08-17 BST 21:41:34,605 - INFO -  epoch= 400      train_loss=  23.2931      val_loss= 105.9555      best=1      size=  52      nSHD_c=   2.7333      nSHD=   2.6667      tpr_c=   0.2308      change_adj_count=64      
2022-08-17 BST 21:41:53,166 - INFO -  epoch= 500      train_loss=  20.7014      val_loss=  63.4144      best=1      size=  54      nSHD_c=   2.7333      nSHD=   2.6667      tpr_c=   0.2407      change_adj_count=67      
2022-08-17 BST 21:42:11,293 - INFO -  epoch= 600      train_loss=  17.6397      val_loss=  48.4755      best=1      size=  55      nSHD_c=   2.7333      nSHD=   2.6333      tpr_c=   0.2364      change_adj_count=68      
2022-08-17 BST 21:42:30,883 - INFO -  epoch= 700      train_loss=  16.2817      val_loss=  36.4206      best=1      size=  54      nSHD_c=   2.7000      nSHD=   2.6000      tpr_c=   0.2407      change_adj_count=70      
2022-08-17 BST 21:42:50,882 - INFO -  epoch= 800      train_loss=  14.5238      val_loss=  26.1219      best=1      size=  54      nSHD_c=   2.7000      nSHD=   2.6000      tpr_c=   0.2407      change_adj_count=74      
2022-08-17 BST 21:43:03,149 - INFO -  epoch= 865      train_loss=  13.4856      val_loss=  21.8637      best=1      size=  53      nSHD_c=   2.6667      nSHD=   2.5667      tpr_c=   0.2453      change_adj_count=75      
2022-08-17 BST 21:43:05,471 - INFO -  epoch= 877      train_loss=  13.1586      val_loss=  20.7590      best=1      size=  53      nSHD_c=   2.6667      nSHD=   2.5667      tpr_c=   0.2453      change_adj_count=75      
2022-08-17 BST 21:43:09,861 - INFO -  epoch= 900      train_loss=  13.4019      val_loss=  21.0219      best=1      size=  53      nSHD_c=   2.6667      nSHD=   2.5667      tpr_c=   0.2453      change_adj_count=75      
2022-08-17 BST 21:43:12,948 - INFO -  epoch= 915      train_loss=  13.0526      val_loss=  18.7159      best=1      size=  53      nSHD_c=   2.6667      nSHD=   2.5667      tpr_c=   0.2453      change_adj_count=75      
2022-08-17 BST 21:43:13,755 - INFO -  epoch= 919      train_loss=  12.7259      val_loss=  19.0860      best=1      size=  53      nSHD_c=   2.6667      nSHD=   2.5667      tpr_c=   0.2453      change_adj_count=75      
2022-08-17 BST 21:43:15,714 - INFO -  epoch= 928      train_loss=  12.4936      val_loss=  18.9839      best=1      size=  53      nSHD_c=   2.6667      nSHD=   2.5667      tpr_c=   0.2453      change_adj_count=75      
2022-08-17 BST 21:43:18,798 - INFO -  epoch= 944      train_loss=  12.7320      val_loss=  18.5062      best=1      size=  53      nSHD_c=   2.6667      nSHD=   2.5667      tpr_c=   0.2453      change_adj_count=75      
2022-08-17 BST 21:43:19,808 - INFO -  epoch= 949      train_loss=  12.6179      val_loss=  18.8347      best=1      size=  54      nSHD_c=   2.7000      nSHD=   2.5333      tpr_c=   0.2222      change_adj_count=76      
2022-08-17 BST 21:43:20,276 - INFO -  epoch= 951      train_loss=  12.6912      val_loss=  17.8435      best=1      size=  54      nSHD_c=   2.7000      nSHD=   2.5333      tpr_c=   0.2222      change_adj_count=76      
2022-08-17 BST 21:43:20,558 - INFO -  epoch= 952      train_loss=  12.6473      val_loss=  18.5144      best=1      size=  54      nSHD_c=   2.7000      nSHD=   2.5333      tpr_c=   0.2222      change_adj_count=76      
2022-08-17 BST 21:43:20,834 - INFO -  epoch= 953      train_loss=  12.8755      val_loss=  17.8727      best=1      size=  54      nSHD_c=   2.7000      nSHD=   2.5333      tpr_c=   0.2222      change_adj_count=76      
2022-08-17 BST 21:43:24,279 - INFO -  epoch= 970      train_loss=  11.7547      val_loss=  16.8795      best=1      size=  54      nSHD_c=   2.7000      nSHD=   2.5333      tpr_c=   0.2222      change_adj_count=76      
2022-08-17 BST 21:43:28,715 - INFO -  epoch= 993      train_loss=  12.1141      val_loss=  17.4682      best=1      size=  54      nSHD_c=   2.7000      nSHD=   2.5333      tpr_c=   0.2222      change_adj_count=76      
2022-08-17 BST 21:43:30,081 - INFO -  epoch=1000      train_loss=  12.1385      val_loss=  17.9356      best=1      size=  54      nSHD_c=   2.7000      nSHD=   2.5333      tpr_c=   0.2222      change_adj_count=76      
2022-08-17 BST 21:43:30,082 - INFO - Before params
2022-08-17 BST 21:43:30,082 - INFO - After params={'MAX_SIZE': [66], 'LAMBDA': [10], 'NOISE_TEMPERATURE': [1], 'h_NULL': [0], 'h_LR': [0.0001], 'z_RHO': [0], 'z_MU': [0]}
2022-08-17 BST 21:43:30,082 - INFO - After metrics={'train_loss': [12.138535591863818], 'val_loss': [17.935595989227295], 'size': [54], 'nshd_c': [2.7], 'nshd': [2.533333333333333], 'tpr': [0.2982456140350877], 'tpr_c': [0.2222222222222222], 'change_adj_count': [76]}
2022-08-17 BST 21:43:30,099 - INFO - After to_save=   MAX_SIZE  LAMBDA  NOISE_TEMPERATURE  ...       tpr     tpr_c  change_adj_count
0        66      10                  1  ...  0.298246  0.222222                76

[1 rows x 16 columns]
2022-08-17 BST 21:43:30,099 - INFO - After file_path='../results/l_66_4hps.csv'
2022-08-17 BST 21:43:30,101 - INFO - Last epoch results saved in l_66_4hps.csv
2022-08-17 BST 21:43:30,102 - INFO - 

DAG 6: size_true=64	X.var()=29.7229
2022-08-17 BST 21:43:30,374 - INFO -  epoch=   1      train_loss=  27.1699      val_loss=  18.5529      best=1      size=  45      nSHD_c=   3.0667      nSHD=   3.0667      tpr_c=   0.1333      change_adj_count=5      
2022-08-17 BST 21:43:47,000 - INFO -  epoch= 100      train_loss=  19.2860      val_loss= 119.0284      best=1      size=  55      nSHD_c=   3.0000      nSHD=   2.9667      tpr_c=   0.2364      change_adj_count=46      
2022-08-17 BST 21:44:03,498 - INFO -  epoch= 200      train_loss=  17.7280      val_loss=  82.8891      best=1      size=  55      nSHD_c=   3.0333      nSHD=   2.9667      tpr_c=   0.2182      change_adj_count=66      
2022-08-17 BST 21:44:21,607 - INFO -  epoch= 300      train_loss=  16.4825      val_loss=  66.7218      best=1      size=  54      nSHD_c=   3.0000      nSHD=   2.9333      tpr_c=   0.2222      change_adj_count=70      
2022-08-17 BST 21:44:39,866 - INFO -  epoch= 400      train_loss=  15.7015      val_loss=  51.2948      best=1      size=  54      nSHD_c=   3.0000      nSHD=   2.9333      tpr_c=   0.2222      change_adj_count=72      
2022-08-17 BST 21:44:58,938 - INFO -  epoch= 500      train_loss=  14.3841      val_loss=  35.3276      best=1      size=  53      nSHD_c=   2.9333      nSHD=   2.8333      tpr_c=   0.2264      change_adj_count=77      
2022-08-17 BST 21:45:19,192 - INFO -  epoch= 600      train_loss=  13.3821      val_loss=  29.8253      best=1      size=  53      nSHD_c=   2.9333      nSHD=   2.8333      tpr_c=   0.2264      change_adj_count=77      
2022-08-17 BST 21:45:38,567 - INFO -  epoch= 700      train_loss=  12.6343      val_loss=  25.0116      best=1      size=  52      nSHD_c=   2.9000      nSHD=   2.8000      tpr_c=   0.2308      change_adj_count=78      
2022-08-17 BST 21:45:57,703 - INFO -  epoch= 800      train_loss=  11.7237      val_loss=  19.1334      best=1      size=  52      nSHD_c=   2.9000      nSHD=   2.8000      tpr_c=   0.2308      change_adj_count=78      
2022-08-17 BST 21:46:16,665 - INFO -  epoch= 900      train_loss=  11.1020      val_loss=  15.6804      best=1      size=  52      nSHD_c=   2.8667      nSHD=   2.7333      tpr_c=   0.2308      change_adj_count=80      
2022-08-17 BST 21:46:34,064 - INFO -  epoch=1000      train_loss=  10.3832      val_loss=  12.6973      best=1      size=  53      nSHD_c=   2.7333      nSHD=   2.6667      tpr_c=   0.3019      change_adj_count=82      
2022-08-17 BST 21:46:34,065 - INFO - Before params
2022-08-17 BST 21:46:34,065 - INFO - After params={'MAX_SIZE': [66], 'LAMBDA': [10], 'NOISE_TEMPERATURE': [1], 'h_NULL': [0], 'h_LR': [0.0001], 'z_RHO': [0], 'z_MU': [0]}
2022-08-17 BST 21:46:34,065 - INFO - After metrics={'train_loss': [10.383176988170993], 'val_loss': [12.697326501210531], 'size': [53], 'nshd_c': [2.7333333333333334], 'nshd': [2.6666666666666665], 'tpr': [0.28125], 'tpr_c': [0.3018867924528302], 'change_adj_count': [82]}
2022-08-17 BST 21:46:34,081 - INFO - After to_save=   MAX_SIZE  LAMBDA  NOISE_TEMPERATURE  ...      tpr     tpr_c  change_adj_count
0        66      10                  1  ...  0.28125  0.301887                82

[1 rows x 16 columns]
2022-08-17 BST 21:46:34,081 - INFO - After file_path='../results/l_66_4hps.csv'
2022-08-17 BST 21:46:34,084 - INFO - Last epoch results saved in l_66_4hps.csv
2022-08-17 BST 21:46:34,084 - INFO - 

DAG 7: size_true=62	X.var()=55.6800
2022-08-17 BST 21:46:34,352 - INFO -  epoch=   1      train_loss=  49.9799      val_loss=  20.9329      best=1      size=  40      nSHD_c=   2.9667      nSHD=   2.9667      tpr_c=   0.1000      change_adj_count=5      
2022-08-17 BST 21:46:52,529 - INFO -  epoch= 100      train_loss=  26.7626      val_loss= 624.1176      best=1      size=  51      nSHD_c=   3.1667      nSHD=   3.1667      tpr_c=   0.1569      change_adj_count=34      
2022-08-17 BST 21:47:10,799 - INFO -  epoch= 200      train_loss=  24.4358      val_loss= 380.0626      best=1      size=  51      nSHD_c=   3.1333      nSHD=   3.1000      tpr_c=   0.1569      change_adj_count=38      
2022-08-17 BST 21:47:28,114 - INFO -  epoch= 300      train_loss=  20.9596      val_loss= 264.9350      best=1      size=  51      nSHD_c=   3.1333      nSHD=   3.1000      tpr_c=   0.1569      change_adj_count=39      
2022-08-17 BST 21:47:45,172 - INFO -  epoch= 400      train_loss=  19.1578      val_loss= 164.0466      best=1      size=  51      nSHD_c=   3.1333      nSHD=   3.1000      tpr_c=   0.1569      change_adj_count=41      
2022-08-17 BST 21:48:01,730 - INFO -  epoch= 500      train_loss=  17.1060      val_loss= 114.2333      best=1      size=  51      nSHD_c=   3.2000      nSHD=   3.1667      tpr_c=   0.1373      change_adj_count=42      
2022-08-17 BST 21:48:18,644 - INFO -  epoch= 600      train_loss=  15.3707      val_loss=  82.6162      best=1      size=  50      nSHD_c=   3.1333      nSHD=   3.1333      tpr_c=   0.1600      change_adj_count=47      
2022-08-17 BST 21:48:35,093 - INFO -  epoch= 700      train_loss=  13.9510      val_loss=  64.5032      best=1      size=  50      nSHD_c=   3.1333      nSHD=   3.1333      tpr_c=   0.1600      change_adj_count=47      
2022-08-17 BST 21:48:51,211 - INFO -  epoch= 800      train_loss=  13.5568      val_loss=  46.5682      best=1      size=  50      nSHD_c=   3.1333      nSHD=   3.1333      tpr_c=   0.1600      change_adj_count=48      
2022-08-17 BST 21:49:07,517 - INFO -  epoch= 900      train_loss=  12.4916      val_loss=  36.9401      best=1      size=  49      nSHD_c=   3.0333      nSHD=   3.0333      tpr_c=   0.1837      change_adj_count=50      
2022-08-17 BST 21:49:23,608 - INFO -  epoch=1000      train_loss=  12.2105      val_loss=  31.7881      best=1      size=  49      nSHD_c=   3.0333      nSHD=   3.0333      tpr_c=   0.1837      change_adj_count=51      
2022-08-17 BST 21:49:23,608 - INFO - Before params
2022-08-17 BST 21:49:23,609 - INFO - After params={'MAX_SIZE': [66], 'LAMBDA': [10], 'NOISE_TEMPERATURE': [1], 'h_NULL': [0], 'h_LR': [0.0001], 'z_RHO': [0], 'z_MU': [0]}
2022-08-17 BST 21:49:23,609 - INFO - After metrics={'train_loss': [12.21049287242274], 'val_loss': [31.788069407145183], 'size': [49], 'nshd_c': [3.033333333333333], 'nshd': [3.033333333333333], 'tpr': [0.14516129032258066], 'tpr_c': [0.1836734693877551], 'change_adj_count': [51]}
2022-08-17 BST 21:49:23,625 - INFO - After to_save=   MAX_SIZE  LAMBDA  NOISE_TEMPERATURE  ...       tpr     tpr_c  change_adj_count
0        66      10                  1  ...  0.145161  0.183673                51

[1 rows x 16 columns]
2022-08-17 BST 21:49:23,625 - INFO - After file_path='../results/l_66_4hps.csv'
2022-08-17 BST 21:49:23,628 - INFO - Last epoch results saved in l_66_4hps.csv
2022-08-17 BST 21:49:23,629 - INFO - 

DAG 8: size_true=63	X.var()=39.3378
2022-08-17 BST 21:49:23,819 - INFO -  epoch=   1      train_loss=  37.4783      val_loss=  20.2271      best=1      size=  43      nSHD_c=   2.8667      nSHD=   2.8333      tpr_c=   0.1860      change_adj_count=5      
2022-08-17 BST 21:49:40,452 - INFO -  epoch= 100      train_loss=  24.2628      val_loss= 193.8919      best=1      size=  58      nSHD_c=   3.1000      nSHD=   3.1000      tpr_c=   0.2414      change_adj_count=24      
2022-08-17 BST 21:49:57,449 - INFO -  epoch= 200      train_loss=  21.9891      val_loss= 139.6676      best=1      size=  57      nSHD_c=   3.0667      nSHD=   3.0667      tpr_c=   0.2456      change_adj_count=28      
2022-08-17 BST 21:50:15,881 - INFO -  epoch= 300      train_loss=  19.8339      val_loss=  94.0519      best=1      size=  57      nSHD_c=   3.0333      nSHD=   3.0000      tpr_c=   0.2456      change_adj_count=29      
2022-08-17 BST 21:50:33,403 - INFO -  epoch= 400      train_loss=  17.3946      val_loss=  72.3348      best=1      size=  57      nSHD_c=   3.0667      nSHD=   3.0000      tpr_c=   0.2281      change_adj_count=30      
2022-08-17 BST 21:50:50,867 - INFO -  epoch= 500      train_loss=  15.7931      val_loss=  52.5918      best=1      size=  57      nSHD_c=   3.0000      nSHD=   2.9333      tpr_c=   0.2456      change_adj_count=32      
2022-08-17 BST 21:51:08,339 - INFO -  epoch= 600      train_loss=  14.5872      val_loss=  36.6654      best=1      size=  57      nSHD_c=   3.0000      nSHD=   2.9333      tpr_c=   0.2456      change_adj_count=32      
2022-08-17 BST 21:51:25,867 - INFO -  epoch= 700      train_loss=  13.3163      val_loss=  28.2836      best=1      size=  56      nSHD_c=   3.0000      nSHD=   2.9000      tpr_c=   0.2321      change_adj_count=34      
2022-08-17 BST 21:51:43,263 - INFO -  epoch= 800      train_loss=  12.3806      val_loss=  20.7028      best=1      size=  56      nSHD_c=   3.0000      nSHD=   2.8333      tpr_c=   0.2143      change_adj_count=35      
2022-08-17 BST 21:52:01,435 - INFO -  epoch= 900      train_loss=  11.6915      val_loss=  16.9942      best=1      size=  56      nSHD_c=   3.0000      nSHD=   2.8333      tpr_c=   0.2143      change_adj_count=35      
2022-08-17 BST 21:52:19,124 - INFO -  epoch=1000      train_loss=  10.9006      val_loss=  15.9420      best=1      size=  56      nSHD_c=   3.0000      nSHD=   2.8333      tpr_c=   0.2143      change_adj_count=42      
2022-08-17 BST 21:52:19,125 - INFO - Before params
2022-08-17 BST 21:52:19,125 - INFO - After params={'MAX_SIZE': [66], 'LAMBDA': [10], 'NOISE_TEMPERATURE': [1], 'h_NULL': [0], 'h_LR': [0.0001], 'z_RHO': [0], 'z_MU': [0]}
2022-08-17 BST 21:52:19,125 - INFO - After metrics={'train_loss': [10.900596249488093], 'val_loss': [15.94204044342041], 'size': [56], 'nshd_c': [3.0], 'nshd': [2.8333333333333335], 'tpr': [0.2698412698412698], 'tpr_c': [0.21428571428571427], 'change_adj_count': [42]}
2022-08-17 BST 21:52:19,141 - INFO - After to_save=   MAX_SIZE  LAMBDA  NOISE_TEMPERATURE  ...       tpr     tpr_c  change_adj_count
0        66      10                  1  ...  0.269841  0.214286                42

[1 rows x 16 columns]
2022-08-17 BST 21:52:19,141 - INFO - After file_path='../results/l_66_4hps.csv'
2022-08-17 BST 21:52:19,143 - INFO - Last epoch results saved in l_66_4hps.csv
2022-08-17 BST 21:52:19,144 - INFO - 

DAG 9: size_true=61	X.var()=94.6254
2022-08-17 BST 21:52:19,400 - INFO -  epoch=   1      train_loss=  83.7416      val_loss=  34.6749      best=1      size=  42      nSHD_c=   3.0000      nSHD=   3.0000      tpr_c=   0.1190      change_adj_count=5      
2022-08-17 BST 21:52:37,019 - INFO -  epoch= 100      train_loss=  46.6329      val_loss= 848.3863      best=1      size=  56      nSHD_c=   3.2667      nSHD=   3.2667      tpr_c=   0.1607      change_adj_count=25      
2022-08-17 BST 21:52:54,261 - INFO -  epoch= 200      train_loss=  42.0445      val_loss= 582.9428      best=1      size=  56      nSHD_c=   3.2667      nSHD=   3.2667      tpr_c=   0.1607      change_adj_count=32      
2022-08-17 BST 21:53:11,560 - INFO -  epoch= 300      train_loss=  37.4542      val_loss= 346.1006      best=1      size=  56      nSHD_c=   3.2333      nSHD=   3.2000      tpr_c=   0.1607      change_adj_count=36      
2022-08-17 BST 21:53:28,605 - INFO -  epoch= 400      train_loss=  32.9085      val_loss= 257.3861      best=1      size=  55      nSHD_c=   3.2000      nSHD=   3.1667      tpr_c=   0.1636      change_adj_count=38      
2022-08-17 BST 21:53:45,501 - INFO -  epoch= 500      train_loss=  29.4047      val_loss= 157.8837      best=1      size=  54      nSHD_c=   3.1667      nSHD=   3.1333      tpr_c=   0.1667      change_adj_count=41      
2022-08-17 BST 21:54:02,701 - INFO -  epoch= 600      train_loss=  26.7105      val_loss= 112.5164      best=1      size=  53      nSHD_c=   3.1333      nSHD=   3.1000      tpr_c=   0.1698      change_adj_count=44      
2022-08-17 BST 21:54:20,244 - INFO -  epoch= 700      train_loss=  24.3603      val_loss=  77.7997      best=1      size=  52      nSHD_c=   3.0667      nSHD=   3.0000      tpr_c=   0.1731      change_adj_count=51      
2022-08-17 BST 21:54:38,181 - INFO -  epoch= 800      train_loss=  22.4457      val_loss=  59.4163      best=1      size=  52      nSHD_c=   3.0333      nSHD=   3.0000      tpr_c=   0.1923      change_adj_count=54      
2022-08-17 BST 21:54:55,301 - INFO -  epoch= 900      train_loss=  20.7077      val_loss=  48.6677      best=1      size=  52      nSHD_c=   2.9667      nSHD=   2.9333      tpr_c=   0.2115      change_adj_count=56      
2022-08-17 BST 21:55:13,591 - INFO -  epoch=1000      train_loss=  19.9078      val_loss=  44.2148      best=1      size=  52      nSHD_c=   2.9333      nSHD=   2.8667      tpr_c=   0.2115      change_adj_count=59      
2022-08-17 BST 21:55:13,591 - INFO - Before params
2022-08-17 BST 21:55:13,591 - INFO - After params={'MAX_SIZE': [66], 'LAMBDA': [10], 'NOISE_TEMPERATURE': [1], 'h_NULL': [0], 'h_LR': [0.0001], 'z_RHO': [0], 'z_MU': [0]}
2022-08-17 BST 21:55:13,591 - INFO - After metrics={'train_loss': [19.907831684235603], 'val_loss': [44.21484247843424], 'size': [52], 'nshd_c': [2.933333333333333], 'nshd': [2.8666666666666667], 'tpr': [0.21311475409836064], 'tpr_c': [0.21153846153846154], 'change_adj_count': [59]}
2022-08-17 BST 21:55:13,608 - INFO - After to_save=   MAX_SIZE  LAMBDA  NOISE_TEMPERATURE  ...       tpr     tpr_c  change_adj_count
0        66      10                  1  ...  0.213115  0.211538                59

[1 rows x 16 columns]
2022-08-17 BST 21:55:13,608 - INFO - After file_path='../results/l_66_4hps.csv'
2022-08-17 BST 21:55:13,610 - INFO - Last epoch results saved in l_66_4hps.csv
2022-08-17 BST 21:55:13,610 - INFO - 

DAG 10: size_true=51	X.var()=18.9170
2022-08-17 BST 21:55:13,865 - INFO -  epoch=   1      train_loss=  17.7548      val_loss=   8.7605      best=1      size=  46      nSHD_c=   2.4667      nSHD=   2.4667      tpr_c=   0.1957      change_adj_count=5      
2022-08-17 BST 21:55:32,394 - INFO -  epoch= 100      train_loss=  13.2841      val_loss=  66.1867      best=1      size=  52      nSHD_c=   2.5333      nSHD=   2.4667      tpr_c=   0.2308      change_adj_count=32      
2022-08-17 BST 21:55:51,571 - INFO -  epoch= 200      train_loss=  12.5885      val_loss=  53.6994      best=1      size=  53      nSHD_c=   2.5667      nSHD=   2.5000      tpr_c=   0.2264      change_adj_count=36      
2022-08-17 BST 21:56:11,263 - INFO -  epoch= 300      train_loss=  11.7878      val_loss=  42.5162      best=1      size=  53      nSHD_c=   2.5667      nSHD=   2.5000      tpr_c=   0.2264      change_adj_count=36      
2022-08-17 BST 21:56:29,256 - INFO -  epoch= 400      train_loss=  10.9662      val_loss=  33.0402      best=1      size=  53      nSHD_c=   2.5667      nSHD=   2.5000      tpr_c=   0.2264      change_adj_count=36      
2022-08-17 BST 21:56:47,578 - INFO -  epoch= 500      train_loss=  10.4083      val_loss=  23.8559      best=1      size=  53      nSHD_c=   2.5000      nSHD=   2.4333      tpr_c=   0.2453      change_adj_count=39      
2022-08-17 BST 21:57:06,305 - INFO -  epoch= 600      train_loss=   9.6280      val_loss=  19.6961      best=1      size=  53      nSHD_c=   2.5000      nSHD=   2.4333      tpr_c=   0.2453      change_adj_count=42      
2022-08-17 BST 21:57:25,505 - INFO -  epoch= 700      train_loss=   8.8126      val_loss=  14.7785      best=1      size=  53      nSHD_c=   2.4667      nSHD=   2.3667      tpr_c=   0.2453      change_adj_count=44      
2022-08-17 BST 21:57:44,520 - INFO -  epoch= 800      train_loss=   8.4459      val_loss=  12.6706      best=1      size=  53      nSHD_c=   2.4667      nSHD=   2.3667      tpr_c=   0.2453      change_adj_count=44      
2022-08-17 BST 21:58:03,098 - INFO -  epoch= 900      train_loss=   7.8580      val_loss=   9.9668      best=1      size=  53      nSHD_c=   2.4000      nSHD=   2.3000      tpr_c=   0.2642      change_adj_count=46      
2022-08-17 BST 21:58:20,900 - INFO -  epoch=1000      train_loss=   7.1957      val_loss=   8.9893      best=1      size=  53      nSHD_c=   2.3000      nSHD=   2.2333      tpr_c=   0.3019      change_adj_count=47      
2022-08-17 BST 21:58:20,901 - INFO - Before params
2022-08-17 BST 21:58:20,901 - INFO - After params={'MAX_SIZE': [66], 'LAMBDA': [10], 'NOISE_TEMPERATURE': [1], 'h_NULL': [0], 'h_LR': [0.0001], 'z_RHO': [0], 'z_MU': [0]}
2022-08-17 BST 21:58:20,901 - INFO - After metrics={'train_loss': [7.195714258378552], 'val_loss': [8.989345868428549], 'size': [53], 'nshd_c': [2.3], 'nshd': [2.2333333333333334], 'tpr': [0.35294117647058826], 'tpr_c': [0.3018867924528302], 'change_adj_count': [47]}
2022-08-17 BST 21:58:20,917 - INFO - After to_save=   MAX_SIZE  LAMBDA  NOISE_TEMPERATURE  ...       tpr     tpr_c  change_adj_count
0        66      10                  1  ...  0.352941  0.301887                47

[1 rows x 16 columns]
2022-08-17 BST 21:58:20,917 - INFO - After file_path='../results/l_66_4hps.csv'
2022-08-17 BST 21:58:20,919 - INFO - Last epoch results saved in l_66_4hps.csv
2022-08-17 BST 21:58:20,920 - INFO - 

DAG 11: size_true=68	X.var()=127.5135
2022-08-17 BST 21:58:21,135 - INFO -  epoch=   1      train_loss= 119.6848      val_loss=  43.0828      best=1      size=  40      nSHD_c=   3.0000      nSHD=   3.0000      tpr_c=   0.2250      change_adj_count=5      
2022-08-17 BST 21:58:38,092 - INFO -  epoch= 100      train_loss=  62.7094      val_loss=1223.7784      best=1      size=  61      nSHD_c=   3.5333      nSHD=   3.5000      tpr_c=   0.1803      change_adj_count=28      
2022-08-17 BST 21:58:55,284 - INFO -  epoch= 200      train_loss=  53.9116      val_loss= 827.8316      best=1      size=  61      nSHD_c=   3.4000      nSHD=   3.3667      tpr_c=   0.2131      change_adj_count=37      
2022-08-17 BST 21:59:12,481 - INFO -  epoch= 300      train_loss=  44.3786      val_loss= 509.7131      best=1      size=  61      nSHD_c=   3.4000      nSHD=   3.3667      tpr_c=   0.2131      change_adj_count=43      
2022-08-17 BST 21:59:29,076 - INFO -  epoch= 400      train_loss=  37.3440      val_loss= 326.1187      best=1      size=  59      nSHD_c=   3.3333      nSHD=   3.3000      tpr_c=   0.2203      change_adj_count=45      
2022-08-17 BST 21:59:48,165 - INFO -  epoch= 500      train_loss=  32.7404      val_loss= 200.2289      best=1      size=  58      nSHD_c=   3.3667      nSHD=   3.3333      tpr_c=   0.2069      change_adj_count=52      
2022-08-17 BST 22:00:07,013 - INFO -  epoch= 600      train_loss=  29.1981      val_loss= 134.7102      best=1      size=  57      nSHD_c=   3.3667      nSHD=   3.3000      tpr_c=   0.1930      change_adj_count=54      
2022-08-17 BST 22:00:24,821 - INFO -  epoch= 700      train_loss=  26.0994      val_loss=  97.5475      best=1      size=  57      nSHD_c=   3.2667      nSHD=   3.2333      tpr_c=   0.2281      change_adj_count=57      
2022-08-17 BST 22:00:42,115 - INFO -  epoch= 800      train_loss=  23.6251      val_loss=  71.0195      best=1      size=  56      nSHD_c=   3.2333      nSHD=   3.2000      tpr_c=   0.2321      change_adj_count=59      
2022-08-17 BST 22:00:58,782 - INFO -  epoch= 900      train_loss=  22.2903      val_loss=  50.0807      best=1      size=  55      nSHD_c=   3.2333      nSHD=   3.1667      tpr_c=   0.2182      change_adj_count=62      
2022-08-17 BST 22:01:16,741 - INFO -  epoch=1000      train_loss=  20.6784      val_loss=  41.3979      best=1      size=  55      nSHD_c=   3.2333      nSHD=   3.1667      tpr_c=   0.2182      change_adj_count=62      
2022-08-17 BST 22:01:16,741 - INFO - Before params
2022-08-17 BST 22:01:16,741 - INFO - After params={'MAX_SIZE': [66], 'LAMBDA': [10], 'NOISE_TEMPERATURE': [1], 'h_NULL': [0], 'h_LR': [0.0001], 'z_RHO': [0], 'z_MU': [0]}
2022-08-17 BST 22:01:16,741 - INFO - After metrics={'train_loss': [20.67838985689225], 'val_loss': [41.39791742960612], 'size': [55], 'nshd_c': [3.2333333333333334], 'nshd': [3.1666666666666665], 'tpr': [0.20588235294117646], 'tpr_c': [0.21818181818181817], 'change_adj_count': [62]}
2022-08-17 BST 22:01:16,758 - INFO - After to_save=   MAX_SIZE  LAMBDA  NOISE_TEMPERATURE  ...       tpr     tpr_c  change_adj_count
0        66      10                  1  ...  0.205882  0.218182                62

[1 rows x 16 columns]
2022-08-17 BST 22:01:16,759 - INFO - After file_path='../results/l_66_4hps.csv'
2022-08-17 BST 22:01:16,763 - INFO - Last epoch results saved in l_66_4hps.csv
2022-08-17 BST 22:01:16,764 - INFO - 

DAG 12: size_true=53	X.var()=15.8398
2022-08-17 BST 22:01:17,034 - INFO -  epoch=   1      train_loss=  15.0183      val_loss=   9.1996      best=1      size=  44      nSHD_c=   2.5333      nSHD=   2.5333      tpr_c=   0.1818      change_adj_count=5      
2022-08-17 BST 22:01:33,950 - INFO -  epoch= 100      train_loss=  11.3259      val_loss=  58.4846      best=1      size=  50      nSHD_c=   2.4000      nSHD=   2.3667      tpr_c=   0.2800      change_adj_count=34      
2022-08-17 BST 22:01:50,798 - INFO -  epoch= 200      train_loss=  10.3144      val_loss=  47.7535      best=1      size=  50      nSHD_c=   2.4000      nSHD=   2.3667      tpr_c=   0.2800      change_adj_count=48      
2022-08-17 BST 22:02:08,640 - INFO -  epoch= 300      train_loss=   9.5906      val_loss=  38.1044      best=1      size=  48      nSHD_c=   2.4000      nSHD=   2.3667      tpr_c=   0.2708      change_adj_count=55      
2022-08-17 BST 22:02:25,853 - INFO -  epoch= 400      train_loss=   8.7607      val_loss=  26.4369      best=1      size=  49      nSHD_c=   2.3667      nSHD=   2.3333      tpr_c=   0.2857      change_adj_count=58      
2022-08-17 BST 22:02:42,923 - INFO -  epoch= 500      train_loss=   8.2110      val_loss=  20.0027      best=1      size=  50      nSHD_c=   2.3667      nSHD=   2.3000      tpr_c=   0.2800      change_adj_count=59      
2022-08-17 BST 22:03:00,239 - INFO -  epoch= 600      train_loss=   7.6500      val_loss=  15.8567      best=1      size=  51      nSHD_c=   2.3667      nSHD=   2.3333      tpr_c=   0.2941      change_adj_count=60      
2022-08-17 BST 22:03:17,913 - INFO -  epoch= 700      train_loss=   7.1687      val_loss=  11.8265      best=1      size=  51      nSHD_c=   2.2667      nSHD=   2.2667      tpr_c=   0.3333      change_adj_count=62      
2022-08-17 BST 22:03:35,101 - INFO -  epoch= 800      train_loss=   6.5784      val_loss=   8.9118      best=1      size=  51      nSHD_c=   2.2000      nSHD=   2.2000      tpr_c=   0.3529      change_adj_count=70      
2022-08-17 BST 22:03:52,705 - INFO -  epoch= 900      train_loss=   6.3030      val_loss=   7.7837      best=1      size=  51      nSHD_c=   2.2000      nSHD=   2.2000      tpr_c=   0.3529      change_adj_count=78      
2022-08-17 BST 22:04:09,762 - INFO -  epoch=1000      train_loss=   6.0390      val_loss=   6.6412      best=1      size=  52      nSHD_c=   2.1667      nSHD=   2.1667      tpr_c=   0.3654      change_adj_count=83      
2022-08-17 BST 22:04:09,762 - INFO - Before params
2022-08-17 BST 22:04:09,762 - INFO - After params={'MAX_SIZE': [66], 'LAMBDA': [10], 'NOISE_TEMPERATURE': [1], 'h_NULL': [0], 'h_LR': [0.0001], 'z_RHO': [0], 'z_MU': [0]}
2022-08-17 BST 22:04:09,762 - INFO - After metrics={'train_loss': [6.038962671833653], 'val_loss': [6.641215880711873], 'size': [52], 'nshd_c': [2.1666666666666665], 'nshd': [2.1666666666666665], 'tpr': [0.3584905660377358], 'tpr_c': [0.36538461538461536], 'change_adj_count': [83]}
2022-08-17 BST 22:04:09,779 - INFO - After to_save=   MAX_SIZE  LAMBDA  NOISE_TEMPERATURE  ...       tpr     tpr_c  change_adj_count
0        66      10                  1  ...  0.358491  0.365385                83

[1 rows x 16 columns]
2022-08-17 BST 22:04:09,779 - INFO - After file_path='../results/l_66_4hps.csv'
2022-08-17 BST 22:04:09,782 - INFO - Last epoch results saved in l_66_4hps.csv
2022-08-17 BST 22:04:09,782 - INFO - 

DAG 13: size_true=53	X.var()=112.2632
2022-08-17 BST 22:04:10,041 - INFO -  epoch=   1      train_loss= 105.7276      val_loss=  48.3414      best=1      size=  37      nSHD_c=   2.5333      nSHD=   2.5000      tpr_c=   0.1081      change_adj_count=5      
2022-08-17 BST 22:04:27,563 - INFO -  epoch= 100      train_loss=  52.9994      val_loss=1245.5151      best=1      size=  52      nSHD_c=   2.8000      nSHD=   2.8000      tpr_c=   0.1923      change_adj_count=40      
2022-08-17 BST 22:04:44,745 - INFO -  epoch= 200      train_loss=  45.4121      val_loss= 793.6253      best=1      size=  51      nSHD_c=   2.7667      nSHD=   2.7667      tpr_c=   0.1961      change_adj_count=43      
2022-08-17 BST 22:05:03,362 - INFO -  epoch= 300      train_loss=  37.5182      val_loss= 494.1615      best=1      size=  51      nSHD_c=   2.7667      nSHD=   2.7667      tpr_c=   0.1961      change_adj_count=47      
2022-08-17 BST 22:05:21,696 - INFO -  epoch= 400      train_loss=  32.6687      val_loss= 300.4340      best=1      size=  50      nSHD_c=   2.7333      nSHD=   2.7333      tpr_c=   0.2000      change_adj_count=53      
2022-08-17 BST 22:05:38,804 - INFO -  epoch= 500      train_loss=  27.5313      val_loss= 197.6857      best=1      size=  49      nSHD_c=   2.7000      nSHD=   2.7000      tpr_c=   0.2041      change_adj_count=54      
2022-08-17 BST 22:05:55,569 - INFO -  epoch= 600      train_loss=  23.2223      val_loss= 123.9886      best=1      size=  49      nSHD_c=   2.7333      nSHD=   2.7000      tpr_c=   0.1837      change_adj_count=56      
2022-08-17 BST 22:06:12,034 - INFO -  epoch= 700      train_loss=  21.0966      val_loss=  90.5208      best=1      size=  49      nSHD_c=   2.7333      nSHD=   2.7000      tpr_c=   0.1837      change_adj_count=59      
2022-08-17 BST 22:06:30,082 - INFO -  epoch= 800      train_loss=  19.0889      val_loss=  61.9970      best=1      size=  48      nSHD_c=   2.6667      nSHD=   2.6667      tpr_c=   0.2083      change_adj_count=60      
2022-08-17 BST 22:06:47,168 - INFO -  epoch= 900      train_loss=  17.8228      val_loss=  55.7865      best=1      size=  47      nSHD_c=   2.6667      nSHD=   2.6333      tpr_c=   0.1915      change_adj_count=64      
2022-08-17 BST 22:07:01,925 - INFO -  epoch= 984      train_loss=  16.2925      val_loss=  42.8358      best=1      size=  47      nSHD_c=   2.6667      nSHD=   2.6333      tpr_c=   0.1915      change_adj_count=64      
2022-08-17 BST 22:07:02,452 - INFO -  epoch= 987      train_loss=  16.2223      val_loss=  41.9085      best=1      size=  47      nSHD_c=   2.6667      nSHD=   2.6333      tpr_c=   0.1915      change_adj_count=64      
2022-08-17 BST 22:07:03,644 - INFO -  epoch= 994      train_loss=  16.7283      val_loss=  41.9396      best=1      size=  47      nSHD_c=   2.6667      nSHD=   2.6333      tpr_c=   0.1915      change_adj_count=64      
2022-08-17 BST 22:07:04,697 - INFO -  epoch=1000      train_loss=  16.3083      val_loss=  47.3894      best=1      size=  47      nSHD_c=   2.6667      nSHD=   2.6333      tpr_c=   0.1915      change_adj_count=64      
2022-08-17 BST 22:07:04,697 - INFO - Before params
2022-08-17 BST 22:07:04,697 - INFO - After params={'MAX_SIZE': [66], 'LAMBDA': [10], 'NOISE_TEMPERATURE': [1], 'h_NULL': [0], 'h_LR': [0.0001], 'z_RHO': [0], 'z_MU': [0]}
2022-08-17 BST 22:07:04,697 - INFO - After metrics={'train_loss': [16.308304940500566], 'val_loss': [47.389363606770836], 'size': [47], 'nshd_c': [2.6666666666666665], 'nshd': [2.6333333333333333], 'tpr': [0.18867924528301888], 'tpr_c': [0.19148936170212766], 'change_adj_count': [64]}
2022-08-17 BST 22:07:04,713 - INFO - After to_save=   MAX_SIZE  LAMBDA  NOISE_TEMPERATURE  ...       tpr     tpr_c  change_adj_count
0        66      10                  1  ...  0.188679  0.191489                64

[1 rows x 16 columns]
2022-08-17 BST 22:07:04,714 - INFO - After file_path='../results/l_66_4hps.csv'
2022-08-17 BST 22:07:04,715 - INFO - Last epoch results saved in l_66_4hps.csv
2022-08-17 BST 22:07:04,716 - INFO - 

DAG 14: size_true=59	X.var()=16.7418
2022-08-17 BST 22:07:05,012 - INFO -  epoch=   1      train_loss=  15.3520      val_loss=  10.6311      best=1      size=  43      nSHD_c=   2.9667      nSHD=   2.9333      tpr_c=   0.0930      change_adj_count=5      
2022-08-17 BST 22:07:23,594 - INFO -  epoch= 100      train_loss=  11.3819      val_loss=  58.4672      best=1      size=  60      nSHD_c=   2.7333      nSHD=   2.6333      tpr_c=   0.2833      change_adj_count=28      
2022-08-17 BST 22:07:40,657 - INFO -  epoch= 200      train_loss=  11.0380      val_loss=  49.2202      best=1      size=  60      nSHD_c=   2.7333      nSHD=   2.6333      tpr_c=   0.2833      change_adj_count=28      
2022-08-17 BST 22:07:57,639 - INFO -  epoch= 300      train_loss=  10.2896      val_loss=  37.7500      best=1      size=  60      nSHD_c=   2.7000      nSHD=   2.5667      tpr_c=   0.2833      change_adj_count=29      
2022-08-17 BST 22:08:15,936 - INFO -  epoch= 400      train_loss=   9.7165      val_loss=  29.6021      best=1      size=  60      nSHD_c=   2.6667      nSHD=   2.5667      tpr_c=   0.3000      change_adj_count=30      
2022-08-17 BST 22:08:33,987 - INFO -  epoch= 500      train_loss=   9.3861      val_loss=  25.0434      best=1      size=  60      nSHD_c=   2.6667      nSHD=   2.5333      tpr_c=   0.2833      change_adj_count=34      
2022-08-17 BST 22:08:53,241 - INFO -  epoch= 600      train_loss=   8.6915      val_loss=  20.8907      best=1      size=  58      nSHD_c=   2.6667      nSHD=   2.5333      tpr_c=   0.2759      change_adj_count=36      
2022-08-17 BST 22:09:11,405 - INFO -  epoch= 700      train_loss=   8.3072      val_loss=  16.4011      best=1      size=  58      nSHD_c=   2.6667      nSHD=   2.5333      tpr_c=   0.2759      change_adj_count=37      
2022-08-17 BST 22:09:28,323 - INFO -  epoch= 800      train_loss=   8.0122      val_loss=  14.3672      best=1      size=  57      nSHD_c=   2.6333      nSHD=   2.5000      tpr_c=   0.2807      change_adj_count=38      
2022-08-17 BST 22:09:47,661 - INFO -  epoch= 900      train_loss=   7.4294      val_loss=  11.7652      best=1      size=  57      nSHD_c=   2.6000      nSHD=   2.4333      tpr_c=   0.2807      change_adj_count=39      
2022-08-17 BST 22:10:06,852 - INFO -  epoch=1000      train_loss=   7.1421      val_loss=   9.2496      best=1      size=  56      nSHD_c=   2.3667      nSHD=   2.2667      tpr_c=   0.3571      change_adj_count=42      
2022-08-17 BST 22:10:06,853 - INFO - Before params
2022-08-17 BST 22:10:06,853 - INFO - After params={'MAX_SIZE': [66], 'LAMBDA': [10], 'NOISE_TEMPERATURE': [1], 'h_NULL': [0], 'h_LR': [0.0001], 'z_RHO': [0], 'z_MU': [0]}
2022-08-17 BST 22:10:06,853 - INFO - After metrics={'train_loss': [7.142069724298293], 'val_loss': [9.24964427947998], 'size': [56], 'nshd_c': [2.3666666666666667], 'nshd': [2.2666666666666666], 'tpr': [0.3898305084745763], 'tpr_c': [0.35714285714285715], 'change_adj_count': [42]}
2022-08-17 BST 22:10:06,874 - INFO - After to_save=   MAX_SIZE  LAMBDA  NOISE_TEMPERATURE  ...       tpr     tpr_c  change_adj_count
0        66      10                  1  ...  0.389831  0.357143                42

[1 rows x 16 columns]
2022-08-17 BST 22:10:06,874 - INFO - After file_path='../results/l_66_4hps.csv'
2022-08-17 BST 22:10:06,877 - INFO - Last epoch results saved in l_66_4hps.csv
2022-08-17 BST 22:10:06,877 - INFO - 

DAG 15: size_true=42	X.var()=8.6273
2022-08-17 BST 22:10:07,147 - INFO -  epoch=   1      train_loss=   8.1990      val_loss=   5.4269      best=1      size=  50      nSHD_c=   2.4000      nSHD=   2.4000      tpr_c=   0.1400      change_adj_count=5      
2022-08-17 BST 22:10:26,140 - INFO -  epoch= 100      train_loss=   6.6165      val_loss=  20.5482      best=1      size=  51      nSHD_c=   1.9000      nSHD=   1.7667      tpr_c=   0.2941      change_adj_count=37      
2022-08-17 BST 22:10:45,224 - INFO -  epoch= 200      train_loss=   6.4194      val_loss=  18.3125      best=1      size=  51      nSHD_c=   1.9000      nSHD=   1.7667      tpr_c=   0.2941      change_adj_count=48      
2022-08-17 BST 22:11:05,479 - INFO -  epoch= 300      train_loss=   6.0765      val_loss=  13.8760      best=1      size=  51      nSHD_c=   1.9000      nSHD=   1.7667      tpr_c=   0.2941      change_adj_count=48      
2022-08-17 BST 22:11:24,392 - INFO -  epoch= 400      train_loss=   5.8934      val_loss=  13.0591      best=1      size=  51      nSHD_c=   1.9000      nSHD=   1.7667      tpr_c=   0.2941      change_adj_count=48      
2022-08-17 BST 22:11:41,786 - INFO -  epoch= 500      train_loss=   5.4314      val_loss=  10.5424      best=1      size=  51      nSHD_c=   1.9000      nSHD=   1.7667      tpr_c=   0.2941      change_adj_count=48      
2022-08-17 BST 22:11:58,447 - INFO -  epoch= 600      train_loss=   5.2157      val_loss=   7.9791      best=1      size=  51      nSHD_c=   1.9000      nSHD=   1.7667      tpr_c=   0.2941      change_adj_count=48      
2022-08-17 BST 22:12:16,170 - INFO -  epoch= 700      train_loss=   5.0186      val_loss=   6.1697      best=1      size=  51      nSHD_c=   1.8000      nSHD=   1.7000      tpr_c=   0.3333      change_adj_count=55      
2022-08-17 BST 22:12:34,182 - INFO -  epoch= 800      train_loss=   4.7867      val_loss=   5.1406      best=1      size=  51      nSHD_c=   1.7333      nSHD=   1.6333      tpr_c=   0.3529      change_adj_count=58      
2022-08-17 BST 22:12:52,113 - INFO -  epoch= 900      train_loss=   4.4989      val_loss=   4.4977      best=1      size=  51      nSHD_c=   1.7000      nSHD=   1.5667      tpr_c=   0.3529      change_adj_count=59      
2022-08-17 BST 22:13:10,060 - INFO -  epoch=1000      train_loss=   4.1989      val_loss=   3.8123      best=1      size=  51      nSHD_c=   1.6333      nSHD=   1.5000      tpr_c=   0.3725      change_adj_count=60      
2022-08-17 BST 22:13:10,060 - INFO - Before params
2022-08-17 BST 22:13:10,060 - INFO - After params={'MAX_SIZE': [66], 'LAMBDA': [10], 'NOISE_TEMPERATURE': [1], 'h_NULL': [0], 'h_LR': [0.0001], 'z_RHO': [0], 'z_MU': [0]}
2022-08-17 BST 22:13:10,060 - INFO - After metrics={'train_loss': [4.198854730975244], 'val_loss': [3.812262177467346], 'size': [51], 'nshd_c': [1.6333333333333333], 'nshd': [1.5], 'tpr': [0.5476190476190477], 'tpr_c': [0.37254901960784315], 'change_adj_count': [60]}
2022-08-17 BST 22:13:10,077 - INFO - After to_save=   MAX_SIZE  LAMBDA  NOISE_TEMPERATURE  ...       tpr     tpr_c  change_adj_count
0        66      10                  1  ...  0.547619  0.372549                60

[1 rows x 16 columns]
2022-08-17 BST 22:13:10,077 - INFO - After file_path='../results/l_66_4hps.csv'
2022-08-17 BST 22:13:10,079 - INFO - Last epoch results saved in l_66_4hps.csv
2022-08-17 BST 22:13:10,080 - INFO - 

DAG 16: size_true=50	X.var()=12.1502
2022-08-17 BST 22:13:10,336 - INFO -  epoch=   1      train_loss=  11.3568      val_loss=   8.5375      best=1      size=  44      nSHD_c=   2.4000      nSHD=   2.3667      tpr_c=   0.1364      change_adj_count=5      
2022-08-17 BST 22:13:10,586 - INFO -  epoch=   2      train_loss=  10.6002      val_loss=   5.5594      best=1      size=  48      nSHD_c=   2.3000      nSHD=   2.1667      tpr_c=   0.2292      change_adj_count=6      
2022-08-17 BST 22:13:28,065 - INFO -  epoch= 100      train_loss=   9.0353      val_loss=  28.4470      best=1      size=  54      nSHD_c=   2.2333      nSHD=   2.1333      tpr_c=   0.3148      change_adj_count=41      
2022-08-17 BST 22:13:46,410 - INFO -  epoch= 200      train_loss=   8.6515      val_loss=  24.7178      best=1      size=  54      nSHD_c=   2.3333      nSHD=   2.2000      tpr_c=   0.2778      change_adj_count=54      
2022-08-17 BST 22:14:05,178 - INFO -  epoch= 300      train_loss=   8.3046      val_loss=  20.2532      best=1      size=  54      nSHD_c=   2.2000      nSHD=   2.0667      tpr_c=   0.3148      change_adj_count=63      
2022-08-17 BST 22:14:22,857 - INFO -  epoch= 400      train_loss=   7.8541      val_loss=  17.8558      best=1      size=  53      nSHD_c=   2.1667      nSHD=   2.0333      tpr_c=   0.3208      change_adj_count=65      
2022-08-17 BST 22:14:41,845 - INFO -  epoch= 500      train_loss=   7.5409      val_loss=  15.6093      best=1      size=  53      nSHD_c=   2.2000      nSHD=   2.1000      tpr_c=   0.3208      change_adj_count=76      
2022-08-17 BST 22:15:00,920 - INFO -  epoch= 600      train_loss=   7.1150      val_loss=  13.0300      best=1      size=  53      nSHD_c=   2.1333      nSHD=   2.0333      tpr_c=   0.3396      change_adj_count=85      
2022-08-17 BST 22:15:19,354 - INFO -  epoch= 700      train_loss=   6.7504      val_loss=  10.9390      best=1      size=  53      nSHD_c=   2.1000      nSHD=   1.9667      tpr_c=   0.3396      change_adj_count=88      
2022-08-17 BST 22:15:36,641 - INFO -  epoch= 800      train_loss=   6.4326      val_loss=   9.2071      best=1      size=  54      nSHD_c=   2.0667      nSHD=   1.9333      tpr_c=   0.3519      change_adj_count=92      
2022-08-17 BST 22:15:53,312 - INFO -  epoch= 900      train_loss=   5.9967      val_loss=   7.1268      best=1      size=  54      nSHD_c=   1.9333      nSHD=   1.8000      tpr_c=   0.3889      change_adj_count=95      
2022-08-17 BST 22:16:10,432 - INFO -  epoch=1000      train_loss=   5.6615      val_loss=   6.0236      best=1      size=  53      nSHD_c=   1.9333      nSHD=   1.8333      tpr_c=   0.3962      change_adj_count=97      
2022-08-17 BST 22:16:10,432 - INFO - Before params
2022-08-17 BST 22:16:10,432 - INFO - After params={'MAX_SIZE': [66], 'LAMBDA': [10], 'NOISE_TEMPERATURE': [1], 'h_NULL': [0], 'h_LR': [0.0001], 'z_RHO': [0], 'z_MU': [0]}
2022-08-17 BST 22:16:10,432 - INFO - After metrics={'train_loss': [5.66145476987285], 'val_loss': [6.023633003234863], 'size': [53], 'nshd_c': [1.9333333333333333], 'nshd': [1.8333333333333333], 'tpr': [0.48], 'tpr_c': [0.39622641509433965], 'change_adj_count': [97]}
2022-08-17 BST 22:16:10,448 - INFO - After to_save=   MAX_SIZE  LAMBDA  NOISE_TEMPERATURE  ...   tpr     tpr_c  change_adj_count
0        66      10                  1  ...  0.48  0.396226                97

[1 rows x 16 columns]
2022-08-17 BST 22:16:10,449 - INFO - After file_path='../results/l_66_4hps.csv'
2022-08-17 BST 22:16:10,451 - INFO - Last epoch results saved in l_66_4hps.csv
2022-08-17 BST 22:16:10,451 - INFO - 

DAG 17: size_true=49	X.var()=16.5203
2022-08-17 BST 22:16:10,728 - INFO -  epoch=   1      train_loss=  15.2595      val_loss=   9.7560      best=1      size=  44      nSHD_c=   2.5667      nSHD=   2.4667      tpr_c=   0.0682      change_adj_count=5      
2022-08-17 BST 22:16:27,087 - INFO -  epoch= 100      train_loss=  11.4738      val_loss=  54.5704      best=1      size=  53      nSHD_c=   2.2000      nSHD=   2.2000      tpr_c=   0.3396      change_adj_count=43      
2022-08-17 BST 22:16:43,703 - INFO -  epoch= 200      train_loss=  10.6544      val_loss=  44.6073      best=1      size=  53      nSHD_c=   2.2000      nSHD=   2.2000      tpr_c=   0.3396      change_adj_count=47      
2022-08-17 BST 22:17:02,674 - INFO -  epoch= 300      train_loss=  10.2771      val_loss=  35.9435      best=1      size=  53      nSHD_c=   2.2667      nSHD=   2.2667      tpr_c=   0.3208      change_adj_count=54      
2022-08-17 BST 22:17:20,841 - INFO -  epoch= 400      train_loss=   9.5875      val_loss=  29.6909      best=1      size=  52      nSHD_c=   2.2333      nSHD=   2.2333      tpr_c=   0.3269      change_adj_count=55      
2022-08-17 BST 22:17:38,889 - INFO -  epoch= 500      train_loss=   9.0398      val_loss=  21.6319      best=1      size=  52      nSHD_c=   2.2333      nSHD=   2.2333      tpr_c=   0.3269      change_adj_count=55      
2022-08-17 BST 22:17:57,417 - INFO -  epoch= 600      train_loss=   8.3337      val_loss=  20.0966      best=1      size=  52      nSHD_c=   2.2333      nSHD=   2.2333      tpr_c=   0.3269      change_adj_count=55      
2022-08-17 BST 22:18:16,694 - INFO -  epoch= 700      train_loss=   7.9308      val_loss=  16.4044      best=1      size=  51      nSHD_c=   2.2000      nSHD=   2.2000      tpr_c=   0.3333      change_adj_count=58      
2022-08-17 BST 22:18:33,679 - INFO -  epoch= 800      train_loss=   7.5296      val_loss=  13.4337      best=1      size=  52      nSHD_c=   2.2333      nSHD=   2.2333      tpr_c=   0.3269      change_adj_count=59      
2022-08-17 BST 22:18:49,512 - INFO -  epoch= 900      train_loss=   6.9421      val_loss=  11.0133      best=1      size=  52      nSHD_c=   2.2000      nSHD=   2.1667      tpr_c=   0.3269      change_adj_count=61      
2022-08-17 BST 22:19:05,417 - INFO -  epoch=1000      train_loss=   6.7024      val_loss=   9.0393      best=1      size=  52      nSHD_c=   2.2000      nSHD=   2.1667      tpr_c=   0.3269      change_adj_count=67      
2022-08-17 BST 22:19:05,417 - INFO - Before params
2022-08-17 BST 22:19:05,417 - INFO - After params={'MAX_SIZE': [66], 'LAMBDA': [10], 'NOISE_TEMPERATURE': [1], 'h_NULL': [0], 'h_LR': [0.0001], 'z_RHO': [0], 'z_MU': [0]}
2022-08-17 BST 22:19:05,417 - INFO - After metrics={'train_loss': [6.702443938101491], 'val_loss': [9.03929074605306], 'size': [52], 'nshd_c': [2.2], 'nshd': [2.1666666666666665], 'tpr': [0.3673469387755102], 'tpr_c': [0.3269230769230769], 'change_adj_count': [67]}
2022-08-17 BST 22:19:05,434 - INFO - After to_save=   MAX_SIZE  LAMBDA  NOISE_TEMPERATURE  ...       tpr     tpr_c  change_adj_count
0        66      10                  1  ...  0.367347  0.326923                67

[1 rows x 16 columns]
2022-08-17 BST 22:19:05,434 - INFO - After file_path='../results/l_66_4hps.csv'
2022-08-17 BST 22:19:05,436 - INFO - Last epoch results saved in l_66_4hps.csv
2022-08-17 BST 22:19:05,436 - INFO - 

DAG 18: size_true=56	X.var()=17.9506
2022-08-17 BST 22:19:05,634 - INFO -  epoch=   1      train_loss=  16.9347      val_loss=   9.9227      best=1      size=  47      nSHD_c=   2.7000      nSHD=   2.6667      tpr_c=   0.1489      change_adj_count=5      
2022-08-17 BST 22:19:21,533 - INFO -  epoch= 100      train_loss=  12.2968      val_loss=  69.4860      best=1      size=  61      nSHD_c=   2.8333      nSHD=   2.8000      tpr_c=   0.2459      change_adj_count=39      
2022-08-17 BST 22:19:37,493 - INFO -  epoch= 200      train_loss=  11.4351      val_loss=  55.9638      best=1      size=  61      nSHD_c=   2.8000      nSHD=   2.7333      tpr_c=   0.2459      change_adj_count=47      
2022-08-17 BST 22:19:56,030 - INFO -  epoch= 300      train_loss=  10.6470      val_loss=  41.9553      best=1      size=  61      nSHD_c=   2.7667      nSHD=   2.6667      tpr_c=   0.2459      change_adj_count=48      
2022-08-17 BST 22:20:14,006 - INFO -  epoch= 400      train_loss=   9.8239      val_loss=  34.2183      best=1      size=  61      nSHD_c=   2.7667      nSHD=   2.6667      tpr_c=   0.2459      change_adj_count=48      
2022-08-17 BST 22:20:31,948 - INFO -  epoch= 500      train_loss=   8.9519      val_loss=  24.7077      best=1      size=  60      nSHD_c=   2.6333      nSHD=   2.5000      tpr_c=   0.2667      change_adj_count=57      
2022-08-17 BST 22:20:51,215 - INFO -  epoch= 600      train_loss=   8.4263      val_loss=  19.1797      best=1      size=  59      nSHD_c=   2.6000      nSHD=   2.4667      tpr_c=   0.2712      change_adj_count=58      
2022-08-17 BST 22:21:09,964 - INFO -  epoch= 700      train_loss=   7.8523      val_loss=  13.6120      best=1      size=  58      nSHD_c=   2.4667      nSHD=   2.3667      tpr_c=   0.3103      change_adj_count=60      
2022-08-17 BST 22:21:28,639 - INFO -  epoch= 800      train_loss=   7.2375      val_loss=  11.3018      best=1      size=  58      nSHD_c=   2.3667      nSHD=   2.3000      tpr_c=   0.3448      change_adj_count=61      
2022-08-17 BST 22:21:47,607 - INFO -  epoch= 900      train_loss=   6.7145      val_loss=   9.3014      best=1      size=  57      nSHD_c=   2.3333      nSHD=   2.2667      tpr_c=   0.3509      change_adj_count=65      
2022-08-17 BST 22:22:05,960 - INFO -  epoch=1000      train_loss=   6.3765      val_loss=   8.0207      best=1      size=  57      nSHD_c=   2.3333      nSHD=   2.2667      tpr_c=   0.3509      change_adj_count=65      
2022-08-17 BST 22:22:05,960 - INFO - Before params
2022-08-17 BST 22:22:05,960 - INFO - After params={'MAX_SIZE': [66], 'LAMBDA': [10], 'NOISE_TEMPERATURE': [1], 'h_NULL': [0], 'h_LR': [0.0001], 'z_RHO': [0], 'z_MU': [0]}
2022-08-17 BST 22:22:05,960 - INFO - After metrics={'train_loss': [6.376471104160432], 'val_loss': [8.02065904935201], 'size': [57], 'nshd_c': [2.3333333333333335], 'nshd': [2.2666666666666666], 'tpr': [0.39285714285714285], 'tpr_c': [0.3508771929824561], 'change_adj_count': [65]}
2022-08-17 BST 22:22:05,979 - INFO - After to_save=   MAX_SIZE  LAMBDA  NOISE_TEMPERATURE  ...       tpr     tpr_c  change_adj_count
0        66      10                  1  ...  0.392857  0.350877                65

[1 rows x 16 columns]
2022-08-17 BST 22:22:05,980 - INFO - After file_path='../results/l_66_4hps.csv'
2022-08-17 BST 22:22:05,982 - INFO - Last epoch results saved in l_66_4hps.csv
2022-08-17 BST 22:22:05,982 - INFO - 

DAG 19: size_true=57	X.var()=24.8142
2022-08-17 BST 22:22:06,278 - INFO -  epoch=   1      train_loss=  22.2824      val_loss=  15.7426      best=1      size=  44      nSHD_c=   3.0667      nSHD=   3.0667      tpr_c=   0.0909      change_adj_count=5      
2022-08-17 BST 22:22:23,931 - INFO -  epoch= 100      train_loss=  16.1467      val_loss= 121.4033      best=1      size=  57      nSHD_c=   2.7667      nSHD=   2.7333      tpr_c=   0.2632      change_adj_count=38      
2022-08-17 BST 22:22:41,383 - INFO -  epoch= 200      train_loss=  15.1535      val_loss=  84.4179      best=1      size=  57      nSHD_c=   2.7667      nSHD=   2.7333      tpr_c=   0.2632      change_adj_count=38      
2022-08-17 BST 22:22:58,351 - INFO -  epoch= 300      train_loss=  14.0848      val_loss=  69.8467      best=1      size=  57      nSHD_c=   2.7667      nSHD=   2.7333      tpr_c=   0.2632      change_adj_count=38      
2022-08-17 BST 22:23:15,106 - INFO -  epoch= 400      train_loss=  13.2629      val_loss=  48.0137      best=1      size=  56      nSHD_c=   2.7333      nSHD=   2.7000      tpr_c=   0.2679      change_adj_count=39      
2022-08-17 BST 22:23:33,993 - INFO -  epoch= 500      train_loss=  12.2265      val_loss=  39.8723      best=1      size=  55      nSHD_c=   2.7000      nSHD=   2.6667      tpr_c=   0.2727      change_adj_count=40      
2022-08-17 BST 22:23:52,968 - INFO -  epoch= 600      train_loss=  11.1735      val_loss=  32.3267      best=1      size=  55      nSHD_c=   2.7000      nSHD=   2.6667      tpr_c=   0.2727      change_adj_count=40      
2022-08-17 BST 22:24:11,342 - INFO -  epoch= 700      train_loss=  10.7255      val_loss=  25.8696      best=1      size=  55      nSHD_c=   2.7000      nSHD=   2.6667      tpr_c=   0.2727      change_adj_count=41      
2022-08-17 BST 22:24:30,418 - INFO -  epoch= 800      train_loss=   9.9779      val_loss=  21.9990      best=1      size=  55      nSHD_c=   2.7000      nSHD=   2.6667      tpr_c=   0.2727      change_adj_count=41      
2022-08-17 BST 22:24:51,003 - INFO -  epoch= 900      train_loss=   9.4138      val_loss=  17.0036      best=1      size=  55      nSHD_c=   2.6667      nSHD=   2.6000      tpr_c=   0.2727      change_adj_count=42      
2022-08-17 BST 22:25:11,641 - INFO -  epoch=1000      train_loss=   8.6339      val_loss=  14.3532      best=1      size=  55      nSHD_c=   2.6667      nSHD=   2.6000      tpr_c=   0.2727      change_adj_count=42      
2022-08-17 BST 22:25:11,642 - INFO - Before params
2022-08-17 BST 22:25:11,642 - INFO - After params={'MAX_SIZE': [66], 'LAMBDA': [10], 'NOISE_TEMPERATURE': [1], 'h_NULL': [0], 'h_LR': [0.0001], 'z_RHO': [0], 'z_MU': [0]}
2022-08-17 BST 22:25:11,642 - INFO - After metrics={'train_loss': [8.633932344375118], 'val_loss': [14.353220303853353], 'size': [55], 'nshd_c': [2.6666666666666665], 'nshd': [2.6], 'tpr': [0.2982456140350877], 'tpr_c': [0.2727272727272727], 'change_adj_count': [42]}
2022-08-17 BST 22:25:11,663 - INFO - After to_save=   MAX_SIZE  LAMBDA  NOISE_TEMPERATURE  ...       tpr     tpr_c  change_adj_count
0        66      10                  1  ...  0.298246  0.272727                42

[1 rows x 16 columns]
2022-08-17 BST 22:25:11,663 - INFO - After file_path='../results/l_66_4hps.csv'
2022-08-17 BST 22:25:11,665 - INFO - Last epoch results saved in l_66_4hps.csv
2022-08-17 BST 22:25:11,666 - INFO - 

DAG 20: size_true=59	X.var()=201.6824
2022-08-17 BST 22:25:11,913 - INFO -  epoch=   1      train_loss= 185.7132      val_loss=  54.6223      best=1      size=  40      nSHD_c=   3.0667      nSHD=   3.0667      tpr_c=   0.0500      change_adj_count=5      
2022-08-17 BST 22:25:30,726 - INFO -  epoch= 100      train_loss=  84.3548      val_loss=2297.8198      best=1      size=  60      nSHD_c=   3.5000      nSHD=   3.4333      tpr_c=   0.1000      change_adj_count=37      
2022-08-17 BST 22:25:49,847 - INFO -  epoch= 200      train_loss=  71.9694      val_loss=1278.4857      best=1      size=  58      nSHD_c=   3.4333      nSHD=   3.3667      tpr_c=   0.1034      change_adj_count=56      
2022-08-17 BST 22:26:08,973 - INFO -  epoch= 300      train_loss=  58.9088      val_loss= 780.1264      best=1      size=  55      nSHD_c=   3.3333      nSHD=   3.2667      tpr_c=   0.1091      change_adj_count=62      
2022-08-17 BST 22:26:28,826 - INFO -  epoch= 400      train_loss=  51.8549      val_loss= 485.3755      best=1      size=  53      nSHD_c=   3.2667      nSHD=   3.2000      tpr_c=   0.1132      change_adj_count=65      
2022-08-17 BST 22:26:48,904 - INFO -  epoch= 500      train_loss=  45.4066      val_loss= 322.2939      best=1      size=  51      nSHD_c=   3.2000      nSHD=   3.1333      tpr_c=   0.1176      change_adj_count=69      
2022-08-17 BST 22:27:09,242 - INFO -  epoch= 600      train_loss=  40.2098      val_loss= 198.0625      best=1      size=  51      nSHD_c=   3.1333      nSHD=   3.0667      tpr_c=   0.1373      change_adj_count=72      
2022-08-17 BST 22:27:29,360 - INFO -  epoch= 700      train_loss=  36.1917      val_loss= 187.8439      best=1      size=  51      nSHD_c=   3.1333      nSHD=   3.0667      tpr_c=   0.1373      change_adj_count=72      
2022-08-17 BST 22:27:49,098 - INFO -  epoch= 800      train_loss=  32.3170      val_loss= 113.3476      best=1      size=  51      nSHD_c=   3.1333      nSHD=   3.0667      tpr_c=   0.1373      change_adj_count=73      
2022-08-17 BST 22:28:08,192 - INFO -  epoch= 900      train_loss=  30.7531      val_loss=  91.6410      best=1      size=  51      nSHD_c=   3.1000      nSHD=   3.0667      tpr_c=   0.1569      change_adj_count=74      
2022-08-17 BST 22:28:27,193 - INFO -  epoch=1000      train_loss=  29.2820      val_loss=  90.6746      best=1      size=  51      nSHD_c=   3.0667      nSHD=   3.0000      tpr_c=   0.1569      change_adj_count=75      
2022-08-17 BST 22:28:27,193 - INFO - Before params
2022-08-17 BST 22:28:27,194 - INFO - After params={'MAX_SIZE': [66], 'LAMBDA': [10], 'NOISE_TEMPERATURE': [1], 'h_NULL': [0], 'h_LR': [0.0001], 'z_RHO': [0], 'z_MU': [0]}
2022-08-17 BST 22:28:27,194 - INFO - After metrics={'train_loss': [29.28195313484438], 'val_loss': [90.67455609639485], 'size': [51], 'nshd_c': [3.066666666666667], 'nshd': [3.0], 'tpr': [0.1694915254237288], 'tpr_c': [0.1568627450980392], 'change_adj_count': [75]}
2022-08-17 BST 22:28:27,211 - INFO - After to_save=   MAX_SIZE  LAMBDA  NOISE_TEMPERATURE  ...       tpr     tpr_c  change_adj_count
0        66      10                  1  ...  0.169492  0.156863                75

[1 rows x 16 columns]
2022-08-17 BST 22:28:27,211 - INFO - After file_path='../results/l_66_4hps.csv'
2022-08-17 BST 22:28:27,213 - INFO - Last epoch results saved in l_66_4hps.csv
2022-08-17 BST 22:28:27,213 - INFO - 

DAG 21: size_true=57	X.var()=21.1204
2022-08-17 BST 22:28:27,465 - INFO -  epoch=   1      train_loss=  19.3064      val_loss=  10.6324      best=1      size=  46      nSHD_c=   2.8667      nSHD=   2.8667      tpr_c=   0.1304      change_adj_count=5      
2022-08-17 BST 22:28:46,903 - INFO -  epoch= 100      train_loss=  13.4082      val_loss= 116.3053      best=1      size=  54      nSHD_c=   2.9000      nSHD=   2.8333      tpr_c=   0.1667      change_adj_count=27      
2022-08-17 BST 22:29:06,120 - INFO -  epoch= 200      train_loss=  12.3727      val_loss=  92.4571      best=1      size=  53      nSHD_c=   2.8667      nSHD=   2.8000      tpr_c=   0.1698      change_adj_count=29      
2022-08-17 BST 22:29:24,162 - INFO -  epoch= 300      train_loss=  11.4210      val_loss=  61.1821      best=1      size=  53      nSHD_c=   2.8333      nSHD=   2.8000      tpr_c=   0.1887      change_adj_count=41      
2022-08-17 BST 22:29:42,538 - INFO -  epoch= 400      train_loss=  10.4788      val_loss=  51.0838      best=1      size=  53      nSHD_c=   2.8333      nSHD=   2.8000      tpr_c=   0.1887      change_adj_count=41      
2022-08-17 BST 22:30:01,721 - INFO -  epoch= 500      train_loss=   9.8109      val_loss=  35.2878      best=1      size=  53      nSHD_c=   2.8333      nSHD=   2.8000      tpr_c=   0.1887      change_adj_count=42      
2022-08-17 BST 22:30:21,248 - INFO -  epoch= 600      train_loss=   9.0700      val_loss=  29.8223      best=1      size=  53      nSHD_c=   2.8333      nSHD=   2.8000      tpr_c=   0.1887      change_adj_count=42      
2022-08-17 BST 22:30:39,083 - INFO -  epoch= 700      train_loss=   8.6422      val_loss=  21.8408      best=1      size=  53      nSHD_c=   2.8333      nSHD=   2.8000      tpr_c=   0.1887      change_adj_count=42      
2022-08-17 BST 22:30:58,925 - INFO -  epoch= 800      train_loss=   8.1541      val_loss=  19.4757      best=1      size=  52      nSHD_c=   2.8000      nSHD=   2.7667      tpr_c=   0.1923      change_adj_count=43      
2022-08-17 BST 22:31:16,037 - INFO -  epoch= 900      train_loss=   7.6000      val_loss=  14.6197      best=1      size=  51      nSHD_c=   2.7667      nSHD=   2.7333      tpr_c=   0.1961      change_adj_count=44      
2022-08-17 BST 22:31:34,778 - INFO -  epoch=1000      train_loss=   7.2171      val_loss=  13.7627      best=1      size=  51      nSHD_c=   2.7333      nSHD=   2.7000      tpr_c=   0.2157      change_adj_count=44      
2022-08-17 BST 22:31:34,778 - INFO - Before params
2022-08-17 BST 22:31:34,779 - INFO - After params={'MAX_SIZE': [66], 'LAMBDA': [10], 'NOISE_TEMPERATURE': [1], 'h_NULL': [0], 'h_LR': [0.0001], 'z_RHO': [0], 'z_MU': [0]}
2022-08-17 BST 22:31:34,779 - INFO - After metrics={'train_loss': [7.217072902187224], 'val_loss': [13.762669404347738], 'size': [51], 'nshd_c': [2.7333333333333334], 'nshd': [2.7], 'tpr': [0.21052631578947367], 'tpr_c': [0.21568627450980393], 'change_adj_count': [44]}
2022-08-17 BST 22:31:34,796 - INFO - After to_save=   MAX_SIZE  LAMBDA  NOISE_TEMPERATURE  ...       tpr     tpr_c  change_adj_count
0        66      10                  1  ...  0.210526  0.215686                44

[1 rows x 16 columns]
2022-08-17 BST 22:31:34,796 - INFO - After file_path='../results/l_66_4hps.csv'
2022-08-17 BST 22:31:34,798 - INFO - Last epoch results saved in l_66_4hps.csv
2022-08-17 BST 22:31:34,799 - INFO - 

DAG 22: size_true=60	X.var()=129.8499
2022-08-17 BST 22:31:35,122 - INFO -  epoch=   1      train_loss= 119.7110      val_loss=  52.5694      best=1      size=  45      nSHD_c=   2.8333      nSHD=   2.8333      tpr_c=   0.1778      change_adj_count=5      
2022-08-17 BST 22:31:55,378 - INFO -  epoch= 100      train_loss=  62.1325      val_loss=1553.7703      best=1      size=  59      nSHD_c=   3.0667      nSHD=   3.0667      tpr_c=   0.2203      change_adj_count=30      
2022-08-17 BST 22:32:14,460 - INFO -  epoch= 200      train_loss=  51.5033      val_loss= 967.8402      best=1      size=  58      nSHD_c=   3.0000      nSHD=   2.9667      tpr_c=   0.2241      change_adj_count=34      
2022-08-17 BST 22:32:35,351 - INFO -  epoch= 300      train_loss=  44.2992      val_loss= 539.5932      best=1      size=  58      nSHD_c=   3.0000      nSHD=   2.9667      tpr_c=   0.2241      change_adj_count=35      
2022-08-17 BST 22:32:55,660 - INFO -  epoch= 400      train_loss=  36.3453      val_loss= 399.9562      best=1      size=  58      nSHD_c=   2.9333      nSHD=   2.8667      tpr_c=   0.2241      change_adj_count=37      
2022-08-17 BST 22:33:16,017 - INFO -  epoch= 500      train_loss=  32.6464      val_loss= 218.5230      best=1      size=  57      nSHD_c=   2.9000      nSHD=   2.8333      tpr_c=   0.2281      change_adj_count=38      
2022-08-17 BST 22:33:36,535 - INFO -  epoch= 600      train_loss=  28.0697      val_loss= 158.2997      best=1      size=  56      nSHD_c=   2.8667      nSHD=   2.8000      tpr_c=   0.2321      change_adj_count=39      
2022-08-17 BST 22:33:56,900 - INFO -  epoch= 700      train_loss=  25.1847      val_loss= 108.6897      best=1      size=  55      nSHD_c=   2.9000      nSHD=   2.8333      tpr_c=   0.2182      change_adj_count=40      
2022-08-17 BST 22:34:17,398 - INFO -  epoch= 800      train_loss=  24.0392      val_loss=  90.1870      best=1      size=  54      nSHD_c=   2.8667      nSHD=   2.8000      tpr_c=   0.2222      change_adj_count=41      
2022-08-17 BST 22:34:38,574 - INFO -  epoch= 900      train_loss=  22.0050      val_loss=  75.3190      best=1      size=  54      nSHD_c=   2.8667      nSHD=   2.8000      tpr_c=   0.2222      change_adj_count=41      
2022-08-17 BST 22:34:59,288 - INFO -  epoch=1000      train_loss=  20.6722      val_loss=  61.0439      best=1      size=  55      nSHD_c=   2.8667      nSHD=   2.7667      tpr_c=   0.2182      change_adj_count=42      
2022-08-17 BST 22:34:59,289 - INFO - Before params
2022-08-17 BST 22:34:59,290 - INFO - After params={'MAX_SIZE': [66], 'LAMBDA': [10], 'NOISE_TEMPERATURE': [1], 'h_NULL': [0], 'h_LR': [0.0001], 'z_RHO': [0], 'z_MU': [0]}
2022-08-17 BST 22:34:59,290 - INFO - After metrics={'train_loss': [20.67224031879056], 'val_loss': [61.043891270955406], 'size': [55], 'nshd_c': [2.8666666666666667], 'nshd': [2.7666666666666666], 'tpr': [0.25], 'tpr_c': [0.21818181818181817], 'change_adj_count': [42]}
2022-08-17 BST 22:34:59,322 - INFO - After to_save=   MAX_SIZE  LAMBDA  NOISE_TEMPERATURE  ...   tpr     tpr_c  change_adj_count
0        66      10                  1  ...  0.25  0.218182                42

[1 rows x 16 columns]
2022-08-17 BST 22:34:59,323 - INFO - After file_path='../results/l_66_4hps.csv'
2022-08-17 BST 22:34:59,326 - INFO - Last epoch results saved in l_66_4hps.csv
2022-08-17 BST 22:34:59,326 - INFO - 

DAG 23: size_true=49	X.var()=14.1269
2022-08-17 BST 22:34:59,621 - INFO -  epoch=   1      train_loss=  13.3531      val_loss=   9.8492      best=1      size=  49      nSHD_c=   2.6000      nSHD=   2.5667      tpr_c=   0.1224      change_adj_count=5      
2022-08-17 BST 22:35:20,664 - INFO -  epoch= 100      train_loss=  10.1248      val_loss=  53.8765      best=1      size=  51      nSHD_c=   1.9333      nSHD=   1.8000      tpr_c=   0.3725      change_adj_count=42      
2022-08-17 BST 22:35:40,276 - INFO -  epoch= 200      train_loss=   9.4826      val_loss=  44.0107      best=1      size=  51      nSHD_c=   1.9000      nSHD=   1.8000      tpr_c=   0.3922      change_adj_count=53      
2022-08-17 BST 22:36:01,083 - INFO -  epoch= 300      train_loss=   8.9431      val_loss=  33.0175      best=1      size=  51      nSHD_c=   1.8667      nSHD=   1.7333      tpr_c=   0.3922      change_adj_count=59      
2022-08-17 BST 22:36:22,620 - INFO -  epoch= 400      train_loss=   8.2291      val_loss=  23.7935      best=1      size=  53      nSHD_c=   1.9000      nSHD=   1.7333      tpr_c=   0.3774      change_adj_count=67      
2022-08-17 BST 22:36:42,561 - INFO -  epoch= 500      train_loss=   7.8240      val_loss=  19.0074      best=1      size=  54      nSHD_c=   1.9667      nSHD=   1.7000      tpr_c=   0.3333      change_adj_count=70      
2022-08-17 BST 22:37:02,715 - INFO -  epoch= 600      train_loss=   7.2703      val_loss=  14.8828      best=1      size=  54      nSHD_c=   1.9667      nSHD=   1.7000      tpr_c=   0.3333      change_adj_count=70      
2022-08-17 BST 22:37:21,891 - INFO -  epoch= 700      train_loss=   6.6573      val_loss=  10.9435      best=1      size=  54      nSHD_c=   1.8333      nSHD=   1.6333      tpr_c=   0.3889      change_adj_count=73      
2022-08-17 BST 22:37:42,296 - INFO -  epoch= 800      train_loss=   6.3692      val_loss=   9.0636      best=1      size=  53      nSHD_c=   1.8333      nSHD=   1.6667      tpr_c=   0.3962      change_adj_count=76      
2022-08-17 BST 22:38:02,584 - INFO -  epoch= 900      train_loss=   6.1505      val_loss=   8.6558      best=1      size=  53      nSHD_c=   1.8000      nSHD=   1.6000      tpr_c=   0.3962      change_adj_count=77      
2022-08-17 BST 22:38:20,689 - INFO -  epoch=1000      train_loss=   5.7830      val_loss=   6.9464      best=1      size=  54      nSHD_c=   1.7667      nSHD=   1.5667      tpr_c=   0.4074      change_adj_count=79      
2022-08-17 BST 22:38:20,689 - INFO - Before params
2022-08-17 BST 22:38:20,689 - INFO - After params={'MAX_SIZE': [66], 'LAMBDA': [10], 'NOISE_TEMPERATURE': [1], 'h_NULL': [0], 'h_LR': [0.0001], 'z_RHO': [0], 'z_MU': [0]}
2022-08-17 BST 22:38:20,689 - INFO - After metrics={'train_loss': [5.782997239020563], 'val_loss': [6.946359634399414], 'size': [54], 'nshd_c': [1.7666666666666666], 'nshd': [1.5666666666666667], 'tpr': [0.5714285714285714], 'tpr_c': [0.4074074074074074], 'change_adj_count': [79]}
2022-08-17 BST 22:38:20,706 - INFO - After to_save=   MAX_SIZE  LAMBDA  NOISE_TEMPERATURE  ...       tpr     tpr_c  change_adj_count
0        66      10                  1  ...  0.571429  0.407407                79

[1 rows x 16 columns]
2022-08-17 BST 22:38:20,706 - INFO - After file_path='../results/l_66_4hps.csv'
2022-08-17 BST 22:38:20,709 - INFO - Last epoch results saved in l_66_4hps.csv
2022-08-17 BST 22:38:20,709 - INFO - 
last_mean_nshd_c=2.5931
2022-08-17 BST 22:38:20,709 - INFO - 
Time taken 1:14:55 (h:mm:ss)
2022-08-17 BST 22:38:20,709 - INFO - 
End of log for run 2022-08-17_BST_21:23:25,971_l_66_4hps_201
