2022-08-17 BST 21:35:59,665 - INFO - 
Log for run 2022-08-17_BST_21:35:59,633_l_66_4hps_205

2022-08-17 BST 21:35:59,665 - INFO - COMMENT = ''
2022-08-17 BST 21:35:59,665 - INFO - DATA_FOLDER = '../data'
2022-08-17 BST 21:35:59,665 - INFO - LATENTS_FOLDER = '../latents'
2022-08-17 BST 21:35:59,665 - INFO - LOGS_FOLDER = '../logs'
2022-08-17 BST 21:35:59,665 - INFO - MODEL_FOLDER = '../models'
2022-08-17 BST 21:35:59,666 - INFO - RESULTS_FOLDER = '../results'
2022-08-17 BST 21:35:59,666 - INFO - DEVICE = torch.device("cuda" if torch.cuda.is_available() else "cpu")  # Used: "cuda"
2022-08-17 BST 21:35:59,666 - INFO - LATENTS = False
2022-08-17 BST 21:35:59,666 - INFO - MATRIX_REPORT = False
2022-08-17 BST 21:35:59,666 - INFO - LABEL = True
2022-08-17 BST 21:35:59,666 - INFO - SAVE_TO_ODS = False
2022-08-17 BST 21:35:59,666 - INFO - VAL_LOSS_FROM_DAG = True
2022-08-17 BST 21:35:59,666 - INFO - WANDB = False
2022-08-17 BST 21:35:59,666 - INFO - WANDB_PROJECT = 'Thetas'
2022-08-17 BST 21:35:59,666 - INFO - GRAD_LOG = False
2022-08-17 BST 21:35:59,666 - INFO - N_TRIALS = 1
2022-08-17 BST 21:35:59,666 - INFO - OPTUNA_STRINGS = {'None': None, 'True': True, 'False': False}
2022-08-17 BST 21:35:59,666 - INFO - TQDM = False
2022-08-17 BST 21:35:59,666 - INFO - 
hyperparameters = {
2022-08-17 BST 21:35:59,666 - INFO - 	'GRAPH_TYPE': 'ER2',
2022-08-17 BST 21:35:59,666 - INFO - 	'D': 30,
2022-08-17 BST 21:35:59,666 - INFO - 	'MAX_SIZE': 66,
2022-08-17 BST 21:35:59,666 - INFO - 	'SEM_NOISE': 'gaussian_ev',
2022-08-17 BST 21:35:59,666 - INFO - 	'N': 1200,
2022-08-17 BST 21:35:59,666 - INFO - 	'VAL': 0.16666666666666666,
2022-08-17 BST 21:35:59,666 - INFO - 	'N_EPOCHS': 1000,
2022-08-17 BST 21:35:59,666 - INFO - 	'BATCH_SIZE': 32,
2022-08-17 BST 21:35:59,667 - INFO - 	'LOG2_BATCH_SIZE': None,
2022-08-17 BST 21:35:59,667 - INFO - 	'BATCH_SHUFFLE': True,
2022-08-17 BST 21:35:59,667 - INFO - 	'N_SAMPLES': 10,
2022-08-17 BST 21:35:59,667 - INFO - 	'MODE': 'max_dag_test_only',
2022-08-17 BST 21:35:59,667 - INFO - 	'AFAS_SCHEDULER': None,
2022-08-17 BST 21:35:59,667 - INFO - 	'MINIZINC_SOLVER': None,
2022-08-17 BST 21:35:59,667 - INFO - 	'f_LINEAR_LAYERS': (),
2022-08-17 BST 21:35:59,667 - INFO - 	'f_BIAS': False,
2022-08-17 BST 21:35:59,667 - INFO - 	'p_LAYER': None,
2022-08-17 BST 21:35:59,667 - INFO - 	'STREAMLINE': False,
2022-08-17 BST 21:35:59,667 - INFO - 	'THRESHOLD': 0.0,
2022-08-17 BST 21:35:59,667 - INFO - 	'h_LINEAR_LAYERS': (),
2022-08-17 BST 21:35:59,667 - INFO - 	'h_NULL': 0.001,
2022-08-17 BST 21:35:59,667 - INFO - 	'h_LR': 0.0001,
2022-08-17 BST 21:35:59,667 - INFO - 	'h_OPTIMIZER': 'torch.optim.Adam(overall_net.h_net.parameters(), lr=h.h_LR)',
2022-08-17 BST 21:35:59,667 - INFO - 	'f_LR': 0.0117744218586073,
2022-08-17 BST 21:35:59,667 - INFO - 	'f_OPTIMIZER': 'torch.optim.Adam(overall_net.f_net.parameters(), lr=h.f_LR)',
2022-08-17 BST 21:35:59,667 - INFO - 	'NOISE_TEMPERATURE': 1,
2022-08-17 BST 21:35:59,667 - INFO - 	'NOISE_DISTRIBUTION': 'LogisticNoiseDistribution()',
2022-08-17 BST 21:35:59,667 - INFO - 	'LAMBDA': 10,
2022-08-17 BST 21:35:59,667 - INFO - 	'LOSS_FN': 'torch.nn.MSELoss()',
2022-08-17 BST 21:35:59,667 - INFO - 	'REGULARIZER': None,
2022-08-17 BST 21:35:59,667 - INFO - 	'z_RHO': 0,
2022-08-17 BST 21:35:59,667 - INFO - 	'z_MU': 0,
2022-08-17 BST 21:35:59,668 - INFO - 	'z_REGULARIZER': 'NoTearsZRegularizer(h.D, h.z_RHO, h.z_MU, c.DEVICE)',
2022-08-17 BST 21:35:59,668 - INFO - 	'LR_SCHEDULER': None,
2022-08-17 BST 21:35:59,668 - INFO - 	'DATA_CATEGORY': 'test',
2022-08-17 BST 21:35:59,668 - INFO - 	'DAGS': '030_ER2_gaussian_ev_2022-08-12_BST_09:55:21,293_create_dags'
2022-08-17 BST 21:35:59,668 - INFO - }

2022-08-17 BST 21:36:00,530 - INFO - 

DAG 0: size_true=69	X.var()=185.8479
2022-08-17 BST 21:36:03,186 - INFO -  epoch=   1      train_loss= 176.9538      val_loss=  69.4781      best=1      size=  45      nSHD_c=   2.8667      nSHD=   2.8667      tpr_c=   0.2889      change_adj_count=5      
2022-08-17 BST 21:36:22,853 - INFO -  epoch= 100      train_loss=  88.1489      val_loss=2148.5299      best=1      size=  60      nSHD_c=   2.9667      nSHD=   2.9667      tpr_c=   0.3333      change_adj_count=30      
2022-08-17 BST 21:36:41,700 - INFO -  epoch= 200      train_loss=  70.7994      val_loss=1268.5949      best=1      size=  59      nSHD_c=   3.0000      nSHD=   3.0000      tpr_c=   0.3220      change_adj_count=32      
2022-08-17 BST 21:37:00,780 - INFO -  epoch= 300      train_loss=  61.2884      val_loss= 693.7026      best=1      size=  57      nSHD_c=   2.9000      nSHD=   2.8667      tpr_c=   0.3333      change_adj_count=40      
2022-08-17 BST 21:37:19,927 - INFO -  epoch= 400      train_loss=  50.6583      val_loss= 469.7392      best=1      size=  57      nSHD_c=   2.8000      nSHD=   2.8000      tpr_c=   0.3684      change_adj_count=43      
2022-08-17 BST 21:37:38,951 - INFO -  epoch= 500      train_loss=  45.0194      val_loss= 298.3164      best=1      size=  57      nSHD_c=   2.8000      nSHD=   2.8000      tpr_c=   0.3684      change_adj_count=48      
2022-08-17 BST 21:37:57,506 - INFO -  epoch= 600      train_loss=  39.4003      val_loss= 204.5481      best=1      size=  57      nSHD_c=   2.8000      nSHD=   2.8000      tpr_c=   0.3684      change_adj_count=48      
2022-08-17 BST 21:38:15,686 - INFO -  epoch= 700      train_loss=  34.2393      val_loss= 143.7343      best=1      size=  56      nSHD_c=   2.7667      nSHD=   2.7667      tpr_c=   0.3750      change_adj_count=49      
2022-08-17 BST 21:38:34,040 - INFO -  epoch= 800      train_loss=  31.5585      val_loss= 101.8539      best=1      size=  56      nSHD_c=   2.7667      nSHD=   2.7667      tpr_c=   0.3750      change_adj_count=52      
2022-08-17 BST 21:38:52,563 - INFO -  epoch= 900      train_loss=  29.2275      val_loss=  82.0226      best=1      size=  56      nSHD_c=   2.7667      nSHD=   2.7667      tpr_c=   0.3750      change_adj_count=53      
2022-08-17 BST 21:39:11,213 - INFO -  epoch=1000      train_loss=  25.7722      val_loss=  72.1438      best=1      size=  56      nSHD_c=   2.7667      nSHD=   2.7667      tpr_c=   0.3750      change_adj_count=53      
2022-08-17 BST 21:39:11,214 - INFO - Before params
2022-08-17 BST 21:39:11,214 - INFO - After params={'MAX_SIZE': [66], 'LAMBDA': [10], 'NOISE_TEMPERATURE': [1], 'h_NULL': [0.001], 'h_LR': [0.0001], 'z_RHO': [0], 'z_MU': [0]}
2022-08-17 BST 21:39:11,214 - INFO - After metrics={'train_loss': [25.772151270220355], 'val_loss': [72.14375495910645], 'size': [56], 'nshd_c': [2.7666666666666666], 'nshd': [2.7666666666666666], 'tpr': [0.30434782608695654], 'tpr_c': [0.375], 'change_adj_count': [53]}
2022-08-17 BST 21:39:11,236 - INFO - After to_save=   MAX_SIZE  LAMBDA  NOISE_TEMPERATURE  ...       tpr  tpr_c  change_adj_count
0        66      10                  1  ...  0.304348  0.375                53

[1 rows x 16 columns]
2022-08-17 BST 21:39:11,236 - INFO - After file_path='../results/l_66_4hps.csv'
2022-08-17 BST 21:39:11,240 - INFO - Last epoch results saved in l_66_4hps.csv
2022-08-17 BST 21:39:11,241 - INFO - 

DAG 1: size_true=67	X.var()=127.1156
2022-08-17 BST 21:39:11,492 - INFO -  epoch=   1      train_loss= 115.2714      val_loss=  56.2944      best=1      size=  44      nSHD_c=   3.1333      nSHD=   3.1333      tpr_c=   0.1818      change_adj_count=5      
2022-08-17 BST 21:39:30,125 - INFO -  epoch= 100      train_loss=  51.9161      val_loss=2090.7240      best=1      size=  60      nSHD_c=   3.6000      nSHD=   3.5667      tpr_c=   0.1500      change_adj_count=28      
2022-08-17 BST 21:39:48,912 - INFO -  epoch= 200      train_loss=  43.0840      val_loss=1274.9309      best=1      size=  60      nSHD_c=   3.5667      nSHD=   3.5667      tpr_c=   0.1667      change_adj_count=34      
2022-08-17 BST 21:40:07,277 - INFO -  epoch= 300      train_loss=  36.5676      val_loss= 774.8041      best=1      size=  60      nSHD_c=   3.5667      nSHD=   3.5667      tpr_c=   0.1667      change_adj_count=34      
2022-08-17 BST 21:40:26,299 - INFO -  epoch= 400      train_loss=  30.9531      val_loss= 499.3939      best=1      size=  60      nSHD_c=   3.5667      nSHD=   3.5667      tpr_c=   0.1667      change_adj_count=35      
2022-08-17 BST 21:40:45,226 - INFO -  epoch= 500      train_loss=  28.2839      val_loss= 303.5971      best=1      size=  60      nSHD_c=   3.5667      nSHD=   3.5667      tpr_c=   0.1667      change_adj_count=35      
2022-08-17 BST 21:41:03,892 - INFO -  epoch= 600      train_loss=  24.7133      val_loss= 218.7902      best=1      size=  59      nSHD_c=   3.5333      nSHD=   3.5333      tpr_c=   0.1695      change_adj_count=36      
2022-08-17 BST 21:41:22,719 - INFO -  epoch= 700      train_loss=  22.3504      val_loss= 162.3429      best=1      size=  59      nSHD_c=   3.5333      nSHD=   3.5333      tpr_c=   0.1695      change_adj_count=36      
2022-08-17 BST 21:41:41,433 - INFO -  epoch= 800      train_loss=  20.9003      val_loss= 115.3077      best=1      size=  59      nSHD_c=   3.4667      nSHD=   3.4000      tpr_c=   0.1695      change_adj_count=39      
2022-08-17 BST 21:42:00,254 - INFO -  epoch= 900      train_loss=  19.5052      val_loss= 101.2081      best=1      size=  59      nSHD_c=   3.4667      nSHD=   3.4000      tpr_c=   0.1695      change_adj_count=39      
2022-08-17 BST 21:42:19,193 - INFO -  epoch=1000      train_loss=  18.8915      val_loss=  90.1784      best=1      size=  59      nSHD_c=   3.4667      nSHD=   3.4000      tpr_c=   0.1695      change_adj_count=41      
2022-08-17 BST 21:42:19,193 - INFO - Before params
2022-08-17 BST 21:42:19,193 - INFO - After params={'MAX_SIZE': [66], 'LAMBDA': [10], 'NOISE_TEMPERATURE': [1], 'h_NULL': [0.001], 'h_LR': [0.0001], 'z_RHO': [0], 'z_MU': [0]}
2022-08-17 BST 21:42:19,193 - INFO - After metrics={'train_loss': [18.891482414737826], 'val_loss': [90.17844899495442], 'size': [59], 'nshd_c': [3.466666666666667], 'nshd': [3.4], 'tpr': [0.1791044776119403], 'tpr_c': [0.1694915254237288], 'change_adj_count': [41]}
2022-08-17 BST 21:42:19,212 - INFO - After to_save=   MAX_SIZE  LAMBDA  NOISE_TEMPERATURE  ...       tpr     tpr_c  change_adj_count
0        66      10                  1  ...  0.179104  0.169492                41

[1 rows x 16 columns]
2022-08-17 BST 21:42:19,212 - INFO - After file_path='../results/l_66_4hps.csv'
2022-08-17 BST 21:42:19,215 - INFO - Last epoch results saved in l_66_4hps.csv
2022-08-17 BST 21:42:19,215 - INFO - 

DAG 2: size_true=64	X.var()=25.7432
2022-08-17 BST 21:42:19,518 - INFO -  epoch=   1      train_loss=  24.4208      val_loss=  18.7822      best=1      size=  53      nSHD_c=   3.3333      nSHD=   3.3000      tpr_c=   0.1132      change_adj_count=5      
2022-08-17 BST 21:42:19,794 - INFO -  epoch=   2      train_loss=  22.4433      val_loss=  11.3634      best=1      size=  47      nSHD_c=   2.7000      nSHD=   2.6000      tpr_c=   0.2553      change_adj_count=6      
2022-08-17 BST 21:42:39,647 - INFO -  epoch= 100      train_loss=  18.2888      val_loss=  70.6544      best=1      size=  57      nSHD_c=   2.7667      nSHD=   2.6333      tpr_c=   0.2982      change_adj_count=24      
2022-08-17 BST 21:42:58,802 - INFO -  epoch= 200      train_loss=  16.6844      val_loss=  56.7735      best=1      size=  56      nSHD_c=   2.7333      nSHD=   2.6000      tpr_c=   0.3036      change_adj_count=29      
2022-08-17 BST 21:43:17,550 - INFO -  epoch= 300      train_loss=  15.4880      val_loss=  44.3005      best=1      size=  56      nSHD_c=   2.6667      nSHD=   2.5333      tpr_c=   0.3214      change_adj_count=35      
2022-08-17 BST 21:43:36,380 - INFO -  epoch= 400      train_loss=  14.4606      val_loss=  34.4835      best=1      size=  56      nSHD_c=   2.6667      nSHD=   2.5333      tpr_c=   0.3214      change_adj_count=35      
2022-08-17 BST 21:43:55,766 - INFO -  epoch= 500      train_loss=  13.1876      val_loss=  26.0345      best=1      size=  56      nSHD_c=   2.6667      nSHD=   2.5333      tpr_c=   0.3214      change_adj_count=35      
2022-08-17 BST 21:44:15,577 - INFO -  epoch= 600      train_loss=  12.0643      val_loss=  22.0190      best=1      size=  56      nSHD_c=   2.6667      nSHD=   2.5333      tpr_c=   0.3214      change_adj_count=38      
2022-08-17 BST 21:44:35,353 - INFO -  epoch= 700      train_loss=  11.2053      val_loss=  16.4388      best=1      size=  55      nSHD_c=   2.6333      nSHD=   2.5000      tpr_c=   0.3273      change_adj_count=44      
2022-08-17 BST 21:44:53,939 - INFO -  epoch= 800      train_loss=  10.6032      val_loss=  13.0865      best=1      size=  55      nSHD_c=   2.5333      nSHD=   2.4333      tpr_c=   0.3636      change_adj_count=46      
2022-08-17 BST 21:45:12,464 - INFO -  epoch= 900      train_loss=   9.7411      val_loss=  11.2836      best=1      size=  55      nSHD_c=   2.4333      nSHD=   2.3667      tpr_c=   0.4000      change_adj_count=47      
2022-08-17 BST 21:45:31,721 - INFO -  epoch=1000      train_loss=   8.9365      val_loss=  10.2226      best=1      size=  54      nSHD_c=   2.4000      nSHD=   2.3333      tpr_c=   0.4074      change_adj_count=49      
2022-08-17 BST 21:45:31,722 - INFO - Before params
2022-08-17 BST 21:45:31,722 - INFO - After params={'MAX_SIZE': [66], 'LAMBDA': [10], 'NOISE_TEMPERATURE': [1], 'h_NULL': [0.001], 'h_LR': [0.0001], 'z_RHO': [0], 'z_MU': [0]}
2022-08-17 BST 21:45:31,722 - INFO - After metrics={'train_loss': [8.936525021829913], 'val_loss': [10.222630818684896], 'size': [54], 'nshd_c': [2.4], 'nshd': [2.3333333333333335], 'tpr': [0.375], 'tpr_c': [0.4074074074074074], 'change_adj_count': [49]}
2022-08-17 BST 21:45:31,741 - INFO - After to_save=   MAX_SIZE  LAMBDA  NOISE_TEMPERATURE  ...    tpr     tpr_c  change_adj_count
0        66      10                  1  ...  0.375  0.407407                49

[1 rows x 16 columns]
2022-08-17 BST 21:45:31,741 - INFO - After file_path='../results/l_66_4hps.csv'
2022-08-17 BST 21:45:31,744 - INFO - Last epoch results saved in l_66_4hps.csv
2022-08-17 BST 21:45:31,744 - INFO - 

DAG 3: size_true=63	X.var()=265.9248
2022-08-17 BST 21:45:32,049 - INFO -  epoch=   1      train_loss= 223.0046      val_loss= 205.9821      best=1      size=  41      nSHD_c=   3.1000      nSHD=   3.0667      tpr_c=   0.0488      change_adj_count=5      
2022-08-17 BST 21:45:51,066 - INFO -  epoch= 100      train_loss= 106.8921      val_loss=3402.9632      best=1      size=  58      nSHD_c=   3.4333      nSHD=   3.4333      tpr_c=   0.1379      change_adj_count=54      
2022-08-17 BST 21:46:10,832 - INFO -  epoch= 200      train_loss=  90.5429      val_loss=1961.1079      best=1      size=  57      nSHD_c=   3.4000      nSHD=   3.4000      tpr_c=   0.1404      change_adj_count=75      
2022-08-17 BST 21:46:29,202 - INFO -  epoch= 300      train_loss=  77.9731      val_loss=1112.0410      best=1      size=  56      nSHD_c=   3.3333      nSHD=   3.3000      tpr_c=   0.1429      change_adj_count=85      
2022-08-17 BST 21:46:47,574 - INFO -  epoch= 400      train_loss=  68.0244      val_loss= 744.0365      best=1      size=  55      nSHD_c=   3.2000      nSHD=   3.2000      tpr_c=   0.1818      change_adj_count=97      
2022-08-17 BST 21:47:06,232 - INFO -  epoch= 500      train_loss=  57.7593      val_loss= 487.0237      best=1      size=  53      nSHD_c=   3.1333      nSHD=   3.1333      tpr_c=   0.1887      change_adj_count=106      
2022-08-17 BST 21:47:25,577 - INFO -  epoch= 600      train_loss=  52.6642      val_loss= 372.6420      best=1      size=  53      nSHD_c=   3.1333      nSHD=   3.1333      tpr_c=   0.1887      change_adj_count=113      
2022-08-17 BST 21:47:45,343 - INFO -  epoch= 700      train_loss=  48.4017      val_loss= 277.5863      best=1      size=  51      nSHD_c=   3.0667      nSHD=   3.0667      tpr_c=   0.1961      change_adj_count=124      
2022-08-17 BST 21:48:05,193 - INFO -  epoch= 800      train_loss=  43.7562      val_loss= 217.4660      best=1      size=  50      nSHD_c=   3.0333      nSHD=   3.0333      tpr_c=   0.2000      change_adj_count=132      
2022-08-17 BST 21:48:22,194 - INFO -  epoch= 891      train_loss=  43.3265      val_loss= 147.5209      best=1      size=  51      nSHD_c=   3.1000      nSHD=   3.1000      tpr_c=   0.1765      change_adj_count=138      
2022-08-17 BST 21:48:23,025 - INFO -  epoch= 895      train_loss=  42.1743      val_loss= 153.4243      best=1      size=  51      nSHD_c=   3.1000      nSHD=   3.1000      tpr_c=   0.1765      change_adj_count=138      
2022-08-17 BST 21:48:24,063 - INFO -  epoch= 900      train_loss=  42.2246      val_loss= 184.9841      best=1      size=  51      nSHD_c=   3.1000      nSHD=   3.1000      tpr_c=   0.1765      change_adj_count=138      
2022-08-17 BST 21:48:30,375 - INFO -  epoch= 934      train_loss=  41.1605      val_loss= 151.0050      best=1      size=  50      nSHD_c=   3.0667      nSHD=   3.0667      tpr_c=   0.1800      change_adj_count=139      
2022-08-17 BST 21:48:31,155 - INFO -  epoch= 938      train_loss=  39.7964      val_loss= 144.7933      best=1      size=  50      nSHD_c=   3.0667      nSHD=   3.0667      tpr_c=   0.1800      change_adj_count=139      
2022-08-17 BST 21:48:32,672 - INFO -  epoch= 946      train_loss=  41.6645      val_loss= 141.0272      best=1      size=  50      nSHD_c=   3.0667      nSHD=   3.0667      tpr_c=   0.1800      change_adj_count=139      
2022-08-17 BST 21:48:35,303 - INFO -  epoch= 960      train_loss=  41.4072      val_loss= 140.0847      best=1      size=  50      nSHD_c=   3.0667      nSHD=   3.0667      tpr_c=   0.1800      change_adj_count=139      
2022-08-17 BST 21:48:37,336 - INFO -  epoch= 970      train_loss=  39.2015      val_loss= 132.6706      best=1      size=  50      nSHD_c=   3.0667      nSHD=   3.0667      tpr_c=   0.1800      change_adj_count=139      
2022-08-17 BST 21:48:43,095 - INFO -  epoch=1000      train_loss=  39.9539      val_loss= 146.7938      best=1      size=  50      nSHD_c=   3.0333      nSHD=   3.0333      tpr_c=   0.2000      change_adj_count=139      
2022-08-17 BST 21:48:43,096 - INFO - Before params
2022-08-17 BST 21:48:43,096 - INFO - After params={'MAX_SIZE': [66], 'LAMBDA': [10], 'NOISE_TEMPERATURE': [1], 'h_NULL': [0.001], 'h_LR': [0.0001], 'z_RHO': [0], 'z_MU': [0]}
2022-08-17 BST 21:48:43,096 - INFO - After metrics={'train_loss': [39.95392374838552], 'val_loss': [146.7938232421875], 'size': [50], 'nshd_c': [3.033333333333333], 'nshd': [3.033333333333333], 'tpr': [0.15873015873015872], 'tpr_c': [0.2], 'change_adj_count': [139]}
2022-08-17 BST 21:48:43,114 - INFO - After to_save=   MAX_SIZE  LAMBDA  NOISE_TEMPERATURE  ...      tpr  tpr_c  change_adj_count
0        66      10                  1  ...  0.15873    0.2               139

[1 rows x 16 columns]
2022-08-17 BST 21:48:43,114 - INFO - After file_path='../results/l_66_4hps.csv'
2022-08-17 BST 21:48:43,116 - INFO - Last epoch results saved in l_66_4hps.csv
2022-08-17 BST 21:48:43,116 - INFO - 

DAG 4: size_true=48	X.var()=47.3993
2022-08-17 BST 21:48:43,408 - INFO -  epoch=   1      train_loss=  44.1475      val_loss=  23.5372      best=1      size=  50      nSHD_c=   2.5667      nSHD=   2.5667      tpr_c=   0.1600      change_adj_count=5      
2022-08-17 BST 21:49:02,068 - INFO -  epoch= 100      train_loss=  27.4992      val_loss= 342.0315      best=1      size=  59      nSHD_c=   2.5667      nSHD=   2.5667      tpr_c=   0.2542      change_adj_count=32      
2022-08-17 BST 21:49:21,274 - INFO -  epoch= 200      train_loss=  25.3009      val_loss= 220.6556      best=1      size=  57      nSHD_c=   2.5000      nSHD=   2.5000      tpr_c=   0.2632      change_adj_count=37      
2022-08-17 BST 21:49:40,993 - INFO -  epoch= 300      train_loss=  22.4150      val_loss= 166.7148      best=1      size=  57      nSHD_c=   2.5000      nSHD=   2.5000      tpr_c=   0.2632      change_adj_count=38      
2022-08-17 BST 21:50:00,087 - INFO -  epoch= 400      train_loss=  20.3544      val_loss= 105.5716      best=1      size=  57      nSHD_c=   2.4667      nSHD=   2.4333      tpr_c=   0.2632      change_adj_count=43      
2022-08-17 BST 21:50:18,751 - INFO -  epoch= 500      train_loss=  17.7631      val_loss=  79.1478      best=1      size=  56      nSHD_c=   2.4333      nSHD=   2.4000      tpr_c=   0.2679      change_adj_count=44      
2022-08-17 BST 21:50:37,731 - INFO -  epoch= 600      train_loss=  15.8191      val_loss=  57.9033      best=1      size=  56      nSHD_c=   2.4667      nSHD=   2.4667      tpr_c=   0.2679      change_adj_count=45      
2022-08-17 BST 21:50:56,943 - INFO -  epoch= 700      train_loss=  14.3325      val_loss=  41.9285      best=1      size=  54      nSHD_c=   2.4000      nSHD=   2.4000      tpr_c=   0.2778      change_adj_count=51      
2022-08-17 BST 21:51:16,160 - INFO -  epoch= 800      train_loss=  13.3816      val_loss=  31.8069      best=1      size=  54      nSHD_c=   2.3667      nSHD=   2.3333      tpr_c=   0.2778      change_adj_count=54      
2022-08-17 BST 21:51:36,450 - INFO -  epoch= 900      train_loss=  12.2320      val_loss=  23.9325      best=1      size=  53      nSHD_c=   2.2667      nSHD=   2.2333      tpr_c=   0.3019      change_adj_count=57      
2022-08-17 BST 21:51:54,988 - INFO -  epoch=1000      train_loss=  11.4627      val_loss=  19.6120      best=1      size=  52      nSHD_c=   2.2000      nSHD=   2.2000      tpr_c=   0.3269      change_adj_count=59      
2022-08-17 BST 21:51:54,988 - INFO - Before params
2022-08-17 BST 21:51:54,989 - INFO - After params={'MAX_SIZE': [66], 'LAMBDA': [10], 'NOISE_TEMPERATURE': [1], 'h_NULL': [0.001], 'h_LR': [0.0001], 'z_RHO': [0], 'z_MU': [0]}
2022-08-17 BST 21:51:54,989 - INFO - After metrics={'train_loss': [11.462669772486533], 'val_loss': [19.612011273701984], 'size': [52], 'nshd_c': [2.2], 'nshd': [2.2], 'tpr': [0.3541666666666667], 'tpr_c': [0.3269230769230769], 'change_adj_count': [59]}
2022-08-17 BST 21:51:55,007 - INFO - After to_save=   MAX_SIZE  LAMBDA  NOISE_TEMPERATURE  ...       tpr     tpr_c  change_adj_count
0        66      10                  1  ...  0.354167  0.326923                59

[1 rows x 16 columns]
2022-08-17 BST 21:51:55,007 - INFO - After file_path='../results/l_66_4hps.csv'
2022-08-17 BST 21:51:55,009 - INFO - Last epoch results saved in l_66_4hps.csv
2022-08-17 BST 21:51:55,010 - INFO - 

DAG 5: size_true=57	X.var()=54.7286
2022-08-17 BST 21:51:55,261 - INFO -  epoch=   1      train_loss=  53.9658      val_loss=  30.5911      best=1      size=  53      nSHD_c=   3.2333      nSHD=   3.2333      tpr_c=   0.0943      change_adj_count=5      
2022-08-17 BST 21:52:13,580 - INFO -  epoch= 100      train_loss=  33.6154      val_loss= 333.0996      best=1      size=  54      nSHD_c=   2.8000      nSHD=   2.7333      tpr_c=   0.2222      change_adj_count=33      
2022-08-17 BST 21:52:32,070 - INFO -  epoch= 200      train_loss=  30.9759      val_loss= 226.5913      best=1      size=  53      nSHD_c=   2.7667      nSHD=   2.7000      tpr_c=   0.2264      change_adj_count=46      
2022-08-17 BST 21:52:50,919 - INFO -  epoch= 300      train_loss=  26.6357      val_loss= 153.9604      best=1      size=  52      nSHD_c=   2.7333      nSHD=   2.6667      tpr_c=   0.2308      change_adj_count=47      
2022-08-17 BST 21:53:09,552 - INFO -  epoch= 400      train_loss=  23.3051      val_loss= 101.1697      best=1      size=  52      nSHD_c=   2.7333      nSHD=   2.6667      tpr_c=   0.2308      change_adj_count=48      
2022-08-17 BST 21:53:28,580 - INFO -  epoch= 500      train_loss=  20.8200      val_loss=  68.5989      best=1      size=  53      nSHD_c=   2.7333      nSHD=   2.7000      tpr_c=   0.2453      change_adj_count=49      
2022-08-17 BST 21:53:47,469 - INFO -  epoch= 600      train_loss=  17.7260      val_loss=  45.6307      best=1      size=  55      nSHD_c=   2.7333      nSHD=   2.6333      tpr_c=   0.2364      change_adj_count=51      
2022-08-17 BST 21:54:06,171 - INFO -  epoch= 700      train_loss=  15.3088      val_loss=  35.6040      best=1      size=  54      nSHD_c=   2.7000      nSHD=   2.6000      tpr_c=   0.2407      change_adj_count=53      
2022-08-17 BST 21:54:24,775 - INFO -  epoch= 800      train_loss=  14.7475      val_loss=  27.2073      best=1      size=  54      nSHD_c=   2.7000      nSHD=   2.6000      tpr_c=   0.2407      change_adj_count=55      
2022-08-17 BST 21:54:43,683 - INFO -  epoch= 900      train_loss=  13.6788      val_loss=  21.0636      best=1      size=  54      nSHD_c=   2.7000      nSHD=   2.6000      tpr_c=   0.2407      change_adj_count=55      
2022-08-17 BST 21:54:47,209 - INFO -  epoch= 918      train_loss=  13.6115      val_loss=  19.2432      best=1      size=  54      nSHD_c=   2.6667      nSHD=   2.5333      tpr_c=   0.2407      change_adj_count=56      
2022-08-17 BST 21:54:48,055 - INFO -  epoch= 922      train_loss=  12.6282      val_loss=  19.2486      best=1      size=  54      nSHD_c=   2.6667      nSHD=   2.5333      tpr_c=   0.2407      change_adj_count=56      
2022-08-17 BST 21:54:51,311 - INFO -  epoch= 939      train_loss=  12.5401      val_loss=  18.1767      best=1      size=  54      nSHD_c=   2.6667      nSHD=   2.5333      tpr_c=   0.2407      change_adj_count=56      
2022-08-17 BST 21:54:54,186 - INFO -  epoch= 953      train_loss=  12.3618      val_loss=  17.3772      best=1      size=  54      nSHD_c=   2.6667      nSHD=   2.5333      tpr_c=   0.2407      change_adj_count=56      
2022-08-17 BST 21:54:58,084 - INFO -  epoch= 973      train_loss=  12.4108      val_loss=  17.7376      best=1      size=  54      nSHD_c=   2.6667      nSHD=   2.5333      tpr_c=   0.2407      change_adj_count=56      
2022-08-17 BST 21:55:00,749 - INFO -  epoch= 987      train_loss=  11.4780      val_loss=  16.7247      best=1      size=  54      nSHD_c=   2.6667      nSHD=   2.5333      tpr_c=   0.2407      change_adj_count=56      
2022-08-17 BST 21:55:02,844 - INFO -  epoch= 998      train_loss=  12.4946      val_loss=  16.7280      best=1      size=  54      nSHD_c=   2.6667      nSHD=   2.5333      tpr_c=   0.2407      change_adj_count=56      
2022-08-17 BST 21:55:03,262 - INFO -  epoch=1000      train_loss=  12.4992      val_loss=  18.1828      best=1      size=  54      nSHD_c=   2.6667      nSHD=   2.5333      tpr_c=   0.2407      change_adj_count=56      
2022-08-17 BST 21:55:03,262 - INFO - Before params
2022-08-17 BST 21:55:03,262 - INFO - After params={'MAX_SIZE': [66], 'LAMBDA': [10], 'NOISE_TEMPERATURE': [1], 'h_NULL': [0.001], 'h_LR': [0.0001], 'z_RHO': [0], 'z_MU': [0]}
2022-08-17 BST 21:55:03,262 - INFO - After metrics={'train_loss': [12.499180024670016], 'val_loss': [18.182828903198242], 'size': [54], 'nshd_c': [2.6666666666666665], 'nshd': [2.533333333333333], 'tpr': [0.2982456140350877], 'tpr_c': [0.24074074074074073], 'change_adj_count': [56]}
2022-08-17 BST 21:55:03,280 - INFO - After to_save=   MAX_SIZE  LAMBDA  NOISE_TEMPERATURE  ...       tpr     tpr_c  change_adj_count
0        66      10                  1  ...  0.298246  0.240741                56

[1 rows x 16 columns]
2022-08-17 BST 21:55:03,280 - INFO - After file_path='../results/l_66_4hps.csv'
2022-08-17 BST 21:55:03,283 - INFO - Last epoch results saved in l_66_4hps.csv
2022-08-17 BST 21:55:03,283 - INFO - 

DAG 6: size_true=64	X.var()=29.7229
2022-08-17 BST 21:55:03,549 - INFO -  epoch=   1      train_loss=  27.1030      val_loss=  16.5077      best=1      size=  53      nSHD_c=   3.0667      nSHD=   3.0667      tpr_c=   0.1698      change_adj_count=5      
2022-08-17 BST 21:55:21,781 - INFO -  epoch= 100      train_loss=  19.2029      val_loss= 124.0335      best=1      size=  56      nSHD_c=   3.0667      nSHD=   3.0000      tpr_c=   0.2143      change_adj_count=39      
2022-08-17 BST 21:55:40,431 - INFO -  epoch= 200      train_loss=  18.0589      val_loss=  92.6429      best=1      size=  55      nSHD_c=   3.0667      nSHD=   2.9667      tpr_c=   0.2000      change_adj_count=55      
2022-08-17 BST 21:55:59,439 - INFO -  epoch= 300      train_loss=  16.6761      val_loss=  68.4289      best=1      size=  53      nSHD_c=   2.9667      nSHD=   2.9000      tpr_c=   0.2264      change_adj_count=60      
2022-08-17 BST 21:56:18,150 - INFO -  epoch= 400      train_loss=  15.3741      val_loss=  49.7334      best=1      size=  53      nSHD_c=   2.9667      nSHD=   2.9000      tpr_c=   0.2264      change_adj_count=63      
2022-08-17 BST 21:56:37,624 - INFO -  epoch= 500      train_loss=  14.0812      val_loss=  37.7943      best=1      size=  53      nSHD_c=   3.0000      nSHD=   2.9000      tpr_c=   0.2075      change_adj_count=68      
2022-08-17 BST 21:56:56,880 - INFO -  epoch= 600      train_loss=  13.3569      val_loss=  31.3904      best=1      size=  53      nSHD_c=   2.9333      nSHD=   2.8333      tpr_c=   0.2264      change_adj_count=69      
2022-08-17 BST 21:57:17,233 - INFO -  epoch= 700      train_loss=  12.4869      val_loss=  25.4338      best=1      size=  52      nSHD_c=   2.9000      nSHD=   2.8000      tpr_c=   0.2308      change_adj_count=70      
2022-08-17 BST 21:57:37,265 - INFO -  epoch= 800      train_loss=  11.5391      val_loss=  19.7257      best=1      size=  52      nSHD_c=   2.8667      nSHD=   2.7333      tpr_c=   0.2308      change_adj_count=71      
2022-08-17 BST 21:57:57,848 - INFO -  epoch= 900      train_loss=  10.9772      val_loss=  17.3482      best=1      size=  52      nSHD_c=   2.8667      nSHD=   2.7333      tpr_c=   0.2308      change_adj_count=71      
2022-08-17 BST 21:58:18,008 - INFO -  epoch=1000      train_loss=  10.3506      val_loss=  14.7174      best=1      size=  52      nSHD_c=   2.7333      nSHD=   2.6333      tpr_c=   0.2885      change_adj_count=72      
2022-08-17 BST 21:58:18,008 - INFO - Before params
2022-08-17 BST 21:58:18,008 - INFO - After params={'MAX_SIZE': [66], 'LAMBDA': [10], 'NOISE_TEMPERATURE': [1], 'h_NULL': [0.001], 'h_LR': [0.0001], 'z_RHO': [0], 'z_MU': [0]}
2022-08-17 BST 21:58:18,009 - INFO - After metrics={'train_loss': [10.3505721399861], 'val_loss': [14.717411677042643], 'size': [52], 'nshd_c': [2.7333333333333334], 'nshd': [2.6333333333333333], 'tpr': [0.28125], 'tpr_c': [0.28846153846153844], 'change_adj_count': [72]}
2022-08-17 BST 21:58:18,025 - INFO - After to_save=   MAX_SIZE  LAMBDA  NOISE_TEMPERATURE  ...      tpr     tpr_c  change_adj_count
0        66      10                  1  ...  0.28125  0.288462                72

[1 rows x 16 columns]
2022-08-17 BST 21:58:18,026 - INFO - After file_path='../results/l_66_4hps.csv'
2022-08-17 BST 21:58:18,035 - INFO - Last epoch results saved in l_66_4hps.csv
2022-08-17 BST 21:58:18,036 - INFO - 

DAG 7: size_true=62	X.var()=55.6800
2022-08-17 BST 21:58:18,347 - INFO -  epoch=   1      train_loss=  49.5418      val_loss=  34.0978      best=1      size=  42      nSHD_c=   2.8667      nSHD=   2.8333      tpr_c=   0.1429      change_adj_count=5      
2022-08-17 BST 21:58:38,766 - INFO -  epoch= 100      train_loss=  27.8923      val_loss= 597.3556      best=1      size=  51      nSHD_c=   3.1667      nSHD=   3.1667      tpr_c=   0.1569      change_adj_count=37      
2022-08-17 BST 21:58:58,766 - INFO -  epoch= 200      train_loss=  23.6391      val_loss= 389.9665      best=1      size=  51      nSHD_c=   3.1667      nSHD=   3.1667      tpr_c=   0.1569      change_adj_count=37      
2022-08-17 BST 21:59:19,056 - INFO -  epoch= 300      train_loss=  20.6853      val_loss= 257.3578      best=1      size=  51      nSHD_c=   3.1333      nSHD=   3.1000      tpr_c=   0.1569      change_adj_count=38      
2022-08-17 BST 21:59:39,252 - INFO -  epoch= 400      train_loss=  18.8400      val_loss= 161.0128      best=1      size=  51      nSHD_c=   3.1333      nSHD=   3.1000      tpr_c=   0.1569      change_adj_count=41      
2022-08-17 BST 21:59:59,002 - INFO -  epoch= 500      train_loss=  16.6824      val_loss= 114.4157      best=1      size=  51      nSHD_c=   3.2000      nSHD=   3.1667      tpr_c=   0.1373      change_adj_count=42      
2022-08-17 BST 22:00:18,826 - INFO -  epoch= 600      train_loss=  15.6919      val_loss=  77.7775      best=1      size=  50      nSHD_c=   3.1667      nSHD=   3.1333      tpr_c=   0.1400      change_adj_count=47      
2022-08-17 BST 22:00:38,829 - INFO -  epoch= 700      train_loss=  14.4828      val_loss=  56.0481      best=1      size=  50      nSHD_c=   3.1333      nSHD=   3.1333      tpr_c=   0.1600      change_adj_count=57      
2022-08-17 BST 22:00:58,566 - INFO -  epoch= 800      train_loss=  13.2910      val_loss=  45.6653      best=1      size=  49      nSHD_c=   3.1000      nSHD=   3.1000      tpr_c=   0.1633      change_adj_count=59      
2022-08-17 BST 22:01:19,156 - INFO -  epoch= 900      train_loss=  12.7572      val_loss=  37.9197      best=1      size=  49      nSHD_c=   3.0333      nSHD=   3.0333      tpr_c=   0.1837      change_adj_count=61      
2022-08-17 BST 22:01:39,131 - INFO -  epoch=1000      train_loss=  12.1490      val_loss=  31.9548      best=1      size=  48      nSHD_c=   3.0000      nSHD=   3.0000      tpr_c=   0.1875      change_adj_count=63      
2022-08-17 BST 22:01:39,131 - INFO - Before params
2022-08-17 BST 22:01:39,132 - INFO - After params={'MAX_SIZE': [66], 'LAMBDA': [10], 'NOISE_TEMPERATURE': [1], 'h_NULL': [0.001], 'h_LR': [0.0001], 'z_RHO': [0], 'z_MU': [0]}
2022-08-17 BST 22:01:39,132 - INFO - After metrics={'train_loss': [12.148992969143775], 'val_loss': [31.954835573832195], 'size': [48], 'nshd_c': [3.0], 'nshd': [3.0], 'tpr': [0.14516129032258066], 'tpr_c': [0.1875], 'change_adj_count': [63]}
2022-08-17 BST 22:01:39,150 - INFO - After to_save=   MAX_SIZE  LAMBDA  NOISE_TEMPERATURE  ...       tpr   tpr_c  change_adj_count
0        66      10                  1  ...  0.145161  0.1875                63

[1 rows x 16 columns]
2022-08-17 BST 22:01:39,150 - INFO - After file_path='../results/l_66_4hps.csv'
2022-08-17 BST 22:01:39,153 - INFO - Last epoch results saved in l_66_4hps.csv
2022-08-17 BST 22:01:39,153 - INFO - 

DAG 8: size_true=63	X.var()=39.3378
2022-08-17 BST 22:01:39,387 - INFO -  epoch=   1      train_loss=  37.1541      val_loss=  23.5383      best=1      size=  53      nSHD_c=   3.4000      nSHD=   3.4000      tpr_c=   0.0943      change_adj_count=5      
2022-08-17 BST 22:01:39,615 - INFO -  epoch=   2      train_loss=  33.7059      val_loss=  18.4038      best=1      size=  43      nSHD_c=   2.9667      nSHD=   2.9667      tpr_c=   0.1628      change_adj_count=6      
2022-08-17 BST 22:01:58,465 - INFO -  epoch= 100      train_loss=  24.5106      val_loss= 203.2415      best=1      size=  58      nSHD_c=   3.1000      nSHD=   3.1000      tpr_c=   0.2414      change_adj_count=27      
2022-08-17 BST 22:02:18,009 - INFO -  epoch= 200      train_loss=  22.2886      val_loss= 142.5376      best=1      size=  58      nSHD_c=   3.0667      nSHD=   3.0333      tpr_c=   0.2414      change_adj_count=29      
2022-08-17 BST 22:02:37,323 - INFO -  epoch= 300      train_loss=  19.6403      val_loss=  91.5765      best=1      size=  57      nSHD_c=   3.0333      nSHD=   3.0000      tpr_c=   0.2456      change_adj_count=30      
2022-08-17 BST 22:02:57,239 - INFO -  epoch= 400      train_loss=  17.3166      val_loss=  70.1434      best=1      size=  57      nSHD_c=   3.0667      nSHD=   3.0000      tpr_c=   0.2281      change_adj_count=31      
2022-08-17 BST 22:03:16,724 - INFO -  epoch= 500      train_loss=  15.6568      val_loss=  48.7488      best=1      size=  56      nSHD_c=   3.0000      nSHD=   2.9667      tpr_c=   0.2500      change_adj_count=32      
2022-08-17 BST 22:03:37,482 - INFO -  epoch= 600      train_loss=  14.5257      val_loss=  37.8774      best=1      size=  56      nSHD_c=   3.0333      nSHD=   2.9667      tpr_c=   0.2321      change_adj_count=40      
2022-08-17 BST 22:03:57,608 - INFO -  epoch= 700      train_loss=  13.5255      val_loss=  27.9467      best=1      size=  56      nSHD_c=   3.0000      nSHD=   2.9000      tpr_c=   0.2321      change_adj_count=42      
2022-08-17 BST 22:04:18,100 - INFO -  epoch= 800      train_loss=  12.5029      val_loss=  20.6377      best=1      size=  57      nSHD_c=   3.0000      nSHD=   2.8667      tpr_c=   0.2281      change_adj_count=43      
2022-08-17 BST 22:04:38,432 - INFO -  epoch= 900      train_loss=  11.6689      val_loss=  16.9121      best=1      size=  57      nSHD_c=   3.0000      nSHD=   2.8667      tpr_c=   0.2281      change_adj_count=43      
2022-08-17 BST 22:04:58,831 - INFO -  epoch=1000      train_loss=  10.9472      val_loss=  14.8481      best=1      size=  56      nSHD_c=   3.0000      nSHD=   2.8333      tpr_c=   0.2143      change_adj_count=44      
2022-08-17 BST 22:04:58,832 - INFO - Before params
2022-08-17 BST 22:04:58,832 - INFO - After params={'MAX_SIZE': [66], 'LAMBDA': [10], 'NOISE_TEMPERATURE': [1], 'h_NULL': [0.001], 'h_LR': [0.0001], 'z_RHO': [0], 'z_MU': [0]}
2022-08-17 BST 22:04:58,832 - INFO - After metrics={'train_loss': [10.947224217076455], 'val_loss': [14.84814198811849], 'size': [56], 'nshd_c': [3.0], 'nshd': [2.8333333333333335], 'tpr': [0.2698412698412698], 'tpr_c': [0.21428571428571427], 'change_adj_count': [44]}
2022-08-17 BST 22:04:58,854 - INFO - After to_save=   MAX_SIZE  LAMBDA  NOISE_TEMPERATURE  ...       tpr     tpr_c  change_adj_count
0        66      10                  1  ...  0.269841  0.214286                44

[1 rows x 16 columns]
2022-08-17 BST 22:04:58,854 - INFO - After file_path='../results/l_66_4hps.csv'
2022-08-17 BST 22:04:58,856 - INFO - Last epoch results saved in l_66_4hps.csv
2022-08-17 BST 22:04:58,857 - INFO - 

DAG 9: size_true=61	X.var()=94.6254
2022-08-17 BST 22:04:59,132 - INFO -  epoch=   1      train_loss=  83.2373      val_loss=  41.1316      best=1      size=  39      nSHD_c=   2.9333      nSHD=   2.9333      tpr_c=   0.1282      change_adj_count=5      
2022-08-17 BST 22:05:19,349 - INFO -  epoch= 100      train_loss=  48.9588      val_loss= 849.9922      best=1      size=  56      nSHD_c=   3.2667      nSHD=   3.2667      tpr_c=   0.1607      change_adj_count=23      
2022-08-17 BST 22:05:39,675 - INFO -  epoch= 200      train_loss=  42.6455      val_loss= 574.0474      best=1      size=  56      nSHD_c=   3.2333      nSHD=   3.2000      tpr_c=   0.1607      change_adj_count=27      
2022-08-17 BST 22:06:00,087 - INFO -  epoch= 300      train_loss=  36.8479      val_loss= 343.6006      best=1      size=  56      nSHD_c=   3.2333      nSHD=   3.2000      tpr_c=   0.1607      change_adj_count=28      
2022-08-17 BST 22:06:20,118 - INFO -  epoch= 400      train_loss=  33.2418      val_loss= 223.0115      best=1      size=  55      nSHD_c=   3.2000      nSHD=   3.1667      tpr_c=   0.1636      change_adj_count=30      
2022-08-17 BST 22:06:40,078 - INFO -  epoch= 500      train_loss=  29.1847      val_loss= 163.8833      best=1      size=  54      nSHD_c=   3.1667      nSHD=   3.1333      tpr_c=   0.1667      change_adj_count=35      
2022-08-17 BST 22:07:01,774 - INFO -  epoch= 600      train_loss=  26.1976      val_loss= 106.8973      best=1      size=  53      nSHD_c=   3.1333      nSHD=   3.1000      tpr_c=   0.1698      change_adj_count=45      
2022-08-17 BST 22:07:21,826 - INFO -  epoch= 700      train_loss=  25.1781      val_loss=  71.3030      best=1      size=  52      nSHD_c=   3.0667      nSHD=   3.0000      tpr_c=   0.1731      change_adj_count=48      
2022-08-17 BST 22:07:41,778 - INFO -  epoch= 800      train_loss=  22.4890      val_loss=  62.6249      best=1      size=  52      nSHD_c=   3.0333      nSHD=   3.0000      tpr_c=   0.1923      change_adj_count=50      
2022-08-17 BST 22:08:01,520 - INFO -  epoch= 900      train_loss=  21.0062      val_loss=  43.2532      best=1      size=  52      nSHD_c=   2.9667      nSHD=   2.9333      tpr_c=   0.2115      change_adj_count=52      
2022-08-17 BST 22:08:21,593 - INFO -  epoch=1000      train_loss=  19.3535      val_loss=  44.8133      best=1      size=  52      nSHD_c=   2.9333      nSHD=   2.8667      tpr_c=   0.2115      change_adj_count=58      
2022-08-17 BST 22:08:21,593 - INFO - Before params
2022-08-17 BST 22:08:21,594 - INFO - After params={'MAX_SIZE': [66], 'LAMBDA': [10], 'NOISE_TEMPERATURE': [1], 'h_NULL': [0.001], 'h_LR': [0.0001], 'z_RHO': [0], 'z_MU': [0]}
2022-08-17 BST 22:08:21,594 - INFO - After metrics={'train_loss': [19.353537805618778], 'val_loss': [44.81328582763672], 'size': [52], 'nshd_c': [2.933333333333333], 'nshd': [2.8666666666666667], 'tpr': [0.21311475409836064], 'tpr_c': [0.21153846153846154], 'change_adj_count': [58]}
2022-08-17 BST 22:08:21,614 - INFO - After to_save=   MAX_SIZE  LAMBDA  NOISE_TEMPERATURE  ...       tpr     tpr_c  change_adj_count
0        66      10                  1  ...  0.213115  0.211538                58

[1 rows x 16 columns]
2022-08-17 BST 22:08:21,615 - INFO - After file_path='../results/l_66_4hps.csv'
2022-08-17 BST 22:08:21,617 - INFO - Last epoch results saved in l_66_4hps.csv
2022-08-17 BST 22:08:21,618 - INFO - 

DAG 10: size_true=51	X.var()=18.9170
2022-08-17 BST 22:08:21,945 - INFO -  epoch=   1      train_loss=  17.8465      val_loss=  13.1054      best=1      size=  53      nSHD_c=   2.8333      nSHD=   2.8333      tpr_c=   0.1509      change_adj_count=5      
2022-08-17 BST 22:08:41,627 - INFO -  epoch= 100      train_loss=  13.1556      val_loss=  66.0999      best=1      size=  51      nSHD_c=   2.5000      nSHD=   2.4333      tpr_c=   0.2353      change_adj_count=19      
2022-08-17 BST 22:09:01,821 - INFO -  epoch= 200      train_loss=  12.5006      val_loss=  49.8854      best=1      size=  52      nSHD_c=   2.5333      nSHD=   2.4667      tpr_c=   0.2308      change_adj_count=34      
2022-08-17 BST 22:09:21,957 - INFO -  epoch= 300      train_loss=  11.8214      val_loss=  38.5789      best=1      size=  52      nSHD_c=   2.5333      nSHD=   2.4667      tpr_c=   0.2308      change_adj_count=43      
2022-08-17 BST 22:09:41,439 - INFO -  epoch= 400      train_loss=  11.0939      val_loss=  33.3893      best=1      size=  52      nSHD_c=   2.5333      nSHD=   2.4667      tpr_c=   0.2308      change_adj_count=43      
2022-08-17 BST 22:10:01,041 - INFO -  epoch= 500      train_loss=  10.2681      val_loss=  25.1164      best=1      size=  53      nSHD_c=   2.5000      nSHD=   2.4333      tpr_c=   0.2453      change_adj_count=44      
2022-08-17 BST 22:10:20,193 - INFO -  epoch= 600      train_loss=   9.5741      val_loss=  19.0901      best=1      size=  53      nSHD_c=   2.5000      nSHD=   2.4333      tpr_c=   0.2453      change_adj_count=44      
2022-08-17 BST 22:10:39,520 - INFO -  epoch= 700      train_loss=   8.9532      val_loss=  15.4290      best=1      size=  53      nSHD_c=   2.5000      nSHD=   2.4333      tpr_c=   0.2453      change_adj_count=45      
2022-08-17 BST 22:10:59,174 - INFO -  epoch= 800      train_loss=   8.2027      val_loss=  12.7030      best=1      size=  53      nSHD_c=   2.4667      nSHD=   2.3667      tpr_c=   0.2453      change_adj_count=46      
2022-08-17 BST 22:11:18,471 - INFO -  epoch= 900      train_loss=   7.7507      val_loss=   9.4963      best=1      size=  53      nSHD_c=   2.4667      nSHD=   2.3667      tpr_c=   0.2453      change_adj_count=49      
2022-08-17 BST 22:11:37,796 - INFO -  epoch=1000      train_loss=   7.1914      val_loss=   9.1926      best=1      size=  53      nSHD_c=   2.4000      nSHD=   2.3000      tpr_c=   0.2642      change_adj_count=50      
2022-08-17 BST 22:11:37,797 - INFO - Before params
2022-08-17 BST 22:11:37,797 - INFO - After params={'MAX_SIZE': [66], 'LAMBDA': [10], 'NOISE_TEMPERATURE': [1], 'h_NULL': [0.001], 'h_LR': [0.0001], 'z_RHO': [0], 'z_MU': [0]}
2022-08-17 BST 22:11:37,797 - INFO - After metrics={'train_loss': [7.191411202953708], 'val_loss': [9.192575693130493], 'size': [53], 'nshd_c': [2.4], 'nshd': [2.3], 'tpr': [0.3333333333333333], 'tpr_c': [0.2641509433962264], 'change_adj_count': [50]}
2022-08-17 BST 22:11:37,818 - INFO - After to_save=   MAX_SIZE  LAMBDA  NOISE_TEMPERATURE  ...       tpr     tpr_c  change_adj_count
0        66      10                  1  ...  0.333333  0.264151                50

[1 rows x 16 columns]
2022-08-17 BST 22:11:37,818 - INFO - After file_path='../results/l_66_4hps.csv'
2022-08-17 BST 22:11:37,820 - INFO - Last epoch results saved in l_66_4hps.csv
2022-08-17 BST 22:11:37,821 - INFO - 

DAG 11: size_true=68	X.var()=127.5135
2022-08-17 BST 22:11:38,065 - INFO -  epoch=   1      train_loss= 119.2367      val_loss=  69.9363      best=1      size=  43      nSHD_c=   3.2000      nSHD=   3.2000      tpr_c=   0.1163      change_adj_count=5      
2022-08-17 BST 22:11:56,817 - INFO -  epoch= 100      train_loss=  63.1136      val_loss=1158.4257      best=1      size=  61      nSHD_c=   3.5333      nSHD=   3.5000      tpr_c=   0.1803      change_adj_count=29      
2022-08-17 BST 22:12:16,330 - INFO -  epoch= 200      train_loss=  51.9333      val_loss= 776.4080      best=1      size=  61      nSHD_c=   3.4667      nSHD=   3.4333      tpr_c=   0.1967      change_adj_count=33      
2022-08-17 BST 22:12:35,770 - INFO -  epoch= 300      train_loss=  44.9550      val_loss= 505.4326      best=1      size=  61      nSHD_c=   3.3333      nSHD=   3.3000      tpr_c=   0.2295      change_adj_count=36      
2022-08-17 BST 22:12:55,986 - INFO -  epoch= 400      train_loss=  39.7390      val_loss= 327.4410      best=1      size=  59      nSHD_c=   3.3333      nSHD=   3.3000      tpr_c=   0.2203      change_adj_count=39      
2022-08-17 BST 22:13:15,363 - INFO -  epoch= 500      train_loss=  33.5582      val_loss= 205.1268      best=1      size=  58      nSHD_c=   3.3667      nSHD=   3.3333      tpr_c=   0.2069      change_adj_count=50      
2022-08-17 BST 22:13:35,165 - INFO -  epoch= 600      train_loss=  29.3948      val_loss= 128.4234      best=1      size=  57      nSHD_c=   3.3667      nSHD=   3.3000      tpr_c=   0.1930      change_adj_count=53      
2022-08-17 BST 22:13:54,785 - INFO -  epoch= 700      train_loss=  26.1459      val_loss= 100.5981      best=1      size=  57      nSHD_c=   3.2667      nSHD=   3.2333      tpr_c=   0.2281      change_adj_count=56      
2022-08-17 BST 22:14:13,733 - INFO -  epoch= 800      train_loss=  23.8413      val_loss=  77.5735      best=1      size=  55      nSHD_c=   3.2667      nSHD=   3.2333      tpr_c=   0.2182      change_adj_count=59      
2022-08-17 BST 22:14:33,258 - INFO -  epoch= 900      train_loss=  21.8236      val_loss=  51.7716      best=1      size=  55      nSHD_c=   3.2333      nSHD=   3.1667      tpr_c=   0.2182      change_adj_count=67      
2022-08-17 BST 22:14:53,236 - INFO -  epoch=1000      train_loss=  20.4855      val_loss=  40.9362      best=1      size=  55      nSHD_c=   3.1667      nSHD=   3.1333      tpr_c=   0.2364      change_adj_count=72      
2022-08-17 BST 22:14:53,237 - INFO - Before params
2022-08-17 BST 22:14:53,237 - INFO - After params={'MAX_SIZE': [66], 'LAMBDA': [10], 'NOISE_TEMPERATURE': [1], 'h_NULL': [0.001], 'h_LR': [0.0001], 'z_RHO': [0], 'z_MU': [0]}
2022-08-17 BST 22:14:53,237 - INFO - After metrics={'train_loss': [20.485540420778335], 'val_loss': [40.936158180236816], 'size': [55], 'nshd_c': [3.1666666666666665], 'nshd': [3.1333333333333333], 'tpr': [0.20588235294117646], 'tpr_c': [0.23636363636363636], 'change_adj_count': [72]}
2022-08-17 BST 22:14:53,254 - INFO - After to_save=   MAX_SIZE  LAMBDA  NOISE_TEMPERATURE  ...       tpr     tpr_c  change_adj_count
0        66      10                  1  ...  0.205882  0.236364                72

[1 rows x 16 columns]
2022-08-17 BST 22:14:53,254 - INFO - After file_path='../results/l_66_4hps.csv'
2022-08-17 BST 22:14:53,256 - INFO - Last epoch results saved in l_66_4hps.csv
2022-08-17 BST 22:14:53,256 - INFO - 

DAG 12: size_true=53	X.var()=15.8398
2022-08-17 BST 22:14:53,550 - INFO -  epoch=   1      train_loss=  15.2308      val_loss=   9.2084      best=1      size=  55      nSHD_c=   2.9667      nSHD=   2.9667      tpr_c=   0.1455      change_adj_count=5      
2022-08-17 BST 22:15:13,165 - INFO -  epoch= 100      train_loss=  11.1416      val_loss=  60.9415      best=1      size=  49      nSHD_c=   2.4333      nSHD=   2.4000      tpr_c=   0.2653      change_adj_count=40      
2022-08-17 BST 22:15:32,613 - INFO -  epoch= 200      train_loss=  10.2140      val_loss=  48.1527      best=1      size=  49      nSHD_c=   2.3667      nSHD=   2.3333      tpr_c=   0.2857      change_adj_count=42      
2022-08-17 BST 22:15:52,212 - INFO -  epoch= 300      train_loss=   9.7461      val_loss=  35.4946      best=1      size=  50      nSHD_c=   2.3667      nSHD=   2.3000      tpr_c=   0.2800      change_adj_count=47      
2022-08-17 BST 22:16:12,314 - INFO -  epoch= 400      train_loss=   8.8512      val_loss=  28.1603      best=1      size=  51      nSHD_c=   2.3333      nSHD=   2.2667      tpr_c=   0.2941      change_adj_count=55      
2022-08-17 BST 22:16:32,143 - INFO -  epoch= 500      train_loss=   8.2747      val_loss=  22.7184      best=1      size=  52      nSHD_c=   2.3333      nSHD=   2.3000      tpr_c=   0.3077      change_adj_count=60      
2022-08-17 BST 22:16:51,580 - INFO -  epoch= 600      train_loss=   7.6288      val_loss=  14.4839      best=1      size=  50      nSHD_c=   2.3333      nSHD=   2.3000      tpr_c=   0.3000      change_adj_count=68      
2022-08-17 BST 22:17:10,890 - INFO -  epoch= 700      train_loss=   7.2614      val_loss=  12.6916      best=1      size=  50      nSHD_c=   2.3333      nSHD=   2.3000      tpr_c=   0.3000      change_adj_count=69      
2022-08-17 BST 22:17:30,998 - INFO -  epoch= 800      train_loss=   6.6873      val_loss=   8.9960      best=1      size=  51      nSHD_c=   2.2000      nSHD=   2.2000      tpr_c=   0.3529      change_adj_count=73      
2022-08-17 BST 22:17:50,612 - INFO -  epoch= 900      train_loss=   6.2450      val_loss=   7.7672      best=1      size=  51      nSHD_c=   2.2000      nSHD=   2.2000      tpr_c=   0.3529      change_adj_count=73      
2022-08-17 BST 22:18:10,338 - INFO -  epoch=1000      train_loss=   5.9776      val_loss=   6.4391      best=1      size=  51      nSHD_c=   2.2000      nSHD=   2.2000      tpr_c=   0.3529      change_adj_count=82      
2022-08-17 BST 22:18:10,338 - INFO - Before params
2022-08-17 BST 22:18:10,339 - INFO - After params={'MAX_SIZE': [66], 'LAMBDA': [10], 'NOISE_TEMPERATURE': [1], 'h_NULL': [0.001], 'h_LR': [0.0001], 'z_RHO': [0], 'z_MU': [0]}
2022-08-17 BST 22:18:10,339 - INFO - After metrics={'train_loss': [5.977618217468262], 'val_loss': [6.439083655675252], 'size': [51], 'nshd_c': [2.2], 'nshd': [2.2], 'tpr': [0.33962264150943394], 'tpr_c': [0.35294117647058826], 'change_adj_count': [82]}
2022-08-17 BST 22:18:10,357 - INFO - After to_save=   MAX_SIZE  LAMBDA  NOISE_TEMPERATURE  ...       tpr     tpr_c  change_adj_count
0        66      10                  1  ...  0.339623  0.352941                82

[1 rows x 16 columns]
2022-08-17 BST 22:18:10,357 - INFO - After file_path='../results/l_66_4hps.csv'
2022-08-17 BST 22:18:10,359 - INFO - Last epoch results saved in l_66_4hps.csv
2022-08-17 BST 22:18:10,359 - INFO - 

DAG 13: size_true=53	X.var()=112.2632
2022-08-17 BST 22:18:10,652 - INFO -  epoch=   1      train_loss= 106.2462      val_loss=  53.7205      best=1      size=  40      nSHD_c=   2.7000      nSHD=   2.7000      tpr_c=   0.1000      change_adj_count=5      
2022-08-17 BST 22:18:30,030 - INFO -  epoch= 100      train_loss=  54.9510      val_loss=1238.5587      best=1      size=  51      nSHD_c=   2.7667      nSHD=   2.7667      tpr_c=   0.1961      change_adj_count=31      
2022-08-17 BST 22:18:49,442 - INFO -  epoch= 200      train_loss=  44.6954      val_loss= 761.5876      best=1      size=  51      nSHD_c=   2.7667      nSHD=   2.7667      tpr_c=   0.1961      change_adj_count=31      
2022-08-17 BST 22:19:09,136 - INFO -  epoch= 300      train_loss=  37.5772      val_loss= 495.0521      best=1      size=  50      nSHD_c=   2.7333      nSHD=   2.7333      tpr_c=   0.2000      change_adj_count=32      
2022-08-17 BST 22:19:29,399 - INFO -  epoch= 400      train_loss=  31.1463      val_loss= 289.9188      best=1      size=  50      nSHD_c=   2.7333      nSHD=   2.7333      tpr_c=   0.2000      change_adj_count=33      
2022-08-17 BST 22:19:48,899 - INFO -  epoch= 500      train_loss=  27.4652      val_loss= 198.3414      best=1      size=  49      nSHD_c=   2.7000      nSHD=   2.7000      tpr_c=   0.2041      change_adj_count=38      
2022-08-17 BST 22:20:08,579 - INFO -  epoch= 600      train_loss=  24.1194      val_loss= 125.5509      best=1      size=  48      nSHD_c=   2.7000      nSHD=   2.6667      tpr_c=   0.1875      change_adj_count=42      
2022-08-17 BST 22:20:29,209 - INFO -  epoch= 700      train_loss=  21.2321      val_loss=  97.9869      best=1      size=  49      nSHD_c=   2.7333      nSHD=   2.7000      tpr_c=   0.1837      change_adj_count=43      
2022-08-17 BST 22:20:49,418 - INFO -  epoch= 800      train_loss=  19.3614      val_loss=  74.4289      best=1      size=  48      nSHD_c=   2.6000      nSHD=   2.6000      tpr_c=   0.2292      change_adj_count=48      
2022-08-17 BST 22:21:09,961 - INFO -  epoch= 900      train_loss=  17.9255      val_loss=  50.9757      best=1      size=  47      nSHD_c=   2.6000      nSHD=   2.5667      tpr_c=   0.2128      change_adj_count=50      
2022-08-17 BST 22:21:29,960 - INFO -  epoch=1000      train_loss=  16.4172      val_loss=  45.9740      best=1      size=  47      nSHD_c=   2.6000      nSHD=   2.5667      tpr_c=   0.2128      change_adj_count=50      
2022-08-17 BST 22:21:29,960 - INFO - Before params
2022-08-17 BST 22:21:29,960 - INFO - After params={'MAX_SIZE': [66], 'LAMBDA': [10], 'NOISE_TEMPERATURE': [1], 'h_NULL': [0.001], 'h_LR': [0.0001], 'z_RHO': [0], 'z_MU': [0]}
2022-08-17 BST 22:21:29,961 - INFO - After metrics={'train_loss': [16.4171627413842], 'val_loss': [45.97396437327067], 'size': [47], 'nshd_c': [2.6], 'nshd': [2.566666666666667], 'tpr': [0.20754716981132076], 'tpr_c': [0.2127659574468085], 'change_adj_count': [50]}
2022-08-17 BST 22:21:29,981 - INFO - After to_save=   MAX_SIZE  LAMBDA  NOISE_TEMPERATURE  ...       tpr     tpr_c  change_adj_count
0        66      10                  1  ...  0.207547  0.212766                50

[1 rows x 16 columns]
2022-08-17 BST 22:21:29,981 - INFO - After file_path='../results/l_66_4hps.csv'
2022-08-17 BST 22:21:29,984 - INFO - Last epoch results saved in l_66_4hps.csv
2022-08-17 BST 22:21:29,984 - INFO - 

DAG 14: size_true=59	X.var()=16.7418
2022-08-17 BST 22:21:30,258 - INFO -  epoch=   1      train_loss=  15.3307      val_loss=  11.0676      best=1      size=  56      nSHD_c=   3.2000      nSHD=   3.2000      tpr_c=   0.1250      change_adj_count=5      
2022-08-17 BST 22:21:30,533 - INFO -  epoch=   2      train_loss=  13.9675      val_loss=   9.1063      best=1      size=  50      nSHD_c=   2.6333      nSHD=   2.6333      tpr_c=   0.2800      change_adj_count=6      
2022-08-17 BST 22:21:50,695 - INFO -  epoch= 100      train_loss=  11.5370      val_loss=  58.0624      best=1      size=  60      nSHD_c=   2.7333      nSHD=   2.6333      tpr_c=   0.2833      change_adj_count=30      
2022-08-17 BST 22:22:10,290 - INFO -  epoch= 200      train_loss=  11.0660      val_loss=  49.5703      best=1      size=  60      nSHD_c=   2.7333      nSHD=   2.6333      tpr_c=   0.2833      change_adj_count=33      
2022-08-17 BST 22:22:30,067 - INFO -  epoch= 300      train_loss=  10.4435      val_loss=  38.5511      best=1      size=  60      nSHD_c=   2.6667      nSHD=   2.5667      tpr_c=   0.3000      change_adj_count=39      
2022-08-17 BST 22:22:49,545 - INFO -  epoch= 400      train_loss=   9.7203      val_loss=  30.0397      best=1      size=  60      nSHD_c=   2.7333      nSHD=   2.6333      tpr_c=   0.2833      change_adj_count=42      
2022-08-17 BST 22:23:09,585 - INFO -  epoch= 500      train_loss=   9.2656      val_loss=  25.1754      best=1      size=  60      nSHD_c=   2.7333      nSHD=   2.6000      tpr_c=   0.2667      change_adj_count=55      
2022-08-17 BST 22:23:29,611 - INFO -  epoch= 600      train_loss=   8.8996      val_loss=  21.0194      best=1      size=  59      nSHD_c=   2.7000      nSHD=   2.5667      tpr_c=   0.2712      change_adj_count=65      
2022-08-17 BST 22:23:49,648 - INFO -  epoch= 700      train_loss=   8.3828      val_loss=  16.8061      best=1      size=  59      nSHD_c=   2.7000      nSHD=   2.5667      tpr_c=   0.2712      change_adj_count=66      
2022-08-17 BST 22:24:08,783 - INFO -  epoch= 800      train_loss=   7.9166      val_loss=  13.1282      best=1      size=  57      nSHD_c=   2.6333      nSHD=   2.5000      tpr_c=   0.2807      change_adj_count=70      
2022-08-17 BST 22:24:29,066 - INFO -  epoch= 900      train_loss=   7.5747      val_loss=  10.8620      best=1      size=  57      nSHD_c=   2.6000      nSHD=   2.4333      tpr_c=   0.2807      change_adj_count=71      
2022-08-17 BST 22:24:49,088 - INFO -  epoch=1000      train_loss=   7.1917      val_loss=   9.6205      best=1      size=  56      nSHD_c=   2.4667      nSHD=   2.3333      tpr_c=   0.3214      change_adj_count=75      
2022-08-17 BST 22:24:49,088 - INFO - Before params
2022-08-17 BST 22:24:49,088 - INFO - After params={'MAX_SIZE': [66], 'LAMBDA': [10], 'NOISE_TEMPERATURE': [1], 'h_NULL': [0.001], 'h_LR': [0.0001], 'z_RHO': [0], 'z_MU': [0]}
2022-08-17 BST 22:24:49,088 - INFO - After metrics={'train_loss': [7.191736036731351], 'val_loss': [9.620457808176676], 'size': [56], 'nshd_c': [2.466666666666667], 'nshd': [2.3333333333333335], 'tpr': [0.3728813559322034], 'tpr_c': [0.32142857142857145], 'change_adj_count': [75]}
2022-08-17 BST 22:24:49,109 - INFO - After to_save=   MAX_SIZE  LAMBDA  NOISE_TEMPERATURE  ...       tpr     tpr_c  change_adj_count
0        66      10                  1  ...  0.372881  0.321429                75

[1 rows x 16 columns]
2022-08-17 BST 22:24:49,110 - INFO - After file_path='../results/l_66_4hps.csv'
2022-08-17 BST 22:24:49,112 - INFO - Last epoch results saved in l_66_4hps.csv
2022-08-17 BST 22:24:49,112 - INFO - 

DAG 15: size_true=42	X.var()=8.6273
2022-08-17 BST 22:24:49,408 - INFO -  epoch=   1      train_loss=   8.1574      val_loss=   6.8245      best=1      size=  55      nSHD_c=   2.5667      nSHD=   2.5333      tpr_c=   0.1273      change_adj_count=5      
2022-08-17 BST 22:24:49,666 - INFO -  epoch=   2      train_loss=   7.5978      val_loss=   5.7244      best=1      size=  49      nSHD_c=   2.2000      nSHD=   2.1667      tpr_c=   0.1837      change_adj_count=6      
2022-08-17 BST 22:25:08,964 - INFO -  epoch= 100      train_loss=   6.6046      val_loss=  20.0554      best=1      size=  53      nSHD_c=   1.9667      nSHD=   1.8333      tpr_c=   0.2830      change_adj_count=46      
2022-08-17 BST 22:25:28,404 - INFO -  epoch= 200      train_loss=   6.3863      val_loss=  17.3519      best=1      size=  52      nSHD_c=   1.9333      nSHD=   1.8000      tpr_c=   0.2885      change_adj_count=76      
2022-08-17 BST 22:25:48,272 - INFO -  epoch= 300      train_loss=   6.0999      val_loss=  14.7615      best=1      size=  51      nSHD_c=   1.9000      nSHD=   1.7667      tpr_c=   0.2941      change_adj_count=77      
2022-08-17 BST 22:26:08,678 - INFO -  epoch= 400      train_loss=   5.7581      val_loss=  12.8425      best=1      size=  51      nSHD_c=   1.9000      nSHD=   1.7667      tpr_c=   0.2941      change_adj_count=77      
2022-08-17 BST 22:26:28,429 - INFO -  epoch= 500      train_loss=   5.5634      val_loss=  10.3746      best=1      size=  51      nSHD_c=   1.9000      nSHD=   1.7667      tpr_c=   0.2941      change_adj_count=77      
2022-08-17 BST 22:26:47,861 - INFO -  epoch= 600      train_loss=   5.2019      val_loss=   7.9599      best=1      size=  51      nSHD_c=   1.9000      nSHD=   1.7667      tpr_c=   0.2941      change_adj_count=77      
2022-08-17 BST 22:27:07,758 - INFO -  epoch= 700      train_loss=   5.0676      val_loss=   6.3772      best=1      size=  51      nSHD_c=   1.8000      nSHD=   1.7000      tpr_c=   0.3333      change_adj_count=80      
2022-08-17 BST 22:27:27,698 - INFO -  epoch= 800      train_loss=   4.7323      val_loss=   4.9484      best=1      size=  51      nSHD_c=   1.7333      nSHD=   1.6333      tpr_c=   0.3529      change_adj_count=83      
2022-08-17 BST 22:27:47,005 - INFO -  epoch= 900      train_loss=   4.4177      val_loss=   4.4100      best=1      size=  51      nSHD_c=   1.7333      nSHD=   1.6333      tpr_c=   0.3529      change_adj_count=83      
2022-08-17 BST 22:28:06,849 - INFO -  epoch=1000      train_loss=   4.2184      val_loss=   3.6073      best=1      size=  51      nSHD_c=   1.7000      nSHD=   1.5667      tpr_c=   0.3529      change_adj_count=84      
2022-08-17 BST 22:28:06,849 - INFO - Before params
2022-08-17 BST 22:28:06,849 - INFO - After params={'MAX_SIZE': [66], 'LAMBDA': [10], 'NOISE_TEMPERATURE': [1], 'h_NULL': [0.001], 'h_LR': [0.0001], 'z_RHO': [0], 'z_MU': [0]}
2022-08-17 BST 22:28:06,849 - INFO - After metrics={'train_loss': [4.218351110335319], 'val_loss': [3.6073115269343057], 'size': [51], 'nshd_c': [1.7], 'nshd': [1.5666666666666667], 'tpr': [0.5238095238095238], 'tpr_c': [0.35294117647058826], 'change_adj_count': [84]}
2022-08-17 BST 22:28:06,868 - INFO - After to_save=   MAX_SIZE  LAMBDA  NOISE_TEMPERATURE  ...      tpr     tpr_c  change_adj_count
0        66      10                  1  ...  0.52381  0.352941                84

[1 rows x 16 columns]
2022-08-17 BST 22:28:06,869 - INFO - After file_path='../results/l_66_4hps.csv'
2022-08-17 BST 22:28:06,871 - INFO - Last epoch results saved in l_66_4hps.csv
2022-08-17 BST 22:28:06,871 - INFO - 

DAG 16: size_true=50	X.var()=12.1502
2022-08-17 BST 22:28:07,134 - INFO -  epoch=   1      train_loss=  11.3975      val_loss=  10.3925      best=1      size=  53      nSHD_c=   3.0000      nSHD=   2.9333      tpr_c=   0.0377      change_adj_count=5      
2022-08-17 BST 22:28:07,385 - INFO -  epoch=   2      train_loss=  10.6126      val_loss=   6.8555      best=1      size=  45      nSHD_c=   2.5333      nSHD=   2.5000      tpr_c=   0.1333      change_adj_count=6      
2022-08-17 BST 22:28:26,288 - INFO -  epoch= 100      train_loss=   9.0142      val_loss=  29.1068      best=1      size=  54      nSHD_c=   2.3333      nSHD=   2.2000      tpr_c=   0.2778      change_adj_count=47      
2022-08-17 BST 22:28:46,330 - INFO -  epoch= 200      train_loss=   8.6254      val_loss=  26.0863      best=1      size=  54      nSHD_c=   2.3333      nSHD=   2.2000      tpr_c=   0.2778      change_adj_count=48      
2022-08-17 BST 22:29:06,109 - INFO -  epoch= 300      train_loss=   8.1817      val_loss=  23.3038      best=1      size=  54      nSHD_c=   2.3333      nSHD=   2.2000      tpr_c=   0.2778      change_adj_count=48      
2022-08-17 BST 22:29:25,693 - INFO -  epoch= 400      train_loss=   7.8583      val_loss=  18.8760      best=1      size=  53      nSHD_c=   2.3000      nSHD=   2.1667      tpr_c=   0.2830      change_adj_count=51      
2022-08-17 BST 22:29:45,026 - INFO -  epoch= 500      train_loss=   7.4692      val_loss=  15.3518      best=1      size=  53      nSHD_c=   2.3000      nSHD=   2.1667      tpr_c=   0.2830      change_adj_count=51      
2022-08-17 BST 22:30:04,492 - INFO -  epoch= 600      train_loss=   7.2633      val_loss=  12.2324      best=1      size=  53      nSHD_c=   2.2000      nSHD=   2.1000      tpr_c=   0.3208      change_adj_count=52      
2022-08-17 BST 22:30:23,516 - INFO -  epoch= 700      train_loss=   6.6977      val_loss=  10.4652      best=1      size=  53      nSHD_c=   2.2000      nSHD=   2.1000      tpr_c=   0.3208      change_adj_count=55      
2022-08-17 BST 22:30:42,852 - INFO -  epoch= 800      train_loss=   6.3841      val_loss=   9.1644      best=1      size=  53      nSHD_c=   2.1000      nSHD=   1.9667      tpr_c=   0.3396      change_adj_count=65      
2022-08-17 BST 22:31:02,444 - INFO -  epoch= 900      train_loss=   5.8721      val_loss=   7.4642      best=1      size=  54      nSHD_c=   2.1000      nSHD=   1.9333      tpr_c=   0.3333      change_adj_count=66      
2022-08-17 BST 22:31:21,906 - INFO -  epoch=1000      train_loss=   5.5834      val_loss=   6.2887      best=1      size=  54      nSHD_c=   1.9667      nSHD=   1.9000      tpr_c=   0.3889      change_adj_count=72      
2022-08-17 BST 22:31:21,906 - INFO - Before params
2022-08-17 BST 22:31:21,906 - INFO - After params={'MAX_SIZE': [66], 'LAMBDA': [10], 'NOISE_TEMPERATURE': [1], 'h_NULL': [0.001], 'h_LR': [0.0001], 'z_RHO': [0], 'z_MU': [0]}
2022-08-17 BST 22:31:21,906 - INFO - After metrics={'train_loss': [5.583440242275115], 'val_loss': [6.288728396097819], 'size': [54], 'nshd_c': [1.9666666666666666], 'nshd': [1.9], 'tpr': [0.46], 'tpr_c': [0.3888888888888889], 'change_adj_count': [72]}
2022-08-17 BST 22:31:21,923 - INFO - After to_save=   MAX_SIZE  LAMBDA  NOISE_TEMPERATURE  ...   tpr     tpr_c  change_adj_count
0        66      10                  1  ...  0.46  0.388889                72

[1 rows x 16 columns]
2022-08-17 BST 22:31:21,923 - INFO - After file_path='../results/l_66_4hps.csv'
2022-08-17 BST 22:31:21,926 - INFO - Last epoch results saved in l_66_4hps.csv
2022-08-17 BST 22:31:21,926 - INFO - 

DAG 17: size_true=49	X.var()=16.5203
2022-08-17 BST 22:31:22,156 - INFO -  epoch=   1      train_loss=  15.2377      val_loss=  11.3597      best=1      size=  53      nSHD_c=   2.9333      nSHD=   2.9000      tpr_c=   0.0566      change_adj_count=5      
2022-08-17 BST 22:31:41,929 - INFO -  epoch= 100      train_loss=  11.5202      val_loss=  57.0410      best=1      size=  53      nSHD_c=   2.2000      nSHD=   2.2000      tpr_c=   0.3396      change_adj_count=30      
2022-08-17 BST 22:32:01,679 - INFO -  epoch= 200      train_loss=  10.7519      val_loss=  45.7402      best=1      size=  53      nSHD_c=   2.2000      nSHD=   2.2000      tpr_c=   0.3396      change_adj_count=35      
2022-08-17 BST 22:32:21,289 - INFO -  epoch= 300      train_loss=  10.0561      val_loss=  37.3984      best=1      size=  53      nSHD_c=   2.2000      nSHD=   2.2000      tpr_c=   0.3396      change_adj_count=37      
2022-08-17 BST 22:32:40,746 - INFO -  epoch= 400      train_loss=   9.6407      val_loss=  28.7320      best=1      size=  52      nSHD_c=   2.2333      nSHD=   2.2333      tpr_c=   0.3269      change_adj_count=40      
2022-08-17 BST 22:33:00,610 - INFO -  epoch= 500      train_loss=   9.0113      val_loss=  23.1654      best=1      size=  52      nSHD_c=   2.2333      nSHD=   2.2333      tpr_c=   0.3269      change_adj_count=45      
2022-08-17 BST 22:33:20,461 - INFO -  epoch= 600      train_loss=   8.3961      val_loss=  19.0421      best=1      size=  52      nSHD_c=   2.2333      nSHD=   2.2333      tpr_c=   0.3269      change_adj_count=48      
2022-08-17 BST 22:33:39,757 - INFO -  epoch= 700      train_loss=   7.9178      val_loss=  16.4539      best=1      size=  52      nSHD_c=   2.2333      nSHD=   2.2333      tpr_c=   0.3269      change_adj_count=48      
2022-08-17 BST 22:33:59,986 - INFO -  epoch= 800      train_loss=   7.5030      val_loss=  13.7932      best=1      size=  52      nSHD_c=   2.2333      nSHD=   2.2333      tpr_c=   0.3269      change_adj_count=48      
2022-08-17 BST 22:34:19,850 - INFO -  epoch= 900      train_loss=   7.1121      val_loss=  11.8428      best=1      size=  52      nSHD_c=   2.2333      nSHD=   2.2333      tpr_c=   0.3269      change_adj_count=57      
2022-08-17 BST 22:34:39,109 - INFO -  epoch=1000      train_loss=   6.5959      val_loss=   8.7925      best=1      size=  52      nSHD_c=   2.1333      nSHD=   2.1000      tpr_c=   0.3462      change_adj_count=59      
2022-08-17 BST 22:34:39,109 - INFO - Before params
2022-08-17 BST 22:34:39,109 - INFO - After params={'MAX_SIZE': [66], 'LAMBDA': [10], 'NOISE_TEMPERATURE': [1], 'h_NULL': [0.001], 'h_LR': [0.0001], 'z_RHO': [0], 'z_MU': [0]}
2022-08-17 BST 22:34:39,109 - INFO - After metrics={'train_loss': [6.595854297760995], 'val_loss': [8.792545795440674], 'size': [52], 'nshd_c': [2.1333333333333333], 'nshd': [2.1], 'tpr': [0.3877551020408163], 'tpr_c': [0.34615384615384615], 'change_adj_count': [59]}
2022-08-17 BST 22:34:39,127 - INFO - After to_save=   MAX_SIZE  LAMBDA  NOISE_TEMPERATURE  ...       tpr     tpr_c  change_adj_count
0        66      10                  1  ...  0.387755  0.346154                59

[1 rows x 16 columns]
2022-08-17 BST 22:34:39,127 - INFO - After file_path='../results/l_66_4hps.csv'
2022-08-17 BST 22:34:39,129 - INFO - Last epoch results saved in l_66_4hps.csv
2022-08-17 BST 22:34:39,130 - INFO - 

DAG 18: size_true=56	X.var()=17.9506
2022-08-17 BST 22:34:39,409 - INFO -  epoch=   1      train_loss=  16.9467      val_loss=  10.7270      best=1      size=  57      nSHD_c=   3.1000      nSHD=   3.1000      tpr_c=   0.1579      change_adj_count=5      
2022-08-17 BST 22:34:59,279 - INFO -  epoch= 100      train_loss=  12.0304      val_loss=  78.8893      best=1      size=  61      nSHD_c=   2.8667      nSHD=   2.8667      tpr_c=   0.2459      change_adj_count=32      
2022-08-17 BST 22:35:18,447 - INFO -  epoch= 200      train_loss=  11.4104      val_loss=  59.6908      best=1      size=  61      nSHD_c=   2.8333      nSHD=   2.8000      tpr_c=   0.2459      change_adj_count=33      
2022-08-17 BST 22:35:37,874 - INFO -  epoch= 300      train_loss=  10.4102      val_loss=  46.4916      best=1      size=  61      nSHD_c=   2.8000      nSHD=   2.7333      tpr_c=   0.2459      change_adj_count=36      
2022-08-17 BST 22:35:57,022 - INFO -  epoch= 400      train_loss=   9.8722      val_loss=  33.5635      best=1      size=  61      nSHD_c=   2.7333      nSHD=   2.6000      tpr_c=   0.2459      change_adj_count=43      
2022-08-17 BST 22:36:16,111 - INFO -  epoch= 500      train_loss=   8.9273      val_loss=  25.1898      best=1      size=  60      nSHD_c=   2.7000      nSHD=   2.5667      tpr_c=   0.2500      change_adj_count=53      
2022-08-17 BST 22:36:35,588 - INFO -  epoch= 600      train_loss=   8.2551      val_loss=  19.1111      best=1      size=  59      nSHD_c=   2.6000      nSHD=   2.4667      tpr_c=   0.2712      change_adj_count=55      
2022-08-17 BST 22:36:55,374 - INFO -  epoch= 700      train_loss=   7.8463      val_loss=  14.2945      best=1      size=  58      nSHD_c=   2.4667      nSHD=   2.3667      tpr_c=   0.3103      change_adj_count=59      
2022-08-17 BST 22:37:14,732 - INFO -  epoch= 800      train_loss=   7.2396      val_loss=  11.1403      best=1      size=  57      nSHD_c=   2.4333      nSHD=   2.3333      tpr_c=   0.3158      change_adj_count=60      
2022-08-17 BST 22:37:34,758 - INFO -  epoch= 900      train_loss=   7.0173      val_loss=   9.1383      best=1      size=  57      nSHD_c=   2.3333      nSHD=   2.2667      tpr_c=   0.3509      change_adj_count=61      
2022-08-17 BST 22:37:54,742 - INFO -  epoch=1000      train_loss=   6.4188      val_loss=   8.4647      best=1      size=  57      nSHD_c=   2.3333      nSHD=   2.2667      tpr_c=   0.3509      change_adj_count=62      
2022-08-17 BST 22:37:54,742 - INFO - Before params
2022-08-17 BST 22:37:54,742 - INFO - After params={'MAX_SIZE': [66], 'LAMBDA': [10], 'NOISE_TEMPERATURE': [1], 'h_NULL': [0.001], 'h_LR': [0.0001], 'z_RHO': [0], 'z_MU': [0]}
2022-08-17 BST 22:37:54,743 - INFO - After metrics={'train_loss': [6.418768775078558], 'val_loss': [8.464707136154175], 'size': [57], 'nshd_c': [2.3333333333333335], 'nshd': [2.2666666666666666], 'tpr': [0.39285714285714285], 'tpr_c': [0.3508771929824561], 'change_adj_count': [62]}
2022-08-17 BST 22:37:54,763 - INFO - After to_save=   MAX_SIZE  LAMBDA  NOISE_TEMPERATURE  ...       tpr     tpr_c  change_adj_count
0        66      10                  1  ...  0.392857  0.350877                62

[1 rows x 16 columns]
2022-08-17 BST 22:37:54,763 - INFO - After file_path='../results/l_66_4hps.csv'
2022-08-17 BST 22:37:54,766 - INFO - Last epoch results saved in l_66_4hps.csv
2022-08-17 BST 22:37:54,766 - INFO - 

DAG 19: size_true=57	X.var()=24.8142
2022-08-17 BST 22:37:55,037 - INFO -  epoch=   1      train_loss=  22.4085      val_loss=  18.1016      best=1      size=  53      nSHD_c=   3.2333      nSHD=   3.2333      tpr_c=   0.0755      change_adj_count=5      
2022-08-17 BST 22:38:14,596 - INFO -  epoch= 100      train_loss=  15.7365      val_loss= 112.6085      best=1      size=  57      nSHD_c=   2.7667      nSHD=   2.7333      tpr_c=   0.2632      change_adj_count=37      
2022-08-17 BST 22:38:34,009 - INFO -  epoch= 200      train_loss=  14.7884      val_loss=  90.1526      best=1      size=  57      nSHD_c=   2.7667      nSHD=   2.7333      tpr_c=   0.2632      change_adj_count=38      
2022-08-17 BST 22:38:53,292 - INFO -  epoch= 300      train_loss=  13.8449      val_loss=  74.4626      best=1      size=  57      nSHD_c=   2.7667      nSHD=   2.7333      tpr_c=   0.2632      change_adj_count=38      
2022-08-17 BST 22:39:12,798 - INFO -  epoch= 400      train_loss=  13.1878      val_loss=  53.2188      best=1      size=  56      nSHD_c=   2.7333      nSHD=   2.7000      tpr_c=   0.2679      change_adj_count=39      
2022-08-17 BST 22:39:32,851 - INFO -  epoch= 500      train_loss=  12.4226      val_loss=  41.7109      best=1      size=  55      nSHD_c=   2.7000      nSHD=   2.6667      tpr_c=   0.2727      change_adj_count=40      
2022-08-17 BST 22:39:52,316 - INFO -  epoch= 600      train_loss=  11.4135      val_loss=  32.1595      best=1      size=  55      nSHD_c=   2.7000      nSHD=   2.6667      tpr_c=   0.2727      change_adj_count=40      
2022-08-17 BST 22:40:12,220 - INFO -  epoch= 700      train_loss=  10.6329      val_loss=  27.0951      best=1      size=  55      nSHD_c=   2.7000      nSHD=   2.6667      tpr_c=   0.2727      change_adj_count=41      
2022-08-17 BST 22:40:31,628 - INFO -  epoch= 800      train_loss=   9.8004      val_loss=  20.6218      best=1      size=  55      nSHD_c=   2.6667      nSHD=   2.6000      tpr_c=   0.2727      change_adj_count=42      
2022-08-17 BST 22:40:50,532 - INFO -  epoch= 900      train_loss=   9.2199      val_loss=  16.9733      best=1      size=  55      nSHD_c=   2.6667      nSHD=   2.6000      tpr_c=   0.2727      change_adj_count=42      
2022-08-17 BST 22:41:10,279 - INFO -  epoch=1000      train_loss=   8.5517      val_loss=  14.9497      best=1      size=  55      nSHD_c=   2.6667      nSHD=   2.6000      tpr_c=   0.2727      change_adj_count=42      
2022-08-17 BST 22:41:10,279 - INFO - Before params
2022-08-17 BST 22:41:10,279 - INFO - After params={'MAX_SIZE': [66], 'LAMBDA': [10], 'NOISE_TEMPERATURE': [1], 'h_NULL': [0.001], 'h_LR': [0.0001], 'z_RHO': [0], 'z_MU': [0]}
2022-08-17 BST 22:41:10,279 - INFO - After metrics={'train_loss': [8.551715666247953], 'val_loss': [14.949655691782633], 'size': [55], 'nshd_c': [2.6666666666666665], 'nshd': [2.6], 'tpr': [0.2982456140350877], 'tpr_c': [0.2727272727272727], 'change_adj_count': [42]}
2022-08-17 BST 22:41:10,300 - INFO - After to_save=   MAX_SIZE  LAMBDA  NOISE_TEMPERATURE  ...       tpr     tpr_c  change_adj_count
0        66      10                  1  ...  0.298246  0.272727                42

[1 rows x 16 columns]
2022-08-17 BST 22:41:10,300 - INFO - After file_path='../results/l_66_4hps.csv'
2022-08-17 BST 22:41:10,303 - INFO - Last epoch results saved in l_66_4hps.csv
2022-08-17 BST 22:41:10,303 - INFO - 

DAG 20: size_true=59	X.var()=201.6824
2022-08-17 BST 22:41:10,571 - INFO -  epoch=   1      train_loss= 186.9654      val_loss=  73.1792      best=1      size=  44      nSHD_c=   3.0667      nSHD=   3.0667      tpr_c=   0.0909      change_adj_count=5      
2022-08-17 BST 22:41:29,644 - INFO -  epoch= 100      train_loss=  83.7230      val_loss=2206.8412      best=1      size=  60      nSHD_c=   3.5000      nSHD=   3.4333      tpr_c=   0.1000      change_adj_count=38      
2022-08-17 BST 22:41:49,580 - INFO -  epoch= 200      train_loss=  72.8999      val_loss=1259.1615      best=1      size=  58      nSHD_c=   3.4333      nSHD=   3.3667      tpr_c=   0.1034      change_adj_count=44      
2022-08-17 BST 22:42:09,519 - INFO -  epoch= 300      train_loss=  58.8303      val_loss= 676.9995      best=1      size=  54      nSHD_c=   3.3000      nSHD=   3.2333      tpr_c=   0.1111      change_adj_count=50      
2022-08-17 BST 22:42:28,975 - INFO -  epoch= 400      train_loss=  50.4712      val_loss= 468.6342      best=1      size=  53      nSHD_c=   3.2667      nSHD=   3.2000      tpr_c=   0.1132      change_adj_count=51      
2022-08-17 BST 22:42:48,327 - INFO -  epoch= 500      train_loss=  44.1603      val_loss= 295.9021      best=1      size=  51      nSHD_c=   3.2000      nSHD=   3.1333      tpr_c=   0.1176      change_adj_count=54      
2022-08-17 BST 22:43:07,759 - INFO -  epoch= 600      train_loss=  40.3868      val_loss= 207.7006      best=1      size=  51      nSHD_c=   3.1333      nSHD=   3.0667      tpr_c=   0.1373      change_adj_count=55      
2022-08-17 BST 22:43:27,154 - INFO -  epoch= 700      train_loss=  34.7473      val_loss= 164.6705      best=1      size=  51      nSHD_c=   3.1333      nSHD=   3.0667      tpr_c=   0.1373      change_adj_count=55      
2022-08-17 BST 22:43:47,080 - INFO -  epoch= 800      train_loss=  31.8916      val_loss= 141.7467      best=1      size=  51      nSHD_c=   3.1333      nSHD=   3.0667      tpr_c=   0.1373      change_adj_count=56      
2022-08-17 BST 22:44:06,554 - INFO -  epoch= 900      train_loss=  30.5962      val_loss=  99.7928      best=1      size=  51      nSHD_c=   3.0667      nSHD=   3.0667      tpr_c=   0.1765      change_adj_count=61      
2022-08-17 BST 22:44:25,735 - INFO -  epoch=1000      train_loss=  28.9595      val_loss=  87.7350      best=1      size=  51      nSHD_c=   3.0333      nSHD=   3.0000      tpr_c=   0.1765      change_adj_count=62      
2022-08-17 BST 22:44:25,736 - INFO - Before params
2022-08-17 BST 22:44:25,736 - INFO - After params={'MAX_SIZE': [66], 'LAMBDA': [10], 'NOISE_TEMPERATURE': [1], 'h_NULL': [0.001], 'h_LR': [0.0001], 'z_RHO': [0], 'z_MU': [0]}
2022-08-17 BST 22:44:25,736 - INFO - After metrics={'train_loss': [28.9595271079771], 'val_loss': [87.73497835795085], 'size': [51], 'nshd_c': [3.033333333333333], 'nshd': [3.0], 'tpr': [0.1694915254237288], 'tpr_c': [0.17647058823529413], 'change_adj_count': [62]}
2022-08-17 BST 22:44:25,753 - INFO - After to_save=   MAX_SIZE  LAMBDA  NOISE_TEMPERATURE  ...       tpr     tpr_c  change_adj_count
0        66      10                  1  ...  0.169492  0.176471                62

[1 rows x 16 columns]
2022-08-17 BST 22:44:25,753 - INFO - After file_path='../results/l_66_4hps.csv'
2022-08-17 BST 22:44:25,755 - INFO - Last epoch results saved in l_66_4hps.csv
2022-08-17 BST 22:44:25,756 - INFO - 

DAG 21: size_true=57	X.var()=21.1204
2022-08-17 BST 22:44:26,033 - INFO -  epoch=   1      train_loss=  19.2057      val_loss=  12.5896      best=1      size=  51      nSHD_c=   2.6667      nSHD=   2.6000      tpr_c=   0.1961      change_adj_count=5      
2022-08-17 BST 22:44:45,783 - INFO -  epoch= 100      train_loss=  13.0991      val_loss= 118.2450      best=1      size=  54      nSHD_c=   2.9000      nSHD=   2.8667      tpr_c=   0.1852      change_adj_count=33      
2022-08-17 BST 22:45:05,535 - INFO -  epoch= 200      train_loss=  12.3837      val_loss=  90.7020      best=1      size=  53      nSHD_c=   2.9000      nSHD=   2.8667      tpr_c=   0.1698      change_adj_count=37      
2022-08-17 BST 22:45:24,924 - INFO -  epoch= 300      train_loss=  11.3244      val_loss=  66.0329      best=1      size=  53      nSHD_c=   2.8667      nSHD=   2.8000      tpr_c=   0.1698      change_adj_count=41      
2022-08-17 BST 22:45:44,337 - INFO -  epoch= 400      train_loss=  10.4879      val_loss=  47.2764      best=1      size=  53      nSHD_c=   2.8333      nSHD=   2.8000      tpr_c=   0.1887      change_adj_count=55      
2022-08-17 BST 22:46:03,735 - INFO -  epoch= 500      train_loss=   9.7618      val_loss=  36.4370      best=1      size=  53      nSHD_c=   2.8333      nSHD=   2.8000      tpr_c=   0.1887      change_adj_count=56      
2022-08-17 BST 22:46:24,119 - INFO -  epoch= 600      train_loss=   9.1300      val_loss=  29.1098      best=1      size=  53      nSHD_c=   2.8333      nSHD=   2.8000      tpr_c=   0.1887      change_adj_count=56      
2022-08-17 BST 22:46:43,427 - INFO -  epoch= 700      train_loss=   8.7340      val_loss=  23.1642      best=1      size=  53      nSHD_c=   2.8333      nSHD=   2.8000      tpr_c=   0.1887      change_adj_count=56      
2022-08-17 BST 22:47:02,808 - INFO -  epoch= 800      train_loss=   8.1860      val_loss=  18.9897      best=1      size=  52      nSHD_c=   2.8000      nSHD=   2.7667      tpr_c=   0.1923      change_adj_count=57      
2022-08-17 BST 22:47:22,349 - INFO -  epoch= 900      train_loss=   7.6747      val_loss=  16.5680      best=1      size=  51      nSHD_c=   2.7667      nSHD=   2.7333      tpr_c=   0.1961      change_adj_count=58      
2022-08-17 BST 22:47:41,992 - INFO -  epoch=1000      train_loss=   7.3195      val_loss=  13.7719      best=1      size=  51      nSHD_c=   2.7333      nSHD=   2.7000      tpr_c=   0.2157      change_adj_count=58      
2022-08-17 BST 22:47:41,992 - INFO - Before params
2022-08-17 BST 22:47:41,992 - INFO - After params={'MAX_SIZE': [66], 'LAMBDA': [10], 'NOISE_TEMPERATURE': [1], 'h_NULL': [0.001], 'h_LR': [0.0001], 'z_RHO': [0], 'z_MU': [0]}
2022-08-17 BST 22:47:41,992 - INFO - After metrics={'train_loss': [7.319508506405738], 'val_loss': [13.771861553192139], 'size': [51], 'nshd_c': [2.7333333333333334], 'nshd': [2.7], 'tpr': [0.21052631578947367], 'tpr_c': [0.21568627450980393], 'change_adj_count': [58]}
2022-08-17 BST 22:47:42,010 - INFO - After to_save=   MAX_SIZE  LAMBDA  NOISE_TEMPERATURE  ...       tpr     tpr_c  change_adj_count
0        66      10                  1  ...  0.210526  0.215686                58

[1 rows x 16 columns]
2022-08-17 BST 22:47:42,010 - INFO - After file_path='../results/l_66_4hps.csv'
2022-08-17 BST 22:47:42,013 - INFO - Last epoch results saved in l_66_4hps.csv
2022-08-17 BST 22:47:42,013 - INFO - 

DAG 22: size_true=60	X.var()=129.8499
2022-08-17 BST 22:47:42,255 - INFO -  epoch=   1      train_loss= 120.3299      val_loss=  54.5441      best=1      size=  42      nSHD_c=   2.7667      nSHD=   2.7667      tpr_c=   0.1667      change_adj_count=5      
2022-08-17 BST 22:48:00,983 - INFO -  epoch= 100      train_loss=  61.8289      val_loss=1490.7920      best=1      size=  58      nSHD_c=   3.0000      nSHD=   2.9667      tpr_c=   0.2241      change_adj_count=22      
2022-08-17 BST 22:48:20,553 - INFO -  epoch= 200      train_loss=  50.4612      val_loss= 951.9696      best=1      size=  58      nSHD_c=   3.0000      nSHD=   2.9667      tpr_c=   0.2241      change_adj_count=27      
2022-08-17 BST 22:48:40,371 - INFO -  epoch= 300      train_loss=  44.1473      val_loss= 590.9991      best=1      size=  58      nSHD_c=   3.0000      nSHD=   2.9667      tpr_c=   0.2241      change_adj_count=28      
2022-08-17 BST 22:48:59,659 - INFO -  epoch= 400      train_loss=  36.0464      val_loss= 386.9982      best=1      size=  58      nSHD_c=   2.9333      nSHD=   2.8667      tpr_c=   0.2241      change_adj_count=30      
2022-08-17 BST 22:49:19,549 - INFO -  epoch= 500      train_loss=  32.5576      val_loss= 224.8389      best=1      size=  57      nSHD_c=   2.9000      nSHD=   2.8333      tpr_c=   0.2281      change_adj_count=31      
2022-08-17 BST 22:49:39,179 - INFO -  epoch= 600      train_loss=  28.3410      val_loss= 164.1760      best=1      size=  56      nSHD_c=   2.8667      nSHD=   2.8000      tpr_c=   0.2321      change_adj_count=32      
2022-08-17 BST 22:49:58,984 - INFO -  epoch= 700      train_loss=  27.1908      val_loss= 113.9684      best=1      size=  55      nSHD_c=   2.9000      nSHD=   2.8333      tpr_c=   0.2182      change_adj_count=33      
2022-08-17 BST 22:50:18,525 - INFO -  epoch= 800      train_loss=  23.8236      val_loss=  84.7458      best=1      size=  55      nSHD_c=   2.9000      nSHD=   2.8333      tpr_c=   0.2182      change_adj_count=33      
2022-08-17 BST 22:50:38,360 - INFO -  epoch= 900      train_loss=  22.2588      val_loss=  67.8986      best=1      size=  55      nSHD_c=   2.8667      nSHD=   2.7667      tpr_c=   0.2182      change_adj_count=34      
2022-08-17 BST 22:50:58,212 - INFO -  epoch=1000      train_loss=  20.7176      val_loss=  61.9566      best=1      size=  55      nSHD_c=   2.8667      nSHD=   2.7667      tpr_c=   0.2182      change_adj_count=35      
2022-08-17 BST 22:50:58,212 - INFO - Before params
2022-08-17 BST 22:50:58,212 - INFO - After params={'MAX_SIZE': [66], 'LAMBDA': [10], 'NOISE_TEMPERATURE': [1], 'h_NULL': [0.001], 'h_LR': [0.0001], 'z_RHO': [0], 'z_MU': [0]}
2022-08-17 BST 22:50:58,212 - INFO - After metrics={'train_loss': [20.717557722522365], 'val_loss': [61.95656776428223], 'size': [55], 'nshd_c': [2.8666666666666667], 'nshd': [2.7666666666666666], 'tpr': [0.25], 'tpr_c': [0.21818181818181817], 'change_adj_count': [35]}
2022-08-17 BST 22:50:58,231 - INFO - After to_save=   MAX_SIZE  LAMBDA  NOISE_TEMPERATURE  ...   tpr     tpr_c  change_adj_count
0        66      10                  1  ...  0.25  0.218182                35

[1 rows x 16 columns]
2022-08-17 BST 22:50:58,231 - INFO - After file_path='../results/l_66_4hps.csv'
2022-08-17 BST 22:50:58,233 - INFO - Last epoch results saved in l_66_4hps.csv
2022-08-17 BST 22:50:58,234 - INFO - 

DAG 23: size_true=49	X.var()=14.1269
2022-08-17 BST 22:50:58,484 - INFO -  epoch=   1      train_loss=  13.4457      val_loss=  10.7345      best=1      size=  57      nSHD_c=   3.0000      nSHD=   3.0333      tpr_c=   0.1228      change_adj_count=5      
2022-08-17 BST 22:50:58,736 - INFO -  epoch=   2      train_loss=  12.6293      val_loss=   7.9027      best=1      size=  47      nSHD_c=   2.4000      nSHD=   2.3667      tpr_c=   0.2128      change_adj_count=6      
2022-08-17 BST 22:51:18,284 - INFO -  epoch= 100      train_loss=  10.3614      val_loss=  53.0356      best=1      size=  50      nSHD_c=   1.9000      nSHD=   1.8333      tpr_c=   0.4000      change_adj_count=63      
2022-08-17 BST 22:51:37,898 - INFO -  epoch= 200      train_loss=   9.6498      val_loss=  42.6636      best=1      size=  52      nSHD_c=   1.8667      nSHD=   1.7667      tpr_c=   0.4038      change_adj_count=80      
2022-08-17 BST 22:51:57,688 - INFO -  epoch= 300      train_loss=   8.9688      val_loss=  34.1716      best=1      size=  52      nSHD_c=   1.8667      nSHD=   1.7667      tpr_c=   0.4038      change_adj_count=82      
2022-08-17 BST 22:52:16,984 - INFO -  epoch= 400      train_loss=   8.3659      val_loss=  24.0828      best=1      size=  54      nSHD_c=   1.9333      nSHD=   1.7667      tpr_c=   0.3704      change_adj_count=98      
2022-08-17 BST 22:52:36,460 - INFO -  epoch= 500      train_loss=   7.7354      val_loss=  17.9697      best=1      size=  53      nSHD_c=   1.9667      nSHD=   1.7333      tpr_c=   0.3396      change_adj_count=102      
2022-08-17 BST 22:52:55,782 - INFO -  epoch= 600      train_loss=   7.2878      val_loss=  16.4145      best=1      size=  53      nSHD_c=   1.9667      nSHD=   1.7333      tpr_c=   0.3396      change_adj_count=111      
2022-08-17 BST 22:53:15,255 - INFO -  epoch= 700      train_loss=   6.8141      val_loss=  11.3204      best=1      size=  53      nSHD_c=   1.9667      nSHD=   1.7333      tpr_c=   0.3396      change_adj_count=111      
2022-08-17 BST 22:53:34,908 - INFO -  epoch= 800      train_loss=   6.5217      val_loss=  10.2376      best=1      size=  53      nSHD_c=   1.8667      nSHD=   1.6667      tpr_c=   0.3774      change_adj_count=116      
2022-08-17 BST 22:53:54,336 - INFO -  epoch= 900      train_loss=   6.2184      val_loss=   7.3775      best=1      size=  53      nSHD_c=   1.8000      nSHD=   1.6000      tpr_c=   0.3962      change_adj_count=119      
2022-08-17 BST 22:54:13,972 - INFO -  epoch=1000      train_loss=   5.7478      val_loss=   7.0077      best=1      size=  53      nSHD_c=   1.8000      nSHD=   1.6000      tpr_c=   0.3962      change_adj_count=120      
2022-08-17 BST 22:54:13,973 - INFO - Before params
2022-08-17 BST 22:54:13,973 - INFO - After params={'MAX_SIZE': [66], 'LAMBDA': [10], 'NOISE_TEMPERATURE': [1], 'h_NULL': [0.001], 'h_LR': [0.0001], 'z_RHO': [0], 'z_MU': [0]}
2022-08-17 BST 22:54:13,973 - INFO - After metrics={'train_loss': [5.747778538734682], 'val_loss': [7.007730325063069], 'size': [53], 'nshd_c': [1.8], 'nshd': [1.6], 'tpr': [0.5510204081632653], 'tpr_c': [0.39622641509433965], 'change_adj_count': [120]}
2022-08-17 BST 22:54:13,990 - INFO - After to_save=   MAX_SIZE  LAMBDA  NOISE_TEMPERATURE  ...      tpr     tpr_c  change_adj_count
0        66      10                  1  ...  0.55102  0.396226               120

[1 rows x 16 columns]
2022-08-17 BST 22:54:13,990 - INFO - After file_path='../results/l_66_4hps.csv'
2022-08-17 BST 22:54:13,993 - INFO - Last epoch results saved in l_66_4hps.csv
2022-08-17 BST 22:54:13,993 - INFO - 
last_mean_nshd_c=2.5944
2022-08-17 BST 22:54:13,994 - INFO - 
Time taken 1:18:14 (h:mm:ss)
2022-08-17 BST 22:54:13,994 - INFO - 
End of log for run 2022-08-17_BST_21:35:59,633_l_66_4hps_205
