2022-08-17 BST 12:33:20,466 - INFO - 
Log for run 2022-08-17_BST_12:33:20,427_l_66_4hps_146

2022-08-17 BST 12:33:20,467 - INFO - COMMENT = ''
2022-08-17 BST 12:33:20,467 - INFO - DATA_FOLDER = '../data'
2022-08-17 BST 12:33:20,467 - INFO - LATENTS_FOLDER = '../latents'
2022-08-17 BST 12:33:20,467 - INFO - LOGS_FOLDER = '../logs'
2022-08-17 BST 12:33:20,467 - INFO - MODEL_FOLDER = '../models'
2022-08-17 BST 12:33:20,467 - INFO - RESULTS_FOLDER = '../results'
2022-08-17 BST 12:33:20,467 - INFO - DEVICE = torch.device("cuda" if torch.cuda.is_available() else "cpu")  # Used: "cuda"
2022-08-17 BST 12:33:20,467 - INFO - LATENTS = False
2022-08-17 BST 12:33:20,467 - INFO - MATRIX_REPORT = False
2022-08-17 BST 12:33:20,467 - INFO - LABEL = True
2022-08-17 BST 12:33:20,468 - INFO - SAVE_TO_ODS = False
2022-08-17 BST 12:33:20,468 - INFO - VAL_LOSS_FROM_DAG = True
2022-08-17 BST 12:33:20,468 - INFO - WANDB = False
2022-08-17 BST 12:33:20,468 - INFO - WANDB_PROJECT = 'Thetas'
2022-08-17 BST 12:33:20,468 - INFO - GRAD_LOG = False
2022-08-17 BST 12:33:20,468 - INFO - N_TRIALS = 1
2022-08-17 BST 12:33:20,468 - INFO - OPTUNA_STRINGS = {'None': None, 'True': True, 'False': False}
2022-08-17 BST 12:33:20,468 - INFO - TQDM = False
2022-08-17 BST 12:33:20,468 - INFO - 
hyperparameters = {
2022-08-17 BST 12:33:20,468 - INFO - 	'GRAPH_TYPE': 'ER2',
2022-08-17 BST 12:33:20,468 - INFO - 	'D': 30,
2022-08-17 BST 12:33:20,468 - INFO - 	'MAX_SIZE': 66,
2022-08-17 BST 12:33:20,468 - INFO - 	'SEM_NOISE': 'gaussian_ev',
2022-08-17 BST 12:33:20,468 - INFO - 	'N': 1200,
2022-08-17 BST 12:33:20,468 - INFO - 	'VAL': 0.16666666666666666,
2022-08-17 BST 12:33:20,469 - INFO - 	'N_EPOCHS': 1000,
2022-08-17 BST 12:33:20,469 - INFO - 	'BATCH_SIZE': 32,
2022-08-17 BST 12:33:20,469 - INFO - 	'LOG2_BATCH_SIZE': None,
2022-08-17 BST 12:33:20,469 - INFO - 	'BATCH_SHUFFLE': True,
2022-08-17 BST 12:33:20,469 - INFO - 	'N_SAMPLES': 10,
2022-08-17 BST 12:33:20,469 - INFO - 	'MODE': 'max_dag_test_only',
2022-08-17 BST 12:33:20,469 - INFO - 	'AFAS_SCHEDULER': None,
2022-08-17 BST 12:33:20,469 - INFO - 	'MINIZINC_SOLVER': None,
2022-08-17 BST 12:33:20,469 - INFO - 	'f_LINEAR_LAYERS': (),
2022-08-17 BST 12:33:20,469 - INFO - 	'f_BIAS': False,
2022-08-17 BST 12:33:20,469 - INFO - 	'p_LAYER': None,
2022-08-17 BST 12:33:20,469 - INFO - 	'STREAMLINE': False,
2022-08-17 BST 12:33:20,469 - INFO - 	'THRESHOLD': 0.0,
2022-08-17 BST 12:33:20,469 - INFO - 	'h_LINEAR_LAYERS': (),
2022-08-17 BST 12:33:20,469 - INFO - 	'h_NULL': 0.001,
2022-08-17 BST 12:33:20,469 - INFO - 	'h_LR': 0.001,
2022-08-17 BST 12:33:20,470 - INFO - 	'h_OPTIMIZER': 'torch.optim.Adam(overall_net.h_net.parameters(), lr=h.h_LR)',
2022-08-17 BST 12:33:20,470 - INFO - 	'f_LR': 0.0117744218586073,
2022-08-17 BST 12:33:20,470 - INFO - 	'f_OPTIMIZER': 'torch.optim.Adam(overall_net.f_net.parameters(), lr=h.f_LR)',
2022-08-17 BST 12:33:20,470 - INFO - 	'NOISE_TEMPERATURE': 10,
2022-08-17 BST 12:33:20,470 - INFO - 	'NOISE_DISTRIBUTION': 'LogisticNoiseDistribution()',
2022-08-17 BST 12:33:20,470 - INFO - 	'LAMBDA': 1,
2022-08-17 BST 12:33:20,470 - INFO - 	'LOSS_FN': 'torch.nn.MSELoss()',
2022-08-17 BST 12:33:20,470 - INFO - 	'REGULARIZER': None,
2022-08-17 BST 12:33:20,470 - INFO - 	'z_RHO': 0,
2022-08-17 BST 12:33:20,470 - INFO - 	'z_MU': 0,
2022-08-17 BST 12:33:20,470 - INFO - 	'z_REGULARIZER': 'NoTearsZRegularizer(h.D, h.z_RHO, h.z_MU, c.DEVICE)',
2022-08-17 BST 12:33:20,470 - INFO - 	'LR_SCHEDULER': None,
2022-08-17 BST 12:33:20,470 - INFO - 	'DATA_CATEGORY': 'test',
2022-08-17 BST 12:33:20,470 - INFO - 	'DAGS': '030_ER2_gaussian_ev_2022-08-12_BST_09:55:21,293_create_dags'
2022-08-17 BST 12:33:20,470 - INFO - }

2022-08-17 BST 12:33:22,464 - INFO - 

DAG 0: size_true=69	X.var()=185.8479
2022-08-17 BST 12:33:25,342 - INFO -  epoch=   1      train_loss= 177.0969      val_loss=  78.8151      best=1      size=  43      nSHD_c=   2.9000      nSHD=   2.9000      tpr_c=   0.2326      change_adj_count=5      
2022-08-17 BST 12:33:44,254 - INFO -  epoch= 100      train_loss=  93.5958      val_loss=2089.1290      best=1      size=  60      nSHD_c=   2.9667      nSHD=   2.9667      tpr_c=   0.3333      change_adj_count=26      
2022-08-17 BST 12:34:03,433 - INFO -  epoch= 200      train_loss=  81.4428      val_loss=1642.0049      best=1      size=  60      nSHD_c=   2.9667      nSHD=   2.9667      tpr_c=   0.3333      change_adj_count=27      
2022-08-17 BST 12:34:22,988 - INFO -  epoch= 300      train_loss=  67.7910      val_loss=1151.7971      best=1      size=  60      nSHD_c=   2.9667      nSHD=   2.9667      tpr_c=   0.3333      change_adj_count=27      
2022-08-17 BST 12:34:41,240 - INFO -  epoch= 400      train_loss=  63.9037      val_loss= 811.7171      best=1      size=  60      nSHD_c=   2.9667      nSHD=   2.9667      tpr_c=   0.3333      change_adj_count=28      
2022-08-17 BST 12:34:59,496 - INFO -  epoch= 500      train_loss=  55.1779      val_loss= 595.6164      best=1      size=  59      nSHD_c=   2.9333      nSHD=   2.9333      tpr_c=   0.3390      change_adj_count=34      
2022-08-17 BST 12:35:18,408 - INFO -  epoch= 600      train_loss=  52.0854      val_loss= 433.6904      best=1      size=  57      nSHD_c=   2.8667      nSHD=   2.8667      tpr_c=   0.3509      change_adj_count=38      
2022-08-17 BST 12:35:37,090 - INFO -  epoch= 700      train_loss=  46.0114      val_loss= 310.9925      best=1      size=  57      nSHD_c=   2.8000      nSHD=   2.8000      tpr_c=   0.3684      change_adj_count=41      
2022-08-17 BST 12:35:55,855 - INFO -  epoch= 800      train_loss=  42.7939      val_loss= 246.1247      best=1      size=  57      nSHD_c=   2.7667      nSHD=   2.7333      tpr_c=   0.3684      change_adj_count=43      
2022-08-17 BST 12:36:16,412 - INFO -  epoch= 900      train_loss=  37.6585      val_loss= 177.1392      best=1      size=  57      nSHD_c=   2.7333      nSHD=   2.7333      tpr_c=   0.3860      change_adj_count=44      
2022-08-17 BST 12:36:36,737 - INFO -  epoch=1000      train_loss=  36.0725      val_loss= 145.7522      best=1      size=  57      nSHD_c=   2.7333      nSHD=   2.7333      tpr_c=   0.3860      change_adj_count=44      
2022-08-17 BST 12:36:36,738 - INFO - Before params
2022-08-17 BST 12:36:36,738 - INFO - After params={'MAX_SIZE': [66], 'LAMBDA': [1], 'NOISE_TEMPERATURE': [10], 'h_NULL': [0.001], 'h_LR': [0.001], 'z_RHO': [0], 'z_MU': [0]}
2022-08-17 BST 12:36:36,738 - INFO - After metrics={'train_loss': [36.07249001533754], 'val_loss': [145.75221633911133], 'size': [57], 'nshd_c': [2.7333333333333334], 'nshd': [2.7333333333333334], 'tpr': [0.3188405797101449], 'tpr_c': [0.38596491228070173], 'change_adj_count': [44]}
2022-08-17 BST 12:36:36,760 - INFO - After to_save=   MAX_SIZE  LAMBDA  NOISE_TEMPERATURE  ...       tpr     tpr_c  change_adj_count
0        66       1                 10  ...  0.318841  0.385965                44

[1 rows x 16 columns]
2022-08-17 BST 12:36:36,761 - INFO - After file_path='../results/l_66_4hps.csv'
2022-08-17 BST 12:36:36,767 - INFO - Last epoch results saved in l_66_4hps.csv
2022-08-17 BST 12:36:36,768 - INFO - 

DAG 1: size_true=67	X.var()=127.1156
2022-08-17 BST 12:36:37,012 - INFO -  epoch=   1      train_loss= 115.3354      val_loss=  54.9313      best=1      size=  48      nSHD_c=   3.4000      nSHD=   3.4000      tpr_c=   0.1042      change_adj_count=5      
2022-08-17 BST 12:36:55,218 - INFO -  epoch= 100      train_loss=  54.6319      val_loss=2293.5474      best=1      size=  60      nSHD_c=   3.5333      nSHD=   3.5000      tpr_c=   0.1667      change_adj_count=27      
2022-08-17 BST 12:37:14,020 - INFO -  epoch= 200      train_loss=  49.1708      val_loss=1641.0109      best=1      size=  60      nSHD_c=   3.5333      nSHD=   3.5000      tpr_c=   0.1667      change_adj_count=36      
2022-08-17 BST 12:37:34,259 - INFO -  epoch= 300      train_loss=  44.1551      val_loss=1276.7180      best=1      size=  60      nSHD_c=   3.5333      nSHD=   3.5000      tpr_c=   0.1667      change_adj_count=36      
2022-08-17 BST 12:37:52,920 - INFO -  epoch= 400      train_loss=  40.8694      val_loss= 937.7422      best=1      size=  60      nSHD_c=   3.5333      nSHD=   3.5000      tpr_c=   0.1667      change_adj_count=39      
2022-08-17 BST 12:38:11,866 - INFO -  epoch= 500      train_loss=  37.5788      val_loss= 739.4162      best=1      size=  60      nSHD_c=   3.5333      nSHD=   3.5000      tpr_c=   0.1667      change_adj_count=39      
2022-08-17 BST 12:38:31,664 - INFO -  epoch= 600      train_loss=  34.0222      val_loss= 611.9239      best=1      size=  60      nSHD_c=   3.6000      nSHD=   3.5667      tpr_c=   0.1500      change_adj_count=40      
2022-08-17 BST 12:38:50,921 - INFO -  epoch= 700      train_loss=  33.3825      val_loss= 472.9694      best=1      size=  60      nSHD_c=   3.6000      nSHD=   3.5667      tpr_c=   0.1500      change_adj_count=40      
2022-08-17 BST 12:39:09,965 - INFO -  epoch= 800      train_loss=  30.1870      val_loss= 388.5555      best=1      size=  60      nSHD_c=   3.6000      nSHD=   3.5667      tpr_c=   0.1500      change_adj_count=40      
2022-08-17 BST 12:39:28,463 - INFO -  epoch= 900      train_loss=  28.6056      val_loss= 326.6189      best=1      size=  60      nSHD_c=   3.6000      nSHD=   3.5667      tpr_c=   0.1500      change_adj_count=40      
2022-08-17 BST 12:39:47,821 - INFO -  epoch=1000      train_loss=  26.7809      val_loss= 288.0771      best=1      size=  60      nSHD_c=   3.6000      nSHD=   3.5667      tpr_c=   0.1500      change_adj_count=40      
2022-08-17 BST 12:39:47,822 - INFO - Before params
2022-08-17 BST 12:39:47,822 - INFO - After params={'MAX_SIZE': [66], 'LAMBDA': [1], 'NOISE_TEMPERATURE': [10], 'h_NULL': [0.001], 'h_LR': [0.001], 'z_RHO': [0], 'z_MU': [0]}
2022-08-17 BST 12:39:47,822 - INFO - After metrics={'train_loss': [26.780887788341893], 'val_loss': [288.0770797729492], 'size': [60], 'nshd_c': [3.6], 'nshd': [3.566666666666667], 'tpr': [0.14925373134328357], 'tpr_c': [0.15], 'change_adj_count': [40]}
2022-08-17 BST 12:39:47,840 - INFO - After to_save=   MAX_SIZE  LAMBDA  NOISE_TEMPERATURE  ...       tpr  tpr_c  change_adj_count
0        66       1                 10  ...  0.149254   0.15                40

[1 rows x 16 columns]
2022-08-17 BST 12:39:47,840 - INFO - After file_path='../results/l_66_4hps.csv'
2022-08-17 BST 12:39:47,841 - INFO - Last epoch results saved in l_66_4hps.csv
2022-08-17 BST 12:39:47,842 - INFO - 

DAG 2: size_true=64	X.var()=25.7432
2022-08-17 BST 12:39:48,052 - INFO -  epoch=   1      train_loss=  24.4118      val_loss=  18.2493      best=1      size=  53      nSHD_c=   3.4667      nSHD=   3.4667      tpr_c=   0.0566      change_adj_count=5      
2022-08-17 BST 12:39:48,308 - INFO -  epoch=   2      train_loss=  22.7458      val_loss=  12.8547      best=1      size=  46      nSHD_c=   3.1667      nSHD=   3.1000      tpr_c=   0.0870      change_adj_count=6      
2022-08-17 BST 12:40:07,340 - INFO -  epoch= 100      train_loss=  18.9610      val_loss=  72.1620      best=1      size=  56      nSHD_c=   2.6000      nSHD=   2.5333      tpr_c=   0.3571      change_adj_count=64      
2022-08-17 BST 12:40:26,765 - INFO -  epoch= 200      train_loss=  18.6200      val_loss=  63.7616      best=1      size=  56      nSHD_c=   2.5667      nSHD=   2.4667      tpr_c=   0.3571      change_adj_count=91      
2022-08-17 BST 12:40:45,477 - INFO -  epoch= 300      train_loss=  18.0942      val_loss=  63.2663      best=1      size=  57      nSHD_c=   2.5667      nSHD=   2.5000      tpr_c=   0.3684      change_adj_count=101      
2022-08-17 BST 12:41:04,706 - INFO -  epoch= 400      train_loss=  17.8942      val_loss=  60.9207      best=1      size=  56      nSHD_c=   2.6000      nSHD=   2.4667      tpr_c=   0.3393      change_adj_count=121      
2022-08-17 BST 12:41:23,543 - INFO -  epoch= 500      train_loss=  16.8585      val_loss=  53.2932      best=1      size=  56      nSHD_c=   2.6000      nSHD=   2.4667      tpr_c=   0.3393      change_adj_count=130      
2022-08-17 BST 12:41:42,749 - INFO -  epoch= 600      train_loss=  16.4863      val_loss=  49.4972      best=1      size=  56      nSHD_c=   2.6000      nSHD=   2.4667      tpr_c=   0.3393      change_adj_count=130      
2022-08-17 BST 12:42:01,284 - INFO -  epoch= 700      train_loss=  16.4005      val_loss=  43.6771      best=1      size=  56      nSHD_c=   2.6000      nSHD=   2.4667      tpr_c=   0.3393      change_adj_count=136      
2022-08-17 BST 12:42:19,916 - INFO -  epoch= 800      train_loss=  15.6514      val_loss=  42.9469      best=1      size=  56      nSHD_c=   2.6667      nSHD=   2.5333      tpr_c=   0.3214      change_adj_count=137      
2022-08-17 BST 12:42:38,790 - INFO -  epoch= 900      train_loss=  15.4345      val_loss=  37.4543      best=1      size=  56      nSHD_c=   2.6000      nSHD=   2.4667      tpr_c=   0.3393      change_adj_count=153      
2022-08-17 BST 12:42:57,574 - INFO -  epoch=1000      train_loss=  14.3555      val_loss=  35.8382      best=1      size=  56      nSHD_c=   2.6333      nSHD=   2.4667      tpr_c=   0.3214      change_adj_count=169      
2022-08-17 BST 12:42:57,574 - INFO - Before params
2022-08-17 BST 12:42:57,575 - INFO - After params={'MAX_SIZE': [66], 'LAMBDA': [1], 'NOISE_TEMPERATURE': [10], 'h_NULL': [0.001], 'h_LR': [0.001], 'z_RHO': [0], 'z_MU': [0]}
2022-08-17 BST 12:42:57,575 - INFO - After metrics={'train_loss': [14.355518033427577], 'val_loss': [35.838172912597656], 'size': [56], 'nshd_c': [2.6333333333333333], 'nshd': [2.466666666666667], 'tpr': [0.359375], 'tpr_c': [0.32142857142857145], 'change_adj_count': [169]}
2022-08-17 BST 12:42:57,593 - INFO - After to_save=   MAX_SIZE  LAMBDA  NOISE_TEMPERATURE  ...       tpr     tpr_c  change_adj_count
0        66       1                 10  ...  0.359375  0.321429               169

[1 rows x 16 columns]
2022-08-17 BST 12:42:57,593 - INFO - After file_path='../results/l_66_4hps.csv'
2022-08-17 BST 12:42:57,596 - INFO - Last epoch results saved in l_66_4hps.csv
2022-08-17 BST 12:42:57,596 - INFO - 

DAG 3: size_true=63	X.var()=265.9248
2022-08-17 BST 12:42:57,853 - INFO -  epoch=   1      train_loss= 221.4002      val_loss= 183.5490      best=1      size=  38      nSHD_c=   3.0000      nSHD=   3.0000      tpr_c=   0.0789      change_adj_count=5      
2022-08-17 BST 12:43:16,271 - INFO -  epoch= 100      train_loss= 115.8321      val_loss=3255.5312      best=1      size=  54      nSHD_c=   3.3000      nSHD=   3.3000      tpr_c=   0.1481      change_adj_count=27      
2022-08-17 BST 12:43:35,064 - INFO -  epoch= 200      train_loss= 102.9289      val_loss=2181.4457      best=1      size=  53      nSHD_c=   3.2667      nSHD=   3.2667      tpr_c=   0.1509      change_adj_count=36      
2022-08-17 BST 12:43:54,581 - INFO -  epoch= 300      train_loss=  91.3166      val_loss=1666.8220      best=1      size=  53      nSHD_c=   3.2667      nSHD=   3.2667      tpr_c=   0.1509      change_adj_count=36      
2022-08-17 BST 12:44:13,317 - INFO -  epoch= 400      train_loss=  82.1560      val_loss=1186.6506      best=1      size=  53      nSHD_c=   3.2667      nSHD=   3.2667      tpr_c=   0.1509      change_adj_count=37      
2022-08-17 BST 12:44:32,014 - INFO -  epoch= 500      train_loss=  75.3296      val_loss= 804.9624      best=1      size=  53      nSHD_c=   3.2333      nSHD=   3.2000      tpr_c=   0.1509      change_adj_count=44      
2022-08-17 BST 12:44:52,083 - INFO -  epoch= 600      train_loss=  68.8763      val_loss= 623.7166      best=1      size=  52      nSHD_c=   3.2000      nSHD=   3.1667      tpr_c=   0.1538      change_adj_count=49      
2022-08-17 BST 12:45:10,986 - INFO -  epoch= 700      train_loss=  64.1073      val_loss= 518.8566      best=1      size=  51      nSHD_c=   3.1667      nSHD=   3.1333      tpr_c=   0.1569      change_adj_count=51      
2022-08-17 BST 12:45:29,381 - INFO -  epoch= 800      train_loss=  62.7359      val_loss= 402.2063      best=1      size=  52      nSHD_c=   3.1000      nSHD=   3.1000      tpr_c=   0.1923      change_adj_count=55      
2022-08-17 BST 12:45:48,292 - INFO -  epoch= 900      train_loss=  57.6882      val_loss= 345.6146      best=1      size=  52      nSHD_c=   3.1000      nSHD=   3.1000      tpr_c=   0.1923      change_adj_count=55      
2022-08-17 BST 12:46:07,261 - INFO -  epoch=1000      train_loss=  54.9957      val_loss= 271.4524      best=1      size=  51      nSHD_c=   3.0667      nSHD=   3.0667      tpr_c=   0.1961      change_adj_count=58      
2022-08-17 BST 12:46:07,261 - INFO - Before params
2022-08-17 BST 12:46:07,262 - INFO - After params={'MAX_SIZE': [66], 'LAMBDA': [1], 'NOISE_TEMPERATURE': [10], 'h_NULL': [0.001], 'h_LR': [0.001], 'z_RHO': [0], 'z_MU': [0]}
2022-08-17 BST 12:46:07,262 - INFO - After metrics={'train_loss': [54.99565124511719], 'val_loss': [271.45237986246747], 'size': [51], 'nshd_c': [3.066666666666667], 'nshd': [3.066666666666667], 'tpr': [0.15873015873015872], 'tpr_c': [0.19607843137254902], 'change_adj_count': [58]}
2022-08-17 BST 12:46:07,280 - INFO - After to_save=   MAX_SIZE  LAMBDA  NOISE_TEMPERATURE  ...      tpr     tpr_c  change_adj_count
0        66       1                 10  ...  0.15873  0.196078                58

[1 rows x 16 columns]
2022-08-17 BST 12:46:07,280 - INFO - After file_path='../results/l_66_4hps.csv'
2022-08-17 BST 12:46:07,282 - INFO - Last epoch results saved in l_66_4hps.csv
2022-08-17 BST 12:46:07,283 - INFO - 

DAG 4: size_true=48	X.var()=47.3993
2022-08-17 BST 12:46:07,545 - INFO -  epoch=   1      train_loss=  44.3301      val_loss=  24.7431      best=1      size=  52      nSHD_c=   3.0000      nSHD=   3.0000      tpr_c=   0.0385      change_adj_count=5      
2022-08-17 BST 12:46:26,157 - INFO -  epoch= 100      train_loss=  29.1288      val_loss= 398.9586      best=1      size=  57      nSHD_c=   2.5000      nSHD=   2.5000      tpr_c=   0.2632      change_adj_count=50      
2022-08-17 BST 12:46:44,715 - INFO -  epoch= 200      train_loss=  28.3787      val_loss= 298.1135      best=1      size=  57      nSHD_c=   2.5000      nSHD=   2.5000      tpr_c=   0.2632      change_adj_count=54      
2022-08-17 BST 12:47:03,225 - INFO -  epoch= 300      train_loss=  26.2538      val_loss= 274.4836      best=1      size=  56      nSHD_c=   2.4667      nSHD=   2.4667      tpr_c=   0.2679      change_adj_count=65      
2022-08-17 BST 12:47:21,791 - INFO -  epoch= 400      train_loss=  26.0875      val_loss= 208.1115      best=1      size=  56      nSHD_c=   2.4667      nSHD=   2.4667      tpr_c=   0.2679      change_adj_count=65      
2022-08-17 BST 12:47:40,202 - INFO -  epoch= 500      train_loss=  24.2119      val_loss= 176.4945      best=1      size=  55      nSHD_c=   2.5000      nSHD=   2.5000      tpr_c=   0.2545      change_adj_count=78      
2022-08-17 BST 12:47:59,091 - INFO -  epoch= 600      train_loss=  22.7415      val_loss= 143.8980      best=1      size=  55      nSHD_c=   2.5000      nSHD=   2.5000      tpr_c=   0.2545      change_adj_count=82      
2022-08-17 BST 12:48:18,138 - INFO -  epoch= 700      train_loss=  20.8936      val_loss= 123.1526      best=1      size=  54      nSHD_c=   2.4667      nSHD=   2.4667      tpr_c=   0.2593      change_adj_count=87      
2022-08-17 BST 12:48:36,790 - INFO -  epoch= 800      train_loss=  20.2542      val_loss= 103.9249      best=1      size=  55      nSHD_c=   2.4667      nSHD=   2.4333      tpr_c=   0.2545      change_adj_count=97      
2022-08-17 BST 12:48:55,836 - INFO -  epoch= 900      train_loss=  19.3160      val_loss=  81.7005      best=1      size=  55      nSHD_c=   2.4667      nSHD=   2.4333      tpr_c=   0.2545      change_adj_count=102      
2022-08-17 BST 12:49:14,359 - INFO -  epoch=1000      train_loss=  18.2625      val_loss=  69.6437      best=1      size=  54      nSHD_c=   2.4333      nSHD=   2.4000      tpr_c=   0.2593      change_adj_count=117      
2022-08-17 BST 12:49:14,360 - INFO - Before params
2022-08-17 BST 12:49:14,360 - INFO - After params={'MAX_SIZE': [66], 'LAMBDA': [1], 'NOISE_TEMPERATURE': [10], 'h_NULL': [0.001], 'h_LR': [0.001], 'z_RHO': [0], 'z_MU': [0]}
2022-08-17 BST 12:49:14,360 - INFO - After metrics={'train_loss': [18.26253952518586], 'val_loss': [69.6437136332194], 'size': [54], 'nshd_c': [2.433333333333333], 'nshd': [2.4], 'tpr': [0.3125], 'tpr_c': [0.25925925925925924], 'change_adj_count': [117]}
2022-08-17 BST 12:49:14,377 - INFO - After to_save=   MAX_SIZE  LAMBDA  NOISE_TEMPERATURE  ...     tpr     tpr_c  change_adj_count
0        66       1                 10  ...  0.3125  0.259259               117

[1 rows x 16 columns]
2022-08-17 BST 12:49:14,377 - INFO - After file_path='../results/l_66_4hps.csv'
2022-08-17 BST 12:49:14,379 - INFO - Last epoch results saved in l_66_4hps.csv
2022-08-17 BST 12:49:14,380 - INFO - 

DAG 5: size_true=57	X.var()=54.7286
2022-08-17 BST 12:49:14,637 - INFO -  epoch=   1      train_loss=  53.8796      val_loss=  31.0627      best=1      size=  50      nSHD_c=   3.1333      nSHD=   3.1000      tpr_c=   0.0800      change_adj_count=5      
2022-08-17 BST 12:49:14,894 - INFO -  epoch=   2      train_loss=  50.4594      val_loss=  18.4937      best=1      size=  45      nSHD_c=   2.9000      nSHD=   2.8667      tpr_c=   0.1333      change_adj_count=6      
2022-08-17 BST 12:49:33,158 - INFO -  epoch= 100      train_loss=  35.9844      val_loss= 357.8283      best=1      size=  39      nSHD_c=   2.5000      nSHD=   2.4667      tpr_c=   0.2564      change_adj_count=51      
2022-08-17 BST 12:49:52,799 - INFO -  epoch= 200      train_loss=  32.9922      val_loss= 308.0441      best=1      size=  38      nSHD_c=   2.4667      nSHD=   2.4333      tpr_c=   0.2632      change_adj_count=60      
2022-08-17 BST 12:50:13,085 - INFO -  epoch= 300      train_loss=  31.7462      val_loss= 230.5861      best=1      size=  39      nSHD_c=   2.5000      nSHD=   2.4667      tpr_c=   0.2564      change_adj_count=63      
2022-08-17 BST 12:50:31,324 - INFO -  epoch= 400      train_loss=  29.0135      val_loss= 182.2186      best=1      size=  39      nSHD_c=   2.5000      nSHD=   2.4667      tpr_c=   0.2564      change_adj_count=63      
2022-08-17 BST 12:50:50,246 - INFO -  epoch= 500      train_loss=  26.5081      val_loss= 147.3667      best=1      size=  39      nSHD_c=   2.5000      nSHD=   2.4667      tpr_c=   0.2564      change_adj_count=63      
2022-08-17 BST 12:51:09,247 - INFO -  epoch= 600      train_loss=  23.9924      val_loss= 111.6946      best=1      size=  40      nSHD_c=   2.5333      nSHD=   2.5000      tpr_c=   0.2500      change_adj_count=66      
2022-08-17 BST 12:51:27,910 - INFO -  epoch= 700      train_loss=  21.9032      val_loss=  90.8264      best=1      size=  41      nSHD_c=   2.5333      nSHD=   2.5333      tpr_c=   0.2683      change_adj_count=73      
2022-08-17 BST 12:51:46,987 - INFO -  epoch= 800      train_loss=  20.9627      val_loss=  68.7901      best=1      size=  41      nSHD_c=   2.5333      nSHD=   2.5333      tpr_c=   0.2683      change_adj_count=73      
2022-08-17 BST 12:52:05,775 - INFO -  epoch= 900      train_loss=  18.5663      val_loss=  56.2236      best=1      size=  44      nSHD_c=   2.5000      nSHD=   2.4667      tpr_c=   0.2727      change_adj_count=78      
2022-08-17 BST 12:52:24,586 - INFO -  epoch=1000      train_loss=  17.4214      val_loss=  47.6236      best=1      size=  46      nSHD_c=   2.5667      nSHD=   2.5333      tpr_c=   0.2609      change_adj_count=86      
2022-08-17 BST 12:52:24,587 - INFO - Before params
2022-08-17 BST 12:52:24,587 - INFO - After params={'MAX_SIZE': [66], 'LAMBDA': [1], 'NOISE_TEMPERATURE': [10], 'h_NULL': [0.001], 'h_LR': [0.001], 'z_RHO': [0], 'z_MU': [0]}
2022-08-17 BST 12:52:24,587 - INFO - After metrics={'train_loss': [17.42141068366266], 'val_loss': [47.62360636393229], 'size': [46], 'nshd_c': [2.566666666666667], 'nshd': [2.533333333333333], 'tpr': [0.22807017543859648], 'tpr_c': [0.2608695652173913], 'change_adj_count': [86]}
2022-08-17 BST 12:52:24,605 - INFO - After to_save=   MAX_SIZE  LAMBDA  NOISE_TEMPERATURE  ...      tpr    tpr_c  change_adj_count
0        66       1                 10  ...  0.22807  0.26087                86

[1 rows x 16 columns]
2022-08-17 BST 12:52:24,605 - INFO - After file_path='../results/l_66_4hps.csv'
2022-08-17 BST 12:52:24,609 - INFO - Last epoch results saved in l_66_4hps.csv
2022-08-17 BST 12:52:24,609 - INFO - 

DAG 6: size_true=64	X.var()=29.7229
2022-08-17 BST 12:52:24,847 - INFO -  epoch=   1      train_loss=  27.1500      val_loss=  18.8214      best=1      size=  51      nSHD_c=   3.3333      nSHD=   3.3000      tpr_c=   0.0784      change_adj_count=5      
2022-08-17 BST 12:52:43,198 - INFO -  epoch= 100      train_loss=  20.0914      val_loss= 136.3304      best=1      size=  55      nSHD_c=   3.0667      nSHD=   3.0333      tpr_c=   0.2182      change_adj_count=67      
2022-08-17 BST 12:53:01,858 - INFO -  epoch= 200      train_loss=  19.5288      val_loss= 124.8428      best=1      size=  54      nSHD_c=   3.0667      nSHD=   3.0667      tpr_c=   0.2222      change_adj_count=89      
2022-08-17 BST 12:53:20,597 - INFO -  epoch= 300      train_loss=  19.1956      val_loss= 109.1272      best=1      size=  53      nSHD_c=   3.0000      nSHD=   2.9667      tpr_c=   0.2264      change_adj_count=121      
2022-08-17 BST 13:04:30,543 - INFO -  epoch= 400      train_loss=  18.6674      val_loss= 101.3190      best=1      size=  54      nSHD_c=   3.0333      nSHD=   3.0000      tpr_c=   0.2222      change_adj_count=138      
2022-08-17 BST 13:04:49,327 - INFO -  epoch= 500      train_loss=  18.2256      val_loss=  88.1586      best=1      size=  54      nSHD_c=   3.0333      nSHD=   3.0000      tpr_c=   0.2222      change_adj_count=147      
2022-08-17 BST 13:05:11,566 - INFO -  epoch= 600      train_loss=  17.8415      val_loss=  80.8338      best=1      size=  54      nSHD_c=   3.0000      nSHD=   2.9333      tpr_c=   0.2222      change_adj_count=150      
2022-08-17 BST 13:05:30,128 - INFO -  epoch= 700      train_loss=  17.3357      val_loss=  64.9746      best=1      size=  54      nSHD_c=   3.0000      nSHD=   2.9333      tpr_c=   0.2222      change_adj_count=161      
2022-08-17 BST 13:06:00,761 - INFO -  epoch= 800      train_loss=  17.1167      val_loss=  62.8662      best=1      size=  54      nSHD_c=   3.0000      nSHD=   2.9333      tpr_c=   0.2222      change_adj_count=165      
2022-08-17 BST 13:06:18,704 - INFO -  epoch= 900      train_loss=  16.3346      val_loss=  56.3960      best=1      size=  54      nSHD_c=   2.9667      nSHD=   2.8667      tpr_c=   0.2222      change_adj_count=166      
2022-08-17 BST 13:06:36,864 - INFO -  epoch=1000      train_loss=  16.0429      val_loss=  53.3499      best=1      size=  54      nSHD_c=   2.9667      nSHD=   2.8667      tpr_c=   0.2222      change_adj_count=166      
2022-08-17 BST 13:06:36,865 - INFO - Before params
2022-08-17 BST 13:06:36,865 - INFO - After params={'MAX_SIZE': [66], 'LAMBDA': [1], 'NOISE_TEMPERATURE': [10], 'h_NULL': [0.001], 'h_LR': [0.001], 'z_RHO': [0], 'z_MU': [0]}
2022-08-17 BST 13:06:36,865 - INFO - After metrics={'train_loss': [16.04287282882198], 'val_loss': [53.349879582722984], 'size': [54], 'nshd_c': [2.966666666666667], 'nshd': [2.8666666666666667], 'tpr': [0.234375], 'tpr_c': [0.2222222222222222], 'change_adj_count': [166]}
2022-08-17 BST 13:06:36,883 - INFO - After to_save=   MAX_SIZE  LAMBDA  NOISE_TEMPERATURE  ...       tpr     tpr_c  change_adj_count
0        66       1                 10  ...  0.234375  0.222222               166

[1 rows x 16 columns]
2022-08-17 BST 13:06:36,883 - INFO - After file_path='../results/l_66_4hps.csv'
2022-08-17 BST 13:06:36,886 - INFO - Last epoch results saved in l_66_4hps.csv
2022-08-17 BST 13:06:36,886 - INFO - 

DAG 7: size_true=62	X.var()=55.6800
2022-08-17 BST 13:06:37,132 - INFO -  epoch=   1      train_loss=  50.0117      val_loss=  30.2294      best=1      size=  48      nSHD_c=   3.3667      nSHD=   3.3667      tpr_c=   0.0417      change_adj_count=5      
2022-08-17 BST 13:06:56,034 - INFO -  epoch= 100      train_loss=  29.9108      val_loss= 722.7072      best=1      size=  51      nSHD_c=   3.2333      nSHD=   3.2333      tpr_c=   0.1373      change_adj_count=62      
2022-08-17 BST 13:07:14,972 - INFO -  epoch= 200      train_loss=  27.5978      val_loss= 590.1147      best=1      size=  51      nSHD_c=   3.1667      nSHD=   3.1667      tpr_c=   0.1569      change_adj_count=78      
2022-08-17 BST 13:07:34,283 - INFO -  epoch= 300      train_loss=  25.6763      val_loss= 470.9643      best=1      size=  51      nSHD_c=   3.1667      nSHD=   3.1667      tpr_c=   0.1569      change_adj_count=78      
2022-08-17 BST 13:07:52,005 - INFO -  epoch= 400      train_loss=  24.1031      val_loss= 387.4475      best=1      size=  51      nSHD_c=   3.1667      nSHD=   3.1667      tpr_c=   0.1569      change_adj_count=92      
2022-08-17 BST 13:08:10,867 - INFO -  epoch= 500      train_loss=  23.2504      val_loss= 320.9268      best=1      size=  51      nSHD_c=   3.1333      nSHD=   3.1000      tpr_c=   0.1569      change_adj_count=99      
2022-08-17 BST 13:08:29,229 - INFO -  epoch= 600      train_loss=  22.0440      val_loss= 271.6375      best=1      size=  51      nSHD_c=   3.1333      nSHD=   3.1000      tpr_c=   0.1569      change_adj_count=103      
2022-08-17 BST 13:08:48,612 - INFO -  epoch= 700      train_loss=  20.6566      val_loss= 215.4313      best=1      size=  51      nSHD_c=   3.2000      nSHD=   3.1667      tpr_c=   0.1373      change_adj_count=110      
2022-08-17 BST 13:09:07,135 - INFO -  epoch= 800      train_loss=  19.4371      val_loss= 159.4858      best=1      size=  51      nSHD_c=   3.2000      nSHD=   3.1667      tpr_c=   0.1373      change_adj_count=111      
2022-08-17 BST 13:09:26,050 - INFO -  epoch= 900      train_loss=  19.4279      val_loss= 151.1935      best=1      size=  51      nSHD_c=   3.2000      nSHD=   3.1667      tpr_c=   0.1373      change_adj_count=113      
2022-08-17 BST 13:09:44,737 - INFO -  epoch=1000      train_loss=  18.7364      val_loss= 125.3696      best=1      size=  50      nSHD_c=   3.1667      nSHD=   3.1333      tpr_c=   0.1400      change_adj_count=115      
2022-08-17 BST 13:09:44,738 - INFO - Before params
2022-08-17 BST 13:09:44,738 - INFO - After params={'MAX_SIZE': [66], 'LAMBDA': [1], 'NOISE_TEMPERATURE': [10], 'h_NULL': [0.001], 'h_LR': [0.001], 'z_RHO': [0], 'z_MU': [0]}
2022-08-17 BST 13:09:44,738 - INFO - After metrics={'train_loss': [18.736367164119596], 'val_loss': [125.36959711710612], 'size': [50], 'nshd_c': [3.1666666666666665], 'nshd': [3.1333333333333333], 'tpr': [0.12903225806451613], 'tpr_c': [0.14], 'change_adj_count': [115]}
2022-08-17 BST 13:09:44,756 - INFO - After to_save=   MAX_SIZE  LAMBDA  NOISE_TEMPERATURE  ...       tpr  tpr_c  change_adj_count
0        66       1                 10  ...  0.129032   0.14               115

[1 rows x 16 columns]
2022-08-17 BST 13:09:44,756 - INFO - After file_path='../results/l_66_4hps.csv'
2022-08-17 BST 13:09:44,758 - INFO - Last epoch results saved in l_66_4hps.csv
2022-08-17 BST 13:09:44,759 - INFO - 

DAG 8: size_true=63	X.var()=39.3378
2022-08-17 BST 13:09:44,982 - INFO -  epoch=   1      train_loss=  37.0773      val_loss=  24.2788      best=1      size=  47      nSHD_c=   3.0333      nSHD=   3.0000      tpr_c=   0.1489      change_adj_count=5      
2022-08-17 BST 13:09:45,214 - INFO -  epoch=   2      train_loss=  34.2154      val_loss=  14.6080      best=1      size=  51      nSHD_c=   3.0667      nSHD=   3.0333      tpr_c=   0.1569      change_adj_count=6      
2022-08-17 BST 13:10:03,447 - INFO -  epoch= 100      train_loss=  25.9734      val_loss= 222.2674      best=1      size=  56      nSHD_c=   3.0000      nSHD=   2.9667      tpr_c=   0.2500      change_adj_count=47      
2022-08-17 BST 13:10:21,729 - INFO -  epoch= 200      train_loss=  24.5584      val_loss= 208.5230      best=1      size=  55      nSHD_c=   3.0000      nSHD=   3.0000      tpr_c=   0.2545      change_adj_count=54      
2022-08-17 BST 13:10:39,972 - INFO -  epoch= 300      train_loss=  23.8082      val_loss= 163.5955      best=1      size=  56      nSHD_c=   3.0000      nSHD=   2.9667      tpr_c=   0.2500      change_adj_count=76      
2022-08-17 BST 13:10:58,602 - INFO -  epoch= 400      train_loss=  22.4611      val_loss= 152.3961      best=1      size=  56      nSHD_c=   3.0000      nSHD=   2.9667      tpr_c=   0.2500      change_adj_count=84      
2022-08-17 BST 13:11:17,478 - INFO -  epoch= 500      train_loss=  20.6457      val_loss= 115.9040      best=1      size=  56      nSHD_c=   3.0000      nSHD=   2.9667      tpr_c=   0.2500      change_adj_count=88      
2022-08-17 BST 13:11:36,217 - INFO -  epoch= 600      train_loss=  20.0227      val_loss= 110.2402      best=1      size=  56      nSHD_c=   3.0000      nSHD=   2.9667      tpr_c=   0.2500      change_adj_count=92      
2022-08-17 BST 13:11:55,279 - INFO -  epoch= 700      train_loss=  19.1111      val_loss=  90.8825      best=1      size=  57      nSHD_c=   3.0000      nSHD=   2.9333      tpr_c=   0.2456      change_adj_count=103      
2022-08-17 BST 13:12:14,014 - INFO -  epoch= 800      train_loss=  18.3379      val_loss=  74.6959      best=1      size=  56      nSHD_c=   3.0000      nSHD=   2.9667      tpr_c=   0.2500      change_adj_count=121      
2022-08-17 BST 13:12:32,756 - INFO -  epoch= 900      train_loss=  17.1887      val_loss=  63.4127      best=1      size=  55      nSHD_c=   2.9667      nSHD=   2.9333      tpr_c=   0.2545      change_adj_count=140      
2022-08-17 BST 13:12:51,434 - INFO -  epoch=1000      train_loss=  16.6407      val_loss=  57.7978      best=1      size=  56      nSHD_c=   2.9667      nSHD=   2.9000      tpr_c=   0.2500      change_adj_count=145      
2022-08-17 BST 13:12:51,434 - INFO - Before params
2022-08-17 BST 13:12:51,434 - INFO - After params={'MAX_SIZE': [66], 'LAMBDA': [1], 'NOISE_TEMPERATURE': [10], 'h_NULL': [0.001], 'h_LR': [0.001], 'z_RHO': [0], 'z_MU': [0]}
2022-08-17 BST 13:12:51,435 - INFO - After metrics={'train_loss': [16.64074913147957], 'val_loss': [57.797783533732094], 'size': [56], 'nshd_c': [2.966666666666667], 'nshd': [2.9], 'tpr': [0.25396825396825395], 'tpr_c': [0.25], 'change_adj_count': [145]}
2022-08-17 BST 13:12:51,452 - INFO - After to_save=   MAX_SIZE  LAMBDA  NOISE_TEMPERATURE  ...       tpr  tpr_c  change_adj_count
0        66       1                 10  ...  0.253968   0.25               145

[1 rows x 16 columns]
2022-08-17 BST 13:12:51,452 - INFO - After file_path='../results/l_66_4hps.csv'
2022-08-17 BST 13:12:51,454 - INFO - Last epoch results saved in l_66_4hps.csv
2022-08-17 BST 13:12:51,455 - INFO - 

DAG 9: size_true=61	X.var()=94.6254
2022-08-17 BST 13:12:51,697 - INFO -  epoch=   1      train_loss=  84.5245      val_loss=  48.5421      best=1      size=  49      nSHD_c=   3.1667      nSHD=   3.1667      tpr_c=   0.1224      change_adj_count=5      
2022-08-17 BST 13:13:10,182 - INFO -  epoch= 100      train_loss=  50.3520      val_loss=1106.2038      best=1      size=  56      nSHD_c=   3.2667      nSHD=   3.2667      tpr_c=   0.1607      change_adj_count=37      
2022-08-17 BST 13:13:28,797 - INFO -  epoch= 200      train_loss=  47.9279      val_loss= 856.3145      best=1      size=  56      nSHD_c=   3.2667      nSHD=   3.2667      tpr_c=   0.1607      change_adj_count=38      
2022-08-17 BST 13:13:47,082 - INFO -  epoch= 300      train_loss=  44.8075      val_loss= 677.2172      best=1      size=  56      nSHD_c=   3.2667      nSHD=   3.2667      tpr_c=   0.1607      change_adj_count=38      
2022-08-17 BST 13:14:05,711 - INFO -  epoch= 400      train_loss=  40.8925      val_loss= 521.6083      best=1      size=  56      nSHD_c=   3.2667      nSHD=   3.2667      tpr_c=   0.1607      change_adj_count=38      
2022-08-17 BST 13:14:24,937 - INFO -  epoch= 500      train_loss=  38.5765      val_loss= 407.4335      best=1      size=  56      nSHD_c=   3.2333      nSHD=   3.2000      tpr_c=   0.1607      change_adj_count=39      
2022-08-17 BST 13:14:44,018 - INFO -  epoch= 600      train_loss=  37.0076      val_loss= 329.5961      best=1      size=  56      nSHD_c=   3.2333      nSHD=   3.2000      tpr_c=   0.1607      change_adj_count=39      
2022-08-17 BST 13:15:03,535 - INFO -  epoch= 700      train_loss=  34.8726      val_loss= 269.9130      best=1      size=  56      nSHD_c=   3.2333      nSHD=   3.2000      tpr_c=   0.1607      change_adj_count=39      
2022-08-17 BST 13:15:22,787 - INFO -  epoch= 800      train_loss=  32.6515      val_loss= 231.5858      best=1      size=  55      nSHD_c=   3.2000      nSHD=   3.1667      tpr_c=   0.1636      change_adj_count=40      
2022-08-17 BST 13:15:41,194 - INFO -  epoch= 900      train_loss=  31.2072      val_loss= 178.7782      best=1      size=  54      nSHD_c=   3.1667      nSHD=   3.1333      tpr_c=   0.1667      change_adj_count=41      
2022-08-17 BST 13:15:59,533 - INFO -  epoch=1000      train_loss=  29.6521      val_loss= 149.2297      best=1      size=  54      nSHD_c=   3.1667      nSHD=   3.1333      tpr_c=   0.1667      change_adj_count=41      
2022-08-17 BST 13:15:59,533 - INFO - Before params
2022-08-17 BST 13:15:59,533 - INFO - After params={'MAX_SIZE': [66], 'LAMBDA': [1], 'NOISE_TEMPERATURE': [10], 'h_NULL': [0.001], 'h_LR': [0.001], 'z_RHO': [0], 'z_MU': [0]}
2022-08-17 BST 13:15:59,533 - INFO - After metrics={'train_loss': [29.652125204763106], 'val_loss': [149.22967274983725], 'size': [54], 'nshd_c': [3.1666666666666665], 'nshd': [3.1333333333333333], 'tpr': [0.16393442622950818], 'tpr_c': [0.16666666666666666], 'change_adj_count': [41]}
2022-08-17 BST 13:15:59,551 - INFO - After to_save=   MAX_SIZE  LAMBDA  NOISE_TEMPERATURE  ...       tpr     tpr_c  change_adj_count
0        66       1                 10  ...  0.163934  0.166667                41

[1 rows x 16 columns]
2022-08-17 BST 13:15:59,551 - INFO - After file_path='../results/l_66_4hps.csv'
2022-08-17 BST 13:15:59,553 - INFO - Last epoch results saved in l_66_4hps.csv
2022-08-17 BST 13:15:59,553 - INFO - 

DAG 10: size_true=51	X.var()=18.9170
2022-08-17 BST 13:15:59,819 - INFO -  epoch=   1      train_loss=  17.7674      val_loss=  12.7402      best=1      size=  51      nSHD_c=   2.8333      nSHD=   2.8000      tpr_c=   0.1373      change_adj_count=5      
2022-08-17 BST 13:16:18,281 - INFO -  epoch= 100      train_loss=  13.8252      val_loss=  78.6852      best=1      size=  52      nSHD_c=   2.5333      nSHD=   2.4667      tpr_c=   0.2308      change_adj_count=67      
2022-08-17 BST 13:16:36,651 - INFO -  epoch= 200      train_loss=  13.5529      val_loss=  65.5165      best=1      size=  52      nSHD_c=   2.5333      nSHD=   2.4667      tpr_c=   0.2115      change_adj_count=78      
2022-08-17 BST 13:16:55,560 - INFO -  epoch= 300      train_loss=  13.5025      val_loss=  60.3205      best=1      size=  52      nSHD_c=   2.6000      nSHD=   2.5333      tpr_c=   0.1923      change_adj_count=84      
2022-08-17 BST 13:17:14,092 - INFO -  epoch= 400      train_loss=  13.1822      val_loss=  57.3673      best=1      size=  52      nSHD_c=   2.5333      nSHD=   2.4667      tpr_c=   0.2115      change_adj_count=87      
2022-08-17 BST 13:17:33,592 - INFO -  epoch= 500      train_loss=  12.8355      val_loss=  53.8446      best=1      size=  52      nSHD_c=   2.5333      nSHD=   2.4667      tpr_c=   0.2115      change_adj_count=87      
2022-08-17 BST 13:17:51,719 - INFO -  epoch= 600      train_loss=  12.6302      val_loss=  52.8724      best=1      size=  52      nSHD_c=   2.5333      nSHD=   2.4667      tpr_c=   0.2115      change_adj_count=87      
2022-08-17 BST 13:18:10,776 - INFO -  epoch= 700      train_loss=  12.2754      val_loss=  43.2050      best=1      size=  52      nSHD_c=   2.4667      nSHD=   2.4000      tpr_c=   0.2308      change_adj_count=88      
2022-08-17 BST 13:18:29,451 - INFO -  epoch= 800      train_loss=  11.8495      val_loss=  41.6156      best=1      size=  52      nSHD_c=   2.4667      nSHD=   2.4000      tpr_c=   0.2308      change_adj_count=88      
2022-08-17 BST 13:18:47,956 - INFO -  epoch= 900      train_loss=  11.5188      val_loss=  37.7907      best=1      size=  52      nSHD_c=   2.5333      nSHD=   2.4667      tpr_c=   0.2115      change_adj_count=89      
2022-08-17 BST 13:19:06,512 - INFO -  epoch=1000      train_loss=  11.2922      val_loss=  34.2081      best=1      size=  52      nSHD_c=   2.5333      nSHD=   2.4667      tpr_c=   0.2115      change_adj_count=91      
2022-08-17 BST 13:19:06,512 - INFO - Before params
2022-08-17 BST 13:19:06,513 - INFO - After params={'MAX_SIZE': [66], 'LAMBDA': [1], 'NOISE_TEMPERATURE': [10], 'h_NULL': [0.001], 'h_LR': [0.001], 'z_RHO': [0], 'z_MU': [0]}
2022-08-17 BST 13:19:06,513 - INFO - After metrics={'train_loss': [11.292222761338756], 'val_loss': [34.2080914179484], 'size': [52], 'nshd_c': [2.533333333333333], 'nshd': [2.466666666666667], 'tpr': [0.2549019607843137], 'tpr_c': [0.21153846153846154], 'change_adj_count': [91]}
2022-08-17 BST 13:19:06,530 - INFO - After to_save=   MAX_SIZE  LAMBDA  NOISE_TEMPERATURE  ...       tpr     tpr_c  change_adj_count
0        66       1                 10  ...  0.254902  0.211538                91

[1 rows x 16 columns]
2022-08-17 BST 13:19:06,530 - INFO - After file_path='../results/l_66_4hps.csv'
2022-08-17 BST 13:19:06,554 - INFO - Last epoch results saved in l_66_4hps.csv
2022-08-17 BST 13:19:06,554 - INFO - 

DAG 11: size_true=68	X.var()=127.5135
2022-08-17 BST 13:19:06,790 - INFO -  epoch=   1      train_loss= 118.4001      val_loss=  48.8196      best=1      size=  46      nSHD_c=   3.3333      nSHD=   3.3333      tpr_c=   0.1304      change_adj_count=5      
2022-08-17 BST 13:19:25,089 - INFO -  epoch= 100      train_loss=  68.7388      val_loss=1471.1171      best=1      size=  60      nSHD_c=   3.5333      nSHD=   3.5333      tpr_c=   0.1833      change_adj_count=36      
2022-08-17 BST 13:19:43,836 - INFO -  epoch= 200      train_loss=  59.2179      val_loss=1093.4952      best=1      size=  60      nSHD_c=   3.4667      nSHD=   3.4667      tpr_c=   0.2000      change_adj_count=38      
2022-08-17 BST 13:20:02,663 - INFO -  epoch= 300      train_loss=  54.3227      val_loss= 794.9917      best=1      size=  60      nSHD_c=   3.4667      nSHD=   3.4667      tpr_c=   0.2000      change_adj_count=52      
2022-08-17 BST 13:20:20,930 - INFO -  epoch= 400      train_loss=  49.4372      val_loss= 593.9241      best=1      size=  60      nSHD_c=   3.4333      nSHD=   3.4000      tpr_c=   0.2000      change_adj_count=61      
2022-08-17 BST 13:20:39,508 - INFO -  epoch= 500      train_loss=  44.9495      val_loss= 403.8988      best=1      size=  60      nSHD_c=   3.3667      nSHD=   3.3333      tpr_c=   0.2167      change_adj_count=67      
2022-08-17 BST 13:20:58,075 - INFO -  epoch= 600      train_loss=  39.7603      val_loss= 340.7503      best=1      size=  59      nSHD_c=   3.4000      nSHD=   3.3667      tpr_c=   0.2034      change_adj_count=74      
2022-08-17 BST 13:21:16,979 - INFO -  epoch= 700      train_loss=  36.4860      val_loss= 258.3184      best=1      size=  59      nSHD_c=   3.4000      nSHD=   3.3667      tpr_c=   0.2034      change_adj_count=74      
2022-08-17 BST 13:21:36,062 - INFO -  epoch= 800      train_loss=  34.4696      val_loss= 189.1522      best=1      size=  58      nSHD_c=   3.4333      nSHD=   3.4000      tpr_c=   0.1897      change_adj_count=75      
2022-08-17 BST 13:21:54,790 - INFO -  epoch= 900      train_loss=  33.3635      val_loss= 159.2370      best=1      size=  57      nSHD_c=   3.4000      nSHD=   3.3667      tpr_c=   0.1930      change_adj_count=76      
2022-08-17 BST 13:22:13,308 - INFO -  epoch=1000      train_loss=  30.8667      val_loss= 123.0293      best=1      size=  56      nSHD_c=   3.2667      nSHD=   3.2667      tpr_c=   0.2321      change_adj_count=86      
2022-08-17 BST 13:22:13,308 - INFO - Before params
2022-08-17 BST 13:22:13,308 - INFO - After params={'MAX_SIZE': [66], 'LAMBDA': [1], 'NOISE_TEMPERATURE': [10], 'h_NULL': [0.001], 'h_LR': [0.001], 'z_RHO': [0], 'z_MU': [0]}
2022-08-17 BST 13:22:13,308 - INFO - After metrics={'train_loss': [30.866664517310358], 'val_loss': [123.02929306030273], 'size': [56], 'nshd_c': [3.2666666666666666], 'nshd': [3.2666666666666666], 'tpr': [0.19117647058823528], 'tpr_c': [0.23214285714285715], 'change_adj_count': [86]}
2022-08-17 BST 13:22:13,326 - INFO - After to_save=   MAX_SIZE  LAMBDA  NOISE_TEMPERATURE  ...       tpr     tpr_c  change_adj_count
0        66       1                 10  ...  0.191176  0.232143                86

[1 rows x 16 columns]
2022-08-17 BST 13:22:13,326 - INFO - After file_path='../results/l_66_4hps.csv'
2022-08-17 BST 13:22:13,328 - INFO - Last epoch results saved in l_66_4hps.csv
2022-08-17 BST 13:22:13,329 - INFO - 

DAG 12: size_true=53	X.var()=15.8398
2022-08-17 BST 13:22:13,592 - INFO -  epoch=   1      train_loss=  15.2075      val_loss=   9.6393      best=1      size=  54      nSHD_c=   3.1333      nSHD=   3.1333      tpr_c=   0.0926      change_adj_count=5      
2022-08-17 BST 13:22:32,162 - INFO -  epoch= 100      train_loss=  11.5692      val_loss=  69.0659      best=1      size=  51      nSHD_c=   2.3667      nSHD=   2.3333      tpr_c=   0.2941      change_adj_count=60      
2022-08-17 BST 13:22:50,726 - INFO -  epoch= 200      train_loss=  11.1480      val_loss=  64.4937      best=1      size=  52      nSHD_c=   2.3333      nSHD=   2.3000      tpr_c=   0.3077      change_adj_count=69      
2022-08-17 BST 13:23:09,290 - INFO -  epoch= 300      train_loss=  10.8149      val_loss=  55.3356      best=1      size=  52      nSHD_c=   2.4000      nSHD=   2.3667      tpr_c=   0.2885      change_adj_count=75      
2022-08-17 BST 13:23:27,781 - INFO -  epoch= 400      train_loss=  10.5745      val_loss=  51.4427      best=1      size=  52      nSHD_c=   2.3333      nSHD=   2.3000      tpr_c=   0.3077      change_adj_count=87      
2022-08-17 BST 13:23:46,130 - INFO -  epoch= 500      train_loss=  10.5219      val_loss=  47.1707      best=1      size=  52      nSHD_c=   2.2667      nSHD=   2.2333      tpr_c=   0.3269      change_adj_count=97      
2022-08-17 BST 13:24:04,488 - INFO -  epoch= 600      train_loss=  10.1533      val_loss=  42.6887      best=1      size=  52      nSHD_c=   2.2667      nSHD=   2.2333      tpr_c=   0.3269      change_adj_count=97      
2022-08-17 BST 13:24:23,550 - INFO -  epoch= 700      train_loss=   9.5302      val_loss=  37.1841      best=1      size=  52      nSHD_c=   2.2667      nSHD=   2.2333      tpr_c=   0.3269      change_adj_count=97      
2022-08-17 BST 13:24:42,392 - INFO -  epoch= 800      train_loss=   9.3892      val_loss=  32.1553      best=1      size=  52      nSHD_c=   2.2667      nSHD=   2.2333      tpr_c=   0.3269      change_adj_count=97      
2022-08-17 BST 13:25:01,663 - INFO -  epoch= 900      train_loss=   9.0158      val_loss=  28.4977      best=1      size=  52      nSHD_c=   2.2667      nSHD=   2.2333      tpr_c=   0.3269      change_adj_count=97      
2022-08-17 BST 13:25:20,392 - INFO -  epoch=1000      train_loss=   8.7991      val_loss=  23.7827      best=1      size=  52      nSHD_c=   2.2667      nSHD=   2.2333      tpr_c=   0.3269      change_adj_count=97      
2022-08-17 BST 13:25:20,393 - INFO - Before params
2022-08-17 BST 13:25:20,393 - INFO - After params={'MAX_SIZE': [66], 'LAMBDA': [1], 'NOISE_TEMPERATURE': [10], 'h_NULL': [0.001], 'h_LR': [0.001], 'z_RHO': [0], 'z_MU': [0]}
2022-08-17 BST 13:25:20,393 - INFO - After metrics={'train_loss': [8.799062913463962], 'val_loss': [23.782665888468426], 'size': [52], 'nshd_c': [2.2666666666666666], 'nshd': [2.2333333333333334], 'tpr': [0.33962264150943394], 'tpr_c': [0.3269230769230769], 'change_adj_count': [97]}
2022-08-17 BST 13:25:20,410 - INFO - After to_save=   MAX_SIZE  LAMBDA  NOISE_TEMPERATURE  ...       tpr     tpr_c  change_adj_count
0        66       1                 10  ...  0.339623  0.326923                97

[1 rows x 16 columns]
2022-08-17 BST 13:25:20,411 - INFO - After file_path='../results/l_66_4hps.csv'
2022-08-17 BST 13:25:20,413 - INFO - Last epoch results saved in l_66_4hps.csv
2022-08-17 BST 13:25:20,413 - INFO - 

DAG 13: size_true=53	X.var()=112.2632
2022-08-17 BST 13:25:20,652 - INFO -  epoch=   1      train_loss= 105.8436      val_loss=  33.3809      best=1      size=  43      nSHD_c=   2.7000      nSHD=   2.7000      tpr_c=   0.1395      change_adj_count=5      
2022-08-17 BST 13:25:39,028 - INFO -  epoch= 100      train_loss=  55.3667      val_loss=1199.8928      best=1      size=  45      nSHD_c=   2.6667      nSHD=   2.6667      tpr_c=   0.2000      change_adj_count=50      
2022-08-17 BST 13:25:57,611 - INFO -  epoch= 200      train_loss=  50.3876      val_loss= 966.9734      best=1      size=  47      nSHD_c=   2.7000      nSHD=   2.7000      tpr_c=   0.1915      change_adj_count=64      
2022-08-17 BST 13:26:15,797 - INFO -  epoch= 300      train_loss=  46.5782      val_loss= 732.9142      best=1      size=  50      nSHD_c=   2.7333      nSHD=   2.7333      tpr_c=   0.2000      change_adj_count=78      
2022-08-17 BST 13:26:34,518 - INFO -  epoch= 400      train_loss=  41.3769      val_loss= 557.5434      best=1      size=  51      nSHD_c=   2.7667      nSHD=   2.7667      tpr_c=   0.1961      change_adj_count=81      
2022-08-17 BST 13:26:53,482 - INFO -  epoch= 500      train_loss=  35.2862      val_loss= 409.5329      best=1      size=  51      nSHD_c=   2.7667      nSHD=   2.7667      tpr_c=   0.1961      change_adj_count=86      
2022-08-17 BST 13:27:12,538 - INFO -  epoch= 600      train_loss=  33.4945      val_loss= 310.5677      best=1      size=  52      nSHD_c=   2.8000      nSHD=   2.8000      tpr_c=   0.1923      change_adj_count=88      
2022-08-17 BST 13:27:31,516 - INFO -  epoch= 700      train_loss=  30.1863      val_loss= 229.3455      best=1      size=  50      nSHD_c=   2.7333      nSHD=   2.7333      tpr_c=   0.2000      change_adj_count=92      
2022-08-17 BST 13:27:50,464 - INFO -  epoch= 800      train_loss=  27.6192      val_loss= 184.9983      best=1      size=  50      nSHD_c=   2.7333      nSHD=   2.7333      tpr_c=   0.2000      change_adj_count=93      
2022-08-17 BST 13:28:09,018 - INFO -  epoch= 900      train_loss=  26.5211      val_loss= 141.9220      best=1      size=  50      nSHD_c=   2.7333      nSHD=   2.7333      tpr_c=   0.2000      change_adj_count=98      
2022-08-17 BST 13:28:27,505 - INFO -  epoch=1000      train_loss=  25.2772      val_loss= 123.1789      best=1      size=  49      nSHD_c=   2.7000      nSHD=   2.7000      tpr_c=   0.2041      change_adj_count=99      
2022-08-17 BST 13:28:27,505 - INFO - Before params
2022-08-17 BST 13:28:27,505 - INFO - After params={'MAX_SIZE': [66], 'LAMBDA': [1], 'NOISE_TEMPERATURE': [10], 'h_NULL': [0.001], 'h_LR': [0.001], 'z_RHO': [0], 'z_MU': [0]}
2022-08-17 BST 13:28:27,506 - INFO - After metrics={'train_loss': [25.277176149429813], 'val_loss': [123.17892456054688], 'size': [49], 'nshd_c': [2.7], 'nshd': [2.7], 'tpr': [0.18867924528301888], 'tpr_c': [0.20408163265306123], 'change_adj_count': [99]}
2022-08-17 BST 13:28:27,523 - INFO - After to_save=   MAX_SIZE  LAMBDA  NOISE_TEMPERATURE  ...       tpr     tpr_c  change_adj_count
0        66       1                 10  ...  0.188679  0.204082                99

[1 rows x 16 columns]
2022-08-17 BST 13:28:27,523 - INFO - After file_path='../results/l_66_4hps.csv'
2022-08-17 BST 13:28:27,525 - INFO - Last epoch results saved in l_66_4hps.csv
2022-08-17 BST 13:28:27,526 - INFO - 

DAG 14: size_true=59	X.var()=16.7418
2022-08-17 BST 13:28:27,755 - INFO -  epoch=   1      train_loss=  15.3959      val_loss=  13.0303      best=1      size=  54      nSHD_c=   3.4667      nSHD=   3.4333      tpr_c=   0.0370      change_adj_count=5      
2022-08-17 BST 13:28:27,980 - INFO -  epoch=   2      train_loss=  13.8568      val_loss=  10.8978      best=1      size=  50      nSHD_c=   3.2000      nSHD=   3.1667      tpr_c=   0.0800      change_adj_count=6      
2022-08-17 BST 13:28:46,328 - INFO -  epoch= 100      train_loss=  11.9203      val_loss=  58.5995      best=1      size=  59      nSHD_c=   2.7000      nSHD=   2.5667      tpr_c=   0.2712      change_adj_count=70      
2022-08-17 BST 13:29:04,815 - INFO -  epoch= 200      train_loss=  11.9292      val_loss=  54.7424      best=1      size=  59      nSHD_c=   2.7333      nSHD=   2.6333      tpr_c=   0.2712      change_adj_count=116      
2022-08-17 BST 13:29:23,752 - INFO -  epoch= 300      train_loss=  11.5591      val_loss=  53.4023      best=1      size=  59      nSHD_c=   2.7333      nSHD=   2.6333      tpr_c=   0.2712      change_adj_count=143      
2022-08-17 BST 13:29:42,172 - INFO -  epoch= 400      train_loss=  11.2668      val_loss=  52.3339      best=1      size=  60      nSHD_c=   2.8000      nSHD=   2.6667      tpr_c=   0.2500      change_adj_count=185      
2022-08-17 BST 13:30:01,546 - INFO -  epoch= 500      train_loss=  11.1313      val_loss=  52.3985      best=1      size=  60      nSHD_c=   2.7667      nSHD=   2.6667      tpr_c=   0.2667      change_adj_count=213      
2022-08-17 BST 13:30:20,190 - INFO -  epoch= 600      train_loss=  10.9753      val_loss=  48.3685      best=1      size=  60      nSHD_c=   2.7333      nSHD=   2.6000      tpr_c=   0.2667      change_adj_count=229      
2022-08-17 BST 13:30:39,080 - INFO -  epoch= 700      train_loss=  11.1334      val_loss=  46.1642      best=1      size=  60      nSHD_c=   2.7333      nSHD=   2.6000      tpr_c=   0.2667      change_adj_count=237      
2022-08-17 BST 13:30:57,403 - INFO -  epoch= 800      train_loss=  10.8006      val_loss=  40.7943      best=1      size=  60      nSHD_c=   2.7333      nSHD=   2.6000      tpr_c=   0.2667      change_adj_count=242      
2022-08-17 BST 13:31:15,883 - INFO -  epoch= 900      train_loss=  10.4876      val_loss=  37.2909      best=1      size=  59      nSHD_c=   2.7000      nSHD=   2.5667      tpr_c=   0.2712      change_adj_count=257      
2022-08-17 BST 13:31:35,013 - INFO -  epoch=1000      train_loss=  10.4632      val_loss=  37.3564      best=1      size=  59      nSHD_c=   2.7000      nSHD=   2.5667      tpr_c=   0.2712      change_adj_count=267      
2022-08-17 BST 13:31:35,013 - INFO - Before params
2022-08-17 BST 13:31:35,013 - INFO - After params={'MAX_SIZE': [66], 'LAMBDA': [1], 'NOISE_TEMPERATURE': [10], 'h_NULL': [0.001], 'h_LR': [0.001], 'z_RHO': [0], 'z_MU': [0]}
2022-08-17 BST 13:31:35,013 - INFO - After metrics={'train_loss': [10.463238039324361], 'val_loss': [37.35644245147705], 'size': [59], 'nshd_c': [2.7], 'nshd': [2.566666666666667], 'tpr': [0.3389830508474576], 'tpr_c': [0.2711864406779661], 'change_adj_count': [267]}
2022-08-17 BST 13:31:35,031 - INFO - After to_save=   MAX_SIZE  LAMBDA  NOISE_TEMPERATURE  ...       tpr     tpr_c  change_adj_count
0        66       1                 10  ...  0.338983  0.271186               267

[1 rows x 16 columns]
2022-08-17 BST 13:31:35,031 - INFO - After file_path='../results/l_66_4hps.csv'
2022-08-17 BST 13:31:35,034 - INFO - Last epoch results saved in l_66_4hps.csv
2022-08-17 BST 13:31:35,034 - INFO - 

DAG 15: size_true=42	X.var()=8.6273
2022-08-17 BST 13:31:35,285 - INFO -  epoch=   1      train_loss=   8.2027      val_loss=   6.8714      best=1      size=  52      nSHD_c=   2.7667      nSHD=   2.7667      tpr_c=   0.0577      change_adj_count=5      
2022-08-17 BST 13:31:35,529 - INFO -  epoch=   2      train_loss=   7.5585      val_loss=   5.0374      best=1      size=  58      nSHD_c=   2.7000      nSHD=   2.7000      tpr_c=   0.1034      change_adj_count=6      
2022-08-17 BST 13:31:53,933 - INFO -  epoch= 100      train_loss=   6.7017      val_loss=  24.3461      best=1      size=  50      nSHD_c=   1.9333      nSHD=   1.8000      tpr_c=   0.2800      change_adj_count=85      
2022-08-17 BST 13:32:13,416 - INFO -  epoch= 200      train_loss=   6.6453      val_loss=  21.7435      best=1      size=  53      nSHD_c=   1.8667      nSHD=   1.7667      tpr_c=   0.3208      change_adj_count=122      
2022-08-17 BST 13:32:32,236 - INFO -  epoch= 300      train_loss=   6.5661      val_loss=  21.1705      best=1      size=  52      nSHD_c=   1.9333      nSHD=   1.8000      tpr_c=   0.2885      change_adj_count=157      
2022-08-17 BST 13:32:51,456 - INFO -  epoch= 400      train_loss=   6.5369      val_loss=  21.8786      best=1      size=  53      nSHD_c=   1.9667      nSHD=   1.8333      tpr_c=   0.2830      change_adj_count=170      
2022-08-17 BST 13:33:10,193 - INFO -  epoch= 500      train_loss=   6.5059      val_loss=  18.8252      best=1      size=  52      nSHD_c=   1.9333      nSHD=   1.8000      tpr_c=   0.2885      change_adj_count=178      
2022-08-17 BST 13:33:28,957 - INFO -  epoch= 600      train_loss=   6.4092      val_loss=  17.4797      best=1      size=  53      nSHD_c=   1.9667      nSHD=   1.8333      tpr_c=   0.2830      change_adj_count=190      
2022-08-17 BST 13:33:47,549 - INFO -  epoch= 700      train_loss=   6.3596      val_loss=  17.2225      best=1      size=  53      nSHD_c=   1.9667      nSHD=   1.8333      tpr_c=   0.2830      change_adj_count=190      
2022-08-17 BST 13:34:07,176 - INFO -  epoch= 800      train_loss=   6.1719      val_loss=  16.2485      best=1      size=  53      nSHD_c=   1.8667      nSHD=   1.7667      tpr_c=   0.3208      change_adj_count=195      
2022-08-17 BST 13:34:25,734 - INFO -  epoch= 900      train_loss=   6.1051      val_loss=  15.9501      best=1      size=  53      nSHD_c=   1.8667      nSHD=   1.7667      tpr_c=   0.3208      change_adj_count=195      
2022-08-17 BST 13:34:44,547 - INFO -  epoch=1000      train_loss=   5.9743      val_loss=  13.5417      best=1      size=  53      nSHD_c=   1.8667      nSHD=   1.7667      tpr_c=   0.3208      change_adj_count=195      
2022-08-17 BST 13:34:44,547 - INFO - Before params
2022-08-17 BST 13:34:44,547 - INFO - After params={'MAX_SIZE': [66], 'LAMBDA': [1], 'NOISE_TEMPERATURE': [10], 'h_NULL': [0.001], 'h_LR': [0.001], 'z_RHO': [0], 'z_MU': [0]}
2022-08-17 BST 13:34:44,548 - INFO - After metrics={'train_loss': [5.974253669861825], 'val_loss': [13.541707038879395], 'size': [53], 'nshd_c': [1.8666666666666667], 'nshd': [1.7666666666666666], 'tpr': [0.47619047619047616], 'tpr_c': [0.32075471698113206], 'change_adj_count': [195]}
2022-08-17 BST 13:34:44,565 - INFO - After to_save=   MAX_SIZE  LAMBDA  NOISE_TEMPERATURE  ...      tpr     tpr_c  change_adj_count
0        66       1                 10  ...  0.47619  0.320755               195

[1 rows x 16 columns]
2022-08-17 BST 13:34:44,565 - INFO - After file_path='../results/l_66_4hps.csv'
2022-08-17 BST 13:34:44,567 - INFO - Last epoch results saved in l_66_4hps.csv
2022-08-17 BST 13:34:44,568 - INFO - 

DAG 16: size_true=50	X.var()=12.1502
2022-08-17 BST 13:34:44,812 - INFO -  epoch=   1      train_loss=  11.3725      val_loss=   9.7891      best=1      size=  58      nSHD_c=   3.0667      nSHD=   3.0333      tpr_c=   0.1034      change_adj_count=5      
2022-08-17 BST 13:34:45,070 - INFO -  epoch=   2      train_loss=  10.6306      val_loss=   7.7884      best=1      size=  52      nSHD_c=   2.8333      nSHD=   2.8000      tpr_c=   0.1154      change_adj_count=6      
2022-08-17 BST 13:34:45,338 - INFO -  epoch=   3      train_loss=  10.1957      val_loss=   5.3816      best=1      size=  52      nSHD_c=   2.4333      nSHD=   2.4000      tpr_c=   0.2115      change_adj_count=7      
2022-08-17 BST 13:35:04,023 - INFO -  epoch= 100      train_loss=   9.4209      val_loss=  29.0716      best=1      size=  52      nSHD_c=   2.3333      nSHD=   2.2000      tpr_c=   0.2692      change_adj_count=86      
2022-08-17 BST 13:35:22,548 - INFO -  epoch= 200      train_loss=   9.1710      val_loss=  29.9896      best=1      size=  52      nSHD_c=   2.2333      nSHD=   2.1333      tpr_c=   0.3077      change_adj_count=132      
2022-08-17 BST 13:35:41,356 - INFO -  epoch= 300      train_loss=   9.1260      val_loss=  28.3043      best=1      size=  52      nSHD_c=   2.1333      nSHD=   2.0000      tpr_c=   0.3269      change_adj_count=157      
2022-08-17 BST 13:35:59,770 - INFO -  epoch= 400      train_loss=   8.9875      val_loss=  24.8626      best=1      size=  51      nSHD_c=   2.0667      nSHD=   1.9667      tpr_c=   0.3529      change_adj_count=185      
2022-08-17 BST 13:36:18,045 - INFO -  epoch= 500      train_loss=   8.8389      val_loss=  22.7014      best=1      size=  51      nSHD_c=   2.0333      nSHD=   1.9000      tpr_c=   0.3529      change_adj_count=206      
2022-08-17 BST 13:36:36,965 - INFO -  epoch= 600      train_loss=   8.8414      val_loss=  22.0999      best=1      size=  51      nSHD_c=   2.0333      nSHD=   1.9000      tpr_c=   0.3529      change_adj_count=221      
2022-08-17 BST 13:36:56,516 - INFO -  epoch= 700      train_loss=   8.6076      val_loss=  22.7580      best=1      size=  51      nSHD_c=   2.1000      nSHD=   1.9667      tpr_c=   0.3333      change_adj_count=227      
2022-08-17 BST 13:37:15,017 - INFO -  epoch= 800      train_loss=   8.5600      val_loss=  21.1380      best=1      size=  51      nSHD_c=   2.1000      nSHD=   1.9667      tpr_c=   0.3333      change_adj_count=232      
2022-08-17 BST 13:37:33,993 - INFO -  epoch= 900      train_loss=   8.6237      val_loss=  20.3142      best=1      size=  51      nSHD_c=   2.1000      nSHD=   1.9667      tpr_c=   0.3333      change_adj_count=232      
2022-08-17 BST 13:37:53,262 - INFO -  epoch=1000      train_loss=   8.1807      val_loss=  17.7924      best=1      size=  51      nSHD_c=   2.1000      nSHD=   1.9667      tpr_c=   0.3333      change_adj_count=232      
2022-08-17 BST 13:37:53,263 - INFO - Before params
2022-08-17 BST 13:37:53,263 - INFO - After params={'MAX_SIZE': [66], 'LAMBDA': [1], 'NOISE_TEMPERATURE': [10], 'h_NULL': [0.001], 'h_LR': [0.001], 'z_RHO': [0], 'z_MU': [0]}
2022-08-17 BST 13:37:53,263 - INFO - After metrics={'train_loss': [8.180717068333779], 'val_loss': [17.792391459147137], 'size': [51], 'nshd_c': [2.1], 'nshd': [1.9666666666666666], 'tpr': [0.42], 'tpr_c': [0.3333333333333333], 'change_adj_count': [232]}
2022-08-17 BST 13:37:53,281 - INFO - After to_save=   MAX_SIZE  LAMBDA  NOISE_TEMPERATURE  ...   tpr     tpr_c  change_adj_count
0        66       1                 10  ...  0.42  0.333333               232

[1 rows x 16 columns]
2022-08-17 BST 13:37:53,281 - INFO - After file_path='../results/l_66_4hps.csv'
2022-08-17 BST 13:37:53,284 - INFO - Last epoch results saved in l_66_4hps.csv
2022-08-17 BST 13:37:53,284 - INFO - 

DAG 17: size_true=49	X.var()=16.5203
2022-08-17 BST 13:37:53,535 - INFO -  epoch=   1      train_loss=  15.2643      val_loss=  11.7536      best=1      size=  52      nSHD_c=   2.9667      nSHD=   2.9333      tpr_c=   0.0769      change_adj_count=5      
2022-08-17 BST 13:37:53,795 - INFO -  epoch=   2      train_loss=  13.8518      val_loss=  11.9241      best=1      size=  47      nSHD_c=   2.7000      nSHD=   2.6667      tpr_c=   0.1064      change_adj_count=6      
2022-08-17 BST 13:38:12,326 - INFO -  epoch= 100      train_loss=  11.9519      val_loss=  61.9413      best=1      size=  52      nSHD_c=   2.1667      nSHD=   2.1667      tpr_c=   0.3462      change_adj_count=76      
2022-08-17 BST 13:38:31,064 - INFO -  epoch= 200      train_loss=  11.7735      val_loss=  57.7812      best=1      size=  52      nSHD_c=   2.1667      nSHD=   2.1667      tpr_c=   0.3462      change_adj_count=104      
2022-08-17 BST 13:38:50,263 - INFO -  epoch= 300      train_loss=  11.4231      val_loss=  60.1077      best=1      size=  53      nSHD_c=   2.2000      nSHD=   2.2000      tpr_c=   0.3396      change_adj_count=119      
2022-08-17 BST 13:39:09,357 - INFO -  epoch= 400      train_loss=  11.2809      val_loss=  53.4751      best=1      size=  52      nSHD_c=   2.1667      nSHD=   2.1667      tpr_c=   0.3462      change_adj_count=142      
2022-08-17 BST 13:39:27,885 - INFO -  epoch= 500      train_loss=  11.1834      val_loss=  50.5803      best=1      size=  52      nSHD_c=   2.2000      nSHD=   2.1667      tpr_c=   0.3269      change_adj_count=155      
2022-08-17 BST 13:39:46,563 - INFO -  epoch= 600      train_loss=  10.9493      val_loss=  45.1127      best=1      size=  52      nSHD_c=   2.2333      nSHD=   2.2333      tpr_c=   0.3269      change_adj_count=168      
2022-08-17 BST 13:40:05,559 - INFO -  epoch= 700      train_loss=  10.6639      val_loss=  41.9735      best=1      size=  52      nSHD_c=   2.2333      nSHD=   2.2333      tpr_c=   0.3269      change_adj_count=176      
2022-08-17 BST 13:40:24,139 - INFO -  epoch= 800      train_loss=  10.4736      val_loss=  37.5518      best=1      size=  52      nSHD_c=   2.2333      nSHD=   2.2333      tpr_c=   0.3269      change_adj_count=178      
2022-08-17 BST 13:40:42,642 - INFO -  epoch= 900      train_loss=  10.3353      val_loss=  38.5555      best=1      size=  52      nSHD_c=   2.2333      nSHD=   2.2333      tpr_c=   0.3269      change_adj_count=178      
2022-08-17 BST 13:41:00,880 - INFO -  epoch=1000      train_loss=  10.3028      val_loss=  35.9575      best=1      size=  52      nSHD_c=   2.2333      nSHD=   2.2333      tpr_c=   0.3269      change_adj_count=178      
2022-08-17 BST 13:41:00,881 - INFO - Before params
2022-08-17 BST 13:41:00,881 - INFO - After params={'MAX_SIZE': [66], 'LAMBDA': [1], 'NOISE_TEMPERATURE': [10], 'h_NULL': [0.001], 'h_LR': [0.001], 'z_RHO': [0], 'z_MU': [0]}
2022-08-17 BST 13:41:00,881 - INFO - After metrics={'train_loss': [10.30284930813697], 'val_loss': [35.95750776926676], 'size': [52], 'nshd_c': [2.2333333333333334], 'nshd': [2.2333333333333334], 'tpr': [0.3469387755102041], 'tpr_c': [0.3269230769230769], 'change_adj_count': [178]}
2022-08-17 BST 13:41:00,906 - INFO - After to_save=   MAX_SIZE  LAMBDA  NOISE_TEMPERATURE  ...       tpr     tpr_c  change_adj_count
0        66       1                 10  ...  0.346939  0.326923               178

[1 rows x 16 columns]
2022-08-17 BST 13:41:00,906 - INFO - After file_path='../results/l_66_4hps.csv'
2022-08-17 BST 13:41:00,909 - INFO - Last epoch results saved in l_66_4hps.csv
2022-08-17 BST 13:41:00,909 - INFO - 

DAG 18: size_true=56	X.var()=17.9506
2022-08-17 BST 13:41:01,145 - INFO -  epoch=   1      train_loss=  16.8278      val_loss=  12.4274      best=1      size=  53      nSHD_c=   3.2000      nSHD=   3.1333      tpr_c=   0.0566      change_adj_count=5      
2022-08-17 BST 13:41:01,397 - INFO -  epoch=   2      train_loss=  15.2295      val_loss=   8.9122      best=1      size=  50      nSHD_c=   2.7667      nSHD=   2.8000      tpr_c=   0.1800      change_adj_count=6      
2022-08-17 BST 13:41:19,464 - INFO -  epoch= 100      train_loss=  12.4203      val_loss=  79.2223      best=1      size=  59      nSHD_c=   2.7333      nSHD=   2.6667      tpr_c=   0.2542      change_adj_count=77      
2022-08-17 BST 13:41:38,183 - INFO -  epoch= 200      train_loss=  12.1256      val_loss=  73.0038      best=1      size=  60      nSHD_c=   2.7333      nSHD=   2.6333      tpr_c=   0.2500      change_adj_count=99      
2022-08-17 BST 13:41:56,008 - INFO -  epoch= 300      train_loss=  11.8739      val_loss=  71.5024      best=1      size=  61      nSHD_c=   2.7333      nSHD=   2.6000      tpr_c=   0.2459      change_adj_count=117      
2022-08-17 BST 13:42:13,532 - INFO -  epoch= 400      train_loss=  11.7911      val_loss=  63.1557      best=1      size=  61      nSHD_c=   2.7333      nSHD=   2.6000      tpr_c=   0.2459      change_adj_count=142      
2022-08-17 BST 13:42:32,157 - INFO -  epoch= 500      train_loss=  11.2577      val_loss=  58.3242      best=1      size=  61      nSHD_c=   2.7333      nSHD=   2.6000      tpr_c=   0.2459      change_adj_count=146      
2022-08-17 BST 13:42:50,758 - INFO -  epoch= 600      train_loss=  11.1528      val_loss=  51.0469      best=1      size=  61      nSHD_c=   2.7333      nSHD=   2.6000      tpr_c=   0.2459      change_adj_count=146      
2022-08-17 BST 13:43:09,118 - INFO -  epoch= 700      train_loss=  10.7332      val_loss=  45.8883      best=1      size=  60      nSHD_c=   2.6667      nSHD=   2.5667      tpr_c=   0.2667      change_adj_count=152      
2022-08-17 BST 13:43:27,768 - INFO -  epoch= 800      train_loss=  10.2783      val_loss=  42.0636      best=1      size=  60      nSHD_c=   2.7000      nSHD=   2.5667      tpr_c=   0.2500      change_adj_count=166      
2022-08-17 BST 13:43:47,333 - INFO -  epoch= 900      train_loss=   9.9387      val_loss=  35.0854      best=1      size=  61      nSHD_c=   2.6667      nSHD=   2.5333      tpr_c=   0.2623      change_adj_count=175      
2022-08-17 BST 13:44:06,553 - INFO -  epoch=1000      train_loss=   9.8860      val_loss=  30.4690      best=1      size=  61      nSHD_c=   2.6667      nSHD=   2.5333      tpr_c=   0.2623      change_adj_count=184      
2022-08-17 BST 13:44:06,554 - INFO - Before params
2022-08-17 BST 13:44:06,554 - INFO - After params={'MAX_SIZE': [66], 'LAMBDA': [1], 'NOISE_TEMPERATURE': [10], 'h_NULL': [0.001], 'h_LR': [0.001], 'z_RHO': [0], 'z_MU': [0]}
2022-08-17 BST 13:44:06,554 - INFO - After metrics={'train_loss': [9.88602799753989], 'val_loss': [30.469011624654133], 'size': [61], 'nshd_c': [2.6666666666666665], 'nshd': [2.533333333333333], 'tpr': [0.35714285714285715], 'tpr_c': [0.26229508196721313], 'change_adj_count': [184]}
2022-08-17 BST 13:44:06,571 - INFO - After to_save=   MAX_SIZE  LAMBDA  NOISE_TEMPERATURE  ...       tpr     tpr_c  change_adj_count
0        66       1                 10  ...  0.357143  0.262295               184

[1 rows x 16 columns]
2022-08-17 BST 13:44:06,571 - INFO - After file_path='../results/l_66_4hps.csv'
2022-08-17 BST 13:44:06,573 - INFO - Last epoch results saved in l_66_4hps.csv
2022-08-17 BST 13:44:06,573 - INFO - 

DAG 19: size_true=57	X.var()=24.8142
2022-08-17 BST 13:44:06,811 - INFO -  epoch=   1      train_loss=  22.4016      val_loss=  19.1641      best=1      size=  52      nSHD_c=   3.3000      nSHD=   3.3000      tpr_c=   0.0769      change_adj_count=5      
2022-08-17 BST 13:44:07,067 - INFO -  epoch=   2      train_loss=  20.0438      val_loss=  13.3549      best=1      size=  51      nSHD_c=   3.1000      nSHD=   3.0667      tpr_c=   0.0980      change_adj_count=6      
2022-08-17 BST 13:44:25,969 - INFO -  epoch= 100      train_loss=  16.7668      val_loss= 122.2647      best=1      size=  55      nSHD_c=   2.8000      nSHD=   2.7333      tpr_c=   0.2364      change_adj_count=59      
2022-08-17 BST 13:44:45,648 - INFO -  epoch= 200      train_loss=  16.2692      val_loss= 118.7127      best=1      size=  56      nSHD_c=   2.7333      nSHD=   2.7000      tpr_c=   0.2679      change_adj_count=90      
2022-08-17 BST 13:45:05,361 - INFO -  epoch= 300      train_loss=  16.0650      val_loss= 113.9037      best=1      size=  56      nSHD_c=   2.7333      nSHD=   2.7000      tpr_c=   0.2679      change_adj_count=93      
2022-08-17 BST 13:45:24,479 - INFO -  epoch= 400      train_loss=  15.3847      val_loss= 105.8260      best=1      size=  56      nSHD_c=   2.7333      nSHD=   2.7000      tpr_c=   0.2679      change_adj_count=93      
2022-08-17 BST 13:45:43,619 - INFO -  epoch= 500      train_loss=  15.3070      val_loss=  92.3018      best=1      size=  56      nSHD_c=   2.7333      nSHD=   2.7000      tpr_c=   0.2679      change_adj_count=99      
2022-08-17 BST 13:46:01,755 - INFO -  epoch= 600      train_loss=  15.0582      val_loss=  90.4873      best=1      size=  56      nSHD_c=   2.7333      nSHD=   2.7000      tpr_c=   0.2679      change_adj_count=100      
2022-08-17 BST 13:46:20,631 - INFO -  epoch= 700      train_loss=  14.6223      val_loss=  83.5261      best=1      size=  56      nSHD_c=   2.7333      nSHD=   2.7000      tpr_c=   0.2679      change_adj_count=104      
2022-08-17 BST 13:46:40,355 - INFO -  epoch= 800      train_loss=  14.2849      val_loss=  70.3783      best=1      size=  55      nSHD_c=   2.7000      nSHD=   2.6667      tpr_c=   0.2727      change_adj_count=122      
2022-08-17 BST 13:46:59,110 - INFO -  epoch= 900      train_loss=  14.0284      val_loss=  60.7659      best=1      size=  55      nSHD_c=   2.7000      nSHD=   2.6667      tpr_c=   0.2727      change_adj_count=127      
2022-08-17 BST 13:47:17,825 - INFO -  epoch=1000      train_loss=  13.5666      val_loss=  60.6168      best=1      size=  55      nSHD_c=   2.7000      nSHD=   2.6667      tpr_c=   0.2727      change_adj_count=134      
2022-08-17 BST 13:47:17,826 - INFO - Before params
2022-08-17 BST 13:47:17,826 - INFO - After params={'MAX_SIZE': [66], 'LAMBDA': [1], 'NOISE_TEMPERATURE': [10], 'h_NULL': [0.001], 'h_LR': [0.001], 'z_RHO': [0], 'z_MU': [0]}
2022-08-17 BST 13:47:17,826 - INFO - After metrics={'train_loss': [13.56662550280171], 'val_loss': [60.61681683858236], 'size': [55], 'nshd_c': [2.7], 'nshd': [2.6666666666666665], 'tpr': [0.2807017543859649], 'tpr_c': [0.2727272727272727], 'change_adj_count': [134]}
2022-08-17 BST 13:47:17,844 - INFO - After to_save=   MAX_SIZE  LAMBDA  NOISE_TEMPERATURE  ...       tpr     tpr_c  change_adj_count
0        66       1                 10  ...  0.280702  0.272727               134

[1 rows x 16 columns]
2022-08-17 BST 13:47:17,844 - INFO - After file_path='../results/l_66_4hps.csv'
2022-08-17 BST 13:47:19,347 - INFO - Last epoch results saved in l_66_4hps.csv
2022-08-17 BST 13:47:19,348 - INFO - 

DAG 20: size_true=59	X.var()=201.6824
2022-08-17 BST 13:47:19,668 - INFO -  epoch=   1      train_loss= 183.9463      val_loss=  88.3748      best=1      size=  45      nSHD_c=   3.0333      nSHD=   3.0333      tpr_c=   0.1111      change_adj_count=5      
2022-08-17 BST 13:47:38,630 - INFO -  epoch= 100      train_loss=  87.8949      val_loss=2295.8436      best=1      size=  59      nSHD_c=   3.6000      nSHD=   3.6000      tpr_c=   0.0847      change_adj_count=46      
2022-08-17 BST 13:47:57,611 - INFO -  epoch= 200      train_loss=  81.3682      val_loss=1724.5319      best=1      size=  57      nSHD_c=   3.4667      nSHD=   3.4667      tpr_c=   0.1053      change_adj_count=65      
2022-08-17 BST 13:48:16,273 - INFO -  epoch= 300      train_loss=  71.8069      val_loss=1180.0378      best=1      size=  56      nSHD_c=   3.4000      nSHD=   3.3667      tpr_c=   0.1071      change_adj_count=72      
2022-08-17 BST 13:48:35,978 - INFO -  epoch= 400      train_loss=  62.3806      val_loss= 890.3165      best=1      size=  56      nSHD_c=   3.4000      nSHD=   3.3667      tpr_c=   0.1071      change_adj_count=74      
2022-08-17 BST 13:48:54,717 - INFO -  epoch= 500      train_loss=  58.3927      val_loss= 601.8691      best=1      size=  54      nSHD_c=   3.3000      nSHD=   3.2333      tpr_c=   0.1111      change_adj_count=84      
2022-08-17 BST 13:49:13,547 - INFO -  epoch= 600      train_loss=  53.8459      val_loss= 457.2463      best=1      size=  53      nSHD_c=   3.2667      nSHD=   3.2000      tpr_c=   0.1132      change_adj_count=89      
2022-08-17 BST 13:49:32,391 - INFO -  epoch= 700      train_loss=  48.2975      val_loss= 345.3215      best=1      size=  52      nSHD_c=   3.2333      nSHD=   3.1667      tpr_c=   0.1154      change_adj_count=98      
2022-08-17 BST 13:49:51,217 - INFO -  epoch= 800      train_loss=  47.7825      val_loss= 273.4435      best=1      size=  51      nSHD_c=   3.2000      nSHD=   3.1333      tpr_c=   0.1176      change_adj_count=101      
2022-08-17 BST 13:50:10,325 - INFO -  epoch= 900      train_loss=  43.2564      val_loss= 202.8052      best=1      size=  51      nSHD_c=   3.2000      nSHD=   3.1333      tpr_c=   0.1176      change_adj_count=104      
2022-08-17 BST 13:50:29,227 - INFO -  epoch=1000      train_loss=  40.4154      val_loss= 185.1200      best=1      size=  51      nSHD_c=   3.2000      nSHD=   3.1333      tpr_c=   0.1176      change_adj_count=105      
2022-08-17 BST 13:50:29,227 - INFO - Before params
2022-08-17 BST 13:50:29,227 - INFO - After params={'MAX_SIZE': [66], 'LAMBDA': [1], 'NOISE_TEMPERATURE': [10], 'h_NULL': [0.001], 'h_LR': [0.001], 'z_RHO': [0], 'z_MU': [0]}
2022-08-17 BST 13:50:29,228 - INFO - After metrics={'train_loss': [40.415406750094505], 'val_loss': [185.12002817789713], 'size': [51], 'nshd_c': [3.2], 'nshd': [3.1333333333333333], 'tpr': [0.13559322033898305], 'tpr_c': [0.11764705882352941], 'change_adj_count': [105]}
2022-08-17 BST 13:50:29,245 - INFO - After to_save=   MAX_SIZE  LAMBDA  NOISE_TEMPERATURE  ...       tpr     tpr_c  change_adj_count
0        66       1                 10  ...  0.135593  0.117647               105

[1 rows x 16 columns]
2022-08-17 BST 13:50:29,245 - INFO - After file_path='../results/l_66_4hps.csv'
2022-08-17 BST 13:50:29,249 - INFO - Last epoch results saved in l_66_4hps.csv
2022-08-17 BST 13:50:29,250 - INFO - 

DAG 21: size_true=57	X.var()=21.1204
2022-08-17 BST 13:50:29,573 - INFO -  epoch=   1      train_loss=  19.2048      val_loss=  14.1683      best=1      size=  50      nSHD_c=   3.0333      nSHD=   3.0000      tpr_c=   0.1000      change_adj_count=5      
2022-08-17 BST 13:50:47,856 - INFO -  epoch= 100      train_loss=  13.9730      val_loss= 147.2557      best=1      size=  54      nSHD_c=   2.8333      nSHD=   2.8333      tpr_c=   0.2222      change_adj_count=71      
2022-08-17 BST 13:51:06,888 - INFO -  epoch= 200      train_loss=  13.5275      val_loss= 122.3322      best=1      size=  54      nSHD_c=   2.8667      nSHD=   2.8667      tpr_c=   0.2037      change_adj_count=92      
2022-08-17 BST 13:51:26,304 - INFO -  epoch= 300      train_loss=  13.2814      val_loss= 111.2698      best=1      size=  54      nSHD_c=   2.8667      nSHD=   2.8333      tpr_c=   0.1852      change_adj_count=105      
2022-08-17 BST 13:51:45,269 - INFO -  epoch= 400      train_loss=  12.9028      val_loss= 104.2576      best=1      size=  54      nSHD_c=   2.8667      nSHD=   2.8333      tpr_c=   0.1852      change_adj_count=118      
2022-08-17 BST 13:52:04,024 - INFO -  epoch= 500      train_loss=  12.5205      val_loss= 100.3004      best=1      size=  54      nSHD_c=   2.8667      nSHD=   2.8667      tpr_c=   0.2037      change_adj_count=135      
2022-08-17 BST 13:52:22,626 - INFO -  epoch= 600      train_loss=  12.4782      val_loss=  85.8565      best=1      size=  53      nSHD_c=   2.8000      nSHD=   2.7667      tpr_c=   0.2075      change_adj_count=151      
2022-08-17 BST 13:52:42,012 - INFO -  epoch= 700      train_loss=  12.3150      val_loss=  74.6563      best=1      size=  53      nSHD_c=   2.8333      nSHD=   2.8000      tpr_c=   0.1887      change_adj_count=172      
2022-08-17 BST 13:53:00,956 - INFO -  epoch= 800      train_loss=  12.1204      val_loss=  66.9761      best=1      size=  53      nSHD_c=   2.8333      nSHD=   2.8000      tpr_c=   0.1887      change_adj_count=185      
2022-08-17 BST 13:53:19,548 - INFO -  epoch= 900      train_loss=  11.4347      val_loss=  65.2983      best=1      size=  53      nSHD_c=   2.8333      nSHD=   2.8000      tpr_c=   0.1887      change_adj_count=188      
2022-08-17 BST 13:53:38,124 - INFO -  epoch=1000      train_loss=  11.1294      val_loss=  57.1321      best=1      size=  53      nSHD_c=   2.8000      nSHD=   2.7667      tpr_c=   0.2075      change_adj_count=189      
2022-08-17 BST 13:53:38,124 - INFO - Before params
2022-08-17 BST 13:53:38,124 - INFO - After params={'MAX_SIZE': [66], 'LAMBDA': [1], 'NOISE_TEMPERATURE': [10], 'h_NULL': [0.001], 'h_LR': [0.001], 'z_RHO': [0], 'z_MU': [0]}
2022-08-17 BST 13:53:38,124 - INFO - After metrics={'train_loss': [11.129441476637318], 'val_loss': [57.1320743560791], 'size': [53], 'nshd_c': [2.8], 'nshd': [2.7666666666666666], 'tpr': [0.21052631578947367], 'tpr_c': [0.20754716981132076], 'change_adj_count': [189]}
2022-08-17 BST 13:53:38,142 - INFO - After to_save=   MAX_SIZE  LAMBDA  NOISE_TEMPERATURE  ...       tpr     tpr_c  change_adj_count
0        66       1                 10  ...  0.210526  0.207547               189

[1 rows x 16 columns]
2022-08-17 BST 13:53:38,142 - INFO - After file_path='../results/l_66_4hps.csv'
2022-08-17 BST 13:53:38,145 - INFO - Last epoch results saved in l_66_4hps.csv
2022-08-17 BST 13:53:38,145 - INFO - 

DAG 22: size_true=60	X.var()=129.8499
2022-08-17 BST 13:53:38,397 - INFO -  epoch=   1      train_loss= 119.3222      val_loss=  40.9721      best=1      size=  42      nSHD_c=   2.9000      nSHD=   2.9000      tpr_c=   0.1429      change_adj_count=5      
2022-08-17 BST 13:53:57,129 - INFO -  epoch= 100      train_loss=  62.2151      val_loss=1697.0109      best=1      size=  56      nSHD_c=   2.9667      nSHD=   2.9667      tpr_c=   0.2321      change_adj_count=37      
2022-08-17 BST 13:54:16,509 - INFO -  epoch= 200      train_loss=  56.3753      val_loss=1292.7430      best=1      size=  57      nSHD_c=   3.0000      nSHD=   3.0000      tpr_c=   0.2281      change_adj_count=46      
2022-08-17 BST 13:54:35,043 - INFO -  epoch= 300      train_loss=  53.2430      val_loss= 927.3167      best=1      size=  59      nSHD_c=   3.0667      nSHD=   3.0667      tpr_c=   0.2203      change_adj_count=58      
2022-08-17 BST 13:54:53,320 - INFO -  epoch= 400      train_loss=  45.2363      val_loss= 718.4451      best=1      size=  58      nSHD_c=   3.0333      nSHD=   3.0333      tpr_c=   0.2241      change_adj_count=65      
2022-08-17 BST 13:55:11,258 - INFO -  epoch= 500      train_loss=  42.0541      val_loss= 540.8204      best=1      size=  58      nSHD_c=   3.0000      nSHD=   2.9667      tpr_c=   0.2241      change_adj_count=68      
2022-08-17 BST 13:55:29,806 - INFO -  epoch= 600      train_loss=  39.6527      val_loss= 383.6999      best=1      size=  58      nSHD_c=   3.0000      nSHD=   2.9667      tpr_c=   0.2241      change_adj_count=70      
2022-08-17 BST 13:55:48,978 - INFO -  epoch= 700      train_loss=  36.6631      val_loss= 326.9237      best=1      size=  58      nSHD_c=   2.9667      nSHD=   2.9333      tpr_c=   0.2241      change_adj_count=71      
2022-08-17 BST 13:56:08,024 - INFO -  epoch= 800      train_loss=  34.7869      val_loss= 237.7397      best=1      size=  58      nSHD_c=   2.9333      nSHD=   2.8667      tpr_c=   0.2241      change_adj_count=74      
2022-08-17 BST 13:56:27,284 - INFO -  epoch= 900      train_loss=  31.5756      val_loss= 211.9076      best=1      size=  57      nSHD_c=   2.9000      nSHD=   2.8333      tpr_c=   0.2281      change_adj_count=77      
2022-08-17 BST 13:56:45,874 - INFO -  epoch=1000      train_loss=  31.6151      val_loss= 160.2173      best=1      size=  57      nSHD_c=   2.9667      nSHD=   2.9000      tpr_c=   0.2105      change_adj_count=80      
2022-08-17 BST 13:56:45,874 - INFO - Before params
2022-08-17 BST 13:56:45,875 - INFO - After params={'MAX_SIZE': [66], 'LAMBDA': [1], 'NOISE_TEMPERATURE': [10], 'h_NULL': [0.001], 'h_LR': [0.001], 'z_RHO': [0], 'z_MU': [0]}
2022-08-17 BST 13:56:45,875 - INFO - After metrics={'train_loss': [31.61511710382277], 'val_loss': [160.21732076009116], 'size': [57], 'nshd_c': [2.966666666666667], 'nshd': [2.9], 'tpr': [0.23333333333333334], 'tpr_c': [0.21052631578947367], 'change_adj_count': [80]}
2022-08-17 BST 13:56:45,893 - INFO - After to_save=   MAX_SIZE  LAMBDA  NOISE_TEMPERATURE  ...       tpr     tpr_c  change_adj_count
0        66       1                 10  ...  0.233333  0.210526                80

[1 rows x 16 columns]
2022-08-17 BST 13:56:45,893 - INFO - After file_path='../results/l_66_4hps.csv'
2022-08-17 BST 13:56:46,635 - INFO - Last epoch results saved in l_66_4hps.csv
2022-08-17 BST 13:56:46,636 - INFO - 

DAG 23: size_true=49	X.var()=14.1269
2022-08-17 BST 13:56:46,932 - INFO -  epoch=   1      train_loss=  13.4576      val_loss=  12.1635      best=1      size=  50      nSHD_c=   2.9333      nSHD=   2.9333      tpr_c=   0.0800      change_adj_count=5      
2022-08-17 BST 13:56:47,188 - INFO -  epoch=   2      train_loss=  12.6317      val_loss=   8.6793      best=1      size=  52      nSHD_c=   2.7000      nSHD=   2.7000      tpr_c=   0.1538      change_adj_count=6      
2022-08-17 BST 13:57:05,875 - INFO -  epoch= 100      train_loss=  10.7322      val_loss=  60.6184      best=1      size=  54      nSHD_c=   2.1333      nSHD=   2.0333      tpr_c=   0.3333      change_adj_count=85      
2022-08-17 BST 13:57:24,730 - INFO -  epoch= 200      train_loss=  10.2713      val_loss=  60.5960      best=1      size=  54      nSHD_c=   1.8333      nSHD=   1.7667      tpr_c=   0.4259      change_adj_count=137      
2022-08-17 BST 13:57:43,382 - INFO -  epoch= 300      train_loss=  10.1943      val_loss=  53.1364      best=1      size=  56      nSHD_c=   1.9667      nSHD=   1.9000      tpr_c=   0.3929      change_adj_count=182      
2022-08-17 BST 13:58:02,029 - INFO -  epoch= 400      train_loss=   9.9194      val_loss=  46.8671      best=1      size=  55      nSHD_c=   2.0000      nSHD=   1.9333      tpr_c=   0.3818      change_adj_count=207      
2022-08-17 BST 13:58:21,197 - INFO -  epoch= 500      train_loss=   9.6073      val_loss=  42.2853      best=1      size=  55      nSHD_c=   1.9333      nSHD=   1.8667      tpr_c=   0.4000      change_adj_count=221      
2022-08-17 BST 13:58:39,442 - INFO -  epoch= 600      train_loss=   9.5906      val_loss=  40.3408      best=1      size=  55      nSHD_c=   1.9333      nSHD=   1.8667      tpr_c=   0.4000      change_adj_count=229      
2022-08-17 BST 13:58:58,495 - INFO -  epoch= 700      train_loss=   9.1674      val_loss=  35.7917      best=1      size=  54      nSHD_c=   1.9333      nSHD=   1.8333      tpr_c=   0.3889      change_adj_count=240      
2022-08-17 BST 13:59:17,421 - INFO -  epoch= 800      train_loss=   8.7939      val_loss=  31.1735      best=1      size=  55      nSHD_c=   1.9333      nSHD=   1.8333      tpr_c=   0.3818      change_adj_count=262      
2022-08-17 BST 13:59:36,022 - INFO -  epoch= 900      train_loss=   8.7455      val_loss=  28.9714      best=1      size=  54      nSHD_c=   1.9333      nSHD=   1.7667      tpr_c=   0.3704      change_adj_count=279      
2022-08-17 BST 13:59:54,817 - INFO -  epoch=1000      train_loss=   8.3856      val_loss=  27.6281      best=1      size=  54      nSHD_c=   1.9333      nSHD=   1.7667      tpr_c=   0.3704      change_adj_count=283      
2022-08-17 BST 13:59:54,817 - INFO - Before params
2022-08-17 BST 13:59:54,817 - INFO - After params={'MAX_SIZE': [66], 'LAMBDA': [1], 'NOISE_TEMPERATURE': [10], 'h_NULL': [0.001], 'h_LR': [0.001], 'z_RHO': [0], 'z_MU': [0]}
2022-08-17 BST 13:59:54,817 - INFO - After metrics={'train_loss': [8.385632391898863], 'val_loss': [27.62812614440918], 'size': [54], 'nshd_c': [1.9333333333333333], 'nshd': [1.7666666666666666], 'tpr': [0.5102040816326531], 'tpr_c': [0.37037037037037035], 'change_adj_count': [283]}
2022-08-17 BST 13:59:54,836 - INFO - After to_save=   MAX_SIZE  LAMBDA  NOISE_TEMPERATURE  ...       tpr    tpr_c  change_adj_count
0        66       1                 10  ...  0.510204  0.37037               283

[1 rows x 16 columns]
2022-08-17 BST 13:59:54,836 - INFO - After file_path='../results/l_66_4hps.csv'
2022-08-17 BST 13:59:54,838 - INFO - Last epoch results saved in l_66_4hps.csv
2022-08-17 BST 13:59:54,838 - INFO - 
last_mean_nshd_c=2.7181
2022-08-17 BST 13:59:54,838 - INFO - 
Time taken 1:26:34 (h:mm:ss)
2022-08-17 BST 13:59:54,838 - INFO - 
End of log for run 2022-08-17_BST_12:33:20,427_l_66_4hps_146
