2022-08-17 BST 23:10:54,734 - INFO - 
Log for run 2022-08-17_BST_23:10:54,698_l_66_4hps_230

2022-08-17 BST 23:10:54,734 - INFO - COMMENT = ''
2022-08-17 BST 23:10:54,734 - INFO - DATA_FOLDER = '../data'
2022-08-17 BST 23:10:54,734 - INFO - LATENTS_FOLDER = '../latents'
2022-08-17 BST 23:10:54,734 - INFO - LOGS_FOLDER = '../logs'
2022-08-17 BST 23:10:54,734 - INFO - MODEL_FOLDER = '../models'
2022-08-17 BST 23:10:54,734 - INFO - RESULTS_FOLDER = '../results'
2022-08-17 BST 23:10:54,734 - INFO - DEVICE = torch.device("cuda" if torch.cuda.is_available() else "cpu")  # Used: "cuda"
2022-08-17 BST 23:10:54,734 - INFO - LATENTS = False
2022-08-17 BST 23:10:54,735 - INFO - MATRIX_REPORT = False
2022-08-17 BST 23:10:54,735 - INFO - LABEL = True
2022-08-17 BST 23:10:54,735 - INFO - SAVE_TO_ODS = False
2022-08-17 BST 23:10:54,735 - INFO - VAL_LOSS_FROM_DAG = True
2022-08-17 BST 23:10:54,735 - INFO - WANDB = False
2022-08-17 BST 23:10:54,735 - INFO - WANDB_PROJECT = 'Thetas'
2022-08-17 BST 23:10:54,735 - INFO - GRAD_LOG = False
2022-08-17 BST 23:10:54,735 - INFO - N_TRIALS = 1
2022-08-17 BST 23:10:54,735 - INFO - OPTUNA_STRINGS = {'None': None, 'True': True, 'False': False}
2022-08-17 BST 23:10:54,735 - INFO - TQDM = False
2022-08-17 BST 23:10:54,735 - INFO - 
hyperparameters = {
2022-08-17 BST 23:10:54,735 - INFO - 	'GRAPH_TYPE': 'ER2',
2022-08-17 BST 23:10:54,735 - INFO - 	'D': 30,
2022-08-17 BST 23:10:54,736 - INFO - 	'MAX_SIZE': 66,
2022-08-17 BST 23:10:54,736 - INFO - 	'SEM_NOISE': 'gaussian_ev',
2022-08-17 BST 23:10:54,736 - INFO - 	'N': 1200,
2022-08-17 BST 23:10:54,736 - INFO - 	'VAL': 0.16666666666666666,
2022-08-17 BST 23:10:54,736 - INFO - 	'N_EPOCHS': 1000,
2022-08-17 BST 23:10:54,736 - INFO - 	'BATCH_SIZE': 32,
2022-08-17 BST 23:10:54,736 - INFO - 	'LOG2_BATCH_SIZE': None,
2022-08-17 BST 23:10:54,736 - INFO - 	'BATCH_SHUFFLE': True,
2022-08-17 BST 23:10:54,736 - INFO - 	'N_SAMPLES': 10,
2022-08-17 BST 23:10:54,736 - INFO - 	'MODE': 'max_dag_test_only',
2022-08-17 BST 23:10:54,736 - INFO - 	'AFAS_SCHEDULER': None,
2022-08-17 BST 23:10:54,736 - INFO - 	'MINIZINC_SOLVER': None,
2022-08-17 BST 23:10:54,736 - INFO - 	'f_LINEAR_LAYERS': (),
2022-08-17 BST 23:10:54,737 - INFO - 	'f_BIAS': False,
2022-08-17 BST 23:10:54,737 - INFO - 	'p_LAYER': None,
2022-08-17 BST 23:10:54,737 - INFO - 	'STREAMLINE': False,
2022-08-17 BST 23:10:54,737 - INFO - 	'THRESHOLD': 0.0,
2022-08-17 BST 23:10:54,737 - INFO - 	'h_LINEAR_LAYERS': (),
2022-08-17 BST 23:10:54,737 - INFO - 	'h_NULL': 0.01,
2022-08-17 BST 23:10:54,737 - INFO - 	'h_LR': 0.001,
2022-08-17 BST 23:10:54,737 - INFO - 	'h_OPTIMIZER': 'torch.optim.Adam(overall_net.h_net.parameters(), lr=h.h_LR)',
2022-08-17 BST 23:10:54,737 - INFO - 	'f_LR': 0.0117744218586073,
2022-08-17 BST 23:10:54,737 - INFO - 	'f_OPTIMIZER': 'torch.optim.Adam(overall_net.f_net.parameters(), lr=h.f_LR)',
2022-08-17 BST 23:10:54,737 - INFO - 	'NOISE_TEMPERATURE': 10,
2022-08-17 BST 23:10:54,737 - INFO - 	'NOISE_DISTRIBUTION': 'LogisticNoiseDistribution()',
2022-08-17 BST 23:10:54,737 - INFO - 	'LAMBDA': 10,
2022-08-17 BST 23:10:54,737 - INFO - 	'LOSS_FN': 'torch.nn.MSELoss()',
2022-08-17 BST 23:10:54,738 - INFO - 	'REGULARIZER': None,
2022-08-17 BST 23:10:54,738 - INFO - 	'z_RHO': 0,
2022-08-17 BST 23:10:54,738 - INFO - 	'z_MU': 0,
2022-08-17 BST 23:10:54,738 - INFO - 	'z_REGULARIZER': 'NoTearsZRegularizer(h.D, h.z_RHO, h.z_MU, c.DEVICE)',
2022-08-17 BST 23:10:54,738 - INFO - 	'LR_SCHEDULER': None,
2022-08-17 BST 23:10:54,738 - INFO - 	'DATA_CATEGORY': 'test',
2022-08-17 BST 23:10:54,738 - INFO - 	'DAGS': '030_ER2_gaussian_ev_2022-08-12_BST_09:55:21,293_create_dags'
2022-08-17 BST 23:10:54,738 - INFO - }

2022-08-17 BST 23:10:55,822 - INFO - 

DAG 0: size_true=69	X.var()=185.8479
2022-08-17 BST 23:10:58,504 - INFO -  epoch=   1      train_loss= 177.2611      val_loss=  64.8749      best=1      size=  43      nSHD_c=   2.7667      nSHD=   2.7667      tpr_c=   0.2791      change_adj_count=5      
2022-08-17 BST 23:11:17,083 - INFO -  epoch= 100      train_loss=  85.2036      val_loss=2131.0085      best=1      size=  60      nSHD_c=   2.9667      nSHD=   2.9667      tpr_c=   0.3333      change_adj_count=28      
2022-08-17 BST 23:11:35,837 - INFO -  epoch= 200      train_loss=  71.9525      val_loss=1254.9886      best=1      size=  60      nSHD_c=   2.9667      nSHD=   2.9667      tpr_c=   0.3333      change_adj_count=28      
2022-08-17 BST 23:11:54,210 - INFO -  epoch= 300      train_loss=  58.7354      val_loss= 771.9351      best=1      size=  57      nSHD_c=   2.8667      nSHD=   2.8667      tpr_c=   0.3509      change_adj_count=32      
2022-08-17 BST 23:12:12,918 - INFO -  epoch= 400      train_loss=  50.7962      val_loss= 485.9083      best=1      size=  57      nSHD_c=   2.8000      nSHD=   2.8000      tpr_c=   0.3684      change_adj_count=36      
2022-08-17 BST 23:12:31,615 - INFO -  epoch= 500      train_loss=  44.2325      val_loss= 340.2612      best=1      size=  57      nSHD_c=   2.8000      nSHD=   2.8000      tpr_c=   0.3684      change_adj_count=36      
2022-08-17 BST 23:12:50,141 - INFO -  epoch= 600      train_loss=  39.1298      val_loss= 205.7367      best=1      size=  56      nSHD_c=   2.7667      nSHD=   2.7667      tpr_c=   0.3750      change_adj_count=39      
2022-08-17 BST 23:13:09,116 - INFO -  epoch= 700      train_loss=  34.4544      val_loss= 146.9815      best=1      size=  56      nSHD_c=   2.7667      nSHD=   2.7667      tpr_c=   0.3750      change_adj_count=40      
2022-08-17 BST 23:13:27,769 - INFO -  epoch= 800      train_loss=  30.5908      val_loss= 103.9395      best=1      size=  56      nSHD_c=   2.7667      nSHD=   2.7667      tpr_c=   0.3750      change_adj_count=43      
2022-08-17 BST 23:13:46,417 - INFO -  epoch= 900      train_loss=  28.7045      val_loss=  77.7620      best=1      size=  56      nSHD_c=   2.7667      nSHD=   2.7667      tpr_c=   0.3750      change_adj_count=48      
2022-08-17 BST 23:14:05,250 - INFO -  epoch=1000      train_loss=  26.0006      val_loss=  66.9787      best=1      size=  56      nSHD_c=   2.7667      nSHD=   2.7667      tpr_c=   0.3750      change_adj_count=48      
2022-08-17 BST 23:14:05,250 - INFO - Before params
2022-08-17 BST 23:14:05,250 - INFO - After params={'MAX_SIZE': [66], 'LAMBDA': [10], 'NOISE_TEMPERATURE': [10], 'h_NULL': [0.01], 'h_LR': [0.001], 'z_RHO': [0], 'z_MU': [0]}
2022-08-17 BST 23:14:05,250 - INFO - After metrics={'train_loss': [26.000639884702622], 'val_loss': [66.97868156433105], 'size': [56], 'nshd_c': [2.7666666666666666], 'nshd': [2.7666666666666666], 'tpr': [0.30434782608695654], 'tpr_c': [0.375], 'change_adj_count': [48]}
2022-08-17 BST 23:14:05,276 - INFO - After to_save=   MAX_SIZE  LAMBDA  NOISE_TEMPERATURE  ...       tpr  tpr_c  change_adj_count
0        66      10                 10  ...  0.304348  0.375                48

[1 rows x 16 columns]
2022-08-17 BST 23:14:05,276 - INFO - After file_path='../results/l_66_4hps.csv'
2022-08-17 BST 23:14:05,283 - INFO - Last epoch results saved in l_66_4hps.csv
2022-08-17 BST 23:14:05,284 - INFO - 

DAG 1: size_true=67	X.var()=127.1156
2022-08-17 BST 23:14:05,535 - INFO -  epoch=   1      train_loss= 116.5705      val_loss=  48.5208      best=1      size=  42      nSHD_c=   3.2333      nSHD=   3.2333      tpr_c=   0.0714      change_adj_count=5      
2022-08-17 BST 23:14:24,082 - INFO -  epoch= 100      train_loss=  51.3223      val_loss=2105.6743      best=1      size=  60      nSHD_c=   3.6000      nSHD=   3.5667      tpr_c=   0.1500      change_adj_count=22      
2022-08-17 BST 23:14:42,580 - INFO -  epoch= 200      train_loss=  43.9759      val_loss=1268.9155      best=1      size=  60      nSHD_c=   3.5667      nSHD=   3.5667      tpr_c=   0.1667      change_adj_count=30      
2022-08-17 BST 23:15:00,834 - INFO -  epoch= 300      train_loss=  36.7981      val_loss= 786.2744      best=1      size=  60      nSHD_c=   3.5667      nSHD=   3.5667      tpr_c=   0.1667      change_adj_count=30      
2022-08-17 BST 23:15:19,318 - INFO -  epoch= 400      train_loss=  30.8691      val_loss= 473.3960      best=1      size=  60      nSHD_c=   3.5667      nSHD=   3.5667      tpr_c=   0.1667      change_adj_count=31      
2022-08-17 BST 23:15:37,931 - INFO -  epoch= 500      train_loss=  27.7128      val_loss= 313.1009      best=1      size=  60      nSHD_c=   3.5667      nSHD=   3.5667      tpr_c=   0.1667      change_adj_count=31      
2022-08-17 BST 23:15:56,864 - INFO -  epoch= 600      train_loss=  24.1241      val_loss= 225.8387      best=1      size=  60      nSHD_c=   3.5667      nSHD=   3.5667      tpr_c=   0.1667      change_adj_count=31      
2022-08-17 BST 23:16:15,619 - INFO -  epoch= 700      train_loss=  22.9625      val_loss= 163.6535      best=1      size=  59      nSHD_c=   3.5333      nSHD=   3.5333      tpr_c=   0.1695      change_adj_count=32      
2022-08-17 BST 23:16:33,725 - INFO -  epoch= 800      train_loss=  20.9933      val_loss= 114.3018      best=1      size=  59      nSHD_c=   3.4667      nSHD=   3.4000      tpr_c=   0.1695      change_adj_count=35      
2022-08-17 BST 23:16:52,992 - INFO -  epoch= 900      train_loss=  19.5619      val_loss=  98.7796      best=1      size=  59      nSHD_c=   3.4667      nSHD=   3.4000      tpr_c=   0.1695      change_adj_count=35      
2022-08-17 BST 23:17:11,663 - INFO -  epoch=1000      train_loss=  18.5364      val_loss=  81.7483      best=1      size=  59      nSHD_c=   3.4667      nSHD=   3.4000      tpr_c=   0.1695      change_adj_count=36      
2022-08-17 BST 23:17:11,664 - INFO - Before params
2022-08-17 BST 23:17:11,664 - INFO - After params={'MAX_SIZE': [66], 'LAMBDA': [10], 'NOISE_TEMPERATURE': [10], 'h_NULL': [0.01], 'h_LR': [0.001], 'z_RHO': [0], 'z_MU': [0]}
2022-08-17 BST 23:17:11,664 - INFO - After metrics={'train_loss': [18.53644444865565], 'val_loss': [81.74829991658528], 'size': [59], 'nshd_c': [3.466666666666667], 'nshd': [3.4], 'tpr': [0.1791044776119403], 'tpr_c': [0.1694915254237288], 'change_adj_count': [36]}
2022-08-17 BST 23:17:11,681 - INFO - After to_save=   MAX_SIZE  LAMBDA  NOISE_TEMPERATURE  ...       tpr     tpr_c  change_adj_count
0        66      10                 10  ...  0.179104  0.169492                36

[1 rows x 16 columns]
2022-08-17 BST 23:17:11,682 - INFO - After file_path='../results/l_66_4hps.csv'
2022-08-17 BST 23:17:11,684 - INFO - Last epoch results saved in l_66_4hps.csv
2022-08-17 BST 23:17:11,685 - INFO - 

DAG 2: size_true=64	X.var()=25.7432
2022-08-17 BST 23:17:11,943 - INFO -  epoch=   1      train_loss=  24.2488      val_loss=  17.7104      best=1      size=  53      nSHD_c=   3.2333      nSHD=   3.2333      tpr_c=   0.1321      change_adj_count=5      
2022-08-17 BST 23:17:12,198 - INFO -  epoch=   2      train_loss=  22.3582      val_loss=  13.7611      best=1      size=  47      nSHD_c=   2.8333      nSHD=   2.8333      tpr_c=   0.2128      change_adj_count=6      
2022-08-17 BST 23:17:30,285 - INFO -  epoch= 100      train_loss=  18.2361      val_loss=  73.3972      best=1      size=  57      nSHD_c=   2.7667      nSHD=   2.6333      tpr_c=   0.2982      change_adj_count=26      
2022-08-17 BST 23:17:49,376 - INFO -  epoch= 200      train_loss=  17.0495      val_loss=  60.6444      best=1      size=  57      nSHD_c=   2.7667      nSHD=   2.6333      tpr_c=   0.2982      change_adj_count=30      
2022-08-17 BST 23:18:07,823 - INFO -  epoch= 300      train_loss=  15.5407      val_loss=  45.2160      best=1      size=  56      nSHD_c=   2.7333      nSHD=   2.6000      tpr_c=   0.3036      change_adj_count=34      
2022-08-17 BST 23:18:26,201 - INFO -  epoch= 400      train_loss=  14.5559      val_loss=  33.9966      best=1      size=  56      nSHD_c=   2.6667      nSHD=   2.5333      tpr_c=   0.3214      change_adj_count=35      
2022-08-17 BST 23:18:44,504 - INFO -  epoch= 500      train_loss=  13.1790      val_loss=  26.9499      best=1      size=  56      nSHD_c=   2.7333      nSHD=   2.6000      tpr_c=   0.3036      change_adj_count=36      
2022-08-17 BST 23:19:02,910 - INFO -  epoch= 600      train_loss=  12.0481      val_loss=  22.1537      best=1      size=  56      nSHD_c=   2.6667      nSHD=   2.5333      tpr_c=   0.3214      change_adj_count=37      
2022-08-17 BST 23:19:21,384 - INFO -  epoch= 700      train_loss=  11.3209      val_loss=  16.3052      best=1      size=  55      nSHD_c=   2.5667      nSHD=   2.4333      tpr_c=   0.3455      change_adj_count=47      
2022-08-17 BST 23:19:39,495 - INFO -  epoch= 800      train_loss=  10.4177      val_loss=  13.4464      best=1      size=  55      nSHD_c=   2.5333      nSHD=   2.4333      tpr_c=   0.3636      change_adj_count=48      
2022-08-17 BST 23:19:57,299 - INFO -  epoch= 900      train_loss=   9.5575      val_loss=  11.2838      best=1      size=  55      nSHD_c=   2.4333      nSHD=   2.3667      tpr_c=   0.4000      change_adj_count=49      
2022-08-17 BST 23:20:15,829 - INFO -  epoch=1000      train_loss=   8.8710      val_loss=   9.5175      best=1      size=  53      nSHD_c=   2.3667      nSHD=   2.3000      tpr_c=   0.4151      change_adj_count=51      
2022-08-17 BST 23:20:15,830 - INFO - Before params
2022-08-17 BST 23:20:15,830 - INFO - After params={'MAX_SIZE': [66], 'LAMBDA': [10], 'NOISE_TEMPERATURE': [10], 'h_NULL': [0.01], 'h_LR': [0.001], 'z_RHO': [0], 'z_MU': [0]}
2022-08-17 BST 23:20:15,830 - INFO - After metrics={'train_loss': [8.870962250617243], 'val_loss': [9.517453670501709], 'size': [53], 'nshd_c': [2.3666666666666667], 'nshd': [2.3], 'tpr': [0.375], 'tpr_c': [0.41509433962264153], 'change_adj_count': [51]}
2022-08-17 BST 23:20:15,848 - INFO - After to_save=   MAX_SIZE  LAMBDA  NOISE_TEMPERATURE  ...    tpr     tpr_c  change_adj_count
0        66      10                 10  ...  0.375  0.415094                51

[1 rows x 16 columns]
2022-08-17 BST 23:20:15,848 - INFO - After file_path='../results/l_66_4hps.csv'
2022-08-17 BST 23:20:15,851 - INFO - Last epoch results saved in l_66_4hps.csv
2022-08-17 BST 23:20:15,852 - INFO - 

DAG 3: size_true=63	X.var()=265.9248
2022-08-17 BST 23:20:16,105 - INFO -  epoch=   1      train_loss= 223.7100      val_loss= 225.0333      best=1      size=  44      nSHD_c=   3.1000      nSHD=   3.1000      tpr_c=   0.1136      change_adj_count=5      
2022-08-17 BST 23:20:34,884 - INFO -  epoch= 100      train_loss= 108.1335      val_loss=3203.6283      best=1      size=  60      nSHD_c=   3.4333      nSHD=   3.4333      tpr_c=   0.1500      change_adj_count=46      
2022-08-17 BST 23:20:53,683 - INFO -  epoch= 200      train_loss=  89.8877      val_loss=2083.8759      best=1      size=  58      nSHD_c=   3.4333      nSHD=   3.4333      tpr_c=   0.1379      change_adj_count=59      
2022-08-17 BST 23:21:12,490 - INFO -  epoch= 300      train_loss=  76.3917      val_loss=1193.6365      best=1      size=  56      nSHD_c=   3.3333      nSHD=   3.3000      tpr_c=   0.1429      change_adj_count=76      
2022-08-17 BST 23:21:30,935 - INFO -  epoch= 400      train_loss=  67.1484      val_loss= 778.2895      best=1      size=  55      nSHD_c=   3.2000      nSHD=   3.2000      tpr_c=   0.1818      change_adj_count=86      
2022-08-17 BST 23:21:49,445 - INFO -  epoch= 500      train_loss=  59.4820      val_loss= 499.7102      best=1      size=  55      nSHD_c=   3.2000      nSHD=   3.2000      tpr_c=   0.1818      change_adj_count=106      
2022-08-17 BST 23:22:08,558 - INFO -  epoch= 600      train_loss=  52.5930      val_loss= 385.0939      best=1      size=  53      nSHD_c=   3.1333      nSHD=   3.1333      tpr_c=   0.1887      change_adj_count=112      
2022-08-17 BST 23:22:26,742 - INFO -  epoch= 700      train_loss=  47.3172      val_loss= 272.6380      best=1      size=  52      nSHD_c=   3.1000      nSHD=   3.1000      tpr_c=   0.1923      change_adj_count=116      
2022-08-17 BST 23:22:45,449 - INFO -  epoch= 800      train_loss=  45.1101      val_loss= 215.3618      best=1      size=  51      nSHD_c=   3.0667      nSHD=   3.0667      tpr_c=   0.1961      change_adj_count=117      
2022-08-17 BST 23:23:04,126 - INFO -  epoch= 900      train_loss=  41.3050      val_loss= 194.5743      best=1      size=  51      nSHD_c=   3.1000      nSHD=   3.1000      tpr_c=   0.1765      change_adj_count=123      
2022-08-17 BST 23:23:10,081 - INFO -  epoch= 931      train_loss=  41.9336      val_loss= 151.3797      best=1      size=  50      nSHD_c=   3.0667      nSHD=   3.0667      tpr_c=   0.1800      change_adj_count=126      
2022-08-17 BST 23:23:19,293 - INFO -  epoch= 980      train_loss=  39.4736      val_loss= 139.7886      best=1      size=  50      nSHD_c=   3.0667      nSHD=   3.0667      tpr_c=   0.1800      change_adj_count=126      
2022-08-17 BST 23:23:23,081 - INFO -  epoch=1000      train_loss=  37.4084      val_loss= 162.4983      best=1      size=  50      nSHD_c=   3.0667      nSHD=   3.0667      tpr_c=   0.1800      change_adj_count=126      
2022-08-17 BST 23:23:23,082 - INFO - Before params
2022-08-17 BST 23:23:23,082 - INFO - After params={'MAX_SIZE': [66], 'LAMBDA': [10], 'NOISE_TEMPERATURE': [10], 'h_NULL': [0.01], 'h_LR': [0.001], 'z_RHO': [0], 'z_MU': [0]}
2022-08-17 BST 23:23:23,082 - INFO - After metrics={'train_loss': [37.40844295870873], 'val_loss': [162.49831771850586], 'size': [50], 'nshd_c': [3.066666666666667], 'nshd': [3.066666666666667], 'tpr': [0.14285714285714285], 'tpr_c': [0.18], 'change_adj_count': [126]}
2022-08-17 BST 23:23:23,100 - INFO - After to_save=   MAX_SIZE  LAMBDA  NOISE_TEMPERATURE  ...       tpr  tpr_c  change_adj_count
0        66      10                 10  ...  0.142857   0.18               126

[1 rows x 16 columns]
2022-08-17 BST 23:23:23,100 - INFO - After file_path='../results/l_66_4hps.csv'
2022-08-17 BST 23:23:23,102 - INFO - Last epoch results saved in l_66_4hps.csv
2022-08-17 BST 23:23:23,103 - INFO - 

DAG 4: size_true=48	X.var()=47.3993
2022-08-17 BST 23:23:23,350 - INFO -  epoch=   1      train_loss=  44.2705      val_loss=  19.5887      best=1      size=  51      nSHD_c=   2.6000      nSHD=   2.5667      tpr_c=   0.1765      change_adj_count=5      
2022-08-17 BST 23:23:41,845 - INFO -  epoch= 100      train_loss=  28.5960      val_loss= 349.2327      best=1      size=  58      nSHD_c=   2.5333      nSHD=   2.5333      tpr_c=   0.2586      change_adj_count=26      
2022-08-17 BST 23:24:00,226 - INFO -  epoch= 200      train_loss=  25.4302      val_loss= 246.3931      best=1      size=  58      nSHD_c=   2.5333      nSHD=   2.5333      tpr_c=   0.2586      change_adj_count=26      
2022-08-17 BST 23:24:18,526 - INFO -  epoch= 300      train_loss=  22.8627      val_loss= 174.4391      best=1      size=  57      nSHD_c=   2.5000      nSHD=   2.5000      tpr_c=   0.2632      change_adj_count=28      
2022-08-17 BST 23:24:37,270 - INFO -  epoch= 400      train_loss=  20.3171      val_loss= 112.7928      best=1      size=  57      nSHD_c=   2.5000      nSHD=   2.5000      tpr_c=   0.2632      change_adj_count=28      
2022-08-17 BST 23:24:55,610 - INFO -  epoch= 500      train_loss=  17.7610      val_loss=  66.1329      best=1      size=  56      nSHD_c=   2.5000      nSHD=   2.4667      tpr_c=   0.2500      change_adj_count=32      
2022-08-17 BST 23:25:13,967 - INFO -  epoch= 600      train_loss=  16.2272      val_loss=  55.0359      best=1      size=  56      nSHD_c=   2.5000      nSHD=   2.4667      tpr_c=   0.2500      change_adj_count=32      
2022-08-17 BST 23:25:31,830 - INFO -  epoch= 700      train_loss=  14.6192      val_loss=  43.1794      best=1      size=  54      nSHD_c=   2.4000      nSHD=   2.4000      tpr_c=   0.2778      change_adj_count=35      
2022-08-17 BST 23:25:49,331 - INFO -  epoch= 800      train_loss=  13.3102      val_loss=  30.3787      best=1      size=  54      nSHD_c=   2.3667      nSHD=   2.3333      tpr_c=   0.2778      change_adj_count=39      
2022-08-17 BST 23:26:06,898 - INFO -  epoch= 900      train_loss=  12.7363      val_loss=  23.9023      best=1      size=  53      nSHD_c=   2.2667      nSHD=   2.2333      tpr_c=   0.3019      change_adj_count=41      
2022-08-17 BST 23:26:25,271 - INFO -  epoch=1000      train_loss=  11.9242      val_loss=  19.4826      best=1      size=  52      nSHD_c=   2.2000      nSHD=   2.2000      tpr_c=   0.3269      change_adj_count=43      
2022-08-17 BST 23:26:25,272 - INFO - Before params
2022-08-17 BST 23:26:25,272 - INFO - After params={'MAX_SIZE': [66], 'LAMBDA': [10], 'NOISE_TEMPERATURE': [10], 'h_NULL': [0.01], 'h_LR': [0.001], 'z_RHO': [0], 'z_MU': [0]}
2022-08-17 BST 23:26:25,272 - INFO - After metrics={'train_loss': [11.924201134712465], 'val_loss': [19.482572714487713], 'size': [52], 'nshd_c': [2.2], 'nshd': [2.2], 'tpr': [0.3541666666666667], 'tpr_c': [0.3269230769230769], 'change_adj_count': [43]}
2022-08-17 BST 23:26:25,308 - INFO - After to_save=   MAX_SIZE  LAMBDA  NOISE_TEMPERATURE  ...       tpr     tpr_c  change_adj_count
0        66      10                 10  ...  0.354167  0.326923                43

[1 rows x 16 columns]
2022-08-17 BST 23:26:25,309 - INFO - After file_path='../results/l_66_4hps.csv'
2022-08-17 BST 23:26:25,312 - INFO - Last epoch results saved in l_66_4hps.csv
2022-08-17 BST 23:26:25,313 - INFO - 

DAG 5: size_true=57	X.var()=54.7286
2022-08-17 BST 23:26:25,604 - INFO -  epoch=   1      train_loss=  53.8932      val_loss=  27.3241      best=1      size=  51      nSHD_c=   2.7667      nSHD=   2.7333      tpr_c=   0.1961      change_adj_count=5      
2022-08-17 BST 23:26:44,421 - INFO -  epoch= 100      train_loss=  34.1064      val_loss= 324.7202      best=1      size=  54      nSHD_c=   2.8000      nSHD=   2.7333      tpr_c=   0.2222      change_adj_count=35      
2022-08-17 BST 23:27:02,993 - INFO -  epoch= 200      train_loss=  30.8516      val_loss= 224.2768      best=1      size=  54      nSHD_c=   2.8000      nSHD=   2.7333      tpr_c=   0.2222      change_adj_count=35      
2022-08-17 BST 23:27:21,828 - INFO -  epoch= 300      train_loss=  27.4066      val_loss= 152.3646      best=1      size=  52      nSHD_c=   2.7333      nSHD=   2.6667      tpr_c=   0.2308      change_adj_count=38      
2022-08-17 BST 23:27:40,474 - INFO -  epoch= 400      train_loss=  22.8735      val_loss= 100.2563      best=1      size=  52      nSHD_c=   2.7333      nSHD=   2.6667      tpr_c=   0.2308      change_adj_count=38      
2022-08-17 BST 23:27:59,177 - INFO -  epoch= 500      train_loss=  21.0727      val_loss=  78.4415      best=1      size=  53      nSHD_c=   2.7333      nSHD=   2.7000      tpr_c=   0.2453      change_adj_count=39      
2022-08-17 BST 23:28:17,607 - INFO -  epoch= 600      train_loss=  17.8372      val_loss=  49.1092      best=1      size=  55      nSHD_c=   2.7333      nSHD=   2.6333      tpr_c=   0.2364      change_adj_count=44      
2022-08-17 BST 23:28:36,101 - INFO -  epoch= 700      train_loss=  16.2303      val_loss=  38.4705      best=1      size=  54      nSHD_c=   2.7000      nSHD=   2.6000      tpr_c=   0.2407      change_adj_count=46      
2022-08-17 BST 23:28:54,690 - INFO -  epoch= 800      train_loss=  14.5697      val_loss=  25.2549      best=1      size=  54      nSHD_c=   2.7000      nSHD=   2.6000      tpr_c=   0.2407      change_adj_count=49      
2022-08-17 BST 23:29:07,506 - INFO -  epoch= 868      train_loss=  13.2942      val_loss=  22.9510      best=1      size=  54      nSHD_c=   2.7000      nSHD=   2.6000      tpr_c=   0.2407      change_adj_count=49      
2022-08-17 BST 23:29:09,602 - INFO -  epoch= 879      train_loss=  13.0647      val_loss=  20.6505      best=1      size=  54      nSHD_c=   2.7000      nSHD=   2.6000      tpr_c=   0.2407      change_adj_count=49      
2022-08-17 BST 23:29:13,646 - INFO -  epoch= 900      train_loss=  13.1568      val_loss=  22.3337      best=1      size=  54      nSHD_c=   2.7000      nSHD=   2.6000      tpr_c=   0.2407      change_adj_count=50      
2022-08-17 BST 23:29:18,074 - INFO -  epoch= 923      train_loss=  13.2060      val_loss=  20.4685      best=1      size=  54      nSHD_c=   2.7000      nSHD=   2.6000      tpr_c=   0.2407      change_adj_count=54      
2022-08-17 BST 23:29:18,316 - INFO -  epoch= 924      train_loss=  12.8211      val_loss=  18.3013      best=1      size=  54      nSHD_c=   2.7000      nSHD=   2.6000      tpr_c=   0.2407      change_adj_count=54      
2022-08-17 BST 23:29:22,093 - INFO -  epoch= 943      train_loss=  12.6530      val_loss=  18.3718      best=1      size=  53      nSHD_c=   2.6667      nSHD=   2.5667      tpr_c=   0.2453      change_adj_count=55      
2022-08-17 BST 23:29:23,321 - INFO -  epoch= 949      train_loss=  12.5514      val_loss=  17.9057      best=1      size=  53      nSHD_c=   2.6667      nSHD=   2.5667      tpr_c=   0.2453      change_adj_count=55      
2022-08-17 BST 23:29:24,760 - INFO -  epoch= 956      train_loss=  12.2808      val_loss=  17.2660      best=1      size=  55      nSHD_c=   2.7667      nSHD=   2.5667      tpr_c=   0.2000      change_adj_count=59      
2022-08-17 BST 23:29:25,406 - INFO -  epoch= 959      train_loss=  12.5371      val_loss=  16.9805      best=1      size=  54      nSHD_c=   2.7000      nSHD=   2.5333      tpr_c=   0.2222      change_adj_count=60      
2022-08-17 BST 23:29:25,869 - INFO -  epoch= 961      train_loss=  12.5895      val_loss=  17.1516      best=1      size=  54      nSHD_c=   2.7000      nSHD=   2.5333      tpr_c=   0.2222      change_adj_count=60      
2022-08-17 BST 23:29:28,774 - INFO -  epoch= 976      train_loss=  12.0799      val_loss=  16.7311      best=1      size=  54      nSHD_c=   2.7000      nSHD=   2.5333      tpr_c=   0.2222      change_adj_count=62      
2022-08-17 BST 23:29:30,768 - INFO -  epoch= 986      train_loss=  11.6306      val_loss=  16.3068      best=1      size=  54      nSHD_c=   2.7000      nSHD=   2.5333      tpr_c=   0.2222      change_adj_count=62      
2022-08-17 BST 23:29:33,291 - INFO -  epoch= 999      train_loss=  11.7939      val_loss=  16.3063      best=1      size=  54      nSHD_c=   2.7000      nSHD=   2.5333      tpr_c=   0.2222      change_adj_count=62      
2022-08-17 BST 23:29:33,532 - INFO -  epoch=1000      train_loss=  12.2534      val_loss=  17.8057      best=1      size=  54      nSHD_c=   2.7000      nSHD=   2.5333      tpr_c=   0.2222      change_adj_count=62      
2022-08-17 BST 23:29:33,532 - INFO - Before params
2022-08-17 BST 23:29:33,532 - INFO - After params={'MAX_SIZE': [66], 'LAMBDA': [10], 'NOISE_TEMPERATURE': [10], 'h_NULL': [0.01], 'h_LR': [0.001], 'z_RHO': [0], 'z_MU': [0]}
2022-08-17 BST 23:29:33,532 - INFO - After metrics={'train_loss': [12.25336702408329], 'val_loss': [17.8056739171346], 'size': [54], 'nshd_c': [2.7], 'nshd': [2.533333333333333], 'tpr': [0.2982456140350877], 'tpr_c': [0.2222222222222222], 'change_adj_count': [62]}
2022-08-17 BST 23:29:33,550 - INFO - After to_save=   MAX_SIZE  LAMBDA  NOISE_TEMPERATURE  ...       tpr     tpr_c  change_adj_count
0        66      10                 10  ...  0.298246  0.222222                62

[1 rows x 16 columns]
2022-08-17 BST 23:29:33,550 - INFO - After file_path='../results/l_66_4hps.csv'
2022-08-17 BST 23:29:33,552 - INFO - Last epoch results saved in l_66_4hps.csv
2022-08-17 BST 23:29:33,552 - INFO - 

DAG 6: size_true=64	X.var()=29.7229
2022-08-17 BST 23:29:33,820 - INFO -  epoch=   1      train_loss=  27.2778      val_loss=  18.7157      best=1      size=  50      nSHD_c=   3.4000      nSHD=   3.4000      tpr_c=   0.0800      change_adj_count=5      
2022-08-17 BST 23:29:52,369 - INFO -  epoch= 100      train_loss=  19.0882      val_loss= 122.5025      best=1      size=  55      nSHD_c=   3.0333      nSHD=   2.9667      tpr_c=   0.2182      change_adj_count=31      
2022-08-17 BST 23:30:10,782 - INFO -  epoch= 200      train_loss=  17.8506      val_loss=  91.5840      best=1      size=  55      nSHD_c=   2.9667      nSHD=   2.9000      tpr_c=   0.2364      change_adj_count=48      
2022-08-17 BST 23:30:29,473 - INFO -  epoch= 300      train_loss=  16.6090      val_loss=  63.6609      best=1      size=  53      nSHD_c=   3.0333      nSHD=   2.9667      tpr_c=   0.2075      change_adj_count=60      
2022-08-17 BST 23:30:48,413 - INFO -  epoch= 400      train_loss=  15.5493      val_loss=  49.4393      best=1      size=  53      nSHD_c=   2.9667      nSHD=   2.9000      tpr_c=   0.2264      change_adj_count=63      
2022-08-17 BST 23:31:06,659 - INFO -  epoch= 500      train_loss=  14.3298      val_loss=  34.7522      best=1      size=  53      nSHD_c=   2.9333      nSHD=   2.8333      tpr_c=   0.2264      change_adj_count=68      
2022-08-17 BST 23:31:25,883 - INFO -  epoch= 600      train_loss=  13.5632      val_loss=  30.4912      best=1      size=  53      nSHD_c=   2.9333      nSHD=   2.8333      tpr_c=   0.2264      change_adj_count=68      
2022-08-17 BST 23:31:44,825 - INFO -  epoch= 700      train_loss=  12.1647      val_loss=  23.8934      best=1      size=  52      nSHD_c=   2.9000      nSHD=   2.8000      tpr_c=   0.2308      change_adj_count=69      
2022-08-17 BST 23:32:03,611 - INFO -  epoch= 800      train_loss=  11.7489      val_loss=  20.4253      best=1      size=  52      nSHD_c=   2.9000      nSHD=   2.8000      tpr_c=   0.2308      change_adj_count=69      
2022-08-17 BST 23:32:22,039 - INFO -  epoch= 900      train_loss=  10.8550      val_loss=  16.7569      best=1      size=  52      nSHD_c=   2.8333      nSHD=   2.7000      tpr_c=   0.2500      change_adj_count=70      
2022-08-17 BST 23:32:40,224 - INFO -  epoch=1000      train_loss=  10.2969      val_loss=  15.0559      best=1      size=  52      nSHD_c=   2.7333      nSHD=   2.6333      tpr_c=   0.2885      change_adj_count=71      
2022-08-17 BST 23:32:40,224 - INFO - Before params
2022-08-17 BST 23:32:40,224 - INFO - After params={'MAX_SIZE': [66], 'LAMBDA': [10], 'NOISE_TEMPERATURE': [10], 'h_NULL': [0.01], 'h_LR': [0.001], 'z_RHO': [0], 'z_MU': [0]}
2022-08-17 BST 23:32:40,224 - INFO - After metrics={'train_loss': [10.296855618876796], 'val_loss': [15.055875460306803], 'size': [52], 'nshd_c': [2.7333333333333334], 'nshd': [2.6333333333333333], 'tpr': [0.28125], 'tpr_c': [0.28846153846153844], 'change_adj_count': [71]}
2022-08-17 BST 23:32:40,242 - INFO - After to_save=   MAX_SIZE  LAMBDA  NOISE_TEMPERATURE  ...      tpr     tpr_c  change_adj_count
0        66      10                 10  ...  0.28125  0.288462                71

[1 rows x 16 columns]
2022-08-17 BST 23:32:40,242 - INFO - After file_path='../results/l_66_4hps.csv'
2022-08-17 BST 23:32:40,245 - INFO - Last epoch results saved in l_66_4hps.csv
2022-08-17 BST 23:32:40,246 - INFO - 

DAG 7: size_true=62	X.var()=55.6800
2022-08-17 BST 23:32:40,486 - INFO -  epoch=   1      train_loss=  49.4006      val_loss=  29.7994      best=1      size=  41      nSHD_c=   3.0000      nSHD=   3.0000      tpr_c=   0.1220      change_adj_count=5      
2022-08-17 BST 23:32:59,045 - INFO -  epoch= 100      train_loss=  26.3174      val_loss= 605.0454      best=1      size=  52      nSHD_c=   3.2000      nSHD=   3.2000      tpr_c=   0.1538      change_adj_count=29      
2022-08-17 BST 23:33:17,801 - INFO -  epoch= 200      train_loss=  23.7501      val_loss= 432.7249      best=1      size=  51      nSHD_c=   3.1667      nSHD=   3.1667      tpr_c=   0.1569      change_adj_count=30      
2022-08-17 BST 23:33:36,187 - INFO -  epoch= 300      train_loss=  21.6343      val_loss= 230.0928      best=1      size=  51      nSHD_c=   3.1333      nSHD=   3.1000      tpr_c=   0.1569      change_adj_count=43      
2022-08-17 BST 23:33:54,507 - INFO -  epoch= 400      train_loss=  19.1987      val_loss= 183.8494      best=1      size=  51      nSHD_c=   3.1333      nSHD=   3.1000      tpr_c=   0.1569      change_adj_count=44      
2022-08-17 BST 23:34:12,564 - INFO -  epoch= 500      train_loss=  16.8138      val_loss= 119.3106      best=1      size=  50      nSHD_c=   3.1667      nSHD=   3.1333      tpr_c=   0.1400      change_adj_count=46      
2022-08-17 BST 23:34:30,926 - INFO -  epoch= 600      train_loss=  15.0710      val_loss=  86.7513      best=1      size=  50      nSHD_c=   3.1333      nSHD=   3.1333      tpr_c=   0.1600      change_adj_count=49      
2022-08-17 BST 23:34:49,117 - INFO -  epoch= 700      train_loss=  13.9981      val_loss=  67.1498      best=1      size=  50      nSHD_c=   3.1333      nSHD=   3.1333      tpr_c=   0.1600      change_adj_count=50      
2022-08-17 BST 23:35:06,679 - INFO -  epoch= 800      train_loss=  13.4840      val_loss=  48.6278      best=1      size=  50      nSHD_c=   3.1333      nSHD=   3.1333      tpr_c=   0.1600      change_adj_count=51      
2022-08-17 BST 23:35:24,606 - INFO -  epoch= 900      train_loss=  12.8282      val_loss=  34.3688      best=1      size=  49      nSHD_c=   3.0333      nSHD=   3.0333      tpr_c=   0.1837      change_adj_count=53      
2022-08-17 BST 23:35:42,775 - INFO -  epoch=1000      train_loss=  11.8453      val_loss=  31.6292      best=1      size=  48      nSHD_c=   3.0000      nSHD=   3.0000      tpr_c=   0.1875      change_adj_count=54      
2022-08-17 BST 23:35:42,775 - INFO - Before params
2022-08-17 BST 23:35:42,775 - INFO - After params={'MAX_SIZE': [66], 'LAMBDA': [10], 'NOISE_TEMPERATURE': [10], 'h_NULL': [0.01], 'h_LR': [0.001], 'z_RHO': [0], 'z_MU': [0]}
2022-08-17 BST 23:35:42,775 - INFO - After metrics={'train_loss': [11.845286953833796], 'val_loss': [31.629161198933918], 'size': [48], 'nshd_c': [3.0], 'nshd': [3.0], 'tpr': [0.14516129032258066], 'tpr_c': [0.1875], 'change_adj_count': [54]}
2022-08-17 BST 23:35:42,793 - INFO - After to_save=   MAX_SIZE  LAMBDA  NOISE_TEMPERATURE  ...       tpr   tpr_c  change_adj_count
0        66      10                 10  ...  0.145161  0.1875                54

[1 rows x 16 columns]
2022-08-17 BST 23:35:42,794 - INFO - After file_path='../results/l_66_4hps.csv'
2022-08-17 BST 23:35:42,796 - INFO - Last epoch results saved in l_66_4hps.csv
2022-08-17 BST 23:35:42,796 - INFO - 

DAG 8: size_true=63	X.var()=39.3378
2022-08-17 BST 23:35:43,011 - INFO -  epoch=   1      train_loss=  36.9998      val_loss=  20.1999      best=1      size=  50      nSHD_c=   3.2333      nSHD=   3.2333      tpr_c=   0.1000      change_adj_count=5      
2022-08-17 BST 23:36:00,389 - INFO -  epoch= 100      train_loss=  24.9628      val_loss= 193.8319      best=1      size=  58      nSHD_c=   3.1000      nSHD=   3.1000      tpr_c=   0.2414      change_adj_count=20      
2022-08-17 BST 23:36:17,977 - INFO -  epoch= 200      train_loss=  22.0259      val_loss= 136.6309      best=1      size=  57      nSHD_c=   3.0667      nSHD=   3.0667      tpr_c=   0.2456      change_adj_count=21      
2022-08-17 BST 23:36:35,709 - INFO -  epoch= 300      train_loss=  19.7077      val_loss=  97.8724      best=1      size=  58      nSHD_c=   3.0667      nSHD=   3.0333      tpr_c=   0.2414      change_adj_count=27      
2022-08-17 BST 23:36:54,414 - INFO -  epoch= 400      train_loss=  17.8711      val_loss=  68.4058      best=1      size=  57      nSHD_c=   3.0667      nSHD=   3.0000      tpr_c=   0.2281      change_adj_count=32      
2022-08-17 BST 23:37:13,095 - INFO -  epoch= 500      train_loss=  15.6482      val_loss=  51.5260      best=1      size=  57      nSHD_c=   3.0000      nSHD=   2.9333      tpr_c=   0.2456      change_adj_count=34      
2022-08-17 BST 23:37:32,259 - INFO -  epoch= 600      train_loss=  14.5044      val_loss=  37.7180      best=1      size=  56      nSHD_c=   2.9667      nSHD=   2.9000      tpr_c=   0.2500      change_adj_count=35      
2022-08-17 BST 23:37:50,541 - INFO -  epoch= 700      train_loss=  13.3497      val_loss=  28.6091      best=1      size=  56      nSHD_c=   3.0000      nSHD=   2.9000      tpr_c=   0.2321      change_adj_count=38      
2022-08-17 BST 23:38:09,281 - INFO -  epoch= 800      train_loss=  12.4157      val_loss=  21.7669      best=1      size=  56      nSHD_c=   3.0000      nSHD=   2.8333      tpr_c=   0.2143      change_adj_count=39      
2022-08-17 BST 23:38:27,922 - INFO -  epoch= 900      train_loss=  11.7569      val_loss=  18.1791      best=1      size=  56      nSHD_c=   3.0000      nSHD=   2.8333      tpr_c=   0.2143      change_adj_count=39      
2022-08-17 BST 23:38:46,426 - INFO -  epoch=1000      train_loss=  11.0732      val_loss=  16.3293      best=1      size=  56      nSHD_c=   3.0000      nSHD=   2.8333      tpr_c=   0.2143      change_adj_count=40      
2022-08-17 BST 23:38:46,426 - INFO - Before params
2022-08-17 BST 23:38:46,426 - INFO - After params={'MAX_SIZE': [66], 'LAMBDA': [10], 'NOISE_TEMPERATURE': [10], 'h_NULL': [0.01], 'h_LR': [0.001], 'z_RHO': [0], 'z_MU': [0]}
2022-08-17 BST 23:38:46,427 - INFO - After metrics={'train_loss': [11.073236526981477], 'val_loss': [16.329296747843426], 'size': [56], 'nshd_c': [3.0], 'nshd': [2.8333333333333335], 'tpr': [0.2698412698412698], 'tpr_c': [0.21428571428571427], 'change_adj_count': [40]}
2022-08-17 BST 23:38:46,444 - INFO - After to_save=   MAX_SIZE  LAMBDA  NOISE_TEMPERATURE  ...       tpr     tpr_c  change_adj_count
0        66      10                 10  ...  0.269841  0.214286                40

[1 rows x 16 columns]
2022-08-17 BST 23:38:46,444 - INFO - After file_path='../results/l_66_4hps.csv'
2022-08-17 BST 23:38:46,446 - INFO - Last epoch results saved in l_66_4hps.csv
2022-08-17 BST 23:38:46,447 - INFO - 

DAG 9: size_true=61	X.var()=94.6254
2022-08-17 BST 23:38:46,702 - INFO -  epoch=   1      train_loss=  84.8055      val_loss=  51.7534      best=1      size=  40      nSHD_c=   3.0000      nSHD=   3.0000      tpr_c=   0.0750      change_adj_count=5      
2022-08-17 BST 23:39:05,057 - INFO -  epoch= 100      train_loss=  48.1663      val_loss= 858.9697      best=1      size=  56      nSHD_c=   3.2667      nSHD=   3.2667      tpr_c=   0.1607      change_adj_count=28      
2022-08-17 BST 23:39:23,716 - INFO -  epoch= 200      train_loss=  42.5730      val_loss= 553.3646      best=1      size=  56      nSHD_c=   3.2667      nSHD=   3.2667      tpr_c=   0.1607      change_adj_count=30      
2022-08-17 BST 23:39:41,984 - INFO -  epoch= 300      train_loss=  36.4231      val_loss= 353.3494      best=1      size=  56      nSHD_c=   3.2333      nSHD=   3.2000      tpr_c=   0.1607      change_adj_count=31      
2022-08-17 BST 23:40:00,884 - INFO -  epoch= 400      train_loss=  33.1122      val_loss= 224.5885      best=1      size=  55      nSHD_c=   3.2000      nSHD=   3.1667      tpr_c=   0.1636      change_adj_count=37      
2022-08-17 BST 23:40:19,742 - INFO -  epoch= 500      train_loss=  29.2592      val_loss= 172.1189      best=1      size=  54      nSHD_c=   3.1667      nSHD=   3.1333      tpr_c=   0.1667      change_adj_count=40      
2022-08-17 BST 23:40:37,932 - INFO -  epoch= 600      train_loss=  26.9320      val_loss= 110.9969      best=1      size=  53      nSHD_c=   3.1333      nSHD=   3.1000      tpr_c=   0.1698      change_adj_count=44      
2022-08-17 BST 23:40:55,960 - INFO -  epoch= 700      train_loss=  24.5344      val_loss=  79.3197      best=1      size=  52      nSHD_c=   3.0667      nSHD=   3.0000      tpr_c=   0.1731      change_adj_count=53      
2022-08-17 BST 23:41:14,375 - INFO -  epoch= 800      train_loss=  22.3010      val_loss=  73.7518      best=1      size=  52      nSHD_c=   3.0667      nSHD=   3.0000      tpr_c=   0.1731      change_adj_count=54      
2022-08-17 BST 23:41:33,587 - INFO -  epoch= 900      train_loss=  20.8439      val_loss=  44.7954      best=1      size=  52      nSHD_c=   2.9667      nSHD=   2.9333      tpr_c=   0.2115      change_adj_count=57      
2022-08-17 BST 23:41:52,077 - INFO -  epoch=1000      train_loss=  19.0343      val_loss=  43.6178      best=1      size=  52      nSHD_c=   2.9333      nSHD=   2.8667      tpr_c=   0.2115      change_adj_count=59      
2022-08-17 BST 23:41:52,077 - INFO - Before params
2022-08-17 BST 23:41:52,077 - INFO - After params={'MAX_SIZE': [66], 'LAMBDA': [10], 'NOISE_TEMPERATURE': [10], 'h_NULL': [0.01], 'h_LR': [0.001], 'z_RHO': [0], 'z_MU': [0]}
2022-08-17 BST 23:41:52,077 - INFO - After metrics={'train_loss': [19.034281607597105], 'val_loss': [43.61782264709473], 'size': [52], 'nshd_c': [2.933333333333333], 'nshd': [2.8666666666666667], 'tpr': [0.21311475409836064], 'tpr_c': [0.21153846153846154], 'change_adj_count': [59]}
2022-08-17 BST 23:41:52,095 - INFO - After to_save=   MAX_SIZE  LAMBDA  NOISE_TEMPERATURE  ...       tpr     tpr_c  change_adj_count
0        66      10                 10  ...  0.213115  0.211538                59

[1 rows x 16 columns]
2022-08-17 BST 23:41:52,095 - INFO - After file_path='../results/l_66_4hps.csv'
2022-08-17 BST 23:41:52,098 - INFO - Last epoch results saved in l_66_4hps.csv
2022-08-17 BST 23:41:52,098 - INFO - 

DAG 10: size_true=51	X.var()=18.9170
2022-08-17 BST 23:41:52,332 - INFO -  epoch=   1      train_loss=  17.7065      val_loss=  11.6686      best=1      size=  52      nSHD_c=   2.7667      nSHD=   2.7333      tpr_c=   0.1154      change_adj_count=5      
2022-08-17 BST 23:42:10,576 - INFO -  epoch= 100      train_loss=  13.4217      val_loss=  64.1966      best=1      size=  52      nSHD_c=   2.5333      nSHD=   2.4667      tpr_c=   0.2308      change_adj_count=24      
2022-08-17 BST 23:42:28,980 - INFO -  epoch= 200      train_loss=  12.6307      val_loss=  53.2498      best=1      size=  52      nSHD_c=   2.5333      nSHD=   2.4667      tpr_c=   0.2308      change_adj_count=35      
2022-08-17 BST 23:42:47,585 - INFO -  epoch= 300      train_loss=  11.8957      val_loss=  37.6604      best=1      size=  53      nSHD_c=   2.5667      nSHD=   2.5000      tpr_c=   0.2264      change_adj_count=39      
2022-08-17 BST 23:43:06,250 - INFO -  epoch= 400      train_loss=  10.8995      val_loss=  30.5629      best=1      size=  53      nSHD_c=   2.5667      nSHD=   2.5000      tpr_c=   0.2264      change_adj_count=39      
2022-08-17 BST 23:43:25,274 - INFO -  epoch= 500      train_loss=  10.3176      val_loss=  25.5582      best=1      size=  53      nSHD_c=   2.5667      nSHD=   2.5000      tpr_c=   0.2264      change_adj_count=39      
2022-08-17 BST 23:43:44,306 - INFO -  epoch= 600      train_loss=   9.6328      val_loss=  19.8573      best=1      size=  53      nSHD_c=   2.5000      nSHD=   2.4333      tpr_c=   0.2453      change_adj_count=43      
2022-08-17 BST 23:44:02,975 - INFO -  epoch= 700      train_loss=   8.9753      val_loss=  15.2935      best=1      size=  53      nSHD_c=   2.4667      nSHD=   2.3667      tpr_c=   0.2453      change_adj_count=45      
2022-08-17 BST 23:44:21,770 - INFO -  epoch= 800      train_loss=   8.1821      val_loss=  12.1875      best=1      size=  53      nSHD_c=   2.4667      nSHD=   2.3667      tpr_c=   0.2453      change_adj_count=45      
2022-08-17 BST 23:44:40,748 - INFO -  epoch= 900      train_loss=   7.6342      val_loss=  10.4394      best=1      size=  53      nSHD_c=   2.4667      nSHD=   2.3667      tpr_c=   0.2453      change_adj_count=46      
2022-08-17 BST 23:44:59,650 - INFO -  epoch=1000      train_loss=   7.3322      val_loss=   9.3917      best=1      size=  53      nSHD_c=   2.4000      nSHD=   2.3000      tpr_c=   0.2642      change_adj_count=47      
2022-08-17 BST 23:44:59,650 - INFO - Before params
2022-08-17 BST 23:44:59,651 - INFO - After params={'MAX_SIZE': [66], 'LAMBDA': [10], 'NOISE_TEMPERATURE': [10], 'h_NULL': [0.01], 'h_LR': [0.001], 'z_RHO': [0], 'z_MU': [0]}
2022-08-17 BST 23:44:59,651 - INFO - After metrics={'train_loss': [7.332187837170016], 'val_loss': [9.391735792160034], 'size': [53], 'nshd_c': [2.4], 'nshd': [2.3], 'tpr': [0.3333333333333333], 'tpr_c': [0.2641509433962264], 'change_adj_count': [47]}
2022-08-17 BST 23:44:59,669 - INFO - After to_save=   MAX_SIZE  LAMBDA  NOISE_TEMPERATURE  ...       tpr     tpr_c  change_adj_count
0        66      10                 10  ...  0.333333  0.264151                47

[1 rows x 16 columns]
2022-08-17 BST 23:44:59,669 - INFO - After file_path='../results/l_66_4hps.csv'
2022-08-17 BST 23:44:59,673 - INFO - Last epoch results saved in l_66_4hps.csv
2022-08-17 BST 23:44:59,673 - INFO - 

DAG 11: size_true=68	X.var()=127.5135
2022-08-17 BST 23:44:59,919 - INFO -  epoch=   1      train_loss= 118.7853      val_loss=  47.8306      best=1      size=  44      nSHD_c=   3.1333      nSHD=   3.1333      tpr_c=   0.1818      change_adj_count=5      
2022-08-17 BST 23:45:18,382 - INFO -  epoch= 100      train_loss=  63.6958      val_loss=1239.0942      best=1      size=  61      nSHD_c=   3.5000      nSHD=   3.5000      tpr_c=   0.1967      change_adj_count=23      
2022-08-17 BST 23:45:37,293 - INFO -  epoch= 200      train_loss=  55.3165      val_loss= 784.3100      best=1      size=  61      nSHD_c=   3.4000      nSHD=   3.3667      tpr_c=   0.2131      change_adj_count=27      
2022-08-17 BST 23:45:56,267 - INFO -  epoch= 300      train_loss=  45.2772      val_loss= 504.8723      best=1      size=  61      nSHD_c=   3.4000      nSHD=   3.3667      tpr_c=   0.2131      change_adj_count=31      
2022-08-17 BST 23:46:15,410 - INFO -  epoch= 400      train_loss=  38.0554      val_loss= 316.1739      best=1      size=  59      nSHD_c=   3.3333      nSHD=   3.3000      tpr_c=   0.2203      change_adj_count=41      
2022-08-17 BST 23:46:35,002 - INFO -  epoch= 500      train_loss=  33.7383      val_loss= 206.2593      best=1      size=  58      nSHD_c=   3.3667      nSHD=   3.3333      tpr_c=   0.2069      change_adj_count=42      
2022-08-17 BST 23:46:53,583 - INFO -  epoch= 600      train_loss=  29.1271      val_loss= 129.5204      best=1      size=  58      nSHD_c=   3.3667      nSHD=   3.3333      tpr_c=   0.2069      change_adj_count=45      
2022-08-17 BST 23:47:12,166 - INFO -  epoch= 700      train_loss=  25.9669      val_loss=  88.5786      best=1      size=  57      nSHD_c=   3.2667      nSHD=   3.2333      tpr_c=   0.2281      change_adj_count=49      
2022-08-17 BST 23:47:31,049 - INFO -  epoch= 800      train_loss=  23.3306      val_loss=  73.0110      best=1      size=  55      nSHD_c=   3.2667      nSHD=   3.2333      tpr_c=   0.2182      change_adj_count=53      
2022-08-17 BST 23:47:49,345 - INFO -  epoch= 900      train_loss=  21.8420      val_loss=  57.0132      best=1      size=  55      nSHD_c=   3.2667      nSHD=   3.2333      tpr_c=   0.2182      change_adj_count=54      
2022-08-17 BST 23:48:08,101 - INFO -  epoch=1000      train_loss=  20.9762      val_loss=  43.8199      best=1      size=  55      nSHD_c=   3.2333      nSHD=   3.1667      tpr_c=   0.2182      change_adj_count=56      
2022-08-17 BST 23:48:08,101 - INFO - Before params
2022-08-17 BST 23:48:08,101 - INFO - After params={'MAX_SIZE': [66], 'LAMBDA': [10], 'NOISE_TEMPERATURE': [10], 'h_NULL': [0.01], 'h_LR': [0.001], 'z_RHO': [0], 'z_MU': [0]}
2022-08-17 BST 23:48:08,101 - INFO - After metrics={'train_loss': [20.97616195678711], 'val_loss': [43.81994946797689], 'size': [55], 'nshd_c': [3.2333333333333334], 'nshd': [3.1666666666666665], 'tpr': [0.20588235294117646], 'tpr_c': [0.21818181818181817], 'change_adj_count': [56]}
2022-08-17 BST 23:48:08,120 - INFO - After to_save=   MAX_SIZE  LAMBDA  NOISE_TEMPERATURE  ...       tpr     tpr_c  change_adj_count
0        66      10                 10  ...  0.205882  0.218182                56

[1 rows x 16 columns]
2022-08-17 BST 23:48:08,121 - INFO - After file_path='../results/l_66_4hps.csv'
2022-08-17 BST 23:48:08,123 - INFO - Last epoch results saved in l_66_4hps.csv
2022-08-17 BST 23:48:08,124 - INFO - 

DAG 12: size_true=53	X.var()=15.8398
2022-08-17 BST 23:48:08,337 - INFO -  epoch=   1      train_loss=  15.2446      val_loss=  10.2826      best=1      size=  54      nSHD_c=   2.8333      nSHD=   2.7667      tpr_c=   0.0926      change_adj_count=5      
2022-08-17 BST 23:48:26,696 - INFO -  epoch= 100      train_loss=  11.1106      val_loss=  55.3135      best=1      size=  49      nSHD_c=   2.3667      nSHD=   2.3333      tpr_c=   0.2857      change_adj_count=29      
2022-08-17 BST 23:48:45,644 - INFO -  epoch= 200      train_loss=  10.4733      val_loss=  47.2984      best=1      size=  48      nSHD_c=   2.4000      nSHD=   2.3667      tpr_c=   0.2708      change_adj_count=32      
2022-08-17 BST 23:49:05,197 - INFO -  epoch= 300      train_loss=   9.3552      val_loss=  36.1467      best=1      size=  49      nSHD_c=   2.3667      nSHD=   2.3333      tpr_c=   0.2857      change_adj_count=47      
2022-08-17 BST 23:49:23,767 - INFO -  epoch= 400      train_loss=   8.9251      val_loss=  27.8937      best=1      size=  51      nSHD_c=   2.3333      nSHD=   2.2667      tpr_c=   0.2941      change_adj_count=53      
2022-08-17 BST 23:49:43,127 - INFO -  epoch= 500      train_loss=   8.3424      val_loss=  18.5934      best=1      size=  49      nSHD_c=   2.3333      nSHD=   2.2667      tpr_c=   0.2857      change_adj_count=59      
2022-08-17 BST 23:50:02,357 - INFO -  epoch= 600      train_loss=   7.6937      val_loss=  15.4754      best=1      size=  49      nSHD_c=   2.3333      nSHD=   2.2667      tpr_c=   0.2857      change_adj_count=59      
2022-08-17 BST 23:50:20,844 - INFO -  epoch= 700      train_loss=   7.1104      val_loss=  11.1228      best=1      size=  52      nSHD_c=   2.2333      nSHD=   2.2333      tpr_c=   0.3462      change_adj_count=62      
2022-08-17 BST 23:50:39,001 - INFO -  epoch= 800      train_loss=   6.5419      val_loss=   8.9604      best=1      size=  52      nSHD_c=   2.1667      nSHD=   2.1667      tpr_c=   0.3654      change_adj_count=66      
2022-08-17 BST 23:50:56,504 - INFO -  epoch= 900      train_loss=   6.1667      val_loss=   7.9777      best=1      size=  52      nSHD_c=   2.1667      nSHD=   2.1667      tpr_c=   0.3654      change_adj_count=66      
2022-08-17 BST 23:51:14,702 - INFO -  epoch=1000      train_loss=   5.8062      val_loss=   5.8998      best=1      size=  52      nSHD_c=   2.1667      nSHD=   2.1667      tpr_c=   0.3654      change_adj_count=66      
2022-08-17 BST 23:51:14,703 - INFO - Before params
2022-08-17 BST 23:51:14,703 - INFO - After params={'MAX_SIZE': [66], 'LAMBDA': [10], 'NOISE_TEMPERATURE': [10], 'h_NULL': [0.01], 'h_LR': [0.001], 'z_RHO': [0], 'z_MU': [0]}
2022-08-17 BST 23:51:14,703 - INFO - After metrics={'train_loss': [5.806178523648169], 'val_loss': [5.899780988693237], 'size': [52], 'nshd_c': [2.1666666666666665], 'nshd': [2.1666666666666665], 'tpr': [0.3584905660377358], 'tpr_c': [0.36538461538461536], 'change_adj_count': [66]}
2022-08-17 BST 23:51:14,721 - INFO - After to_save=   MAX_SIZE  LAMBDA  NOISE_TEMPERATURE  ...       tpr     tpr_c  change_adj_count
0        66      10                 10  ...  0.358491  0.365385                66

[1 rows x 16 columns]
2022-08-17 BST 23:51:14,721 - INFO - After file_path='../results/l_66_4hps.csv'
2022-08-17 BST 23:51:14,726 - INFO - Last epoch results saved in l_66_4hps.csv
2022-08-17 BST 23:51:14,727 - INFO - 

DAG 13: size_true=53	X.var()=112.2632
2022-08-17 BST 23:51:14,979 - INFO -  epoch=   1      train_loss= 105.9689      val_loss=  54.3548      best=1      size=  40      nSHD_c=   2.7000      nSHD=   2.6333      tpr_c=   0.1000      change_adj_count=5      
2022-08-17 BST 23:51:33,221 - INFO -  epoch= 100      train_loss=  53.8338      val_loss=1132.1499      best=1      size=  51      nSHD_c=   2.7667      nSHD=   2.7667      tpr_c=   0.1961      change_adj_count=44      
2022-08-17 BST 23:51:51,615 - INFO -  epoch= 200      train_loss=  45.1892      val_loss= 707.0067      best=1      size=  51      nSHD_c=   2.7667      nSHD=   2.7667      tpr_c=   0.1961      change_adj_count=61      
2022-08-17 BST 23:52:10,213 - INFO -  epoch= 300      train_loss=  37.6525      val_loss= 499.1621      best=1      size=  51      nSHD_c=   2.7667      nSHD=   2.7667      tpr_c=   0.1961      change_adj_count=61      
2022-08-17 BST 23:52:28,905 - INFO -  epoch= 400      train_loss=  32.3983      val_loss= 297.9554      best=1      size=  50      nSHD_c=   2.7333      nSHD=   2.7333      tpr_c=   0.2000      change_adj_count=64      
2022-08-17 BST 23:52:47,322 - INFO -  epoch= 500      train_loss=  27.5845      val_loss= 199.0763      best=1      size=  50      nSHD_c=   2.7667      nSHD=   2.7333      tpr_c=   0.1800      change_adj_count=68      
2022-08-17 BST 23:53:05,844 - INFO -  epoch= 600      train_loss=  24.1699      val_loss= 135.4446      best=1      size=  49      nSHD_c=   2.7333      nSHD=   2.7000      tpr_c=   0.1837      change_adj_count=72      
2022-08-17 BST 23:53:24,273 - INFO -  epoch= 700      train_loss=  21.0749      val_loss=  89.6450      best=1      size=  49      nSHD_c=   2.7333      nSHD=   2.7000      tpr_c=   0.1837      change_adj_count=73      
2022-08-17 BST 23:53:42,849 - INFO -  epoch= 800      train_loss=  18.9326      val_loss=  68.7523      best=1      size=  48      nSHD_c=   2.6667      nSHD=   2.6667      tpr_c=   0.2083      change_adj_count=74      
2022-08-17 BST 23:54:01,027 - INFO -  epoch= 900      train_loss=  17.0818      val_loss=  53.4262      best=1      size=  47      nSHD_c=   2.6667      nSHD=   2.6333      tpr_c=   0.1915      change_adj_count=75      
2022-08-17 BST 23:54:19,666 - INFO -  epoch=1000      train_loss=  16.1096      val_loss=  45.4571      best=1      size=  47      nSHD_c=   2.6667      nSHD=   2.6333      tpr_c=   0.1915      change_adj_count=77      
2022-08-17 BST 23:54:19,666 - INFO - Before params
2022-08-17 BST 23:54:19,666 - INFO - After params={'MAX_SIZE': [66], 'LAMBDA': [10], 'NOISE_TEMPERATURE': [10], 'h_NULL': [0.01], 'h_LR': [0.001], 'z_RHO': [0], 'z_MU': [0]}
2022-08-17 BST 23:54:19,666 - INFO - After metrics={'train_loss': [16.109597790625788], 'val_loss': [45.45705954233805], 'size': [47], 'nshd_c': [2.6666666666666665], 'nshd': [2.6333333333333333], 'tpr': [0.18867924528301888], 'tpr_c': [0.19148936170212766], 'change_adj_count': [77]}
2022-08-17 BST 23:54:19,685 - INFO - After to_save=   MAX_SIZE  LAMBDA  NOISE_TEMPERATURE  ...       tpr     tpr_c  change_adj_count
0        66      10                 10  ...  0.188679  0.191489                77

[1 rows x 16 columns]
2022-08-17 BST 23:54:19,685 - INFO - After file_path='../results/l_66_4hps.csv'
2022-08-17 BST 23:54:19,691 - INFO - Last epoch results saved in l_66_4hps.csv
2022-08-17 BST 23:54:19,691 - INFO - 

DAG 14: size_true=59	X.var()=16.7418
2022-08-17 BST 23:54:19,913 - INFO -  epoch=   1      train_loss=  15.3987      val_loss=  12.6788      best=1      size=  54      nSHD_c=   3.0333      nSHD=   3.0333      tpr_c=   0.1296      change_adj_count=5      
2022-08-17 BST 23:54:20,134 - INFO -  epoch=   2      train_loss=  13.9223      val_loss=   8.4827      best=1      size=  46      nSHD_c=   2.7000      nSHD=   2.7000      tpr_c=   0.1957      change_adj_count=6      
2022-08-17 BST 23:54:36,905 - INFO -  epoch= 100      train_loss=  11.4434      val_loss=  57.8761      best=1      size=  60      nSHD_c=   2.7000      nSHD=   2.5667      tpr_c=   0.2833      change_adj_count=26      
2022-08-17 BST 23:54:54,120 - INFO -  epoch= 200      train_loss=  10.8648      val_loss=  47.2642      best=1      size=  60      nSHD_c=   2.7000      nSHD=   2.5667      tpr_c=   0.2833      change_adj_count=26      
2022-08-17 BST 23:55:11,339 - INFO -  epoch= 300      train_loss=  10.2982      val_loss=  38.1582      best=1      size=  60      nSHD_c=   2.7000      nSHD=   2.5667      tpr_c=   0.2833      change_adj_count=26      
2022-08-17 BST 23:55:29,163 - INFO -  epoch= 400      train_loss=   9.9317      val_loss=  31.3888      best=1      size=  60      nSHD_c=   2.6667      nSHD=   2.5667      tpr_c=   0.3000      change_adj_count=32      
2022-08-17 BST 23:55:46,827 - INFO -  epoch= 500      train_loss=   9.2295      val_loss=  25.0340      best=1      size=  60      nSHD_c=   2.6667      nSHD=   2.5333      tpr_c=   0.2833      change_adj_count=35      
2022-08-17 BST 23:56:04,526 - INFO -  epoch= 600      train_loss=   8.7377      val_loss=  20.1964      best=1      size=  59      nSHD_c=   2.7000      nSHD=   2.5667      tpr_c=   0.2712      change_adj_count=39      
2022-08-17 BST 23:56:23,541 - INFO -  epoch= 700      train_loss=   8.2777      val_loss=  16.5500      best=1      size=  58      nSHD_c=   2.6667      nSHD=   2.5333      tpr_c=   0.2759      change_adj_count=40      
2022-08-17 BST 23:56:41,762 - INFO -  epoch= 800      train_loss=   7.9018      val_loss=  13.2535      best=1      size=  57      nSHD_c=   2.6333      nSHD=   2.5000      tpr_c=   0.2807      change_adj_count=44      
2022-08-17 BST 23:57:00,316 - INFO -  epoch= 900      train_loss=   7.4183      val_loss=  11.1460      best=1      size=  56      nSHD_c=   2.5667      nSHD=   2.4000      tpr_c=   0.2857      change_adj_count=46      
2022-08-17 BST 23:57:19,161 - INFO -  epoch=1000      train_loss=   7.1861      val_loss=  10.4393      best=1      size=  56      nSHD_c=   2.4667      nSHD=   2.3333      tpr_c=   0.3214      change_adj_count=47      
2022-08-17 BST 23:57:19,162 - INFO - Before params
2022-08-17 BST 23:57:19,162 - INFO - After params={'MAX_SIZE': [66], 'LAMBDA': [10], 'NOISE_TEMPERATURE': [10], 'h_NULL': [0.01], 'h_LR': [0.001], 'z_RHO': [0], 'z_MU': [0]}
2022-08-17 BST 23:57:19,162 - INFO - After metrics={'train_loss': [7.186069257797733], 'val_loss': [10.439310709635416], 'size': [56], 'nshd_c': [2.466666666666667], 'nshd': [2.3333333333333335], 'tpr': [0.3728813559322034], 'tpr_c': [0.32142857142857145], 'change_adj_count': [47]}
2022-08-17 BST 23:57:19,180 - INFO - After to_save=   MAX_SIZE  LAMBDA  NOISE_TEMPERATURE  ...       tpr     tpr_c  change_adj_count
0        66      10                 10  ...  0.372881  0.321429                47

[1 rows x 16 columns]
2022-08-17 BST 23:57:19,180 - INFO - After file_path='../results/l_66_4hps.csv'
2022-08-17 BST 23:57:19,185 - INFO - Last epoch results saved in l_66_4hps.csv
2022-08-17 BST 23:57:19,186 - INFO - 

DAG 15: size_true=42	X.var()=8.6273
2022-08-17 BST 23:57:19,441 - INFO -  epoch=   1      train_loss=   8.1917      val_loss=   6.2791      best=1      size=  56      nSHD_c=   2.8667      nSHD=   2.8667      tpr_c=   0.0536      change_adj_count=5      
2022-08-17 BST 23:57:19,705 - INFO -  epoch=   2      train_loss=   7.5604      val_loss=   4.9840      best=1      size=  49      nSHD_c=   2.3667      nSHD=   2.3667      tpr_c=   0.1837      change_adj_count=6      
2022-08-17 BST 23:57:38,381 - INFO -  epoch= 100      train_loss=   6.6238      val_loss=  20.2657      best=1      size=  52      nSHD_c=   1.8333      nSHD=   1.7333      tpr_c=   0.3269      change_adj_count=48      
2022-08-17 BST 23:57:56,562 - INFO -  epoch= 200      train_loss=   6.3360      val_loss=  18.8185      best=1      size=  52      nSHD_c=   1.9333      nSHD=   1.8000      tpr_c=   0.2885      change_adj_count=53      
2022-08-17 BST 23:58:14,845 - INFO -  epoch= 300      train_loss=   6.1338      val_loss=  13.4283      best=1      size=  51      nSHD_c=   1.9000      nSHD=   1.7667      tpr_c=   0.2941      change_adj_count=59      
2022-08-17 BST 23:58:33,714 - INFO -  epoch= 400      train_loss=   5.8078      val_loss=  12.3823      best=1      size=  51      nSHD_c=   1.9000      nSHD=   1.7667      tpr_c=   0.2941      change_adj_count=59      
2022-08-17 BST 23:58:52,264 - INFO -  epoch= 500      train_loss=   5.5691      val_loss=  10.4212      best=1      size=  51      nSHD_c=   1.9000      nSHD=   1.7667      tpr_c=   0.2941      change_adj_count=59      
2022-08-17 BST 23:59:10,414 - INFO -  epoch= 600      train_loss=   5.3217      val_loss=   9.0864      best=1      size=  51      nSHD_c=   1.9000      nSHD=   1.7667      tpr_c=   0.2941      change_adj_count=59      
2022-08-17 BST 23:59:28,341 - INFO -  epoch= 700      train_loss=   4.9581      val_loss=   6.2522      best=1      size=  51      nSHD_c=   1.7333      nSHD=   1.6333      tpr_c=   0.3529      change_adj_count=71      
2022-08-17 BST 23:59:46,812 - INFO -  epoch= 800      train_loss=   4.7355      val_loss=   5.0441      best=1      size=  51      nSHD_c=   1.7333      nSHD=   1.6333      tpr_c=   0.3529      change_adj_count=71      
2022-08-18 BST 00:00:04,977 - INFO -  epoch= 900      train_loss=   4.4602      val_loss=   4.5381      best=1      size=  51      nSHD_c=   1.7333      nSHD=   1.6333      tpr_c=   0.3529      change_adj_count=77      
2022-08-18 BST 00:00:23,431 - INFO -  epoch=1000      train_loss=   4.2381      val_loss=   3.6811      best=1      size=  51      nSHD_c=   1.7000      nSHD=   1.5667      tpr_c=   0.3529      change_adj_count=83      
2022-08-18 BST 00:00:23,431 - INFO - Before params
2022-08-18 BST 00:00:23,431 - INFO - After params={'MAX_SIZE': [66], 'LAMBDA': [10], 'NOISE_TEMPERATURE': [10], 'h_NULL': [0.01], 'h_LR': [0.001], 'z_RHO': [0], 'z_MU': [0]}
2022-08-18 BST 00:00:23,431 - INFO - After metrics={'train_loss': [4.238130000329787], 'val_loss': [3.68108864625295], 'size': [51], 'nshd_c': [1.7], 'nshd': [1.5666666666666667], 'tpr': [0.5238095238095238], 'tpr_c': [0.35294117647058826], 'change_adj_count': [83]}
2022-08-18 BST 00:00:23,449 - INFO - After to_save=   MAX_SIZE  LAMBDA  NOISE_TEMPERATURE  ...      tpr     tpr_c  change_adj_count
0        66      10                 10  ...  0.52381  0.352941                83

[1 rows x 16 columns]
2022-08-18 BST 00:00:23,449 - INFO - After file_path='../results/l_66_4hps.csv'
2022-08-18 BST 00:00:23,455 - INFO - Last epoch results saved in l_66_4hps.csv
2022-08-18 BST 00:00:23,456 - INFO - 

DAG 16: size_true=50	X.var()=12.1502
2022-08-18 BST 00:00:23,751 - INFO -  epoch=   1      train_loss=  11.3518      val_loss=  10.4307      best=1      size=  53      nSHD_c=   3.0667      nSHD=   3.0667      tpr_c=   0.0377      change_adj_count=5      
2022-08-18 BST 00:00:23,999 - INFO -  epoch=   2      train_loss=  10.4609      val_loss=   6.3452      best=1      size=  49      nSHD_c=   2.4000      nSHD=   2.4000      tpr_c=   0.2041      change_adj_count=6      
2022-08-18 BST 00:00:41,991 - INFO -  epoch= 100      train_loss=   9.1720      val_loss=  28.0884      best=1      size=  54      nSHD_c=   2.2333      nSHD=   2.1333      tpr_c=   0.3148      change_adj_count=54      
2022-08-18 BST 00:01:00,821 - INFO -  epoch= 200      train_loss=   8.6254      val_loss=  24.5029      best=1      size=  53      nSHD_c=   2.3000      nSHD=   2.1667      tpr_c=   0.2830      change_adj_count=63      
2022-08-18 BST 00:01:19,392 - INFO -  epoch= 300      train_loss=   8.4734      val_loss=  21.8417      best=1      size=  54      nSHD_c=   2.2333      nSHD=   2.1333      tpr_c=   0.3148      change_adj_count=68      
2022-08-18 BST 00:01:37,901 - INFO -  epoch= 400      train_loss=   7.8288      val_loss=  17.7976      best=1      size=  54      nSHD_c=   2.2333      nSHD=   2.1333      tpr_c=   0.3148      change_adj_count=74      
2022-08-18 BST 00:01:56,246 - INFO -  epoch= 500      train_loss=   7.5380      val_loss=  15.2198      best=1      size=  53      nSHD_c=   2.2000      nSHD=   2.1000      tpr_c=   0.3208      change_adj_count=77      
2022-08-18 BST 00:02:14,822 - INFO -  epoch= 600      train_loss=   7.0473      val_loss=  12.5074      best=1      size=  53      nSHD_c=   2.1667      nSHD=   2.0333      tpr_c=   0.3208      change_adj_count=90      
2022-08-18 BST 00:02:33,584 - INFO -  epoch= 700      train_loss=   6.6713      val_loss=   9.9097      best=1      size=  53      nSHD_c=   2.1333      nSHD=   1.9667      tpr_c=   0.3208      change_adj_count=91      
2022-08-18 BST 00:02:52,737 - INFO -  epoch= 800      train_loss=   6.2982      val_loss=   8.6587      best=1      size=  53      nSHD_c=   2.1333      nSHD=   1.9667      tpr_c=   0.3208      change_adj_count=91      
2022-08-18 BST 00:03:11,771 - INFO -  epoch= 900      train_loss=   6.0712      val_loss=   7.2231      best=1      size=  54      nSHD_c=   1.9333      nSHD=   1.8000      tpr_c=   0.3889      change_adj_count=99      
2022-08-18 BST 00:03:31,492 - INFO -  epoch=1000      train_loss=   5.6702      val_loss=   6.0719      best=1      size=  53      nSHD_c=   1.8333      nSHD=   1.8000      tpr_c=   0.4340      change_adj_count=103      
2022-08-18 BST 00:03:31,492 - INFO - Before params
2022-08-18 BST 00:03:31,493 - INFO - After params={'MAX_SIZE': [66], 'LAMBDA': [10], 'NOISE_TEMPERATURE': [10], 'h_NULL': [0.01], 'h_LR': [0.001], 'z_RHO': [0], 'z_MU': [0]}
2022-08-18 BST 00:03:31,493 - INFO - After metrics={'train_loss': [5.670226127870621], 'val_loss': [6.071924765904744], 'size': [53], 'nshd_c': [1.8333333333333333], 'nshd': [1.8], 'tpr': [0.48], 'tpr_c': [0.4339622641509434], 'change_adj_count': [103]}
2022-08-18 BST 00:03:31,511 - INFO - After to_save=   MAX_SIZE  LAMBDA  NOISE_TEMPERATURE  ...   tpr     tpr_c  change_adj_count
0        66      10                 10  ...  0.48  0.433962               103

[1 rows x 16 columns]
2022-08-18 BST 00:03:31,511 - INFO - After file_path='../results/l_66_4hps.csv'
2022-08-18 BST 00:03:31,513 - INFO - Last epoch results saved in l_66_4hps.csv
2022-08-18 BST 00:03:31,514 - INFO - 

DAG 17: size_true=49	X.var()=16.5203
2022-08-18 BST 00:03:31,752 - INFO -  epoch=   1      train_loss=  15.2160      val_loss=  11.1437      best=1      size=  51      nSHD_c=   2.8333      nSHD=   2.8000      tpr_c=   0.0784      change_adj_count=5      
2022-08-18 BST 00:03:50,254 - INFO -  epoch= 100      train_loss=  11.3687      val_loss=  54.7771      best=1      size=  54      nSHD_c=   2.2333      nSHD=   2.2333      tpr_c=   0.3333      change_adj_count=30      
2022-08-18 BST 00:04:07,961 - INFO -  epoch= 200      train_loss=  10.6950      val_loss=  44.8544      best=1      size=  53      nSHD_c=   2.2667      nSHD=   2.2667      tpr_c=   0.3208      change_adj_count=64      
2022-08-18 BST 00:04:27,221 - INFO -  epoch= 300      train_loss=  10.0286      val_loss=  36.2369      best=1      size=  53      nSHD_c=   2.2667      nSHD=   2.2667      tpr_c=   0.3208      change_adj_count=72      
2022-08-18 BST 00:04:46,345 - INFO -  epoch= 400      train_loss=   9.5503      val_loss=  27.4026      best=1      size=  52      nSHD_c=   2.2333      nSHD=   2.2333      tpr_c=   0.3269      change_adj_count=82      
2022-08-18 BST 00:05:05,005 - INFO -  epoch= 500      train_loss=   9.0923      val_loss=  22.6056      best=1      size=  52      nSHD_c=   2.2333      nSHD=   2.2333      tpr_c=   0.3269      change_adj_count=82      
2022-08-18 BST 00:05:24,548 - INFO -  epoch= 600      train_loss=   8.5062      val_loss=  17.8276      best=1      size=  52      nSHD_c=   2.2333      nSHD=   2.2333      tpr_c=   0.3269      change_adj_count=82      
2022-08-18 BST 00:05:43,500 - INFO -  epoch= 700      train_loss=   7.9748      val_loss=  15.3692      best=1      size=  52      nSHD_c=   2.2333      nSHD=   2.2333      tpr_c=   0.3269      change_adj_count=87      
2022-08-18 BST 00:06:02,298 - INFO -  epoch= 800      train_loss=   7.4772      val_loss=  11.9843      best=1      size=  52      nSHD_c=   2.2333      nSHD=   2.2333      tpr_c=   0.3269      change_adj_count=87      
2022-08-18 BST 00:06:21,048 - INFO -  epoch= 900      train_loss=   7.0460      val_loss=  11.7211      best=1      size=  52      nSHD_c=   2.2333      nSHD=   2.2333      tpr_c=   0.3269      change_adj_count=87      
2022-08-18 BST 00:06:39,624 - INFO -  epoch=1000      train_loss=   6.5394      val_loss=   9.7336      best=1      size=  52      nSHD_c=   2.2000      nSHD=   2.1667      tpr_c=   0.3269      change_adj_count=88      
2022-08-18 BST 00:06:39,624 - INFO - Before params
2022-08-18 BST 00:06:39,624 - INFO - After params={'MAX_SIZE': [66], 'LAMBDA': [10], 'NOISE_TEMPERATURE': [10], 'h_NULL': [0.01], 'h_LR': [0.001], 'z_RHO': [0], 'z_MU': [0]}
2022-08-18 BST 00:06:39,624 - INFO - After metrics={'train_loss': [6.539351371026808], 'val_loss': [9.733580589294434], 'size': [52], 'nshd_c': [2.2], 'nshd': [2.1666666666666665], 'tpr': [0.3673469387755102], 'tpr_c': [0.3269230769230769], 'change_adj_count': [88]}
2022-08-18 BST 00:06:39,642 - INFO - After to_save=   MAX_SIZE  LAMBDA  NOISE_TEMPERATURE  ...       tpr     tpr_c  change_adj_count
0        66      10                 10  ...  0.367347  0.326923                88

[1 rows x 16 columns]
2022-08-18 BST 00:06:39,642 - INFO - After file_path='../results/l_66_4hps.csv'
2022-08-18 BST 00:06:39,646 - INFO - Last epoch results saved in l_66_4hps.csv
2022-08-18 BST 00:06:39,647 - INFO - 

DAG 18: size_true=56	X.var()=17.9506
2022-08-18 BST 00:06:39,899 - INFO -  epoch=   1      train_loss=  16.8012      val_loss=  11.4821      best=1      size=  54      nSHD_c=   3.3000      nSHD=   3.2333      tpr_c=   0.0370      change_adj_count=5      
2022-08-18 BST 00:06:40,152 - INFO -  epoch=   2      train_loss=  15.2120      val_loss=   8.6115      best=1      size=  48      nSHD_c=   2.8667      nSHD=   2.8000      tpr_c=   0.1458      change_adj_count=6      
2022-08-18 BST 00:06:58,474 - INFO -  epoch= 100      train_loss=  11.9587      val_loss=  72.2207      best=1      size=  62      nSHD_c=   2.8333      nSHD=   2.7667      tpr_c=   0.2419      change_adj_count=46      
2022-08-18 BST 00:07:17,017 - INFO -  epoch= 200      train_loss=  11.3855      val_loss=  60.6519      best=1      size=  61      nSHD_c=   2.8000      nSHD=   2.7333      tpr_c=   0.2459      change_adj_count=51      
2022-08-18 BST 00:07:35,161 - INFO -  epoch= 300      train_loss=  10.5830      val_loss=  41.3239      best=1      size=  61      nSHD_c=   2.7667      nSHD=   2.6667      tpr_c=   0.2459      change_adj_count=52      
2022-08-18 BST 00:07:52,907 - INFO -  epoch= 400      train_loss=   9.7762      val_loss=  28.7765      best=1      size=  61      nSHD_c=   2.7667      nSHD=   2.6667      tpr_c=   0.2459      change_adj_count=53      
2022-08-18 BST 00:08:10,296 - INFO -  epoch= 500      train_loss=   9.1089      val_loss=  24.4847      best=1      size=  61      nSHD_c=   2.6667      nSHD=   2.5333      tpr_c=   0.2623      change_adj_count=58      
2022-08-18 BST 00:08:28,983 - INFO -  epoch= 600      train_loss=   8.2653      val_loss=  19.3515      best=1      size=  59      nSHD_c=   2.6000      nSHD=   2.4667      tpr_c=   0.2712      change_adj_count=60      
2022-08-18 BST 00:08:47,542 - INFO -  epoch= 700      train_loss=   7.8207      val_loss=  13.0651      best=1      size=  58      nSHD_c=   2.4667      nSHD=   2.3667      tpr_c=   0.3103      change_adj_count=62      
2022-08-18 BST 00:09:06,715 - INFO -  epoch= 800      train_loss=   7.2534      val_loss=  11.8448      best=1      size=  58      nSHD_c=   2.3667      nSHD=   2.3000      tpr_c=   0.3448      change_adj_count=63      
2022-08-18 BST 00:09:24,972 - INFO -  epoch= 900      train_loss=   6.8720      val_loss=   8.6997      best=1      size=  57      nSHD_c=   2.3333      nSHD=   2.2667      tpr_c=   0.3509      change_adj_count=65      
2022-08-18 BST 00:09:43,425 - INFO -  epoch=1000      train_loss=   6.5969      val_loss=   7.9298      best=1      size=  57      nSHD_c=   2.3333      nSHD=   2.2667      tpr_c=   0.3509      change_adj_count=66      
2022-08-18 BST 00:09:43,425 - INFO - Before params
2022-08-18 BST 00:09:43,425 - INFO - After params={'MAX_SIZE': [66], 'LAMBDA': [10], 'NOISE_TEMPERATURE': [10], 'h_NULL': [0.01], 'h_LR': [0.001], 'z_RHO': [0], 'z_MU': [0]}
2022-08-18 BST 00:09:43,425 - INFO - After metrics={'train_loss': [6.596895017931538], 'val_loss': [7.929752826690674], 'size': [57], 'nshd_c': [2.3333333333333335], 'nshd': [2.2666666666666666], 'tpr': [0.39285714285714285], 'tpr_c': [0.3508771929824561], 'change_adj_count': [66]}
2022-08-18 BST 00:09:43,443 - INFO - After to_save=   MAX_SIZE  LAMBDA  NOISE_TEMPERATURE  ...       tpr     tpr_c  change_adj_count
0        66      10                 10  ...  0.392857  0.350877                66

[1 rows x 16 columns]
2022-08-18 BST 00:09:43,443 - INFO - After file_path='../results/l_66_4hps.csv'
2022-08-18 BST 00:09:43,447 - INFO - Last epoch results saved in l_66_4hps.csv
2022-08-18 BST 00:09:43,448 - INFO - 

DAG 19: size_true=57	X.var()=24.8142
2022-08-18 BST 00:09:43,705 - INFO -  epoch=   1      train_loss=  22.2832      val_loss=  17.2428      best=1      size=  54      nSHD_c=   3.4000      nSHD=   3.4000      tpr_c=   0.0556      change_adj_count=5      
2022-08-18 BST 00:10:01,829 - INFO -  epoch= 100      train_loss=  15.5648      val_loss= 116.4006      best=1      size=  57      nSHD_c=   2.8667      nSHD=   2.8000      tpr_c=   0.2281      change_adj_count=33      
2022-08-18 BST 00:10:20,343 - INFO -  epoch= 200      train_loss=  14.8228      val_loss=  93.8706      best=1      size=  57      nSHD_c=   2.7667      nSHD=   2.7333      tpr_c=   0.2632      change_adj_count=34      
2022-08-18 BST 00:10:38,777 - INFO -  epoch= 300      train_loss=  13.9382      val_loss=  66.1730      best=1      size=  57      nSHD_c=   2.7667      nSHD=   2.7333      tpr_c=   0.2632      change_adj_count=34      
2022-08-18 BST 00:10:57,186 - INFO -  epoch= 400      train_loss=  13.1352      val_loss=  49.1683      best=1      size=  55      nSHD_c=   2.7000      nSHD=   2.6667      tpr_c=   0.2727      change_adj_count=36      
2022-08-18 BST 00:11:15,642 - INFO -  epoch= 500      train_loss=  12.3675      val_loss=  41.2982      best=1      size=  55      nSHD_c=   2.7000      nSHD=   2.6667      tpr_c=   0.2727      change_adj_count=36      
2022-08-18 BST 00:11:34,104 - INFO -  epoch= 600      train_loss=  11.4681      val_loss=  32.1660      best=1      size=  55      nSHD_c=   2.7000      nSHD=   2.6667      tpr_c=   0.2727      change_adj_count=36      
2022-08-18 BST 00:11:52,726 - INFO -  epoch= 700      train_loss=  10.6334      val_loss=  26.1335      best=1      size=  55      nSHD_c=   2.7000      nSHD=   2.6667      tpr_c=   0.2727      change_adj_count=37      
2022-08-18 BST 00:12:10,979 - INFO -  epoch= 800      train_loss=   9.9594      val_loss=  22.2086      best=1      size=  55      nSHD_c=   2.6667      nSHD=   2.6000      tpr_c=   0.2727      change_adj_count=38      
2022-08-18 BST 00:12:29,008 - INFO -  epoch= 900      train_loss=   9.2574      val_loss=  17.3867      best=1      size=  55      nSHD_c=   2.6667      nSHD=   2.6000      tpr_c=   0.2727      change_adj_count=38      
2022-08-18 BST 00:12:47,232 - INFO -  epoch=1000      train_loss=   8.7557      val_loss=  15.0025      best=1      size=  55      nSHD_c=   2.6667      nSHD=   2.6000      tpr_c=   0.2727      change_adj_count=38      
2022-08-18 BST 00:12:47,233 - INFO - Before params
2022-08-18 BST 00:12:47,233 - INFO - After params={'MAX_SIZE': [66], 'LAMBDA': [10], 'NOISE_TEMPERATURE': [10], 'h_NULL': [0.01], 'h_LR': [0.001], 'z_RHO': [0], 'z_MU': [0]}
2022-08-18 BST 00:12:47,233 - INFO - After metrics={'train_loss': [8.75568203772268], 'val_loss': [15.002478122711182], 'size': [55], 'nshd_c': [2.6666666666666665], 'nshd': [2.6], 'tpr': [0.2982456140350877], 'tpr_c': [0.2727272727272727], 'change_adj_count': [38]}
2022-08-18 BST 00:12:47,250 - INFO - After to_save=   MAX_SIZE  LAMBDA  NOISE_TEMPERATURE  ...       tpr     tpr_c  change_adj_count
0        66      10                 10  ...  0.298246  0.272727                38

[1 rows x 16 columns]
2022-08-18 BST 00:12:47,250 - INFO - After file_path='../results/l_66_4hps.csv'
2022-08-18 BST 00:12:47,255 - INFO - Last epoch results saved in l_66_4hps.csv
2022-08-18 BST 00:12:47,255 - INFO - 

DAG 20: size_true=59	X.var()=201.6824
2022-08-18 BST 00:12:47,504 - INFO -  epoch=   1      train_loss= 184.0153      val_loss= 105.8101      best=1      size=  41      nSHD_c=   3.1000      nSHD=   3.1000      tpr_c=   0.0244      change_adj_count=5      
2022-08-18 BST 00:13:05,549 - INFO -  epoch= 100      train_loss=  84.1973      val_loss=2164.3128      best=1      size=  60      nSHD_c=   3.5000      nSHD=   3.4333      tpr_c=   0.1000      change_adj_count=40      
2022-08-18 BST 00:13:23,973 - INFO -  epoch= 200      train_loss=  68.7190      val_loss=1411.7171      best=1      size=  58      nSHD_c=   3.4333      nSHD=   3.3667      tpr_c=   0.1034      change_adj_count=52      
2022-08-18 BST 00:13:42,239 - INFO -  epoch= 300      train_loss=  60.1149      val_loss= 787.5023      best=1      size=  55      nSHD_c=   3.3333      nSHD=   3.2667      tpr_c=   0.1091      change_adj_count=66      
2022-08-18 BST 00:14:00,728 - INFO -  epoch= 400      train_loss=  49.3158      val_loss= 446.5337      best=1      size=  53      nSHD_c=   3.2667      nSHD=   3.2000      tpr_c=   0.1132      change_adj_count=72      
2022-08-18 BST 00:14:19,434 - INFO -  epoch= 500      train_loss=  43.9702      val_loss= 295.1212      best=1      size=  52      nSHD_c=   3.2333      nSHD=   3.1667      tpr_c=   0.1154      change_adj_count=77      
2022-08-18 BST 00:14:38,304 - INFO -  epoch= 600      train_loss=  40.0012      val_loss= 217.2213      best=1      size=  51      nSHD_c=   3.2000      nSHD=   3.1333      tpr_c=   0.1176      change_adj_count=78      
2022-08-18 BST 00:14:57,221 - INFO -  epoch= 700      train_loss=  34.8711      val_loss= 163.8073      best=1      size=  51      nSHD_c=   3.1333      nSHD=   3.0667      tpr_c=   0.1373      change_adj_count=79      
2022-08-18 BST 00:15:15,736 - INFO -  epoch= 800      train_loss=  33.0452      val_loss= 115.3814      best=1      size=  51      nSHD_c=   3.1333      nSHD=   3.0667      tpr_c=   0.1373      change_adj_count=85      
2022-08-18 BST 00:15:34,410 - INFO -  epoch= 900      train_loss=  30.2050      val_loss= 110.2575      best=1      size=  51      nSHD_c=   3.1333      nSHD=   3.0667      tpr_c=   0.1373      change_adj_count=87      
2022-08-18 BST 00:15:53,110 - INFO -  epoch=1000      train_loss=  30.1758      val_loss=  80.5023      best=1      size=  51      nSHD_c=   3.1000      nSHD=   3.0000      tpr_c=   0.1373      change_adj_count=90      
2022-08-18 BST 00:15:53,110 - INFO - Before params
2022-08-18 BST 00:15:53,111 - INFO - After params={'MAX_SIZE': [66], 'LAMBDA': [10], 'NOISE_TEMPERATURE': [10], 'h_NULL': [0.01], 'h_LR': [0.001], 'z_RHO': [0], 'z_MU': [0]}
2022-08-18 BST 00:15:53,111 - INFO - After metrics={'train_loss': [30.175792017290668], 'val_loss': [80.50230662027995], 'size': [51], 'nshd_c': [3.1], 'nshd': [3.0], 'tpr': [0.1694915254237288], 'tpr_c': [0.13725490196078433], 'change_adj_count': [90]}
2022-08-18 BST 00:15:53,128 - INFO - After to_save=   MAX_SIZE  LAMBDA  NOISE_TEMPERATURE  ...       tpr     tpr_c  change_adj_count
0        66      10                 10  ...  0.169492  0.137255                90

[1 rows x 16 columns]
2022-08-18 BST 00:15:53,128 - INFO - After file_path='../results/l_66_4hps.csv'
2022-08-18 BST 00:15:53,131 - INFO - Last epoch results saved in l_66_4hps.csv
2022-08-18 BST 00:15:53,131 - INFO - 

DAG 21: size_true=57	X.var()=21.1204
2022-08-18 BST 00:15:53,380 - INFO -  epoch=   1      train_loss=  19.4294      val_loss=  11.5408      best=1      size=  51      nSHD_c=   3.0667      nSHD=   3.0667      tpr_c=   0.0784      change_adj_count=5      
2022-08-18 BST 00:16:11,342 - INFO -  epoch= 100      train_loss=  13.2579      val_loss= 125.0025      best=1      size=  53      nSHD_c=   2.9000      nSHD=   2.8667      tpr_c=   0.1698      change_adj_count=31      
2022-08-18 BST 00:16:29,283 - INFO -  epoch= 200      train_loss=  12.3135      val_loss=  90.5441      best=1      size=  53      nSHD_c=   2.9000      nSHD=   2.8667      tpr_c=   0.1698      change_adj_count=32      
2022-08-18 BST 00:16:47,290 - INFO -  epoch= 300      train_loss=  11.2473      val_loss=  64.7641      best=1      size=  53      nSHD_c=   2.8667      nSHD=   2.8000      tpr_c=   0.1698      change_adj_count=34      
2022-08-18 BST 00:17:05,526 - INFO -  epoch= 400      train_loss=  10.4232      val_loss=  49.4051      best=1      size=  53      nSHD_c=   2.8333      nSHD=   2.8000      tpr_c=   0.1887      change_adj_count=40      
2022-08-18 BST 00:17:23,725 - INFO -  epoch= 500      train_loss=   9.8499      val_loss=  37.8862      best=1      size=  53      nSHD_c=   2.8333      nSHD=   2.8000      tpr_c=   0.1887      change_adj_count=41      
2022-08-18 BST 00:17:41,762 - INFO -  epoch= 600      train_loss=   9.2068      val_loss=  29.9604      best=1      size=  53      nSHD_c=   2.8333      nSHD=   2.8000      tpr_c=   0.1887      change_adj_count=41      
2022-08-18 BST 00:17:59,836 - INFO -  epoch= 700      train_loss=   8.6534      val_loss=  23.0291      best=1      size=  52      nSHD_c=   2.8000      nSHD=   2.7667      tpr_c=   0.1923      change_adj_count=42      
2022-08-18 BST 00:18:18,243 - INFO -  epoch= 800      train_loss=   8.1745      val_loss=  19.9901      best=1      size=  52      nSHD_c=   2.8000      nSHD=   2.7667      tpr_c=   0.1923      change_adj_count=42      
2022-08-18 BST 00:18:36,670 - INFO -  epoch= 900      train_loss=   7.7358      val_loss=  15.8738      best=1      size=  51      nSHD_c=   2.7333      nSHD=   2.7000      tpr_c=   0.2157      change_adj_count=43      
2022-08-18 BST 00:18:55,156 - INFO -  epoch=1000      train_loss=   7.3072      val_loss=  12.9664      best=1      size=  51      nSHD_c=   2.7333      nSHD=   2.7000      tpr_c=   0.2157      change_adj_count=43      
2022-08-18 BST 00:18:55,156 - INFO - Before params
2022-08-18 BST 00:18:55,156 - INFO - After params={'MAX_SIZE': [66], 'LAMBDA': [10], 'NOISE_TEMPERATURE': [10], 'h_NULL': [0.01], 'h_LR': [0.001], 'z_RHO': [0], 'z_MU': [0]}
2022-08-18 BST 00:18:55,156 - INFO - After metrics={'train_loss': [7.307152655816847], 'val_loss': [12.966379165649414], 'size': [51], 'nshd_c': [2.7333333333333334], 'nshd': [2.7], 'tpr': [0.21052631578947367], 'tpr_c': [0.21568627450980393], 'change_adj_count': [43]}
2022-08-18 BST 00:18:55,174 - INFO - After to_save=   MAX_SIZE  LAMBDA  NOISE_TEMPERATURE  ...       tpr     tpr_c  change_adj_count
0        66      10                 10  ...  0.210526  0.215686                43

[1 rows x 16 columns]
2022-08-18 BST 00:18:55,174 - INFO - After file_path='../results/l_66_4hps.csv'
2022-08-18 BST 00:18:55,177 - INFO - Last epoch results saved in l_66_4hps.csv
2022-08-18 BST 00:18:55,178 - INFO - 

DAG 22: size_true=60	X.var()=129.8499
2022-08-18 BST 00:18:55,400 - INFO -  epoch=   1      train_loss= 118.3428      val_loss=  51.1510      best=1      size=  45      nSHD_c=   2.8333      nSHD=   2.8333      tpr_c=   0.2000      change_adj_count=5      
2022-08-18 BST 00:19:13,552 - INFO -  epoch= 100      train_loss=  57.6209      val_loss=1507.2678      best=1      size=  58      nSHD_c=   3.0333      nSHD=   3.0333      tpr_c=   0.2241      change_adj_count=26      
2022-08-18 BST 00:19:32,390 - INFO -  epoch= 200      train_loss=  51.6336      val_loss= 952.1376      best=1      size=  58      nSHD_c=   3.0000      nSHD=   2.9667      tpr_c=   0.2241      change_adj_count=30      
2022-08-18 BST 00:19:51,053 - INFO -  epoch= 300      train_loss=  42.3701      val_loss= 562.5529      best=1      size=  58      nSHD_c=   3.0000      nSHD=   2.9667      tpr_c=   0.2241      change_adj_count=36      
2022-08-18 BST 00:20:09,709 - INFO -  epoch= 400      train_loss=  37.8660      val_loss= 333.0205      best=1      size=  58      nSHD_c=   2.9333      nSHD=   2.8667      tpr_c=   0.2241      change_adj_count=38      
2022-08-18 BST 00:20:28,355 - INFO -  epoch= 500      train_loss=  31.6413      val_loss= 243.5611      best=1      size=  57      nSHD_c=   2.9000      nSHD=   2.8333      tpr_c=   0.2281      change_adj_count=39      
2022-08-18 BST 00:20:46,976 - INFO -  epoch= 600      train_loss=  29.1818      val_loss= 169.1362      best=1      size=  56      nSHD_c=   2.8667      nSHD=   2.8000      tpr_c=   0.2321      change_adj_count=40      
2022-08-18 BST 00:21:05,706 - INFO -  epoch= 700      train_loss=  25.3545      val_loss= 111.4293      best=1      size=  56      nSHD_c=   2.9000      nSHD=   2.8000      tpr_c=   0.2143      change_adj_count=41      
2022-08-18 BST 00:21:24,395 - INFO -  epoch= 800      train_loss=  24.0118      val_loss=  87.1883      best=1      size=  55      nSHD_c=   2.8667      nSHD=   2.7667      tpr_c=   0.2182      change_adj_count=42      
2022-08-18 BST 00:21:42,943 - INFO -  epoch= 900      train_loss=  21.7737      val_loss=  63.1543      best=1      size=  55      nSHD_c=   2.8667      nSHD=   2.7667      tpr_c=   0.2182      change_adj_count=42      
2022-08-18 BST 00:22:01,732 - INFO -  epoch=1000      train_loss=  20.7943      val_loss=  60.7171      best=1      size=  55      nSHD_c=   2.8667      nSHD=   2.7667      tpr_c=   0.2182      change_adj_count=43      
2022-08-18 BST 00:22:01,732 - INFO - Before params
2022-08-18 BST 00:22:01,732 - INFO - After params={'MAX_SIZE': [66], 'LAMBDA': [10], 'NOISE_TEMPERATURE': [10], 'h_NULL': [0.01], 'h_LR': [0.001], 'z_RHO': [0], 'z_MU': [0]}
2022-08-18 BST 00:22:01,732 - INFO - After metrics={'train_loss': [20.79432952019476], 'val_loss': [60.71710077921549], 'size': [55], 'nshd_c': [2.8666666666666667], 'nshd': [2.7666666666666666], 'tpr': [0.25], 'tpr_c': [0.21818181818181817], 'change_adj_count': [43]}
2022-08-18 BST 00:22:01,750 - INFO - After to_save=   MAX_SIZE  LAMBDA  NOISE_TEMPERATURE  ...   tpr     tpr_c  change_adj_count
0        66      10                 10  ...  0.25  0.218182                43

[1 rows x 16 columns]
2022-08-18 BST 00:22:01,750 - INFO - After file_path='../results/l_66_4hps.csv'
2022-08-18 BST 00:22:01,754 - INFO - Last epoch results saved in l_66_4hps.csv
2022-08-18 BST 00:22:01,755 - INFO - 

DAG 23: size_true=49	X.var()=14.1269
2022-08-18 BST 00:22:02,007 - INFO -  epoch=   1      train_loss=  13.3949      val_loss=  11.7370      best=1      size=  54      nSHD_c=   3.2333      nSHD=   3.2667      tpr_c=   0.0370      change_adj_count=5      
2022-08-18 BST 00:22:02,271 - INFO -  epoch=   2      train_loss=  12.5955      val_loss=   7.3597      best=1      size=  46      nSHD_c=   2.3667      nSHD=   2.3333      tpr_c=   0.1739      change_adj_count=6      
2022-08-18 BST 00:22:20,708 - INFO -  epoch= 100      train_loss=  10.4343      val_loss=  52.0856      best=1      size=  52      nSHD_c=   1.9333      nSHD=   1.8333      tpr_c=   0.3846      change_adj_count=45      
2022-08-18 BST 00:22:39,042 - INFO -  epoch= 200      train_loss=   9.4491      val_loss=  40.1170      best=1      size=  51      nSHD_c=   1.9000      nSHD=   1.8000      tpr_c=   0.3922      change_adj_count=66      
2022-08-18 BST 00:22:56,922 - INFO -  epoch= 300      train_loss=   9.0732      val_loss=  31.4742      best=1      size=  53      nSHD_c=   1.8333      nSHD=   1.7333      tpr_c=   0.4151      change_adj_count=70      
2022-08-18 BST 00:23:15,545 - INFO -  epoch= 400      train_loss=   8.1202      val_loss=  23.4785      best=1      size=  53      nSHD_c=   1.8667      nSHD=   1.7333      tpr_c=   0.3962      change_adj_count=82      
2022-08-18 BST 00:23:34,769 - INFO -  epoch= 500      train_loss=   7.7420      val_loss=  18.6676      best=1      size=  54      nSHD_c=   1.8667      nSHD=   1.6333      tpr_c=   0.3704      change_adj_count=88      
2022-08-18 BST 00:23:53,425 - INFO -  epoch= 600      train_loss=   7.2584      val_loss=  14.3355      best=1      size=  54      nSHD_c=   1.8667      nSHD=   1.6333      tpr_c=   0.3704      change_adj_count=88      
2022-08-18 BST 00:24:12,396 - INFO -  epoch= 700      train_loss=   6.8983      val_loss=  11.1914      best=1      size=  54      nSHD_c=   1.8333      nSHD=   1.6333      tpr_c=   0.3889      change_adj_count=88      
2022-08-18 BST 00:24:30,987 - INFO -  epoch= 800      train_loss=   6.5133      val_loss=   9.0130      best=1      size=  53      nSHD_c=   1.8000      nSHD=   1.6000      tpr_c=   0.3962      change_adj_count=89      
2022-08-18 BST 00:24:49,248 - INFO -  epoch= 900      train_loss=   6.0391      val_loss=   8.0087      best=1      size=  53      nSHD_c=   1.8000      nSHD=   1.6000      tpr_c=   0.3962      change_adj_count=89      
2022-08-18 BST 00:25:07,551 - INFO -  epoch=1000      train_loss=   5.6840      val_loss=   6.2200      best=1      size=  54      nSHD_c=   1.7667      nSHD=   1.5667      tpr_c=   0.4074      change_adj_count=91      
2022-08-18 BST 00:25:07,551 - INFO - Before params
2022-08-18 BST 00:25:07,551 - INFO - After params={'MAX_SIZE': [66], 'LAMBDA': [10], 'NOISE_TEMPERATURE': [10], 'h_NULL': [0.01], 'h_LR': [0.001], 'z_RHO': [0], 'z_MU': [0]}
2022-08-18 BST 00:25:07,551 - INFO - After metrics={'train_loss': [5.683950316521429], 'val_loss': [6.219974756240845], 'size': [54], 'nshd_c': [1.7666666666666666], 'nshd': [1.5666666666666667], 'tpr': [0.5714285714285714], 'tpr_c': [0.4074074074074074], 'change_adj_count': [91]}
2022-08-18 BST 00:25:07,569 - INFO - After to_save=   MAX_SIZE  LAMBDA  NOISE_TEMPERATURE  ...       tpr     tpr_c  change_adj_count
0        66      10                 10  ...  0.571429  0.407407                91

[1 rows x 16 columns]
2022-08-18 BST 00:25:07,569 - INFO - After file_path='../results/l_66_4hps.csv'
2022-08-18 BST 00:25:07,573 - INFO - Last epoch results saved in l_66_4hps.csv
2022-08-18 BST 00:25:07,574 - INFO - 
last_mean_nshd_c=2.5986
2022-08-18 BST 00:25:07,574 - INFO - 
Time taken 1:14:13 (h:mm:ss)
2022-08-18 BST 00:25:07,574 - INFO - 
End of log for run 2022-08-17_BST_23:10:54,698_l_66_4hps_230
