2022-08-16 BST 01:33:56,660 - INFO - 
Log for run 2022-08-16_BST_01:33:56,603_l_66none_4hps_066

2022-08-16 BST 01:33:56,660 - INFO - COMMENT = ''
2022-08-16 BST 01:33:56,660 - INFO - DATA_FOLDER = '../data'
2022-08-16 BST 01:33:56,660 - INFO - LATENTS_FOLDER = '../latents'
2022-08-16 BST 01:33:56,660 - INFO - LOGS_FOLDER = '../logs'
2022-08-16 BST 01:33:56,660 - INFO - MODEL_FOLDER = '../models'
2022-08-16 BST 01:33:56,660 - INFO - RESULTS_FOLDER = '../results'
2022-08-16 BST 01:33:56,660 - INFO - DEVICE = torch.device("cuda" if torch.cuda.is_available() else "cpu")  # Used: "cuda"
2022-08-16 BST 01:33:56,660 - INFO - LATENTS = False
2022-08-16 BST 01:33:56,660 - INFO - MATRIX_REPORT = False
2022-08-16 BST 01:33:56,661 - INFO - LABEL = True
2022-08-16 BST 01:33:56,661 - INFO - SAVE_TO_ODS = False
2022-08-16 BST 01:33:56,661 - INFO - VAL_LOSS_FROM_DAG = True
2022-08-16 BST 01:33:56,661 - INFO - WANDB = False
2022-08-16 BST 01:33:56,661 - INFO - WANDB_PROJECT = 'Thetas'
2022-08-16 BST 01:33:56,661 - INFO - GRAD_LOG = False
2022-08-16 BST 01:33:56,661 - INFO - N_TRIALS = 1
2022-08-16 BST 01:33:56,661 - INFO - OPTUNA_STRINGS = {'None': None, 'True': True, 'False': False}
2022-08-16 BST 01:33:56,661 - INFO - TQDM = False
2022-08-16 BST 01:33:56,661 - INFO - 
hyperparameters = {
2022-08-16 BST 01:33:56,661 - INFO - 	'GRAPH_TYPE': 'ER2',
2022-08-16 BST 01:33:56,661 - INFO - 	'D': 30,
2022-08-16 BST 01:33:56,661 - INFO - 	'MAX_SIZE': None,
2022-08-16 BST 01:33:56,661 - INFO - 	'SEM_NOISE': 'gaussian_ev',
2022-08-16 BST 01:33:56,661 - INFO - 	'N': 1200,
2022-08-16 BST 01:33:56,661 - INFO - 	'VAL': 0.16666666666666666,
2022-08-16 BST 01:33:56,661 - INFO - 	'N_EPOCHS': 1000,
2022-08-16 BST 01:33:56,661 - INFO - 	'BATCH_SIZE': 32,
2022-08-16 BST 01:33:56,661 - INFO - 	'LOG2_BATCH_SIZE': None,
2022-08-16 BST 01:33:56,661 - INFO - 	'BATCH_SHUFFLE': True,
2022-08-16 BST 01:33:56,661 - INFO - 	'N_SAMPLES': 10,
2022-08-16 BST 01:33:56,661 - INFO - 	'MODE': 'max_dag_test_only',
2022-08-16 BST 01:33:56,661 - INFO - 	'AFAS_SCHEDULER': None,
2022-08-16 BST 01:33:56,662 - INFO - 	'MINIZINC_SOLVER': None,
2022-08-16 BST 01:33:56,662 - INFO - 	'f_LINEAR_LAYERS': (),
2022-08-16 BST 01:33:56,662 - INFO - 	'f_BIAS': False,
2022-08-16 BST 01:33:56,662 - INFO - 	'p_LAYER': None,
2022-08-16 BST 01:33:56,662 - INFO - 	'STREAMLINE': False,
2022-08-16 BST 01:33:56,662 - INFO - 	'THRESHOLD': 0.0,
2022-08-16 BST 01:33:56,662 - INFO - 	'h_LINEAR_LAYERS': (),
2022-08-16 BST 01:33:56,662 - INFO - 	'h_NULL': 0.001,
2022-08-16 BST 01:33:56,662 - INFO - 	'h_LR': 0.001,
2022-08-16 BST 01:33:56,662 - INFO - 	'h_OPTIMIZER': 'torch.optim.Adam(overall_net.h_net.parameters(), lr=h.h_LR)',
2022-08-16 BST 01:33:56,662 - INFO - 	'f_LR': 0.0117744218586073,
2022-08-16 BST 01:33:56,662 - INFO - 	'f_OPTIMIZER': 'torch.optim.Adam(overall_net.f_net.parameters(), lr=h.f_LR)',
2022-08-16 BST 01:33:56,662 - INFO - 	'NOISE_TEMPERATURE': 10,
2022-08-16 BST 01:33:56,662 - INFO - 	'NOISE_DISTRIBUTION': 'LogisticNoiseDistribution()',
2022-08-16 BST 01:33:56,662 - INFO - 	'LAMBDA': 0.1,
2022-08-16 BST 01:33:56,662 - INFO - 	'LOSS_FN': 'torch.nn.MSELoss()',
2022-08-16 BST 01:33:56,662 - INFO - 	'REGULARIZER': None,
2022-08-16 BST 01:33:56,662 - INFO - 	'z_RHO': 0,
2022-08-16 BST 01:33:56,662 - INFO - 	'z_MU': 0,
2022-08-16 BST 01:33:56,662 - INFO - 	'z_REGULARIZER': 'NoTearsZRegularizer(h.D, h.z_RHO, h.z_MU, c.DEVICE)',
2022-08-16 BST 01:33:56,662 - INFO - 	'LR_SCHEDULER': None,
2022-08-16 BST 01:33:56,662 - INFO - 	'DATA_CATEGORY': 'test',
2022-08-16 BST 01:33:56,662 - INFO - 	'DAGS': '030_ER2_gaussian_ev_2022-08-12_BST_09:55:21,293_create_dags'
2022-08-16 BST 01:33:56,663 - INFO - }

2022-08-16 BST 01:33:57,869 - INFO - 

DAG 0: size_true=69	X.var()=185.8479
2022-08-16 BST 01:34:01,158 - INFO -  epoch=   1      train_loss= 103.4904      val_loss=  55.7011      best=1      size= 255      nSHD_c=   8.4667      nSHD=   8.4000      tpr_c=   0.0941      change_adj_count=5      
2022-08-16 BST 01:34:21,389 - INFO -  epoch= 100      train_loss=  21.6731      val_loss=  59.6403      best=1      size= 297      nSHD_c=   8.7667      nSHD=   8.7000      tpr_c=   0.1515      change_adj_count=99      
2022-08-16 BST 01:34:41,507 - INFO -  epoch= 200      train_loss=  21.8104      val_loss=  58.8737      best=1      size= 310      nSHD_c=   9.0667      nSHD=   8.9000      tpr_c=   0.1452      change_adj_count=172      
2022-08-16 BST 01:35:01,513 - INFO -  epoch= 300      train_loss=  20.0736      val_loss=  56.2348      best=1      size= 298      nSHD_c=   8.9000      nSHD=   8.7333      tpr_c=   0.1409      change_adj_count=238      
2022-08-16 BST 01:35:21,533 - INFO -  epoch= 400      train_loss=  19.8133      val_loss=  54.9678      best=1      size= 309      nSHD_c=   9.1000      nSHD=   8.9333      tpr_c=   0.1424      change_adj_count=298      
2022-08-16 BST 01:35:41,639 - INFO -  epoch= 500      train_loss=  19.2370      val_loss=  53.5270      best=1      size= 314      nSHD_c=   9.2333      nSHD=   9.0667      tpr_c=   0.1401      change_adj_count=355      
2022-08-16 BST 01:36:01,519 - INFO -  epoch= 600      train_loss=  18.4256      val_loss=  51.8425      best=1      size= 316      nSHD_c=   9.2000      nSHD=   8.9667      tpr_c=   0.1424      change_adj_count=396      
2022-08-16 BST 01:36:21,401 - INFO -  epoch= 700      train_loss=  18.2003      val_loss=  43.6136      best=1      size= 318      nSHD_c=   9.4333      nSHD=   9.2667      tpr_c=   0.1352      change_adj_count=443      
2022-08-16 BST 01:36:41,825 - INFO -  epoch= 800      train_loss=  16.9685      val_loss=  39.8585      best=1      size= 312      nSHD_c=   9.2000      nSHD=   9.0000      tpr_c=   0.1378      change_adj_count=489      
2022-08-16 BST 01:37:01,752 - INFO -  epoch= 900      train_loss=  16.4476      val_loss=  43.2496      best=1      size= 319      nSHD_c=   9.4000      nSHD=   9.1667      tpr_c=   0.1379      change_adj_count=516      
2022-08-16 BST 01:37:22,184 - INFO -  epoch=1000      train_loss=  17.3681      val_loss=  41.6878      best=1      size= 319      nSHD_c=   9.3667      nSHD=   9.1667      tpr_c=   0.1379      change_adj_count=550      
2022-08-16 BST 01:37:22,184 - INFO - Before params
2022-08-16 BST 01:37:22,184 - INFO - After params={'MAX_SIZE': [None], 'LAMBDA': [0.1], 'NOISE_TEMPERATURE': [10], 'h_NULL': [0.001], 'h_LR': [0.001], 'z_RHO': [0], 'z_MU': [0]}
2022-08-16 BST 01:37:22,185 - INFO - After metrics={'train_loss': [17.36810247359737], 'val_loss': [41.6877555847168], 'size': [319], 'nshd_c': [9.366666666666667], 'nshd': [9.166666666666666], 'tpr': [0.7246376811594203], 'tpr_c': [0.13793103448275862], 'change_adj_count': [550]}
2022-08-16 BST 01:37:22,207 - INFO - After to_save=  MAX_SIZE  LAMBDA  NOISE_TEMPERATURE  ...       tpr     tpr_c  change_adj_count
0     None     0.1                 10  ...  0.724638  0.137931               550

[1 rows x 16 columns]
2022-08-16 BST 01:37:22,208 - INFO - After file_path='../results/l_66none_4hps.csv'
2022-08-16 BST 01:37:22,213 - INFO - Last epoch results saved in l_66none_4hps.csv
2022-08-16 BST 01:37:22,213 - INFO - 

DAG 1: size_true=67	X.var()=127.1156
2022-08-16 BST 01:37:22,458 - INFO -  epoch=   1      train_loss=  64.3243      val_loss=  30.5276      best=1      size= 256      nSHD_c=   9.0333      nSHD=   9.0333      tpr_c=   0.0586      change_adj_count=5      
2022-08-16 BST 01:37:42,284 - INFO -  epoch= 100      train_loss=  12.7327      val_loss=  61.2902      best=1      size= 290      nSHD_c=   8.5000      nSHD=   8.4333      tpr_c=   0.1586      change_adj_count=103      
2022-08-16 BST 01:38:00,201 - INFO -  epoch= 200      train_loss=  11.8546      val_loss=  63.4797      best=1      size= 306      nSHD_c=   8.8333      nSHD=   8.7667      tpr_c=   0.1569      change_adj_count=184      
2022-08-16 BST 01:38:16,829 - INFO -  epoch= 300      train_loss=  12.2904      val_loss=  62.1613      best=1      size= 307      nSHD_c=   8.9000      nSHD=   8.8333      tpr_c=   0.1531      change_adj_count=256      
2022-08-16 BST 01:38:35,657 - INFO -  epoch= 400      train_loss=  11.9247      val_loss=  44.6322      best=1      size= 306      nSHD_c=   8.7667      nSHD=   8.7000      tpr_c=   0.1634      change_adj_count=321      
2022-08-16 BST 01:38:55,559 - INFO -  epoch= 500      train_loss=  11.7672      val_loss=  56.7125      best=1      size= 312      nSHD_c=   8.9333      nSHD=   8.8333      tpr_c=   0.1603      change_adj_count=379      
2022-08-16 BST 01:39:16,428 - INFO -  epoch= 600      train_loss=  11.9585      val_loss=  50.1264      best=1      size= 310      nSHD_c=   8.9667      nSHD=   8.8667      tpr_c=   0.1548      change_adj_count=436      
2022-08-16 BST 01:39:37,297 - INFO -  epoch= 700      train_loss=  12.0324      val_loss=  52.7394      best=1      size= 316      nSHD_c=   9.1667      nSHD=   9.1000      tpr_c=   0.1519      change_adj_count=484      
2022-08-16 BST 01:39:57,139 - INFO -  epoch= 800      train_loss=  11.1517      val_loss=  46.9656      best=1      size= 316      nSHD_c=   9.1667      nSHD=   9.1333      tpr_c=   0.1519      change_adj_count=529      
2022-08-16 BST 01:40:17,260 - INFO -  epoch= 900      train_loss=  11.4060      val_loss=  46.1204      best=1      size= 322      nSHD_c=   9.3333      nSHD=   9.3000      tpr_c=   0.1491      change_adj_count=567      
2022-08-16 BST 01:40:38,450 - INFO -  epoch=1000      train_loss=  11.4677      val_loss=  42.9467      best=1      size= 320      nSHD_c=   9.2333      nSHD=   9.2000      tpr_c=   0.1531      change_adj_count=602      
2022-08-16 BST 01:40:38,451 - INFO - Before params
2022-08-16 BST 01:40:38,452 - INFO - After params={'MAX_SIZE': [None], 'LAMBDA': [0.1], 'NOISE_TEMPERATURE': [10], 'h_NULL': [0.001], 'h_LR': [0.001], 'z_RHO': [0], 'z_MU': [0]}
2022-08-16 BST 01:40:38,452 - INFO - After metrics={'train_loss': [11.467713940528132], 'val_loss': [42.94666735331217], 'size': [320], 'nshd_c': [9.233333333333333], 'nshd': [9.2], 'tpr': [0.746268656716418], 'tpr_c': [0.153125], 'change_adj_count': [602]}
2022-08-16 BST 01:40:38,475 - INFO - After to_save=  MAX_SIZE  LAMBDA  NOISE_TEMPERATURE  ...       tpr     tpr_c  change_adj_count
0     None     0.1                 10  ...  0.746269  0.153125               602

[1 rows x 16 columns]
2022-08-16 BST 01:40:38,475 - INFO - After file_path='../results/l_66none_4hps.csv'
2022-08-16 BST 01:40:38,478 - INFO - Last epoch results saved in l_66none_4hps.csv
2022-08-16 BST 01:40:38,479 - INFO - 

DAG 2: size_true=64	X.var()=25.7432
2022-08-16 BST 01:40:38,759 - INFO -  epoch=   1      train_loss=  16.4844      val_loss=  17.2214      best=1      size= 253      nSHD_c=   8.8667      nSHD=   8.8333      tpr_c=   0.0395      change_adj_count=5      
2022-08-16 BST 01:40:39,029 - INFO -  epoch=   2      train_loss=   9.4188      val_loss=  14.7611      best=1      size= 246      nSHD_c=   8.8667      nSHD=   8.8667      tpr_c=   0.0488      change_adj_count=6      
2022-08-16 BST 01:40:39,242 - INFO -  epoch=   3      train_loss=   7.5809      val_loss=  10.0750      best=1      size= 240      nSHD_c=   8.3000      nSHD=   8.2667      tpr_c=   0.0667      change_adj_count=7      
2022-08-16 BST 01:40:58,133 - INFO -  epoch= 100      train_loss=   6.2330      val_loss=   6.5613      best=1      size= 300      nSHD_c=   8.4667      nSHD=   8.4000      tpr_c=   0.1667      change_adj_count=96      
2022-08-16 BST 01:41:18,836 - INFO -  epoch= 200      train_loss=   6.2924      val_loss=   7.1939      best=1      size= 300      nSHD_c=   8.5333      nSHD=   8.4667      tpr_c=   0.1667      change_adj_count=168      
2022-08-16 BST 01:41:39,785 - INFO -  epoch= 300      train_loss=   6.1877      val_loss=   6.5078      best=1      size= 297      nSHD_c=   8.3667      nSHD=   8.4000      tpr_c=   0.1717      change_adj_count=220      
2022-08-16 BST 01:42:00,076 - INFO -  epoch= 400      train_loss=   5.9856      val_loss=   6.0585      best=1      size= 292      nSHD_c=   8.3333      nSHD=   8.3333      tpr_c=   0.1712      change_adj_count=280      
2022-08-16 BST 01:42:20,617 - INFO -  epoch= 500      train_loss=   5.9951      val_loss=   6.7099      best=1      size= 303      nSHD_c=   8.5667      nSHD=   8.6000      tpr_c=   0.1749      change_adj_count=316      
2022-08-16 BST 01:42:41,109 - INFO -  epoch= 600      train_loss=   5.8212      val_loss=   6.5934      best=1      size= 303      nSHD_c=   8.5333      nSHD=   8.5333      tpr_c=   0.1749      change_adj_count=356      
2022-08-16 BST 01:43:01,148 - INFO -  epoch= 700      train_loss=   5.8695      val_loss=   6.1317      best=1      size= 305      nSHD_c=   8.6000      nSHD=   8.5667      tpr_c=   0.1705      change_adj_count=398      
2022-08-16 BST 01:43:21,085 - INFO -  epoch= 800      train_loss=   5.9464      val_loss=   6.4560      best=1      size= 304      nSHD_c=   8.4333      nSHD=   8.4000      tpr_c=   0.1776      change_adj_count=431      
2022-08-16 BST 01:43:41,742 - INFO -  epoch= 900      train_loss=   5.6226      val_loss=   6.0042      best=1      size= 308      nSHD_c=   8.6000      nSHD=   8.6000      tpr_c=   0.1721      change_adj_count=461      
2022-08-16 BST 01:44:00,426 - INFO -  epoch=1000      train_loss=   5.6233      val_loss=   6.3114      best=1      size= 312      nSHD_c=   8.8000      nSHD=   8.7333      tpr_c=   0.1667      change_adj_count=493      
2022-08-16 BST 01:44:00,426 - INFO - Before params
2022-08-16 BST 01:44:00,426 - INFO - After params={'MAX_SIZE': [None], 'LAMBDA': [0.1], 'NOISE_TEMPERATURE': [10], 'h_NULL': [0.001], 'h_LR': [0.001], 'z_RHO': [0], 'z_MU': [0]}
2022-08-16 BST 01:44:00,426 - INFO - After metrics={'train_loss': [5.623296906871181], 'val_loss': [6.311410506566365], 'size': [312], 'nshd_c': [8.8], 'nshd': [8.733333333333333], 'tpr': [0.84375], 'tpr_c': [0.16666666666666666], 'change_adj_count': [493]}
2022-08-16 BST 01:44:00,445 - INFO - After to_save=  MAX_SIZE  LAMBDA  NOISE_TEMPERATURE  ...      tpr     tpr_c  change_adj_count
0     None     0.1                 10  ...  0.84375  0.166667               493

[1 rows x 16 columns]
2022-08-16 BST 01:44:00,445 - INFO - After file_path='../results/l_66none_4hps.csv'
2022-08-16 BST 01:44:00,447 - INFO - Last epoch results saved in l_66none_4hps.csv
2022-08-16 BST 01:44:00,448 - INFO - 

DAG 3: size_true=63	X.var()=265.9248
2022-08-16 BST 01:44:00,681 - INFO -  epoch=   1      train_loss=  90.3941      val_loss= 108.4078      best=1      size= 245      nSHD_c=   8.5000      nSHD=   8.5000      tpr_c=   0.0694      change_adj_count=5      
2022-08-16 BST 01:44:19,536 - INFO -  epoch= 100      train_loss=  23.7366      val_loss= 102.5888      best=1      size= 306      nSHD_c=   9.1000      nSHD=   9.0333      tpr_c=   0.1307      change_adj_count=102      
2022-08-16 BST 01:44:38,202 - INFO -  epoch= 200      train_loss=  24.5116      val_loss= 101.7301      best=1      size= 315      nSHD_c=   9.5333      nSHD=   9.4667      tpr_c=   0.1175      change_adj_count=183      
2022-08-16 BST 01:44:57,253 - INFO -  epoch= 300      train_loss=  24.0049      val_loss= 118.3061      best=1      size= 323      nSHD_c=   9.7000      nSHD=   9.6333      tpr_c=   0.1176      change_adj_count=252      
2022-08-16 BST 01:45:16,314 - INFO -  epoch= 400      train_loss=  24.0383      val_loss= 117.8081      best=1      size= 324      nSHD_c=   9.7333      nSHD=   9.6667      tpr_c=   0.1204      change_adj_count=314      
2022-08-16 BST 01:45:36,021 - INFO -  epoch= 500      train_loss=  22.9877      val_loss=  95.7688      best=1      size= 322      nSHD_c=   9.6333      nSHD=   9.5667      tpr_c=   0.1242      change_adj_count=370      
2022-08-16 BST 01:45:54,759 - INFO -  epoch= 600      train_loss=  22.3797      val_loss=  90.9850      best=1      size= 334      nSHD_c=  10.0333      nSHD=  10.0000      tpr_c=   0.1198      change_adj_count=428      
2022-08-16 BST 01:46:14,099 - INFO -  epoch= 700      train_loss=  22.1453      val_loss=  77.4529      best=1      size= 327      nSHD_c=   9.8000      nSHD=   9.7333      tpr_c=   0.1193      change_adj_count=471      
2022-08-16 BST 01:46:32,412 - INFO -  epoch= 800      train_loss=  21.3523      val_loss=  68.9265      best=1      size= 325      nSHD_c=   9.8000      nSHD=   9.7667      tpr_c=   0.1169      change_adj_count=523      
2022-08-16 BST 01:46:51,258 - INFO -  epoch= 900      train_loss=  21.9194      val_loss=  78.5746      best=1      size= 329      nSHD_c=   9.7667      nSHD=   9.7333      tpr_c=   0.1246      change_adj_count=562      
2022-08-16 BST 01:47:09,945 - INFO -  epoch=1000      train_loss=  21.9330      val_loss=  73.1151      best=1      size= 331      nSHD_c=   9.8667      nSHD=   9.8000      tpr_c=   0.1208      change_adj_count=598      
2022-08-16 BST 01:47:09,945 - INFO - Before params
2022-08-16 BST 01:47:09,945 - INFO - After params={'MAX_SIZE': [None], 'LAMBDA': [0.1], 'NOISE_TEMPERATURE': [10], 'h_NULL': [0.001], 'h_LR': [0.001], 'z_RHO': [0], 'z_MU': [0]}
2022-08-16 BST 01:47:09,945 - INFO - After metrics={'train_loss': [21.932972877256333], 'val_loss': [73.11511166890462], 'size': [331], 'nshd_c': [9.866666666666667], 'nshd': [9.8], 'tpr': [0.6666666666666666], 'tpr_c': [0.12084592145015106], 'change_adj_count': [598]}
2022-08-16 BST 01:47:09,964 - INFO - After to_save=  MAX_SIZE  LAMBDA  NOISE_TEMPERATURE  ...       tpr     tpr_c  change_adj_count
0     None     0.1                 10  ...  0.666667  0.120846               598

[1 rows x 16 columns]
2022-08-16 BST 01:47:09,964 - INFO - After file_path='../results/l_66none_4hps.csv'
2022-08-16 BST 01:47:09,967 - INFO - Last epoch results saved in l_66none_4hps.csv
2022-08-16 BST 01:47:09,967 - INFO - 

DAG 4: size_true=48	X.var()=47.3993
2022-08-16 BST 01:47:10,251 - INFO -  epoch=   1      train_loss=  28.4360      val_loss=  22.9069      best=1      size= 250      nSHD_c=   8.9000      nSHD=   8.8667      tpr_c=   0.0280      change_adj_count=5      
2022-08-16 BST 01:47:10,563 - INFO -  epoch=   2      train_loss=  14.4331      val_loss=  14.6702      best=1      size= 253      nSHD_c=   8.6667      nSHD=   8.6333      tpr_c=   0.0514      change_adj_count=6      
2022-08-16 BST 01:47:29,809 - INFO -  epoch= 100      train_loss=   8.6333      val_loss=  17.0938      best=1      size= 269      nSHD_c=   8.7333      nSHD=   8.6333      tpr_c=   0.0781      change_adj_count=100      
2022-08-16 BST 01:47:49,348 - INFO -  epoch= 200      train_loss=   8.6627      val_loss=  16.2094      best=1      size= 272      nSHD_c=   8.6333      nSHD=   8.4000      tpr_c=   0.0809      change_adj_count=175      
2022-08-16 BST 01:48:07,699 - INFO -  epoch= 300      train_loss=   8.3293      val_loss=  15.4648      best=1      size= 278      nSHD_c=   8.8667      nSHD=   8.7000      tpr_c=   0.0791      change_adj_count=233      
2022-08-16 BST 01:48:25,631 - INFO -  epoch= 400      train_loss=   8.2585      val_loss=  16.3529      best=1      size= 273      nSHD_c=   8.6000      nSHD=   8.3667      tpr_c=   0.0842      change_adj_count=287      
2022-08-16 BST 01:48:43,155 - INFO -  epoch= 500      train_loss=   8.2109      val_loss=  16.5254      best=1      size= 285      nSHD_c=   8.8333      nSHD=   8.6000      tpr_c=   0.0842      change_adj_count=340      
2022-08-16 BST 01:49:01,808 - INFO -  epoch= 600      train_loss=   7.8223      val_loss=  16.7890      best=1      size= 282      nSHD_c=   8.6667      nSHD=   8.5000      tpr_c=   0.0922      change_adj_count=387      
2022-08-16 BST 01:49:19,663 - INFO -  epoch= 700      train_loss=   7.8756      val_loss=  14.5533      best=1      size= 280      nSHD_c=   8.7333      nSHD=   8.5333      tpr_c=   0.0821      change_adj_count=422      
2022-08-16 BST 01:49:38,047 - INFO -  epoch= 800      train_loss=   7.9359      val_loss=  13.2899      best=1      size= 275      nSHD_c=   8.5667      nSHD=   8.3667      tpr_c=   0.0873      change_adj_count=450      
2022-08-16 BST 01:49:55,939 - INFO -  epoch= 900      train_loss=   7.6194      val_loss=  12.8817      best=1      size= 275      nSHD_c=   8.6333      nSHD=   8.4333      tpr_c=   0.0836      change_adj_count=477      
2022-08-16 BST 01:50:14,067 - INFO -  epoch=1000      train_loss=   7.5771      val_loss=  13.3970      best=1      size= 279      nSHD_c=   8.6000      nSHD=   8.4000      tpr_c=   0.0896      change_adj_count=511      
2022-08-16 BST 01:50:14,067 - INFO - Before params
2022-08-16 BST 01:50:14,067 - INFO - After params={'MAX_SIZE': [None], 'LAMBDA': [0.1], 'NOISE_TEMPERATURE': [10], 'h_NULL': [0.001], 'h_LR': [0.001], 'z_RHO': [0], 'z_MU': [0]}
2022-08-16 BST 01:50:14,067 - INFO - After metrics={'train_loss': [7.577093370499149], 'val_loss': [13.396953105926514], 'size': [279], 'nshd_c': [8.6], 'nshd': [8.4], 'tpr': [0.6458333333333334], 'tpr_c': [0.08960573476702509], 'change_adj_count': [511]}
2022-08-16 BST 01:50:14,085 - INFO - After to_save=  MAX_SIZE  LAMBDA  NOISE_TEMPERATURE  ...       tpr     tpr_c  change_adj_count
0     None     0.1                 10  ...  0.645833  0.089606               511

[1 rows x 16 columns]
2022-08-16 BST 01:50:14,085 - INFO - After file_path='../results/l_66none_4hps.csv'
2022-08-16 BST 01:50:14,087 - INFO - Last epoch results saved in l_66none_4hps.csv
2022-08-16 BST 01:50:14,088 - INFO - 

DAG 5: size_true=57	X.var()=54.7286
2022-08-16 BST 01:50:14,277 - INFO -  epoch=   1      train_loss=  40.5416      val_loss=  25.2031      best=1      size= 257      nSHD_c=   8.9333      nSHD=   8.8667      tpr_c=   0.0467      change_adj_count=5      
2022-08-16 BST 01:50:14,457 - INFO -  epoch=   2      train_loss=  26.2039      val_loss=  16.3503      best=1      size= 252      nSHD_c=   8.9000      nSHD=   8.8333      tpr_c=   0.0437      change_adj_count=6      
2022-08-16 BST 01:50:15,613 - INFO -  epoch=   8      train_loss=  13.0967      val_loss=  15.4503      best=1      size= 255      nSHD_c=   8.8333      nSHD=   8.8000      tpr_c=   0.0627      change_adj_count=12      
2022-08-16 BST 01:50:32,184 - INFO -  epoch= 100      train_loss=  10.7166      val_loss=  17.9138      best=1      size= 273      nSHD_c=   8.3667      nSHD=   8.3333      tpr_c=   0.1319      change_adj_count=98      
2022-08-16 BST 01:50:50,072 - INFO -  epoch= 200      train_loss=  10.9264      val_loss=  16.6274      best=1      size= 285      nSHD_c=   8.6000      nSHD=   8.5667      tpr_c=   0.1263      change_adj_count=164      
2022-08-16 BST 01:51:08,344 - INFO -  epoch= 300      train_loss=  10.1783      val_loss=  14.9038      best=1      size= 293      nSHD_c=   8.6000      nSHD=   8.5333      tpr_c=   0.1365      change_adj_count=229      
2022-08-16 BST 01:51:25,452 - INFO -  epoch= 400      train_loss=   9.7997      val_loss=  14.3209      best=1      size= 293      nSHD_c=   8.6667      nSHD=   8.6000      tpr_c=   0.1331      change_adj_count=280      
2022-08-16 BST 01:51:43,074 - INFO -  epoch= 500      train_loss=   9.2404      val_loss=  13.7724      best=1      size= 287      nSHD_c=   8.4000      nSHD=   8.3333      tpr_c=   0.1394      change_adj_count=324      
2022-08-16 BST 01:52:01,849 - INFO -  epoch= 600      train_loss=   9.7498      val_loss=  11.4824      best=1      size= 286      nSHD_c=   8.4667      nSHD=   8.4000      tpr_c=   0.1329      change_adj_count=361      
2022-08-16 BST 01:52:20,445 - INFO -  epoch= 700      train_loss=   8.7335      val_loss=  11.4444      best=1      size= 284      nSHD_c=   8.4333      nSHD=   8.3667      tpr_c=   0.1338      change_adj_count=393      
2022-08-16 BST 01:52:38,506 - INFO -  epoch= 800      train_loss=   9.0214      val_loss=  11.7781      best=1      size= 289      nSHD_c=   8.5667      nSHD=   8.5000      tpr_c=   0.1315      change_adj_count=437      
2022-08-16 BST 01:52:46,650 - INFO -  epoch= 848      train_loss=   8.2651      val_loss=   9.4765      best=1      size= 291      nSHD_c=   8.6333      nSHD=   8.5667      tpr_c=   0.1306      change_adj_count=454      
2022-08-16 BST 01:52:53,868 - INFO -  epoch= 887      train_loss=   8.5480      val_loss=   9.0299      best=1      size= 292      nSHD_c=   8.6667      nSHD=   8.6000      tpr_c=   0.1301      change_adj_count=466      
2022-08-16 BST 01:52:54,771 - INFO -  epoch= 892      train_loss=   8.2027      val_loss=   8.9382      best=1      size= 291      nSHD_c=   8.6333      nSHD=   8.5667      tpr_c=   0.1306      change_adj_count=466      
2022-08-16 BST 01:52:55,990 - INFO -  epoch= 900      train_loss=   8.7493      val_loss=  10.6978      best=1      size= 290      nSHD_c=   8.5667      nSHD=   8.5000      tpr_c=   0.1345      change_adj_count=470      
2022-08-16 BST 01:53:07,037 - INFO -  epoch= 969      train_loss=   8.0133      val_loss=   8.1179      best=1      size= 288      nSHD_c=   8.5333      nSHD=   8.4667      tpr_c=   0.1319      change_adj_count=490      
2022-08-16 BST 01:53:12,234 - INFO -  epoch=1000      train_loss=   8.1527      val_loss=  10.1467      best=1      size= 285      nSHD_c=   8.4667      nSHD=   8.3667      tpr_c=   0.1298      change_adj_count=502      
2022-08-16 BST 01:53:12,235 - INFO - Before params
2022-08-16 BST 01:53:12,235 - INFO - After params={'MAX_SIZE': [None], 'LAMBDA': [0.1], 'NOISE_TEMPERATURE': [10], 'h_NULL': [0.001], 'h_LR': [0.001], 'z_RHO': [0], 'z_MU': [0]}
2022-08-16 BST 01:53:12,235 - INFO - After metrics={'train_loss': [8.152716282875307], 'val_loss': [10.146729946136475], 'size': [285], 'nshd_c': [8.466666666666667], 'nshd': [8.366666666666667], 'tpr': [0.7017543859649122], 'tpr_c': [0.12982456140350876], 'change_adj_count': [502]}
2022-08-16 BST 01:53:12,253 - INFO - After to_save=  MAX_SIZE  LAMBDA  NOISE_TEMPERATURE  ...       tpr     tpr_c  change_adj_count
0     None     0.1                 10  ...  0.701754  0.129825               502

[1 rows x 16 columns]
2022-08-16 BST 01:53:12,253 - INFO - After file_path='../results/l_66none_4hps.csv'
2022-08-16 BST 01:53:12,256 - INFO - Last epoch results saved in l_66none_4hps.csv
2022-08-16 BST 01:53:12,257 - INFO - 

DAG 6: size_true=64	X.var()=29.7229
2022-08-16 BST 01:53:12,516 - INFO -  epoch=   1      train_loss=  15.4017      val_loss=  16.8952      best=1      size= 259      nSHD_c=   9.0667      nSHD=   9.0333      tpr_c=   0.0618      change_adj_count=5      
2022-08-16 BST 01:53:12,784 - INFO -  epoch=   2      train_loss=   8.0662      val_loss=  12.7638      best=1      size= 261      nSHD_c=   9.1667      nSHD=   9.1333      tpr_c=   0.0498      change_adj_count=6      
2022-08-16 BST 01:53:13,213 - INFO -  epoch=   4      train_loss=   6.5702      val_loss=  10.5798      best=1      size= 246      nSHD_c=   8.3667      nSHD=   8.2667      tpr_c=   0.0772      change_adj_count=8      
2022-08-16 BST 01:53:29,582 - INFO -  epoch= 100      train_loss=   6.3143      val_loss=   8.6736      best=1      size= 275      nSHD_c=   8.2333      nSHD=   8.2000      tpr_c=   0.1418      change_adj_count=101      
2022-08-16 BST 01:53:47,676 - INFO -  epoch= 200      train_loss=   6.1384      val_loss=   8.5316      best=1      size= 286      nSHD_c=   8.5000      nSHD=   8.5000      tpr_c=   0.1329      change_adj_count=183      
2022-08-16 BST 01:54:06,151 - INFO -  epoch= 300      train_loss=   6.0883      val_loss=   8.9066      best=1      size= 286      nSHD_c=   8.4333      nSHD=   8.4333      tpr_c=   0.1399      change_adj_count=251      
2022-08-16 BST 01:54:23,042 - INFO -  epoch= 400      train_loss=   6.1362      val_loss=   7.8697      best=1      size= 303      nSHD_c=   8.8667      nSHD=   8.8333      tpr_c=   0.1419      change_adj_count=311      
2022-08-16 BST 01:54:40,908 - INFO -  epoch= 500      train_loss=   6.0262      val_loss=   8.1566      best=1      size= 306      nSHD_c=   9.0000      nSHD=   8.9667      tpr_c=   0.1373      change_adj_count=361      
2022-08-16 BST 01:54:58,572 - INFO -  epoch= 600      train_loss=   6.0457      val_loss=   7.6128      best=1      size= 306      nSHD_c=   8.9333      nSHD=   8.9000      tpr_c=   0.1405      change_adj_count=402      
2022-08-16 BST 01:55:16,810 - INFO -  epoch= 700      train_loss=   5.7766      val_loss=   7.9914      best=1      size= 306      nSHD_c=   8.9667      nSHD=   8.9667      tpr_c=   0.1438      change_adj_count=455      
2022-08-16 BST 01:55:35,934 - INFO -  epoch= 800      train_loss=   5.8786      val_loss=   8.5865      best=1      size= 319      nSHD_c=   9.4333      nSHD=   9.4333      tpr_c=   0.1317      change_adj_count=500      
2022-08-16 BST 01:55:54,425 - INFO -  epoch= 900      train_loss=   5.8024      val_loss=   8.5547      best=1      size= 321      nSHD_c=   9.5000      nSHD=   9.5000      tpr_c=   0.1340      change_adj_count=531      
2022-08-16 BST 01:56:12,897 - INFO -  epoch=1000      train_loss=   5.8180      val_loss=   7.7513      best=1      size= 322      nSHD_c=   9.4333      nSHD=   9.4333      tpr_c=   0.1366      change_adj_count=561      
2022-08-16 BST 01:56:12,897 - INFO - Before params
2022-08-16 BST 01:56:12,898 - INFO - After params={'MAX_SIZE': [None], 'LAMBDA': [0.1], 'NOISE_TEMPERATURE': [10], 'h_NULL': [0.001], 'h_LR': [0.001], 'z_RHO': [0], 'z_MU': [0]}
2022-08-16 BST 01:56:12,898 - INFO - After metrics={'train_loss': [5.818032649255568], 'val_loss': [7.751264651616414], 'size': [322], 'nshd_c': [9.433333333333334], 'nshd': [9.433333333333334], 'tpr': [0.6875], 'tpr_c': [0.13664596273291926], 'change_adj_count': [561]}
2022-08-16 BST 01:56:12,918 - INFO - After to_save=  MAX_SIZE  LAMBDA  NOISE_TEMPERATURE  ...     tpr     tpr_c  change_adj_count
0     None     0.1                 10  ...  0.6875  0.136646               561

[1 rows x 16 columns]
2022-08-16 BST 01:56:12,918 - INFO - After file_path='../results/l_66none_4hps.csv'
2022-08-16 BST 01:56:12,925 - INFO - Last epoch results saved in l_66none_4hps.csv
2022-08-16 BST 01:56:12,925 - INFO - 

DAG 7: size_true=62	X.var()=55.6800
2022-08-16 BST 01:56:13,195 - INFO -  epoch=   1      train_loss=  23.8176      val_loss=  16.1413      best=1      size= 254      nSHD_c=   8.8000      nSHD=   8.7333      tpr_c=   0.0512      change_adj_count=5      
2022-08-16 BST 01:56:29,313 - INFO -  epoch= 100      train_loss=   7.3576      val_loss=  22.2378      best=1      size= 293      nSHD_c=   9.0000      nSHD=   9.0000      tpr_c=   0.1160      change_adj_count=98      
2022-08-16 BST 01:56:48,186 - INFO -  epoch= 200      train_loss=   7.2680      val_loss=  21.9340      best=1      size= 314      nSHD_c=   9.3000      nSHD=   9.1667      tpr_c=   0.1306      change_adj_count=183      
2022-08-16 BST 01:57:06,269 - INFO -  epoch= 300      train_loss=   7.1762      val_loss=  24.0407      best=1      size= 315      nSHD_c=   9.2333      nSHD=   9.1667      tpr_c=   0.1365      change_adj_count=253      
2022-08-16 BST 01:57:25,065 - INFO -  epoch= 400      train_loss=   6.9881      val_loss=  20.4234      best=1      size= 320      nSHD_c=   9.4333      nSHD=   9.3333      tpr_c=   0.1281      change_adj_count=309      
2022-08-16 BST 01:57:42,846 - INFO -  epoch= 500      train_loss=   7.1670      val_loss=  21.2076      best=1      size= 317      nSHD_c=   9.2333      nSHD=   9.1333      tpr_c=   0.1356      change_adj_count=357      
2022-08-16 BST 01:58:00,340 - INFO -  epoch= 600      train_loss=   7.0245      val_loss=  20.7676      best=1      size= 321      nSHD_c=   9.2000      nSHD=   9.1000      tpr_c=   0.1433      change_adj_count=398      
2022-08-16 BST 01:58:18,528 - INFO -  epoch= 700      train_loss=   6.8161      val_loss=  23.2720      best=1      size= 326      nSHD_c=   9.4333      nSHD=   9.3333      tpr_c=   0.1411      change_adj_count=442      
2022-08-16 BST 01:58:35,529 - INFO -  epoch= 800      train_loss=   6.7114      val_loss=  22.8934      best=1      size= 331      nSHD_c=   9.4000      nSHD=   9.3000      tpr_c=   0.1511      change_adj_count=475      
2022-08-16 BST 01:58:50,915 - INFO -  epoch= 900      train_loss=   6.6912      val_loss=  19.4818      best=1      size= 332      nSHD_c=   9.5000      nSHD=   9.4000      tpr_c=   0.1476      change_adj_count=506      
2022-08-16 BST 01:59:07,360 - INFO -  epoch=1000      train_loss=   6.7654      val_loss=  20.5862      best=1      size= 333      nSHD_c=   9.6000      nSHD=   9.5000      tpr_c=   0.1441      change_adj_count=539      
2022-08-16 BST 01:59:07,360 - INFO - Before params
2022-08-16 BST 01:59:07,361 - INFO - After params={'MAX_SIZE': [None], 'LAMBDA': [0.1], 'NOISE_TEMPERATURE': [10], 'h_NULL': [0.001], 'h_LR': [0.001], 'z_RHO': [0], 'z_MU': [0]}
2022-08-16 BST 01:59:07,361 - INFO - After metrics={'train_loss': [6.765421990425356], 'val_loss': [20.58617369333903], 'size': [333], 'nshd_c': [9.6], 'nshd': [9.5], 'tpr': [0.8225806451612904], 'tpr_c': [0.14414414414414414], 'change_adj_count': [539]}
2022-08-16 BST 01:59:07,383 - INFO - After to_save=  MAX_SIZE  LAMBDA  NOISE_TEMPERATURE  ...       tpr     tpr_c  change_adj_count
0     None     0.1                 10  ...  0.822581  0.144144               539

[1 rows x 16 columns]
2022-08-16 BST 01:59:07,383 - INFO - After file_path='../results/l_66none_4hps.csv'
2022-08-16 BST 01:59:07,386 - INFO - Last epoch results saved in l_66none_4hps.csv
2022-08-16 BST 01:59:07,387 - INFO - 

DAG 8: size_true=63	X.var()=39.3378
2022-08-16 BST 01:59:07,593 - INFO -  epoch=   1      train_loss=  23.1816      val_loss=  21.5071      best=1      size= 260      nSHD_c=   8.9667      nSHD=   8.9000      tpr_c=   0.0615      change_adj_count=5      
2022-08-16 BST 01:59:07,787 - INFO -  epoch=   2      train_loss=  11.2525      val_loss=  13.2941      best=1      size= 259      nSHD_c=   9.1333      nSHD=   9.0667      tpr_c=   0.0463      change_adj_count=6      
2022-08-16 BST 01:59:22,328 - INFO -  epoch= 100      train_loss=   7.6630      val_loss=  12.3594      best=1      size= 279      nSHD_c=   8.1333      nSHD=   8.0000      tpr_c=   0.1577      change_adj_count=96      
2022-08-16 BST 01:59:37,922 - INFO -  epoch= 200      train_loss=   7.7480      val_loss=  10.9082      best=1      size= 282      nSHD_c=   8.1667      nSHD=   8.0667      tpr_c=   0.1596      change_adj_count=175      
2022-08-16 BST 01:59:51,839 - INFO -  epoch= 300      train_loss=   7.5270      val_loss=  11.1776      best=1      size= 282      nSHD_c=   7.9667      nSHD=   7.8000      tpr_c=   0.1667      change_adj_count=243      
2022-08-16 BST 02:00:06,676 - INFO -  epoch= 400      train_loss=   7.3741      val_loss=  10.2569      best=1      size= 281      nSHD_c=   8.0333      nSHD=   7.9667      tpr_c=   0.1601      change_adj_count=292      
2022-08-16 BST 02:00:22,800 - INFO -  epoch= 500      train_loss=   7.5083      val_loss=  11.2892      best=1      size= 286      nSHD_c=   8.3000      nSHD=   8.2333      tpr_c=   0.1538      change_adj_count=346      
2022-08-16 BST 02:00:39,506 - INFO -  epoch= 600      train_loss=   7.4287      val_loss=   9.7758      best=1      size= 287      nSHD_c=   8.3000      nSHD=   8.2333      tpr_c=   0.1533      change_adj_count=388      
2022-08-16 BST 02:00:55,776 - INFO -  epoch= 700      train_loss=   7.1430      val_loss=   9.7821      best=1      size= 288      nSHD_c=   8.2000      nSHD=   8.1333      tpr_c=   0.1597      change_adj_count=421      
2022-08-16 BST 02:01:10,519 - INFO -  epoch= 800      train_loss=   6.9215      val_loss=   9.0017      best=1      size= 288      nSHD_c=   8.3667      nSHD=   8.3000      tpr_c=   0.1493      change_adj_count=456      
2022-08-16 BST 02:01:25,220 - INFO -  epoch= 900      train_loss=   7.1712      val_loss=   9.4362      best=1      size= 296      nSHD_c=   8.5000      nSHD=   8.4333      tpr_c=   0.1520      change_adj_count=497      
2022-08-16 BST 02:01:40,659 - INFO -  epoch=1000      train_loss=   6.6428      val_loss=   9.0475      best=1      size= 299      nSHD_c=   8.5333      nSHD=   8.4667      tpr_c=   0.1538      change_adj_count=528      
2022-08-16 BST 02:01:40,659 - INFO - Before params
2022-08-16 BST 02:01:40,660 - INFO - After params={'MAX_SIZE': [None], 'LAMBDA': [0.1], 'NOISE_TEMPERATURE': [10], 'h_NULL': [0.001], 'h_LR': [0.001], 'z_RHO': [0], 'z_MU': [0]}
2022-08-16 BST 02:01:40,660 - INFO - After metrics={'train_loss': [6.642796577945832], 'val_loss': [9.047532240549723], 'size': [299], 'nshd_c': [8.533333333333333], 'nshd': [8.466666666666667], 'tpr': [0.7619047619047619], 'tpr_c': [0.15384615384615385], 'change_adj_count': [528]}
2022-08-16 BST 02:01:40,676 - INFO - After to_save=  MAX_SIZE  LAMBDA  NOISE_TEMPERATURE  ...       tpr     tpr_c  change_adj_count
0     None     0.1                 10  ...  0.761905  0.153846               528

[1 rows x 16 columns]
2022-08-16 BST 02:01:40,677 - INFO - After file_path='../results/l_66none_4hps.csv'
2022-08-16 BST 02:01:40,679 - INFO - Last epoch results saved in l_66none_4hps.csv
2022-08-16 BST 02:01:40,680 - INFO - 

DAG 9: size_true=61	X.var()=94.6254
2022-08-16 BST 02:01:40,915 - INFO -  epoch=   1      train_loss=  43.3918      val_loss=  35.9065      best=1      size= 248      nSHD_c=   8.7333      nSHD=   8.7000      tpr_c=   0.0524      change_adj_count=5      
2022-08-16 BST 02:01:57,200 - INFO -  epoch= 100      train_loss=  13.2893      val_loss=  30.2368      best=1      size= 308      nSHD_c=   9.1333      nSHD=   9.0000      tpr_c=   0.1234      change_adj_count=102      
2022-08-16 BST 02:02:13,055 - INFO -  epoch= 200      train_loss=  12.3206      val_loss=  31.0622      best=1      size= 330      nSHD_c=   9.7667      nSHD=   9.7333      tpr_c=   0.1242      change_adj_count=187      
2022-08-16 BST 02:02:27,859 - INFO -  epoch= 300      train_loss=  12.6303      val_loss=  37.1559      best=1      size= 335      nSHD_c=  10.0333      nSHD=   9.9667      tpr_c=   0.1194      change_adj_count=262      
2022-08-16 BST 02:02:43,202 - INFO -  epoch= 400      train_loss=  12.7178      val_loss=  31.7559      best=1      size= 331      nSHD_c=   9.9000      nSHD=   9.8333      tpr_c=   0.1208      change_adj_count=313      
2022-08-16 BST 02:02:58,042 - INFO -  epoch= 500      train_loss=  12.3294      val_loss=  32.2171      best=1      size= 344      nSHD_c=  10.1333      nSHD=  10.0667      tpr_c=   0.1221      change_adj_count=365      
2022-08-16 BST 02:03:14,773 - INFO -  epoch= 600      train_loss=  12.5355      val_loss=  28.4646      best=1      size= 337      nSHD_c=   9.9667      nSHD=   9.9000      tpr_c=   0.1217      change_adj_count=409      
2022-08-16 BST 02:03:29,950 - INFO -  epoch= 700      train_loss=  12.0137      val_loss=  31.6346      best=1      size= 333      nSHD_c=   9.9000      nSHD=   9.8000      tpr_c=   0.1201      change_adj_count=449      
2022-08-16 BST 02:03:47,110 - INFO -  epoch= 800      train_loss=  11.8338      val_loss=  27.4516      best=1      size= 328      nSHD_c=   9.7333      nSHD=   9.6667      tpr_c=   0.1220      change_adj_count=483      
2022-08-16 BST 02:04:05,211 - INFO -  epoch= 900      train_loss=  11.7779      val_loss=  25.9627      best=1      size= 337      nSHD_c=   9.9667      nSHD=   9.9000      tpr_c=   0.1217      change_adj_count=515      
2022-08-16 BST 02:04:23,066 - INFO -  epoch=1000      train_loss=  11.5444      val_loss=  25.2518      best=1      size= 338      nSHD_c=  10.0000      nSHD=   9.9333      tpr_c=   0.1213      change_adj_count=553      
2022-08-16 BST 02:04:23,066 - INFO - Before params
2022-08-16 BST 02:04:23,066 - INFO - After params={'MAX_SIZE': [None], 'LAMBDA': [0.1], 'NOISE_TEMPERATURE': [10], 'h_NULL': [0.001], 'h_LR': [0.001], 'z_RHO': [0], 'z_MU': [0]}
2022-08-16 BST 02:04:23,066 - INFO - After metrics={'train_loss': [11.544403952936973], 'val_loss': [25.251838366190594], 'size': [338], 'nshd_c': [10.0], 'nshd': [9.933333333333334], 'tpr': [0.7049180327868853], 'tpr_c': [0.12130177514792899], 'change_adj_count': [553]}
2022-08-16 BST 02:04:23,084 - INFO - After to_save=  MAX_SIZE  LAMBDA  NOISE_TEMPERATURE  ...       tpr     tpr_c  change_adj_count
0     None     0.1                 10  ...  0.704918  0.121302               553

[1 rows x 16 columns]
2022-08-16 BST 02:04:23,084 - INFO - After file_path='../results/l_66none_4hps.csv'
2022-08-16 BST 02:04:23,087 - INFO - Last epoch results saved in l_66none_4hps.csv
2022-08-16 BST 02:04:23,088 - INFO - 

DAG 10: size_true=51	X.var()=18.9170
2022-08-16 BST 02:04:23,370 - INFO -  epoch=   1      train_loss=  11.5628      val_loss=  10.6375      best=1      size= 259      nSHD_c=   8.6333      nSHD=   8.5667      tpr_c=   0.0656      change_adj_count=5      
2022-08-16 BST 02:04:23,625 - INFO -  epoch=   2      train_loss=   6.5258      val_loss=   8.6917      best=1      size= 262      nSHD_c=   8.7667      nSHD=   8.7333      tpr_c=   0.0573      change_adj_count=6      
2022-08-16 BST 02:04:23,894 - INFO -  epoch=   3      train_loss=   5.5995      val_loss=   6.9151      best=1      size= 252      nSHD_c=   8.3333      nSHD=   8.2333      tpr_c=   0.0635      change_adj_count=7      
2022-08-16 BST 02:04:24,140 - INFO -  epoch=   4      train_loss=   5.3633      val_loss=   6.5253      best=1      size= 251      nSHD_c=   8.2667      nSHD=   8.1667      tpr_c=   0.0757      change_adj_count=8      
2022-08-16 BST 02:04:40,008 - INFO -  epoch= 100      train_loss=   4.9166      val_loss=   4.7671      best=1      size= 269      nSHD_c=   7.8667      nSHD=   7.7333      tpr_c=   0.1338      change_adj_count=89      
2022-08-16 BST 02:04:55,770 - INFO -  epoch= 200      train_loss=   4.8874      val_loss=   5.2451      best=1      size= 280      nSHD_c=   8.4000      nSHD=   8.2333      tpr_c=   0.1143      change_adj_count=149      
2022-08-16 BST 02:05:13,378 - INFO -  epoch= 300      train_loss=   4.7664      val_loss=   5.4885      best=1      size= 278      nSHD_c=   8.4000      nSHD=   8.2333      tpr_c=   0.1115      change_adj_count=200      
2022-08-16 BST 02:05:30,744 - INFO -  epoch= 400      train_loss=   4.7758      val_loss=   5.1735      best=1      size= 278      nSHD_c=   8.4333      nSHD=   8.3333      tpr_c=   0.1151      change_adj_count=236      
2022-08-16 BST 02:05:45,649 - INFO -  epoch= 500      train_loss=   4.6312      val_loss=   5.1386      best=1      size= 282      nSHD_c=   8.4667      nSHD=   8.3000      tpr_c=   0.1206      change_adj_count=275      
2022-08-16 BST 02:06:02,413 - INFO -  epoch= 600      train_loss=   4.7678      val_loss=   5.1364      best=1      size= 286      nSHD_c=   8.5667      nSHD=   8.4333      tpr_c=   0.1224      change_adj_count=304      
2022-08-16 BST 02:06:20,176 - INFO -  epoch= 700      train_loss=   4.5812      val_loss=   4.7410      best=1      size= 286      nSHD_c=   8.5667      nSHD=   8.4333      tpr_c=   0.1224      change_adj_count=339      
2022-08-16 BST 02:06:38,281 - INFO -  epoch= 800      train_loss=   4.5597      val_loss=   4.9801      best=1      size= 289      nSHD_c=   8.6667      nSHD=   8.5000      tpr_c=   0.1176      change_adj_count=370      
2022-08-16 BST 02:06:55,308 - INFO -  epoch= 900      train_loss=   4.4659      val_loss=   4.3404      best=1      size= 286      nSHD_c=   8.4667      nSHD=   8.3333      tpr_c=   0.1259      change_adj_count=393      
2022-08-16 BST 02:07:11,709 - INFO -  epoch=1000      train_loss=   4.4412      val_loss=   4.6829      best=1      size= 289      nSHD_c=   8.6333      nSHD=   8.5000      tpr_c=   0.1211      change_adj_count=411      
2022-08-16 BST 02:07:11,710 - INFO - Before params
2022-08-16 BST 02:07:11,710 - INFO - After params={'MAX_SIZE': [None], 'LAMBDA': [0.1], 'NOISE_TEMPERATURE': [10], 'h_NULL': [0.001], 'h_LR': [0.001], 'z_RHO': [0], 'z_MU': [0]}
2022-08-16 BST 02:07:11,710 - INFO - After metrics={'train_loss': [4.44123730351848], 'val_loss': [4.682914733886719], 'size': [289], 'nshd_c': [8.633333333333333], 'nshd': [8.5], 'tpr': [0.7647058823529411], 'tpr_c': [0.12110726643598616], 'change_adj_count': [411]}
2022-08-16 BST 02:07:11,728 - INFO - After to_save=  MAX_SIZE  LAMBDA  NOISE_TEMPERATURE  ...       tpr     tpr_c  change_adj_count
0     None     0.1                 10  ...  0.764706  0.121107               411

[1 rows x 16 columns]
2022-08-16 BST 02:07:11,728 - INFO - After file_path='../results/l_66none_4hps.csv'
2022-08-16 BST 02:07:11,731 - INFO - Last epoch results saved in l_66none_4hps.csv
2022-08-16 BST 02:07:11,732 - INFO - 

DAG 11: size_true=68	X.var()=127.5135
2022-08-16 BST 02:07:11,960 - INFO -  epoch=   1      train_loss=  67.5427      val_loss=  48.4297      best=1      size= 249      nSHD_c=   8.8333      nSHD=   8.7333      tpr_c=   0.0643      change_adj_count=5      
2022-08-16 BST 02:07:29,090 - INFO -  epoch= 100      train_loss=  16.3895      val_loss=  44.7942      best=1      size= 278      nSHD_c=   8.1667      nSHD=   8.1667      tpr_c=   0.1655      change_adj_count=95      
2022-08-16 BST 02:07:46,353 - INFO -  epoch= 200      train_loss=  16.6953      val_loss=  39.2703      best=1      size= 286      nSHD_c=   8.4333      nSHD=   8.4000      tpr_c=   0.1608      change_adj_count=170      
2022-08-16 BST 02:08:03,678 - INFO -  epoch= 300      train_loss=  15.7738      val_loss=  39.8423      best=1      size= 283      nSHD_c=   8.2667      nSHD=   8.2667      tpr_c=   0.1696      change_adj_count=239      
2022-08-16 BST 02:08:18,742 - INFO -  epoch= 400      train_loss=  15.5977      val_loss=  35.1071      best=1      size= 293      nSHD_c=   8.4333      nSHD=   8.4000      tpr_c=   0.1672      change_adj_count=285      
2022-08-16 BST 02:08:36,056 - INFO -  epoch= 500      train_loss=  14.9414      val_loss=  36.2507      best=1      size= 302      nSHD_c=   8.5333      nSHD=   8.5333      tpr_c=   0.1722      change_adj_count=333      
2022-08-16 BST 02:08:53,962 - INFO -  epoch= 600      train_loss=  14.8391      val_loss=  32.5436      best=1      size= 302      nSHD_c=   8.7000      nSHD=   8.6333      tpr_c=   0.1589      change_adj_count=373      
2022-08-16 BST 02:09:10,105 - INFO -  epoch= 700      train_loss=  14.5132      val_loss=  33.5036      best=1      size= 296      nSHD_c=   8.5333      nSHD=   8.4667      tpr_c=   0.1622      change_adj_count=416      
2022-08-16 BST 02:09:25,304 - INFO -  epoch= 800      train_loss=  14.4839      val_loss=  31.5243      best=1      size= 298      nSHD_c=   8.4667      nSHD=   8.4000      tpr_c=   0.1644      change_adj_count=449      
2022-08-16 BST 02:09:39,978 - INFO -  epoch= 900      train_loss=  13.3475      val_loss=  30.3122      best=1      size= 298      nSHD_c=   8.5333      nSHD=   8.4667      tpr_c=   0.1611      change_adj_count=496      
2022-08-16 BST 02:09:54,853 - INFO -  epoch=1000      train_loss=  13.1835      val_loss=  27.4915      best=1      size= 295      nSHD_c=   8.3667      nSHD=   8.2667      tpr_c=   0.1627      change_adj_count=535      
2022-08-16 BST 02:09:54,853 - INFO - Before params
2022-08-16 BST 02:09:54,854 - INFO - After params={'MAX_SIZE': [None], 'LAMBDA': [0.1], 'NOISE_TEMPERATURE': [10], 'h_NULL': [0.001], 'h_LR': [0.001], 'z_RHO': [0], 'z_MU': [0]}
2022-08-16 BST 02:09:54,854 - INFO - After metrics={'train_loss': [13.183544374281361], 'val_loss': [27.491526285807293], 'size': [295], 'nshd_c': [8.366666666666667], 'nshd': [8.266666666666667], 'tpr': [0.75], 'tpr_c': [0.16271186440677965], 'change_adj_count': [535]}
2022-08-16 BST 02:09:54,871 - INFO - After to_save=  MAX_SIZE  LAMBDA  NOISE_TEMPERATURE  ...   tpr     tpr_c  change_adj_count
0     None     0.1                 10  ...  0.75  0.162712               535

[1 rows x 16 columns]
2022-08-16 BST 02:09:54,871 - INFO - After file_path='../results/l_66none_4hps.csv'
2022-08-16 BST 02:09:54,873 - INFO - Last epoch results saved in l_66none_4hps.csv
2022-08-16 BST 02:09:54,874 - INFO - 

DAG 12: size_true=53	X.var()=15.8398
2022-08-16 BST 02:09:55,103 - INFO -  epoch=   1      train_loss=  10.0374      val_loss=   8.5404      best=1      size= 259      nSHD_c=   9.0667      nSHD=   8.9667      tpr_c=   0.0386      change_adj_count=5      
2022-08-16 BST 02:09:56,587 - INFO -  epoch=  10      train_loss=   4.1428      val_loss=   4.6312      best=1      size= 245      nSHD_c=   8.2333      nSHD=   8.0667      tpr_c=   0.0694      change_adj_count=14      
2022-08-16 BST 02:10:10,442 - INFO -  epoch= 100      train_loss=   4.1044      val_loss=   4.7888      best=1      size= 274      nSHD_c=   8.2333      nSHD=   8.0000      tpr_c=   0.1168      change_adj_count=89      
2022-08-16 BST 02:10:25,318 - INFO -  epoch= 200      train_loss=   4.3415      val_loss=   4.8286      best=1      size= 277      nSHD_c=   8.3667      nSHD=   8.1667      tpr_c=   0.1155      change_adj_count=153      
2022-08-16 BST 02:10:39,853 - INFO -  epoch= 300      train_loss=   4.1761      val_loss=   4.7663      best=1      size= 278      nSHD_c=   8.3333      nSHD=   8.1000      tpr_c=   0.1223      change_adj_count=201      
2022-08-16 BST 02:10:54,063 - INFO -  epoch= 400      train_loss=   4.0469      val_loss=   4.6833      best=1      size= 277      nSHD_c=   8.2000      nSHD=   7.9333      tpr_c=   0.1264      change_adj_count=239      
2022-08-16 BST 02:11:10,370 - INFO -  epoch= 500      train_loss=   3.9907      val_loss=   4.3385      best=1      size= 280      nSHD_c=   8.2667      nSHD=   8.0333      tpr_c=   0.1286      change_adj_count=283      
2022-08-16 BST 02:11:26,902 - INFO -  epoch= 600      train_loss=   3.8519      val_loss=   3.7679      best=1      size= 284      nSHD_c=   8.4000      nSHD=   8.2667      tpr_c=   0.1303      change_adj_count=316      
2022-08-16 BST 02:11:44,101 - INFO -  epoch= 700      train_loss=   3.8942      val_loss=   4.1118      best=1      size= 285      nSHD_c=   8.3667      nSHD=   8.2333      tpr_c=   0.1298      change_adj_count=343      
2022-08-16 BST 02:12:01,698 - INFO -  epoch= 800      train_loss=   4.0069      val_loss=   4.2684      best=1      size= 287      nSHD_c=   8.4667      nSHD=   8.3333      tpr_c=   0.1289      change_adj_count=369      
2022-08-16 BST 02:12:18,296 - INFO -  epoch= 900      train_loss=   3.8491      val_loss=   3.5007      best=1      size= 285      nSHD_c=   8.4000      nSHD=   8.2667      tpr_c=   0.1298      change_adj_count=396      
2022-08-16 BST 02:12:35,036 - INFO -  epoch=1000      train_loss=   3.8171      val_loss=   3.7602      best=1      size= 287      nSHD_c=   8.3000      nSHD=   8.1667      tpr_c=   0.1394      change_adj_count=424      
2022-08-16 BST 02:12:35,037 - INFO - Before params
2022-08-16 BST 02:12:35,037 - INFO - After params={'MAX_SIZE': [None], 'LAMBDA': [0.1], 'NOISE_TEMPERATURE': [10], 'h_NULL': [0.001], 'h_LR': [0.001], 'z_RHO': [0], 'z_MU': [0]}
2022-08-16 BST 02:12:35,037 - INFO - After metrics={'train_loss': [3.8171104154279156], 'val_loss': [3.7602086861928306], 'size': [287], 'nshd_c': [8.3], 'nshd': [8.166666666666666], 'tpr': [0.8301886792452831], 'tpr_c': [0.13937282229965156], 'change_adj_count': [424]}
2022-08-16 BST 02:12:35,055 - INFO - After to_save=  MAX_SIZE  LAMBDA  NOISE_TEMPERATURE  ...       tpr     tpr_c  change_adj_count
0     None     0.1                 10  ...  0.830189  0.139373               424

[1 rows x 16 columns]
2022-08-16 BST 02:12:35,055 - INFO - After file_path='../results/l_66none_4hps.csv'
2022-08-16 BST 02:12:35,059 - INFO - Last epoch results saved in l_66none_4hps.csv
2022-08-16 BST 02:12:35,060 - INFO - 

DAG 13: size_true=53	X.var()=112.2632
2022-08-16 BST 02:12:35,296 - INFO -  epoch=   1      train_loss=  63.9241      val_loss=  30.4963      best=1      size= 260      nSHD_c=   8.9333      nSHD=   8.9000      tpr_c=   0.0423      change_adj_count=5      
2022-08-16 BST 02:12:51,299 - INFO -  epoch= 100      train_loss=  13.7934      val_loss=  43.1032      best=1      size= 272      nSHD_c=   8.3333      nSHD=   8.3333      tpr_c=   0.1287      change_adj_count=89      
2022-08-16 BST 02:13:06,466 - INFO -  epoch= 200      train_loss=  12.3356      val_loss=  44.3556      best=1      size= 284      nSHD_c=   8.5667      nSHD=   8.5333      tpr_c=   0.1268      change_adj_count=151      
2022-08-16 BST 02:13:21,785 - INFO -  epoch= 300      train_loss=  12.9420      val_loss=  38.6675      best=1      size= 278      nSHD_c=   8.5667      nSHD=   8.4000      tpr_c=   0.1079      change_adj_count=193      
2022-08-16 BST 02:13:37,577 - INFO -  epoch= 400      train_loss=  12.8397      val_loss=  39.6394      best=1      size= 277      nSHD_c=   8.3000      nSHD=   8.2333      tpr_c=   0.1300      change_adj_count=229      
2022-08-16 BST 02:13:52,691 - INFO -  epoch= 500      train_loss=  13.1591      val_loss=  35.0746      best=1      size= 278      nSHD_c=   8.3333      nSHD=   8.2667      tpr_c=   0.1259      change_adj_count=264      
2022-08-16 BST 02:14:09,540 - INFO -  epoch= 600      train_loss=  11.5142      val_loss=  34.7019      best=1      size= 277      nSHD_c=   8.3000      nSHD=   8.2333      tpr_c=   0.1264      change_adj_count=299      
2022-08-16 BST 02:14:26,947 - INFO -  epoch= 700      train_loss=  11.8402      val_loss=  31.9537      best=1      size= 271      nSHD_c=   8.1000      nSHD=   8.0667      tpr_c=   0.1328      change_adj_count=338      
2022-08-16 BST 02:14:45,247 - INFO -  epoch= 800      train_loss=  11.6088      val_loss=  32.8869      best=1      size= 277      nSHD_c=   8.2667      nSHD=   8.2333      tpr_c=   0.1300      change_adj_count=375      
2022-08-16 BST 02:15:03,133 - INFO -  epoch= 900      train_loss=  11.1366      val_loss=  26.8353      best=1      size= 276      nSHD_c=   8.1333      nSHD=   8.1000      tpr_c=   0.1377      change_adj_count=396      
2022-08-16 BST 02:15:19,029 - INFO -  epoch=1000      train_loss=  10.7490      val_loss=  25.9909      best=1      size= 274      nSHD_c=   8.0667      nSHD=   8.0333      tpr_c=   0.1387      change_adj_count=422      
2022-08-16 BST 02:15:19,029 - INFO - Before params
2022-08-16 BST 02:15:19,029 - INFO - After params={'MAX_SIZE': [None], 'LAMBDA': [0.1], 'NOISE_TEMPERATURE': [10], 'h_NULL': [0.001], 'h_LR': [0.001], 'z_RHO': [0], 'z_MU': [0]}
2022-08-16 BST 02:15:19,029 - INFO - After metrics={'train_loss': [10.749034404754639], 'val_loss': [25.99086793263753], 'size': [274], 'nshd_c': [8.066666666666666], 'nshd': [8.033333333333333], 'tpr': [0.7358490566037735], 'tpr_c': [0.1386861313868613], 'change_adj_count': [422]}
2022-08-16 BST 02:15:19,046 - INFO - After to_save=  MAX_SIZE  LAMBDA  NOISE_TEMPERATURE  ...       tpr     tpr_c  change_adj_count
0     None     0.1                 10  ...  0.735849  0.138686               422

[1 rows x 16 columns]
2022-08-16 BST 02:15:19,046 - INFO - After file_path='../results/l_66none_4hps.csv'
2022-08-16 BST 02:15:19,049 - INFO - Last epoch results saved in l_66none_4hps.csv
2022-08-16 BST 02:15:19,050 - INFO - 

DAG 14: size_true=59	X.var()=16.7418
2022-08-16 BST 02:15:19,390 - INFO -  epoch=   1      train_loss=   9.2536      val_loss=   9.9213      best=1      size= 265      nSHD_c=   9.1333      nSHD=   9.0333      tpr_c=   0.0528      change_adj_count=5      
2022-08-16 BST 02:15:19,695 - INFO -  epoch=   2      train_loss=   5.1886      val_loss=   7.5086      best=1      size= 260      nSHD_c=   8.9333      nSHD=   8.8667      tpr_c=   0.0654      change_adj_count=6      
2022-08-16 BST 02:15:20,733 - INFO -  epoch=   7      train_loss=   4.2779      val_loss=   5.9675      best=1      size= 260      nSHD_c=   8.7333      nSHD=   8.6333      tpr_c=   0.0731      change_adj_count=11      
2022-08-16 BST 02:15:21,373 - INFO -  epoch=  10      train_loss=   4.1318      val_loss=   4.9931      best=1      size= 257      nSHD_c=   8.6667      nSHD=   8.5333      tpr_c=   0.0817      change_adj_count=14      
2022-08-16 BST 02:15:21,817 - INFO -  epoch=  12      train_loss=   4.1671      val_loss=   5.3513      best=1      size= 263      nSHD_c=   8.9333      nSHD=   8.8667      tpr_c=   0.0760      change_adj_count=16      
2022-08-16 BST 02:15:37,039 - INFO -  epoch= 100      train_loss=   4.1183      val_loss=   4.9428      best=1      size= 275      nSHD_c=   8.2000      nSHD=   8.1333      tpr_c=   0.1382      change_adj_count=96      
2022-08-16 BST 02:15:51,850 - INFO -  epoch= 200      train_loss=   4.2456      val_loss=   5.7000      best=1      size= 287      nSHD_c=   8.4667      nSHD=   8.4000      tpr_c=   0.1429      change_adj_count=167      
2022-08-16 BST 02:16:09,051 - INFO -  epoch= 300      train_loss=   4.0694      val_loss=   5.0483      best=1      size= 293      nSHD_c=   8.4333      nSHD=   8.3333      tpr_c=   0.1502      change_adj_count=228      
2022-08-16 BST 02:16:26,093 - INFO -  epoch= 400      train_loss=   4.0877      val_loss=   5.4872      best=1      size= 291      nSHD_c=   8.4333      nSHD=   8.3333      tpr_c=   0.1478      change_adj_count=284      
2022-08-16 BST 02:16:41,790 - INFO -  epoch= 500      train_loss=   4.0822      val_loss=   5.0797      best=1      size= 295      nSHD_c=   8.4333      nSHD=   8.2667      tpr_c=   0.1492      change_adj_count=330      
2022-08-16 BST 02:16:56,315 - INFO -  epoch= 600      train_loss=   4.0568      val_loss=   4.9416      best=1      size= 295      nSHD_c=   8.5000      nSHD=   8.3667      tpr_c=   0.1458      change_adj_count=367      
2022-08-16 BST 02:17:11,016 - INFO -  epoch= 700      train_loss=   3.9948      val_loss=   5.2352      best=1      size= 299      nSHD_c=   8.5667      nSHD=   8.4333      tpr_c=   0.1438      change_adj_count=405      
2022-08-16 BST 02:17:26,912 - INFO -  epoch= 800      train_loss=   4.0644      val_loss=   5.3987      best=1      size= 299      nSHD_c=   8.5667      nSHD=   8.4667      tpr_c=   0.1472      change_adj_count=440      
2022-08-16 BST 02:17:42,074 - INFO -  epoch= 900      train_loss=   4.0165      val_loss=   4.7691      best=1      size= 301      nSHD_c=   8.6667      nSHD=   8.5333      tpr_c=   0.1429      change_adj_count=465      
2022-08-16 BST 02:17:58,541 - INFO -  epoch=1000      train_loss=   3.9792      val_loss=   4.8409      best=1      size= 308      nSHD_c=   8.9000      nSHD=   8.8000      tpr_c=   0.1396      change_adj_count=492      
2022-08-16 BST 02:17:58,542 - INFO - Before params
2022-08-16 BST 02:17:58,542 - INFO - After params={'MAX_SIZE': [None], 'LAMBDA': [0.1], 'NOISE_TEMPERATURE': [10], 'h_NULL': [0.001], 'h_LR': [0.001], 'z_RHO': [0], 'z_MU': [0]}
2022-08-16 BST 02:17:58,542 - INFO - After metrics={'train_loss': [3.9792187598443802], 'val_loss': [4.840859889984131], 'size': [308], 'nshd_c': [8.9], 'nshd': [8.8], 'tpr': [0.7796610169491526], 'tpr_c': [0.1396103896103896], 'change_adj_count': [492]}
2022-08-16 BST 02:17:58,559 - INFO - After to_save=  MAX_SIZE  LAMBDA  NOISE_TEMPERATURE  ...       tpr    tpr_c  change_adj_count
0     None     0.1                 10  ...  0.779661  0.13961               492

[1 rows x 16 columns]
2022-08-16 BST 02:17:58,559 - INFO - After file_path='../results/l_66none_4hps.csv'
2022-08-16 BST 02:17:58,561 - INFO - Last epoch results saved in l_66none_4hps.csv
2022-08-16 BST 02:17:58,562 - INFO - 

DAG 15: size_true=42	X.var()=8.6273
2022-08-16 BST 02:17:58,825 - INFO -  epoch=   1      train_loss=   5.7802      val_loss=   5.6518      best=1      size= 242      nSHD_c=   8.4667      nSHD=   8.4667      tpr_c=   0.0248      change_adj_count=5      
2022-08-16 BST 02:17:59,080 - INFO -  epoch=   2      train_loss=   3.7291      val_loss=   4.7525      best=1      size= 244      nSHD_c=   8.5000      nSHD=   8.4667      tpr_c=   0.0246      change_adj_count=6      
2022-08-16 BST 02:17:59,331 - INFO -  epoch=   3      train_loss=   3.2862      val_loss=   4.0391      best=1      size= 242      nSHD_c=   8.4000      nSHD=   8.3333      tpr_c=   0.0248      change_adj_count=7      
2022-08-16 BST 02:17:59,572 - INFO -  epoch=   4      train_loss=   3.0842      val_loss=   4.3333      best=1      size= 231      nSHD_c=   8.1000      nSHD=   8.1000      tpr_c=   0.0303      change_adj_count=8      
2022-08-16 BST 02:18:01,748 - INFO -  epoch=  16      train_loss=   2.9708      val_loss=   3.4852      best=1      size= 240      nSHD_c=   7.8333      nSHD=   7.7333      tpr_c=   0.0667      change_adj_count=20      
2022-08-16 BST 02:18:01,988 - INFO -  epoch=  17      train_loss=   2.9519      val_loss=   3.0163      best=1      size= 240      nSHD_c=   7.9000      nSHD=   7.8333      tpr_c=   0.0583      change_adj_count=21      
2022-08-16 BST 02:18:03,349 - INFO -  epoch=  24      train_loss=   2.9186      val_loss=   3.3283      best=1      size= 253      nSHD_c=   8.2667      nSHD=   8.2000      tpr_c=   0.0632      change_adj_count=28      
2022-08-16 BST 02:18:08,174 - INFO -  epoch=  55      train_loss=   2.9128      val_loss=   2.3581      best=1      size= 260      nSHD_c=   8.1000      nSHD=   8.0000      tpr_c=   0.0962      change_adj_count=49      
2022-08-16 BST 02:18:08,395 - INFO -  epoch=  56      train_loss=   2.8931      val_loss=   2.4107      best=1      size= 263      nSHD_c=   8.2000      nSHD=   8.1000      tpr_c=   0.0951      change_adj_count=50      
2022-08-16 BST 02:18:15,173 - INFO -  epoch= 100      train_loss=   2.8590      val_loss=   2.6530      best=1      size= 269      nSHD_c=   8.1667      nSHD=   8.1000      tpr_c=   0.1078      change_adj_count=73      
2022-08-16 BST 02:18:30,962 - INFO -  epoch= 200      train_loss=   2.8716      val_loss=   2.7716      best=1      size= 276      nSHD_c=   8.2333      nSHD=   8.1667      tpr_c=   0.1159      change_adj_count=127      
2022-08-16 BST 02:18:48,638 - INFO -  epoch= 300      train_loss=   2.8480      val_loss=   2.5377      best=1      size= 273      nSHD_c=   7.9667      nSHD=   7.9333      tpr_c=   0.1319      change_adj_count=156      
2022-08-16 BST 02:19:03,688 - INFO -  epoch= 400      train_loss=   2.8532      val_loss=   2.4553      best=1      size= 275      nSHD_c=   8.1333      nSHD=   8.1000      tpr_c=   0.1236      change_adj_count=182      
2022-08-16 BST 02:19:19,285 - INFO -  epoch= 500      train_loss=   2.8859      val_loss=   2.7131      best=1      size= 273      nSHD_c=   8.0667      nSHD=   8.0333      tpr_c=   0.1245      change_adj_count=220      
2022-08-16 BST 02:19:34,586 - INFO -  epoch= 600      train_loss=   2.8021      val_loss=   2.6879      best=1      size= 279      nSHD_c=   8.2000      nSHD=   8.2000      tpr_c=   0.1254      change_adj_count=250      
2022-08-16 BST 02:19:52,175 - INFO -  epoch= 700      train_loss=   2.8148      val_loss=   2.4326      best=1      size= 274      nSHD_c=   8.1000      nSHD=   8.1000      tpr_c=   0.1241      change_adj_count=281      
2022-08-16 BST 02:20:08,802 - INFO -  epoch= 800      train_loss=   2.7602      val_loss=   2.6150      best=1      size= 280      nSHD_c=   8.1667      nSHD=   8.1667      tpr_c=   0.1286      change_adj_count=302      
2022-08-16 BST 02:20:24,751 - INFO -  epoch= 900      train_loss=   2.7308      val_loss=   2.5455      best=1      size= 282      nSHD_c=   8.2667      nSHD=   8.2667      tpr_c=   0.1241      change_adj_count=327      
2022-08-16 BST 02:20:41,212 - INFO -  epoch=1000      train_loss=   2.7477      val_loss=   2.4046      best=1      size= 275      nSHD_c=   8.0000      nSHD=   8.0000      tpr_c=   0.1309      change_adj_count=350      
2022-08-16 BST 02:20:41,212 - INFO - Before params
2022-08-16 BST 02:20:41,212 - INFO - After params={'MAX_SIZE': [None], 'LAMBDA': [0.1], 'NOISE_TEMPERATURE': [10], 'h_NULL': [0.001], 'h_LR': [0.001], 'z_RHO': [0], 'z_MU': [0]}
2022-08-16 BST 02:20:41,212 - INFO - After metrics={'train_loss': [2.7476980301641647], 'val_loss': [2.4045581817626953], 'size': [275], 'nshd_c': [8.0], 'nshd': [8.0], 'tpr': [0.8571428571428571], 'tpr_c': [0.13090909090909092], 'change_adj_count': [350]}
2022-08-16 BST 02:20:41,229 - INFO - After to_save=  MAX_SIZE  LAMBDA  NOISE_TEMPERATURE  ...       tpr     tpr_c  change_adj_count
0     None     0.1                 10  ...  0.857143  0.130909               350

[1 rows x 16 columns]
2022-08-16 BST 02:20:41,229 - INFO - After file_path='../results/l_66none_4hps.csv'
2022-08-16 BST 02:20:41,232 - INFO - Last epoch results saved in l_66none_4hps.csv
2022-08-16 BST 02:20:41,233 - INFO - 

DAG 16: size_true=50	X.var()=12.1502
2022-08-16 BST 02:20:41,493 - INFO -  epoch=   1      train_loss=   7.7180      val_loss=   7.6860      best=1      size= 257      nSHD_c=   8.8667      nSHD=   8.8667      tpr_c=   0.0467      change_adj_count=5      
2022-08-16 BST 02:20:41,746 - INFO -  epoch=   2      train_loss=   4.7243      val_loss=   6.8911      best=1      size= 249      nSHD_c=   8.4333      nSHD=   8.3667      tpr_c=   0.0522      change_adj_count=6      
2022-08-16 BST 02:20:42,010 - INFO -  epoch=   3      train_loss=   3.9970      val_loss=   6.5788      best=1      size= 255      nSHD_c=   8.8000      nSHD=   8.7667      tpr_c=   0.0431      change_adj_count=7      
2022-08-16 BST 02:20:42,269 - INFO -  epoch=   4      train_loss=   3.8067      val_loss=   5.0386      best=1      size= 248      nSHD_c=   8.4000      nSHD=   8.3333      tpr_c=   0.0565      change_adj_count=8      
2022-08-16 BST 02:20:42,526 - INFO -  epoch=   5      train_loss=   3.7443      val_loss=   5.2296      best=1      size= 253      nSHD_c=   8.5000      nSHD=   8.4333      tpr_c=   0.0514      change_adj_count=9      
2022-08-16 BST 02:20:42,794 - INFO -  epoch=   6      train_loss=   3.7377      val_loss=   5.3489      best=1      size= 252      nSHD_c=   8.3333      nSHD=   8.2667      tpr_c=   0.0635      change_adj_count=10      
2022-08-16 BST 02:20:43,037 - INFO -  epoch=   7      train_loss=   3.7193      val_loss=   4.5249      best=1      size= 247      nSHD_c=   8.2000      nSHD=   8.1333      tpr_c=   0.0688      change_adj_count=11      
2022-08-16 BST 02:20:43,455 - INFO -  epoch=   9      train_loss=   3.6447      val_loss=   4.1767      best=1      size= 255      nSHD_c=   8.1667      nSHD=   8.0667      tpr_c=   0.0902      change_adj_count=13      
2022-08-16 BST 02:20:44,345 - INFO -  epoch=  14      train_loss=   3.7178      val_loss=   4.1410      best=1      size= 242      nSHD_c=   7.6000      nSHD=   7.5667      tpr_c=   0.1074      change_adj_count=17      
2022-08-16 BST 02:20:58,518 - INFO -  epoch= 100      train_loss=   3.6010      val_loss=   3.9540      best=1      size= 256      nSHD_c=   7.8667      nSHD=   7.8000      tpr_c=   0.1055      change_adj_count=87      
2022-08-16 BST 02:21:14,307 - INFO -  epoch= 200      train_loss=   3.6205      val_loss=   4.0358      best=1      size= 273      nSHD_c=   8.0667      nSHD=   8.0333      tpr_c=   0.1245      change_adj_count=154      
2022-08-16 BST 02:21:30,502 - INFO -  epoch= 300      train_loss=   3.6390      val_loss=   4.5493      best=1      size= 289      nSHD_c=   8.5333      nSHD=   8.5000      tpr_c=   0.1176      change_adj_count=205      
2022-08-16 BST 02:21:47,592 - INFO -  epoch= 400      train_loss=   3.5383      val_loss=   3.8984      best=1      size= 274      nSHD_c=   8.0000      nSHD=   8.0000      tpr_c=   0.1314      change_adj_count=247      
2022-08-16 BST 02:22:04,164 - INFO -  epoch= 500      train_loss=   3.5917      val_loss=   4.2313      best=1      size= 286      nSHD_c=   8.4333      nSHD=   8.4000      tpr_c=   0.1224      change_adj_count=284      
2022-08-16 BST 02:22:20,046 - INFO -  epoch= 600      train_loss=   3.5118      val_loss=   4.1138      best=1      size= 279      nSHD_c=   8.1000      nSHD=   8.0667      tpr_c=   0.1326      change_adj_count=305      
2022-08-16 BST 02:22:36,257 - INFO -  epoch= 700      train_loss=   3.4863      val_loss=   4.0924      best=1      size= 289      nSHD_c=   8.4667      nSHD=   8.4333      tpr_c=   0.1246      change_adj_count=336      
2022-08-16 BST 02:22:53,864 - INFO -  epoch= 800      train_loss=   3.4753      val_loss=   4.1264      best=1      size= 283      nSHD_c=   8.3333      nSHD=   8.2667      tpr_c=   0.1272      change_adj_count=370      
2022-08-16 BST 02:23:11,825 - INFO -  epoch= 900      train_loss=   3.4405      val_loss=   4.2430      best=1      size= 287      nSHD_c=   8.4000      nSHD=   8.3667      tpr_c=   0.1289      change_adj_count=399      
2022-08-16 BST 02:23:28,117 - INFO -  epoch=1000      train_loss=   3.5041      val_loss=   3.7331      best=1      size= 288      nSHD_c=   8.4667      nSHD=   8.4333      tpr_c=   0.1250      change_adj_count=432      
2022-08-16 BST 02:23:28,117 - INFO - Before params
2022-08-16 BST 02:23:28,117 - INFO - After params={'MAX_SIZE': [None], 'LAMBDA': [0.1], 'NOISE_TEMPERATURE': [10], 'h_NULL': [0.001], 'h_LR': [0.001], 'z_RHO': [0], 'z_MU': [0]}
2022-08-16 BST 02:23:28,117 - INFO - After metrics={'train_loss': [3.504099961250059], 'val_loss': [3.733114997545878], 'size': [288], 'nshd_c': [8.466666666666667], 'nshd': [8.433333333333334], 'tpr': [0.74], 'tpr_c': [0.125], 'change_adj_count': [432]}
2022-08-16 BST 02:23:28,134 - INFO - After to_save=  MAX_SIZE  LAMBDA  NOISE_TEMPERATURE  ...   tpr  tpr_c  change_adj_count
0     None     0.1                 10  ...  0.74  0.125               432

[1 rows x 16 columns]
2022-08-16 BST 02:23:28,134 - INFO - After file_path='../results/l_66none_4hps.csv'
2022-08-16 BST 02:23:28,137 - INFO - Last epoch results saved in l_66none_4hps.csv
2022-08-16 BST 02:23:28,138 - INFO - 

DAG 17: size_true=49	X.var()=16.5203
2022-08-16 BST 02:23:28,372 - INFO -  epoch=   1      train_loss=   9.2997      val_loss=  10.4286      best=1      size= 260      nSHD_c=   9.2667      nSHD=   9.2000      tpr_c=   0.0231      change_adj_count=5      
2022-08-16 BST 02:23:28,601 - INFO -  epoch=   2      train_loss=   5.1727      val_loss=   9.1313      best=1      size= 250      nSHD_c=   8.8333      nSHD=   8.8000      tpr_c=   0.0360      change_adj_count=6      
2022-08-16 BST 02:23:28,845 - INFO -  epoch=   3      train_loss=   4.6274      val_loss=   7.0133      best=1      size= 243      nSHD_c=   8.3667      nSHD=   8.3333      tpr_c=   0.0535      change_adj_count=7      
2022-08-16 BST 02:23:29,077 - INFO -  epoch=   4      train_loss=   4.4500      val_loss=   5.7927      best=1      size= 235      nSHD_c=   8.0000      nSHD=   7.9333      tpr_c=   0.0638      change_adj_count=8      
2022-08-16 BST 02:23:29,315 - INFO -  epoch=   5      train_loss=   4.3475      val_loss=   5.9693      best=1      size= 250      nSHD_c=   8.2667      nSHD=   8.1667      tpr_c=   0.0760      change_adj_count=9      
2022-08-16 BST 02:23:29,555 - INFO -  epoch=   6      train_loss=   4.2900      val_loss=   5.0742      best=1      size= 245      nSHD_c=   7.8667      nSHD=   7.7333      tpr_c=   0.0980      change_adj_count=10      
2022-08-16 BST 02:23:29,964 - INFO -  epoch=   8      train_loss=   4.2970      val_loss=   5.7761      best=1      size= 248      nSHD_c=   7.9667      nSHD=   7.8667      tpr_c=   0.1008      change_adj_count=12      
2022-08-16 BST 02:23:45,007 - INFO -  epoch= 100      train_loss=   4.2321      val_loss=   4.6754      best=1      size= 265      nSHD_c=   8.1333      nSHD=   7.9667      tpr_c=   0.1170      change_adj_count=90      
2022-08-16 BST 02:24:01,511 - INFO -  epoch= 200      train_loss=   4.1358      val_loss=   5.0918      best=1      size= 279      nSHD_c=   8.4667      nSHD=   8.3333      tpr_c=   0.1219      change_adj_count=163      
2022-08-16 BST 02:24:17,969 - INFO -  epoch= 300      train_loss=   4.0654      val_loss=   4.7838      best=1      size= 287      nSHD_c=   8.5667      nSHD=   8.4000      tpr_c=   0.1220      change_adj_count=217      
2022-08-16 BST 02:24:35,116 - INFO -  epoch= 400      train_loss=   4.0714      val_loss=   4.3769      best=1      size= 283      nSHD_c=   8.2667      nSHD=   8.0667      tpr_c=   0.1343      change_adj_count=258      
2022-08-16 BST 02:24:52,007 - INFO -  epoch= 500      train_loss=   4.1199      val_loss=   4.8859      best=1      size= 288      nSHD_c=   8.3333      nSHD=   8.1333      tpr_c=   0.1389      change_adj_count=300      
2022-08-16 BST 02:25:07,455 - INFO -  epoch= 600      train_loss=   4.0157      val_loss=   4.9393      best=1      size= 290      nSHD_c=   8.5333      nSHD=   8.3000      tpr_c=   0.1276      change_adj_count=332      
2022-08-16 BST 02:25:22,944 - INFO -  epoch= 700      train_loss=   3.9893      val_loss=   4.4046      best=1      size= 294      nSHD_c=   8.6333      nSHD=   8.4333      tpr_c=   0.1293      change_adj_count=366      
2022-08-16 BST 02:25:39,199 - INFO -  epoch= 800      train_loss=   3.9903      val_loss=   5.1169      best=1      size= 293      nSHD_c=   8.6000      nSHD=   8.4000      tpr_c=   0.1263      change_adj_count=385      
2022-08-16 BST 02:25:54,503 - INFO -  epoch= 900      train_loss=   3.9713      val_loss=   4.7743      best=1      size= 300      nSHD_c=   8.8000      nSHD=   8.6000      tpr_c=   0.1267      change_adj_count=407      
2022-08-16 BST 02:26:10,330 - INFO -  epoch=1000      train_loss=   3.9783      val_loss=   4.5191      best=1      size= 299      nSHD_c=   8.8000      nSHD=   8.6000      tpr_c=   0.1237      change_adj_count=438      
2022-08-16 BST 02:26:10,330 - INFO - Before params
2022-08-16 BST 02:26:10,330 - INFO - After params={'MAX_SIZE': [None], 'LAMBDA': [0.1], 'NOISE_TEMPERATURE': [10], 'h_NULL': [0.001], 'h_LR': [0.001], 'z_RHO': [0], 'z_MU': [0]}
2022-08-16 BST 02:26:10,330 - INFO - After metrics={'train_loss': [3.9783320657668577], 'val_loss': [4.519145488739014], 'size': [299], 'nshd_c': [8.8], 'nshd': [8.6], 'tpr': [0.8775510204081632], 'tpr_c': [0.12374581939799331], 'change_adj_count': [438]}
2022-08-16 BST 02:26:10,346 - INFO - After to_save=  MAX_SIZE  LAMBDA  NOISE_TEMPERATURE  ...       tpr     tpr_c  change_adj_count
0     None     0.1                 10  ...  0.877551  0.123746               438

[1 rows x 16 columns]
2022-08-16 BST 02:26:10,346 - INFO - After file_path='../results/l_66none_4hps.csv'
2022-08-16 BST 02:26:10,379 - INFO - Last epoch results saved in l_66none_4hps.csv
2022-08-16 BST 02:26:10,380 - INFO - 

DAG 18: size_true=56	X.var()=17.9506
2022-08-16 BST 02:26:10,593 - INFO -  epoch=   1      train_loss=  10.5516      val_loss=   9.3347      best=1      size= 237      nSHD_c=   8.3667      nSHD=   8.2000      tpr_c=   0.0464      change_adj_count=5      
2022-08-16 BST 02:26:10,804 - INFO -  epoch=   2      train_loss=   5.5357      val_loss=   7.4857      best=1      size= 235      nSHD_c=   8.2333      nSHD=   8.0333      tpr_c=   0.0383      change_adj_count=6      
2022-08-16 BST 02:26:11,465 - INFO -  epoch=   6      train_loss=   4.6136      val_loss=   6.5781      best=1      size= 233      nSHD_c=   7.9333      nSHD=   7.7333      tpr_c=   0.0601      change_adj_count=10      
2022-08-16 BST 02:26:11,673 - INFO -  epoch=   7      train_loss=   4.3925      val_loss=   6.0212      best=1      size= 233      nSHD_c=   7.8000      nSHD=   7.6000      tpr_c=   0.0773      change_adj_count=11      
2022-08-16 BST 02:26:11,871 - INFO -  epoch=   8      train_loss=   4.5487      val_loss=   5.5214      best=1      size= 224      nSHD_c=   7.5000      nSHD=   7.3333      tpr_c=   0.0893      change_adj_count=12      
2022-08-16 BST 02:26:26,557 - INFO -  epoch= 100      train_loss=   4.3370      val_loss=   4.6568      best=1      size= 272      nSHD_c=   8.0333      nSHD=   7.7333      tpr_c=   0.1287      change_adj_count=95      
2022-08-16 BST 02:26:43,018 - INFO -  epoch= 200      train_loss=   4.3106      val_loss=   4.5323      best=1      size= 270      nSHD_c=   8.0333      nSHD=   7.7000      tpr_c=   0.1259      change_adj_count=167      
2022-08-16 BST 02:26:59,310 - INFO -  epoch= 300      train_loss=   4.2305      val_loss=   4.6993      best=1      size= 279      nSHD_c=   8.2000      nSHD=   7.8667      tpr_c=   0.1290      change_adj_count=225      
2022-08-16 BST 02:27:14,961 - INFO -  epoch= 400      train_loss=   4.2693      val_loss=   4.6167      best=1      size= 290      nSHD_c=   8.5000      nSHD=   8.1667      tpr_c=   0.1310      change_adj_count=269      
2022-08-16 BST 02:27:31,313 - INFO -  epoch= 500      train_loss=   4.2434      val_loss=   4.9482      best=1      size= 287      nSHD_c=   8.4333      nSHD=   8.1000      tpr_c=   0.1324      change_adj_count=316      
2022-08-16 BST 02:27:46,719 - INFO -  epoch= 600      train_loss=   4.1028      val_loss=   4.6676      best=1      size= 288      nSHD_c=   8.3667      nSHD=   7.9333      tpr_c=   0.1319      change_adj_count=350      
2022-08-16 BST 02:28:03,214 - INFO -  epoch= 700      train_loss=   4.0796      val_loss=   4.3599      best=1      size= 286      nSHD_c=   8.3667      nSHD=   7.9667      tpr_c=   0.1294      change_adj_count=394      
2022-08-16 BST 02:28:19,275 - INFO -  epoch= 800      train_loss=   4.0315      val_loss=   5.2349      best=1      size= 288      nSHD_c=   8.4667      nSHD=   8.1000      tpr_c=   0.1285      change_adj_count=431      
2022-08-16 BST 02:28:35,469 - INFO -  epoch= 900      train_loss=   4.0969      val_loss=   3.9622      best=1      size= 283      nSHD_c=   8.2667      nSHD=   7.9000      tpr_c=   0.1307      change_adj_count=468      
2022-08-16 BST 02:28:51,336 - INFO -  epoch=1000      train_loss=   3.9222      val_loss=   4.5155      best=1      size= 287      nSHD_c=   8.4000      nSHD=   8.0333      tpr_c=   0.1289      change_adj_count=502      
2022-08-16 BST 02:28:51,337 - INFO - Before params
2022-08-16 BST 02:28:51,337 - INFO - After params={'MAX_SIZE': [None], 'LAMBDA': [0.1], 'NOISE_TEMPERATURE': [10], 'h_NULL': [0.001], 'h_LR': [0.001], 'z_RHO': [0], 'z_MU': [0]}
2022-08-16 BST 02:28:51,337 - INFO - After metrics={'train_loss': [3.9222308589566137], 'val_loss': [4.515465259552002], 'size': [287], 'nshd_c': [8.4], 'nshd': [8.033333333333333], 'tpr': [0.8571428571428571], 'tpr_c': [0.1289198606271777], 'change_adj_count': [502]}
2022-08-16 BST 02:28:51,354 - INFO - After to_save=  MAX_SIZE  LAMBDA  NOISE_TEMPERATURE  ...       tpr    tpr_c  change_adj_count
0     None     0.1                 10  ...  0.857143  0.12892               502

[1 rows x 16 columns]
2022-08-16 BST 02:28:51,354 - INFO - After file_path='../results/l_66none_4hps.csv'
2022-08-16 BST 02:28:51,357 - INFO - Last epoch results saved in l_66none_4hps.csv
2022-08-16 BST 02:28:51,358 - INFO - 

DAG 19: size_true=57	X.var()=24.8142
2022-08-16 BST 02:28:51,581 - INFO -  epoch=   1      train_loss=  13.9131      val_loss=  17.4388      best=1      size= 263      nSHD_c=   9.0333      nSHD=   8.9333      tpr_c=   0.0456      change_adj_count=5      
2022-08-16 BST 02:28:51,807 - INFO -  epoch=   2      train_loss=   7.9410      val_loss=  13.9480      best=1      size= 255      nSHD_c=   8.9000      nSHD=   8.8000      tpr_c=   0.0431      change_adj_count=6      
2022-08-16 BST 02:28:52,023 - INFO -  epoch=   3      train_loss=   6.7103      val_loss=  12.1082      best=1      size= 254      nSHD_c=   8.8667      nSHD=   8.7333      tpr_c=   0.0394      change_adj_count=7      
2022-08-16 BST 02:29:08,629 - INFO -  epoch= 100      train_loss=   5.8714      val_loss=   6.8702      best=1      size= 272      nSHD_c=   8.4333      nSHD=   8.3000      tpr_c=   0.1176      change_adj_count=98      
2022-08-16 BST 02:29:25,021 - INFO -  epoch= 200      train_loss=   5.8076      val_loss=   8.0754      best=1      size= 285      nSHD_c=   8.6000      nSHD=   8.4667      tpr_c=   0.1263      change_adj_count=183      
2022-08-16 BST 02:29:40,268 - INFO -  epoch= 300      train_loss=   5.8709      val_loss=   6.9940      best=1      size= 286      nSHD_c=   8.4333      nSHD=   8.2333      tpr_c=   0.1399      change_adj_count=258      
2022-08-16 BST 02:29:55,911 - INFO -  epoch= 400      train_loss=   5.7492      val_loss=   7.5098      best=1      size= 303      nSHD_c=   8.8000      nSHD=   8.6333      tpr_c=   0.1419      change_adj_count=319      
2022-08-16 BST 02:30:11,738 - INFO -  epoch= 500      train_loss=   5.5294      val_loss=   7.7299      best=1      size= 307      nSHD_c=   8.9000      nSHD=   8.6667      tpr_c=   0.1368      change_adj_count=366      
2022-08-16 BST 02:30:27,306 - INFO -  epoch= 600      train_loss=   5.4186      val_loss=   7.5286      best=1      size= 324      nSHD_c=   9.6000      nSHD=   9.3333      tpr_c=   0.1204      change_adj_count=417      
2022-08-16 BST 02:30:43,571 - INFO -  epoch= 700      train_loss=   5.6341      val_loss=   7.5665      best=1      size= 316      nSHD_c=   9.3000      nSHD=   9.0333      tpr_c=   0.1266      change_adj_count=472      
2022-08-16 BST 02:30:59,493 - INFO -  epoch= 800      train_loss=   5.2589      val_loss=   7.2473      best=1      size= 320      nSHD_c=   9.4667      nSHD=   9.2333      tpr_c=   0.1250      change_adj_count=516      
2022-08-16 BST 02:31:15,198 - INFO -  epoch= 900      train_loss=   5.2944      val_loss=   7.5285      best=1      size= 323      nSHD_c=   9.5333      nSHD=   9.2667      tpr_c=   0.1238      change_adj_count=558      
2022-08-16 BST 02:31:31,396 - INFO -  epoch=1000      train_loss=   5.2550      val_loss=   7.8573      best=1      size= 323      nSHD_c=   9.4667      nSHD=   9.2667      tpr_c=   0.1300      change_adj_count=593      
2022-08-16 BST 02:31:31,397 - INFO - Before params
2022-08-16 BST 02:31:31,397 - INFO - After params={'MAX_SIZE': [None], 'LAMBDA': [0.1], 'NOISE_TEMPERATURE': [10], 'h_NULL': [0.001], 'h_LR': [0.001], 'z_RHO': [0], 'z_MU': [0]}
2022-08-16 BST 02:31:31,397 - INFO - After metrics={'train_loss': [5.254982556066206], 'val_loss': [7.857256333033244], 'size': [323], 'nshd_c': [9.466666666666667], 'nshd': [9.266666666666667], 'tpr': [0.8421052631578947], 'tpr_c': [0.13003095975232198], 'change_adj_count': [593]}
2022-08-16 BST 02:31:31,415 - INFO - After to_save=  MAX_SIZE  LAMBDA  NOISE_TEMPERATURE  ...       tpr     tpr_c  change_adj_count
0     None     0.1                 10  ...  0.842105  0.130031               593

[1 rows x 16 columns]
2022-08-16 BST 02:31:31,415 - INFO - After file_path='../results/l_66none_4hps.csv'
2022-08-16 BST 02:31:31,417 - INFO - Last epoch results saved in l_66none_4hps.csv
2022-08-16 BST 02:31:31,418 - INFO - 

DAG 20: size_true=59	X.var()=201.6824
2022-08-16 BST 02:31:31,624 - INFO -  epoch=   1      train_loss=  90.1375      val_loss=  47.0386      best=1      size= 263      nSHD_c=   9.4000      nSHD=   9.3667      tpr_c=   0.0380      change_adj_count=5      
2022-08-16 BST 02:31:48,856 - INFO -  epoch= 100      train_loss=  18.8646      val_loss=  71.5071      best=1      size= 299      nSHD_c=   9.2333      nSHD=   9.1333      tpr_c=   0.1104      change_adj_count=100      
2022-08-16 BST 02:32:05,877 - INFO -  epoch= 200      train_loss=  20.0000      val_loss=  61.9994      best=1      size= 298      nSHD_c=   8.9000      nSHD=   8.8333      tpr_c=   0.1376      change_adj_count=186      
2022-08-16 BST 02:32:22,204 - INFO -  epoch= 300      train_loss=  18.5869      val_loss=  69.3608      best=1      size= 309      nSHD_c=   9.1333      nSHD=   9.0333      tpr_c=   0.1359      change_adj_count=256      
2022-08-16 BST 02:32:38,467 - INFO -  epoch= 400      train_loss=  18.8661      val_loss=  58.8619      best=1      size= 316      nSHD_c=   9.3667      nSHD=   9.2667      tpr_c=   0.1361      change_adj_count=319      
2022-08-16 BST 02:32:54,180 - INFO -  epoch= 500      train_loss=  17.7428      val_loss=  57.1395      best=1      size= 311      nSHD_c=   9.3333      nSHD=   9.2667      tpr_c=   0.1318      change_adj_count=379      
2022-08-16 BST 02:33:09,586 - INFO -  epoch= 600      train_loss=  17.8290      val_loss=  54.3060      best=1      size= 322      nSHD_c=   9.6667      nSHD=   9.5000      tpr_c=   0.1242      change_adj_count=439      
2022-08-16 BST 02:33:25,901 - INFO -  epoch= 700      train_loss=  17.4504      val_loss=  54.8878      best=1      size= 321      nSHD_c=   9.6333      nSHD=   9.5000      tpr_c=   0.1246      change_adj_count=489      
2022-08-16 BST 02:33:41,101 - INFO -  epoch= 800      train_loss=  17.4077      val_loss=  51.0532      best=1      size= 319      nSHD_c=   9.5333      nSHD=   9.4000      tpr_c=   0.1254      change_adj_count=533      
2022-08-16 BST 02:33:57,424 - INFO -  epoch= 900      train_loss=  16.4126      val_loss=  46.8925      best=1      size= 323      nSHD_c=   9.7000      nSHD=   9.5667      tpr_c=   0.1238      change_adj_count=575      
2022-08-16 BST 02:34:13,810 - INFO -  epoch=1000      train_loss=  16.2041      val_loss=  46.8401      best=1      size= 319      nSHD_c=   9.5667      nSHD=   9.4333      tpr_c=   0.1254      change_adj_count=614      
2022-08-16 BST 02:34:13,810 - INFO - Before params
2022-08-16 BST 02:34:13,811 - INFO - After params={'MAX_SIZE': [None], 'LAMBDA': [0.1], 'NOISE_TEMPERATURE': [10], 'h_NULL': [0.001], 'h_LR': [0.001], 'z_RHO': [0], 'z_MU': [0]}
2022-08-16 BST 02:34:13,811 - INFO - After metrics={'train_loss': [16.20408756502213], 'val_loss': [46.840108235677086], 'size': [319], 'nshd_c': [9.566666666666666], 'nshd': [9.433333333333334], 'tpr': [0.7457627118644068], 'tpr_c': [0.12539184952978055], 'change_adj_count': [614]}
2022-08-16 BST 02:34:13,832 - INFO - After to_save=  MAX_SIZE  LAMBDA  NOISE_TEMPERATURE  ...       tpr     tpr_c  change_adj_count
0     None     0.1                 10  ...  0.745763  0.125392               614

[1 rows x 16 columns]
2022-08-16 BST 02:34:13,833 - INFO - After file_path='../results/l_66none_4hps.csv'
2022-08-16 BST 02:34:13,835 - INFO - Last epoch results saved in l_66none_4hps.csv
2022-08-16 BST 02:34:13,836 - INFO - 

DAG 21: size_true=57	X.var()=21.1204
2022-08-16 BST 02:34:14,091 - INFO -  epoch=   1      train_loss=  10.7033      val_loss=  10.0213      best=1      size= 243      nSHD_c=   8.3000      nSHD=   8.2667      tpr_c=   0.0617      change_adj_count=5      
2022-08-16 BST 02:34:15,272 - INFO -  epoch=   8      train_loss=   4.4280      val_loss=   6.4095      best=1      size= 249      nSHD_c=   8.2000      nSHD=   8.1333      tpr_c=   0.0803      change_adj_count=12      
2022-08-16 BST 02:34:15,486 - INFO -  epoch=   9      train_loss=   4.5028      val_loss=   5.2794      best=1      size= 253      nSHD_c=   8.1000      nSHD=   8.0333      tpr_c=   0.1067      change_adj_count=13      
2022-08-16 BST 02:34:30,576 - INFO -  epoch= 100      train_loss=   4.4147      val_loss=   5.1173      best=1      size= 276      nSHD_c=   8.2333      nSHD=   8.2000      tpr_c=   0.1304      change_adj_count=98      
2022-08-16 BST 02:34:46,889 - INFO -  epoch= 200      train_loss=   4.3637      val_loss=   6.1509      best=1      size= 277      nSHD_c=   8.0667      nSHD=   7.9667      tpr_c=   0.1408      change_adj_count=170      
2022-08-16 BST 02:35:01,910 - INFO -  epoch= 300      train_loss=   4.4010      val_loss=   6.5743      best=1      size= 284      nSHD_c=   8.2000      nSHD=   8.0667      tpr_c=   0.1479      change_adj_count=228      
2022-08-16 BST 02:35:19,048 - INFO -  epoch= 400      train_loss=   4.3453      val_loss=   7.6003      best=1      size= 287      nSHD_c=   8.3667      nSHD=   8.2333      tpr_c=   0.1359      change_adj_count=278      
2022-08-16 BST 02:35:35,256 - INFO -  epoch= 500      train_loss=   4.3476      val_loss=   6.7762      best=1      size= 288      nSHD_c=   8.3000      nSHD=   8.2000      tpr_c=   0.1424      change_adj_count=336      
2022-08-16 BST 02:35:51,065 - INFO -  epoch= 600      train_loss=   4.3542      val_loss=   6.7816      best=1      size= 290      nSHD_c=   8.3667      nSHD=   8.2667      tpr_c=   0.1414      change_adj_count=376      
2022-08-16 BST 02:36:06,033 - INFO -  epoch= 700      train_loss=   4.2375      val_loss=   6.7891      best=1      size= 295      nSHD_c=   8.5000      nSHD=   8.4333      tpr_c=   0.1458      change_adj_count=409      
2022-08-16 BST 02:36:22,339 - INFO -  epoch= 800      train_loss=   4.1803      val_loss=   5.6906      best=1      size= 306      nSHD_c=   8.8000      nSHD=   8.7333      tpr_c=   0.1438      change_adj_count=444      
2022-08-16 BST 02:36:38,316 - INFO -  epoch= 900      train_loss=   4.2414      val_loss=   6.1313      best=1      size= 303      nSHD_c=   8.7667      nSHD=   8.7000      tpr_c=   0.1419      change_adj_count=480      
2022-08-16 BST 02:36:56,698 - INFO -  epoch=1000      train_loss=   4.1593      val_loss=   5.9705      best=1      size= 315      nSHD_c=   9.1000      nSHD=   8.9667      tpr_c=   0.1365      change_adj_count=504      
2022-08-16 BST 02:36:56,699 - INFO - Before params
2022-08-16 BST 02:36:56,699 - INFO - After params={'MAX_SIZE': [None], 'LAMBDA': [0.1], 'NOISE_TEMPERATURE': [10], 'h_NULL': [0.001], 'h_LR': [0.001], 'z_RHO': [0], 'z_MU': [0]}
2022-08-16 BST 02:36:56,699 - INFO - After metrics={'train_loss': [4.159318385585662], 'val_loss': [5.970525185267131], 'size': [315], 'nshd_c': [9.1], 'nshd': [8.966666666666667], 'tpr': [0.8245614035087719], 'tpr_c': [0.1365079365079365], 'change_adj_count': [504]}
2022-08-16 BST 02:36:56,717 - INFO - After to_save=  MAX_SIZE  LAMBDA  NOISE_TEMPERATURE  ...       tpr     tpr_c  change_adj_count
0     None     0.1                 10  ...  0.824561  0.136508               504

[1 rows x 16 columns]
2022-08-16 BST 02:36:56,717 - INFO - After file_path='../results/l_66none_4hps.csv'
2022-08-16 BST 02:36:56,720 - INFO - Last epoch results saved in l_66none_4hps.csv
2022-08-16 BST 02:36:56,720 - INFO - 

DAG 22: size_true=60	X.var()=129.8499
2022-08-16 BST 02:36:56,950 - INFO -  epoch=   1      train_loss=  67.1651      val_loss=  34.8664      best=1      size= 245      nSHD_c=   8.4333      nSHD=   8.4333      tpr_c=   0.0612      change_adj_count=5      
2022-08-16 BST 02:37:13,618 - INFO -  epoch= 100      train_loss=  14.8167      val_loss=  46.0425      best=1      size= 290      nSHD_c=   8.9000      nSHD=   8.7667      tpr_c=   0.1172      change_adj_count=99      
2022-08-16 BST 02:37:30,003 - INFO -  epoch= 200      train_loss=  15.4179      val_loss=  52.7208      best=1      size= 301      nSHD_c=   9.3333      nSHD=   9.3000      tpr_c=   0.1163      change_adj_count=176      
2022-08-16 BST 02:37:45,708 - INFO -  epoch= 300      train_loss=  14.0677      val_loss=  50.2096      best=1      size= 301      nSHD_c=   9.2333      nSHD=   9.1667      tpr_c=   0.1229      change_adj_count=251      
2022-08-16 BST 02:38:01,384 - INFO -  epoch= 400      train_loss=  15.6985      val_loss=  46.4475      best=1      size= 308      nSHD_c=   9.2333      nSHD=   9.2000      tpr_c=   0.1331      change_adj_count=307      
2022-08-16 BST 02:38:18,108 - INFO -  epoch= 500      train_loss=  14.4899      val_loss=  48.5848      best=1      size= 305      nSHD_c=   9.0333      nSHD=   9.0000      tpr_c=   0.1377      change_adj_count=364      
2022-08-16 BST 02:38:34,129 - INFO -  epoch= 600      train_loss=  14.3637      val_loss=  34.4290      best=1      size= 315      nSHD_c=   9.1333      nSHD=   9.1000      tpr_c=   0.1460      change_adj_count=411      
2022-08-16 BST 02:38:50,577 - INFO -  epoch= 700      train_loss=  14.5690      val_loss=  39.8680      best=1      size= 311      nSHD_c=   9.0000      nSHD=   8.9667      tpr_c=   0.1479      change_adj_count=454      
2022-08-16 BST 02:39:06,103 - INFO -  epoch= 800      train_loss=  13.3083      val_loss=  33.9092      best=1      size= 308      nSHD_c=   9.0333      nSHD=   8.9667      tpr_c=   0.1429      change_adj_count=506      
2022-08-16 BST 02:39:22,050 - INFO -  epoch= 900      train_loss=  13.6550      val_loss=  30.7852      best=1      size= 316      nSHD_c=   9.2000      nSHD=   9.1667      tpr_c=   0.1424      change_adj_count=543      
2022-08-16 BST 02:39:38,054 - INFO -  epoch=1000      train_loss=  12.8344      val_loss=  30.2309      best=1      size= 314      nSHD_c=   9.0667      nSHD=   9.0333      tpr_c=   0.1497      change_adj_count=571      
2022-08-16 BST 02:39:38,054 - INFO - Before params
2022-08-16 BST 02:39:38,054 - INFO - After params={'MAX_SIZE': [None], 'LAMBDA': [0.1], 'NOISE_TEMPERATURE': [10], 'h_NULL': [0.001], 'h_LR': [0.001], 'z_RHO': [0], 'z_MU': [0]}
2022-08-16 BST 02:39:38,054 - INFO - After metrics={'train_loss': [12.83443130985383], 'val_loss': [30.23092047373454], 'size': [314], 'nshd_c': [9.066666666666666], 'nshd': [9.033333333333333], 'tpr': [0.8], 'tpr_c': [0.14968152866242038], 'change_adj_count': [571]}
2022-08-16 BST 02:39:38,072 - INFO - After to_save=  MAX_SIZE  LAMBDA  NOISE_TEMPERATURE  ...  tpr     tpr_c  change_adj_count
0     None     0.1                 10  ...  0.8  0.149682               571

[1 rows x 16 columns]
2022-08-16 BST 02:39:38,072 - INFO - After file_path='../results/l_66none_4hps.csv'
2022-08-16 BST 02:39:38,074 - INFO - Last epoch results saved in l_66none_4hps.csv
2022-08-16 BST 02:39:38,075 - INFO - 

DAG 23: size_true=49	X.var()=14.1269
2022-08-16 BST 02:39:38,311 - INFO -  epoch=   1      train_loss=   9.7641      val_loss=   9.6241      best=1      size= 249      nSHD_c=   8.5333      nSHD=   8.5333      tpr_c=   0.0442      change_adj_count=5      
2022-08-16 BST 02:39:38,545 - INFO -  epoch=   2      train_loss=   6.4968      val_loss=   7.1506      best=1      size= 241      nSHD_c=   8.2000      nSHD=   8.1667      tpr_c=   0.0456      change_adj_count=6      
2022-08-16 BST 02:39:38,787 - INFO -  epoch=   3      train_loss=   5.4333      val_loss=   6.0469      best=1      size= 244      nSHD_c=   8.3000      nSHD=   8.2667      tpr_c=   0.0492      change_adj_count=7      
2022-08-16 BST 02:39:39,024 - INFO -  epoch=   4      train_loss=   4.8962      val_loss=   5.7208      best=1      size= 248      nSHD_c=   8.3333      nSHD=   8.3000      tpr_c=   0.0524      change_adj_count=8      
2022-08-16 BST 02:39:39,261 - INFO -  epoch=   5      train_loss=   4.6101      val_loss=   5.8659      best=1      size= 248      nSHD_c=   8.4333      nSHD=   8.4000      tpr_c=   0.0403      change_adj_count=9      
2022-08-16 BST 02:39:39,502 - INFO -  epoch=   6      train_loss=   4.5333      val_loss=   5.1863      best=1      size= 244      nSHD_c=   8.3000      nSHD=   8.2333      tpr_c=   0.0451      change_adj_count=10      
2022-08-16 BST 02:39:55,557 - INFO -  epoch= 100      train_loss=   3.9341      val_loss=   4.6582      best=1      size= 245      nSHD_c=   7.0667      nSHD=   6.9333      tpr_c=   0.1551      change_adj_count=81      
2022-08-16 BST 02:40:10,822 - INFO -  epoch= 200      train_loss=   3.9151      val_loss=   4.7209      best=1      size= 250      nSHD_c=   7.3000      nSHD=   7.1667      tpr_c=   0.1440      change_adj_count=136      
2022-08-16 BST 02:40:27,157 - INFO -  epoch= 300      train_loss=   4.0516      val_loss=   4.5170      best=1      size= 270      nSHD_c=   7.7667      nSHD=   7.6333      tpr_c=   0.1481      change_adj_count=187      
2022-08-16 BST 02:40:43,323 - INFO -  epoch= 400      train_loss=   3.9532      val_loss=   4.5589      best=1      size= 268      nSHD_c=   7.7333      nSHD=   7.6667      tpr_c=   0.1493      change_adj_count=230      
2022-08-16 BST 02:40:59,108 - INFO -  epoch= 500      train_loss=   3.8891      val_loss=   4.0753      best=1      size= 267      nSHD_c=   7.5667      nSHD=   7.5000      tpr_c=   0.1573      change_adj_count=257      
2022-08-16 BST 02:41:14,071 - INFO -  epoch= 600      train_loss=   3.8727      val_loss=   4.2431      best=1      size= 276      nSHD_c=   7.9000      nSHD=   7.8000      tpr_c=   0.1486      change_adj_count=290      
2022-08-16 BST 02:41:29,812 - INFO -  epoch= 700      train_loss=   3.8538      val_loss=   4.1585      best=1      size= 273      nSHD_c=   7.8333      nSHD=   7.7333      tpr_c=   0.1465      change_adj_count=318      
2022-08-16 BST 02:41:44,131 - INFO -  epoch= 800      train_loss=   3.8260      val_loss=   4.0154      best=1      size= 276      nSHD_c=   7.9667      nSHD=   7.8667      tpr_c=   0.1449      change_adj_count=348      
2022-08-16 BST 02:41:59,040 - INFO -  epoch= 900      train_loss=   3.6229      val_loss=   3.5096      best=1      size= 279      nSHD_c=   8.1000      nSHD=   8.0000      tpr_c=   0.1398      change_adj_count=371      
2022-08-16 BST 02:42:14,941 - INFO -  epoch=1000      train_loss=   3.7322      val_loss=   3.7905      best=1      size= 275      nSHD_c=   7.9667      nSHD=   7.8333      tpr_c=   0.1418      change_adj_count=400      
2022-08-16 BST 02:42:14,941 - INFO - Before params
2022-08-16 BST 02:42:14,941 - INFO - After params={'MAX_SIZE': [None], 'LAMBDA': [0.1], 'NOISE_TEMPERATURE': [10], 'h_NULL': [0.001], 'h_LR': [0.001], 'z_RHO': [0], 'z_MU': [0]}
2022-08-16 BST 02:42:14,941 - INFO - After metrics={'train_loss': [3.732180126251713], 'val_loss': [3.7904817263285318], 'size': [275], 'nshd_c': [7.966666666666667], 'nshd': [7.833333333333333], 'tpr': [0.8775510204081632], 'tpr_c': [0.14181818181818182], 'change_adj_count': [400]}
2022-08-16 BST 02:42:14,958 - INFO - After to_save=  MAX_SIZE  LAMBDA  NOISE_TEMPERATURE  ...       tpr     tpr_c  change_adj_count
0     None     0.1                 10  ...  0.877551  0.141818               400

[1 rows x 16 columns]
2022-08-16 BST 02:42:14,958 - INFO - After file_path='../results/l_66none_4hps.csv'
2022-08-16 BST 02:42:14,964 - INFO - Last epoch results saved in l_66none_4hps.csv
2022-08-16 BST 02:42:14,964 - INFO - 
last_mean_nshd_c=8.8750
2022-08-16 BST 02:42:14,964 - INFO - 
Time taken 1:08:18 (h:mm:ss)
2022-08-16 BST 02:42:14,965 - INFO - 
End of log for run 2022-08-16_BST_01:33:56,603_l_66none_4hps_066
