2022-08-18 BST 04:17:00,971 - INFO - 
Log for run 2022-08-18_BST_04:17:00,901_l_66_4hps_305

2022-08-18 BST 04:17:00,972 - INFO - COMMENT = ''
2022-08-18 BST 04:17:00,972 - INFO - DATA_FOLDER = '../data'
2022-08-18 BST 04:17:00,972 - INFO - LATENTS_FOLDER = '../latents'
2022-08-18 BST 04:17:00,972 - INFO - LOGS_FOLDER = '../logs'
2022-08-18 BST 04:17:00,972 - INFO - MODEL_FOLDER = '../models'
2022-08-18 BST 04:17:00,972 - INFO - RESULTS_FOLDER = '../results'
2022-08-18 BST 04:17:00,972 - INFO - DEVICE = torch.device("cuda" if torch.cuda.is_available() else "cpu")  # Used: "cuda"
2022-08-18 BST 04:17:00,972 - INFO - LATENTS = False
2022-08-18 BST 04:17:00,972 - INFO - MATRIX_REPORT = False
2022-08-18 BST 04:17:00,972 - INFO - LABEL = True
2022-08-18 BST 04:17:00,973 - INFO - SAVE_TO_ODS = False
2022-08-18 BST 04:17:00,973 - INFO - VAL_LOSS_FROM_DAG = True
2022-08-18 BST 04:17:00,973 - INFO - WANDB = False
2022-08-18 BST 04:17:00,973 - INFO - WANDB_PROJECT = 'Thetas'
2022-08-18 BST 04:17:00,973 - INFO - GRAD_LOG = False
2022-08-18 BST 04:17:00,973 - INFO - N_TRIALS = 1
2022-08-18 BST 04:17:00,973 - INFO - OPTUNA_STRINGS = {'None': None, 'True': True, 'False': False}
2022-08-18 BST 04:17:00,973 - INFO - TQDM = False
2022-08-18 BST 04:17:00,973 - INFO - 
hyperparameters = {
2022-08-18 BST 04:17:00,973 - INFO - 	'GRAPH_TYPE': 'ER2',
2022-08-18 BST 04:17:00,973 - INFO - 	'D': 30,
2022-08-18 BST 04:17:00,973 - INFO - 	'MAX_SIZE': 66,
2022-08-18 BST 04:17:00,973 - INFO - 	'SEM_NOISE': 'gaussian_ev',
2022-08-18 BST 04:17:00,973 - INFO - 	'N': 1200,
2022-08-18 BST 04:17:00,974 - INFO - 	'VAL': 0.16666666666666666,
2022-08-18 BST 04:17:00,974 - INFO - 	'N_EPOCHS': 1000,
2022-08-18 BST 04:17:00,974 - INFO - 	'BATCH_SIZE': 32,
2022-08-18 BST 04:17:00,974 - INFO - 	'LOG2_BATCH_SIZE': None,
2022-08-18 BST 04:17:00,974 - INFO - 	'BATCH_SHUFFLE': True,
2022-08-18 BST 04:17:00,974 - INFO - 	'N_SAMPLES': 10,
2022-08-18 BST 04:17:00,974 - INFO - 	'MODE': 'max_dag_test_only',
2022-08-18 BST 04:17:00,974 - INFO - 	'AFAS_SCHEDULER': None,
2022-08-18 BST 04:17:00,974 - INFO - 	'MINIZINC_SOLVER': None,
2022-08-18 BST 04:17:00,974 - INFO - 	'f_LINEAR_LAYERS': (),
2022-08-18 BST 04:17:00,974 - INFO - 	'f_BIAS': False,
2022-08-18 BST 04:17:00,974 - INFO - 	'p_LAYER': None,
2022-08-18 BST 04:17:00,974 - INFO - 	'STREAMLINE': False,
2022-08-18 BST 04:17:00,974 - INFO - 	'THRESHOLD': 0.0,
2022-08-18 BST 04:17:00,975 - INFO - 	'h_LINEAR_LAYERS': (),
2022-08-18 BST 04:17:00,975 - INFO - 	'h_NULL': 0.001,
2022-08-18 BST 04:17:00,975 - INFO - 	'h_LR': 0.0001,
2022-08-18 BST 04:17:00,975 - INFO - 	'h_OPTIMIZER': 'torch.optim.Adam(overall_net.h_net.parameters(), lr=h.h_LR)',
2022-08-18 BST 04:17:00,975 - INFO - 	'f_LR': 0.0117744218586073,
2022-08-18 BST 04:17:00,975 - INFO - 	'f_OPTIMIZER': 'torch.optim.Adam(overall_net.f_net.parameters(), lr=h.f_LR)',
2022-08-18 BST 04:17:00,975 - INFO - 	'NOISE_TEMPERATURE': 10,
2022-08-18 BST 04:17:00,975 - INFO - 	'NOISE_DISTRIBUTION': 'LogisticNoiseDistribution()',
2022-08-18 BST 04:17:00,975 - INFO - 	'LAMBDA': 100,
2022-08-18 BST 04:17:00,975 - INFO - 	'LOSS_FN': 'torch.nn.MSELoss()',
2022-08-18 BST 04:17:00,975 - INFO - 	'REGULARIZER': None,
2022-08-18 BST 04:17:00,975 - INFO - 	'z_RHO': 0,
2022-08-18 BST 04:17:00,975 - INFO - 	'z_MU': 0,
2022-08-18 BST 04:17:00,975 - INFO - 	'z_REGULARIZER': 'NoTearsZRegularizer(h.D, h.z_RHO, h.z_MU, c.DEVICE)',
2022-08-18 BST 04:17:00,976 - INFO - 	'LR_SCHEDULER': None,
2022-08-18 BST 04:17:00,976 - INFO - 	'DATA_CATEGORY': 'test',
2022-08-18 BST 04:17:00,976 - INFO - 	'DAGS': '030_ER2_gaussian_ev_2022-08-12_BST_09:55:21,293_create_dags'
2022-08-18 BST 04:17:00,976 - INFO - }

2022-08-18 BST 04:17:01,982 - INFO - 

DAG 0: size_true=69	X.var()=185.8479
2022-08-18 BST 04:17:04,695 - INFO -  epoch=   1      train_loss= 175.8300      val_loss=  50.5128      best=1      size=  45      nSHD_c=   2.6000      nSHD=   2.6000      tpr_c=   0.3778      change_adj_count=5      
2022-08-18 BST 04:17:25,379 - INFO -  epoch= 100      train_loss= 101.1344      val_loss=3058.9194      best=1      size=  60      nSHD_c=   2.9000      nSHD=   2.9000      tpr_c=   0.3500      change_adj_count=26      
2022-08-18 BST 04:17:45,604 - INFO -  epoch= 200      train_loss=  98.9043      val_loss=2966.5027      best=1      size=  60      nSHD_c=   2.9667      nSHD=   2.9667      tpr_c=   0.3333      change_adj_count=28      
2022-08-18 BST 04:18:06,527 - INFO -  epoch= 300      train_loss=  96.5367      val_loss=3109.0800      best=1      size=  60      nSHD_c=   2.9667      nSHD=   2.9667      tpr_c=   0.3333      change_adj_count=28      
2022-08-18 BST 04:18:26,947 - INFO -  epoch= 400      train_loss=  93.4079      val_loss=2675.2402      best=1      size=  60      nSHD_c=   2.9667      nSHD=   2.9667      tpr_c=   0.3333      change_adj_count=28      
2022-08-18 BST 04:18:47,528 - INFO -  epoch= 500      train_loss=  93.0089      val_loss=2578.2323      best=1      size=  60      nSHD_c=   2.9667      nSHD=   2.9667      tpr_c=   0.3333      change_adj_count=28      
2022-08-18 BST 04:19:08,120 - INFO -  epoch= 600      train_loss=  95.2053      val_loss=2406.1227      best=1      size=  60      nSHD_c=   2.9667      nSHD=   2.9667      tpr_c=   0.3333      change_adj_count=28      
2022-08-18 BST 04:19:28,601 - INFO -  epoch= 700      train_loss=  93.6896      val_loss=2472.6963      best=1      size=  60      nSHD_c=   2.9667      nSHD=   2.9667      tpr_c=   0.3333      change_adj_count=28      
2022-08-18 BST 04:19:49,112 - INFO -  epoch= 800      train_loss=  84.2629      val_loss=2301.8062      best=1      size=  60      nSHD_c=   2.9667      nSHD=   2.9667      tpr_c=   0.3333      change_adj_count=28      
2022-08-18 BST 04:20:09,599 - INFO -  epoch= 900      train_loss=  87.4666      val_loss=2188.7386      best=1      size=  60      nSHD_c=   2.9667      nSHD=   2.9667      tpr_c=   0.3333      change_adj_count=28      
2022-08-18 BST 04:20:29,922 - INFO -  epoch=1000      train_loss=  85.5742      val_loss=1963.9188      best=1      size=  60      nSHD_c=   2.9667      nSHD=   2.9667      tpr_c=   0.3333      change_adj_count=28      
2022-08-18 BST 04:20:29,923 - INFO - Before params
2022-08-18 BST 04:20:29,923 - INFO - After params={'MAX_SIZE': [66], 'LAMBDA': [100], 'NOISE_TEMPERATURE': [10], 'h_NULL': [0.001], 'h_LR': [0.0001], 'z_RHO': [0], 'z_MU': [0]}
2022-08-18 BST 04:20:29,923 - INFO - After metrics={'train_loss': [85.57422305691627], 'val_loss': [1963.9187622070312], 'size': [60], 'nshd_c': [2.966666666666667], 'nshd': [2.966666666666667], 'tpr': [0.2898550724637681], 'tpr_c': [0.3333333333333333], 'change_adj_count': [28]}
2022-08-18 BST 04:20:29,946 - INFO - After to_save=   MAX_SIZE  LAMBDA  NOISE_TEMPERATURE  ...       tpr     tpr_c  change_adj_count
0        66     100                 10  ...  0.289855  0.333333                28

[1 rows x 16 columns]
2022-08-18 BST 04:20:29,946 - INFO - After file_path='../results/l_66_4hps.csv'
2022-08-18 BST 04:20:29,951 - INFO - Last epoch results saved in l_66_4hps.csv
2022-08-18 BST 04:20:29,952 - INFO - 

DAG 1: size_true=67	X.var()=127.1156
2022-08-18 BST 04:20:30,216 - INFO -  epoch=   1      train_loss= 116.8939      val_loss=  56.8818      best=1      size=  43      nSHD_c=   3.2000      nSHD=   3.2000      tpr_c=   0.1395      change_adj_count=5      
2022-08-18 BST 04:20:50,669 - INFO -  epoch= 100      train_loss=  59.7573      val_loss=3173.9567      best=1      size=  60      nSHD_c=   3.6000      nSHD=   3.5667      tpr_c=   0.1500      change_adj_count=29      
2022-08-18 BST 04:21:11,125 - INFO -  epoch= 200      train_loss=  60.8561      val_loss=2886.8820      best=1      size=  60      nSHD_c=   3.6000      nSHD=   3.5667      tpr_c=   0.1500      change_adj_count=29      
2022-08-18 BST 04:21:31,649 - INFO -  epoch= 300      train_loss=  55.6372      val_loss=2684.9451      best=1      size=  60      nSHD_c=   3.6000      nSHD=   3.5667      tpr_c=   0.1500      change_adj_count=29      
2022-08-18 BST 04:21:52,381 - INFO -  epoch= 400      train_loss=  57.2968      val_loss=2804.4955      best=1      size=  60      nSHD_c=   3.6000      nSHD=   3.5667      tpr_c=   0.1500      change_adj_count=29      
2022-08-18 BST 04:22:12,625 - INFO -  epoch= 500      train_loss=  55.0104      val_loss=2640.6472      best=1      size=  60      nSHD_c=   3.6000      nSHD=   3.5667      tpr_c=   0.1500      change_adj_count=29      
2022-08-18 BST 04:22:32,494 - INFO -  epoch= 600      train_loss=  55.4165      val_loss=2350.0209      best=1      size=  60      nSHD_c=   3.6000      nSHD=   3.5667      tpr_c=   0.1500      change_adj_count=29      
2022-08-18 BST 04:22:52,277 - INFO -  epoch= 700      train_loss=  54.1539      val_loss=2409.6144      best=1      size=  60      nSHD_c=   3.6000      nSHD=   3.5667      tpr_c=   0.1500      change_adj_count=29      
2022-08-18 BST 04:23:12,109 - INFO -  epoch= 800      train_loss=  53.4949      val_loss=2188.7187      best=1      size=  60      nSHD_c=   3.5333      nSHD=   3.5000      tpr_c=   0.1667      change_adj_count=30      
2022-08-18 BST 04:23:31,884 - INFO -  epoch= 900      train_loss=  53.3385      val_loss=2247.6213      best=1      size=  60      nSHD_c=   3.5333      nSHD=   3.5000      tpr_c=   0.1667      change_adj_count=30      
2022-08-18 BST 04:23:51,372 - INFO -  epoch=1000      train_loss=  52.1486      val_loss=2022.6425      best=1      size=  60      nSHD_c=   3.5333      nSHD=   3.5000      tpr_c=   0.1667      change_adj_count=30      
2022-08-18 BST 04:23:51,372 - INFO - Before params
2022-08-18 BST 04:23:51,372 - INFO - After params={'MAX_SIZE': [66], 'LAMBDA': [100], 'NOISE_TEMPERATURE': [10], 'h_NULL': [0.001], 'h_LR': [0.0001], 'z_RHO': [0], 'z_MU': [0]}
2022-08-18 BST 04:23:51,372 - INFO - After metrics={'train_loss': [52.148561293079005], 'val_loss': [2022.6425170898438], 'size': [60], 'nshd_c': [3.533333333333333], 'nshd': [3.5], 'tpr': [0.16417910447761194], 'tpr_c': [0.16666666666666666], 'change_adj_count': [30]}
2022-08-18 BST 04:23:51,390 - INFO - After to_save=   MAX_SIZE  LAMBDA  NOISE_TEMPERATURE  ...       tpr     tpr_c  change_adj_count
0        66     100                 10  ...  0.164179  0.166667                30

[1 rows x 16 columns]
2022-08-18 BST 04:23:51,390 - INFO - After file_path='../results/l_66_4hps.csv'
2022-08-18 BST 04:23:51,393 - INFO - Last epoch results saved in l_66_4hps.csv
2022-08-18 BST 04:23:51,393 - INFO - 

DAG 2: size_true=64	X.var()=25.7432
2022-08-18 BST 04:23:51,667 - INFO -  epoch=   1      train_loss=  24.3570      val_loss=  15.7025      best=1      size=  41      nSHD_c=   2.6667      nSHD=   2.6333      tpr_c=   0.2439      change_adj_count=5      
2022-08-18 BST 04:23:51,942 - INFO -  epoch=   2      train_loss=  22.7953      val_loss=  11.4154      best=1      size=  45      nSHD_c=   2.6667      nSHD=   2.6333      tpr_c=   0.2667      change_adj_count=6      
2022-08-18 BST 04:24:12,448 - INFO -  epoch= 100      train_loss=  19.3700      val_loss=  84.7198      best=1      size=  57      nSHD_c=   2.7667      nSHD=   2.6333      tpr_c=   0.2982      change_adj_count=24      
2022-08-18 BST 04:24:32,914 - INFO -  epoch= 200      train_loss=  19.1663      val_loss=  78.6800      best=1      size=  57      nSHD_c=   2.7667      nSHD=   2.6333      tpr_c=   0.2982      change_adj_count=24      
2022-08-18 BST 04:24:53,302 - INFO -  epoch= 300      train_loss=  18.6443      val_loss=  79.6572      best=1      size=  57      nSHD_c=   2.7667      nSHD=   2.6333      tpr_c=   0.2982      change_adj_count=31      
2022-08-18 BST 04:25:13,795 - INFO -  epoch= 400      train_loss=  18.9606      val_loss=  76.1629      best=1      size=  57      nSHD_c=   2.7667      nSHD=   2.6333      tpr_c=   0.2982      change_adj_count=42      
2022-08-18 BST 04:25:34,355 - INFO -  epoch= 500      train_loss=  18.4045      val_loss=  77.8172      best=1      size=  56      nSHD_c=   2.7333      nSHD=   2.6000      tpr_c=   0.3036      change_adj_count=49      
2022-08-18 BST 04:25:54,730 - INFO -  epoch= 600      train_loss=  18.2988      val_loss=  73.7475      best=1      size=  56      nSHD_c=   2.7333      nSHD=   2.6000      tpr_c=   0.3036      change_adj_count=49      
2022-08-18 BST 04:26:15,057 - INFO -  epoch= 700      train_loss=  18.1576      val_loss=  71.4538      best=1      size=  56      nSHD_c=   2.7333      nSHD=   2.6000      tpr_c=   0.3036      change_adj_count=49      
2022-08-18 BST 04:26:36,521 - INFO -  epoch= 800      train_loss=  17.9590      val_loss=  70.7886      best=1      size=  56      nSHD_c=   2.7333      nSHD=   2.6000      tpr_c=   0.3036      change_adj_count=49      
2022-08-18 BST 04:26:57,062 - INFO -  epoch= 900      train_loss=  17.7242      val_loss=  69.1535      best=1      size=  56      nSHD_c=   2.7333      nSHD=   2.6000      tpr_c=   0.3036      change_adj_count=49      
2022-08-18 BST 04:27:17,593 - INFO -  epoch=1000      train_loss=  17.7614      val_loss=  68.2409      best=1      size=  56      nSHD_c=   2.7333      nSHD=   2.6000      tpr_c=   0.3036      change_adj_count=49      
2022-08-18 BST 04:27:17,594 - INFO - Before params
2022-08-18 BST 04:27:17,594 - INFO - After params={'MAX_SIZE': [66], 'LAMBDA': [100], 'NOISE_TEMPERATURE': [10], 'h_NULL': [0.001], 'h_LR': [0.0001], 'z_RHO': [0], 'z_MU': [0]}
2022-08-18 BST 04:27:17,594 - INFO - After metrics={'train_loss': [17.761362014278287], 'val_loss': [68.24091466267903], 'size': [56], 'nshd_c': [2.7333333333333334], 'nshd': [2.6], 'tpr': [0.328125], 'tpr_c': [0.30357142857142855], 'change_adj_count': [49]}
2022-08-18 BST 04:27:17,614 - INFO - After to_save=   MAX_SIZE  LAMBDA  NOISE_TEMPERATURE  ...       tpr     tpr_c  change_adj_count
0        66     100                 10  ...  0.328125  0.303571                49

[1 rows x 16 columns]
2022-08-18 BST 04:27:17,614 - INFO - After file_path='../results/l_66_4hps.csv'
2022-08-18 BST 04:27:17,616 - INFO - Last epoch results saved in l_66_4hps.csv
2022-08-18 BST 04:27:17,617 - INFO - 

DAG 3: size_true=63	X.var()=265.9248
2022-08-18 BST 04:27:17,871 - INFO -  epoch=   1      train_loss= 220.2401      val_loss= 188.2222      best=1      size=  37      nSHD_c=   2.9333      nSHD=   2.9333      tpr_c=   0.1081      change_adj_count=5      
2022-08-18 BST 04:27:38,070 - INFO -  epoch= 100      train_loss= 125.4123      val_loss=4732.1440      best=1      size=  59      nSHD_c=   3.4667      nSHD=   3.4667      tpr_c=   0.1356      change_adj_count=55      
2022-08-18 BST 04:27:58,459 - INFO -  epoch= 200      train_loss= 122.7759      val_loss=4608.2424      best=1      size=  58      nSHD_c=   3.4333      nSHD=   3.4333      tpr_c=   0.1379      change_adj_count=93      
2022-08-18 BST 04:28:19,219 - INFO -  epoch= 300      train_loss= 118.9593      val_loss=4455.3003      best=1      size=  57      nSHD_c=   3.4333      nSHD=   3.4000      tpr_c=   0.1228      change_adj_count=117      
2022-08-18 BST 04:28:39,567 - INFO -  epoch= 400      train_loss= 122.9979      val_loss=4159.1260      best=1      size=  56      nSHD_c=   3.3667      nSHD=   3.3667      tpr_c=   0.1429      change_adj_count=144      
2022-08-18 BST 04:28:59,735 - INFO -  epoch= 500      train_loss= 116.0262      val_loss=3837.0253      best=1      size=  55      nSHD_c=   3.3667      nSHD=   3.3333      tpr_c=   0.1273      change_adj_count=152      
2022-08-18 BST 04:29:19,877 - INFO -  epoch= 600      train_loss= 115.8378      val_loss=3850.0503      best=1      size=  55      nSHD_c=   3.3667      nSHD=   3.3333      tpr_c=   0.1273      change_adj_count=156      
2022-08-18 BST 04:29:40,147 - INFO -  epoch= 700      train_loss= 116.6770      val_loss=3252.1080      best=1      size=  55      nSHD_c=   3.3667      nSHD=   3.3333      tpr_c=   0.1273      change_adj_count=162      
2022-08-18 BST 04:30:00,561 - INFO -  epoch= 800      train_loss= 112.3761      val_loss=3250.9614      best=1      size=  55      nSHD_c=   3.3667      nSHD=   3.3333      tpr_c=   0.1273      change_adj_count=171      
2022-08-18 BST 04:30:20,959 - INFO -  epoch= 900      train_loss= 105.4927      val_loss=3284.1034      best=1      size=  54      nSHD_c=   3.3000      nSHD=   3.3000      tpr_c=   0.1481      change_adj_count=176      
2022-08-18 BST 04:30:40,984 - INFO -  epoch=1000      train_loss= 107.4673      val_loss=2829.6874      best=1      size=  54      nSHD_c=   3.3000      nSHD=   3.3000      tpr_c=   0.1481      change_adj_count=176      
2022-08-18 BST 04:30:40,985 - INFO - Before params
2022-08-18 BST 04:30:40,985 - INFO - After params={'MAX_SIZE': [66], 'LAMBDA': [100], 'NOISE_TEMPERATURE': [10], 'h_NULL': [0.001], 'h_LR': [0.0001], 'z_RHO': [0], 'z_MU': [0]}
2022-08-18 BST 04:30:40,985 - INFO - After metrics={'train_loss': [107.46728035711473], 'val_loss': [2829.6874186197915], 'size': [54], 'nshd_c': [3.3], 'nshd': [3.3], 'tpr': [0.12698412698412698], 'tpr_c': [0.14814814814814814], 'change_adj_count': [176]}
2022-08-18 BST 04:30:41,004 - INFO - After to_save=   MAX_SIZE  LAMBDA  NOISE_TEMPERATURE  ...       tpr     tpr_c  change_adj_count
0        66     100                 10  ...  0.126984  0.148148               176

[1 rows x 16 columns]
2022-08-18 BST 04:30:41,005 - INFO - After file_path='../results/l_66_4hps.csv'
2022-08-18 BST 04:30:41,007 - INFO - Last epoch results saved in l_66_4hps.csv
2022-08-18 BST 04:30:41,007 - INFO - 

DAG 4: size_true=48	X.var()=47.3993
2022-08-18 BST 04:30:41,246 - INFO -  epoch=   1      train_loss=  44.3238      val_loss=  25.0486      best=1      size=  41      nSHD_c=   2.3333      nSHD=   2.3333      tpr_c=   0.1707      change_adj_count=5      
2022-08-18 BST 04:31:01,614 - INFO -  epoch= 100      train_loss=  31.5401      val_loss= 351.7912      best=1      size=  58      nSHD_c=   2.5667      nSHD=   2.5667      tpr_c=   0.2414      change_adj_count=30      
2022-08-18 BST 04:31:22,321 - INFO -  epoch= 200      train_loss=  30.8054      val_loss= 426.0384      best=1      size=  57      nSHD_c=   2.5000      nSHD=   2.5000      tpr_c=   0.2632      change_adj_count=48      
2022-08-18 BST 04:31:42,762 - INFO -  epoch= 300      train_loss=  29.9694      val_loss= 407.6253      best=1      size=  57      nSHD_c=   2.5000      nSHD=   2.5000      tpr_c=   0.2632      change_adj_count=63      
2022-08-18 BST 04:32:03,327 - INFO -  epoch= 400      train_loss=  29.3565      val_loss= 384.2523      best=1      size=  56      nSHD_c=   2.4667      nSHD=   2.4667      tpr_c=   0.2679      change_adj_count=66      
2022-08-18 BST 04:32:24,311 - INFO -  epoch= 500      train_loss=  29.5302      val_loss= 368.0233      best=1      size=  57      nSHD_c=   2.4333      nSHD=   2.4333      tpr_c=   0.2807      change_adj_count=80      
2022-08-18 BST 04:32:44,670 - INFO -  epoch= 600      train_loss=  29.4923      val_loss= 369.7503      best=1      size=  56      nSHD_c=   2.4667      nSHD=   2.4667      tpr_c=   0.2679      change_adj_count=85      
2022-08-18 BST 04:33:05,125 - INFO -  epoch= 700      train_loss=  28.7292      val_loss= 378.1846      best=1      size=  56      nSHD_c=   2.4667      nSHD=   2.4667      tpr_c=   0.2679      change_adj_count=85      
2022-08-18 BST 04:33:25,953 - INFO -  epoch= 800      train_loss=  28.7540      val_loss= 336.2339      best=1      size=  57      nSHD_c=   2.5000      nSHD=   2.5000      tpr_c=   0.2632      change_adj_count=86      
2022-08-18 BST 04:33:46,585 - INFO -  epoch= 900      train_loss=  27.9043      val_loss= 340.4909      best=1      size=  57      nSHD_c=   2.5000      nSHD=   2.5000      tpr_c=   0.2632      change_adj_count=97      
2022-08-18 BST 04:34:06,972 - INFO -  epoch=1000      train_loss=  27.4960      val_loss= 314.5523      best=1      size=  57      nSHD_c=   2.5000      nSHD=   2.5000      tpr_c=   0.2632      change_adj_count=98      
2022-08-18 BST 04:34:06,972 - INFO - Before params
2022-08-18 BST 04:34:06,972 - INFO - After params={'MAX_SIZE': [66], 'LAMBDA': [100], 'NOISE_TEMPERATURE': [10], 'h_NULL': [0.001], 'h_LR': [0.0001], 'z_RHO': [0], 'z_MU': [0]}
2022-08-18 BST 04:34:06,973 - INFO - After metrics={'train_loss': [27.49602182449833], 'val_loss': [314.5523274739583], 'size': [57], 'nshd_c': [2.5], 'nshd': [2.5], 'tpr': [0.3125], 'tpr_c': [0.2631578947368421], 'change_adj_count': [98]}
2022-08-18 BST 04:34:06,992 - INFO - After to_save=   MAX_SIZE  LAMBDA  NOISE_TEMPERATURE  ...     tpr     tpr_c  change_adj_count
0        66     100                 10  ...  0.3125  0.263158                98

[1 rows x 16 columns]
2022-08-18 BST 04:34:06,992 - INFO - After file_path='../results/l_66_4hps.csv'
2022-08-18 BST 04:34:06,995 - INFO - Last epoch results saved in l_66_4hps.csv
2022-08-18 BST 04:34:06,995 - INFO - 

DAG 5: size_true=57	X.var()=54.7286
2022-08-18 BST 04:34:07,239 - INFO -  epoch=   1      train_loss=  53.8007      val_loss=  28.1305      best=1      size=  43      nSHD_c=   2.7333      nSHD=   2.7333      tpr_c=   0.1860      change_adj_count=5      
2022-08-18 BST 04:34:26,884 - INFO -  epoch= 100      train_loss=  37.9138      val_loss= 445.3755      best=1      size=  58      nSHD_c=   2.9000      nSHD=   2.8333      tpr_c=   0.2069      change_adj_count=23      
2022-08-18 BST 04:34:47,051 - INFO -  epoch= 200      train_loss=  38.1640      val_loss= 418.0373      best=1      size=  57      nSHD_c=   2.8333      nSHD=   2.7667      tpr_c=   0.2281      change_adj_count=26      
2022-08-18 BST 04:35:07,221 - INFO -  epoch= 300      train_loss=  38.1101      val_loss= 396.4800      best=1      size=  57      nSHD_c=   2.8333      nSHD=   2.7667      tpr_c=   0.2281      change_adj_count=26      
2022-08-18 BST 04:35:27,700 - INFO -  epoch= 400      train_loss=  37.0280      val_loss= 417.2727      best=1      size=  57      nSHD_c=   2.8333      nSHD=   2.7667      tpr_c=   0.2281      change_adj_count=26      
2022-08-18 BST 04:35:48,145 - INFO -  epoch= 500      train_loss=  36.3695      val_loss= 401.0428      best=1      size=  57      nSHD_c=   2.8667      nSHD=   2.8000      tpr_c=   0.2105      change_adj_count=26      
2022-08-18 BST 04:36:08,713 - INFO -  epoch= 600      train_loss=  36.3731      val_loss= 384.7809      best=1      size=  57      nSHD_c=   2.8667      nSHD=   2.8000      tpr_c=   0.2105      change_adj_count=26      
2022-08-18 BST 04:36:29,319 - INFO -  epoch= 700      train_loss=  35.2194      val_loss= 360.6080      best=1      size=  57      nSHD_c=   2.8667      nSHD=   2.8000      tpr_c=   0.2105      change_adj_count=26      
2022-08-18 BST 04:36:49,562 - INFO -  epoch= 800      train_loss=  36.2070      val_loss= 358.8294      best=1      size=  57      nSHD_c=   2.8667      nSHD=   2.8000      tpr_c=   0.2105      change_adj_count=26      
2022-08-18 BST 04:37:09,887 - INFO -  epoch= 900      train_loss=  33.6582      val_loss= 330.5070      best=1      size=  57      nSHD_c=   2.8667      nSHD=   2.8000      tpr_c=   0.2105      change_adj_count=26      
2022-08-18 BST 04:37:30,535 - INFO -  epoch=1000      train_loss=  33.6499      val_loss= 313.9211      best=1      size=  57      nSHD_c=   2.8667      nSHD=   2.8000      tpr_c=   0.2105      change_adj_count=26      
2022-08-18 BST 04:37:30,535 - INFO - Before params
2022-08-18 BST 04:37:30,535 - INFO - After params={'MAX_SIZE': [66], 'LAMBDA': [100], 'NOISE_TEMPERATURE': [10], 'h_NULL': [0.001], 'h_LR': [0.0001], 'z_RHO': [0], 'z_MU': [0]}
2022-08-18 BST 04:37:30,535 - INFO - After metrics={'train_loss': [33.64988880772744], 'val_loss': [313.92114512125653], 'size': [57], 'nshd_c': [2.8666666666666667], 'nshd': [2.8], 'tpr': [0.24561403508771928], 'tpr_c': [0.21052631578947367], 'change_adj_count': [26]}
2022-08-18 BST 04:37:30,555 - INFO - After to_save=   MAX_SIZE  LAMBDA  NOISE_TEMPERATURE  ...       tpr     tpr_c  change_adj_count
0        66     100                 10  ...  0.245614  0.210526                26

[1 rows x 16 columns]
2022-08-18 BST 04:37:30,555 - INFO - After file_path='../results/l_66_4hps.csv'
2022-08-18 BST 04:37:30,558 - INFO - Last epoch results saved in l_66_4hps.csv
2022-08-18 BST 04:37:30,558 - INFO - 

DAG 6: size_true=64	X.var()=29.7229
2022-08-18 BST 04:37:30,842 - INFO -  epoch=   1      train_loss=  27.0938      val_loss=  16.4218      best=1      size=  42      nSHD_c=   3.0667      nSHD=   3.0667      tpr_c=   0.1190      change_adj_count=5      
2022-08-18 BST 04:37:51,303 - INFO -  epoch= 100      train_loss=  20.3987      val_loss= 142.0497      best=1      size=  56      nSHD_c=   3.0667      nSHD=   3.0000      tpr_c=   0.2143      change_adj_count=38      
2022-08-18 BST 04:38:12,254 - INFO -  epoch= 200      train_loss=  20.4601      val_loss= 135.2341      best=1      size=  55      nSHD_c=   3.0333      nSHD=   2.9667      tpr_c=   0.2182      change_adj_count=39      
2022-08-18 BST 04:38:33,082 - INFO -  epoch= 300      train_loss=  19.9932      val_loss= 132.0871      best=1      size=  55      nSHD_c=   3.0333      nSHD=   2.9667      tpr_c=   0.2182      change_adj_count=47      
2022-08-18 BST 04:38:53,254 - INFO -  epoch= 400      train_loss=  19.9438      val_loss= 114.9038      best=1      size=  55      nSHD_c=   3.0000      nSHD=   2.9000      tpr_c=   0.2182      change_adj_count=57      
2022-08-18 BST 04:39:13,658 - INFO -  epoch= 500      train_loss=  19.6607      val_loss= 104.0953      best=1      size=  55      nSHD_c=   3.0000      nSHD=   2.9000      tpr_c=   0.2182      change_adj_count=57      
2022-08-18 BST 04:39:34,255 - INFO -  epoch= 600      train_loss=  19.3291      val_loss= 105.0318      best=1      size=  54      nSHD_c=   3.0000      nSHD=   2.9333      tpr_c=   0.2222      change_adj_count=62      
2022-08-18 BST 04:39:54,413 - INFO -  epoch= 700      train_loss=  19.4782      val_loss= 108.9992      best=1      size=  54      nSHD_c=   3.0000      nSHD=   2.9333      tpr_c=   0.2222      change_adj_count=62      
2022-08-18 BST 04:40:14,993 - INFO -  epoch= 800      train_loss=  19.0730      val_loss= 106.3529      best=1      size=  54      nSHD_c=   3.0000      nSHD=   2.9333      tpr_c=   0.2222      change_adj_count=62      
2022-08-18 BST 04:40:35,495 - INFO -  epoch= 900      train_loss=  18.7362      val_loss= 100.7284      best=1      size=  54      nSHD_c=   3.0000      nSHD=   2.9333      tpr_c=   0.2222      change_adj_count=62      
2022-08-18 BST 04:40:55,914 - INFO -  epoch=1000      train_loss=  18.7838      val_loss=  95.7166      best=1      size=  54      nSHD_c=   3.0000      nSHD=   2.9333      tpr_c=   0.2222      change_adj_count=62      
2022-08-18 BST 04:40:55,914 - INFO - Before params
2022-08-18 BST 04:40:55,915 - INFO - After params={'MAX_SIZE': [66], 'LAMBDA': [100], 'NOISE_TEMPERATURE': [10], 'h_NULL': [0.001], 'h_LR': [0.0001], 'z_RHO': [0], 'z_MU': [0]}
2022-08-18 BST 04:40:55,915 - INFO - After metrics={'train_loss': [18.783810800121678], 'val_loss': [95.71658579508464], 'size': [54], 'nshd_c': [3.0], 'nshd': [2.933333333333333], 'tpr': [0.21875], 'tpr_c': [0.2222222222222222], 'change_adj_count': [62]}
2022-08-18 BST 04:40:55,934 - INFO - After to_save=   MAX_SIZE  LAMBDA  NOISE_TEMPERATURE  ...      tpr     tpr_c  change_adj_count
0        66     100                 10  ...  0.21875  0.222222                62

[1 rows x 16 columns]
2022-08-18 BST 04:40:55,934 - INFO - After file_path='../results/l_66_4hps.csv'
2022-08-18 BST 04:40:55,936 - INFO - Last epoch results saved in l_66_4hps.csv
2022-08-18 BST 04:40:55,937 - INFO - 

DAG 7: size_true=62	X.var()=55.6800
2022-08-18 BST 04:40:56,192 - INFO -  epoch=   1      train_loss=  49.5358      val_loss=  37.1339      best=1      size=  40      nSHD_c=   3.0667      nSHD=   3.0667      tpr_c=   0.0750      change_adj_count=5      
2022-08-18 BST 04:41:16,528 - INFO -  epoch= 100      train_loss=  30.2594      val_loss= 861.8102      best=1      size=  53      nSHD_c=   3.2000      nSHD=   3.1667      tpr_c=   0.1509      change_adj_count=42      
2022-08-18 BST 04:41:37,243 - INFO -  epoch= 200      train_loss=  30.0782      val_loss= 850.5121      best=1      size=  52      nSHD_c=   3.1667      nSHD=   3.1333      tpr_c=   0.1538      change_adj_count=45      
2022-08-18 BST 04:41:57,738 - INFO -  epoch= 300      train_loss=  29.1003      val_loss= 718.4924      best=1      size=  52      nSHD_c=   3.1667      nSHD=   3.1333      tpr_c=   0.1538      change_adj_count=49      
2022-08-18 BST 04:42:18,607 - INFO -  epoch= 400      train_loss=  29.7000      val_loss= 695.0492      best=1      size=  52      nSHD_c=   3.1667      nSHD=   3.1333      tpr_c=   0.1538      change_adj_count=49      
2022-08-18 BST 04:42:39,168 - INFO -  epoch= 500      train_loss=  28.5905      val_loss= 703.3406      best=1      size=  52      nSHD_c=   3.1667      nSHD=   3.1333      tpr_c=   0.1538      change_adj_count=49      
2022-08-18 BST 04:42:59,728 - INFO -  epoch= 600      train_loss=  27.2512      val_loss= 682.7634      best=1      size=  52      nSHD_c=   3.1667      nSHD=   3.1333      tpr_c=   0.1538      change_adj_count=53      
2022-08-18 BST 04:43:20,507 - INFO -  epoch= 700      train_loss=  28.6560      val_loss= 666.6918      best=1      size=  52      nSHD_c=   3.1667      nSHD=   3.1333      tpr_c=   0.1538      change_adj_count=53      
2022-08-18 BST 04:43:41,155 - INFO -  epoch= 800      train_loss=  27.4750      val_loss= 602.6595      best=1      size=  51      nSHD_c=   3.1333      nSHD=   3.1000      tpr_c=   0.1569      change_adj_count=64      
2022-08-18 BST 04:44:02,240 - INFO -  epoch= 900      train_loss=  26.7343      val_loss= 591.6711      best=1      size=  51      nSHD_c=   3.1333      nSHD=   3.1000      tpr_c=   0.1569      change_adj_count=64      
2022-08-18 BST 04:44:22,347 - INFO -  epoch=1000      train_loss=  26.2401      val_loss= 586.8773      best=1      size=  51      nSHD_c=   3.1333      nSHD=   3.1000      tpr_c=   0.1569      change_adj_count=64      
2022-08-18 BST 04:44:22,348 - INFO - Before params
2022-08-18 BST 04:44:22,349 - INFO - After params={'MAX_SIZE': [66], 'LAMBDA': [100], 'NOISE_TEMPERATURE': [10], 'h_NULL': [0.001], 'h_LR': [0.0001], 'z_RHO': [0], 'z_MU': [0]}
2022-08-18 BST 04:44:22,349 - INFO - After metrics={'train_loss': [26.240142083937123], 'val_loss': [586.8773345947266], 'size': [51], 'nshd_c': [3.1333333333333333], 'nshd': [3.1], 'tpr': [0.14516129032258066], 'tpr_c': [0.1568627450980392], 'change_adj_count': [64]}
2022-08-18 BST 04:44:22,368 - INFO - After to_save=   MAX_SIZE  LAMBDA  NOISE_TEMPERATURE  ...       tpr     tpr_c  change_adj_count
0        66     100                 10  ...  0.145161  0.156863                64

[1 rows x 16 columns]
2022-08-18 BST 04:44:22,368 - INFO - After file_path='../results/l_66_4hps.csv'
2022-08-18 BST 04:44:22,371 - INFO - Last epoch results saved in l_66_4hps.csv
2022-08-18 BST 04:44:22,371 - INFO - 

DAG 8: size_true=63	X.var()=39.3378
2022-08-18 BST 04:44:22,643 - INFO -  epoch=   1      train_loss=  37.1940      val_loss=  22.9954      best=1      size=  40      nSHD_c=   3.0000      nSHD=   3.0000      tpr_c=   0.1000      change_adj_count=5      
2022-08-18 BST 04:44:43,002 - INFO -  epoch= 100      train_loss=  26.3777      val_loss= 255.1943      best=1      size=  57      nSHD_c=   3.0667      nSHD=   3.0333      tpr_c=   0.2281      change_adj_count=35      
2022-08-18 BST 04:45:03,799 - INFO -  epoch= 200      train_loss=  26.4436      val_loss= 250.7802      best=1      size=  57      nSHD_c=   3.0333      nSHD=   3.0000      tpr_c=   0.2456      change_adj_count=37      
2022-08-18 BST 04:45:23,774 - INFO -  epoch= 300      train_loss=  26.3039      val_loss= 251.9021      best=1      size=  57      nSHD_c=   3.0333      nSHD=   3.0000      tpr_c=   0.2456      change_adj_count=37      
2022-08-18 BST 04:45:44,539 - INFO -  epoch= 400      train_loss=  26.3969      val_loss= 232.5689      best=1      size=  57      nSHD_c=   3.0333      nSHD=   3.0000      tpr_c=   0.2456      change_adj_count=37      
2022-08-18 BST 04:46:04,945 - INFO -  epoch= 500      train_loss=  25.4861      val_loss= 225.9316      best=1      size=  57      nSHD_c=   3.0333      nSHD=   3.0000      tpr_c=   0.2456      change_adj_count=37      
2022-08-18 BST 04:46:25,357 - INFO -  epoch= 600      train_loss=  25.5413      val_loss= 222.7864      best=1      size=  57      nSHD_c=   3.0333      nSHD=   3.0000      tpr_c=   0.2456      change_adj_count=37      
2022-08-18 BST 04:46:45,762 - INFO -  epoch= 700      train_loss=  25.2802      val_loss= 201.4690      best=1      size=  57      nSHD_c=   3.0333      nSHD=   3.0000      tpr_c=   0.2456      change_adj_count=37      
2022-08-18 BST 04:47:05,750 - INFO -  epoch= 800      train_loss=  24.2930      val_loss= 206.9480      best=1      size=  57      nSHD_c=   3.0333      nSHD=   3.0000      tpr_c=   0.2456      change_adj_count=37      
2022-08-18 BST 04:47:26,248 - INFO -  epoch= 900      train_loss=  23.7303      val_loss= 200.3002      best=1      size=  57      nSHD_c=   3.0333      nSHD=   3.0000      tpr_c=   0.2456      change_adj_count=37      
2022-08-18 BST 04:47:46,842 - INFO -  epoch=1000      train_loss=  23.6899      val_loss= 205.6373      best=1      size=  57      nSHD_c=   3.0333      nSHD=   3.0000      tpr_c=   0.2456      change_adj_count=37      
2022-08-18 BST 04:47:46,843 - INFO - Before params
2022-08-18 BST 04:47:46,844 - INFO - After params={'MAX_SIZE': [66], 'LAMBDA': [100], 'NOISE_TEMPERATURE': [10], 'h_NULL': [0.001], 'h_LR': [0.0001], 'z_RHO': [0], 'z_MU': [0]}
2022-08-18 BST 04:47:46,844 - INFO - After metrics={'train_loss': [23.689883016770885], 'val_loss': [205.63733418782553], 'size': [57], 'nshd_c': [3.033333333333333], 'nshd': [3.0], 'tpr': [0.23809523809523808], 'tpr_c': [0.24561403508771928], 'change_adj_count': [37]}
2022-08-18 BST 04:47:46,864 - INFO - After to_save=   MAX_SIZE  LAMBDA  NOISE_TEMPERATURE  ...       tpr     tpr_c  change_adj_count
0        66     100                 10  ...  0.238095  0.245614                37

[1 rows x 16 columns]
2022-08-18 BST 04:47:46,864 - INFO - After file_path='../results/l_66_4hps.csv'
2022-08-18 BST 04:47:46,866 - INFO - Last epoch results saved in l_66_4hps.csv
2022-08-18 BST 04:47:46,866 - INFO - 

DAG 9: size_true=61	X.var()=94.6254
2022-08-18 BST 04:47:47,134 - INFO -  epoch=   1      train_loss=  84.2426      val_loss=  29.8484      best=1      size=  42      nSHD_c=   2.9333      nSHD=   2.9000      tpr_c=   0.1429      change_adj_count=5      
2022-08-18 BST 04:48:07,251 - INFO -  epoch= 100      train_loss=  52.7809      val_loss=1281.2368      best=1      size=  57      nSHD_c=   3.2333      nSHD=   3.2333      tpr_c=   0.1754      change_adj_count=28      
2022-08-18 BST 04:48:27,866 - INFO -  epoch= 200      train_loss=  52.1620      val_loss=1226.8256      best=1      size=  56      nSHD_c=   3.2667      nSHD=   3.2667      tpr_c=   0.1607      change_adj_count=33      
2022-08-18 BST 04:48:48,458 - INFO -  epoch= 300      train_loss=  52.9373      val_loss=1208.8370      best=1      size=  56      nSHD_c=   3.2667      nSHD=   3.2667      tpr_c=   0.1607      change_adj_count=39      
2022-08-18 BST 04:49:09,218 - INFO -  epoch= 400      train_loss=  50.9262      val_loss=1205.0365      best=1      size=  56      nSHD_c=   3.2667      nSHD=   3.2667      tpr_c=   0.1607      change_adj_count=46      
2022-08-18 BST 04:49:29,276 - INFO -  epoch= 500      train_loss=  51.0686      val_loss=1090.8162      best=1      size=  56      nSHD_c=   3.2667      nSHD=   3.2667      tpr_c=   0.1607      change_adj_count=46      
2022-08-18 BST 04:49:50,071 - INFO -  epoch= 600      train_loss=  51.0612      val_loss=1052.4736      best=1      size=  56      nSHD_c=   3.2667      nSHD=   3.2667      tpr_c=   0.1607      change_adj_count=46      
2022-08-18 BST 04:50:10,612 - INFO -  epoch= 700      train_loss=  49.6407      val_loss= 998.2046      best=1      size=  56      nSHD_c=   3.2667      nSHD=   3.2667      tpr_c=   0.1607      change_adj_count=47      
2022-08-18 BST 04:50:31,175 - INFO -  epoch= 800      train_loss=  48.2564      val_loss= 929.7377      best=1      size=  56      nSHD_c=   3.2667      nSHD=   3.2667      tpr_c=   0.1607      change_adj_count=47      
2022-08-18 BST 04:50:52,198 - INFO -  epoch= 900      train_loss=  48.7199      val_loss= 917.2447      best=1      size=  56      nSHD_c=   3.2667      nSHD=   3.2667      tpr_c=   0.1607      change_adj_count=47      
2022-08-18 BST 04:51:12,318 - INFO -  epoch=1000      train_loss=  47.3045      val_loss= 869.3738      best=1      size=  56      nSHD_c=   3.2667      nSHD=   3.2667      tpr_c=   0.1607      change_adj_count=47      
2022-08-18 BST 04:51:12,318 - INFO - Before params
2022-08-18 BST 04:51:12,319 - INFO - After params={'MAX_SIZE': [66], 'LAMBDA': [100], 'NOISE_TEMPERATURE': [10], 'h_NULL': [0.001], 'h_LR': [0.0001], 'z_RHO': [0], 'z_MU': [0]}
2022-08-18 BST 04:51:12,319 - INFO - After metrics={'train_loss': [47.3045283902076], 'val_loss': [869.3738098144531], 'size': [56], 'nshd_c': [3.2666666666666666], 'nshd': [3.2666666666666666], 'tpr': [0.14754098360655737], 'tpr_c': [0.16071428571428573], 'change_adj_count': [47]}
2022-08-18 BST 04:51:12,337 - INFO - After to_save=   MAX_SIZE  LAMBDA  NOISE_TEMPERATURE  ...       tpr     tpr_c  change_adj_count
0        66     100                 10  ...  0.147541  0.160714                47

[1 rows x 16 columns]
2022-08-18 BST 04:51:12,337 - INFO - After file_path='../results/l_66_4hps.csv'
2022-08-18 BST 04:51:12,351 - INFO - Last epoch results saved in l_66_4hps.csv
2022-08-18 BST 04:51:12,352 - INFO - 

DAG 10: size_true=51	X.var()=18.9170
2022-08-18 BST 04:51:12,703 - INFO -  epoch=   1      train_loss=  17.7404      val_loss=  11.8028      best=1      size=  40      nSHD_c=   2.4667      nSHD=   2.4667      tpr_c=   0.1250      change_adj_count=5      
2022-08-18 BST 04:51:34,363 - INFO -  epoch= 100      train_loss=  14.0270      val_loss=  80.8020      best=1      size=  52      nSHD_c=   2.5000      nSHD=   2.4667      tpr_c=   0.2500      change_adj_count=24      
2022-08-18 BST 04:51:54,852 - INFO -  epoch= 200      train_loss=  13.6424      val_loss=  78.7327      best=1      size=  52      nSHD_c=   2.5000      nSHD=   2.4667      tpr_c=   0.2500      change_adj_count=26      
2022-08-18 BST 04:52:15,119 - INFO -  epoch= 300      train_loss=  13.7501      val_loss=  72.5163      best=1      size=  52      nSHD_c=   2.5000      nSHD=   2.4667      tpr_c=   0.2500      change_adj_count=34      
2022-08-18 BST 04:52:35,767 - INFO -  epoch= 400      train_loss=  13.6626      val_loss=  76.4318      best=1      size=  52      nSHD_c=   2.5000      nSHD=   2.4667      tpr_c=   0.2500      change_adj_count=34      
2022-08-18 BST 04:52:56,676 - INFO -  epoch= 500      train_loss=  13.5148      val_loss=  65.0663      best=1      size=  52      nSHD_c=   2.5000      nSHD=   2.4667      tpr_c=   0.2500      change_adj_count=34      
2022-08-18 BST 04:53:16,998 - INFO -  epoch= 600      train_loss=  13.4960      val_loss=  65.8920      best=1      size=  52      nSHD_c=   2.5000      nSHD=   2.4667      tpr_c=   0.2500      change_adj_count=34      
2022-08-18 BST 04:53:37,268 - INFO -  epoch= 700      train_loss=  13.3215      val_loss=  60.5398      best=1      size=  52      nSHD_c=   2.5000      nSHD=   2.4667      tpr_c=   0.2500      change_adj_count=34      
2022-08-18 BST 04:53:57,037 - INFO -  epoch= 800      train_loss=  13.2409      val_loss=  63.2145      best=1      size=  52      nSHD_c=   2.5000      nSHD=   2.4667      tpr_c=   0.2500      change_adj_count=34      
2022-08-18 BST 04:54:16,865 - INFO -  epoch= 900      train_loss=  12.8864      val_loss=  64.3956      best=1      size=  52      nSHD_c=   2.5000      nSHD=   2.4667      tpr_c=   0.2500      change_adj_count=34      
2022-08-18 BST 04:54:35,835 - INFO -  epoch=1000      train_loss=  12.9241      val_loss=  58.7412      best=1      size=  52      nSHD_c=   2.5000      nSHD=   2.4667      tpr_c=   0.2500      change_adj_count=34      
2022-08-18 BST 04:54:35,835 - INFO - Before params
2022-08-18 BST 04:54:35,835 - INFO - After params={'MAX_SIZE': [66], 'LAMBDA': [100], 'NOISE_TEMPERATURE': [10], 'h_NULL': [0.001], 'h_LR': [0.0001], 'z_RHO': [0], 'z_MU': [0]}
2022-08-18 BST 04:54:35,835 - INFO - After metrics={'train_loss': [12.92411555013349], 'val_loss': [58.7412166595459], 'size': [52], 'nshd_c': [2.5], 'nshd': [2.466666666666667], 'tpr': [0.27450980392156865], 'tpr_c': [0.25], 'change_adj_count': [34]}
2022-08-18 BST 04:54:35,854 - INFO - After to_save=   MAX_SIZE  LAMBDA  NOISE_TEMPERATURE  ...      tpr  tpr_c  change_adj_count
0        66     100                 10  ...  0.27451   0.25                34

[1 rows x 16 columns]
2022-08-18 BST 04:54:35,854 - INFO - After file_path='../results/l_66_4hps.csv'
2022-08-18 BST 04:54:35,856 - INFO - Last epoch results saved in l_66_4hps.csv
2022-08-18 BST 04:54:35,857 - INFO - 

DAG 11: size_true=68	X.var()=127.5135
2022-08-18 BST 04:54:36,086 - INFO -  epoch=   1      train_loss= 119.5107      val_loss=  58.1343      best=1      size=  41      nSHD_c=   3.0000      nSHD=   3.0000      tpr_c=   0.1707      change_adj_count=5      
2022-08-18 BST 04:54:54,814 - INFO -  epoch= 100      train_loss=  74.8240      val_loss=1639.7458      best=1      size=  61      nSHD_c=   3.4333      nSHD=   3.4000      tpr_c=   0.1967      change_adj_count=29      
2022-08-18 BST 04:55:14,782 - INFO -  epoch= 200      train_loss=  72.5241      val_loss=1672.2479      best=1      size=  61      nSHD_c=   3.4000      nSHD=   3.3667      tpr_c=   0.2131      change_adj_count=35      
2022-08-18 BST 04:55:35,619 - INFO -  epoch= 300      train_loss=  70.8263      val_loss=1746.2025      best=1      size=  61      nSHD_c=   3.4000      nSHD=   3.3667      tpr_c=   0.2131      change_adj_count=35      
2022-08-18 BST 04:55:56,139 - INFO -  epoch= 400      train_loss=  70.1109      val_loss=1620.2462      best=1      size=  61      nSHD_c=   3.4000      nSHD=   3.3667      tpr_c=   0.2131      change_adj_count=35      
2022-08-18 BST 04:56:16,112 - INFO -  epoch= 500      train_loss=  69.4442      val_loss=1532.4801      best=1      size=  61      nSHD_c=   3.4000      nSHD=   3.3667      tpr_c=   0.2131      change_adj_count=35      
2022-08-18 BST 04:56:36,068 - INFO -  epoch= 600      train_loss=  65.6594      val_loss=1432.6802      best=1      size=  61      nSHD_c=   3.4000      nSHD=   3.3667      tpr_c=   0.2131      change_adj_count=35      
2022-08-18 BST 04:56:56,601 - INFO -  epoch= 700      train_loss=  65.6453      val_loss=1383.0599      best=1      size=  61      nSHD_c=   3.4000      nSHD=   3.3667      tpr_c=   0.2131      change_adj_count=35      
2022-08-18 BST 04:57:17,060 - INFO -  epoch= 800      train_loss=  64.6226      val_loss=1364.5822      best=1      size=  61      nSHD_c=   3.4000      nSHD=   3.3667      tpr_c=   0.2131      change_adj_count=35      
2022-08-18 BST 04:57:37,708 - INFO -  epoch= 900      train_loss=  63.2951      val_loss=1193.8691      best=1      size=  60      nSHD_c=   3.3667      nSHD=   3.3333      tpr_c=   0.2167      change_adj_count=53      
2022-08-18 BST 04:57:58,728 - INFO -  epoch=1000      train_loss=  62.2029      val_loss=1216.5040      best=1      size=  60      nSHD_c=   3.3667      nSHD=   3.3333      tpr_c=   0.2167      change_adj_count=55      
2022-08-18 BST 04:57:58,729 - INFO - Before params
2022-08-18 BST 04:57:58,729 - INFO - After params={'MAX_SIZE': [66], 'LAMBDA': [100], 'NOISE_TEMPERATURE': [10], 'h_NULL': [0.001], 'h_LR': [0.0001], 'z_RHO': [0], 'z_MU': [0]}
2022-08-18 BST 04:57:58,729 - INFO - After metrics={'train_loss': [62.20292208271642], 'val_loss': [1216.5040486653645], 'size': [60], 'nshd_c': [3.3666666666666667], 'nshd': [3.3333333333333335], 'tpr': [0.20588235294117646], 'tpr_c': [0.21666666666666667], 'change_adj_count': [55]}
2022-08-18 BST 04:57:58,748 - INFO - After to_save=   MAX_SIZE  LAMBDA  NOISE_TEMPERATURE  ...       tpr     tpr_c  change_adj_count
0        66     100                 10  ...  0.205882  0.216667                55

[1 rows x 16 columns]
2022-08-18 BST 04:57:58,749 - INFO - After file_path='../results/l_66_4hps.csv'
2022-08-18 BST 04:57:58,751 - INFO - Last epoch results saved in l_66_4hps.csv
2022-08-18 BST 04:57:58,751 - INFO - 

DAG 12: size_true=53	X.var()=15.8398
2022-08-18 BST 04:57:59,034 - INFO -  epoch=   1      train_loss=  15.1520      val_loss=   7.5562      best=1      size=  46      nSHD_c=   2.5667      nSHD=   2.5667      tpr_c=   0.1957      change_adj_count=5      
2022-08-18 BST 04:58:19,407 - INFO -  epoch= 100      train_loss=  11.8882      val_loss=  58.0002      best=1      size=  52      nSHD_c=   2.4333      nSHD=   2.4333      tpr_c=   0.2692      change_adj_count=25      
2022-08-18 BST 04:58:39,338 - INFO -  epoch= 200      train_loss=  11.7660      val_loss=  52.2302      best=1      size=  52      nSHD_c=   2.4333      nSHD=   2.4333      tpr_c=   0.2692      change_adj_count=25      
2022-08-18 BST 04:58:59,643 - INFO -  epoch= 300      train_loss=  11.5907      val_loss=  54.5078      best=1      size=  52      nSHD_c=   2.4333      nSHD=   2.4333      tpr_c=   0.2692      change_adj_count=25      
2022-08-18 BST 04:59:20,319 - INFO -  epoch= 400      train_loss=  11.6674      val_loss=  65.0904      best=1      size=  52      nSHD_c=   2.4000      nSHD=   2.4000      tpr_c=   0.2885      change_adj_count=25      
2022-08-18 BST 04:59:41,573 - INFO -  epoch= 500      train_loss=  11.1046      val_loss=  63.1598      best=1      size=  52      nSHD_c=   2.4000      nSHD=   2.4000      tpr_c=   0.2885      change_adj_count=25      
2022-08-18 BST 05:00:02,093 - INFO -  epoch= 600      train_loss=  11.0954      val_loss=  63.7004      best=1      size=  52      nSHD_c=   2.4000      nSHD=   2.4000      tpr_c=   0.2885      change_adj_count=25      
2022-08-18 BST 05:00:22,467 - INFO -  epoch= 700      train_loss=  11.0470      val_loss=  61.5477      best=1      size=  52      nSHD_c=   2.4000      nSHD=   2.4000      tpr_c=   0.2885      change_adj_count=25      
2022-08-18 BST 05:00:42,496 - INFO -  epoch= 800      train_loss=  11.1716      val_loss=  54.6238      best=1      size=  52      nSHD_c=   2.4000      nSHD=   2.4000      tpr_c=   0.2885      change_adj_count=25      
2022-08-18 BST 05:01:02,181 - INFO -  epoch= 900      train_loss=  10.8240      val_loss=  55.2101      best=1      size=  52      nSHD_c=   2.4000      nSHD=   2.4000      tpr_c=   0.2885      change_adj_count=25      
2022-08-18 BST 05:01:22,421 - INFO -  epoch=1000      train_loss=  10.9059      val_loss=  52.9003      best=1      size=  52      nSHD_c=   2.4000      nSHD=   2.4000      tpr_c=   0.2885      change_adj_count=25      
2022-08-18 BST 05:01:22,421 - INFO - Before params
2022-08-18 BST 05:01:22,422 - INFO - After params={'MAX_SIZE': [66], 'LAMBDA': [100], 'NOISE_TEMPERATURE': [10], 'h_NULL': [0.001], 'h_LR': [0.0001], 'z_RHO': [0], 'z_MU': [0]}
2022-08-18 BST 05:01:22,422 - INFO - After metrics={'train_loss': [10.905903047130954], 'val_loss': [52.90030860900879], 'size': [52], 'nshd_c': [2.4], 'nshd': [2.4], 'tpr': [0.2830188679245283], 'tpr_c': [0.28846153846153844], 'change_adj_count': [25]}
2022-08-18 BST 05:01:22,440 - INFO - After to_save=   MAX_SIZE  LAMBDA  NOISE_TEMPERATURE  ...       tpr     tpr_c  change_adj_count
0        66     100                 10  ...  0.283019  0.288462                25

[1 rows x 16 columns]
2022-08-18 BST 05:01:22,440 - INFO - After file_path='../results/l_66_4hps.csv'
2022-08-18 BST 05:01:22,443 - INFO - Last epoch results saved in l_66_4hps.csv
2022-08-18 BST 05:01:22,443 - INFO - 

DAG 13: size_true=53	X.var()=112.2632
2022-08-18 BST 05:01:22,721 - INFO -  epoch=   1      train_loss= 105.9587      val_loss=  65.7699      best=1      size=  38      nSHD_c=   2.6000      nSHD=   2.5667      tpr_c=   0.0789      change_adj_count=5      
2022-08-18 BST 05:01:43,095 - INFO -  epoch= 100      train_loss=  65.4859      val_loss=1535.0370      best=1      size=  54      nSHD_c=   2.8667      nSHD=   2.8667      tpr_c=   0.1852      change_adj_count=26      
2022-08-18 BST 05:02:03,805 - INFO -  epoch= 200      train_loss=  62.9711      val_loss=1671.7647      best=1      size=  53      nSHD_c=   2.8333      nSHD=   2.8333      tpr_c=   0.1887      change_adj_count=34      
2022-08-18 BST 05:02:24,504 - INFO -  epoch= 300      train_loss=  60.0072      val_loss=1471.8256      best=1      size=  53      nSHD_c=   2.8333      nSHD=   2.8333      tpr_c=   0.1887      change_adj_count=45      
2022-08-18 BST 05:02:44,984 - INFO -  epoch= 400      train_loss=  58.8000      val_loss=1466.6518      best=1      size=  52      nSHD_c=   2.8000      nSHD=   2.8000      tpr_c=   0.1923      change_adj_count=49      
2022-08-18 BST 05:03:05,737 - INFO -  epoch= 500      train_loss=  58.0714      val_loss=1501.5498      best=1      size=  52      nSHD_c=   2.8000      nSHD=   2.8000      tpr_c=   0.1923      change_adj_count=61      
2022-08-18 BST 05:03:26,005 - INFO -  epoch= 600      train_loss=  56.8347      val_loss=1377.2284      best=1      size=  52      nSHD_c=   2.8000      nSHD=   2.8000      tpr_c=   0.1923      change_adj_count=61      
2022-08-18 BST 05:03:46,621 - INFO -  epoch= 700      train_loss=  56.8147      val_loss=1333.8167      best=1      size=  52      nSHD_c=   2.8000      nSHD=   2.8000      tpr_c=   0.1923      change_adj_count=61      
2022-08-18 BST 05:04:07,205 - INFO -  epoch= 800      train_loss=  56.5918      val_loss=1337.8553      best=1      size=  52      nSHD_c=   2.8000      nSHD=   2.8000      tpr_c=   0.1923      change_adj_count=61      
2022-08-18 BST 05:04:28,022 - INFO -  epoch= 900      train_loss=  52.5066      val_loss=1282.1194      best=1      size=  52      nSHD_c=   2.8000      nSHD=   2.8000      tpr_c=   0.1923      change_adj_count=61      
2022-08-18 BST 05:04:48,598 - INFO -  epoch=1000      train_loss=  52.9798      val_loss=1188.6449      best=1      size=  52      nSHD_c=   2.8000      nSHD=   2.8000      tpr_c=   0.1923      change_adj_count=61      
2022-08-18 BST 05:04:48,599 - INFO - Before params
2022-08-18 BST 05:04:48,600 - INFO - After params={'MAX_SIZE': [66], 'LAMBDA': [100], 'NOISE_TEMPERATURE': [10], 'h_NULL': [0.001], 'h_LR': [0.0001], 'z_RHO': [0], 'z_MU': [0]}
2022-08-18 BST 05:04:48,600 - INFO - After metrics={'train_loss': [52.979805731004284], 'val_loss': [1188.6448974609375], 'size': [52], 'nshd_c': [2.8], 'nshd': [2.8], 'tpr': [0.18867924528301888], 'tpr_c': [0.19230769230769232], 'change_adj_count': [61]}
2022-08-18 BST 05:04:48,636 - INFO - After to_save=   MAX_SIZE  LAMBDA  NOISE_TEMPERATURE  ...       tpr     tpr_c  change_adj_count
0        66     100                 10  ...  0.188679  0.192308                61

[1 rows x 16 columns]
2022-08-18 BST 05:04:48,637 - INFO - After file_path='../results/l_66_4hps.csv'
2022-08-18 BST 05:04:48,639 - INFO - Last epoch results saved in l_66_4hps.csv
2022-08-18 BST 05:04:48,640 - INFO - 

DAG 14: size_true=59	X.var()=16.7418
2022-08-18 BST 05:04:48,882 - INFO -  epoch=   1      train_loss=  15.3116      val_loss=  11.2163      best=1      size=  42      nSHD_c=   2.8333      nSHD=   2.8333      tpr_c=   0.1190      change_adj_count=5      
2022-08-18 BST 05:05:08,974 - INFO -  epoch= 100      train_loss=  11.8983      val_loss=  69.5013      best=1      size=  60      nSHD_c=   2.7000      nSHD=   2.5667      tpr_c=   0.2833      change_adj_count=34      
2022-08-18 BST 05:05:29,509 - INFO -  epoch= 200      train_loss=  11.8327      val_loss=  66.2820      best=1      size=  60      nSHD_c=   2.7000      nSHD=   2.5667      tpr_c=   0.2833      change_adj_count=36      
2022-08-18 BST 05:05:50,091 - INFO -  epoch= 300      train_loss=  11.7412      val_loss=  62.2737      best=1      size=  60      nSHD_c=   2.7000      nSHD=   2.5667      tpr_c=   0.2833      change_adj_count=42      
2022-08-18 BST 05:06:10,444 - INFO -  epoch= 400      train_loss=  11.5588      val_loss=  56.3748      best=1      size=  60      nSHD_c=   2.7333      nSHD=   2.6333      tpr_c=   0.2833      change_adj_count=43      
2022-08-18 BST 05:06:30,834 - INFO -  epoch= 500      train_loss=  11.5376      val_loss=  61.3875      best=1      size=  60      nSHD_c=   2.7333      nSHD=   2.6333      tpr_c=   0.2833      change_adj_count=43      
2022-08-18 BST 05:06:51,493 - INFO -  epoch= 600      train_loss=  11.3540      val_loss=  60.2926      best=1      size=  60      nSHD_c=   2.7333      nSHD=   2.6333      tpr_c=   0.2833      change_adj_count=43      
2022-08-18 BST 05:07:12,719 - INFO -  epoch= 700      train_loss=  11.3876      val_loss=  56.4981      best=1      size=  60      nSHD_c=   2.7333      nSHD=   2.6333      tpr_c=   0.2833      change_adj_count=43      
2022-08-18 BST 05:07:33,743 - INFO -  epoch= 800      train_loss=  11.1480      val_loss=  53.3929      best=1      size=  60      nSHD_c=   2.7333      nSHD=   2.6333      tpr_c=   0.2833      change_adj_count=43      
2022-08-18 BST 05:07:54,249 - INFO -  epoch= 900      train_loss=  10.9866      val_loss=  52.5570      best=1      size=  60      nSHD_c=   2.7333      nSHD=   2.6333      tpr_c=   0.2833      change_adj_count=43      
2022-08-18 BST 05:08:14,595 - INFO -  epoch=1000      train_loss=  10.9845      val_loss=  54.9936      best=1      size=  60      nSHD_c=   2.7333      nSHD=   2.6333      tpr_c=   0.2833      change_adj_count=45      
2022-08-18 BST 05:08:14,596 - INFO - Before params
2022-08-18 BST 05:08:14,597 - INFO - After params={'MAX_SIZE': [66], 'LAMBDA': [100], 'NOISE_TEMPERATURE': [10], 'h_NULL': [0.001], 'h_LR': [0.0001], 'z_RHO': [0], 'z_MU': [0]}
2022-08-18 BST 05:08:14,597 - INFO - After metrics={'train_loss': [10.984490471501504], 'val_loss': [54.99360752105713], 'size': [60], 'nshd_c': [2.7333333333333334], 'nshd': [2.6333333333333333], 'tpr': [0.3389830508474576], 'tpr_c': [0.2833333333333333], 'change_adj_count': [45]}
2022-08-18 BST 05:08:14,616 - INFO - After to_save=   MAX_SIZE  LAMBDA  NOISE_TEMPERATURE  ...       tpr     tpr_c  change_adj_count
0        66     100                 10  ...  0.338983  0.283333                45

[1 rows x 16 columns]
2022-08-18 BST 05:08:14,616 - INFO - After file_path='../results/l_66_4hps.csv'
2022-08-18 BST 05:08:14,618 - INFO - Last epoch results saved in l_66_4hps.csv
2022-08-18 BST 05:08:14,619 - INFO - 

DAG 15: size_true=42	X.var()=8.6273
2022-08-18 BST 05:08:14,914 - INFO -  epoch=   1      train_loss=   8.1785      val_loss=   5.4517      best=1      size=  46      nSHD_c=   2.2333      nSHD=   2.1667      tpr_c=   0.1739      change_adj_count=5      
2022-08-18 BST 05:08:35,487 - INFO -  epoch= 100      train_loss=   6.7267      val_loss=  22.5540      best=1      size=  53      nSHD_c=   1.9667      nSHD=   1.8000      tpr_c=   0.2830      change_adj_count=20      
2022-08-18 BST 05:08:56,360 - INFO -  epoch= 200      train_loss=   6.7715      val_loss=  22.2748      best=1      size=  53      nSHD_c=   1.9667      nSHD=   1.8000      tpr_c=   0.2830      change_adj_count=20      
2022-08-18 BST 05:09:16,877 - INFO -  epoch= 300      train_loss=   6.7417      val_loss=  23.5075      best=1      size=  53      nSHD_c=   1.9667      nSHD=   1.8333      tpr_c=   0.2830      change_adj_count=20      
2022-08-18 BST 05:09:37,576 - INFO -  epoch= 400      train_loss=   6.7077      val_loss=  22.7336      best=1      size=  53      nSHD_c=   1.9667      nSHD=   1.8333      tpr_c=   0.2830      change_adj_count=20      
2022-08-18 BST 05:09:58,335 - INFO -  epoch= 500      train_loss=   6.5652      val_loss=  23.5593      best=1      size=  53      nSHD_c=   1.9667      nSHD=   1.8333      tpr_c=   0.2830      change_adj_count=20      
2022-08-18 BST 05:10:18,716 - INFO -  epoch= 600      train_loss=   6.5814      val_loss=  21.5808      best=1      size=  53      nSHD_c=   1.9667      nSHD=   1.8333      tpr_c=   0.2830      change_adj_count=20      
2022-08-18 BST 05:10:39,129 - INFO -  epoch= 700      train_loss=   6.5949      val_loss=  20.9157      best=1      size=  53      nSHD_c=   1.9667      nSHD=   1.8333      tpr_c=   0.2830      change_adj_count=20      
2022-08-18 BST 05:10:59,855 - INFO -  epoch= 800      train_loss=   6.5431      val_loss=  20.4927      best=1      size=  52      nSHD_c=   1.9333      nSHD=   1.8000      tpr_c=   0.2885      change_adj_count=21      
2022-08-18 BST 05:11:20,333 - INFO -  epoch= 900      train_loss=   6.5325      val_loss=  18.8843      best=1      size=  52      nSHD_c=   1.9333      nSHD=   1.8000      tpr_c=   0.2885      change_adj_count=21      
2022-08-18 BST 05:11:41,257 - INFO -  epoch=1000      train_loss=   6.3454      val_loss=  19.2527      best=1      size=  52      nSHD_c=   1.9333      nSHD=   1.8000      tpr_c=   0.2885      change_adj_count=21      
2022-08-18 BST 05:11:41,257 - INFO - Before params
2022-08-18 BST 05:11:41,258 - INFO - After params={'MAX_SIZE': [66], 'LAMBDA': [100], 'NOISE_TEMPERATURE': [10], 'h_NULL': [0.001], 'h_LR': [0.0001], 'z_RHO': [0], 'z_MU': [0]}
2022-08-18 BST 05:11:41,258 - INFO - After metrics={'train_loss': [6.345419206926899], 'val_loss': [19.25271765391032], 'size': [52], 'nshd_c': [1.9333333333333333], 'nshd': [1.8], 'tpr': [0.4523809523809524], 'tpr_c': [0.28846153846153844], 'change_adj_count': [21]}
2022-08-18 BST 05:11:41,277 - INFO - After to_save=   MAX_SIZE  LAMBDA  NOISE_TEMPERATURE  ...       tpr     tpr_c  change_adj_count
0        66     100                 10  ...  0.452381  0.288462                21

[1 rows x 16 columns]
2022-08-18 BST 05:11:41,277 - INFO - After file_path='../results/l_66_4hps.csv'
2022-08-18 BST 05:11:41,279 - INFO - Last epoch results saved in l_66_4hps.csv
2022-08-18 BST 05:11:41,280 - INFO - 

DAG 16: size_true=50	X.var()=12.1502
2022-08-18 BST 05:11:41,530 - INFO -  epoch=   1      train_loss=  11.3186      val_loss=   8.8116      best=1      size=  46      nSHD_c=   2.4000      nSHD=   2.3667      tpr_c=   0.1739      change_adj_count=5      
2022-08-18 BST 05:11:41,802 - INFO -  epoch=   2      train_loss=  10.5652      val_loss=   7.3548      best=1      size=  43      nSHD_c=   2.4000      nSHD=   2.3333      tpr_c=   0.1860      change_adj_count=6      
2022-08-18 BST 05:12:01,938 - INFO -  epoch= 100      train_loss=   9.4126      val_loss=  33.1127      best=1      size=  55      nSHD_c=   2.3667      nSHD=   2.2333      tpr_c=   0.2727      change_adj_count=25      
2022-08-18 BST 05:12:22,564 - INFO -  epoch= 200      train_loss=   9.2498      val_loss=  33.0722      best=1      size=  55      nSHD_c=   2.3667      nSHD=   2.2333      tpr_c=   0.2727      change_adj_count=29      
2022-08-18 BST 05:12:42,949 - INFO -  epoch= 300      train_loss=   9.2132      val_loss=  29.8243      best=1      size=  55      nSHD_c=   2.3667      nSHD=   2.2333      tpr_c=   0.2727      change_adj_count=31      
2022-08-18 BST 05:13:02,917 - INFO -  epoch= 400      train_loss=   9.1237      val_loss=  31.5875      best=1      size=  55      nSHD_c=   2.3667      nSHD=   2.2333      tpr_c=   0.2727      change_adj_count=31      
2022-08-18 BST 05:13:22,386 - INFO -  epoch= 500      train_loss=   9.0824      val_loss=  30.8456      best=1      size=  55      nSHD_c=   2.3667      nSHD=   2.2333      tpr_c=   0.2727      change_adj_count=31      
2022-08-18 BST 05:13:41,831 - INFO -  epoch= 600      train_loss=   9.0156      val_loss=  28.5157      best=1      size=  55      nSHD_c=   2.3667      nSHD=   2.2333      tpr_c=   0.2727      change_adj_count=31      
2022-08-18 BST 05:14:01,876 - INFO -  epoch= 700      train_loss=   9.0684      val_loss=  29.3007      best=1      size=  55      nSHD_c=   2.3667      nSHD=   2.2333      tpr_c=   0.2727      change_adj_count=33      
2022-08-18 BST 05:14:22,197 - INFO -  epoch= 800      train_loss=   9.0053      val_loss=  28.0206      best=1      size=  55      nSHD_c=   2.3667      nSHD=   2.2333      tpr_c=   0.2727      change_adj_count=33      
2022-08-18 BST 05:14:43,085 - INFO -  epoch= 900      train_loss=   8.9674      val_loss=  27.9887      best=1      size=  54      nSHD_c=   2.3333      nSHD=   2.2000      tpr_c=   0.2778      change_adj_count=36      
2022-08-18 BST 05:15:03,921 - INFO -  epoch=1000      train_loss=   8.7490      val_loss=  26.0818      best=1      size=  54      nSHD_c=   2.3333      nSHD=   2.2000      tpr_c=   0.2778      change_adj_count=40      
2022-08-18 BST 05:15:03,922 - INFO - Before params
2022-08-18 BST 05:15:03,923 - INFO - After params={'MAX_SIZE': [66], 'LAMBDA': [100], 'NOISE_TEMPERATURE': [10], 'h_NULL': [0.001], 'h_LR': [0.0001], 'z_RHO': [0], 'z_MU': [0]}
2022-08-18 BST 05:15:03,923 - INFO - After metrics={'train_loss': [8.749041803421512], 'val_loss': [26.081809997558594], 'size': [54], 'nshd_c': [2.3333333333333335], 'nshd': [2.2], 'tpr': [0.38], 'tpr_c': [0.2777777777777778], 'change_adj_count': [40]}
2022-08-18 BST 05:15:03,942 - INFO - After to_save=   MAX_SIZE  LAMBDA  NOISE_TEMPERATURE  ...   tpr     tpr_c  change_adj_count
0        66     100                 10  ...  0.38  0.277778                40

[1 rows x 16 columns]
2022-08-18 BST 05:15:03,942 - INFO - After file_path='../results/l_66_4hps.csv'
2022-08-18 BST 05:15:03,944 - INFO - Last epoch results saved in l_66_4hps.csv
2022-08-18 BST 05:15:03,944 - INFO - 

DAG 17: size_true=49	X.var()=16.5203
2022-08-18 BST 05:15:04,213 - INFO -  epoch=   1      train_loss=  15.2364      val_loss=  10.3703      best=1      size=  42      nSHD_c=   2.6667      nSHD=   2.6333      tpr_c=   0.0238      change_adj_count=5      
2022-08-18 BST 05:15:24,555 - INFO -  epoch= 100      train_loss=  11.9006      val_loss=  67.2829      best=1      size=  53      nSHD_c=   2.2000      nSHD=   2.2000      tpr_c=   0.3396      change_adj_count=23      
2022-08-18 BST 05:15:45,154 - INFO -  epoch= 200      train_loss=  11.9048      val_loss=  63.5425      best=1      size=  54      nSHD_c=   2.2333      nSHD=   2.2333      tpr_c=   0.3333      change_adj_count=24      
2022-08-18 BST 05:16:05,907 - INFO -  epoch= 300      train_loss=  11.8031      val_loss=  62.7433      best=1      size=  54      nSHD_c=   2.2333      nSHD=   2.2333      tpr_c=   0.3333      change_adj_count=38      
2022-08-18 BST 05:16:26,293 - INFO -  epoch= 400      train_loss=  11.7159      val_loss=  65.3353      best=1      size=  54      nSHD_c=   2.2333      nSHD=   2.2333      tpr_c=   0.3333      change_adj_count=40      
2022-08-18 BST 05:16:46,625 - INFO -  epoch= 500      train_loss=  11.3898      val_loss=  57.7729      best=1      size=  53      nSHD_c=   2.2000      nSHD=   2.2000      tpr_c=   0.3396      change_adj_count=45      
2022-08-18 BST 05:17:07,245 - INFO -  epoch= 600      train_loss=  11.4329      val_loss=  56.3280      best=1      size=  53      nSHD_c=   2.2000      nSHD=   2.2000      tpr_c=   0.3396      change_adj_count=45      
2022-08-18 BST 05:17:27,889 - INFO -  epoch= 700      train_loss=  11.1950      val_loss=  55.5523      best=1      size=  53      nSHD_c=   2.2000      nSHD=   2.2000      tpr_c=   0.3396      change_adj_count=45      
2022-08-18 BST 05:17:48,520 - INFO -  epoch= 800      train_loss=  11.2788      val_loss=  53.3748      best=1      size=  53      nSHD_c=   2.2000      nSHD=   2.2000      tpr_c=   0.3396      change_adj_count=45      
2022-08-18 BST 05:18:08,805 - INFO -  epoch= 900      train_loss=  10.9875      val_loss=  50.7458      best=1      size=  53      nSHD_c=   2.2000      nSHD=   2.2000      tpr_c=   0.3396      change_adj_count=45      
2022-08-18 BST 05:18:29,065 - INFO -  epoch=1000      train_loss=  11.0027      val_loss=  51.6154      best=1      size=  53      nSHD_c=   2.2000      nSHD=   2.2000      tpr_c=   0.3396      change_adj_count=45      
2022-08-18 BST 05:18:29,066 - INFO - Before params
2022-08-18 BST 05:18:29,066 - INFO - After params={'MAX_SIZE': [66], 'LAMBDA': [100], 'NOISE_TEMPERATURE': [10], 'h_NULL': [0.001], 'h_LR': [0.0001], 'z_RHO': [0], 'z_MU': [0]}
2022-08-18 BST 05:18:29,066 - INFO - After metrics={'train_loss': [11.002708250476468], 'val_loss': [51.615434646606445], 'size': [53], 'nshd_c': [2.2], 'nshd': [2.2], 'tpr': [0.3673469387755102], 'tpr_c': [0.33962264150943394], 'change_adj_count': [45]}
2022-08-18 BST 05:18:29,086 - INFO - After to_save=   MAX_SIZE  LAMBDA  NOISE_TEMPERATURE  ...       tpr     tpr_c  change_adj_count
0        66     100                 10  ...  0.367347  0.339623                45

[1 rows x 16 columns]
2022-08-18 BST 05:18:29,086 - INFO - After file_path='../results/l_66_4hps.csv'
2022-08-18 BST 05:18:29,088 - INFO - Last epoch results saved in l_66_4hps.csv
2022-08-18 BST 05:18:29,089 - INFO - 

DAG 18: size_true=56	X.var()=17.9506
2022-08-18 BST 05:18:29,362 - INFO -  epoch=   1      train_loss=  16.9565      val_loss=  10.2503      best=1      size=  45      nSHD_c=   2.9000      nSHD=   2.9000      tpr_c=   0.1111      change_adj_count=5      
2022-08-18 BST 05:18:49,426 - INFO -  epoch= 100      train_loss=  12.7436      val_loss=  73.5455      best=1      size=  62      nSHD_c=   2.9333      nSHD=   2.9000      tpr_c=   0.2097      change_adj_count=21      
2022-08-18 BST 05:19:09,943 - INFO -  epoch= 200      train_loss=  12.6473      val_loss=  72.5492      best=1      size=  62      nSHD_c=   2.9333      nSHD=   2.9000      tpr_c=   0.2097      change_adj_count=21      
2022-08-18 BST 05:19:31,181 - INFO -  epoch= 300      train_loss=  12.3566      val_loss=  86.5331      best=1      size=  62      nSHD_c=   2.8667      nSHD=   2.8333      tpr_c=   0.2419      change_adj_count=21      
2022-08-18 BST 05:19:51,748 - INFO -  epoch= 400      train_loss=  12.4214      val_loss=  86.1008      best=1      size=  62      nSHD_c=   2.8667      nSHD=   2.8333      tpr_c=   0.2419      change_adj_count=21      
2022-08-18 BST 05:20:12,498 - INFO -  epoch= 500      train_loss=  12.3253      val_loss=  79.2871      best=1      size=  62      nSHD_c=   2.8667      nSHD=   2.8333      tpr_c=   0.2419      change_adj_count=21      
2022-08-18 BST 05:20:33,260 - INFO -  epoch= 600      train_loss=  11.9626      val_loss=  78.0897      best=1      size=  62      nSHD_c=   2.8667      nSHD=   2.8333      tpr_c=   0.2419      change_adj_count=21      
2022-08-18 BST 05:20:53,901 - INFO -  epoch= 700      train_loss=  11.8216      val_loss=  72.5639      best=1      size=  62      nSHD_c=   2.8667      nSHD=   2.8333      tpr_c=   0.2419      change_adj_count=21      
2022-08-18 BST 05:21:14,324 - INFO -  epoch= 800      train_loss=  11.9358      val_loss=  68.2162      best=1      size=  62      nSHD_c=   2.8667      nSHD=   2.8333      tpr_c=   0.2419      change_adj_count=21      
2022-08-18 BST 05:21:35,274 - INFO -  epoch= 900      train_loss=  11.7352      val_loss=  70.3824      best=1      size=  62      nSHD_c=   2.8333      nSHD=   2.7667      tpr_c=   0.2419      change_adj_count=22      
2022-08-18 BST 05:21:55,680 - INFO -  epoch=1000      train_loss=  11.6933      val_loss=  67.4939      best=1      size=  62      nSHD_c=   2.8333      nSHD=   2.7667      tpr_c=   0.2419      change_adj_count=22      
2022-08-18 BST 05:21:55,680 - INFO - Before params
2022-08-18 BST 05:21:55,681 - INFO - After params={'MAX_SIZE': [66], 'LAMBDA': [100], 'NOISE_TEMPERATURE': [10], 'h_NULL': [0.001], 'h_LR': [0.0001], 'z_RHO': [0], 'z_MU': [0]}
2022-08-18 BST 05:21:55,681 - INFO - After metrics={'train_loss': [11.693299201227003], 'val_loss': [67.4938513437907], 'size': [62], 'nshd_c': [2.8333333333333335], 'nshd': [2.7666666666666666], 'tpr': [0.30357142857142855], 'tpr_c': [0.24193548387096775], 'change_adj_count': [22]}
2022-08-18 BST 05:21:55,699 - INFO - After to_save=   MAX_SIZE  LAMBDA  NOISE_TEMPERATURE  ...       tpr     tpr_c  change_adj_count
0        66     100                 10  ...  0.303571  0.241935                22

[1 rows x 16 columns]
2022-08-18 BST 05:21:55,699 - INFO - After file_path='../results/l_66_4hps.csv'
2022-08-18 BST 05:21:55,701 - INFO - Last epoch results saved in l_66_4hps.csv
2022-08-18 BST 05:21:55,702 - INFO - 

DAG 19: size_true=57	X.var()=24.8142
2022-08-18 BST 05:21:55,976 - INFO -  epoch=   1      train_loss=  22.1695      val_loss=  13.3712      best=1      size=  45      nSHD_c=   2.8000      nSHD=   2.7667      tpr_c=   0.1778      change_adj_count=5      
2022-08-18 BST 05:22:16,127 - INFO -  epoch= 100      train_loss=  16.7070      val_loss= 148.7972      best=1      size=  59      nSHD_c=   2.9000      nSHD=   2.8333      tpr_c=   0.2203      change_adj_count=28      
2022-08-18 BST 05:22:36,557 - INFO -  epoch= 200      train_loss=  16.3945      val_loss= 147.6620      best=1      size=  58      nSHD_c=   2.9333      nSHD=   2.8667      tpr_c=   0.2069      change_adj_count=33      
2022-08-18 BST 05:22:56,836 - INFO -  epoch= 300      train_loss=  16.5189      val_loss= 136.8304      best=1      size=  58      nSHD_c=   2.9333      nSHD=   2.8667      tpr_c=   0.2069      change_adj_count=33      
2022-08-18 BST 05:23:16,631 - INFO -  epoch= 400      train_loss=  16.2130      val_loss= 130.0283      best=1      size=  58      nSHD_c=   2.9000      nSHD=   2.8333      tpr_c=   0.2241      change_adj_count=33      
2022-08-18 BST 05:23:37,125 - INFO -  epoch= 500      train_loss=  16.0150      val_loss= 128.3817      best=1      size=  57      nSHD_c=   2.8667      nSHD=   2.8000      tpr_c=   0.2281      change_adj_count=36      
2022-08-18 BST 05:23:57,065 - INFO -  epoch= 600      train_loss=  15.9051      val_loss= 120.9592      best=1      size=  57      nSHD_c=   2.8667      nSHD=   2.8000      tpr_c=   0.2281      change_adj_count=36      
2022-08-18 BST 05:24:17,171 - INFO -  epoch= 700      train_loss=  16.0778      val_loss= 114.9226      best=1      size=  57      nSHD_c=   2.8667      nSHD=   2.8000      tpr_c=   0.2281      change_adj_count=36      
2022-08-18 BST 05:24:36,726 - INFO -  epoch= 800      train_loss=  15.6628      val_loss=  98.6074      best=1      size=  57      nSHD_c=   2.7667      nSHD=   2.7333      tpr_c=   0.2632      change_adj_count=39      
2022-08-18 BST 05:24:56,256 - INFO -  epoch= 900      train_loss=  15.3054      val_loss=  99.3775      best=1      size=  57      nSHD_c=   2.7667      nSHD=   2.7333      tpr_c=   0.2632      change_adj_count=39      
2022-08-18 BST 05:25:16,366 - INFO -  epoch=1000      train_loss=  15.2539      val_loss=  96.7845      best=1      size=  57      nSHD_c=   2.7667      nSHD=   2.7333      tpr_c=   0.2632      change_adj_count=39      
2022-08-18 BST 05:25:16,367 - INFO - Before params
2022-08-18 BST 05:25:16,367 - INFO - After params={'MAX_SIZE': [66], 'LAMBDA': [100], 'NOISE_TEMPERATURE': [10], 'h_NULL': [0.001], 'h_LR': [0.0001], 'z_RHO': [0], 'z_MU': [0]}
2022-08-18 BST 05:25:16,367 - INFO - After metrics={'train_loss': [15.253945565992787], 'val_loss': [96.78451156616211], 'size': [57], 'nshd_c': [2.7666666666666666], 'nshd': [2.7333333333333334], 'tpr': [0.2807017543859649], 'tpr_c': [0.2631578947368421], 'change_adj_count': [39]}
2022-08-18 BST 05:25:16,386 - INFO - After to_save=   MAX_SIZE  LAMBDA  NOISE_TEMPERATURE  ...       tpr     tpr_c  change_adj_count
0        66     100                 10  ...  0.280702  0.263158                39

[1 rows x 16 columns]
2022-08-18 BST 05:25:16,386 - INFO - After file_path='../results/l_66_4hps.csv'
2022-08-18 BST 05:25:16,388 - INFO - Last epoch results saved in l_66_4hps.csv
2022-08-18 BST 05:25:16,389 - INFO - 

DAG 20: size_true=59	X.var()=201.6824
2022-08-18 BST 05:25:16,678 - INFO -  epoch=   1      train_loss= 183.7989      val_loss=  45.4076      best=1      size=  42      nSHD_c=   2.9667      nSHD=   2.9667      tpr_c=   0.1190      change_adj_count=5      
2022-08-18 BST 05:25:37,169 - INFO -  epoch= 100      train_loss=  99.4491      val_loss=3632.6846      best=1      size=  60      nSHD_c=   3.5667      nSHD=   3.5667      tpr_c=   0.1000      change_adj_count=44      
2022-08-18 BST 05:25:57,662 - INFO -  epoch= 200      train_loss=  97.5695      val_loss=3491.9324      best=1      size=  60      nSHD_c=   3.5333      nSHD=   3.5000      tpr_c=   0.1000      change_adj_count=60      
2022-08-18 BST 05:26:17,850 - INFO -  epoch= 300      train_loss=  91.7729      val_loss=3098.4621      best=1      size=  60      nSHD_c=   3.5000      nSHD=   3.4333      tpr_c=   0.1000      change_adj_count=73      
2022-08-18 BST 05:26:38,543 - INFO -  epoch= 400      train_loss=  90.8665      val_loss=3093.0572      best=1      size=  60      nSHD_c=   3.5000      nSHD=   3.4333      tpr_c=   0.1000      change_adj_count=82      
2022-08-18 BST 05:26:58,828 - INFO -  epoch= 500      train_loss=  93.7013      val_loss=2825.7499      best=1      size=  60      nSHD_c=   3.5000      nSHD=   3.4333      tpr_c=   0.1000      change_adj_count=85      
2022-08-18 BST 05:27:19,270 - INFO -  epoch= 600      train_loss=  87.2358      val_loss=2551.8473      best=1      size=  59      nSHD_c=   3.5000      nSHD=   3.4667      tpr_c=   0.1017      change_adj_count=101      
2022-08-18 BST 05:27:39,873 - INFO -  epoch= 700      train_loss=  87.8003      val_loss=2468.7377      best=1      size=  58      nSHD_c=   3.4333      nSHD=   3.3667      tpr_c=   0.1034      change_adj_count=110      
2022-08-18 BST 05:28:00,405 - INFO -  epoch= 800      train_loss=  87.6258      val_loss=2374.4289      best=1      size=  57      nSHD_c=   3.4000      nSHD=   3.3333      tpr_c=   0.1053      change_adj_count=122      
2022-08-18 BST 05:28:21,489 - INFO -  epoch= 900      train_loss=  85.8334      val_loss=2221.6917      best=1      size=  57      nSHD_c=   3.4000      nSHD=   3.3333      tpr_c=   0.1053      change_adj_count=132      
2022-08-18 BST 05:28:42,250 - INFO -  epoch=1000      train_loss=  83.6152      val_loss=2147.7154      best=1      size=  57      nSHD_c=   3.4000      nSHD=   3.3333      tpr_c=   0.1053      change_adj_count=132      
2022-08-18 BST 05:28:42,251 - INFO - Before params
2022-08-18 BST 05:28:42,251 - INFO - After params={'MAX_SIZE': [66], 'LAMBDA': [100], 'NOISE_TEMPERATURE': [10], 'h_NULL': [0.001], 'h_LR': [0.0001], 'z_RHO': [0], 'z_MU': [0]}
2022-08-18 BST 05:28:42,251 - INFO - After metrics={'train_loss': [83.61520828739289], 'val_loss': [2147.715372721354], 'size': [57], 'nshd_c': [3.4], 'nshd': [3.3333333333333335], 'tpr': [0.13559322033898305], 'tpr_c': [0.10526315789473684], 'change_adj_count': [132]}
2022-08-18 BST 05:28:42,270 - INFO - After to_save=   MAX_SIZE  LAMBDA  NOISE_TEMPERATURE  ...       tpr     tpr_c  change_adj_count
0        66     100                 10  ...  0.135593  0.105263               132

[1 rows x 16 columns]
2022-08-18 BST 05:28:42,270 - INFO - After file_path='../results/l_66_4hps.csv'
2022-08-18 BST 05:28:42,272 - INFO - Last epoch results saved in l_66_4hps.csv
2022-08-18 BST 05:28:42,272 - INFO - 

DAG 21: size_true=57	X.var()=21.1204
2022-08-18 BST 05:28:42,546 - INFO -  epoch=   1      train_loss=  19.1828      val_loss=  11.5127      best=1      size=  41      nSHD_c=   2.7333      nSHD=   2.7000      tpr_c=   0.1707      change_adj_count=5      
2022-08-18 BST 05:29:02,521 - INFO -  epoch= 100      train_loss=  14.1431      val_loss= 143.6818      best=1      size=  55      nSHD_c=   2.9000      nSHD=   2.8333      tpr_c=   0.1818      change_adj_count=24      
2022-08-18 BST 05:29:23,336 - INFO -  epoch= 200      train_loss=  13.9919      val_loss= 131.1165      best=1      size=  55      nSHD_c=   2.9333      nSHD=   2.8667      tpr_c=   0.1636      change_adj_count=24      
2022-08-18 BST 05:29:43,785 - INFO -  epoch= 300      train_loss=  13.8423      val_loss= 136.1159      best=1      size=  54      nSHD_c=   2.9000      nSHD=   2.8333      tpr_c=   0.1667      change_adj_count=36      
2022-08-18 BST 05:30:04,442 - INFO -  epoch= 400      train_loss=  13.7050      val_loss= 126.2981      best=1      size=  53      nSHD_c=   2.8667      nSHD=   2.8000      tpr_c=   0.1698      change_adj_count=37      
2022-08-18 BST 05:30:24,742 - INFO -  epoch= 500      train_loss=  13.3633      val_loss= 120.8087      best=1      size=  53      nSHD_c=   2.8667      nSHD=   2.8000      tpr_c=   0.1698      change_adj_count=37      
2022-08-18 BST 05:30:44,339 - INFO -  epoch= 600      train_loss=  13.3679      val_loss= 120.6314      best=1      size=  53      nSHD_c=   2.8667      nSHD=   2.8000      tpr_c=   0.1698      change_adj_count=37      
2022-08-18 BST 05:31:03,937 - INFO -  epoch= 700      train_loss=  13.0602      val_loss= 115.5518      best=1      size=  53      nSHD_c=   2.8667      nSHD=   2.8000      tpr_c=   0.1698      change_adj_count=37      
2022-08-18 BST 05:31:24,596 - INFO -  epoch= 800      train_loss=  12.9402      val_loss= 107.0572      best=1      size=  53      nSHD_c=   2.8667      nSHD=   2.8000      tpr_c=   0.1698      change_adj_count=44      
2022-08-18 BST 05:31:44,694 - INFO -  epoch= 900      train_loss=  12.7621      val_loss=  97.6807      best=1      size=  53      nSHD_c=   2.8667      nSHD=   2.8000      tpr_c=   0.1698      change_adj_count=46      
2022-08-18 BST 05:32:04,453 - INFO -  epoch=1000      train_loss=  12.6495      val_loss=  97.3263      best=1      size=  53      nSHD_c=   2.8667      nSHD=   2.8000      tpr_c=   0.1698      change_adj_count=46      
2022-08-18 BST 05:32:04,454 - INFO - Before params
2022-08-18 BST 05:32:04,454 - INFO - After params={'MAX_SIZE': [66], 'LAMBDA': [100], 'NOISE_TEMPERATURE': [10], 'h_NULL': [0.001], 'h_LR': [0.0001], 'z_RHO': [0], 'z_MU': [0]}
2022-08-18 BST 05:32:04,454 - INFO - After metrics={'train_loss': [12.649514721285913], 'val_loss': [97.32631365458171], 'size': [53], 'nshd_c': [2.8666666666666667], 'nshd': [2.8], 'tpr': [0.19298245614035087], 'tpr_c': [0.16981132075471697], 'change_adj_count': [46]}
2022-08-18 BST 05:32:04,473 - INFO - After to_save=   MAX_SIZE  LAMBDA  NOISE_TEMPERATURE  ...       tpr     tpr_c  change_adj_count
0        66     100                 10  ...  0.192982  0.169811                46

[1 rows x 16 columns]
2022-08-18 BST 05:32:04,474 - INFO - After file_path='../results/l_66_4hps.csv'
2022-08-18 BST 05:32:04,475 - INFO - Last epoch results saved in l_66_4hps.csv
2022-08-18 BST 05:32:04,476 - INFO - 

DAG 22: size_true=60	X.var()=129.8499
2022-08-18 BST 05:32:04,766 - INFO -  epoch=   1      train_loss= 118.9488      val_loss=  69.7006      best=1      size=  42      nSHD_c=   2.8000      nSHD=   2.8000      tpr_c=   0.1667      change_adj_count=5      
2022-08-18 BST 05:32:25,498 - INFO -  epoch= 100      train_loss=  69.2367      val_loss=2163.2600      best=1      size=  59      nSHD_c=   3.0667      nSHD=   3.0333      tpr_c=   0.2034      change_adj_count=24      
2022-08-18 BST 05:32:46,044 - INFO -  epoch= 200      train_loss=  69.6399      val_loss=1966.3370      best=1      size=  59      nSHD_c=   3.0667      nSHD=   3.0333      tpr_c=   0.2034      change_adj_count=24      
2022-08-18 BST 05:33:06,722 - INFO -  epoch= 300      train_loss=  67.6361      val_loss=1939.2650      best=1      size=  58      nSHD_c=   3.0333      nSHD=   3.0000      tpr_c=   0.2069      change_adj_count=25      
2022-08-18 BST 05:33:27,401 - INFO -  epoch= 400      train_loss=  65.6909      val_loss=1917.9430      best=1      size=  59      nSHD_c=   3.0333      nSHD=   3.0000      tpr_c=   0.2203      change_adj_count=32      
2022-08-18 BST 05:33:47,953 - INFO -  epoch= 500      train_loss=  67.0011      val_loss=1886.2695      best=1      size=  58      nSHD_c=   3.0000      nSHD=   2.9667      tpr_c=   0.2241      change_adj_count=36      
2022-08-18 BST 05:34:08,084 - INFO -  epoch= 600      train_loss=  62.3720      val_loss=1831.2158      best=1      size=  58      nSHD_c=   3.0000      nSHD=   2.9667      tpr_c=   0.2241      change_adj_count=36      
2022-08-18 BST 05:34:28,112 - INFO -  epoch= 700      train_loss=  62.2527      val_loss=1620.1683      best=1      size=  58      nSHD_c=   3.0000      nSHD=   2.9667      tpr_c=   0.2241      change_adj_count=37      
2022-08-18 BST 05:34:48,171 - INFO -  epoch= 800      train_loss=  61.2488      val_loss=1614.7175      best=1      size=  58      nSHD_c=   3.0000      nSHD=   2.9667      tpr_c=   0.2241      change_adj_count=37      
2022-08-18 BST 05:35:08,465 - INFO -  epoch= 900      train_loss=  61.0885      val_loss=1577.9844      best=1      size=  58      nSHD_c=   3.0000      nSHD=   2.9667      tpr_c=   0.2241      change_adj_count=37      
2022-08-18 BST 05:35:28,971 - INFO -  epoch=1000      train_loss=  58.8828      val_loss=1489.2192      best=1      size=  58      nSHD_c=   3.0000      nSHD=   2.9667      tpr_c=   0.2241      change_adj_count=37      
2022-08-18 BST 05:35:28,971 - INFO - Before params
2022-08-18 BST 05:35:28,972 - INFO - After params={'MAX_SIZE': [66], 'LAMBDA': [100], 'NOISE_TEMPERATURE': [10], 'h_NULL': [0.001], 'h_LR': [0.0001], 'z_RHO': [0], 'z_MU': [0]}
2022-08-18 BST 05:35:28,972 - INFO - After metrics={'train_loss': [58.88279330345892], 'val_loss': [1489.2192484537761], 'size': [58], 'nshd_c': [3.0], 'nshd': [2.966666666666667], 'tpr': [0.23333333333333334], 'tpr_c': [0.22413793103448276], 'change_adj_count': [37]}
2022-08-18 BST 05:35:28,990 - INFO - After to_save=   MAX_SIZE  LAMBDA  NOISE_TEMPERATURE  ...       tpr     tpr_c  change_adj_count
0        66     100                 10  ...  0.233333  0.224138                37

[1 rows x 16 columns]
2022-08-18 BST 05:35:28,990 - INFO - After file_path='../results/l_66_4hps.csv'
2022-08-18 BST 05:35:28,992 - INFO - Last epoch results saved in l_66_4hps.csv
2022-08-18 BST 05:35:28,993 - INFO - 

DAG 23: size_true=49	X.var()=14.1269
2022-08-18 BST 05:35:29,249 - INFO -  epoch=   1      train_loss=  13.4033      val_loss=  10.7623      best=1      size=  41      nSHD_c=   2.3667      nSHD=   2.3000      tpr_c=   0.1220      change_adj_count=5      
2022-08-18 BST 05:35:50,113 - INFO -  epoch= 100      train_loss=  10.7040      val_loss=  68.2880      best=1      size=  53      nSHD_c=   1.9333      nSHD=   1.8000      tpr_c=   0.3774      change_adj_count=29      
2022-08-18 BST 05:36:10,472 - INFO -  epoch= 200      train_loss=  10.6004      val_loss=  65.5963      best=1      size=  53      nSHD_c=   1.9333      nSHD=   1.8000      tpr_c=   0.3774      change_adj_count=29      
2022-08-18 BST 05:36:30,984 - INFO -  epoch= 300      train_loss=  10.3635      val_loss=  64.4931      best=1      size=  53      nSHD_c=   1.9333      nSHD=   1.8000      tpr_c=   0.3774      change_adj_count=29      
2022-08-18 BST 05:36:51,798 - INFO -  epoch= 400      train_loss=  10.3431      val_loss=  56.0504      best=1      size=  53      nSHD_c=   1.9333      nSHD=   1.8000      tpr_c=   0.3774      change_adj_count=29      
2022-08-18 BST 05:37:11,855 - INFO -  epoch= 500      train_loss=  10.3078      val_loss=  63.6353      best=1      size=  53      nSHD_c=   1.9333      nSHD=   1.8000      tpr_c=   0.3774      change_adj_count=29      
2022-08-18 BST 05:37:31,539 - INFO -  epoch= 600      train_loss=  10.3684      val_loss=  60.8272      best=1      size=  53      nSHD_c=   1.9333      nSHD=   1.8000      tpr_c=   0.3774      change_adj_count=29      
2022-08-18 BST 05:37:51,990 - INFO -  epoch= 700      train_loss=  10.1058      val_loss=  57.3583      best=1      size=  54      nSHD_c=   1.9000      nSHD=   1.7667      tpr_c=   0.3889      change_adj_count=30      
2022-08-18 BST 05:38:12,548 - INFO -  epoch= 800      train_loss=  10.1459      val_loss=  51.8367      best=1      size=  54      nSHD_c=   1.9000      nSHD=   1.7667      tpr_c=   0.3889      change_adj_count=30      
2022-08-18 BST 05:38:33,570 - INFO -  epoch= 900      train_loss=   9.9214      val_loss=  52.1635      best=1      size=  54      nSHD_c=   1.9000      nSHD=   1.7667      tpr_c=   0.3889      change_adj_count=30      
2022-08-18 BST 05:38:53,879 - INFO -  epoch=1000      train_loss=   9.8863      val_loss=  53.0705      best=1      size=  54      nSHD_c=   1.9000      nSHD=   1.7667      tpr_c=   0.3889      change_adj_count=30      
2022-08-18 BST 05:38:53,880 - INFO - Before params
2022-08-18 BST 05:38:53,880 - INFO - After params={'MAX_SIZE': [66], 'LAMBDA': [100], 'NOISE_TEMPERATURE': [10], 'h_NULL': [0.001], 'h_LR': [0.0001], 'z_RHO': [0], 'z_MU': [0]}
2022-08-18 BST 05:38:53,880 - INFO - After metrics={'train_loss': [9.886331896628104], 'val_loss': [53.07051086425781], 'size': [54], 'nshd_c': [1.9], 'nshd': [1.7666666666666666], 'tpr': [0.5102040816326531], 'tpr_c': [0.3888888888888889], 'change_adj_count': [30]}
2022-08-18 BST 05:38:53,899 - INFO - After to_save=   MAX_SIZE  LAMBDA  NOISE_TEMPERATURE  ...       tpr     tpr_c  change_adj_count
0        66     100                 10  ...  0.510204  0.388889                30

[1 rows x 16 columns]
2022-08-18 BST 05:38:53,899 - INFO - After file_path='../results/l_66_4hps.csv'
2022-08-18 BST 05:38:53,902 - INFO - Last epoch results saved in l_66_4hps.csv
2022-08-18 BST 05:38:53,902 - INFO - 
last_mean_nshd_c=2.8069
2022-08-18 BST 05:38:53,902 - INFO - 
Time taken 1:21:53 (h:mm:ss)
2022-08-18 BST 05:38:53,902 - INFO - 
End of log for run 2022-08-18_BST_04:17:00,901_l_66_4hps_305
