2022-08-19 BST 19:12:57,148 - INFO - 
Log for run 2022-08-19_BST_19:12:56,788_l_66_4hps_070

2022-08-19 BST 19:12:57,148 - INFO - COMMENT = ''
2022-08-19 BST 19:12:57,148 - INFO - DATA_FOLDER = '../data'
2022-08-19 BST 19:12:57,148 - INFO - LATENTS_FOLDER = '../latents'
2022-08-19 BST 19:12:57,148 - INFO - LOGS_FOLDER = '../logs'
2022-08-19 BST 19:12:57,148 - INFO - MODEL_FOLDER = '../models'
2022-08-19 BST 19:12:57,148 - INFO - RESULTS_FOLDER = '../results'
2022-08-19 BST 19:12:57,148 - INFO - DEVICE = torch.device("cuda" if torch.cuda.is_available() else "cpu")  # Used: "cuda"
2022-08-19 BST 19:12:57,148 - INFO - LATENTS = False
2022-08-19 BST 19:12:57,148 - INFO - MATRIX_REPORT = False
2022-08-19 BST 19:12:57,148 - INFO - LABEL = True
2022-08-19 BST 19:12:57,148 - INFO - SAVE_TO_ODS = False
2022-08-19 BST 19:12:57,148 - INFO - VAL_LOSS_FROM_DAG = True
2022-08-19 BST 19:12:57,148 - INFO - WANDB = False
2022-08-19 BST 19:12:57,148 - INFO - WANDB_PROJECT = 'Thetas'
2022-08-19 BST 19:12:57,148 - INFO - GRAD_LOG = False
2022-08-19 BST 19:12:57,148 - INFO - N_TRIALS = 1
2022-08-19 BST 19:12:57,148 - INFO - OPTUNA_STRINGS = {'None': None, 'True': True, 'False': False}
2022-08-19 BST 19:12:57,148 - INFO - TQDM = False
2022-08-19 BST 19:12:57,149 - INFO - 
hyperparameters = {
2022-08-19 BST 19:12:57,149 - INFO - 	'GRAPH_TYPE': 'ER2',
2022-08-19 BST 19:12:57,149 - INFO - 	'D': 30,
2022-08-19 BST 19:12:57,149 - INFO - 	'MAX_SIZE': 66,
2022-08-19 BST 19:12:57,149 - INFO - 	'SEM_NOISE': 'gaussian_ev',
2022-08-19 BST 19:12:57,149 - INFO - 	'N': 1200,
2022-08-19 BST 19:12:57,149 - INFO - 	'VAL': 0.16666666666666666,
2022-08-19 BST 19:12:57,149 - INFO - 	'N_EPOCHS': 1000,
2022-08-19 BST 19:12:57,149 - INFO - 	'BATCH_SIZE': 32,
2022-08-19 BST 19:12:57,149 - INFO - 	'LOG2_BATCH_SIZE': None,
2022-08-19 BST 19:12:57,149 - INFO - 	'BATCH_SHUFFLE': True,
2022-08-19 BST 19:12:57,149 - INFO - 	'N_SAMPLES': 10,
2022-08-19 BST 19:12:57,149 - INFO - 	'MODE': 'max_dag_test_only',
2022-08-19 BST 19:12:57,149 - INFO - 	'AFAS_SCHEDULER': None,
2022-08-19 BST 19:12:57,149 - INFO - 	'MINIZINC_SOLVER': None,
2022-08-19 BST 19:12:57,149 - INFO - 	'f_LINEAR_LAYERS': (),
2022-08-19 BST 19:12:57,149 - INFO - 	'f_BIAS': False,
2022-08-19 BST 19:12:57,149 - INFO - 	'p_LAYER': None,
2022-08-19 BST 19:12:57,149 - INFO - 	'STREAMLINE': False,
2022-08-19 BST 19:12:57,149 - INFO - 	'THRESHOLD': 0.0,
2022-08-19 BST 19:12:57,149 - INFO - 	'h_LINEAR_LAYERS': (),
2022-08-19 BST 19:12:57,149 - INFO - 	'h_NULL': 0.01,
2022-08-19 BST 19:12:57,149 - INFO - 	'h_LR': 0.001,
2022-08-19 BST 19:12:57,149 - INFO - 	'h_OPTIMIZER': 'torch.optim.Adam(overall_net.h_net.parameters(), lr=h.h_LR)',
2022-08-19 BST 19:12:57,149 - INFO - 	'f_LR': 0.0117744218586073,
2022-08-19 BST 19:12:57,149 - INFO - 	'f_OPTIMIZER': 'torch.optim.Adam(overall_net.f_net.parameters(), lr=h.f_LR)',
2022-08-19 BST 19:12:57,149 - INFO - 	'NOISE_TEMPERATURE': 10,
2022-08-19 BST 19:12:57,149 - INFO - 	'NOISE_DISTRIBUTION': 'LogisticNoiseDistribution()',
2022-08-19 BST 19:12:57,149 - INFO - 	'LAMBDA': 0.1,
2022-08-19 BST 19:12:57,149 - INFO - 	'LOSS_FN': 'torch.nn.MSELoss()',
2022-08-19 BST 19:12:57,149 - INFO - 	'REGULARIZER': None,
2022-08-19 BST 19:12:57,149 - INFO - 	'z_RHO': 0,
2022-08-19 BST 19:12:57,149 - INFO - 	'z_MU': 0,
2022-08-19 BST 19:12:57,149 - INFO - 	'z_REGULARIZER': 'NoTearsZRegularizer(h.D, h.z_RHO, h.z_MU, c.DEVICE)',
2022-08-19 BST 19:12:57,149 - INFO - 	'LR_SCHEDULER': None,
2022-08-19 BST 19:12:57,149 - INFO - 	'DATA_CATEGORY': 'test',
2022-08-19 BST 19:12:57,150 - INFO - 	'DAGS': '030_ER2_gaussian_ev_2022-08-12_BST_09:55:21,293_create_dags'
2022-08-19 BST 19:12:57,150 - INFO - }

2022-08-19 BST 19:15:56,834 - INFO - 

DAG 0: size_true=69	X.var()=185.8479
2022-08-19 BST 19:16:52,827 - INFO -  epoch=   1      train_loss= 175.1674      val_loss= 146.5810      best=1      size=  55      nSHD_c=   3.7000      nSHD=   3.7000      tpr_c=   0.0909      change_adj_count=5      
2022-08-19 BST 19:16:53,289 - INFO -  epoch=   2      train_loss= 157.6930      val_loss=  72.4982      best=1      size=  58      nSHD_c=   3.5667      nSHD=   3.5667      tpr_c=   0.1552      change_adj_count=6      
2022-08-19 BST 19:17:23,812 - INFO -  epoch= 100      train_loss=  98.5254      val_loss=2964.1322      best=1      size=  60      nSHD_c=   2.9667      nSHD=   2.9667      tpr_c=   0.3333      change_adj_count=59      
2022-08-19 BST 19:17:53,153 - INFO -  epoch= 200      train_loss=  95.4085      val_loss=2510.2515      best=1      size=  60      nSHD_c=   2.9667      nSHD=   2.9667      tpr_c=   0.3333      change_adj_count=79      
2022-08-19 BST 19:18:25,373 - INFO -  epoch= 300      train_loss=  91.1942      val_loss=2329.2872      best=1      size=  60      nSHD_c=   2.9667      nSHD=   2.9667      tpr_c=   0.3333      change_adj_count=80      
2022-08-19 BST 19:18:59,506 - INFO -  epoch= 400      train_loss=  88.6749      val_loss=2030.6843      best=1      size=  60      nSHD_c=   2.9667      nSHD=   2.9667      tpr_c=   0.3333      change_adj_count=80      
2022-08-19 BST 19:19:31,301 - INFO -  epoch= 500      train_loss=  84.5428      val_loss=1690.6238      best=1      size=  60      nSHD_c=   2.9000      nSHD=   2.9000      tpr_c=   0.3500      change_adj_count=96      
2022-08-19 BST 19:20:04,055 - INFO -  epoch= 600      train_loss=  76.7947      val_loss=1590.5370      best=1      size=  60      nSHD_c=   2.9667      nSHD=   2.9667      tpr_c=   0.3333      change_adj_count=97      
2022-08-19 BST 19:20:35,758 - INFO -  epoch= 700      train_loss=  75.7382      val_loss=1284.7526      best=1      size=  60      nSHD_c=   2.9667      nSHD=   2.9667      tpr_c=   0.3333      change_adj_count=97      
2022-08-19 BST 19:21:02,298 - INFO -  epoch= 800      train_loss=  70.4564      val_loss=1268.1589      best=1      size=  60      nSHD_c=   2.9667      nSHD=   2.9667      tpr_c=   0.3333      change_adj_count=97      
2022-08-19 BST 19:21:35,528 - INFO -  epoch= 900      train_loss=  69.9318      val_loss=1043.1022      best=1      size=  60      nSHD_c=   2.9667      nSHD=   2.9667      tpr_c=   0.3333      change_adj_count=97      
2022-08-19 BST 19:22:07,991 - INFO -  epoch=1000      train_loss=  67.4876      val_loss= 944.6684      best=1      size=  60      nSHD_c=   2.9667      nSHD=   2.9667      tpr_c=   0.3333      change_adj_count=104      
2022-08-19 BST 19:22:07,992 - INFO - 

DAG 1: size_true=67	X.var()=127.1156
2022-08-19 BST 19:22:08,284 - INFO -  epoch=   1      train_loss= 115.3122      val_loss= 104.5015      best=1      size=  57      nSHD_c=   3.7000      nSHD=   3.7333      tpr_c=   0.0702      change_adj_count=5      
2022-08-19 BST 19:22:08,617 - INFO -  epoch=   2      train_loss= 101.2384      val_loss=  77.2454      best=1      size=  56      nSHD_c=   3.6000      nSHD=   3.6333      tpr_c=   0.0893      change_adj_count=6      
2022-08-19 BST 19:22:41,333 - INFO -  epoch= 100      train_loss=  56.1477      val_loss=2967.2647      best=1      size=  60      nSHD_c=   3.5000      nSHD=   3.5000      tpr_c=   0.1833      change_adj_count=55      
2022-08-19 BST 19:23:13,941 - INFO -  epoch= 200      train_loss=  61.2929      val_loss=2815.6019      best=1      size=  60      nSHD_c=   3.5667      nSHD=   3.5667      tpr_c=   0.1667      change_adj_count=87      
2022-08-19 BST 19:23:45,322 - INFO -  epoch= 300      train_loss=  54.7408      val_loss=2503.9752      best=1      size=  60      nSHD_c=   3.6000      nSHD=   3.5667      tpr_c=   0.1500      change_adj_count=105      
2022-08-19 BST 19:24:14,803 - INFO -  epoch= 400      train_loss=  54.6382      val_loss=2303.4345      best=1      size=  60      nSHD_c=   3.6000      nSHD=   3.5667      tpr_c=   0.1500      change_adj_count=106      
2022-08-19 BST 19:24:48,212 - INFO -  epoch= 500      train_loss=  53.0492      val_loss=2139.4633      best=1      size=  60      nSHD_c=   3.6000      nSHD=   3.5667      tpr_c=   0.1500      change_adj_count=106      
2022-08-19 BST 19:25:21,940 - INFO -  epoch= 600      train_loss=  50.8695      val_loss=1983.9046      best=1      size=  60      nSHD_c=   3.6000      nSHD=   3.5667      tpr_c=   0.1500      change_adj_count=108      
2022-08-19 BST 19:25:52,808 - INFO -  epoch= 700      train_loss=  50.0363      val_loss=1843.3628      best=1      size=  60      nSHD_c=   3.6000      nSHD=   3.5667      tpr_c=   0.1500      change_adj_count=114      
2022-08-19 BST 19:26:27,086 - INFO -  epoch= 800      train_loss=  47.6180      val_loss=1618.0723      best=1      size=  60      nSHD_c=   3.5667      nSHD=   3.5667      tpr_c=   0.1667      change_adj_count=125      
2022-08-19 BST 19:27:00,941 - INFO -  epoch= 900      train_loss=  46.7160      val_loss=1548.7281      best=1      size=  60      nSHD_c=   3.5667      nSHD=   3.5667      tpr_c=   0.1667      change_adj_count=133      
2022-08-19 BST 19:27:30,382 - INFO -  epoch=1000      train_loss=  45.1235      val_loss=1399.4504      best=1      size=  60      nSHD_c=   3.5333      nSHD=   3.5000      tpr_c=   0.1667      change_adj_count=135      
2022-08-19 BST 19:27:30,461 - INFO - 

DAG 2: size_true=64	X.var()=25.7432
2022-08-19 BST 19:27:30,967 - INFO -  epoch=   1      train_loss=  24.3861      val_loss=  24.6825      best=1      size=  53      nSHD_c=   3.5333      nSHD=   3.5000      tpr_c=   0.0566      change_adj_count=5      
2022-08-19 BST 19:27:31,405 - INFO -  epoch=   2      train_loss=  22.2994      val_loss=  22.2995      best=1      size=  55      nSHD_c=   3.5667      nSHD=   3.5333      tpr_c=   0.0545      change_adj_count=6      
2022-08-19 BST 19:27:31,720 - INFO -  epoch=   3      train_loss=  21.5811      val_loss=  18.5622      best=1      size=  57      nSHD_c=   3.5000      nSHD=   3.4667      tpr_c=   0.0702      change_adj_count=7      
2022-08-19 BST 19:27:32,154 - INFO -  epoch=   4      train_loss=  21.2111      val_loss=  18.6811      best=1      size=  56      nSHD_c=   3.4667      nSHD=   3.4333      tpr_c=   0.0714      change_adj_count=8      
2022-08-19 BST 19:28:01,437 - INFO -  epoch= 100      train_loss=  19.2266      val_loss=  75.9957      best=1      size=  58      nSHD_c=   2.8000      nSHD=   2.7667      tpr_c=   0.3103      change_adj_count=91      
2022-08-19 BST 19:28:30,915 - INFO -  epoch= 200      train_loss=  19.1760      val_loss=  81.4571      best=1      size=  58      nSHD_c=   2.7667      nSHD=   2.6667      tpr_c=   0.3103      change_adj_count=154      
2022-08-19 BST 19:29:02,153 - INFO -  epoch= 300      train_loss=  18.9377      val_loss=  82.8054      best=1      size=  58      nSHD_c=   2.6333      nSHD=   2.5667      tpr_c=   0.3448      change_adj_count=178      
2022-08-19 BST 19:29:30,943 - INFO -  epoch= 400      train_loss=  18.9752      val_loss=  78.7887      best=1      size=  58      nSHD_c=   2.7333      nSHD=   2.6333      tpr_c=   0.3103      change_adj_count=194      
2022-08-19 BST 19:30:01,448 - INFO -  epoch= 500      train_loss=  18.7689      val_loss=  82.3974      best=1      size=  58      nSHD_c=   2.7333      nSHD=   2.6333      tpr_c=   0.3103      change_adj_count=201      
2022-08-19 BST 19:30:31,516 - INFO -  epoch= 600      train_loss=  18.4413      val_loss=  75.5713      best=1      size=  57      nSHD_c=   2.6667      nSHD=   2.5667      tpr_c=   0.3333      change_adj_count=211      
2022-08-19 BST 19:31:02,486 - INFO -  epoch= 700      train_loss=  18.5859      val_loss=  74.0648      best=1      size=  57      nSHD_c=   2.7000      nSHD=   2.5667      tpr_c=   0.3158      change_adj_count=218      
2022-08-19 BST 19:31:33,270 - INFO -  epoch= 800      train_loss=  18.4326      val_loss=  70.4965      best=1      size=  58      nSHD_c=   2.6667      nSHD=   2.5333      tpr_c=   0.3276      change_adj_count=232      
2022-08-19 BST 19:32:03,596 - INFO -  epoch= 900      train_loss=  18.2158      val_loss=  69.0398      best=1      size=  58      nSHD_c=   2.6667      nSHD=   2.5333      tpr_c=   0.3276      change_adj_count=239      
2022-08-19 BST 19:32:35,146 - INFO -  epoch=1000      train_loss=  18.5921      val_loss=  65.6446      best=1      size=  58      nSHD_c=   2.6667      nSHD=   2.5333      tpr_c=   0.3276      change_adj_count=255      
2022-08-19 BST 19:32:35,147 - INFO - 

DAG 3: size_true=63	X.var()=265.9248
2022-08-19 BST 19:32:35,501 - INFO -  epoch=   1      train_loss= 222.0979      val_loss= 194.8926      best=1      size=  54      nSHD_c=   3.4000      nSHD=   3.4000      tpr_c=   0.1111      change_adj_count=5      
2022-08-19 BST 19:33:03,290 - INFO -  epoch= 100      train_loss= 121.2739      val_loss=4213.0999      best=1      size=  54      nSHD_c=   3.3000      nSHD=   3.3000      tpr_c=   0.1296      change_adj_count=68      
2022-08-19 BST 19:33:32,494 - INFO -  epoch= 200      train_loss= 120.8212      val_loss=3983.0891      best=1      size=  56      nSHD_c=   3.3333      nSHD=   3.3333      tpr_c=   0.1429      change_adj_count=97      
2022-08-19 BST 19:34:03,302 - INFO -  epoch= 300      train_loss= 115.5009      val_loss=3361.7011      best=1      size=  53      nSHD_c=   3.2667      nSHD=   3.2667      tpr_c=   0.1509      change_adj_count=123      
2022-08-19 BST 19:34:33,347 - INFO -  epoch= 400      train_loss= 111.9891      val_loss=3002.1888      best=1      size=  53      nSHD_c=   3.2667      nSHD=   3.2667      tpr_c=   0.1509      change_adj_count=140      
2022-08-19 BST 19:35:03,425 - INFO -  epoch= 500      train_loss= 112.5805      val_loss=2712.4852      best=1      size=  53      nSHD_c=   3.2667      nSHD=   3.2667      tpr_c=   0.1509      change_adj_count=160      
2022-08-19 BST 19:35:33,446 - INFO -  epoch= 600      train_loss= 106.1763      val_loss=2411.9426      best=1      size=  53      nSHD_c=   3.2667      nSHD=   3.2667      tpr_c=   0.1509      change_adj_count=163      
2022-08-19 BST 19:36:03,452 - INFO -  epoch= 700      train_loss= 100.4518      val_loss=2292.8546      best=1      size=  54      nSHD_c=   3.2667      nSHD=   3.2333      tpr_c=   0.1481      change_adj_count=165      
2022-08-19 BST 19:36:34,094 - INFO -  epoch= 800      train_loss=  98.8703      val_loss=1916.6904      best=1      size=  54      nSHD_c=   3.2667      nSHD=   3.2333      tpr_c=   0.1481      change_adj_count=169      
2022-08-19 BST 19:37:03,770 - INFO -  epoch= 900      train_loss=  94.8825      val_loss=1914.1620      best=1      size=  54      nSHD_c=   3.2667      nSHD=   3.2333      tpr_c=   0.1481      change_adj_count=171      
2022-08-19 BST 19:37:35,205 - INFO -  epoch=1000      train_loss=  92.2131      val_loss=1607.1737      best=1      size=  53      nSHD_c=   3.2333      nSHD=   3.2000      tpr_c=   0.1509      change_adj_count=176      
2022-08-19 BST 19:37:35,206 - INFO - 

DAG 4: size_true=48	X.var()=47.3993
2022-08-19 BST 19:37:35,541 - INFO -  epoch=   1      train_loss=  44.1327      val_loss=  37.6503      best=1      size=  56      nSHD_c=   3.0667      nSHD=   3.0667      tpr_c=   0.0893      change_adj_count=5      
2022-08-19 BST 19:37:35,978 - INFO -  epoch=   2      train_loss=  40.3045      val_loss=  24.2797      best=1      size=  54      nSHD_c=   3.1000      nSHD=   3.1000      tpr_c=   0.0741      change_adj_count=6      
2022-08-19 BST 19:37:36,288 - INFO -  epoch=   3      train_loss=  37.9907      val_loss=  17.9121      best=1      size=  55      nSHD_c=   3.1000      nSHD=   3.1000      tpr_c=   0.0727      change_adj_count=7      
2022-08-19 BST 19:38:05,909 - INFO -  epoch= 100      train_loss=  31.5117      val_loss= 372.2480      best=1      size=  58      nSHD_c=   2.4000      nSHD=   2.4000      tpr_c=   0.2931      change_adj_count=94      
2022-08-19 BST 19:38:38,273 - INFO -  epoch= 200      train_loss=  30.9090      val_loss= 397.9351      best=1      size=  56      nSHD_c=   2.4333      nSHD=   2.4000      tpr_c=   0.2679      change_adj_count=160      
2022-08-19 BST 19:39:07,536 - INFO -  epoch= 300      train_loss=  30.0190      val_loss= 372.5782      best=1      size=  57      nSHD_c=   2.3333      nSHD=   2.3000      tpr_c=   0.2982      change_adj_count=196      
2022-08-19 BST 19:39:38,479 - INFO -  epoch= 400      train_loss=  28.9112      val_loss= 362.3204      best=1      size=  56      nSHD_c=   2.5000      nSHD=   2.4667      tpr_c=   0.2500      change_adj_count=215      
2022-08-19 BST 19:40:07,893 - INFO -  epoch= 500      train_loss=  30.5641      val_loss= 339.8778      best=1      size=  55      nSHD_c=   2.4333      nSHD=   2.3667      tpr_c=   0.2545      change_adj_count=231      
2022-08-19 BST 19:40:37,689 - INFO -  epoch= 600      train_loss=  28.1158      val_loss= 296.0476      best=1      size=  55      nSHD_c=   2.4333      nSHD=   2.3667      tpr_c=   0.2545      change_adj_count=239      
2022-08-19 BST 19:41:08,915 - INFO -  epoch= 700      train_loss=  27.4037      val_loss= 296.0612      best=1      size=  56      nSHD_c=   2.4667      nSHD=   2.4000      tpr_c=   0.2500      change_adj_count=263      
2022-08-19 BST 19:41:38,590 - INFO -  epoch= 800      train_loss=  27.3737      val_loss= 282.7825      best=1      size=  55      nSHD_c=   2.4333      nSHD=   2.4333      tpr_c=   0.2727      change_adj_count=275      
2022-08-19 BST 19:42:11,213 - INFO -  epoch= 900      train_loss=  27.1442      val_loss= 265.9108      best=1      size=  55      nSHD_c=   2.4333      nSHD=   2.4333      tpr_c=   0.2727      change_adj_count=283      
2022-08-19 BST 19:42:42,035 - INFO -  epoch=1000      train_loss=  26.7847      val_loss= 251.9346      best=1      size=  55      nSHD_c=   2.5000      nSHD=   2.5000      tpr_c=   0.2545      change_adj_count=292      
2022-08-19 BST 19:42:42,227 - INFO - 

DAG 5: size_true=57	X.var()=54.7286
2022-08-19 BST 19:42:42,807 - INFO -  epoch=   1      train_loss=  53.9355      val_loss=  44.0474      best=1      size=  55      nSHD_c=   3.0667      nSHD=   3.0333      tpr_c=   0.1273      change_adj_count=5      
2022-08-19 BST 19:42:43,221 - INFO -  epoch=   2      train_loss=  49.7707      val_loss=  39.0112      best=1      size=  55      nSHD_c=   2.9333      nSHD=   2.9333      tpr_c=   0.1818      change_adj_count=6      
2022-08-19 BST 19:42:43,608 - INFO -  epoch=   3      train_loss=  47.8395      val_loss=  23.5971      best=1      size=  54      nSHD_c=   2.9333      nSHD=   2.9333      tpr_c=   0.1852      change_adj_count=7      
2022-08-19 BST 19:43:13,741 - INFO -  epoch= 100      train_loss=  38.3632      val_loss= 415.2214      best=1      size=  56      nSHD_c=   2.7333      nSHD=   2.7000      tpr_c=   0.2679      change_adj_count=98      
2022-08-19 BST 19:43:43,920 - INFO -  epoch= 200      train_loss=  36.8986      val_loss= 389.6128      best=1      size=  55      nSHD_c=   2.7333      nSHD=   2.6667      tpr_c=   0.2545      change_adj_count=154      
2022-08-19 BST 19:44:14,540 - INFO -  epoch= 300      train_loss=  36.2083      val_loss= 371.9673      best=1      size=  55      nSHD_c=   2.8000      nSHD=   2.6667      tpr_c=   0.2182      change_adj_count=193      
2022-08-19 BST 19:44:46,425 - INFO -  epoch= 400      train_loss=  35.7505      val_loss= 351.8235      best=1      size=  54      nSHD_c=   2.7667      nSHD=   2.6333      tpr_c=   0.2222      change_adj_count=226      
2022-08-19 BST 19:45:16,948 - INFO -  epoch= 500      train_loss=  34.7061      val_loss= 332.6510      best=1      size=  55      nSHD_c=   2.8000      nSHD=   2.6667      tpr_c=   0.2182      change_adj_count=240      
2022-08-19 BST 19:45:50,518 - INFO -  epoch= 600      train_loss=  32.9776      val_loss= 307.5837      best=1      size=  55      nSHD_c=   2.8000      nSHD=   2.6667      tpr_c=   0.2182      change_adj_count=260      
2022-08-19 BST 19:46:21,860 - INFO -  epoch= 700      train_loss=  32.1145      val_loss= 276.4817      best=1      size=  53      nSHD_c=   2.6667      nSHD=   2.5333      tpr_c=   0.2453      change_adj_count=276      
2022-08-19 BST 19:46:53,437 - INFO -  epoch= 800      train_loss=  31.6611      val_loss= 262.4348      best=1      size=  50      nSHD_c=   2.7333      nSHD=   2.6333      tpr_c=   0.2200      change_adj_count=297      
2022-08-19 BST 19:47:23,999 - INFO -  epoch= 900      train_loss=  30.3228      val_loss= 218.8858      best=1      size=  51      nSHD_c=   2.7333      nSHD=   2.6000      tpr_c=   0.2157      change_adj_count=303      
2022-08-19 BST 19:47:53,195 - INFO -  epoch=1000      train_loss=  29.8529      val_loss= 203.5515      best=1      size=  52      nSHD_c=   2.7667      nSHD=   2.6333      tpr_c=   0.2115      change_adj_count=324      
2022-08-19 BST 19:47:53,290 - INFO - 

DAG 6: size_true=64	X.var()=29.7229
2022-08-19 BST 19:47:53,828 - INFO -  epoch=   1      train_loss=  27.1470      val_loss=  24.7120      best=1      size=  57      nSHD_c=   3.5000      nSHD=   3.5000      tpr_c=   0.1228      change_adj_count=5      
2022-08-19 BST 19:47:54,146 - INFO -  epoch=   2      train_loss=  24.0564      val_loss=  18.4943      best=1      size=  56      nSHD_c=   3.4000      nSHD=   3.4000      tpr_c=   0.1250      change_adj_count=6      
2022-08-19 BST 19:47:54,526 - INFO -  epoch=   3      train_loss=  22.7609      val_loss=  16.7682      best=1      size=  58      nSHD_c=   3.1667      nSHD=   3.1667      tpr_c=   0.2069      change_adj_count=7      
2022-08-19 BST 19:48:25,969 - INFO -  epoch= 100      train_loss=  20.5958      val_loss= 107.2933      best=1      size=  54      nSHD_c=   3.1333      nSHD=   3.1000      tpr_c=   0.1852      change_adj_count=93      
2022-08-19 BST 19:48:56,775 - INFO -  epoch= 200      train_loss=  20.4505      val_loss= 112.8706      best=1      size=  55      nSHD_c=   3.1000      nSHD=   3.0000      tpr_c=   0.2000      change_adj_count=150      
2022-08-19 BST 19:49:28,943 - INFO -  epoch= 300      train_loss=  20.1922      val_loss= 121.4569      best=1      size=  53      nSHD_c=   3.1333      nSHD=   3.0667      tpr_c=   0.1887      change_adj_count=186      
2022-08-19 BST 19:50:04,150 - INFO -  epoch= 400      train_loss=  19.9511      val_loss= 113.8992      best=1      size=  53      nSHD_c=   3.1333      nSHD=   3.0667      tpr_c=   0.1887      change_adj_count=229      
2022-08-19 BST 19:50:36,106 - INFO -  epoch= 500      train_loss=  20.1003      val_loss= 116.4246      best=1      size=  54      nSHD_c=   3.1667      nSHD=   3.0667      tpr_c=   0.1667      change_adj_count=256      
2022-08-19 BST 19:51:06,659 - INFO -  epoch= 600      train_loss=  19.8351      val_loss= 108.6149      best=1      size=  54      nSHD_c=   3.0000      nSHD=   2.9333      tpr_c=   0.2222      change_adj_count=278      
2022-08-19 BST 19:51:36,948 - INFO -  epoch= 700      train_loss=  19.6941      val_loss= 105.5393      best=1      size=  54      nSHD_c=   3.1000      nSHD=   3.0000      tpr_c=   0.1852      change_adj_count=290      
2022-08-19 BST 19:52:08,219 - INFO -  epoch= 800      train_loss=  19.7733      val_loss=  98.0635      best=1      size=  53      nSHD_c=   3.0667      nSHD=   2.9667      tpr_c=   0.1887      change_adj_count=302      
2022-08-19 BST 19:52:40,645 - INFO -  epoch= 900      train_loss=  19.6689      val_loss= 117.8443      best=1      size=  54      nSHD_c=   3.0333      nSHD=   2.9333      tpr_c=   0.2037      change_adj_count=314      
2022-08-19 BST 19:53:13,460 - INFO -  epoch=1000      train_loss=  19.5350      val_loss= 106.9234      best=1      size=  54      nSHD_c=   3.1000      nSHD=   3.0000      tpr_c=   0.1852      change_adj_count=326      
2022-08-19 BST 19:53:13,487 - INFO - 

DAG 7: size_true=62	X.var()=55.6800
2022-08-19 BST 19:53:13,890 - INFO -  epoch=   1      train_loss=  49.5100      val_loss=  46.0532      best=1      size=  58      nSHD_c=   3.7000      nSHD=   3.6000      tpr_c=   0.0172      change_adj_count=5      
2022-08-19 BST 19:53:14,223 - INFO -  epoch=   2      train_loss=  42.6806      val_loss=  16.4252      best=1      size=  59      nSHD_c=   3.6333      nSHD=   3.6333      tpr_c=   0.0678      change_adj_count=6      
2022-08-19 BST 19:53:44,818 - INFO -  epoch= 100      train_loss=  30.4369      val_loss= 729.8720      best=1      size=  55      nSHD_c=   3.2333      nSHD=   3.2333      tpr_c=   0.1636      change_adj_count=96      
2022-08-19 BST 19:54:13,592 - INFO -  epoch= 200      train_loss=  30.8945      val_loss= 749.3179      best=1      size=  55      nSHD_c=   3.2667      nSHD=   3.2667      tpr_c=   0.1455      change_adj_count=160      
2022-08-19 BST 19:54:43,271 - INFO -  epoch= 300      train_loss=  29.0383      val_loss= 744.9943      best=1      size=  51      nSHD_c=   3.2333      nSHD=   3.1333      tpr_c=   0.1176      change_adj_count=194      
2022-08-19 BST 19:55:15,998 - INFO -  epoch= 400      train_loss=  28.8131      val_loss= 728.8092      best=1      size=  52      nSHD_c=   3.1667      nSHD=   3.1667      tpr_c=   0.1731      change_adj_count=215      
2022-08-19 BST 19:55:48,996 - INFO -  epoch= 500      train_loss=  29.1509      val_loss= 737.4995      best=1      size=  52      nSHD_c=   3.2000      nSHD=   3.1000      tpr_c=   0.1346      change_adj_count=234      
2022-08-19 BST 19:56:22,262 - INFO -  epoch= 600      train_loss=  28.0343      val_loss= 590.8870      best=1      size=  52      nSHD_c=   3.1667      nSHD=   3.1333      tpr_c=   0.1538      change_adj_count=247      
2022-08-19 BST 19:56:54,335 - INFO -  epoch= 700      train_loss=  28.0939      val_loss= 600.0525      best=1      size=  52      nSHD_c=   3.1667      nSHD=   3.1333      tpr_c=   0.1538      change_adj_count=253      
2022-08-19 BST 19:57:25,762 - INFO -  epoch= 800      train_loss=  27.2833      val_loss= 547.9474      best=1      size=  52      nSHD_c=   3.1667      nSHD=   3.1333      tpr_c=   0.1538      change_adj_count=267      
2022-08-19 BST 19:57:57,731 - INFO -  epoch= 900      train_loss=  27.6524      val_loss= 506.0730      best=1      size=  52      nSHD_c=   3.1667      nSHD=   3.1333      tpr_c=   0.1538      change_adj_count=272      
2022-08-19 BST 19:58:29,083 - INFO -  epoch=1000      train_loss=  26.5600      val_loss= 516.6656      best=1      size=  53      nSHD_c=   3.2000      nSHD=   3.1667      tpr_c=   0.1509      change_adj_count=276      
2022-08-19 BST 19:58:29,100 - INFO - 

DAG 8: size_true=63	X.var()=39.3378
2022-08-19 BST 19:58:29,482 - INFO -  epoch=   1      train_loss=  37.0698      val_loss=  34.1213      best=1      size=  54      nSHD_c=   3.3333      nSHD=   3.3333      tpr_c=   0.1111      change_adj_count=5      
2022-08-19 BST 19:58:29,706 - INFO -  epoch=   2      train_loss=  33.8494      val_loss=  28.6070      best=1      size=  56      nSHD_c=   3.5000      nSHD=   3.5000      tpr_c=   0.0893      change_adj_count=6      
2022-08-19 BST 19:58:30,085 - INFO -  epoch=   3      train_loss=  31.9442      val_loss=  18.9648      best=1      size=  54      nSHD_c=   3.3667      nSHD=   3.3667      tpr_c=   0.0926      change_adj_count=7      
2022-08-19 BST 19:59:01,226 - INFO -  epoch= 100      train_loss=  27.5088      val_loss= 235.0198      best=1      size=  60      nSHD_c=   3.2000      nSHD=   3.2000      tpr_c=   0.2167      change_adj_count=87      
2022-08-19 BST 19:59:35,221 - INFO -  epoch= 200      train_loss=  27.0034      val_loss= 238.3635      best=1      size=  59      nSHD_c=   3.1333      nSHD=   3.1000      tpr_c=   0.2203      change_adj_count=138      
2022-08-19 BST 20:00:06,324 - INFO -  epoch= 300      train_loss=  26.7966      val_loss= 233.8441      best=1      size=  58      nSHD_c=   3.1000      nSHD=   3.1000      tpr_c=   0.2414      change_adj_count=165      
2022-08-19 BST 20:00:36,941 - INFO -  epoch= 400      train_loss=  26.2817      val_loss= 227.1707      best=1      size=  56      nSHD_c=   3.0333      nSHD=   3.0000      tpr_c=   0.2321      change_adj_count=200      
2022-08-19 BST 20:01:08,231 - INFO -  epoch= 500      train_loss=  25.8106      val_loss= 200.2242      best=1      size=  55      nSHD_c=   3.0667      nSHD=   3.0333      tpr_c=   0.2182      change_adj_count=223      
2022-08-19 BST 20:01:38,403 - INFO -  epoch= 600      train_loss=  25.7839      val_loss= 210.2337      best=1      size=  55      nSHD_c=   3.0333      nSHD=   2.9667      tpr_c=   0.2182      change_adj_count=233      
2022-08-19 BST 20:02:06,678 - INFO -  epoch= 700      train_loss=  24.0697      val_loss= 193.3603      best=1      size=  56      nSHD_c=   3.0667      nSHD=   3.0000      tpr_c=   0.2143      change_adj_count=240      
2022-08-19 BST 20:02:35,924 - INFO -  epoch= 800      train_loss=  24.9001      val_loss= 176.7435      best=1      size=  56      nSHD_c=   2.9667      nSHD=   2.9000      tpr_c=   0.2500      change_adj_count=251      
2022-08-19 BST 20:03:06,373 - INFO -  epoch= 900      train_loss=  23.9007      val_loss= 187.9275      best=1      size=  57      nSHD_c=   3.0000      nSHD=   2.9333      tpr_c=   0.2456      change_adj_count=260      
2022-08-19 BST 20:03:37,599 - INFO -  epoch=1000      train_loss=  23.6556      val_loss= 173.5463      best=1      size=  57      nSHD_c=   3.0000      nSHD=   2.9333      tpr_c=   0.2456      change_adj_count=264      
2022-08-19 BST 20:03:37,691 - INFO - 

DAG 9: size_true=61	X.var()=94.6254
2022-08-19 BST 20:03:38,199 - INFO -  epoch=   1      train_loss=  84.4599      val_loss=  83.0302      best=1      size=  56      nSHD_c=   3.4333      nSHD=   3.4333      tpr_c=   0.0893      change_adj_count=5      
2022-08-19 BST 20:03:38,576 - INFO -  epoch=   2      train_loss=  71.6256      val_loss=  50.8111      best=1      size=  55      nSHD_c=   3.4000      nSHD=   3.4000      tpr_c=   0.0909      change_adj_count=6      
2022-08-19 BST 20:04:07,052 - INFO -  epoch= 100      train_loss=  52.4449      val_loss=1356.8949      best=1      size=  58      nSHD_c=   3.3000      nSHD=   3.2667      tpr_c=   0.1552      change_adj_count=77      
2022-08-19 BST 20:04:39,067 - INFO -  epoch= 200      train_loss=  52.1398      val_loss=1135.7186      best=1      size=  56      nSHD_c=   3.2333      nSHD=   3.2000      tpr_c=   0.1607      change_adj_count=107      
2022-08-19 BST 20:05:09,132 - INFO -  epoch= 300      train_loss=  52.1826      val_loss=1068.0493      best=1      size=  56      nSHD_c=   3.3000      nSHD=   3.2667      tpr_c=   0.1429      change_adj_count=120      
2022-08-19 BST 20:05:39,827 - INFO -  epoch= 400      train_loss=  50.5416      val_loss=1021.9621      best=1      size=  56      nSHD_c=   3.3000      nSHD=   3.2667      tpr_c=   0.1429      change_adj_count=130      
2022-08-19 BST 20:06:11,131 - INFO -  epoch= 500      train_loss=  51.0485      val_loss=1017.8010      best=1      size=  56      nSHD_c=   3.2000      nSHD=   3.2000      tpr_c=   0.1786      change_adj_count=140      
2022-08-19 BST 20:06:42,069 - INFO -  epoch= 600      train_loss=  48.2378      val_loss= 835.6611      best=1      size=  56      nSHD_c=   3.2667      nSHD=   3.2667      tpr_c=   0.1607      change_adj_count=143      
2022-08-19 BST 20:07:13,698 - INFO -  epoch= 700      train_loss=  46.8034      val_loss= 880.3572      best=1      size=  57      nSHD_c=   3.3000      nSHD=   3.3000      tpr_c=   0.1579      change_adj_count=148      
2022-08-19 BST 20:07:43,764 - INFO -  epoch= 800      train_loss=  45.8400      val_loss= 858.6291      best=1      size=  57      nSHD_c=   3.3000      nSHD=   3.3000      tpr_c=   0.1579      change_adj_count=160      
2022-08-19 BST 20:08:13,947 - INFO -  epoch= 900      train_loss=  46.6463      val_loss= 741.8546      best=1      size=  56      nSHD_c=   3.2667      nSHD=   3.2667      tpr_c=   0.1607      change_adj_count=169      
2022-08-19 BST 20:08:46,703 - INFO -  epoch=1000      train_loss=  44.6829      val_loss= 722.6469      best=1      size=  56      nSHD_c=   3.2667      nSHD=   3.2667      tpr_c=   0.1607      change_adj_count=169      
2022-08-19 BST 20:08:46,746 - INFO - 

DAG 10: size_true=51	X.var()=18.9170
2022-08-19 BST 20:08:47,152 - INFO -  epoch=   1      train_loss=  17.7485      val_loss=  17.6882      best=1      size=  55      nSHD_c=   3.3333      nSHD=   3.3667      tpr_c=   0.0545      change_adj_count=5      
2022-08-19 BST 20:08:47,403 - INFO -  epoch=   2      train_loss=  16.2639      val_loss=  14.4817      best=1      size=  56      nSHD_c=   3.2667      nSHD=   3.3000      tpr_c=   0.0714      change_adj_count=6      
2022-08-19 BST 20:08:47,812 - INFO -  epoch=   3      train_loss=  15.4501      val_loss=  14.0877      best=1      size=  58      nSHD_c=   3.3333      nSHD=   3.3667      tpr_c=   0.0690      change_adj_count=7      
2022-08-19 BST 20:08:48,191 - INFO -  epoch=   4      train_loss=  15.2973      val_loss=  10.9623      best=1      size=  54      nSHD_c=   3.0667      nSHD=   3.0667      tpr_c=   0.0926      change_adj_count=8      
2022-08-19 BST 20:09:12,080 - INFO -  epoch= 100      train_loss=  14.1121      val_loss=  75.9042      best=1      size=  51      nSHD_c=   2.4667      nSHD=   2.3000      tpr_c=   0.2157      change_adj_count=90      
2022-08-19 BST 20:09:40,166 - INFO -  epoch= 200      train_loss=  13.8828      val_loss=  81.3891      best=1      size=  52      nSHD_c=   2.3000      nSHD=   2.2667      tpr_c=   0.3077      change_adj_count=139      
2022-08-19 BST 20:10:11,427 - INFO -  epoch= 300      train_loss=  13.9231      val_loss=  75.3248      best=1      size=  53      nSHD_c=   2.3000      nSHD=   2.2667      tpr_c=   0.3019      change_adj_count=168      
2022-08-19 BST 20:10:46,057 - INFO -  epoch= 400      train_loss=  13.8867      val_loss=  73.1893      best=1      size=  52      nSHD_c=   2.3000      nSHD=   2.3000      tpr_c=   0.3077      change_adj_count=205      
2022-08-19 BST 20:11:15,392 - INFO -  epoch= 500      train_loss=  13.7695      val_loss=  70.9114      best=1      size=  53      nSHD_c=   2.3000      nSHD=   2.3000      tpr_c=   0.3208      change_adj_count=219      
2022-08-19 BST 20:11:49,326 - INFO -  epoch= 600      train_loss=  13.7767      val_loss=  77.6877      best=1      size=  52      nSHD_c=   2.3667      nSHD=   2.3667      tpr_c=   0.2885      change_adj_count=239      
2022-08-19 BST 20:12:20,895 - INFO -  epoch= 700      train_loss=  13.5035      val_loss=  75.8046      best=1      size=  53      nSHD_c=   2.4667      nSHD=   2.4000      tpr_c=   0.2453      change_adj_count=253      
2022-08-19 BST 20:12:53,178 - INFO -  epoch= 800      train_loss=  13.3964      val_loss=  66.1582      best=1      size=  53      nSHD_c=   2.4667      nSHD=   2.4000      tpr_c=   0.2453      change_adj_count=271      
2022-08-19 BST 20:13:25,321 - INFO -  epoch= 900      train_loss=  13.4261      val_loss=  73.6509      best=1      size=  53      nSHD_c=   2.4667      nSHD=   2.4000      tpr_c=   0.2453      change_adj_count=278      
2022-08-19 BST 20:13:57,986 - INFO -  epoch=1000      train_loss=  13.3788      val_loss=  68.2635      best=1      size=  53      nSHD_c=   2.3667      nSHD=   2.3333      tpr_c=   0.2830      change_adj_count=298      
2022-08-19 BST 20:13:58,025 - INFO - 

DAG 11: size_true=68	X.var()=127.5135
2022-08-19 BST 20:13:58,445 - INFO -  epoch=   1      train_loss= 118.8086      val_loss= 104.6337      best=1      size=  57      nSHD_c=   3.8000      nSHD=   3.7667      tpr_c=   0.0526      change_adj_count=5      
2022-08-19 BST 20:13:58,821 - INFO -  epoch=   2      train_loss= 105.4743      val_loss=  53.2516      best=1      size=  56      nSHD_c=   3.5000      nSHD=   3.5000      tpr_c=   0.1429      change_adj_count=6      
2022-08-19 BST 20:14:32,514 - INFO -  epoch= 100      train_loss=  71.1085      val_loss=1708.5040      best=1      size=  60      nSHD_c=   3.3333      nSHD=   3.3333      tpr_c=   0.2333      change_adj_count=70      
2022-08-19 BST 20:15:04,592 - INFO -  epoch= 200      train_loss=  71.1427      val_loss=1594.7936      best=1      size=  60      nSHD_c=   3.4000      nSHD=   3.4000      tpr_c=   0.2167      change_adj_count=118      
2022-08-19 BST 20:15:35,421 - INFO -  epoch= 300      train_loss=  70.5679      val_loss=1420.9499      best=1      size=  60      nSHD_c=   3.3333      nSHD=   3.3333      tpr_c=   0.2333      change_adj_count=130      
2022-08-19 BST 20:16:07,784 - INFO -  epoch= 400      train_loss=  64.6617      val_loss=1273.8392      best=1      size=  61      nSHD_c=   3.3667      nSHD=   3.3667      tpr_c=   0.2295      change_adj_count=146      
2022-08-19 BST 20:16:40,122 - INFO -  epoch= 500      train_loss=  64.7450      val_loss=1200.1499      best=1      size=  60      nSHD_c=   3.3333      nSHD=   3.3333      tpr_c=   0.2333      change_adj_count=152      
2022-08-19 BST 20:17:12,300 - INFO -  epoch= 600      train_loss=  64.3910      val_loss= 981.2019      best=1      size=  60      nSHD_c=   3.3333      nSHD=   3.3333      tpr_c=   0.2333      change_adj_count=154      
2022-08-19 BST 20:17:44,836 - INFO -  epoch= 700      train_loss=  58.5510      val_loss= 989.7218      best=1      size=  60      nSHD_c=   3.3333      nSHD=   3.3333      tpr_c=   0.2333      change_adj_count=169      
2022-08-19 BST 20:18:18,953 - INFO -  epoch= 800      train_loss=  57.6546      val_loss= 897.5921      best=1      size=  59      nSHD_c=   3.3000      nSHD=   3.3000      tpr_c=   0.2373      change_adj_count=170      
2022-08-19 BST 20:18:51,295 - INFO -  epoch= 900      train_loss=  55.8847      val_loss= 829.8470      best=1      size=  59      nSHD_c=   3.3000      nSHD=   3.3000      tpr_c=   0.2373      change_adj_count=179      
2022-08-19 BST 20:19:23,498 - INFO -  epoch=1000      train_loss=  51.6283      val_loss= 786.6563      best=1      size=  59      nSHD_c=   3.3000      nSHD=   3.3000      tpr_c=   0.2373      change_adj_count=179      
2022-08-19 BST 20:19:23,500 - INFO - 

DAG 12: size_true=53	X.var()=15.8398
2022-08-19 BST 20:19:24,058 - INFO -  epoch=   1      train_loss=  15.0948      val_loss=  13.0455      best=1      size=  58      nSHD_c=   3.4000      nSHD=   3.3333      tpr_c=   0.0345      change_adj_count=5      
2022-08-19 BST 20:19:24,483 - INFO -  epoch=   2      train_loss=  13.9975      val_loss=  11.9850      best=1      size=  57      nSHD_c=   3.3667      nSHD=   3.2667      tpr_c=   0.0175      change_adj_count=6      
2022-08-19 BST 20:19:24,846 - INFO -  epoch=   3      train_loss=  13.5654      val_loss=   8.5201      best=1      size=  58      nSHD_c=   3.2000      nSHD=   3.1000      tpr_c=   0.0690      change_adj_count=7      
2022-08-19 BST 20:19:55,975 - INFO -  epoch= 100      train_loss=  11.9557      val_loss=  61.3271      best=1      size=  55      nSHD_c=   2.6667      nSHD=   2.6000      tpr_c=   0.2182      change_adj_count=92      
2022-08-19 BST 20:20:27,971 - INFO -  epoch= 200      train_loss=  12.0254      val_loss=  62.8863      best=1      size=  52      nSHD_c=   2.3000      nSHD=   2.3000      tpr_c=   0.3269      change_adj_count=143      
2022-08-19 BST 20:21:01,811 - INFO -  epoch= 300      train_loss=  11.5943      val_loss=  71.1093      best=1      size=  50      nSHD_c=   2.2667      nSHD=   2.2333      tpr_c=   0.3200      change_adj_count=169      
2022-08-19 BST 20:21:33,705 - INFO -  epoch= 400      train_loss=  11.5751      val_loss=  69.3508      best=1      size=  52      nSHD_c=   2.4000      nSHD=   2.2667      tpr_c=   0.2692      change_adj_count=194      
2022-08-19 BST 20:22:04,286 - INFO -  epoch= 500      train_loss=  11.4272      val_loss=  63.8318      best=1      size=  52      nSHD_c=   2.3333      nSHD=   2.3333      tpr_c=   0.3269      change_adj_count=215      
2022-08-19 BST 20:22:38,089 - INFO -  epoch= 600      train_loss=  11.5797      val_loss=  59.2070      best=1      size=  52      nSHD_c=   2.4667      nSHD=   2.4333      tpr_c=   0.2692      change_adj_count=240      
2022-08-19 BST 20:23:10,769 - INFO -  epoch= 700      train_loss=  11.1796      val_loss=  61.0778      best=1      size=  53      nSHD_c=   2.4333      nSHD=   2.4000      tpr_c=   0.2830      change_adj_count=263      
2022-08-19 BST 20:23:44,011 - INFO -  epoch= 800      train_loss=  11.0982      val_loss=  60.2804      best=1      size=  52      nSHD_c=   2.3667      nSHD=   2.3667      tpr_c=   0.3077      change_adj_count=284      
2022-08-19 BST 20:24:15,167 - INFO -  epoch= 900      train_loss=  11.0600      val_loss=  60.8595      best=1      size=  52      nSHD_c=   2.4333      nSHD=   2.4333      tpr_c=   0.2885      change_adj_count=303      
2022-08-19 BST 20:24:42,307 - INFO -  epoch=1000      train_loss=  11.0725      val_loss=  59.0939      best=1      size=  52      nSHD_c=   2.4333      nSHD=   2.3667      tpr_c=   0.2692      change_adj_count=311      
2022-08-19 BST 20:24:42,308 - INFO - 

DAG 13: size_true=53	X.var()=112.2632
2022-08-19 BST 20:24:42,621 - INFO -  epoch=   1      train_loss= 105.0181      val_loss=  82.7244      best=1      size=  58      nSHD_c=   3.4000      nSHD=   3.3667      tpr_c=   0.0172      change_adj_count=5      
2022-08-19 BST 20:24:42,910 - INFO -  epoch=   2      train_loss=  94.5937      val_loss=  49.8008      best=1      size=  55      nSHD_c=   3.3667      nSHD=   3.3667      tpr_c=   0.0364      change_adj_count=6      
2022-08-19 BST 20:25:09,761 - INFO -  epoch= 100      train_loss=  61.1134      val_loss=1669.3333      best=1      size=  49      nSHD_c=   2.7667      nSHD=   2.7333      tpr_c=   0.1837      change_adj_count=82      
2022-08-19 BST 20:25:41,008 - INFO -  epoch= 200      train_loss=  57.2744      val_loss=1609.8168      best=1      size=  49      nSHD_c=   2.8000      nSHD=   2.7333      tpr_c=   0.1633      change_adj_count=107      
2022-08-19 BST 20:26:11,136 - INFO -  epoch= 300      train_loss=  58.9259      val_loss=1446.0992      best=1      size=  48      nSHD_c=   2.7667      nSHD=   2.7000      tpr_c=   0.1667      change_adj_count=121      
2022-08-19 BST 20:26:43,185 - INFO -  epoch= 400      train_loss=  55.4358      val_loss=1205.0450      best=1      size=  50      nSHD_c=   2.8000      nSHD=   2.7667      tpr_c=   0.1800      change_adj_count=144      
2022-08-19 BST 20:27:12,928 - INFO -  epoch= 500      train_loss=  54.1294      val_loss=1137.5884      best=1      size=  50      nSHD_c=   2.8333      nSHD=   2.7667      tpr_c=   0.1600      change_adj_count=170      
2022-08-19 BST 20:27:42,394 - INFO -  epoch= 600      train_loss=  49.2559      val_loss=1017.0069      best=1      size=  50      nSHD_c=   2.7667      nSHD=   2.7333      tpr_c=   0.1800      change_adj_count=187      
2022-08-19 BST 20:28:09,846 - INFO -  epoch= 700      train_loss=  49.0021      val_loss= 874.4684      best=1      size=  50      nSHD_c=   2.7667      nSHD=   2.7333      tpr_c=   0.1800      change_adj_count=207      
2022-08-19 BST 20:28:39,744 - INFO -  epoch= 800      train_loss=  46.8705      val_loss= 833.0614      best=1      size=  51      nSHD_c=   2.7667      nSHD=   2.7667      tpr_c=   0.1961      change_adj_count=218      
2022-08-19 BST 20:29:08,853 - INFO -  epoch= 900      train_loss=  46.1151      val_loss= 697.4455      best=1      size=  51      nSHD_c=   2.8000      nSHD=   2.7667      tpr_c=   0.1765      change_adj_count=225      
2022-08-19 BST 20:29:38,818 - INFO -  epoch=1000      train_loss=  43.1375      val_loss= 648.9669      best=1      size=  52      nSHD_c=   2.8000      nSHD=   2.8000      tpr_c=   0.1923      change_adj_count=236      
2022-08-19 BST 20:29:38,853 - INFO - 

DAG 14: size_true=59	X.var()=16.7418
2022-08-19 BST 20:29:39,245 - INFO -  epoch=   1      train_loss=  15.4394      val_loss=  15.8916      best=1      size=  56      nSHD_c=   3.5000      nSHD=   3.5000      tpr_c=   0.0536      change_adj_count=5      
2022-08-19 BST 20:29:39,562 - INFO -  epoch=   2      train_loss=  14.0028      val_loss=  14.6783      best=1      size=  55      nSHD_c=   3.4000      nSHD=   3.4000      tpr_c=   0.0727      change_adj_count=6      
2022-08-19 BST 20:29:40,011 - INFO -  epoch=   3      train_loss=  13.3394      val_loss=  11.1374      best=1      size=  57      nSHD_c=   3.2667      nSHD=   3.2333      tpr_c=   0.1228      change_adj_count=7      
2022-08-19 BST 20:29:40,401 - INFO -  epoch=   4      train_loss=  12.7577      val_loss=   9.5850      best=1      size=  58      nSHD_c=   3.1667      nSHD=   3.1667      tpr_c=   0.1724      change_adj_count=8      
2022-08-19 BST 20:29:40,943 - INFO -  epoch=   5      train_loss=  12.6892      val_loss=   9.1515      best=1      size=  54      nSHD_c=   3.0333      nSHD=   3.0000      tpr_c=   0.1667      change_adj_count=9      
2022-08-19 BST 20:30:09,761 - INFO -  epoch= 100      train_loss=  11.9783      val_loss=  55.4308      best=1      size=  58      nSHD_c=   2.6333      nSHD=   2.5667      tpr_c=   0.3103      change_adj_count=93      
2022-08-19 BST 20:30:41,784 - INFO -  epoch= 200      train_loss=  12.1323      val_loss=  60.3903      best=1      size=  60      nSHD_c=   2.7333      nSHD=   2.6333      tpr_c=   0.2833      change_adj_count=147      
2022-08-19 BST 20:31:12,413 - INFO -  epoch= 300      train_loss=  11.9374      val_loss=  60.4525      best=1      size=  59      nSHD_c=   2.5667      nSHD=   2.5000      tpr_c=   0.3220      change_adj_count=197      
2022-08-19 BST 20:31:42,911 - INFO -  epoch= 400      train_loss=  11.7735      val_loss=  56.5637      best=1      size=  59      nSHD_c=   2.4667      nSHD=   2.3667      tpr_c=   0.3390      change_adj_count=238      
2022-08-19 BST 20:32:13,600 - INFO -  epoch= 500      train_loss=  11.7754      val_loss=  60.4061      best=1      size=  59      nSHD_c=   2.5667      nSHD=   2.5000      tpr_c=   0.3220      change_adj_count=265      
2022-08-19 BST 20:32:40,572 - INFO -  epoch= 600      train_loss=  11.8072      val_loss=  63.7287      best=1      size=  60      nSHD_c=   2.6333      nSHD=   2.5333      tpr_c=   0.3000      change_adj_count=287      
2022-08-19 BST 20:33:06,140 - INFO -  epoch= 700      train_loss=  11.6956      val_loss=  56.1370      best=1      size=  58      nSHD_c=   2.6000      nSHD=   2.5000      tpr_c=   0.3103      change_adj_count=317      
2022-08-19 BST 20:33:31,345 - INFO -  epoch= 800      train_loss=  11.5526      val_loss=  60.2193      best=1      size=  59      nSHD_c=   2.6667      nSHD=   2.5667      tpr_c=   0.2881      change_adj_count=334      
2022-08-19 BST 20:33:56,351 - INFO -  epoch= 900      train_loss=  11.5598      val_loss=  55.3480      best=1      size=  60      nSHD_c=   2.6333      nSHD=   2.5333      tpr_c=   0.3000      change_adj_count=354      
2022-08-19 BST 20:34:24,690 - INFO -  epoch=1000      train_loss=  11.6238      val_loss=  54.4011      best=1      size=  59      nSHD_c=   2.6000      nSHD=   2.5000      tpr_c=   0.3051      change_adj_count=373      
2022-08-19 BST 20:34:24,785 - INFO - 

DAG 15: size_true=42	X.var()=8.6273
2022-08-19 BST 20:34:25,113 - INFO -  epoch=   1      train_loss=   8.2071      val_loss=   7.6745      best=1      size=  60      nSHD_c=   3.1667      nSHD=   3.1667      tpr_c=   0.0500      change_adj_count=5      
2022-08-19 BST 20:34:25,424 - INFO -  epoch=   2      train_loss=   7.5770      val_loss=   7.3925      best=1      size=  60      nSHD_c=   3.1667      nSHD=   3.1667      tpr_c=   0.0500      change_adj_count=6      
2022-08-19 BST 20:34:25,621 - INFO -  epoch=   3      train_loss=   7.3273      val_loss=   6.8689      best=1      size=  59      nSHD_c=   3.1333      nSHD=   3.1333      tpr_c=   0.0508      change_adj_count=7      
2022-08-19 BST 20:34:25,961 - INFO -  epoch=   4      train_loss=   7.1419      val_loss=   6.1371      best=1      size=  59      nSHD_c=   3.0000      nSHD=   3.0000      tpr_c=   0.0847      change_adj_count=8      
2022-08-19 BST 20:34:26,223 - INFO -  epoch=   5      train_loss=   7.0158      val_loss=   5.6994      best=1      size=  58      nSHD_c=   2.9667      nSHD=   2.9667      tpr_c=   0.0862      change_adj_count=9      
2022-08-19 BST 20:34:26,517 - INFO -  epoch=   6      train_loss=   6.9606      val_loss=   5.5296      best=1      size=  57      nSHD_c=   2.9000      nSHD=   2.8667      tpr_c=   0.0877      change_adj_count=10      
2022-08-19 BST 20:34:26,806 - INFO -  epoch=   7      train_loss=   6.9889      val_loss=   5.5865      best=1      size=  57      nSHD_c=   2.7667      nSHD=   2.7333      tpr_c=   0.1228      change_adj_count=11      
2022-08-19 BST 20:34:51,609 - INFO -  epoch= 100      train_loss=   6.8178      val_loss=  15.4538      best=1      size=  54      nSHD_c=   1.9667      nSHD=   1.8667      tpr_c=   0.2778      change_adj_count=96      
2022-08-19 BST 20:35:17,669 - INFO -  epoch= 200      train_loss=   6.8752      val_loss=  18.0796      best=1      size=  54      nSHD_c=   1.8667      nSHD=   1.8000      tpr_c=   0.3333      change_adj_count=147      
2022-08-19 BST 20:35:43,007 - INFO -  epoch= 300      train_loss=   6.8117      val_loss=  20.6895      best=1      size=  54      nSHD_c=   1.9000      nSHD=   1.8000      tpr_c=   0.3148      change_adj_count=189      
2022-08-19 BST 20:36:08,845 - INFO -  epoch= 400      train_loss=   6.6449      val_loss=  17.9119      best=1      size=  54      nSHD_c=   1.6333      nSHD=   1.6000      tpr_c=   0.4074      change_adj_count=218      
2022-08-19 BST 20:36:35,136 - INFO -  epoch= 500      train_loss=   6.6488      val_loss=  19.3598      best=1      size=  56      nSHD_c=   1.7333      nSHD=   1.6667      tpr_c=   0.3750      change_adj_count=234      
2022-08-19 BST 20:37:02,940 - INFO -  epoch= 600      train_loss=   6.7475      val_loss=  19.7025      best=1      size=  56      nSHD_c=   1.7667      nSHD=   1.6667      tpr_c=   0.3571      change_adj_count=250      
2022-08-19 BST 20:37:28,663 - INFO -  epoch= 700      train_loss=   6.6459      val_loss=  18.3637      best=1      size=  56      nSHD_c=   1.7667      nSHD=   1.7333      tpr_c=   0.3750      change_adj_count=271      
2022-08-19 BST 20:37:54,547 - INFO -  epoch= 800      train_loss=   6.6402      val_loss=  20.5014      best=1      size=  53      nSHD_c=   1.7000      nSHD=   1.5667      tpr_c=   0.3585      change_adj_count=288      
2022-08-19 BST 20:38:19,802 - INFO -  epoch= 900      train_loss=   6.6096      val_loss=  17.9798      best=1      size=  54      nSHD_c=   1.7667      nSHD=   1.6667      tpr_c=   0.3519      change_adj_count=303      
2022-08-19 BST 20:38:47,277 - INFO -  epoch=1000      train_loss=   6.6611      val_loss=  19.6797      best=1      size=  54      nSHD_c=   1.7333      nSHD=   1.6667      tpr_c=   0.3704      change_adj_count=316      
2022-08-19 BST 20:38:47,301 - INFO - 

DAG 16: size_true=50	X.var()=12.1502
2022-08-19 BST 20:38:47,651 - INFO -  epoch=   1      train_loss=  11.3651      val_loss=  11.0610      best=1      size=  54      nSHD_c=   3.0333      nSHD=   3.0333      tpr_c=   0.0741      change_adj_count=5      
2022-08-19 BST 20:38:47,983 - INFO -  epoch=   2      train_loss=  10.6104      val_loss=  10.6043      best=1      size=  55      nSHD_c=   3.0667      nSHD=   3.0667      tpr_c=   0.0727      change_adj_count=6      
2022-08-19 BST 20:38:48,353 - INFO -  epoch=   3      train_loss=  10.1336      val_loss=   9.8841      best=1      size=  53      nSHD_c=   3.0000      nSHD=   3.0000      tpr_c=   0.0755      change_adj_count=7      
2022-08-19 BST 20:38:48,674 - INFO -  epoch=   4      train_loss=   9.8656      val_loss=   9.6046      best=1      size=  54      nSHD_c=   3.0333      nSHD=   3.0333      tpr_c=   0.0741      change_adj_count=8      
2022-08-19 BST 20:38:48,929 - INFO -  epoch=   5      train_loss=   9.8063      val_loss=   7.6489      best=1      size=  54      nSHD_c=   3.0000      nSHD=   2.9667      tpr_c=   0.0741      change_adj_count=9      
2022-08-19 BST 20:38:49,594 - INFO -  epoch=   7      train_loss=   9.5273      val_loss=   6.1168      best=1      size=  54      nSHD_c=   2.8000      nSHD=   2.8000      tpr_c=   0.1296      change_adj_count=11      
2022-08-19 BST 20:39:14,608 - INFO -  epoch= 100      train_loss=   9.4431      val_loss=  26.9951      best=1      size=  54      nSHD_c=   2.0333      nSHD=   1.8667      tpr_c=   0.3333      change_adj_count=89      
2022-08-19 BST 20:39:40,192 - INFO -  epoch= 200      train_loss=   9.4833      val_loss=  29.2703      best=1      size=  55      nSHD_c=   2.0667      nSHD=   1.9667      tpr_c=   0.3636      change_adj_count=148      
2022-08-19 BST 20:40:08,076 - INFO -  epoch= 300      train_loss=   9.3358      val_loss=  27.3762      best=1      size=  53      nSHD_c=   2.2333      nSHD=   2.1333      tpr_c=   0.3019      change_adj_count=181      
2022-08-19 BST 20:40:33,218 - INFO -  epoch= 400      train_loss=   9.3544      val_loss=  28.4841      best=1      size=  55      nSHD_c=   2.2333      nSHD=   2.0667      tpr_c=   0.2909      change_adj_count=209      
2022-08-19 BST 20:41:00,625 - INFO -  epoch= 500      train_loss=   9.3751      val_loss=  28.0582      best=1      size=  55      nSHD_c=   2.1667      nSHD=   2.0667      tpr_c=   0.3273      change_adj_count=233      
2022-08-19 BST 20:41:28,121 - INFO -  epoch= 600      train_loss=   9.2630      val_loss=  27.6173      best=1      size=  55      nSHD_c=   2.2000      nSHD=   2.1000      tpr_c=   0.3091      change_adj_count=254      
2022-08-19 BST 20:41:54,515 - INFO -  epoch= 700      train_loss=   9.2279      val_loss=  29.8099      best=1      size=  55      nSHD_c=   2.2000      nSHD=   2.0333      tpr_c=   0.2909      change_adj_count=265      
2022-08-19 BST 20:42:22,508 - INFO -  epoch= 800      train_loss=   9.1451      val_loss=  27.1110      best=1      size=  54      nSHD_c=   2.0667      nSHD=   2.0000      tpr_c=   0.3519      change_adj_count=274      
2022-08-19 BST 20:42:48,163 - INFO -  epoch= 900      train_loss=   9.1103      val_loss=  27.0634      best=1      size=  54      nSHD_c=   2.1000      nSHD=   2.0333      tpr_c=   0.3519      change_adj_count=287      
2022-08-19 BST 20:43:14,020 - INFO -  epoch=1000      train_loss=   9.0983      val_loss=  25.0800      best=1      size=  54      nSHD_c=   2.1333      nSHD=   2.0667      tpr_c=   0.3333      change_adj_count=310      
2022-08-19 BST 20:43:14,028 - INFO - 

DAG 17: size_true=49	X.var()=16.5203
2022-08-19 BST 20:43:14,355 - INFO -  epoch=   1      train_loss=  15.3025      val_loss=  14.9856      best=1      size=  56      nSHD_c=   3.1667      nSHD=   3.1333      tpr_c=   0.0536      change_adj_count=5      
2022-08-19 BST 20:43:14,635 - INFO -  epoch=   2      train_loss=  13.7985      val_loss=  13.3564      best=1      size=  57      nSHD_c=   3.2667      nSHD=   3.2333      tpr_c=   0.0351      change_adj_count=6      
2022-08-19 BST 20:43:14,913 - INFO -  epoch=   3      train_loss=  13.0917      val_loss=  10.8809      best=1      size=  54      nSHD_c=   3.1667      nSHD=   3.1333      tpr_c=   0.0556      change_adj_count=7      
2022-08-19 BST 20:43:15,240 - INFO -  epoch=   4      train_loss=  12.7799      val_loss=   8.9150      best=1      size=  56      nSHD_c=   3.2333      nSHD=   3.2000      tpr_c=   0.0536      change_adj_count=8      
2022-08-19 BST 20:43:39,318 - INFO -  epoch= 100      train_loss=  12.1070      val_loss=  57.6681      best=1      size=  54      nSHD_c=   2.4000      nSHD=   2.3333      tpr_c=   0.2593      change_adj_count=93      
2022-08-19 BST 20:44:06,234 - INFO -  epoch= 200      train_loss=  11.9291      val_loss=  55.8494      best=1      size=  54      nSHD_c=   2.2667      nSHD=   2.2333      tpr_c=   0.3148      change_adj_count=151      
2022-08-19 BST 20:44:35,180 - INFO -  epoch= 300      train_loss=  11.9795      val_loss=  56.2712      best=1      size=  53      nSHD_c=   2.2000      nSHD=   2.1333      tpr_c=   0.3208      change_adj_count=187      
2022-08-19 BST 20:45:05,460 - INFO -  epoch= 400      train_loss=  11.8021      val_loss=  62.1959      best=1      size=  53      nSHD_c=   2.3333      nSHD=   2.3333      tpr_c=   0.3019      change_adj_count=218      
2022-08-19 BST 20:45:34,264 - INFO -  epoch= 500      train_loss=  11.6984      val_loss=  57.2384      best=1      size=  54      nSHD_c=   2.3667      nSHD=   2.3333      tpr_c=   0.2778      change_adj_count=248      
2022-08-19 BST 20:46:01,783 - INFO -  epoch= 600      train_loss=  11.8498      val_loss=  62.4423      best=1      size=  54      nSHD_c=   2.3667      nSHD=   2.3667      tpr_c=   0.2963      change_adj_count=256      
2022-08-19 BST 20:46:31,141 - INFO -  epoch= 700      train_loss=  11.7769      val_loss=  60.2905      best=1      size=  53      nSHD_c=   2.3333      nSHD=   2.3333      tpr_c=   0.3019      change_adj_count=267      
2022-08-19 BST 20:47:00,826 - INFO -  epoch= 800      train_loss=  11.7067      val_loss=  57.6332      best=1      size=  53      nSHD_c=   2.2667      nSHD=   2.2667      tpr_c=   0.3208      change_adj_count=273      
2022-08-19 BST 20:47:31,216 - INFO -  epoch= 900      train_loss=  11.6468      val_loss=  53.9300      best=1      size=  52      nSHD_c=   2.2333      nSHD=   2.2333      tpr_c=   0.3269      change_adj_count=282      
2022-08-19 BST 20:47:58,671 - INFO -  epoch=1000      train_loss=  11.4788      val_loss=  56.0203      best=1      size=  52      nSHD_c=   2.2333      nSHD=   2.2333      tpr_c=   0.3269      change_adj_count=284      
2022-08-19 BST 20:47:58,671 - INFO - 

DAG 18: size_true=56	X.var()=17.9506
2022-08-19 BST 20:47:59,125 - INFO -  epoch=   1      train_loss=  16.8042      val_loss=  14.2050      best=1      size=  60      nSHD_c=   3.3333      nSHD=   3.3333      tpr_c=   0.1000      change_adj_count=5      
2022-08-19 BST 20:47:59,424 - INFO -  epoch=   2      train_loss=  15.1769      val_loss=  10.2265      best=1      size=  59      nSHD_c=   3.1667      nSHD=   3.1333      tpr_c=   0.1356      change_adj_count=6      
2022-08-19 BST 20:48:27,746 - INFO -  epoch= 100      train_loss=  12.8525      val_loss=  75.9353      best=1      size=  58      nSHD_c=   2.6667      nSHD=   2.5667      tpr_c=   0.2586      change_adj_count=95      
2022-08-19 BST 20:48:54,944 - INFO -  epoch= 200      train_loss=  12.7694      val_loss=  78.9721      best=1      size=  61      nSHD_c=   2.7667      nSHD=   2.7333      tpr_c=   0.2623      change_adj_count=148      
2022-08-19 BST 20:49:24,103 - INFO -  epoch= 300      train_loss=  12.8254      val_loss=  84.4324      best=1      size=  60      nSHD_c=   2.7000      nSHD=   2.6667      tpr_c=   0.2667      change_adj_count=192      
2022-08-19 BST 20:49:52,670 - INFO -  epoch= 400      train_loss=  12.4983      val_loss=  79.9278      best=1      size=  61      nSHD_c=   2.7000      nSHD=   2.6667      tpr_c=   0.2787      change_adj_count=206      
2022-08-19 BST 20:50:18,661 - INFO -  epoch= 500      train_loss=  12.5274      val_loss=  69.9596      best=1      size=  60      nSHD_c=   2.6333      nSHD=   2.5667      tpr_c=   0.2833      change_adj_count=223      
2022-08-19 BST 20:50:43,512 - INFO -  epoch= 600      train_loss=  12.4310      val_loss=  75.6598      best=1      size=  59      nSHD_c=   2.6000      nSHD=   2.5000      tpr_c=   0.2712      change_adj_count=245      
2022-08-19 BST 20:51:09,559 - INFO -  epoch= 700      train_loss=  12.4862      val_loss=  67.2712      best=1      size=  60      nSHD_c=   2.6667      nSHD=   2.6000      tpr_c=   0.2667      change_adj_count=257      
2022-08-19 BST 20:51:34,139 - INFO -  epoch= 800      train_loss=  12.4336      val_loss=  63.3180      best=1      size=  60      nSHD_c=   2.6000      nSHD=   2.5333      tpr_c=   0.2833      change_adj_count=288      
2022-08-19 BST 20:51:58,671 - INFO -  epoch= 900      train_loss=  12.0527      val_loss=  64.7491      best=1      size=  59      nSHD_c=   2.5667      nSHD=   2.5000      tpr_c=   0.2881      change_adj_count=306      
2022-08-19 BST 20:52:23,094 - INFO -  epoch=1000      train_loss=  11.9758      val_loss=  68.9888      best=1      size=  59      nSHD_c=   2.6333      nSHD=   2.5667      tpr_c=   0.2712      change_adj_count=315      
2022-08-19 BST 20:52:23,097 - INFO - 

DAG 19: size_true=57	X.var()=24.8142
2022-08-19 BST 20:52:23,410 - INFO -  epoch=   1      train_loss=  22.2936      val_loss=  22.2680      best=1      size=  59      nSHD_c=   3.6333      nSHD=   3.6333      tpr_c=   0.0169      change_adj_count=5      
2022-08-19 BST 20:52:23,792 - INFO -  epoch=   2      train_loss=  20.0505      val_loss=  20.5791      best=1      size=  59      nSHD_c=   3.6333      nSHD=   3.6333      tpr_c=   0.0169      change_adj_count=6      
2022-08-19 BST 20:52:24,031 - INFO -  epoch=   3      train_loss=  19.0615      val_loss=  16.0851      best=1      size=  61      nSHD_c=   3.6333      nSHD=   3.6333      tpr_c=   0.0328      change_adj_count=7      
2022-08-19 BST 20:52:24,282 - INFO -  epoch=   4      train_loss=  18.0664      val_loss=  13.3111      best=1      size=  58      nSHD_c=   3.4667      nSHD=   3.4333      tpr_c=   0.0517      change_adj_count=8      
2022-08-19 BST 20:52:47,360 - INFO -  epoch= 100      train_loss=  16.9607      val_loss= 121.7930      best=1      size=  58      nSHD_c=   2.9000      nSHD=   2.8667      tpr_c=   0.2241      change_adj_count=90      
2022-08-19 BST 20:53:12,198 - INFO -  epoch= 200      train_loss=  16.2847      val_loss= 133.7012      best=1      size=  58      nSHD_c=   2.8333      nSHD=   2.8000      tpr_c=   0.2414      change_adj_count=152      
2022-08-19 BST 20:53:37,027 - INFO -  epoch= 300      train_loss=  16.3405      val_loss= 126.9218      best=1      size=  57      nSHD_c=   2.8667      nSHD=   2.8333      tpr_c=   0.2281      change_adj_count=192      
2022-08-19 BST 20:54:01,565 - INFO -  epoch= 400      train_loss=  16.5456      val_loss= 123.0632      best=1      size=  57      nSHD_c=   2.8333      nSHD=   2.7667      tpr_c=   0.2281      change_adj_count=207      
2022-08-19 BST 20:54:27,194 - INFO -  epoch= 500      train_loss=  16.2232      val_loss= 130.8472      best=1      size=  57      nSHD_c=   2.8667      nSHD=   2.8333      tpr_c=   0.2281      change_adj_count=223      
2022-08-19 BST 20:54:51,371 - INFO -  epoch= 600      train_loss=  16.3748      val_loss= 118.7100      best=1      size=  57      nSHD_c=   2.8667      nSHD=   2.8333      tpr_c=   0.2281      change_adj_count=243      
2022-08-19 BST 20:55:16,657 - INFO -  epoch= 700      train_loss=  16.2302      val_loss= 129.1315      best=1      size=  57      nSHD_c=   2.9667      nSHD=   2.9000      tpr_c=   0.1930      change_adj_count=266      
2022-08-19 BST 20:55:40,850 - INFO -  epoch= 800      train_loss=  16.2977      val_loss= 126.0185      best=1      size=  57      nSHD_c=   2.9667      nSHD=   2.9000      tpr_c=   0.1930      change_adj_count=274      
2022-08-19 BST 20:56:04,255 - INFO -  epoch= 900      train_loss=  16.1131      val_loss= 127.8461      best=1      size=  57      nSHD_c=   2.9667      nSHD=   2.9000      tpr_c=   0.1930      change_adj_count=281      
2022-08-19 BST 20:56:29,377 - INFO -  epoch=1000      train_loss=  15.9781      val_loss= 116.0069      best=1      size=  57      nSHD_c=   2.9667      nSHD=   2.9000      tpr_c=   0.1930      change_adj_count=282      
2022-08-19 BST 20:56:29,378 - INFO - 

DAG 20: size_true=59	X.var()=201.6824
2022-08-19 BST 20:56:29,673 - INFO -  epoch=   1      train_loss= 185.8323      val_loss= 141.6142      best=1      size=  59      nSHD_c=   3.6333      nSHD=   3.6333      tpr_c=   0.0508      change_adj_count=5      
2022-08-19 BST 20:56:29,942 - INFO -  epoch=   2      train_loss= 157.4399      val_loss=  76.1452      best=1      size=  53      nSHD_c=   3.2667      nSHD=   3.2333      tpr_c=   0.0755      change_adj_count=6      
2022-08-19 BST 20:56:53,663 - INFO -  epoch= 100      train_loss=  96.8222      val_loss=3061.3976      best=1      size=  59      nSHD_c=   3.4667      nSHD=   3.4000      tpr_c=   0.1017      change_adj_count=71      
2022-08-19 BST 20:57:17,630 - INFO -  epoch= 200      train_loss=  89.3017      val_loss=2907.1244      best=1      size=  59      nSHD_c=   3.5000      nSHD=   3.4667      tpr_c=   0.1017      change_adj_count=78      
2022-08-19 BST 20:57:43,717 - INFO -  epoch= 300      train_loss=  91.9421      val_loss=2438.5478      best=1      size=  59      nSHD_c=   3.5000      nSHD=   3.4667      tpr_c=   0.1017      change_adj_count=85      
2022-08-19 BST 20:58:06,848 - INFO -  epoch= 400      train_loss=  88.9092      val_loss=2172.6993      best=1      size=  58      nSHD_c=   3.4333      nSHD=   3.3667      tpr_c=   0.1034      change_adj_count=100      
2022-08-19 BST 20:58:27,490 - INFO -  epoch= 500      train_loss=  83.6041      val_loss=2066.7041      best=1      size=  58      nSHD_c=   3.4333      nSHD=   3.3667      tpr_c=   0.1034      change_adj_count=115      
2022-08-19 BST 20:58:52,769 - INFO -  epoch= 600      train_loss=  81.1153      val_loss=1805.2112      best=1      size=  58      nSHD_c=   3.4333      nSHD=   3.3667      tpr_c=   0.1034      change_adj_count=121      
2022-08-19 BST 20:59:17,030 - INFO -  epoch= 700      train_loss=  77.3501      val_loss=1757.7392      best=1      size=  58      nSHD_c=   3.4333      nSHD=   3.3667      tpr_c=   0.1034      change_adj_count=123      
2022-08-19 BST 20:59:40,189 - INFO -  epoch= 800      train_loss=  76.2593      val_loss=1498.7700      best=1      size=  58      nSHD_c=   3.4333      nSHD=   3.3667      tpr_c=   0.1034      change_adj_count=125      
2022-08-19 BST 21:00:04,728 - INFO -  epoch= 900      train_loss=  70.3682      val_loss=1269.1276      best=1      size=  57      nSHD_c=   3.4333      nSHD=   3.4000      tpr_c=   0.1053      change_adj_count=137      
2022-08-19 BST 21:00:30,277 - INFO -  epoch=1000      train_loss=  70.9332      val_loss=1185.2705      best=1      size=  57      nSHD_c=   3.4333      nSHD=   3.4000      tpr_c=   0.1053      change_adj_count=143      
2022-08-19 BST 21:00:30,290 - INFO - 

DAG 21: size_true=57	X.var()=21.1204
2022-08-19 BST 21:00:30,633 - INFO -  epoch=   1      train_loss=  19.0393      val_loss=  17.3073      best=1      size=  56      nSHD_c=   3.4000      nSHD=   3.3667      tpr_c=   0.0357      change_adj_count=5      
2022-08-19 BST 21:00:30,951 - INFO -  epoch=   2      train_loss=  16.8461      val_loss=  16.3491      best=1      size=  55      nSHD_c=   3.3667      nSHD=   3.3333      tpr_c=   0.0364      change_adj_count=6      
2022-08-19 BST 21:00:31,330 - INFO -  epoch=   3      train_loss=  15.8739      val_loss=  15.6509      best=1      size=  57      nSHD_c=   3.4000      nSHD=   3.4000      tpr_c=   0.0526      change_adj_count=7      
2022-08-19 BST 21:00:53,928 - INFO -  epoch= 100      train_loss=  14.0880      val_loss= 136.1310      best=1      size=  54      nSHD_c=   2.9333      nSHD=   2.9000      tpr_c=   0.1667      change_adj_count=87      
2022-08-19 BST 21:01:18,536 - INFO -  epoch= 200      train_loss=  14.0934      val_loss= 114.2310      best=1      size=  52      nSHD_c=   2.8000      nSHD=   2.7667      tpr_c=   0.1923      change_adj_count=142      
2022-08-19 BST 21:01:42,228 - INFO -  epoch= 300      train_loss=  14.0399      val_loss= 118.2744      best=1      size=  53      nSHD_c=   2.7000      nSHD=   2.6667      tpr_c=   0.2264      change_adj_count=187      
2022-08-19 BST 21:02:02,741 - INFO -  epoch= 400      train_loss=  13.8637      val_loss= 108.8870      best=1      size=  52      nSHD_c=   2.8000      nSHD=   2.7667      tpr_c=   0.1923      change_adj_count=212      
2022-08-19 BST 21:02:24,645 - INFO -  epoch= 500      train_loss=  13.7969      val_loss= 112.7062      best=1      size=  53      nSHD_c=   2.7667      nSHD=   2.7333      tpr_c=   0.2075      change_adj_count=236      
2022-08-19 BST 21:02:43,955 - INFO -  epoch= 600      train_loss=  13.7692      val_loss= 119.5164      best=1      size=  54      nSHD_c=   2.8667      nSHD=   2.8333      tpr_c=   0.1852      change_adj_count=256      
2022-08-19 BST 21:03:04,910 - INFO -  epoch= 700      train_loss=  13.6783      val_loss= 115.0236      best=1      size=  53      nSHD_c=   2.8333      nSHD=   2.8000      tpr_c=   0.1887      change_adj_count=272      
2022-08-19 BST 21:03:26,003 - INFO -  epoch= 800      train_loss=  13.4531      val_loss= 104.7195      best=1      size=  53      nSHD_c=   2.8333      nSHD=   2.8000      tpr_c=   0.1887      change_adj_count=282      
2022-08-19 BST 21:03:46,132 - INFO -  epoch= 900      train_loss=  13.4783      val_loss= 109.5090      best=1      size=  53      nSHD_c=   2.8333      nSHD=   2.8000      tpr_c=   0.1887      change_adj_count=296      
2022-08-19 BST 21:04:07,514 - INFO -  epoch=1000      train_loss=  13.4157      val_loss= 103.8796      best=1      size=  54      nSHD_c=   2.8667      nSHD=   2.8333      tpr_c=   0.1852      change_adj_count=310      
2022-08-19 BST 21:04:07,516 - INFO - 

DAG 22: size_true=60	X.var()=129.8499
2022-08-19 BST 21:04:07,713 - INFO -  epoch=   1      train_loss= 119.4569      val_loss=  94.4074      best=1      size=  57      nSHD_c=   3.6000      nSHD=   3.5667      tpr_c=   0.0351      change_adj_count=5      
2022-08-19 BST 21:04:07,919 - INFO -  epoch=   2      train_loss= 107.2324      val_loss=  53.2359      best=1      size=  51      nSHD_c=   3.2667      nSHD=   3.2667      tpr_c=   0.0588      change_adj_count=6      
2022-08-19 BST 21:04:28,076 - INFO -  epoch= 100      train_loss=  69.0665      val_loss=2223.5449      best=1      size=  59      nSHD_c=   3.0333      nSHD=   3.0000      tpr_c=   0.2203      change_adj_count=65      
2022-08-19 BST 21:04:47,873 - INFO -  epoch= 200      train_loss=  66.2005      val_loss=1916.4380      best=1      size=  59      nSHD_c=   3.0333      nSHD=   3.0000      tpr_c=   0.2203      change_adj_count=93      
2022-08-19 BST 21:05:04,730 - INFO -  epoch= 300      train_loss=  66.6020      val_loss=1875.2681      best=1      size=  59      nSHD_c=   3.0333      nSHD=   3.0000      tpr_c=   0.2203      change_adj_count=113      
2022-08-19 BST 21:05:21,872 - INFO -  epoch= 400      train_loss=  61.2825      val_loss=1598.3994      best=1      size=  59      nSHD_c=   2.9667      nSHD=   2.9333      tpr_c=   0.2373      change_adj_count=126      
2022-08-19 BST 21:05:39,114 - INFO -  epoch= 500      train_loss=  59.8704      val_loss=1498.9049      best=1      size=  59      nSHD_c=   3.0667      nSHD=   3.0667      tpr_c=   0.2203      change_adj_count=144      
2022-08-19 BST 21:05:55,865 - INFO -  epoch= 600      train_loss=  56.1769      val_loss=1417.4803      best=1      size=  59      nSHD_c=   3.0333      nSHD=   3.0000      tpr_c=   0.2203      change_adj_count=155      
2022-08-19 BST 21:06:12,933 - INFO -  epoch= 700      train_loss=  56.4651      val_loss=1205.2361      best=1      size=  59      nSHD_c=   3.0333      nSHD=   3.0000      tpr_c=   0.2203      change_adj_count=170      
2022-08-19 BST 21:06:30,089 - INFO -  epoch= 800      train_loss=  58.5950      val_loss=1001.3838      best=1      size=  58      nSHD_c=   3.0000      nSHD=   2.9667      tpr_c=   0.2241      change_adj_count=189      
2022-08-19 BST 21:06:47,090 - INFO -  epoch= 900      train_loss=  54.9204      val_loss= 974.0745      best=1      size=  58      nSHD_c=   3.0333      nSHD=   3.0333      tpr_c=   0.2241      change_adj_count=202      
2022-08-19 BST 21:07:03,940 - INFO -  epoch=1000      train_loss=  51.9358      val_loss= 921.6854      best=1      size=  58      nSHD_c=   3.0000      nSHD=   3.0000      tpr_c=   0.2241      change_adj_count=207      
2022-08-19 BST 21:07:03,943 - INFO - 

DAG 23: size_true=49	X.var()=14.1269
2022-08-19 BST 21:07:04,148 - INFO -  epoch=   1      train_loss=  13.4042      val_loss=  13.2037      best=1      size=  58      nSHD_c=   3.1333      nSHD=   3.1000      tpr_c=   0.0862      change_adj_count=5      
2022-08-19 BST 21:07:04,330 - INFO -  epoch=   2      train_loss=  12.5982      val_loss=  12.1894      best=1      size=  58      nSHD_c=   3.1333      nSHD=   3.1000      tpr_c=   0.0862      change_adj_count=5      
2022-08-19 BST 21:07:04,547 - INFO -  epoch=   3      train_loss=  12.1504      val_loss=  11.3984      best=1      size=  59      nSHD_c=   3.0667      nSHD=   3.0667      tpr_c=   0.1186      change_adj_count=6      
2022-08-19 BST 21:07:04,742 - INFO -  epoch=   4      train_loss=  11.8708      val_loss=  10.6110      best=1      size=  59      nSHD_c=   3.0667      nSHD=   3.0667      tpr_c=   0.1186      change_adj_count=7      
2022-08-19 BST 21:07:04,949 - INFO -  epoch=   5      train_loss=  11.6473      val_loss=  10.2642      best=1      size=  59      nSHD_c=   2.9667      nSHD=   2.9333      tpr_c=   0.1356      change_adj_count=8      
2022-08-19 BST 21:07:21,776 - INFO -  epoch= 100      train_loss=  10.5995      val_loss=  64.6617      best=1      size=  53      nSHD_c=   1.9333      nSHD=   1.9333      tpr_c=   0.3962      change_adj_count=86      
2022-08-19 BST 21:07:39,089 - INFO -  epoch= 200      train_loss=  10.7900      val_loss=  63.0805      best=1      size=  57      nSHD_c=   1.8000      nSHD=   1.8000      tpr_c=   0.4386      change_adj_count=150      
2022-08-19 BST 21:07:56,140 - INFO -  epoch= 300      train_loss=  10.7053      val_loss=  59.4245      best=1      size=  54      nSHD_c=   1.7667      nSHD=   1.7333      tpr_c=   0.4444      change_adj_count=196      
2022-08-19 BST 21:08:13,191 - INFO -  epoch= 400      train_loss=  10.5787      val_loss=  63.0998      best=1      size=  54      nSHD_c=   1.7667      nSHD=   1.7333      tpr_c=   0.4444      change_adj_count=230      
2022-08-19 BST 21:08:30,388 - INFO -  epoch= 500      train_loss=  10.5290      val_loss=  60.2918      best=1      size=  55      nSHD_c=   1.8333      nSHD=   1.7667      tpr_c=   0.4182      change_adj_count=246      
2022-08-19 BST 21:08:47,831 - INFO -  epoch= 600      train_loss=  10.4069      val_loss=  57.3984      best=1      size=  54      nSHD_c=   1.7667      nSHD=   1.7333      tpr_c=   0.4444      change_adj_count=268      
2022-08-19 BST 21:09:04,427 - INFO -  epoch= 700      train_loss=  10.4018      val_loss=  58.9411      best=1      size=  53      nSHD_c=   1.8333      nSHD=   1.7667      tpr_c=   0.4151      change_adj_count=287      
2022-08-19 BST 21:09:21,768 - INFO -  epoch= 800      train_loss=  10.3248      val_loss=  54.2070      best=1      size=  55      nSHD_c=   1.8000      nSHD=   1.7667      tpr_c=   0.4364      change_adj_count=303      
2022-08-19 BST 21:09:39,332 - INFO -  epoch= 900      train_loss=  10.0973      val_loss=  52.9215      best=1      size=  54      nSHD_c=   1.8333      nSHD=   1.8000      tpr_c=   0.4259      change_adj_count=319      
2022-08-19 BST 21:09:56,533 - INFO -  epoch=1000      train_loss=  10.4175      val_loss=  54.9641      best=1      size=  54      nSHD_c=   1.8333      nSHD=   1.8000      tpr_c=   0.4259      change_adj_count=331      
2022-08-19 BST 21:09:56,535 - INFO - 
last_mean_nshd_c=2.7736
2022-08-19 BST 21:09:56,535 - INFO - 
Time taken 1:56:60 (h:mm:ss)
2022-08-19 BST 21:09:56,536 - INFO - 
End of log for run 2022-08-19_BST_19:12:56,788_l_66_4hps_070
