2022-08-20 BST 00:20:59,997 - INFO - 
Log for run 2022-08-20_BST_00:20:59,953_l_66_4hps_226

2022-08-20 BST 00:20:59,997 - INFO - COMMENT = ''
2022-08-20 BST 00:20:59,997 - INFO - DATA_FOLDER = '../data'
2022-08-20 BST 00:20:59,997 - INFO - LATENTS_FOLDER = '../latents'
2022-08-20 BST 00:20:59,997 - INFO - LOGS_FOLDER = '../logs'
2022-08-20 BST 00:20:59,997 - INFO - MODEL_FOLDER = '../models'
2022-08-20 BST 00:20:59,997 - INFO - RESULTS_FOLDER = '../results'
2022-08-20 BST 00:20:59,997 - INFO - DEVICE = torch.device("cuda" if torch.cuda.is_available() else "cpu")  # Used: "cuda"
2022-08-20 BST 00:20:59,998 - INFO - LATENTS = False
2022-08-20 BST 00:20:59,998 - INFO - MATRIX_REPORT = False
2022-08-20 BST 00:20:59,998 - INFO - LABEL = True
2022-08-20 BST 00:20:59,998 - INFO - SAVE_TO_ODS = False
2022-08-20 BST 00:20:59,998 - INFO - VAL_LOSS_FROM_DAG = True
2022-08-20 BST 00:20:59,998 - INFO - WANDB = False
2022-08-20 BST 00:20:59,998 - INFO - WANDB_PROJECT = 'Thetas'
2022-08-20 BST 00:20:59,998 - INFO - GRAD_LOG = False
2022-08-20 BST 00:20:59,998 - INFO - N_TRIALS = 1
2022-08-20 BST 00:20:59,998 - INFO - OPTUNA_STRINGS = {'None': None, 'True': True, 'False': False}
2022-08-20 BST 00:20:59,998 - INFO - TQDM = False
2022-08-20 BST 00:20:59,998 - INFO - 
hyperparameters = {
2022-08-20 BST 00:20:59,998 - INFO - 	'GRAPH_TYPE': 'ER2',
2022-08-20 BST 00:20:59,998 - INFO - 	'D': 30,
2022-08-20 BST 00:20:59,999 - INFO - 	'MAX_SIZE': 66,
2022-08-20 BST 00:20:59,999 - INFO - 	'SEM_NOISE': 'gaussian_ev',
2022-08-20 BST 00:20:59,999 - INFO - 	'N': 1200,
2022-08-20 BST 00:20:59,999 - INFO - 	'VAL': 0.16666666666666666,
2022-08-20 BST 00:20:59,999 - INFO - 	'N_EPOCHS': 1000,
2022-08-20 BST 00:20:59,999 - INFO - 	'BATCH_SIZE': 32,
2022-08-20 BST 00:20:59,999 - INFO - 	'LOG2_BATCH_SIZE': None,
2022-08-20 BST 00:20:59,999 - INFO - 	'BATCH_SHUFFLE': True,
2022-08-20 BST 00:20:59,999 - INFO - 	'N_SAMPLES': 10,
2022-08-20 BST 00:20:59,999 - INFO - 	'MODE': 'max_dag_test_only',
2022-08-20 BST 00:20:59,999 - INFO - 	'AFAS_SCHEDULER': None,
2022-08-20 BST 00:20:59,999 - INFO - 	'MINIZINC_SOLVER': None,
2022-08-20 BST 00:20:59,999 - INFO - 	'f_LINEAR_LAYERS': (),
2022-08-20 BST 00:20:59,999 - INFO - 	'f_BIAS': False,
2022-08-20 BST 00:20:59,999 - INFO - 	'p_LAYER': None,
2022-08-20 BST 00:20:59,999 - INFO - 	'STREAMLINE': False,
2022-08-20 BST 00:21:00,000 - INFO - 	'THRESHOLD': 0.0,
2022-08-20 BST 00:21:00,000 - INFO - 	'h_LINEAR_LAYERS': (),
2022-08-20 BST 00:21:00,000 - INFO - 	'h_NULL': 0.001,
2022-08-20 BST 00:21:00,000 - INFO - 	'h_LR': 0.001,
2022-08-20 BST 00:21:00,000 - INFO - 	'h_OPTIMIZER': 'torch.optim.Adam(overall_net.h_net.parameters(), lr=h.h_LR)',
2022-08-20 BST 00:21:00,000 - INFO - 	'f_LR': 0.0117744218586073,
2022-08-20 BST 00:21:00,000 - INFO - 	'f_OPTIMIZER': 'torch.optim.Adam(overall_net.f_net.parameters(), lr=h.f_LR)',
2022-08-20 BST 00:21:00,000 - INFO - 	'NOISE_TEMPERATURE': 10,
2022-08-20 BST 00:21:00,000 - INFO - 	'NOISE_DISTRIBUTION': 'LogisticNoiseDistribution()',
2022-08-20 BST 00:21:00,000 - INFO - 	'LAMBDA': 10,
2022-08-20 BST 00:21:00,000 - INFO - 	'LOSS_FN': 'torch.nn.MSELoss()',
2022-08-20 BST 00:21:00,000 - INFO - 	'REGULARIZER': None,
2022-08-20 BST 00:21:00,000 - INFO - 	'z_RHO': 0,
2022-08-20 BST 00:21:00,000 - INFO - 	'z_MU': 0,
2022-08-20 BST 00:21:00,000 - INFO - 	'z_REGULARIZER': 'NoTearsZRegularizer(h.D, h.z_RHO, h.z_MU, c.DEVICE)',
2022-08-20 BST 00:21:00,000 - INFO - 	'LR_SCHEDULER': None,
2022-08-20 BST 00:21:00,000 - INFO - 	'DATA_CATEGORY': 'test',
2022-08-20 BST 00:21:00,001 - INFO - 	'DAGS': '030_ER2_gaussian_ev_2022-08-12_BST_09:55:21,293_create_dags'
2022-08-20 BST 00:21:00,001 - INFO - }

2022-08-20 BST 00:21:01,135 - INFO - 

DAG 0: size_true=69	X.var()=185.8479
2022-08-20 BST 00:21:04,249 - INFO -  epoch=   1      train_loss= 175.8833      val_loss=  63.2923      best=1      size=  43      nSHD_c=   2.7667      nSHD=   2.7667      tpr_c=   0.3023      change_adj_count=5      
2022-08-20 BST 00:21:26,707 - INFO -  epoch= 100      train_loss=  86.9662      val_loss=2142.1593      best=1      size=  60      nSHD_c=   2.9667      nSHD=   2.9667      tpr_c=   0.3333      change_adj_count=25      
2022-08-20 BST 00:21:48,849 - INFO -  epoch= 200      train_loss=  71.3817      val_loss=1268.7187      best=1      size=  60      nSHD_c=   2.9667      nSHD=   2.9667      tpr_c=   0.3333      change_adj_count=34      
2022-08-20 BST 00:22:11,523 - INFO -  epoch= 300      train_loss=  58.6110      val_loss= 787.6684      best=1      size=  57      nSHD_c=   2.9000      nSHD=   2.8667      tpr_c=   0.3333      change_adj_count=39      
2022-08-20 BST 00:22:34,281 - INFO -  epoch= 400      train_loss=  49.5568      val_loss= 435.4922      best=1      size=  57      nSHD_c=   2.8000      nSHD=   2.8000      tpr_c=   0.3684      change_adj_count=44      
2022-08-20 BST 00:22:57,532 - INFO -  epoch= 500      train_loss=  43.6661      val_loss= 291.3536      best=1      size=  57      nSHD_c=   2.8000      nSHD=   2.8000      tpr_c=   0.3684      change_adj_count=45      
2022-08-20 BST 00:23:21,633 - INFO -  epoch= 600      train_loss=  39.0075      val_loss= 177.9825      best=1      size=  57      nSHD_c=   2.8000      nSHD=   2.8000      tpr_c=   0.3684      change_adj_count=57      
2022-08-20 BST 00:23:45,541 - INFO -  epoch= 700      train_loss=  34.5539      val_loss= 138.4099      best=1      size=  56      nSHD_c=   2.7667      nSHD=   2.7667      tpr_c=   0.3750      change_adj_count=62      
2022-08-20 BST 00:24:08,961 - INFO -  epoch= 800      train_loss=  30.6531      val_loss= 100.1773      best=1      size=  56      nSHD_c=   2.7667      nSHD=   2.7667      tpr_c=   0.3750      change_adj_count=67      
2022-08-20 BST 00:24:31,818 - INFO -  epoch= 900      train_loss=  27.8165      val_loss=  76.4716      best=1      size=  56      nSHD_c=   2.7667      nSHD=   2.7667      tpr_c=   0.3750      change_adj_count=67      
2022-08-20 BST 00:24:54,577 - INFO -  epoch=1000      train_loss=  27.2718      val_loss=  72.7193      best=1      size=  56      nSHD_c=   2.7667      nSHD=   2.7667      tpr_c=   0.3750      change_adj_count=67      
2022-08-20 BST 00:24:54,578 - INFO - 

DAG 1: size_true=67	X.var()=127.1156
2022-08-20 BST 00:24:54,863 - INFO -  epoch=   1      train_loss= 116.7488      val_loss=  62.7240      best=1      size=  41      nSHD_c=   3.3000      nSHD=   3.3000      tpr_c=   0.0732      change_adj_count=5      
2022-08-20 BST 00:25:17,742 - INFO -  epoch= 100      train_loss=  52.2089      val_loss=1994.8385      best=1      size=  60      nSHD_c=   3.5333      nSHD=   3.5000      tpr_c=   0.1667      change_adj_count=27      
2022-08-20 BST 00:25:41,428 - INFO -  epoch= 200      train_loss=  45.3065      val_loss=1247.3455      best=1      size=  60      nSHD_c=   3.5333      nSHD=   3.5000      tpr_c=   0.1667      change_adj_count=28      
2022-08-20 BST 00:26:04,235 - INFO -  epoch= 300      train_loss=  37.4132      val_loss= 735.6298      best=1      size=  60      nSHD_c=   3.5667      nSHD=   3.5667      tpr_c=   0.1667      change_adj_count=30      
2022-08-20 BST 00:26:27,997 - INFO -  epoch= 400      train_loss=  31.6379      val_loss= 481.6992      best=1      size=  60      nSHD_c=   3.5667      nSHD=   3.5667      tpr_c=   0.1667      change_adj_count=30      
2022-08-20 BST 00:26:51,945 - INFO -  epoch= 500      train_loss=  28.3863      val_loss= 316.8035      best=1      size=  60      nSHD_c=   3.5667      nSHD=   3.5667      tpr_c=   0.1667      change_adj_count=31      
2022-08-20 BST 00:27:16,062 - INFO -  epoch= 600      train_loss=  24.8034      val_loss= 225.2396      best=1      size=  60      nSHD_c=   3.5667      nSHD=   3.5667      tpr_c=   0.1667      change_adj_count=31      
2022-08-20 BST 00:27:40,209 - INFO -  epoch= 700      train_loss=  23.0733      val_loss= 159.6663      best=1      size=  59      nSHD_c=   3.5333      nSHD=   3.5333      tpr_c=   0.1695      change_adj_count=32      
2022-08-20 BST 00:28:04,391 - INFO -  epoch= 800      train_loss=  20.5731      val_loss= 135.5337      best=1      size=  59      nSHD_c=   3.5000      nSHD=   3.4667      tpr_c=   0.1695      change_adj_count=33      
2022-08-20 BST 00:28:28,833 - INFO -  epoch= 900      train_loss=  19.8998      val_loss=  95.9745      best=1      size=  59      nSHD_c=   3.4667      nSHD=   3.4000      tpr_c=   0.1695      change_adj_count=34      
2022-08-20 BST 00:28:52,575 - INFO -  epoch=1000      train_loss=  19.1216      val_loss=  87.3315      best=1      size=  59      nSHD_c=   3.4667      nSHD=   3.4000      tpr_c=   0.1695      change_adj_count=35      
2022-08-20 BST 00:28:52,587 - INFO - 

DAG 2: size_true=64	X.var()=25.7432
2022-08-20 BST 00:28:52,850 - INFO -  epoch=   1      train_loss=  24.3396      val_loss=  16.9450      best=1      size=  47      nSHD_c=   3.0667      nSHD=   3.0667      tpr_c=   0.1064      change_adj_count=5      
2022-08-20 BST 00:28:53,136 - INFO -  epoch=   2      train_loss=  22.6953      val_loss=  11.3340      best=1      size=  48      nSHD_c=   2.7333      nSHD=   2.6667      tpr_c=   0.2708      change_adj_count=6      
2022-08-20 BST 00:29:16,516 - INFO -  epoch= 100      train_loss=  18.2444      val_loss=  72.3429      best=1      size=  57      nSHD_c=   2.7667      nSHD=   2.6333      tpr_c=   0.2982      change_adj_count=29      
2022-08-20 BST 00:29:39,916 - INFO -  epoch= 200      train_loss=  16.7325      val_loss=  57.4743      best=1      size=  56      nSHD_c=   2.7333      nSHD=   2.6000      tpr_c=   0.3036      change_adj_count=34      
2022-08-20 BST 00:30:03,384 - INFO -  epoch= 300      train_loss=  15.6875      val_loss=  42.5998      best=1      size=  56      nSHD_c=   2.7333      nSHD=   2.6000      tpr_c=   0.3036      change_adj_count=38      
2022-08-20 BST 00:30:26,544 - INFO -  epoch= 400      train_loss=  14.4800      val_loss=  32.1367      best=1      size=  56      nSHD_c=   2.7333      nSHD=   2.6000      tpr_c=   0.3036      change_adj_count=44      
2022-08-20 BST 00:30:49,473 - INFO -  epoch= 500      train_loss=  13.2323      val_loss=  26.9787      best=1      size=  56      nSHD_c=   2.7333      nSHD=   2.6000      tpr_c=   0.3036      change_adj_count=44      
2022-08-20 BST 00:31:12,481 - INFO -  epoch= 600      train_loss=  12.2999      val_loss=  21.6515      best=1      size=  55      nSHD_c=   2.7000      nSHD=   2.5667      tpr_c=   0.3091      change_adj_count=45      
2022-08-20 BST 00:31:35,921 - INFO -  epoch= 700      train_loss=  11.5016      val_loss=  17.2772      best=1      size=  55      nSHD_c=   2.6333      nSHD=   2.5000      tpr_c=   0.3273      change_adj_count=46      
2022-08-20 BST 00:31:59,635 - INFO -  epoch= 800      train_loss=  10.3664      val_loss=  12.7777      best=1      size=  55      nSHD_c=   2.5333      nSHD=   2.4333      tpr_c=   0.3636      change_adj_count=47      
2022-08-20 BST 00:32:23,564 - INFO -  epoch= 900      train_loss=   9.6720      val_loss=  11.0262      best=1      size=  55      nSHD_c=   2.5333      nSHD=   2.4333      tpr_c=   0.3636      change_adj_count=47      
2022-08-20 BST 00:32:47,980 - INFO -  epoch=1000      train_loss=   9.1152      val_loss=   9.8340      best=1      size=  53      nSHD_c=   2.3667      nSHD=   2.3000      tpr_c=   0.4151      change_adj_count=54      
2022-08-20 BST 00:32:47,982 - INFO - 

DAG 3: size_true=63	X.var()=265.9248
2022-08-20 BST 00:32:48,248 - INFO -  epoch=   1      train_loss= 225.2891      val_loss=  71.1249      best=1      size=  39      nSHD_c=   2.9667      nSHD=   2.9667      tpr_c=   0.1026      change_adj_count=5      
2022-08-20 BST 00:33:11,805 - INFO -  epoch= 100      train_loss= 108.3591      val_loss=3106.8103      best=1      size=  60      nSHD_c=   3.4000      nSHD=   3.3667      tpr_c=   0.1500      change_adj_count=52      
2022-08-20 BST 00:33:35,279 - INFO -  epoch= 200      train_loss=  92.7334      val_loss=1884.5770      best=1      size=  57      nSHD_c=   3.4000      nSHD=   3.4000      tpr_c=   0.1404      change_adj_count=63      
2022-08-20 BST 00:33:58,688 - INFO -  epoch= 300      train_loss=  75.0349      val_loss=1277.2167      best=1      size=  56      nSHD_c=   3.3333      nSHD=   3.3000      tpr_c=   0.1429      change_adj_count=75      
2022-08-20 BST 00:34:22,187 - INFO -  epoch= 400      train_loss=  66.4836      val_loss= 703.4413      best=1      size=  54      nSHD_c=   3.1667      nSHD=   3.1667      tpr_c=   0.1852      change_adj_count=86      
2022-08-20 BST 00:34:45,835 - INFO -  epoch= 500      train_loss=  60.0743      val_loss= 555.9530      best=1      size=  54      nSHD_c=   3.1667      nSHD=   3.1667      tpr_c=   0.1852      change_adj_count=87      
2022-08-20 BST 00:35:09,997 - INFO -  epoch= 600      train_loss=  51.3642      val_loss= 387.4649      best=1      size=  53      nSHD_c=   3.1333      nSHD=   3.1333      tpr_c=   0.1887      change_adj_count=89      
2022-08-20 BST 00:35:33,965 - INFO -  epoch= 700      train_loss=  46.8164      val_loss= 259.4873      best=1      size=  51      nSHD_c=   3.0667      nSHD=   3.0667      tpr_c=   0.1961      change_adj_count=91      
2022-08-20 BST 00:35:57,668 - INFO -  epoch= 800      train_loss=  44.4200      val_loss= 199.2780      best=1      size=  51      nSHD_c=   3.0667      nSHD=   3.0667      tpr_c=   0.1961      change_adj_count=91      
2022-08-20 BST 00:36:21,540 - INFO -  epoch= 900      train_loss=  41.1454      val_loss= 182.9904      best=1      size=  50      nSHD_c=   3.0333      nSHD=   3.0333      tpr_c=   0.2000      change_adj_count=95      
2022-08-20 BST 00:36:45,676 - INFO -  epoch=1000      train_loss=  38.8510      val_loss= 153.7500      best=1      size=  50      nSHD_c=   3.0667      nSHD=   3.0667      tpr_c=   0.1800      change_adj_count=99      
2022-08-20 BST 00:36:45,678 - INFO - 

DAG 4: size_true=48	X.var()=47.3993
2022-08-20 BST 00:36:45,982 - INFO -  epoch=   1      train_loss=  44.3693      val_loss=  19.3523      best=1      size=  42      nSHD_c=   2.5333      nSHD=   2.5333      tpr_c=   0.1429      change_adj_count=5      
2022-08-20 BST 00:37:09,428 - INFO -  epoch= 100      train_loss=  27.9926      val_loss= 346.3986      best=1      size=  59      nSHD_c=   2.5667      nSHD=   2.5667      tpr_c=   0.2542      change_adj_count=26      
2022-08-20 BST 00:37:32,798 - INFO -  epoch= 200      train_loss=  24.4800      val_loss= 238.5565      best=1      size=  58      nSHD_c=   2.5333      nSHD=   2.5333      tpr_c=   0.2586      change_adj_count=38      
2022-08-20 BST 00:37:56,424 - INFO -  epoch= 300      train_loss=  22.4441      val_loss= 166.6367      best=1      size=  57      nSHD_c=   2.5000      nSHD=   2.5000      tpr_c=   0.2632      change_adj_count=41      
2022-08-20 BST 00:38:19,934 - INFO -  epoch= 400      train_loss=  20.4506      val_loss= 126.9894      best=1      size=  57      nSHD_c=   2.5000      nSHD=   2.5000      tpr_c=   0.2632      change_adj_count=42      
2022-08-20 BST 00:38:43,595 - INFO -  epoch= 500      train_loss=  17.4047      val_loss=  74.3568      best=1      size=  55      nSHD_c=   2.4667      nSHD=   2.4333      tpr_c=   0.2545      change_adj_count=45      
2022-08-20 BST 00:39:07,446 - INFO -  epoch= 600      train_loss=  15.9181      val_loss=  56.1829      best=1      size=  56      nSHD_c=   2.4667      nSHD=   2.4667      tpr_c=   0.2679      change_adj_count=45      
2022-08-20 BST 00:39:31,360 - INFO -  epoch= 700      train_loss=  14.8154      val_loss=  43.2558      best=1      size=  55      nSHD_c=   2.4000      nSHD=   2.3667      tpr_c=   0.2727      change_adj_count=48      
2022-08-20 BST 00:39:55,237 - INFO -  epoch= 800      train_loss=  13.5986      val_loss=  30.5314      best=1      size=  54      nSHD_c=   2.3667      nSHD=   2.3333      tpr_c=   0.2778      change_adj_count=50      
2022-08-20 BST 00:40:18,876 - INFO -  epoch= 900      train_loss=  12.5068      val_loss=  22.1847      best=1      size=  53      nSHD_c=   2.2667      nSHD=   2.2333      tpr_c=   0.3019      change_adj_count=52      
2022-08-20 BST 00:40:42,355 - INFO -  epoch=1000      train_loss=  11.6220      val_loss=  19.5796      best=1      size=  52      nSHD_c=   2.2000      nSHD=   2.2000      tpr_c=   0.3269      change_adj_count=54      
2022-08-20 BST 00:40:42,357 - INFO - 

DAG 5: size_true=57	X.var()=54.7286
2022-08-20 BST 00:40:42,689 - INFO -  epoch=   1      train_loss=  54.0015      val_loss=  29.2566      best=1      size=  47      nSHD_c=   2.7667      nSHD=   2.7667      tpr_c=   0.1702      change_adj_count=5      
2022-08-20 BST 00:41:06,125 - INFO -  epoch= 100      train_loss=  35.6664      val_loss= 341.4078      best=1      size=  54      nSHD_c=   2.8000      nSHD=   2.7333      tpr_c=   0.2222      change_adj_count=41      
2022-08-20 BST 00:41:29,844 - INFO -  epoch= 200      train_loss=  30.0837      val_loss= 220.5625      best=1      size=  52      nSHD_c=   2.7333      nSHD=   2.6667      tpr_c=   0.2308      change_adj_count=48      
2022-08-20 BST 00:41:53,245 - INFO -  epoch= 300      train_loss=  27.5836      val_loss= 154.0069      best=1      size=  52      nSHD_c=   2.7333      nSHD=   2.6667      tpr_c=   0.2308      change_adj_count=48      
2022-08-20 BST 00:42:16,514 - INFO -  epoch= 400      train_loss=  23.4243      val_loss= 105.2754      best=1      size=  52      nSHD_c=   2.7333      nSHD=   2.6667      tpr_c=   0.2308      change_adj_count=49      
2022-08-20 BST 00:42:39,970 - INFO -  epoch= 500      train_loss=  20.6026      val_loss=  65.5780      best=1      size=  53      nSHD_c=   2.7333      nSHD=   2.6333      tpr_c=   0.2264      change_adj_count=50      
2022-08-20 BST 00:43:03,672 - INFO -  epoch= 600      train_loss=  17.7743      val_loss=  46.9740      best=1      size=  55      nSHD_c=   2.7333      nSHD=   2.6333      tpr_c=   0.2364      change_adj_count=52      
2022-08-20 BST 00:43:27,135 - INFO -  epoch= 700      train_loss=  16.5528      val_loss=  35.6601      best=1      size=  54      nSHD_c=   2.7000      nSHD=   2.6000      tpr_c=   0.2407      change_adj_count=55      
2022-08-20 BST 00:43:50,827 - INFO -  epoch= 800      train_loss=  14.2377      val_loss=  27.3621      best=1      size=  54      nSHD_c=   2.7000      nSHD=   2.6000      tpr_c=   0.2407      change_adj_count=55      
2022-08-20 BST 00:44:06,892 - INFO -  epoch= 868      train_loss=  13.0788      val_loss=  22.5853      best=1      size=  54      nSHD_c=   2.7000      nSHD=   2.6000      tpr_c=   0.2407      change_adj_count=56      
2022-08-20 BST 00:44:10,182 - INFO -  epoch= 882      train_loss=  13.5119      val_loss=  21.2817      best=1      size=  54      nSHD_c=   2.7000      nSHD=   2.6000      tpr_c=   0.2407      change_adj_count=56      
2022-08-20 BST 00:44:10,713 - INFO -  epoch= 884      train_loss=  12.9181      val_loss=  21.0240      best=1      size=  54      nSHD_c=   2.7000      nSHD=   2.6000      tpr_c=   0.2407      change_adj_count=56      
2022-08-20 BST 00:44:10,970 - INFO -  epoch= 885      train_loss=  13.9974      val_loss=  21.0713      best=1      size=  54      nSHD_c=   2.7000      nSHD=   2.6000      tpr_c=   0.2407      change_adj_count=56      
2022-08-20 BST 00:44:11,910 - INFO -  epoch= 889      train_loss=  13.5024      val_loss=  18.6312      best=1      size=  54      nSHD_c=   2.7000      nSHD=   2.6000      tpr_c=   0.2407      change_adj_count=56      
2022-08-20 BST 00:44:14,600 - INFO -  epoch= 900      train_loss=  12.8540      val_loss=  19.2655      best=1      size=  54      nSHD_c=   2.7000      nSHD=   2.6000      tpr_c=   0.2407      change_adj_count=56      
2022-08-20 BST 00:44:21,951 - INFO -  epoch= 931      train_loss=  12.7916      val_loss=  18.7146      best=1      size=  54      nSHD_c=   2.7000      nSHD=   2.6000      tpr_c=   0.2407      change_adj_count=56      
2022-08-20 BST 00:44:25,634 - INFO -  epoch= 946      train_loss=  12.5234      val_loss=  18.0257      best=1      size=  54      nSHD_c=   2.6667      nSHD=   2.5333      tpr_c=   0.2407      change_adj_count=57      
2022-08-20 BST 00:44:26,137 - INFO -  epoch= 948      train_loss=  12.5071      val_loss=  17.0195      best=1      size=  54      nSHD_c=   2.6667      nSHD=   2.5333      tpr_c=   0.2407      change_adj_count=57      
2022-08-20 BST 00:44:31,116 - INFO -  epoch= 968      train_loss=  12.3175      val_loss=  17.3268      best=1      size=  54      nSHD_c=   2.6667      nSHD=   2.5333      tpr_c=   0.2407      change_adj_count=57      
2022-08-20 BST 00:44:36,471 - INFO -  epoch= 990      train_loss=  12.2527      val_loss=  17.8705      best=1      size=  54      nSHD_c=   2.6667      nSHD=   2.5333      tpr_c=   0.2407      change_adj_count=57      
2022-08-20 BST 00:44:38,123 - INFO -  epoch= 997      train_loss=  11.9800      val_loss=  15.2358      best=1      size=  54      nSHD_c=   2.6667      nSHD=   2.5333      tpr_c=   0.2407      change_adj_count=57      
2022-08-20 BST 00:44:38,910 - INFO -  epoch=1000      train_loss=  12.4153      val_loss=  16.9750      best=1      size=  54      nSHD_c=   2.6667      nSHD=   2.5333      tpr_c=   0.2407      change_adj_count=57      
2022-08-20 BST 00:44:38,910 - INFO - 

DAG 6: size_true=64	X.var()=29.7229
2022-08-20 BST 00:44:39,207 - INFO -  epoch=   1      train_loss=  27.1418      val_loss=  15.9009      best=1      size=  47      nSHD_c=   3.3000      nSHD=   3.2667      tpr_c=   0.0638      change_adj_count=5      
2022-08-20 BST 00:45:02,580 - INFO -  epoch= 100      train_loss=  19.2295      val_loss= 123.5708      best=1      size=  55      nSHD_c=   3.0333      nSHD=   2.9667      tpr_c=   0.2182      change_adj_count=41      
2022-08-20 BST 00:45:25,896 - INFO -  epoch= 200      train_loss=  17.8629      val_loss=  88.7003      best=1      size=  55      nSHD_c=   3.0667      nSHD=   2.9667      tpr_c=   0.2000      change_adj_count=58      
2022-08-20 BST 00:45:48,706 - INFO -  epoch= 300      train_loss=  16.7754      val_loss=  66.6657      best=1      size=  55      nSHD_c=   3.0667      nSHD=   2.9667      tpr_c=   0.2000      change_adj_count=60      
2022-08-20 BST 00:46:12,040 - INFO -  epoch= 400      train_loss=  15.4324      val_loss=  53.5498      best=1      size=  53      nSHD_c=   2.9667      nSHD=   2.9000      tpr_c=   0.2264      change_adj_count=62      
2022-08-20 BST 00:46:35,321 - INFO -  epoch= 500      train_loss=  14.4795      val_loss=  36.7547      best=1      size=  53      nSHD_c=   2.9333      nSHD=   2.8333      tpr_c=   0.2264      change_adj_count=64      
2022-08-20 BST 00:46:58,601 - INFO -  epoch= 600      train_loss=  13.4261      val_loss=  28.0008      best=1      size=  53      nSHD_c=   2.9333      nSHD=   2.8333      tpr_c=   0.2264      change_adj_count=64      
2022-08-20 BST 00:47:21,856 - INFO -  epoch= 700      train_loss=  12.3362      val_loss=  22.8717      best=1      size=  52      nSHD_c=   2.9000      nSHD=   2.8000      tpr_c=   0.2308      change_adj_count=65      
2022-08-20 BST 00:47:45,241 - INFO -  epoch= 800      train_loss=  11.6761      val_loss=  19.2596      best=1      size=  52      nSHD_c=   2.9000      nSHD=   2.8000      tpr_c=   0.2308      change_adj_count=65      
2022-08-20 BST 00:48:08,531 - INFO -  epoch= 900      train_loss=  10.9411      val_loss=  15.6551      best=1      size=  52      nSHD_c=   2.8667      nSHD=   2.7333      tpr_c=   0.2308      change_adj_count=66      
2022-08-20 BST 00:48:32,010 - INFO -  epoch=1000      train_loss=  10.2172      val_loss=  14.5704      best=1      size=  52      nSHD_c=   2.8333      nSHD=   2.7000      tpr_c=   0.2500      change_adj_count=66      
2022-08-20 BST 00:48:32,011 - INFO - 

DAG 7: size_true=62	X.var()=55.6800
2022-08-20 BST 00:48:32,253 - INFO -  epoch=   1      train_loss=  49.7305      val_loss=  31.4375      best=1      size=  38      nSHD_c=   2.9667      nSHD=   2.9333      tpr_c=   0.0789      change_adj_count=5      
2022-08-20 BST 00:48:55,470 - INFO -  epoch= 100      train_loss=  26.3853      val_loss= 608.7826      best=1      size=  51      nSHD_c=   3.1667      nSHD=   3.1667      tpr_c=   0.1569      change_adj_count=27      
2022-08-20 BST 00:49:18,951 - INFO -  epoch= 200      train_loss=  23.6452      val_loss= 422.0559      best=1      size=  51      nSHD_c=   3.1667      nSHD=   3.1667      tpr_c=   0.1569      change_adj_count=27      
2022-08-20 BST 00:49:41,807 - INFO -  epoch= 300      train_loss=  21.6325      val_loss= 255.0910      best=1      size=  51      nSHD_c=   3.1333      nSHD=   3.1000      tpr_c=   0.1569      change_adj_count=30      
2022-08-20 BST 00:50:05,354 - INFO -  epoch= 400      train_loss=  18.5299      val_loss= 179.0832      best=1      size=  51      nSHD_c=   3.1333      nSHD=   3.1000      tpr_c=   0.1569      change_adj_count=37      
2022-08-20 BST 00:50:28,891 - INFO -  epoch= 500      train_loss=  17.1395      val_loss= 114.7189      best=1      size=  51      nSHD_c=   3.2000      nSHD=   3.1667      tpr_c=   0.1373      change_adj_count=39      
2022-08-20 BST 00:50:52,361 - INFO -  epoch= 600      train_loss=  15.8536      val_loss=  80.5203      best=1      size=  50      nSHD_c=   3.1333      nSHD=   3.1333      tpr_c=   0.1600      change_adj_count=46      
2022-08-20 BST 00:51:15,749 - INFO -  epoch= 700      train_loss=  14.6248      val_loss=  61.2076      best=1      size=  50      nSHD_c=   3.1333      nSHD=   3.1333      tpr_c=   0.1600      change_adj_count=46      
2022-08-20 BST 00:51:39,606 - INFO -  epoch= 800      train_loss=  13.3993      val_loss=  47.4457      best=1      size=  50      nSHD_c=   3.1333      nSHD=   3.1333      tpr_c=   0.1600      change_adj_count=47      
2022-08-20 BST 00:52:03,122 - INFO -  epoch= 900      train_loss=  12.7324      val_loss=  33.5548      best=1      size=  49      nSHD_c=   3.0333      nSHD=   3.0333      tpr_c=   0.1837      change_adj_count=50      
2022-08-20 BST 00:52:26,496 - INFO -  epoch=1000      train_loss=  12.1030      val_loss=  30.3374      best=1      size=  48      nSHD_c=   3.0000      nSHD=   3.0000      tpr_c=   0.1875      change_adj_count=53      
2022-08-20 BST 00:52:26,538 - INFO - 

DAG 8: size_true=63	X.var()=39.3378
2022-08-20 BST 00:52:26,803 - INFO -  epoch=   1      train_loss=  37.1779      val_loss=  18.1269      best=1      size=  46      nSHD_c=   3.1000      nSHD=   3.1000      tpr_c=   0.1522      change_adj_count=5      
2022-08-20 BST 00:52:49,934 - INFO -  epoch= 100      train_loss=  25.3474      val_loss= 205.5820      best=1      size=  57      nSHD_c=   3.0667      nSHD=   3.0667      tpr_c=   0.2456      change_adj_count=20      
2022-08-20 BST 00:53:13,515 - INFO -  epoch= 200      train_loss=  21.8695      val_loss= 134.0225      best=1      size=  57      nSHD_c=   3.0667      nSHD=   3.0667      tpr_c=   0.2456      change_adj_count=23      
2022-08-20 BST 00:53:36,991 - INFO -  epoch= 300      train_loss=  19.6413      val_loss= 104.6166      best=1      size=  58      nSHD_c=   3.0667      nSHD=   3.0333      tpr_c=   0.2414      change_adj_count=27      
2022-08-20 BST 00:54:00,366 - INFO -  epoch= 400      train_loss=  17.8965      val_loss=  68.3716      best=1      size=  57      nSHD_c=   3.0667      nSHD=   3.0000      tpr_c=   0.2281      change_adj_count=28      
2022-08-20 BST 00:54:23,597 - INFO -  epoch= 500      train_loss=  15.9709      val_loss=  53.4435      best=1      size=  58      nSHD_c=   3.0333      nSHD=   2.9667      tpr_c=   0.2414      change_adj_count=29      
2022-08-20 BST 00:54:47,310 - INFO -  epoch= 600      train_loss=  14.4614      val_loss=  34.9789      best=1      size=  56      nSHD_c=   3.0333      nSHD=   2.9667      tpr_c=   0.2321      change_adj_count=31      
2022-08-20 BST 00:55:10,448 - INFO -  epoch= 700      train_loss=  13.6523      val_loss=  28.0959      best=1      size=  56      nSHD_c=   3.0000      nSHD=   2.9000      tpr_c=   0.2321      change_adj_count=32      
2022-08-20 BST 00:55:34,069 - INFO -  epoch= 800      train_loss=  12.4222      val_loss=  19.2757      best=1      size=  57      nSHD_c=   3.0000      nSHD=   2.8667      tpr_c=   0.2281      change_adj_count=33      
2022-08-20 BST 00:55:57,143 - INFO -  epoch= 900      train_loss=  11.4999      val_loss=  17.2948      best=1      size=  57      nSHD_c=   3.0000      nSHD=   2.8667      tpr_c=   0.2281      change_adj_count=33      
2022-08-20 BST 00:56:20,853 - INFO -  epoch=1000      train_loss=  10.9881      val_loss=  14.3784      best=1      size=  57      nSHD_c=   3.0000      nSHD=   2.8667      tpr_c=   0.2281      change_adj_count=33      
2022-08-20 BST 00:56:20,856 - INFO - 

DAG 9: size_true=61	X.var()=94.6254
2022-08-20 BST 00:56:21,162 - INFO -  epoch=   1      train_loss=  84.5766      val_loss=  57.7189      best=1      size=  39      nSHD_c=   3.0000      nSHD=   3.0000      tpr_c=   0.0513      change_adj_count=5      
2022-08-20 BST 00:56:44,615 - INFO -  epoch= 100      train_loss=  47.3616      val_loss= 899.6461      best=1      size=  56      nSHD_c=   3.2667      nSHD=   3.2667      tpr_c=   0.1607      change_adj_count=26      
2022-08-20 BST 00:57:07,689 - INFO -  epoch= 200      train_loss=  42.6034      val_loss= 568.7949      best=1      size=  56      nSHD_c=   3.2667      nSHD=   3.2667      tpr_c=   0.1607      change_adj_count=28      
2022-08-20 BST 00:57:31,005 - INFO -  epoch= 300      train_loss=  36.8160      val_loss= 367.4495      best=1      size=  56      nSHD_c=   3.2333      nSHD=   3.2000      tpr_c=   0.1607      change_adj_count=30      
2022-08-20 BST 00:57:54,211 - INFO -  epoch= 400      train_loss=  33.2144      val_loss= 244.4872      best=1      size=  55      nSHD_c=   3.2000      nSHD=   3.1667      tpr_c=   0.1636      change_adj_count=40      
2022-08-20 BST 00:58:17,797 - INFO -  epoch= 500      train_loss=  29.2730      val_loss= 142.1637      best=1      size=  54      nSHD_c=   3.1667      nSHD=   3.1333      tpr_c=   0.1667      change_adj_count=43      
2022-08-20 BST 00:58:41,095 - INFO -  epoch= 600      train_loss=  26.7760      val_loss= 108.8435      best=1      size=  52      nSHD_c=   3.1000      nSHD=   3.0667      tpr_c=   0.1731      change_adj_count=46      
2022-08-20 BST 00:59:04,616 - INFO -  epoch= 700      train_loss=  24.0630      val_loss=  78.2271      best=1      size=  52      nSHD_c=   3.0667      nSHD=   3.0000      tpr_c=   0.1731      change_adj_count=49      
2022-08-20 BST 00:59:28,267 - INFO -  epoch= 800      train_loss=  23.1299      val_loss=  64.5862      best=1      size=  52      nSHD_c=   3.0333      nSHD=   3.0000      tpr_c=   0.1923      change_adj_count=51      
2022-08-20 BST 00:59:52,272 - INFO -  epoch= 900      train_loss=  21.4339      val_loss=  50.6495      best=1      size=  53      nSHD_c=   3.0000      nSHD=   2.9667      tpr_c=   0.2075      change_adj_count=56      
2022-08-20 BST 01:00:15,653 - INFO -  epoch=1000      train_loss=  19.3209      val_loss=  45.3117      best=1      size=  52      nSHD_c=   2.9333      nSHD=   2.8667      tpr_c=   0.2115      change_adj_count=61      
2022-08-20 BST 01:00:15,657 - INFO - 

DAG 10: size_true=51	X.var()=18.9170
2022-08-20 BST 01:00:15,945 - INFO -  epoch=   1      train_loss=  17.7832      val_loss=  10.8633      best=1      size=  43      nSHD_c=   2.6333      nSHD=   2.6000      tpr_c=   0.1163      change_adj_count=5      
2022-08-20 BST 01:00:39,301 - INFO -  epoch= 100      train_loss=  13.5269      val_loss=  64.5845      best=1      size=  51      nSHD_c=   2.5000      nSHD=   2.4333      tpr_c=   0.2353      change_adj_count=30      
2022-08-20 BST 01:01:02,987 - INFO -  epoch= 200      train_loss=  12.6873      val_loss=  51.7757      best=1      size=  51      nSHD_c=   2.5000      nSHD=   2.4333      tpr_c=   0.2353      change_adj_count=42      
2022-08-20 BST 01:01:26,662 - INFO -  epoch= 300      train_loss=  11.9614      val_loss=  43.0842      best=1      size=  52      nSHD_c=   2.5333      nSHD=   2.4667      tpr_c=   0.2308      change_adj_count=45      
2022-08-20 BST 01:01:49,855 - INFO -  epoch= 400      train_loss=  10.9772      val_loss=  31.2137      best=1      size=  53      nSHD_c=   2.5000      nSHD=   2.4333      tpr_c=   0.2453      change_adj_count=46      
2022-08-20 BST 01:02:13,653 - INFO -  epoch= 500      train_loss=  10.3160      val_loss=  24.7617      best=1      size=  53      nSHD_c=   2.5000      nSHD=   2.4333      tpr_c=   0.2453      change_adj_count=46      
2022-08-20 BST 01:02:37,066 - INFO -  epoch= 600      train_loss=   9.6123      val_loss=  19.1220      best=1      size=  53      nSHD_c=   2.5000      nSHD=   2.4333      tpr_c=   0.2453      change_adj_count=47      
2022-08-20 BST 01:03:00,504 - INFO -  epoch= 700      train_loss=   8.9598      val_loss=  15.1729      best=1      size=  53      nSHD_c=   2.4667      nSHD=   2.3667      tpr_c=   0.2453      change_adj_count=48      
2022-08-20 BST 01:03:23,978 - INFO -  epoch= 800      train_loss=   8.4126      val_loss=  12.7332      best=1      size=  53      nSHD_c=   2.4667      nSHD=   2.3667      tpr_c=   0.2453      change_adj_count=48      
2022-08-20 BST 01:03:47,838 - INFO -  epoch= 900      train_loss=   7.8429      val_loss=  10.6614      best=1      size=  53      nSHD_c=   2.4667      nSHD=   2.3667      tpr_c=   0.2453      change_adj_count=48      
2022-08-20 BST 01:04:11,031 - INFO -  epoch=1000      train_loss=   7.3841      val_loss=   9.1930      best=1      size=  53      nSHD_c=   2.3000      nSHD=   2.2333      tpr_c=   0.3019      change_adj_count=52      
2022-08-20 BST 01:04:11,052 - INFO - 

DAG 11: size_true=68	X.var()=127.5135
2022-08-20 BST 01:04:11,315 - INFO -  epoch=   1      train_loss= 119.6648      val_loss=  55.3814      best=1      size=  43      nSHD_c=   3.0000      nSHD=   3.0000      tpr_c=   0.2326      change_adj_count=5      
2022-08-20 BST 01:04:32,295 - INFO -  epoch= 100      train_loss=  62.0243      val_loss=1222.7125      best=1      size=  61      nSHD_c=   3.5333      nSHD=   3.5000      tpr_c=   0.1803      change_adj_count=26      
2022-08-20 BST 01:04:55,340 - INFO -  epoch= 200      train_loss=  53.5376      val_loss= 838.5449      best=1      size=  61      nSHD_c=   3.4667      nSHD=   3.4333      tpr_c=   0.1967      change_adj_count=29      
2022-08-20 BST 01:05:18,234 - INFO -  epoch= 300      train_loss=  45.6549      val_loss= 470.1475      best=1      size=  60      nSHD_c=   3.4333      nSHD=   3.4000      tpr_c=   0.2000      change_adj_count=33      
2022-08-20 BST 01:05:41,335 - INFO -  epoch= 400      train_loss=  38.6401      val_loss= 322.2741      best=1      size=  59      nSHD_c=   3.4000      nSHD=   3.3667      tpr_c=   0.2034      change_adj_count=34      
2022-08-20 BST 01:06:04,764 - INFO -  epoch= 500      train_loss=  33.8739      val_loss= 196.0514      best=1      size=  58      nSHD_c=   3.3667      nSHD=   3.3333      tpr_c=   0.2069      change_adj_count=35      
2022-08-20 BST 01:06:28,318 - INFO -  epoch= 600      train_loss=  29.0442      val_loss= 132.9349      best=1      size=  57      nSHD_c=   3.3333      nSHD=   3.3000      tpr_c=   0.2105      change_adj_count=39      
2022-08-20 BST 01:06:51,644 - INFO -  epoch= 700      train_loss=  26.3131      val_loss=  96.0558      best=1      size=  57      nSHD_c=   3.2667      nSHD=   3.2333      tpr_c=   0.2281      change_adj_count=41      
2022-08-20 BST 01:07:15,258 - INFO -  epoch= 800      train_loss=  24.1272      val_loss=  74.9711      best=1      size=  56      nSHD_c=   3.2333      nSHD=   3.2000      tpr_c=   0.2321      change_adj_count=43      
2022-08-20 BST 01:07:39,224 - INFO -  epoch= 900      train_loss=  22.6401      val_loss=  59.5053      best=1      size=  55      nSHD_c=   3.1667      nSHD=   3.1000      tpr_c=   0.2364      change_adj_count=46      
2022-08-20 BST 01:08:03,149 - INFO -  epoch=1000      train_loss=  20.5019      val_loss=  38.4912      best=1      size=  55      nSHD_c=   3.2000      nSHD=   3.1333      tpr_c=   0.2182      change_adj_count=46      
2022-08-20 BST 01:08:03,150 - INFO - 

DAG 12: size_true=53	X.var()=15.8398
2022-08-20 BST 01:08:03,452 - INFO -  epoch=   1      train_loss=  15.1069      val_loss=   9.1751      best=1      size=  45      nSHD_c=   2.4667      nSHD=   2.4000      tpr_c=   0.1556      change_adj_count=5      
2022-08-20 BST 01:08:26,479 - INFO -  epoch= 100      train_loss=  11.3336      val_loss=  57.7317      best=1      size=  47      nSHD_c=   2.3667      nSHD=   2.3333      tpr_c=   0.2766      change_adj_count=43      
2022-08-20 BST 01:08:49,774 - INFO -  epoch= 200      train_loss=  10.5016      val_loss=  47.2550      best=1      size=  49      nSHD_c=   2.3667      nSHD=   2.3333      tpr_c=   0.2857      change_adj_count=73      
2022-08-20 BST 01:09:13,247 - INFO -  epoch= 300      train_loss=   9.5882      val_loss=  39.1041      best=1      size=  50      nSHD_c=   2.3667      nSHD=   2.3667      tpr_c=   0.3000      change_adj_count=79      
2022-08-20 BST 01:09:36,784 - INFO -  epoch= 400      train_loss=   8.9549      val_loss=  27.2583      best=1      size=  49      nSHD_c=   2.3667      nSHD=   2.3333      tpr_c=   0.2857      change_adj_count=93      
2022-08-20 BST 01:09:59,767 - INFO -  epoch= 500      train_loss=   7.9616      val_loss=  19.7752      best=1      size=  50      nSHD_c=   2.3667      nSHD=   2.3000      tpr_c=   0.2800      change_adj_count=97      
2022-08-20 BST 01:10:22,727 - INFO -  epoch= 600      train_loss=   7.6315      val_loss=  16.0492      best=1      size=  51      nSHD_c=   2.3667      nSHD=   2.3333      tpr_c=   0.2941      change_adj_count=100      
2022-08-20 BST 01:10:46,504 - INFO -  epoch= 700      train_loss=   7.1341      val_loss=  11.9234      best=1      size=  52      nSHD_c=   2.2333      nSHD=   2.2333      tpr_c=   0.3462      change_adj_count=107      
2022-08-20 BST 01:11:09,765 - INFO -  epoch= 800      train_loss=   6.7422      val_loss=  10.0496      best=1      size=  51      nSHD_c=   2.2000      nSHD=   2.2000      tpr_c=   0.3529      change_adj_count=108      
2022-08-20 BST 01:11:32,962 - INFO -  epoch= 900      train_loss=   6.3091      val_loss=   7.1403      best=1      size=  51      nSHD_c=   2.2000      nSHD=   2.2000      tpr_c=   0.3529      change_adj_count=108      
2022-08-20 BST 01:11:55,968 - INFO -  epoch=1000      train_loss=   5.8709      val_loss=   5.9082      best=1      size=  51      nSHD_c=   2.2000      nSHD=   2.2000      tpr_c=   0.3529      change_adj_count=108      
2022-08-20 BST 01:11:55,977 - INFO - 

DAG 13: size_true=53	X.var()=112.2632
2022-08-20 BST 01:11:56,269 - INFO -  epoch=   1      train_loss= 106.1553      val_loss=  29.5128      best=1      size=  38      nSHD_c=   2.5667      nSHD=   2.5333      tpr_c=   0.1316      change_adj_count=5      
2022-08-20 BST 01:12:19,240 - INFO -  epoch= 100      train_loss=  53.1904      val_loss=1231.3537      best=1      size=  51      nSHD_c=   2.7667      nSHD=   2.7667      tpr_c=   0.1961      change_adj_count=34      
2022-08-20 BST 01:12:42,428 - INFO -  epoch= 200      train_loss=  44.7438      val_loss= 815.2841      best=1      size=  51      nSHD_c=   2.7667      nSHD=   2.7667      tpr_c=   0.1961      change_adj_count=34      
2022-08-20 BST 01:13:05,958 - INFO -  epoch= 300      train_loss=  36.7056      val_loss= 515.5059      best=1      size=  51      nSHD_c=   2.7667      nSHD=   2.7667      tpr_c=   0.1961      change_adj_count=39      
2022-08-20 BST 01:13:29,039 - INFO -  epoch= 400      train_loss=  32.2956      val_loss= 294.2663      best=1      size=  51      nSHD_c=   2.7667      nSHD=   2.7667      tpr_c=   0.1961      change_adj_count=43      
2022-08-20 BST 01:13:52,502 - INFO -  epoch= 500      train_loss=  27.0377      val_loss= 206.9005      best=1      size=  49      nSHD_c=   2.7333      nSHD=   2.7000      tpr_c=   0.1837      change_adj_count=46      
2022-08-20 BST 01:14:16,039 - INFO -  epoch= 600      train_loss=  22.8612      val_loss= 147.1393      best=1      size=  49      nSHD_c=   2.7333      nSHD=   2.7000      tpr_c=   0.1837      change_adj_count=47      
2022-08-20 BST 01:14:39,863 - INFO -  epoch= 700      train_loss=  21.2744      val_loss=  94.8274      best=1      size=  49      nSHD_c=   2.7333      nSHD=   2.7000      tpr_c=   0.1837      change_adj_count=49      
2022-08-20 BST 01:15:03,559 - INFO -  epoch= 800      train_loss=  18.7501      val_loss=  60.8483      best=1      size=  47      nSHD_c=   2.6667      nSHD=   2.6333      tpr_c=   0.1915      change_adj_count=52      
2022-08-20 BST 01:15:27,157 - INFO -  epoch= 900      train_loss=  17.5791      val_loss=  57.9785      best=1      size=  48      nSHD_c=   2.6333      nSHD=   2.6000      tpr_c=   0.2083      change_adj_count=53      
2022-08-20 BST 01:15:50,685 - INFO -  epoch=1000      train_loss=  16.5653      val_loss=  44.0204      best=1      size=  48      nSHD_c=   2.6333      nSHD=   2.6000      tpr_c=   0.2083      change_adj_count=53      
2022-08-20 BST 01:15:50,687 - INFO - 

DAG 14: size_true=59	X.var()=16.7418
2022-08-20 BST 01:15:50,953 - INFO -  epoch=   1      train_loss=  15.3335      val_loss=   9.7090      best=1      size=  44      nSHD_c=   2.8000      nSHD=   2.8000      tpr_c=   0.1818      change_adj_count=5      
2022-08-20 BST 01:16:14,040 - INFO -  epoch= 100      train_loss=  11.5984      val_loss=  55.8497      best=1      size=  60      nSHD_c=   2.7000      nSHD=   2.6333      tpr_c=   0.3000      change_adj_count=29      
2022-08-20 BST 01:16:37,312 - INFO -  epoch= 200      train_loss=  10.8947      val_loss=  46.2090      best=1      size=  60      nSHD_c=   2.7000      nSHD=   2.5667      tpr_c=   0.2833      change_adj_count=33      
2022-08-20 BST 01:16:59,946 - INFO -  epoch= 300      train_loss=  10.3993      val_loss=  36.1915      best=1      size=  60      nSHD_c=   2.6667      nSHD=   2.5667      tpr_c=   0.3000      change_adj_count=39      
2022-08-20 BST 01:17:23,596 - INFO -  epoch= 400      train_loss=   9.7643      val_loss=  29.5350      best=1      size=  60      nSHD_c=   2.6667      nSHD=   2.5667      tpr_c=   0.3000      change_adj_count=43      
2022-08-20 BST 01:17:47,192 - INFO -  epoch= 500      train_loss=   9.2788      val_loss=  25.2474      best=1      size=  60      nSHD_c=   2.6667      nSHD=   2.5333      tpr_c=   0.2833      change_adj_count=46      
2022-08-20 BST 01:18:10,903 - INFO -  epoch= 600      train_loss=   8.7404      val_loss=  20.1977      best=1      size=  59      nSHD_c=   2.7000      nSHD=   2.5667      tpr_c=   0.2712      change_adj_count=53      
2022-08-20 BST 01:18:34,512 - INFO -  epoch= 700      train_loss=   8.3928      val_loss=  15.6900      best=1      size=  58      nSHD_c=   2.6667      nSHD=   2.5333      tpr_c=   0.2759      change_adj_count=54      
2022-08-20 BST 01:18:58,075 - INFO -  epoch= 800      train_loss=   7.8516      val_loss=  12.8101      best=1      size=  57      nSHD_c=   2.6333      nSHD=   2.5000      tpr_c=   0.2807      change_adj_count=58      
2022-08-20 BST 01:19:21,886 - INFO -  epoch= 900      train_loss=   7.4924      val_loss=  10.7811      best=1      size=  56      nSHD_c=   2.4667      nSHD=   2.3333      tpr_c=   0.3214      change_adj_count=66      
2022-08-20 BST 01:19:45,362 - INFO -  epoch=1000      train_loss=   6.9936      val_loss=   9.3729      best=1      size=  56      nSHD_c=   2.3667      nSHD=   2.2667      tpr_c=   0.3571      change_adj_count=73      
2022-08-20 BST 01:19:45,362 - INFO - 

DAG 15: size_true=42	X.var()=8.6273
2022-08-20 BST 01:19:45,660 - INFO -  epoch=   1      train_loss=   8.1555      val_loss=   6.1796      best=1      size=  48      nSHD_c=   2.4667      nSHD=   2.4667      tpr_c=   0.1042      change_adj_count=5      
2022-08-20 BST 01:20:07,816 - INFO -  epoch= 100      train_loss=   6.6259      val_loss=  19.2369      best=1      size=  52      nSHD_c=   1.9333      nSHD=   1.8000      tpr_c=   0.2885      change_adj_count=60      
2022-08-20 BST 01:20:30,468 - INFO -  epoch= 200      train_loss=   6.3309      val_loss=  18.6669      best=1      size=  51      nSHD_c=   1.9000      nSHD=   1.7667      tpr_c=   0.2941      change_adj_count=68      
2022-08-20 BST 01:20:53,881 - INFO -  epoch= 300      train_loss=   6.0408      val_loss=  14.5781      best=1      size=  51      nSHD_c=   1.9000      nSHD=   1.7667      tpr_c=   0.2941      change_adj_count=69      
2022-08-20 BST 01:21:17,235 - INFO -  epoch= 400      train_loss=   5.7826      val_loss=  11.7330      best=1      size=  51      nSHD_c=   1.9000      nSHD=   1.7667      tpr_c=   0.2941      change_adj_count=69      
2022-08-20 BST 01:21:40,782 - INFO -  epoch= 500      train_loss=   5.5520      val_loss=  10.2862      best=1      size=  51      nSHD_c=   1.9000      nSHD=   1.7667      tpr_c=   0.2941      change_adj_count=69      
2022-08-20 BST 01:22:03,851 - INFO -  epoch= 600      train_loss=   5.2557      val_loss=   7.9609      best=1      size=  51      nSHD_c=   1.9000      nSHD=   1.7667      tpr_c=   0.2941      change_adj_count=69      
2022-08-20 BST 01:22:27,352 - INFO -  epoch= 700      train_loss=   5.0025      val_loss=   6.5476      best=1      size=  51      nSHD_c=   1.8000      nSHD=   1.7000      tpr_c=   0.3333      change_adj_count=82      
2022-08-20 BST 01:22:50,791 - INFO -  epoch= 800      train_loss=   4.6833      val_loss=   5.5016      best=1      size=  51      nSHD_c=   1.7333      nSHD=   1.6333      tpr_c=   0.3529      change_adj_count=84      
2022-08-20 BST 01:23:14,146 - INFO -  epoch= 900      train_loss=   4.4124      val_loss=   4.7220      best=1      size=  51      nSHD_c=   1.7333      nSHD=   1.6333      tpr_c=   0.3529      change_adj_count=86      
2022-08-20 BST 01:23:33,592 - INFO -  epoch= 985      train_loss=   4.2111      val_loss=   3.4348      best=1      size=  51      nSHD_c=   1.6333      nSHD=   1.5000      tpr_c=   0.3725      change_adj_count=90      
2022-08-20 BST 01:23:37,142 - INFO -  epoch=1000      train_loss=   4.2729      val_loss=   3.6776      best=1      size=  51      nSHD_c=   1.6333      nSHD=   1.5000      tpr_c=   0.3725      change_adj_count=90      
2022-08-20 BST 01:23:37,146 - INFO - 

DAG 16: size_true=50	X.var()=12.1502
2022-08-20 BST 01:23:37,430 - INFO -  epoch=   1      train_loss=  11.4058      val_loss=   8.4990      best=1      size=  49      nSHD_c=   2.7000      nSHD=   2.7000      tpr_c=   0.1020      change_adj_count=5      
2022-08-20 BST 01:23:37,753 - INFO -  epoch=   2      train_loss=  10.5350      val_loss=   5.1196      best=1      size=  46      nSHD_c=   2.2000      nSHD=   2.1333      tpr_c=   0.2826      change_adj_count=6      
2022-08-20 BST 01:24:00,340 - INFO -  epoch= 100      train_loss=   9.1951      val_loss=  27.7728      best=1      size=  54      nSHD_c=   2.3333      nSHD=   2.2000      tpr_c=   0.2778      change_adj_count=49      
2022-08-20 BST 01:24:23,975 - INFO -  epoch= 200      train_loss=   8.6569      val_loss=  24.9979      best=1      size=  54      nSHD_c=   2.2333      nSHD=   2.1333      tpr_c=   0.3148      change_adj_count=61      
2022-08-20 BST 01:24:47,328 - INFO -  epoch= 300      train_loss=   8.2021      val_loss=  22.0768      best=1      size=  54      nSHD_c=   2.2333      nSHD=   2.1333      tpr_c=   0.3148      change_adj_count=72      
2022-08-20 BST 01:25:10,723 - INFO -  epoch= 400      train_loss=   7.8340      val_loss=  17.3449      best=1      size=  53      nSHD_c=   2.2000      nSHD=   2.1000      tpr_c=   0.3208      change_adj_count=78      
2022-08-20 BST 01:25:33,819 - INFO -  epoch= 500      train_loss=   7.4353      val_loss=  14.8378      best=1      size=  53      nSHD_c=   2.1667      nSHD=   2.0333      tpr_c=   0.3208      change_adj_count=87      
2022-08-20 BST 01:25:57,189 - INFO -  epoch= 600      train_loss=   7.1033      val_loss=  12.5106      best=1      size=  53      nSHD_c=   2.1667      nSHD=   2.0333      tpr_c=   0.3208      change_adj_count=88      
2022-08-20 BST 01:26:20,486 - INFO -  epoch= 700      train_loss=   6.7453      val_loss=  10.0606      best=1      size=  53      nSHD_c=   2.1333      nSHD=   1.9667      tpr_c=   0.3208      change_adj_count=96      
2022-08-20 BST 01:26:43,901 - INFO -  epoch= 800      train_loss=   6.2845      val_loss=   8.8066      best=1      size=  53      nSHD_c=   2.0667      nSHD=   1.9000      tpr_c=   0.3396      change_adj_count=97      
2022-08-20 BST 01:27:07,319 - INFO -  epoch= 900      train_loss=   6.0259      val_loss=   6.7003      best=1      size=  53      nSHD_c=   1.9333      nSHD=   1.8333      tpr_c=   0.3962      change_adj_count=99      
2022-08-20 BST 01:27:30,632 - INFO -  epoch=1000      train_loss=   5.6188      val_loss=   5.8744      best=1      size=  53      nSHD_c=   1.8667      nSHD=   1.7667      tpr_c=   0.4151      change_adj_count=103      
2022-08-20 BST 01:27:30,633 - INFO - 

DAG 17: size_true=49	X.var()=16.5203
2022-08-20 BST 01:27:30,966 - INFO -  epoch=   1      train_loss=  15.2357      val_loss=   8.1762      best=1      size=  47      nSHD_c=   2.3667      nSHD=   2.2667      tpr_c=   0.2128      change_adj_count=5      
2022-08-20 BST 01:27:54,021 - INFO -  epoch= 100      train_loss=  11.3925      val_loss=  57.2656      best=1      size=  54      nSHD_c=   2.2333      nSHD=   2.2333      tpr_c=   0.3333      change_adj_count=28      
2022-08-20 BST 01:28:17,026 - INFO -  epoch= 200      train_loss=  10.8561      val_loss=  45.7147      best=1      size=  53      nSHD_c=   2.2000      nSHD=   2.2000      tpr_c=   0.3396      change_adj_count=29      
2022-08-20 BST 01:28:40,179 - INFO -  epoch= 300      train_loss=  10.2840      val_loss=  37.7054      best=1      size=  53      nSHD_c=   2.2000      nSHD=   2.2000      tpr_c=   0.3396      change_adj_count=39      
2022-08-20 BST 01:29:03,437 - INFO -  epoch= 400      train_loss=   9.4976      val_loss=  29.4559      best=1      size=  53      nSHD_c=   2.2667      nSHD=   2.2667      tpr_c=   0.3208      change_adj_count=45      
2022-08-20 BST 01:29:26,855 - INFO -  epoch= 500      train_loss=   8.9606      val_loss=  23.8515      best=1      size=  52      nSHD_c=   2.2333      nSHD=   2.2333      tpr_c=   0.3269      change_adj_count=52      
2022-08-20 BST 01:29:50,706 - INFO -  epoch= 600      train_loss=   8.4169      val_loss=  19.3346      best=1      size=  52      nSHD_c=   2.2333      nSHD=   2.2333      tpr_c=   0.3269      change_adj_count=53      
2022-08-20 BST 01:30:14,089 - INFO -  epoch= 700      train_loss=   7.9284      val_loss=  16.7117      best=1      size=  52      nSHD_c=   2.2333      nSHD=   2.2333      tpr_c=   0.3269      change_adj_count=58      
2022-08-20 BST 01:30:37,568 - INFO -  epoch= 800      train_loss=   7.4991      val_loss=  13.3855      best=1      size=  52      nSHD_c=   2.2333      nSHD=   2.2333      tpr_c=   0.3269      change_adj_count=63      
2022-08-20 BST 01:31:01,092 - INFO -  epoch= 900      train_loss=   7.0471      val_loss=  12.0909      best=1      size=  52      nSHD_c=   2.2333      nSHD=   2.2333      tpr_c=   0.3269      change_adj_count=66      
2022-08-20 BST 01:31:24,895 - INFO -  epoch=1000      train_loss=   6.6431      val_loss=  10.0334      best=1      size=  52      nSHD_c=   2.1667      nSHD=   2.1667      tpr_c=   0.3462      change_adj_count=67      
2022-08-20 BST 01:31:25,174 - INFO - 

DAG 18: size_true=56	X.var()=17.9506
2022-08-20 BST 01:31:25,485 - INFO -  epoch=   1      train_loss=  16.8140      val_loss=  10.8638      best=1      size=  45      nSHD_c=   2.9333      nSHD=   2.9000      tpr_c=   0.0667      change_adj_count=5      
2022-08-20 BST 01:31:48,994 - INFO -  epoch= 100      train_loss=  12.0403      val_loss=  73.4825      best=1      size=  62      nSHD_c=   2.8333      nSHD=   2.7667      tpr_c=   0.2419      change_adj_count=30      
2022-08-20 BST 01:32:11,958 - INFO -  epoch= 200      train_loss=  11.2282      val_loss=  55.3505      best=1      size=  62      nSHD_c=   2.8333      nSHD=   2.7667      tpr_c=   0.2419      change_adj_count=36      
2022-08-20 BST 01:32:34,182 - INFO -  epoch= 300      train_loss=  10.6065      val_loss=  40.7733      best=1      size=  61      nSHD_c=   2.7333      nSHD=   2.6667      tpr_c=   0.2623      change_adj_count=38      
2022-08-20 BST 01:32:56,703 - INFO -  epoch= 400      train_loss=   9.7216      val_loss=  33.3975      best=1      size=  61      nSHD_c=   2.7000      nSHD=   2.6000      tpr_c=   0.2623      change_adj_count=50      
2022-08-20 BST 01:33:18,979 - INFO -  epoch= 500      train_loss=   9.1665      val_loss=  24.2977      best=1      size=  60      nSHD_c=   2.6333      nSHD=   2.5000      tpr_c=   0.2667      change_adj_count=54      
2022-08-20 BST 01:33:41,146 - INFO -  epoch= 600      train_loss=   8.4802      val_loss=  17.2968      best=1      size=  58      nSHD_c=   2.5667      nSHD=   2.4333      tpr_c=   0.2759      change_adj_count=57      
2022-08-20 BST 01:34:03,917 - INFO -  epoch= 700      train_loss=   7.9447      val_loss=  13.5069      best=1      size=  58      nSHD_c=   2.3667      nSHD=   2.3000      tpr_c=   0.3448      change_adj_count=59      
2022-08-20 BST 01:34:27,030 - INFO -  epoch= 800      train_loss=   7.1447      val_loss=  11.2269      best=1      size=  58      nSHD_c=   2.3667      nSHD=   2.3000      tpr_c=   0.3448      change_adj_count=59      
2022-08-20 BST 01:34:50,411 - INFO -  epoch= 900      train_loss=   6.9580      val_loss=   9.4834      best=1      size=  57      nSHD_c=   2.3333      nSHD=   2.2667      tpr_c=   0.3509      change_adj_count=60      
2022-08-20 BST 01:35:13,103 - INFO -  epoch=1000      train_loss=   6.5595      val_loss=   8.5464      best=1      size=  57      nSHD_c=   2.3333      nSHD=   2.2667      tpr_c=   0.3509      change_adj_count=61      
2022-08-20 BST 01:35:13,104 - INFO - 

DAG 19: size_true=57	X.var()=24.8142
2022-08-20 BST 01:35:13,391 - INFO -  epoch=   1      train_loss=  22.4151      val_loss=  16.0308      best=1      size=  48      nSHD_c=   3.0667      nSHD=   3.0667      tpr_c=   0.0417      change_adj_count=5      
2022-08-20 BST 01:35:35,727 - INFO -  epoch= 100      train_loss=  16.0018      val_loss= 112.2307      best=1      size=  57      nSHD_c=   2.8667      nSHD=   2.8000      tpr_c=   0.2281      change_adj_count=40      
2022-08-20 BST 01:35:58,417 - INFO -  epoch= 200      train_loss=  14.7654      val_loss=  93.3740      best=1      size=  57      nSHD_c=   2.7667      nSHD=   2.7333      tpr_c=   0.2632      change_adj_count=43      
2022-08-20 BST 01:36:21,012 - INFO -  epoch= 300      train_loss=  14.2214      val_loss=  68.0077      best=1      size=  56      nSHD_c=   2.7333      nSHD=   2.7000      tpr_c=   0.2679      change_adj_count=44      
2022-08-20 BST 01:36:44,063 - INFO -  epoch= 400      train_loss=  13.1569      val_loss=  50.3873      best=1      size=  55      nSHD_c=   2.7000      nSHD=   2.6667      tpr_c=   0.2727      change_adj_count=45      
2022-08-20 BST 01:37:07,107 - INFO -  epoch= 500      train_loss=  12.4346      val_loss=  40.4104      best=1      size=  55      nSHD_c=   2.7000      nSHD=   2.6667      tpr_c=   0.2727      change_adj_count=45      
2022-08-20 BST 01:37:29,986 - INFO -  epoch= 600      train_loss=  11.6463      val_loss=  30.7256      best=1      size=  55      nSHD_c=   2.7000      nSHD=   2.6667      tpr_c=   0.2727      change_adj_count=45      
2022-08-20 BST 01:37:52,569 - INFO -  epoch= 700      train_loss=  10.6197      val_loss=  22.5795      best=1      size=  55      nSHD_c=   2.6667      nSHD=   2.6000      tpr_c=   0.2727      change_adj_count=47      
2022-08-20 BST 01:38:15,458 - INFO -  epoch= 800      train_loss=   9.8100      val_loss=  21.3058      best=1      size=  55      nSHD_c=   2.6667      nSHD=   2.6000      tpr_c=   0.2727      change_adj_count=47      
2022-08-20 BST 01:38:38,231 - INFO -  epoch= 900      train_loss=   9.2027      val_loss=  15.2154      best=1      size=  55      nSHD_c=   2.6667      nSHD=   2.6000      tpr_c=   0.2727      change_adj_count=47      
2022-08-20 BST 01:39:00,857 - INFO -  epoch=1000      train_loss=   8.7806      val_loss=  15.7553      best=1      size=  55      nSHD_c=   2.6667      nSHD=   2.6000      tpr_c=   0.2727      change_adj_count=47      
2022-08-20 BST 01:39:00,859 - INFO - 

DAG 20: size_true=59	X.var()=201.6824
2022-08-20 BST 01:39:01,170 - INFO -  epoch=   1      train_loss= 185.2404      val_loss= 102.2246      best=1      size=  42      nSHD_c=   3.0000      nSHD=   3.0000      tpr_c=   0.0952      change_adj_count=5      
2022-08-20 BST 01:39:23,962 - INFO -  epoch= 100      train_loss=  85.0284      val_loss=2192.8834      best=1      size=  60      nSHD_c=   3.5333      nSHD=   3.5000      tpr_c=   0.1000      change_adj_count=38      
2022-08-20 BST 01:39:47,054 - INFO -  epoch= 200      train_loss=  71.3312      val_loss=1354.9639      best=1      size=  58      nSHD_c=   3.4333      nSHD=   3.3667      tpr_c=   0.1034      change_adj_count=45      
2022-08-20 BST 01:40:10,091 - INFO -  epoch= 300      train_loss=  61.4556      val_loss= 777.7625      best=1      size=  55      nSHD_c=   3.3333      nSHD=   3.2667      tpr_c=   0.1091      change_adj_count=49      
2022-08-20 BST 01:40:33,298 - INFO -  epoch= 400      train_loss=  52.7006      val_loss= 445.6786      best=1      size=  53      nSHD_c=   3.2667      nSHD=   3.2000      tpr_c=   0.1132      change_adj_count=52      
2022-08-20 BST 01:40:56,579 - INFO -  epoch= 500      train_loss=  44.5575      val_loss= 328.3331      best=1      size=  52      nSHD_c=   3.2333      nSHD=   3.1667      tpr_c=   0.1154      change_adj_count=56      
2022-08-20 BST 01:41:19,982 - INFO -  epoch= 600      train_loss=  40.0064      val_loss= 213.6785      best=1      size=  51      nSHD_c=   3.2000      nSHD=   3.1333      tpr_c=   0.1176      change_adj_count=58      
2022-08-20 BST 01:41:42,783 - INFO -  epoch= 700      train_loss=  35.8326      val_loss= 180.0717      best=1      size=  51      nSHD_c=   3.1333      nSHD=   3.0667      tpr_c=   0.1373      change_adj_count=59      
2022-08-20 BST 01:42:06,144 - INFO -  epoch= 800      train_loss=  33.4772      val_loss= 117.5816      best=1      size=  51      nSHD_c=   3.1333      nSHD=   3.0667      tpr_c=   0.1373      change_adj_count=60      
2022-08-20 BST 01:42:29,694 - INFO -  epoch= 900      train_loss=  30.0485      val_loss=  98.7032      best=1      size=  51      nSHD_c=   3.0667      nSHD=   3.0667      tpr_c=   0.1765      change_adj_count=61      
2022-08-20 BST 01:42:53,352 - INFO -  epoch=1000      train_loss=  28.7782      val_loss=  80.8755      best=1      size=  51      nSHD_c=   3.0667      nSHD=   3.0000      tpr_c=   0.1569      change_adj_count=62      
2022-08-20 BST 01:42:53,353 - INFO - 

DAG 21: size_true=57	X.var()=21.1204
2022-08-20 BST 01:42:53,615 - INFO -  epoch=   1      train_loss=  19.1729      val_loss=  11.5854      best=1      size=  44      nSHD_c=   2.8667      nSHD=   2.8667      tpr_c=   0.1136      change_adj_count=5      
2022-08-20 BST 01:43:16,808 - INFO -  epoch= 100      train_loss=  13.2001      val_loss= 130.6203      best=1      size=  53      nSHD_c=   2.9000      nSHD=   2.8667      tpr_c=   0.1698      change_adj_count=25      
2022-08-20 BST 01:43:40,207 - INFO -  epoch= 200      train_loss=  12.1246      val_loss=  91.0163      best=1      size=  53      nSHD_c=   2.9000      nSHD=   2.8667      tpr_c=   0.1698      change_adj_count=25      
2022-08-20 BST 01:44:03,874 - INFO -  epoch= 300      train_loss=  11.3074      val_loss=  65.9133      best=1      size=  53      nSHD_c=   2.8667      nSHD=   2.8667      tpr_c=   0.1887      change_adj_count=27      
2022-08-20 BST 01:44:27,033 - INFO -  epoch= 400      train_loss=  10.6872      val_loss=  46.7204      best=1      size=  53      nSHD_c=   2.8667      nSHD=   2.8667      tpr_c=   0.1887      change_adj_count=28      
2022-08-20 BST 01:44:50,930 - INFO -  epoch= 500      train_loss=   9.9689      val_loss=  38.4191      best=1      size=  53      nSHD_c=   2.8333      nSHD=   2.8000      tpr_c=   0.1887      change_adj_count=29      
2022-08-20 BST 01:45:14,562 - INFO -  epoch= 600      train_loss=   9.2109      val_loss=  27.6162      best=1      size=  53      nSHD_c=   2.8333      nSHD=   2.8000      tpr_c=   0.1887      change_adj_count=29      
2022-08-20 BST 01:45:37,005 - INFO -  epoch= 700      train_loss=   8.6289      val_loss=  22.4447      best=1      size=  52      nSHD_c=   2.8000      nSHD=   2.7667      tpr_c=   0.1923      change_adj_count=30      
2022-08-20 BST 01:46:00,389 - INFO -  epoch= 800      train_loss=   8.1445      val_loss=  18.6699      best=1      size=  52      nSHD_c=   2.8000      nSHD=   2.7667      tpr_c=   0.1923      change_adj_count=30      
2022-08-20 BST 01:46:23,824 - INFO -  epoch= 900      train_loss=   7.8002      val_loss=  14.7895      best=1      size=  51      nSHD_c=   2.7667      nSHD=   2.7333      tpr_c=   0.1961      change_adj_count=31      
2022-08-20 BST 01:46:46,746 - INFO -  epoch=1000      train_loss=   7.3198      val_loss=  13.3670      best=1      size=  52      nSHD_c=   2.7000      nSHD=   2.6667      tpr_c=   0.2308      change_adj_count=32      
2022-08-20 BST 01:46:46,748 - INFO - 

DAG 22: size_true=60	X.var()=129.8499
2022-08-20 BST 01:46:47,036 - INFO -  epoch=   1      train_loss= 118.3351      val_loss=  51.7026      best=1      size=  46      nSHD_c=   2.9333      nSHD=   2.9333      tpr_c=   0.1739      change_adj_count=5      
2022-08-20 BST 01:47:09,380 - INFO -  epoch= 100      train_loss=  60.9781      val_loss=1482.6072      best=1      size=  59      nSHD_c=   3.0333      nSHD=   3.0000      tpr_c=   0.2203      change_adj_count=26      
2022-08-20 BST 01:47:32,233 - INFO -  epoch= 200      train_loss=  49.3813      val_loss= 933.6341      best=1      size=  58      nSHD_c=   3.0000      nSHD=   2.9667      tpr_c=   0.2241      change_adj_count=34      
2022-08-20 BST 01:47:55,069 - INFO -  epoch= 300      train_loss=  42.6480      val_loss= 592.1542      best=1      size=  58      nSHD_c=   3.0000      nSHD=   2.9667      tpr_c=   0.2241      change_adj_count=37      
2022-08-20 BST 01:48:17,866 - INFO -  epoch= 400      train_loss=  37.5728      val_loss= 348.5348      best=1      size=  58      nSHD_c=   2.9333      nSHD=   2.8667      tpr_c=   0.2241      change_adj_count=42      
2022-08-20 BST 01:48:40,882 - INFO -  epoch= 500      train_loss=  33.0069      val_loss= 211.9582      best=1      size=  57      nSHD_c=   2.9000      nSHD=   2.8333      tpr_c=   0.2281      change_adj_count=43      
2022-08-20 BST 01:49:03,766 - INFO -  epoch= 600      train_loss=  29.4898      val_loss= 160.1228      best=1      size=  56      nSHD_c=   2.8667      nSHD=   2.8000      tpr_c=   0.2321      change_adj_count=44      
2022-08-20 BST 01:49:26,431 - INFO -  epoch= 700      train_loss=  25.7951      val_loss= 112.5149      best=1      size=  55      nSHD_c=   2.9000      nSHD=   2.8333      tpr_c=   0.2182      change_adj_count=45      
2022-08-20 BST 01:49:49,238 - INFO -  epoch= 800      train_loss=  23.9096      val_loss=  79.6903      best=1      size=  54      nSHD_c=   2.8667      nSHD=   2.8000      tpr_c=   0.2222      change_adj_count=49      
2022-08-20 BST 01:50:12,431 - INFO -  epoch= 900      train_loss=  22.2107      val_loss=  68.5123      best=1      size=  55      nSHD_c=   2.8667      nSHD=   2.7667      tpr_c=   0.2182      change_adj_count=53      
2022-08-20 BST 01:50:35,343 - INFO -  epoch=1000      train_loss=  20.6122      val_loss=  62.6875      best=1      size=  55      nSHD_c=   2.8667      nSHD=   2.7667      tpr_c=   0.2182      change_adj_count=53      
2022-08-20 BST 01:50:35,345 - INFO - 

DAG 23: size_true=49	X.var()=14.1269
2022-08-20 BST 01:50:35,641 - INFO -  epoch=   1      train_loss=  13.3742      val_loss=   9.7709      best=1      size=  46      nSHD_c=   2.5667      nSHD=   2.5333      tpr_c=   0.1304      change_adj_count=5      
2022-08-20 BST 01:50:58,611 - INFO -  epoch= 100      train_loss=  10.1434      val_loss=  54.4678      best=1      size=  51      nSHD_c=   1.9667      nSHD=   1.8667      tpr_c=   0.3725      change_adj_count=45      
2022-08-20 BST 01:51:20,968 - INFO -  epoch= 200      train_loss=   9.6369      val_loss=  40.5433      best=1      size=  52      nSHD_c=   1.9333      nSHD=   1.8333      tpr_c=   0.3846      change_adj_count=50      
2022-08-20 BST 01:51:44,089 - INFO -  epoch= 300      train_loss=   8.9433      val_loss=  33.2557      best=1      size=  52      nSHD_c=   1.9333      nSHD=   1.8333      tpr_c=   0.3846      change_adj_count=54      
2022-08-20 BST 01:52:07,074 - INFO -  epoch= 400      train_loss=   8.2641      val_loss=  24.9506      best=1      size=  52      nSHD_c=   1.9000      nSHD=   1.7667      tpr_c=   0.3846      change_adj_count=72      
2022-08-20 BST 01:52:29,466 - INFO -  epoch= 500      train_loss=   7.8984      val_loss=  18.2073      best=1      size=  53      nSHD_c=   1.9000      nSHD=   1.6667      tpr_c=   0.3585      change_adj_count=86      
2022-08-20 BST 01:52:57,270 - INFO -  epoch= 600      train_loss=   7.0385      val_loss=  14.4889      best=1      size=  54      nSHD_c=   1.9667      nSHD=   1.7000      tpr_c=   0.3333      change_adj_count=96      
2022-08-20 BST 01:53:19,435 - INFO -  epoch= 700      train_loss=   6.7361      val_loss=  11.0298      best=1      size=  53      nSHD_c=   1.9000      nSHD=   1.6667      tpr_c=   0.3585      change_adj_count=105      
2022-08-20 BST 01:53:42,009 - INFO -  epoch= 800      train_loss=   6.3614      val_loss=   9.4401      best=1      size=  53      nSHD_c=   1.8000      nSHD=   1.6000      tpr_c=   0.3962      change_adj_count=108      
2022-08-20 BST 01:54:04,419 - INFO -  epoch= 900      train_loss=   6.1453      val_loss=   7.7625      best=1      size=  53      nSHD_c=   1.8000      nSHD=   1.6000      tpr_c=   0.3962      change_adj_count=111      
2022-08-20 BST 01:54:27,406 - INFO -  epoch=1000      train_loss=   5.6205      val_loss=   6.6676      best=1      size=  53      nSHD_c=   1.8000      nSHD=   1.6000      tpr_c=   0.3962      change_adj_count=113      
2022-08-20 BST 01:54:27,407 - INFO - 
last_mean_nshd_c=2.5875
2022-08-20 BST 01:54:27,407 - INFO - 
Time taken 1:33:27 (h:mm:ss)
2022-08-20 BST 01:54:27,407 - INFO - 
End of log for run 2022-08-20_BST_00:20:59,953_l_66_4hps_226
