2022-08-19 BST 21:15:22,494 - INFO - 
Log for run 2022-08-19_BST_21:15:22,445_l_66_4hps_125

2022-08-19 BST 21:15:22,495 - INFO - COMMENT = ''
2022-08-19 BST 21:15:22,495 - INFO - DATA_FOLDER = '../data'
2022-08-19 BST 21:15:22,495 - INFO - LATENTS_FOLDER = '../latents'
2022-08-19 BST 21:15:22,495 - INFO - LOGS_FOLDER = '../logs'
2022-08-19 BST 21:15:22,495 - INFO - MODEL_FOLDER = '../models'
2022-08-19 BST 21:15:22,495 - INFO - RESULTS_FOLDER = '../results'
2022-08-19 BST 21:15:22,495 - INFO - DEVICE = torch.device("cuda" if torch.cuda.is_available() else "cpu")  # Used: "cuda"
2022-08-19 BST 21:15:22,495 - INFO - LATENTS = False
2022-08-19 BST 21:15:22,495 - INFO - MATRIX_REPORT = False
2022-08-19 BST 21:15:22,495 - INFO - LABEL = True
2022-08-19 BST 21:15:22,495 - INFO - SAVE_TO_ODS = False
2022-08-19 BST 21:15:22,495 - INFO - VAL_LOSS_FROM_DAG = True
2022-08-19 BST 21:15:22,495 - INFO - WANDB = False
2022-08-19 BST 21:15:22,495 - INFO - WANDB_PROJECT = 'Thetas'
2022-08-19 BST 21:15:22,495 - INFO - GRAD_LOG = False
2022-08-19 BST 21:15:22,495 - INFO - N_TRIALS = 1
2022-08-19 BST 21:15:22,495 - INFO - OPTUNA_STRINGS = {'None': None, 'True': True, 'False': False}
2022-08-19 BST 21:15:22,496 - INFO - TQDM = False
2022-08-19 BST 21:15:22,496 - INFO - 
hyperparameters = {
2022-08-19 BST 21:15:22,496 - INFO - 	'GRAPH_TYPE': 'ER2',
2022-08-19 BST 21:15:22,496 - INFO - 	'D': 30,
2022-08-19 BST 21:15:22,496 - INFO - 	'MAX_SIZE': 66,
2022-08-19 BST 21:15:22,496 - INFO - 	'SEM_NOISE': 'gaussian_ev',
2022-08-19 BST 21:15:22,496 - INFO - 	'N': 1200,
2022-08-19 BST 21:15:22,496 - INFO - 	'VAL': 0.16666666666666666,
2022-08-19 BST 21:15:22,496 - INFO - 	'N_EPOCHS': 1000,
2022-08-19 BST 21:15:22,496 - INFO - 	'BATCH_SIZE': 32,
2022-08-19 BST 21:15:22,496 - INFO - 	'LOG2_BATCH_SIZE': None,
2022-08-19 BST 21:15:22,496 - INFO - 	'BATCH_SHUFFLE': True,
2022-08-19 BST 21:15:22,496 - INFO - 	'N_SAMPLES': 10,
2022-08-19 BST 21:15:22,496 - INFO - 	'MODE': 'max_dag_test_only',
2022-08-19 BST 21:15:22,496 - INFO - 	'AFAS_SCHEDULER': None,
2022-08-19 BST 21:15:22,496 - INFO - 	'MINIZINC_SOLVER': None,
2022-08-19 BST 21:15:22,496 - INFO - 	'f_LINEAR_LAYERS': (),
2022-08-19 BST 21:15:22,496 - INFO - 	'f_BIAS': False,
2022-08-19 BST 21:15:22,496 - INFO - 	'p_LAYER': None,
2022-08-19 BST 21:15:22,496 - INFO - 	'STREAMLINE': False,
2022-08-19 BST 21:15:22,497 - INFO - 	'THRESHOLD': 0.0,
2022-08-19 BST 21:15:22,497 - INFO - 	'h_LINEAR_LAYERS': (),
2022-08-19 BST 21:15:22,497 - INFO - 	'h_NULL': 0.001,
2022-08-19 BST 21:15:22,497 - INFO - 	'h_LR': 0.0001,
2022-08-19 BST 21:15:22,497 - INFO - 	'h_OPTIMIZER': 'torch.optim.Adam(overall_net.h_net.parameters(), lr=h.h_LR)',
2022-08-19 BST 21:15:22,497 - INFO - 	'f_LR': 0.0117744218586073,
2022-08-19 BST 21:15:22,497 - INFO - 	'f_OPTIMIZER': 'torch.optim.Adam(overall_net.f_net.parameters(), lr=h.f_LR)',
2022-08-19 BST 21:15:22,497 - INFO - 	'NOISE_TEMPERATURE': 1,
2022-08-19 BST 21:15:22,497 - INFO - 	'NOISE_DISTRIBUTION': 'LogisticNoiseDistribution()',
2022-08-19 BST 21:15:22,497 - INFO - 	'LAMBDA': 1,
2022-08-19 BST 21:15:22,497 - INFO - 	'LOSS_FN': 'torch.nn.MSELoss()',
2022-08-19 BST 21:15:22,497 - INFO - 	'REGULARIZER': None,
2022-08-19 BST 21:15:22,497 - INFO - 	'z_RHO': 0,
2022-08-19 BST 21:15:22,497 - INFO - 	'z_MU': 0,
2022-08-19 BST 21:15:22,497 - INFO - 	'z_REGULARIZER': 'NoTearsZRegularizer(h.D, h.z_RHO, h.z_MU, c.DEVICE)',
2022-08-19 BST 21:15:22,497 - INFO - 	'LR_SCHEDULER': None,
2022-08-19 BST 21:15:22,497 - INFO - 	'DATA_CATEGORY': 'test',
2022-08-19 BST 21:15:22,497 - INFO - 	'DAGS': '030_ER2_gaussian_ev_2022-08-12_BST_09:55:21,293_create_dags'
2022-08-19 BST 21:15:22,497 - INFO - }

2022-08-19 BST 21:15:23,875 - INFO - 

DAG 0: size_true=69	X.var()=185.8479
2022-08-19 BST 21:15:27,507 - INFO -  epoch=   1      train_loss= 176.5977      val_loss=  64.6265      best=1      size=  48      nSHD_c=   3.2000      nSHD=   3.2000      tpr_c=   0.1875      change_adj_count=5      
2022-08-19 BST 21:15:53,513 - INFO -  epoch= 100      train_loss=  91.6641      val_loss=2244.8093      best=1      size=  60      nSHD_c=   2.9667      nSHD=   2.9667      tpr_c=   0.3333      change_adj_count=29      
2022-08-19 BST 21:16:19,458 - INFO -  epoch= 200      train_loss=  82.7299      val_loss=1672.7512      best=1      size=  60      nSHD_c=   2.9667      nSHD=   2.9667      tpr_c=   0.3333      change_adj_count=38      
2022-08-19 BST 21:16:45,177 - INFO -  epoch= 300      train_loss=  71.7364      val_loss=1163.5598      best=1      size=  60      nSHD_c=   2.9667      nSHD=   2.9667      tpr_c=   0.3333      change_adj_count=38      
2022-08-19 BST 21:17:10,248 - INFO -  epoch= 400      train_loss=  64.8245      val_loss= 816.5129      best=1      size=  60      nSHD_c=   2.9667      nSHD=   2.9667      tpr_c=   0.3333      change_adj_count=38      
2022-08-19 BST 21:17:35,671 - INFO -  epoch= 500      train_loss=  56.5297      val_loss= 601.2209      best=1      size=  60      nSHD_c=   2.9000      nSHD=   2.9000      tpr_c=   0.3500      change_adj_count=39      
2022-08-19 BST 21:18:01,685 - INFO -  epoch= 600      train_loss=  50.7416      val_loss= 434.2736      best=1      size=  58      nSHD_c=   2.8333      nSHD=   2.8333      tpr_c=   0.3621      change_adj_count=41      
2022-08-19 BST 21:18:26,577 - INFO -  epoch= 700      train_loss=  44.8547      val_loss= 324.5074      best=1      size=  57      nSHD_c=   2.7667      nSHD=   2.7333      tpr_c=   0.3684      change_adj_count=49      
2022-08-19 BST 21:18:52,439 - INFO -  epoch= 800      train_loss=  42.1635      val_loss= 227.8476      best=1      size=  57      nSHD_c=   2.7667      nSHD=   2.7333      tpr_c=   0.3684      change_adj_count=49      
2022-08-19 BST 21:19:17,807 - INFO -  epoch= 900      train_loss=  38.8717      val_loss= 183.9868      best=1      size=  57      nSHD_c=   2.7333      nSHD=   2.7333      tpr_c=   0.3860      change_adj_count=50      
2022-08-19 BST 21:19:43,391 - INFO -  epoch=1000      train_loss=  37.2432      val_loss= 148.4599      best=1      size=  57      nSHD_c=   2.7333      nSHD=   2.7333      tpr_c=   0.3860      change_adj_count=50      
2022-08-19 BST 21:19:43,392 - INFO - 

DAG 1: size_true=67	X.var()=127.1156
2022-08-19 BST 21:19:43,682 - INFO -  epoch=   1      train_loss= 114.6830      val_loss=  50.9546      best=1      size=  53      nSHD_c=   3.5667      nSHD=   3.5667      tpr_c=   0.0943      change_adj_count=5      
2022-08-19 BST 21:20:08,434 - INFO -  epoch= 100      train_loss=  55.1650      val_loss=2375.9146      best=1      size=  60      nSHD_c=   3.5000      nSHD=   3.5000      tpr_c=   0.1833      change_adj_count=24      
2022-08-19 BST 21:20:33,644 - INFO -  epoch= 200      train_loss=  49.0690      val_loss=1760.1813      best=1      size=  60      nSHD_c=   3.5333      nSHD=   3.5000      tpr_c=   0.1667      change_adj_count=25      
2022-08-19 BST 21:20:58,908 - INFO -  epoch= 300      train_loss=  46.4434      val_loss=1216.1897      best=1      size=  60      nSHD_c=   3.5333      nSHD=   3.5000      tpr_c=   0.1667      change_adj_count=26      
2022-08-19 BST 21:21:24,806 - INFO -  epoch= 400      train_loss=  41.1198      val_loss= 962.5780      best=1      size=  60      nSHD_c=   3.5333      nSHD=   3.5000      tpr_c=   0.1667      change_adj_count=26      
2022-08-19 BST 21:21:52,201 - INFO -  epoch= 500      train_loss=  37.5295      val_loss= 759.3578      best=1      size=  60      nSHD_c=   3.5333      nSHD=   3.5000      tpr_c=   0.1667      change_adj_count=26      
2022-08-19 BST 21:22:20,328 - INFO -  epoch= 600      train_loss=  34.8424      val_loss= 575.5107      best=1      size=  60      nSHD_c=   3.6000      nSHD=   3.5667      tpr_c=   0.1500      change_adj_count=27      
2022-08-19 BST 21:22:48,536 - INFO -  epoch= 700      train_loss=  32.4627      val_loss= 508.1674      best=1      size=  60      nSHD_c=   3.6000      nSHD=   3.5667      tpr_c=   0.1500      change_adj_count=27      
2022-08-19 BST 21:23:16,721 - INFO -  epoch= 800      train_loss=  30.9874      val_loss= 393.8915      best=1      size=  60      nSHD_c=   3.6000      nSHD=   3.5667      tpr_c=   0.1500      change_adj_count=27      
2022-08-19 BST 21:23:44,087 - INFO -  epoch= 900      train_loss=  27.2615      val_loss= 320.3828      best=1      size=  60      nSHD_c=   3.6000      nSHD=   3.5667      tpr_c=   0.1500      change_adj_count=27      
2022-08-19 BST 21:24:11,973 - INFO -  epoch=1000      train_loss=  26.5317      val_loss= 302.5174      best=1      size=  60      nSHD_c=   3.6000      nSHD=   3.5667      tpr_c=   0.1500      change_adj_count=27      
2022-08-19 BST 21:24:11,974 - INFO - 

DAG 2: size_true=64	X.var()=25.7432
2022-08-19 BST 21:24:12,317 - INFO -  epoch=   1      train_loss=  24.2638      val_loss=  23.8647      best=1      size=  58      nSHD_c=   3.7667      nSHD=   3.7667      tpr_c=   0.0517      change_adj_count=5      
2022-08-19 BST 21:24:12,648 - INFO -  epoch=   2      train_loss=  22.5246      val_loss=  16.1102      best=1      size=  56      nSHD_c=   3.6667      nSHD=   3.6667      tpr_c=   0.0536      change_adj_count=6      
2022-08-19 BST 21:24:12,965 - INFO -  epoch=   3      train_loss=  21.6095      val_loss=  13.4103      best=1      size=  49      nSHD_c=   3.2000      nSHD=   3.1667      tpr_c=   0.1224      change_adj_count=7      
2022-08-19 BST 21:24:39,827 - INFO -  epoch= 100      train_loss=  18.8041      val_loss=  75.6169      best=1      size=  58      nSHD_c=   2.7667      nSHD=   2.6667      tpr_c=   0.3103      change_adj_count=73      
2022-08-19 BST 21:25:06,963 - INFO -  epoch= 200      train_loss=  18.7430      val_loss=  73.9393      best=1      size=  57      nSHD_c=   2.7333      nSHD=   2.6333      tpr_c=   0.3158      change_adj_count=99      
2022-08-19 BST 21:25:33,528 - INFO -  epoch= 300      train_loss=  18.0482      val_loss=  63.9309      best=1      size=  56      nSHD_c=   2.6667      nSHD=   2.5333      tpr_c=   0.3214      change_adj_count=102      
2022-08-19 BST 21:26:01,351 - INFO -  epoch= 400      train_loss=  17.7190      val_loss=  61.1622      best=1      size=  56      nSHD_c=   2.6667      nSHD=   2.5333      tpr_c=   0.3214      change_adj_count=106      
2022-08-19 BST 21:26:28,571 - INFO -  epoch= 500      train_loss=  16.8936      val_loss=  56.8312      best=1      size=  56      nSHD_c=   2.6667      nSHD=   2.5333      tpr_c=   0.3214      change_adj_count=110      
2022-08-19 BST 21:26:56,152 - INFO -  epoch= 600      train_loss=  16.4938      val_loss=  49.8083      best=1      size=  56      nSHD_c=   2.6667      nSHD=   2.5333      tpr_c=   0.3214      change_adj_count=112      
2022-08-19 BST 21:27:23,227 - INFO -  epoch= 700      train_loss=  16.2114      val_loss=  49.8629      best=1      size=  57      nSHD_c=   2.7000      nSHD=   2.5667      tpr_c=   0.3158      change_adj_count=113      
2022-08-19 BST 21:27:51,142 - INFO -  epoch= 800      train_loss=  15.5791      val_loss=  43.1149      best=1      size=  56      nSHD_c=   2.6667      nSHD=   2.5333      tpr_c=   0.3214      change_adj_count=118      
2022-08-19 BST 21:28:18,217 - INFO -  epoch= 900      train_loss=  14.8540      val_loss=  38.1696      best=1      size=  56      nSHD_c=   2.6667      nSHD=   2.5333      tpr_c=   0.3214      change_adj_count=123      
2022-08-19 BST 21:28:46,091 - INFO -  epoch=1000      train_loss=  14.3427      val_loss=  33.7611      best=1      size=  56      nSHD_c=   2.6667      nSHD=   2.5333      tpr_c=   0.3214      change_adj_count=123      
2022-08-19 BST 21:28:46,093 - INFO - 

DAG 3: size_true=63	X.var()=265.9248
2022-08-19 BST 21:28:46,425 - INFO -  epoch=   1      train_loss= 220.3754      val_loss= 114.7334      best=1      size=  48      nSHD_c=   3.4000      nSHD=   3.4000      tpr_c=   0.0417      change_adj_count=5      
2022-08-19 BST 21:29:13,123 - INFO -  epoch= 100      train_loss= 111.3216      val_loss=3149.1198      best=1      size=  54      nSHD_c=   3.3000      nSHD=   3.3000      tpr_c=   0.1481      change_adj_count=28      
2022-08-19 BST 21:29:40,827 - INFO -  epoch= 200      train_loss= 101.5694      val_loss=2451.9060      best=1      size=  53      nSHD_c=   3.3000      nSHD=   3.2667      tpr_c=   0.1321      change_adj_count=29      
2022-08-19 BST 21:30:08,797 - INFO -  epoch= 300      train_loss=  91.8509      val_loss=1513.3740      best=1      size=  53      nSHD_c=   3.3000      nSHD=   3.2667      tpr_c=   0.1321      change_adj_count=31      
2022-08-19 BST 21:30:36,251 - INFO -  epoch= 400      train_loss=  82.8627      val_loss=1199.2197      best=1      size=  53      nSHD_c=   3.3000      nSHD=   3.2667      tpr_c=   0.1321      change_adj_count=39      
2022-08-19 BST 21:31:03,698 - INFO -  epoch= 500      train_loss=  75.0707      val_loss= 911.1105      best=1      size=  54      nSHD_c=   3.3000      nSHD=   3.2333      tpr_c=   0.1296      change_adj_count=40      
2022-08-19 BST 21:31:30,909 - INFO -  epoch= 600      train_loss=  73.0182      val_loss= 625.3097      best=1      size=  51      nSHD_c=   3.1667      nSHD=   3.1333      tpr_c=   0.1569      change_adj_count=53      
2022-08-19 BST 21:31:58,325 - INFO -  epoch= 700      train_loss=  66.6273      val_loss= 515.6204      best=1      size=  51      nSHD_c=   3.1667      nSHD=   3.1333      tpr_c=   0.1569      change_adj_count=53      
2022-08-19 BST 21:32:25,783 - INFO -  epoch= 800      train_loss=  62.5183      val_loss= 392.1519      best=1      size=  52      nSHD_c=   3.1000      nSHD=   3.1000      tpr_c=   0.1923      change_adj_count=60      
2022-08-19 BST 21:32:53,635 - INFO -  epoch= 900      train_loss=  59.2327      val_loss= 302.9757      best=1      size=  51      nSHD_c=   3.0667      nSHD=   3.0667      tpr_c=   0.1961      change_adj_count=63      
2022-08-19 BST 21:33:20,861 - INFO -  epoch=1000      train_loss=  54.3845      val_loss= 285.9024      best=1      size=  51      nSHD_c=   3.0667      nSHD=   3.0667      tpr_c=   0.1961      change_adj_count=67      
2022-08-19 BST 21:33:20,862 - INFO - 

DAG 4: size_true=48	X.var()=47.3993
2022-08-19 BST 21:33:21,170 - INFO -  epoch=   1      train_loss=  44.4768      val_loss=  41.0651      best=1      size=  54      nSHD_c=   2.8333      nSHD=   2.7667      tpr_c=   0.0926      change_adj_count=5      
2022-08-19 BST 21:33:21,470 - INFO -  epoch=   2      train_loss=  40.5902      val_loss=  15.6697      best=1      size=  50      nSHD_c=   2.4333      nSHD=   2.4333      tpr_c=   0.2400      change_adj_count=6      
2022-08-19 BST 21:33:48,305 - INFO -  epoch= 100      train_loss=  29.4281      val_loss= 417.6641      best=1      size=  58      nSHD_c=   2.5333      nSHD=   2.5333      tpr_c=   0.2586      change_adj_count=58      
2022-08-19 BST 21:34:15,572 - INFO -  epoch= 200      train_loss=  27.7977      val_loss= 308.6870      best=1      size=  57      nSHD_c=   2.5333      nSHD=   2.5000      tpr_c=   0.2456      change_adj_count=83      
2022-08-19 BST 21:34:43,106 - INFO -  epoch= 300      train_loss=  26.9409      val_loss= 263.1507      best=1      size=  57      nSHD_c=   2.5000      nSHD=   2.5000      tpr_c=   0.2632      change_adj_count=93      
2022-08-19 BST 21:35:10,449 - INFO -  epoch= 400      train_loss=  25.1849      val_loss= 221.7074      best=1      size=  57      nSHD_c=   2.5000      nSHD=   2.5000      tpr_c=   0.2632      change_adj_count=94      
2022-08-19 BST 21:35:37,888 - INFO -  epoch= 500      train_loss=  23.3178      val_loss= 180.4184      best=1      size=  56      nSHD_c=   2.4667      nSHD=   2.4667      tpr_c=   0.2679      change_adj_count=95      
2022-08-19 BST 21:36:05,443 - INFO -  epoch= 600      train_loss=  21.5799      val_loss= 142.8463      best=1      size=  55      nSHD_c=   2.5000      nSHD=   2.5000      tpr_c=   0.2545      change_adj_count=107      
2022-08-19 BST 21:36:33,143 - INFO -  epoch= 700      train_loss=  21.0723      val_loss= 123.7589      best=1      size=  55      nSHD_c=   2.5000      nSHD=   2.5000      tpr_c=   0.2545      change_adj_count=107      
2022-08-19 BST 21:37:00,430 - INFO -  epoch= 800      train_loss=  20.0474      val_loss= 102.0713      best=1      size=  54      nSHD_c=   2.4667      nSHD=   2.4667      tpr_c=   0.2593      change_adj_count=110      
2022-08-19 BST 21:37:27,004 - INFO -  epoch= 900      train_loss=  18.6191      val_loss=  87.7397      best=1      size=  54      nSHD_c=   2.4667      nSHD=   2.4667      tpr_c=   0.2593      change_adj_count=110      
2022-08-19 BST 21:37:53,242 - INFO -  epoch=1000      train_loss=  17.9542      val_loss=  70.4803      best=1      size=  54      nSHD_c=   2.4333      nSHD=   2.4000      tpr_c=   0.2593      change_adj_count=113      
2022-08-19 BST 21:37:53,243 - INFO - 

DAG 5: size_true=57	X.var()=54.7286
2022-08-19 BST 21:37:53,587 - INFO -  epoch=   1      train_loss=  54.3182      val_loss=  38.8388      best=1      size=  57      nSHD_c=   3.4333      nSHD=   3.4333      tpr_c=   0.0526      change_adj_count=5      
2022-08-19 BST 21:37:53,891 - INFO -  epoch=   2      train_loss=  50.6295      val_loss=  29.2883      best=1      size=  52      nSHD_c=   3.1667      nSHD=   3.1667      tpr_c=   0.0769      change_adj_count=6      
2022-08-19 BST 21:38:20,334 - INFO -  epoch= 100      train_loss=  35.7045      val_loss= 359.9720      best=1      size=  40      nSHD_c=   2.5333      nSHD=   2.5000      tpr_c=   0.2500      change_adj_count=50      
2022-08-19 BST 21:38:46,977 - INFO -  epoch= 200      train_loss=  33.6248      val_loss= 292.1593      best=1      size=  39      nSHD_c=   2.5000      nSHD=   2.4667      tpr_c=   0.2564      change_adj_count=57      
2022-08-19 BST 21:39:13,945 - INFO -  epoch= 300      train_loss=  30.5710      val_loss= 238.6167      best=1      size=  39      nSHD_c=   2.5000      nSHD=   2.4667      tpr_c=   0.2564      change_adj_count=57      
2022-08-19 BST 21:39:40,505 - INFO -  epoch= 400      train_loss=  28.5924      val_loss= 186.2913      best=1      size=  39      nSHD_c=   2.5000      nSHD=   2.4667      tpr_c=   0.2564      change_adj_count=57      
2022-08-19 BST 21:40:07,463 - INFO -  epoch= 500      train_loss=  27.2269      val_loss= 149.9911      best=1      size=  39      nSHD_c=   2.5000      nSHD=   2.4667      tpr_c=   0.2564      change_adj_count=57      
2022-08-19 BST 21:40:34,269 - INFO -  epoch= 600      train_loss=  24.3103      val_loss= 117.0061      best=1      size=  40      nSHD_c=   2.5333      nSHD=   2.5000      tpr_c=   0.2500      change_adj_count=58      
2022-08-19 BST 21:41:01,534 - INFO -  epoch= 700      train_loss=  21.9807      val_loss=  94.1527      best=1      size=  41      nSHD_c=   2.5333      nSHD=   2.5333      tpr_c=   0.2683      change_adj_count=59      
2022-08-19 BST 21:41:28,467 - INFO -  epoch= 800      train_loss=  19.7850      val_loss=  74.9575      best=1      size=  42      nSHD_c=   2.5333      nSHD=   2.5000      tpr_c=   0.2619      change_adj_count=60      
2022-08-19 BST 21:41:55,277 - INFO -  epoch= 900      train_loss=  18.7803      val_loss=  61.2397      best=1      size=  43      nSHD_c=   2.5000      nSHD=   2.5000      tpr_c=   0.2791      change_adj_count=61      
2022-08-19 BST 21:42:21,908 - INFO -  epoch=1000      train_loss=  16.9695      val_loss=  42.9145      best=1      size=  45      nSHD_c=   2.4667      nSHD=   2.4333      tpr_c=   0.2889      change_adj_count=63      
2022-08-19 BST 21:42:21,909 - INFO - 

DAG 6: size_true=64	X.var()=29.7229
2022-08-19 BST 21:42:22,183 - INFO -  epoch=   1      train_loss=  27.2168      val_loss=  22.2388      best=1      size=  56      nSHD_c=   3.5333      nSHD=   3.4667      tpr_c=   0.0893      change_adj_count=5      
2022-08-19 BST 21:42:22,477 - INFO -  epoch=   2      train_loss=  24.3445      val_loss=  13.5342      best=1      size=  52      nSHD_c=   3.3667      nSHD=   3.3667      tpr_c=   0.1154      change_adj_count=6      
2022-08-19 BST 21:42:47,619 - INFO -  epoch= 100      train_loss=  20.3954      val_loss= 125.2070      best=1      size=  54      nSHD_c=   3.0667      nSHD=   3.0000      tpr_c=   0.2037      change_adj_count=77      
2022-08-19 BST 21:43:12,921 - INFO -  epoch= 200      train_loss=  19.7295      val_loss= 127.8552      best=1      size=  55      nSHD_c=   3.1000      nSHD=   3.0333      tpr_c=   0.2000      change_adj_count=104      
2022-08-19 BST 21:43:38,056 - INFO -  epoch= 300      train_loss=  19.3752      val_loss= 114.8873      best=1      size=  54      nSHD_c=   3.0667      nSHD=   3.0000      tpr_c=   0.2037      change_adj_count=121      
2022-08-19 BST 21:44:03,664 - INFO -  epoch= 400      train_loss=  18.9615      val_loss=  94.6668      best=1      size=  53      nSHD_c=   3.0333      nSHD=   2.9667      tpr_c=   0.2075      change_adj_count=144      
2022-08-19 BST 21:44:29,027 - INFO -  epoch= 500      train_loss=  18.2946      val_loss=  92.3538      best=1      size=  53      nSHD_c=   3.0333      nSHD=   2.9667      tpr_c=   0.2075      change_adj_count=150      
2022-08-19 BST 21:44:55,569 - INFO -  epoch= 600      train_loss=  17.7459      val_loss=  83.0498      best=1      size=  53      nSHD_c=   3.0333      nSHD=   2.9667      tpr_c=   0.2075      change_adj_count=158      
2022-08-19 BST 21:45:21,966 - INFO -  epoch= 700      train_loss=  17.4339      val_loss=  68.7084      best=1      size=  53      nSHD_c=   3.0333      nSHD=   2.9667      tpr_c=   0.2075      change_adj_count=165      
2022-08-19 BST 21:45:48,034 - INFO -  epoch= 800      train_loss=  16.8047      val_loss=  66.3755      best=1      size=  53      nSHD_c=   3.0333      nSHD=   2.9667      tpr_c=   0.2075      change_adj_count=171      
2022-08-19 BST 21:46:14,069 - INFO -  epoch= 900      train_loss=  16.6215      val_loss=  56.0385      best=1      size=  53      nSHD_c=   3.0000      nSHD=   2.9000      tpr_c=   0.2075      change_adj_count=177      
2022-08-19 BST 21:46:40,052 - INFO -  epoch=1000      train_loss=  15.8503      val_loss=  50.7953      best=1      size=  53      nSHD_c=   2.9333      nSHD=   2.8333      tpr_c=   0.2264      change_adj_count=181      
2022-08-19 BST 21:46:40,053 - INFO - 

DAG 7: size_true=62	X.var()=55.6800
2022-08-19 BST 21:46:40,356 - INFO -  epoch=   1      train_loss=  49.6535      val_loss=  31.3446      best=1      size=  54      nSHD_c=   3.4667      nSHD=   3.4333      tpr_c=   0.0556      change_adj_count=5      
2022-08-19 BST 21:47:06,487 - INFO -  epoch= 100      train_loss=  29.4658      val_loss= 693.3704      best=1      size=  51      nSHD_c=   3.1667      nSHD=   3.1667      tpr_c=   0.1569      change_adj_count=51      
2022-08-19 BST 21:47:33,171 - INFO -  epoch= 200      train_loss=  27.7208      val_loss= 591.7378      best=1      size=  51      nSHD_c=   3.1333      nSHD=   3.1000      tpr_c=   0.1569      change_adj_count=82      
2022-08-19 BST 21:47:59,426 - INFO -  epoch= 300      train_loss=  25.1462      val_loss= 457.5388      best=1      size=  51      nSHD_c=   3.1667      nSHD=   3.1667      tpr_c=   0.1569      change_adj_count=96      
2022-08-19 BST 21:48:25,123 - INFO -  epoch= 400      train_loss=  24.8958      val_loss= 418.9309      best=1      size=  51      nSHD_c=   3.1667      nSHD=   3.1667      tpr_c=   0.1569      change_adj_count=96      
2022-08-19 BST 21:48:51,686 - INFO -  epoch= 500      train_loss=  23.9461      val_loss= 302.5555      best=1      size=  51      nSHD_c=   3.1667      nSHD=   3.1667      tpr_c=   0.1569      change_adj_count=97      
2022-08-19 BST 21:49:18,331 - INFO -  epoch= 600      train_loss=  22.1594      val_loss= 247.8758      best=1      size=  51      nSHD_c=   3.2000      nSHD=   3.1667      tpr_c=   0.1373      change_adj_count=98      
2022-08-19 BST 21:49:45,169 - INFO -  epoch= 700      train_loss=  20.5452      val_loss= 205.2502      best=1      size=  51      nSHD_c=   3.2000      nSHD=   3.1667      tpr_c=   0.1373      change_adj_count=99      
2022-08-19 BST 21:50:10,560 - INFO -  epoch= 800      train_loss=  19.9949      val_loss= 172.5342      best=1      size=  51      nSHD_c=   3.2000      nSHD=   3.1667      tpr_c=   0.1373      change_adj_count=108      
2022-08-19 BST 21:50:35,985 - INFO -  epoch= 900      train_loss=  18.9494      val_loss= 144.8424      best=1      size=  51      nSHD_c=   3.2000      nSHD=   3.1667      tpr_c=   0.1373      change_adj_count=117      
2022-08-19 BST 21:51:01,664 - INFO -  epoch=1000      train_loss=  18.3981      val_loss= 125.0229      best=1      size=  51      nSHD_c=   3.2000      nSHD=   3.1667      tpr_c=   0.1373      change_adj_count=121      
2022-08-19 BST 21:51:01,666 - INFO - 

DAG 8: size_true=63	X.var()=39.3378
2022-08-19 BST 21:51:01,992 - INFO -  epoch=   1      train_loss=  37.3991      val_loss=  29.4813      best=1      size=  54      nSHD_c=   3.5667      nSHD=   3.5667      tpr_c=   0.0556      change_adj_count=5      
2022-08-19 BST 21:51:02,303 - INFO -  epoch=   2      train_loss=  33.7898      val_loss=  16.2076      best=1      size=  52      nSHD_c=   3.3333      nSHD=   3.3333      tpr_c=   0.0962      change_adj_count=6      
2022-08-19 BST 21:51:28,006 - INFO -  epoch= 100      train_loss=  26.4526      val_loss= 237.6553      best=1      size=  56      nSHD_c=   3.0333      nSHD=   3.0333      tpr_c=   0.2500      change_adj_count=48      
2022-08-19 BST 21:51:52,869 - INFO -  epoch= 200      train_loss=  25.4519      val_loss= 197.7092      best=1      size=  58      nSHD_c=   3.0667      nSHD=   3.0333      tpr_c=   0.2414      change_adj_count=68      
2022-08-19 BST 21:52:19,392 - INFO -  epoch= 300      train_loss=  23.3419      val_loss= 170.7040      best=1      size=  57      nSHD_c=   3.0333      nSHD=   3.0000      tpr_c=   0.2456      change_adj_count=78      
2022-08-19 BST 21:52:46,748 - INFO -  epoch= 400      train_loss=  22.2680      val_loss= 155.6736      best=1      size=  57      nSHD_c=   3.0333      nSHD=   3.0000      tpr_c=   0.2456      change_adj_count=84      
2022-08-19 BST 21:53:14,454 - INFO -  epoch= 500      train_loss=  20.8624      val_loss= 121.3334      best=1      size=  56      nSHD_c=   3.0000      nSHD=   2.9667      tpr_c=   0.2500      change_adj_count=91      
2022-08-19 BST 21:53:42,022 - INFO -  epoch= 600      train_loss=  20.0950      val_loss=  98.7449      best=1      size=  56      nSHD_c=   3.0000      nSHD=   2.9667      tpr_c=   0.2500      change_adj_count=91      
2022-08-19 BST 21:54:10,379 - INFO -  epoch= 700      train_loss=  19.0251      val_loss=  85.4871      best=1      size=  56      nSHD_c=   3.0000      nSHD=   2.9667      tpr_c=   0.2500      change_adj_count=91      
2022-08-19 BST 21:54:38,361 - INFO -  epoch= 800      train_loss=  18.7728      val_loss=  78.2788      best=1      size=  56      nSHD_c=   3.0000      nSHD=   2.9667      tpr_c=   0.2500      change_adj_count=91      
2022-08-19 BST 21:55:06,371 - INFO -  epoch= 900      train_loss=  17.1870      val_loss=  66.0869      best=1      size=  57      nSHD_c=   3.0000      nSHD=   2.9333      tpr_c=   0.2456      change_adj_count=98      
2022-08-19 BST 21:55:34,021 - INFO -  epoch=1000      train_loss=  16.7533      val_loss=  56.8134      best=1      size=  56      nSHD_c=   2.9667      nSHD=   2.9000      tpr_c=   0.2500      change_adj_count=99      
2022-08-19 BST 21:55:34,022 - INFO - 

DAG 9: size_true=61	X.var()=94.6254
2022-08-19 BST 21:55:34,354 - INFO -  epoch=   1      train_loss=  84.2350      val_loss=  49.1913      best=1      size=  55      nSHD_c=   3.4333      nSHD=   3.4333      tpr_c=   0.0545      change_adj_count=5      
2022-08-19 BST 21:56:01,440 - INFO -  epoch= 100      train_loss=  51.0685      val_loss= 998.9539      best=1      size=  56      nSHD_c=   3.2667      nSHD=   3.2667      tpr_c=   0.1607      change_adj_count=47      
2022-08-19 BST 21:56:28,900 - INFO -  epoch= 200      train_loss=  47.3319      val_loss= 901.0914      best=1      size=  56      nSHD_c=   3.2667      nSHD=   3.2667      tpr_c=   0.1607      change_adj_count=47      
2022-08-19 BST 21:56:56,463 - INFO -  epoch= 300      train_loss=  43.5049      val_loss= 668.7113      best=1      size=  56      nSHD_c=   3.2667      nSHD=   3.2667      tpr_c=   0.1607      change_adj_count=47      
2022-08-19 BST 21:57:24,150 - INFO -  epoch= 400      train_loss=  41.3711      val_loss= 520.1458      best=1      size=  56      nSHD_c=   3.2333      nSHD=   3.2000      tpr_c=   0.1607      change_adj_count=51      
2022-08-19 BST 21:57:51,535 - INFO -  epoch= 500      train_loss=  39.9812      val_loss= 425.0452      best=1      size=  56      nSHD_c=   3.2333      nSHD=   3.2000      tpr_c=   0.1607      change_adj_count=51      
2022-08-19 BST 21:58:19,390 - INFO -  epoch= 600      train_loss=  37.1713      val_loss= 330.4317      best=1      size=  56      nSHD_c=   3.2333      nSHD=   3.2000      tpr_c=   0.1607      change_adj_count=51      
2022-08-19 BST 21:58:47,129 - INFO -  epoch= 700      train_loss=  35.0553      val_loss= 272.7858      best=1      size=  54      nSHD_c=   3.1667      nSHD=   3.1333      tpr_c=   0.1667      change_adj_count=52      
2022-08-19 BST 21:59:14,737 - INFO -  epoch= 800      train_loss=  33.0992      val_loss= 225.0587      best=1      size=  55      nSHD_c=   3.2000      nSHD=   3.1667      tpr_c=   0.1636      change_adj_count=52      
2022-08-19 BST 21:59:42,676 - INFO -  epoch= 900      train_loss=  30.9543      val_loss= 182.2057      best=1      size=  55      nSHD_c=   3.2000      nSHD=   3.1667      tpr_c=   0.1636      change_adj_count=56      
2022-08-19 BST 22:00:11,011 - INFO -  epoch=1000      train_loss=  29.3243      val_loss= 143.6312      best=1      size=  54      nSHD_c=   3.1667      nSHD=   3.1333      tpr_c=   0.1667      change_adj_count=60      
2022-08-19 BST 22:00:11,012 - INFO - 

DAG 10: size_true=51	X.var()=18.9170
2022-08-19 BST 22:00:11,380 - INFO -  epoch=   1      train_loss=  17.7465      val_loss=  15.3503      best=1      size=  58      nSHD_c=   3.1333      nSHD=   3.0333      tpr_c=   0.0690      change_adj_count=5      
2022-08-19 BST 22:00:11,725 - INFO -  epoch=   2      train_loss=  16.3993      val_loss=  11.3148      best=1      size=  58      nSHD_c=   2.8667      nSHD=   2.8000      tpr_c=   0.1379      change_adj_count=6      
2022-08-19 BST 22:00:39,267 - INFO -  epoch= 100      train_loss=  13.9199      val_loss=  68.8563      best=1      size=  53      nSHD_c=   2.5667      nSHD=   2.5000      tpr_c=   0.2075      change_adj_count=85      
2022-08-19 BST 22:01:07,455 - INFO -  epoch= 200      train_loss=  13.7045      val_loss=  67.4884      best=1      size=  52      nSHD_c=   2.5333      nSHD=   2.4667      tpr_c=   0.2115      change_adj_count=112      
2022-08-19 BST 22:01:35,138 - INFO -  epoch= 300      train_loss=  13.4556      val_loss=  63.6893      best=1      size=  52      nSHD_c=   2.5333      nSHD=   2.4333      tpr_c=   0.2115      change_adj_count=129      
2022-08-19 BST 22:02:03,096 - INFO -  epoch= 400      train_loss=  13.1034      val_loss=  62.9691      best=1      size=  53      nSHD_c=   2.5000      nSHD=   2.4000      tpr_c=   0.2264      change_adj_count=130      
2022-08-19 BST 22:02:29,698 - INFO -  epoch= 500      train_loss=  12.9195      val_loss=  55.2405      best=1      size=  53      nSHD_c=   2.5333      nSHD=   2.4333      tpr_c=   0.2075      change_adj_count=130      
2022-08-19 BST 22:02:55,200 - INFO -  epoch= 600      train_loss=  12.4509      val_loss=  51.2296      best=1      size=  53      nSHD_c=   2.5333      nSHD=   2.4333      tpr_c=   0.2075      change_adj_count=134      
2022-08-19 BST 22:03:20,645 - INFO -  epoch= 700      train_loss=  12.3483      val_loss=  45.4359      best=1      size=  53      nSHD_c=   2.5333      nSHD=   2.4333      tpr_c=   0.2075      change_adj_count=138      
2022-08-19 BST 22:03:45,974 - INFO -  epoch= 800      train_loss=  11.8951      val_loss=  45.4963      best=1      size=  53      nSHD_c=   2.5333      nSHD=   2.4333      tpr_c=   0.2075      change_adj_count=138      
2022-08-19 BST 22:04:11,401 - INFO -  epoch= 900      train_loss=  11.7453      val_loss=  38.6600      best=1      size=  53      nSHD_c=   2.5333      nSHD=   2.4333      tpr_c=   0.2075      change_adj_count=138      
2022-08-19 BST 22:04:37,388 - INFO -  epoch=1000      train_loss=  11.2393      val_loss=  36.0223      best=1      size=  52      nSHD_c=   2.4667      nSHD=   2.3667      tpr_c=   0.2308      change_adj_count=139      
2022-08-19 BST 22:04:37,389 - INFO - 

DAG 11: size_true=68	X.var()=127.5135
2022-08-19 BST 22:04:37,789 - INFO -  epoch=   1      train_loss= 119.0815      val_loss=  69.8191      best=1      size=  54      nSHD_c=   3.7667      nSHD=   3.7667      tpr_c=   0.0556      change_adj_count=5      
2022-08-19 BST 22:05:03,361 - INFO -  epoch= 100      train_loss=  67.9843      val_loss=1339.5803      best=1      size=  60      nSHD_c=   3.4667      nSHD=   3.4667      tpr_c=   0.2000      change_adj_count=35      
2022-08-19 BST 22:05:29,156 - INFO -  epoch= 200      train_loss=  62.4372      val_loss=1031.2107      best=1      size=  61      nSHD_c=   3.5000      nSHD=   3.5000      tpr_c=   0.1967      change_adj_count=41      
2022-08-19 BST 22:05:55,162 - INFO -  epoch= 300      train_loss=  56.9482      val_loss= 780.4005      best=1      size=  60      nSHD_c=   3.4667      nSHD=   3.4667      tpr_c=   0.2000      change_adj_count=48      
2022-08-19 BST 22:06:20,458 - INFO -  epoch= 400      train_loss=  49.1373      val_loss= 564.3368      best=1      size=  60      nSHD_c=   3.4000      nSHD=   3.4000      tpr_c=   0.2167      change_adj_count=51      
2022-08-19 BST 22:06:46,660 - INFO -  epoch= 500      train_loss=  44.3331      val_loss= 445.8668      best=1      size=  60      nSHD_c=   3.3667      nSHD=   3.3333      tpr_c=   0.2167      change_adj_count=58      
2022-08-19 BST 22:07:11,757 - INFO -  epoch= 600      train_loss=  39.9360      val_loss= 298.4815      best=1      size=  60      nSHD_c=   3.3667      nSHD=   3.3333      tpr_c=   0.2167      change_adj_count=58      
2022-08-19 BST 22:07:36,486 - INFO -  epoch= 700      train_loss=  37.9497      val_loss= 236.2981      best=1      size=  59      nSHD_c=   3.4000      nSHD=   3.3667      tpr_c=   0.2034      change_adj_count=59      
2022-08-19 BST 22:08:02,292 - INFO -  epoch= 800      train_loss=  33.0235      val_loss= 189.4284      best=1      size=  58      nSHD_c=   3.4333      nSHD=   3.4000      tpr_c=   0.1897      change_adj_count=60      
2022-08-19 BST 22:08:27,512 - INFO -  epoch= 900      train_loss=  31.4737      val_loss= 152.4307      best=1      size=  57      nSHD_c=   3.3333      nSHD=   3.3000      tpr_c=   0.2105      change_adj_count=62      
2022-08-19 BST 22:08:53,545 - INFO -  epoch=1000      train_loss=  29.4607      val_loss= 117.8393      best=1      size=  56      nSHD_c=   3.2667      nSHD=   3.2667      tpr_c=   0.2321      change_adj_count=64      
2022-08-19 BST 22:08:53,546 - INFO - 

DAG 12: size_true=53	X.var()=15.8398
2022-08-19 BST 22:08:53,807 - INFO -  epoch=   1      train_loss=  15.3327      val_loss=  12.9698      best=1      size=  56      nSHD_c=   3.1667      nSHD=   3.1333      tpr_c=   0.0714      change_adj_count=5      
2022-08-19 BST 22:08:54,085 - INFO -  epoch=   2      train_loss=  14.1009      val_loss=   9.6943      best=1      size=  57      nSHD_c=   3.1000      nSHD=   3.0667      tpr_c=   0.0877      change_adj_count=6      
2022-08-19 BST 22:08:54,382 - INFO -  epoch=   3      train_loss=  13.4343      val_loss=   7.2195      best=1      size=  53      nSHD_c=   3.0333      nSHD=   3.0000      tpr_c=   0.0943      change_adj_count=7      
2022-08-19 BST 22:09:18,809 - INFO -  epoch= 100      train_loss=  11.5347      val_loss=  70.3906      best=1      size=  51      nSHD_c=   2.3667      nSHD=   2.3333      tpr_c=   0.2941      change_adj_count=70      
2022-08-19 BST 22:09:44,292 - INFO -  epoch= 200      train_loss=  11.3255      val_loss=  64.1648      best=1      size=  52      nSHD_c=   2.3333      nSHD=   2.3000      tpr_c=   0.3077      change_adj_count=93      
2022-08-19 BST 22:10:09,755 - INFO -  epoch= 300      train_loss=  10.9566      val_loss=  56.2003      best=1      size=  52      nSHD_c=   2.3667      nSHD=   2.3000      tpr_c=   0.2885      change_adj_count=108      
2022-08-19 BST 22:10:35,340 - INFO -  epoch= 400      train_loss=  10.6362      val_loss=  50.7892      best=1      size=  52      nSHD_c=   2.3333      nSHD=   2.3000      tpr_c=   0.3077      change_adj_count=112      
2022-08-19 BST 22:11:00,906 - INFO -  epoch= 500      train_loss=  10.4130      val_loss=  46.6948      best=1      size=  52      nSHD_c=   2.3333      nSHD=   2.3000      tpr_c=   0.3077      change_adj_count=112      
2022-08-19 BST 22:11:26,635 - INFO -  epoch= 600      train_loss=   9.9863      val_loss=  39.0795      best=1      size=  52      nSHD_c=   2.3333      nSHD=   2.3000      tpr_c=   0.3077      change_adj_count=112      
2022-08-19 BST 22:11:52,480 - INFO -  epoch= 700      train_loss=   9.7727      val_loss=  35.0153      best=1      size=  52      nSHD_c=   2.3333      nSHD=   2.3000      tpr_c=   0.3077      change_adj_count=112      
2022-08-19 BST 22:12:17,986 - INFO -  epoch= 800      train_loss=   9.2727      val_loss=  35.6848      best=1      size=  52      nSHD_c=   2.3333      nSHD=   2.3000      tpr_c=   0.3077      change_adj_count=112      
2022-08-19 BST 22:12:42,600 - INFO -  epoch= 900      train_loss=   9.3203      val_loss=  26.9349      best=1      size=  52      nSHD_c=   2.3333      nSHD=   2.3000      tpr_c=   0.3077      change_adj_count=119      
2022-08-19 BST 22:13:08,279 - INFO -  epoch=1000      train_loss=   8.9668      val_loss=  25.8718      best=1      size=  52      nSHD_c=   2.3333      nSHD=   2.3000      tpr_c=   0.3077      change_adj_count=123      
2022-08-19 BST 22:13:08,280 - INFO - 

DAG 13: size_true=53	X.var()=112.2632
2022-08-19 BST 22:13:08,543 - INFO -  epoch=   1      train_loss= 106.1730      val_loss=  59.5367      best=1      size=  51      nSHD_c=   3.1667      nSHD=   3.1667      tpr_c=   0.0588      change_adj_count=5      
2022-08-19 BST 22:13:34,364 - INFO -  epoch= 100      train_loss=  55.4743      val_loss=1250.2404      best=1      size=  46      nSHD_c=   2.6667      nSHD=   2.6333      tpr_c=   0.1957      change_adj_count=46      
2022-08-19 BST 22:14:00,026 - INFO -  epoch= 200      train_loss=  49.0349      val_loss=1051.6587      best=1      size=  49      nSHD_c=   2.7667      nSHD=   2.7333      tpr_c=   0.1837      change_adj_count=56      
2022-08-19 BST 22:14:25,134 - INFO -  epoch= 300      train_loss=  44.5954      val_loss= 713.0157      best=1      size=  49      nSHD_c=   2.7667      nSHD=   2.7333      tpr_c=   0.1837      change_adj_count=56      
2022-08-19 BST 22:14:50,880 - INFO -  epoch= 400      train_loss=  40.3945      val_loss= 541.6828      best=1      size=  51      nSHD_c=   2.7667      nSHD=   2.7667      tpr_c=   0.1961      change_adj_count=61      
2022-08-19 BST 22:15:15,977 - INFO -  epoch= 500      train_loss=  35.1540      val_loss= 383.8330      best=1      size=  51      nSHD_c=   2.7667      nSHD=   2.7667      tpr_c=   0.1961      change_adj_count=61      
2022-08-19 BST 22:15:41,235 - INFO -  epoch= 600      train_loss=  32.3548      val_loss= 318.6774      best=1      size=  51      nSHD_c=   2.7667      nSHD=   2.7667      tpr_c=   0.1961      change_adj_count=61      
2022-08-19 BST 22:16:05,897 - INFO -  epoch= 700      train_loss=  30.6682      val_loss= 243.0920      best=1      size=  51      nSHD_c=   2.7667      nSHD=   2.7667      tpr_c=   0.1961      change_adj_count=62      
2022-08-19 BST 22:16:31,038 - INFO -  epoch= 800      train_loss=  28.1197      val_loss= 200.8209      best=1      size=  51      nSHD_c=   2.7667      nSHD=   2.7667      tpr_c=   0.1961      change_adj_count=68      
2022-08-19 BST 22:16:56,192 - INFO -  epoch= 900      train_loss=  26.5003      val_loss= 148.9404      best=1      size=  50      nSHD_c=   2.7333      nSHD=   2.7333      tpr_c=   0.2000      change_adj_count=69      
2022-08-19 BST 22:17:21,452 - INFO -  epoch=1000      train_loss=  25.5849      val_loss= 115.1918      best=1      size=  49      nSHD_c=   2.7000      nSHD=   2.7000      tpr_c=   0.2041      change_adj_count=73      
2022-08-19 BST 22:17:21,453 - INFO - 

DAG 14: size_true=59	X.var()=16.7418
2022-08-19 BST 22:17:21,753 - INFO -  epoch=   1      train_loss=  15.2879      val_loss=  14.5140      best=1      size=  53      nSHD_c=   3.5333      nSHD=   3.5333      tpr_c=   0.0377      change_adj_count=5      
2022-08-19 BST 22:17:22,074 - INFO -  epoch=   2      train_loss=  13.9634      val_loss=  12.4712      best=1      size=  58      nSHD_c=   3.4000      nSHD=   3.4000      tpr_c=   0.0862      change_adj_count=6      
2022-08-19 BST 22:17:46,168 - INFO -  epoch= 100      train_loss=  11.9624      val_loss=  61.0774      best=1      size=  59      nSHD_c=   2.7667      nSHD=   2.6333      tpr_c=   0.2542      change_adj_count=87      
2022-08-19 BST 22:18:11,545 - INFO -  epoch= 200      train_loss=  11.6992      val_loss=  60.5602      best=1      size=  59      nSHD_c=   2.7000      nSHD=   2.6000      tpr_c=   0.2881      change_adj_count=112      
2022-08-19 BST 22:18:36,376 - INFO -  epoch= 300      train_loss=  11.4195      val_loss=  57.6493      best=1      size=  59      nSHD_c=   2.7000      nSHD=   2.6000      tpr_c=   0.2881      change_adj_count=142      
2022-08-19 BST 22:19:01,311 - INFO -  epoch= 400      train_loss=  11.4607      val_loss=  53.1644      best=1      size=  59      nSHD_c=   2.7000      nSHD=   2.6000      tpr_c=   0.2881      change_adj_count=147      
2022-08-19 BST 22:19:26,272 - INFO -  epoch= 500      train_loss=  11.1684      val_loss=  51.5129      best=1      size=  58      nSHD_c=   2.6000      nSHD=   2.5000      tpr_c=   0.3103      change_adj_count=155      
2022-08-19 BST 22:19:51,058 - INFO -  epoch= 600      train_loss=  11.1428      val_loss=  44.7606      best=1      size=  59      nSHD_c=   2.6333      nSHD=   2.5333      tpr_c=   0.3051      change_adj_count=156      
2022-08-19 BST 22:20:16,586 - INFO -  epoch= 700      train_loss=  10.7561      val_loss=  47.7315      best=1      size=  59      nSHD_c=   2.6667      nSHD=   2.5333      tpr_c=   0.2881      change_adj_count=164      
2022-08-19 BST 22:20:41,636 - INFO -  epoch= 800      train_loss=  10.7099      val_loss=  43.8364      best=1      size=  59      nSHD_c=   2.6667      nSHD=   2.5333      tpr_c=   0.2881      change_adj_count=178      
2022-08-19 BST 22:21:06,430 - INFO -  epoch= 900      train_loss=  10.4589      val_loss=  38.1934      best=1      size=  59      nSHD_c=   2.6333      nSHD=   2.5333      tpr_c=   0.3051      change_adj_count=191      
2022-08-19 BST 22:21:31,675 - INFO -  epoch=1000      train_loss=  10.4185      val_loss=  33.5514      best=1      size=  59      nSHD_c=   2.5333      nSHD=   2.4667      tpr_c=   0.3390      change_adj_count=194      
2022-08-19 BST 22:21:31,676 - INFO - 

DAG 15: size_true=42	X.var()=8.6273
2022-08-19 BST 22:21:31,970 - INFO -  epoch=   1      train_loss=   8.1744      val_loss=   8.0892      best=1      size=  56      nSHD_c=   3.0000      nSHD=   3.0000      tpr_c=   0.0536      change_adj_count=5      
2022-08-19 BST 22:21:32,255 - INFO -  epoch=   2      train_loss=   7.6212      val_loss=   6.3692      best=1      size=  56      nSHD_c=   2.9667      nSHD=   2.9667      tpr_c=   0.0536      change_adj_count=6      
2022-08-19 BST 22:21:32,506 - INFO -  epoch=   3      train_loss=   7.3457      val_loss=   5.2523      best=1      size=  57      nSHD_c=   2.8333      nSHD=   2.7333      tpr_c=   0.0877      change_adj_count=7      
2022-08-19 BST 22:21:56,438 - INFO -  epoch= 100      train_loss=   6.7589      val_loss=  23.6626      best=1      size=  55      nSHD_c=   1.8667      nSHD=   1.7667      tpr_c=   0.3273      change_adj_count=90      
2022-08-19 BST 22:22:20,748 - INFO -  epoch= 200      train_loss=   6.7388      val_loss=  20.9110      best=1      size=  52      nSHD_c=   1.8000      nSHD=   1.7333      tpr_c=   0.3462      change_adj_count=146      
2022-08-19 BST 22:22:45,370 - INFO -  epoch= 300      train_loss=   6.6762      val_loss=  19.9183      best=1      size=  53      nSHD_c=   1.7667      nSHD=   1.7000      tpr_c=   0.3585      change_adj_count=165      
2022-08-19 BST 22:23:09,760 - INFO -  epoch= 400      train_loss=   6.6481      val_loss=  20.2162      best=1      size=  53      nSHD_c=   1.7667      nSHD=   1.7000      tpr_c=   0.3585      change_adj_count=175      
2022-08-19 BST 22:23:34,842 - INFO -  epoch= 500      train_loss=   6.4148      val_loss=  18.5054      best=1      size=  52      nSHD_c=   1.9000      nSHD=   1.8000      tpr_c=   0.3077      change_adj_count=196      
2022-08-19 BST 22:24:01,478 - INFO -  epoch= 600      train_loss=   6.3901      val_loss=  17.3141      best=1      size=  54      nSHD_c=   1.8000      nSHD=   1.7333      tpr_c=   0.3519      change_adj_count=228      
2022-08-19 BST 22:24:28,016 - INFO -  epoch= 700      train_loss=   6.3229      val_loss=  17.5761      best=1      size=  52      nSHD_c=   1.8333      nSHD=   1.7333      tpr_c=   0.3269      change_adj_count=255      
2022-08-19 BST 22:24:54,483 - INFO -  epoch= 800      train_loss=   6.2295      val_loss=  15.2203      best=1      size=  52      nSHD_c=   1.8333      nSHD=   1.7333      tpr_c=   0.3269      change_adj_count=264      
2022-08-19 BST 22:25:21,401 - INFO -  epoch= 900      train_loss=   6.1495      val_loss=  14.7327      best=1      size=  53      nSHD_c=   1.8000      nSHD=   1.7000      tpr_c=   0.3396      change_adj_count=266      
2022-08-19 BST 22:25:48,359 - INFO -  epoch=1000      train_loss=   6.0419      val_loss=  13.7077      best=1      size=  52      nSHD_c=   1.8667      nSHD=   1.7333      tpr_c=   0.3077      change_adj_count=277      
2022-08-19 BST 22:25:48,360 - INFO - 

DAG 16: size_true=50	X.var()=12.1502
2022-08-19 BST 22:25:48,718 - INFO -  epoch=   1      train_loss=  11.4121      val_loss=  12.0741      best=1      size=  56      nSHD_c=   3.3000      nSHD=   3.2667      tpr_c=   0.0179      change_adj_count=5      
2022-08-19 BST 22:25:49,021 - INFO -  epoch=   2      train_loss=  10.5807      val_loss=   9.9502      best=1      size=  60      nSHD_c=   3.2667      nSHD=   3.2333      tpr_c=   0.0333      change_adj_count=6      
2022-08-19 BST 22:25:49,332 - INFO -  epoch=   3      train_loss=  10.2692      val_loss=   5.8716      best=1      size=  60      nSHD_c=   2.9333      nSHD=   2.9000      tpr_c=   0.1167      change_adj_count=7      
2022-08-19 BST 22:26:14,569 - INFO -  epoch= 100      train_loss=   9.3007      val_loss=  29.5137      best=1      size=  54      nSHD_c=   2.3667      nSHD=   2.3000      tpr_c=   0.2778      change_adj_count=86      
2022-08-19 BST 22:26:41,617 - INFO -  epoch= 200      train_loss=   9.2888      val_loss=  28.9857      best=1      size=  50      nSHD_c=   2.1667      nSHD=   2.0000      tpr_c=   0.3000      change_adj_count=126      
2022-08-19 BST 22:27:08,166 - INFO -  epoch= 300      train_loss=   8.9718      val_loss=  26.4710      best=1      size=  52      nSHD_c=   2.1333      nSHD=   1.9667      tpr_c=   0.3077      change_adj_count=172      
2022-08-19 BST 22:27:34,804 - INFO -  epoch= 400      train_loss=   8.9902      val_loss=  25.8325      best=1      size=  52      nSHD_c=   2.1667      nSHD=   2.0000      tpr_c=   0.3077      change_adj_count=206      
2022-08-19 BST 22:28:00,965 - INFO -  epoch= 500      train_loss=   8.7557      val_loss=  25.0287      best=1      size=  52      nSHD_c=   2.2000      nSHD=   2.0667      tpr_c=   0.3077      change_adj_count=230      
2022-08-19 BST 22:28:27,736 - INFO -  epoch= 600      train_loss=   8.6586      val_loss=  22.7820      best=1      size=  52      nSHD_c=   2.1667      nSHD=   2.0667      tpr_c=   0.3269      change_adj_count=251      
2022-08-19 BST 22:28:54,499 - INFO -  epoch= 700      train_loss=   8.6794      val_loss=  22.4528      best=1      size=  52      nSHD_c=   2.1667      nSHD=   2.0000      tpr_c=   0.3077      change_adj_count=267      
2022-08-19 BST 22:29:20,990 - INFO -  epoch= 800      train_loss=   8.3615      val_loss=  21.7425      best=1      size=  52      nSHD_c=   2.1667      nSHD=   2.0000      tpr_c=   0.3077      change_adj_count=278      
2022-08-19 BST 22:29:47,421 - INFO -  epoch= 900      train_loss=   8.3624      val_loss=  19.9783      best=1      size=  52      nSHD_c=   2.1667      nSHD=   2.0000      tpr_c=   0.3077      change_adj_count=278      
2022-08-19 BST 22:30:14,239 - INFO -  epoch=1000      train_loss=   8.2741      val_loss=  19.3288      best=1      size=  52      nSHD_c=   2.2000      nSHD=   2.0667      tpr_c=   0.3077      change_adj_count=281      
2022-08-19 BST 22:30:14,240 - INFO - 

DAG 17: size_true=49	X.var()=16.5203
2022-08-19 BST 22:30:14,576 - INFO -  epoch=   1      train_loss=  15.2169      val_loss=  13.2411      best=1      size=  57      nSHD_c=   3.2667      nSHD=   3.2333      tpr_c=   0.0351      change_adj_count=5      
2022-08-19 BST 22:30:14,920 - INFO -  epoch=   2      train_loss=  13.8008      val_loss=  10.0378      best=1      size=  52      nSHD_c=   3.2000      nSHD=   3.1333      tpr_c=   0.0000      change_adj_count=6      
2022-08-19 BST 22:30:40,929 - INFO -  epoch= 100      train_loss=  11.7675      val_loss=  60.1247      best=1      size=  54      nSHD_c=   2.2333      nSHD=   2.2333      tpr_c=   0.3333      change_adj_count=54      
2022-08-19 BST 22:31:07,620 - INFO -  epoch= 200      train_loss=  11.8447      val_loss=  61.0117      best=1      size=  53      nSHD_c=   2.2667      nSHD=   2.2667      tpr_c=   0.3208      change_adj_count=63      
2022-08-19 BST 22:31:34,465 - INFO -  epoch= 300      train_loss=  11.5200      val_loss=  56.0516      best=1      size=  53      nSHD_c=   2.2667      nSHD=   2.2667      tpr_c=   0.3208      change_adj_count=75      
2022-08-19 BST 22:32:00,494 - INFO -  epoch= 400      train_loss=  11.3737      val_loss=  53.5289      best=1      size=  53      nSHD_c=   2.2667      nSHD=   2.2667      tpr_c=   0.3208      change_adj_count=85      
2022-08-19 BST 22:32:27,089 - INFO -  epoch= 500      train_loss=  11.1782      val_loss=  51.0471      best=1      size=  52      nSHD_c=   2.2333      nSHD=   2.2333      tpr_c=   0.3269      change_adj_count=86      
2022-08-19 BST 22:32:53,576 - INFO -  epoch= 600      train_loss=  10.8604      val_loss=  42.2605      best=1      size=  52      nSHD_c=   2.2333      nSHD=   2.2333      tpr_c=   0.3269      change_adj_count=94      
2022-08-19 BST 22:33:20,082 - INFO -  epoch= 700      train_loss=  10.8498      val_loss=  41.8586      best=1      size=  52      nSHD_c=   2.2333      nSHD=   2.2333      tpr_c=   0.3269      change_adj_count=110      
2022-08-19 BST 22:33:46,844 - INFO -  epoch= 800      train_loss=  10.5305      val_loss=  40.9619      best=1      size=  52      nSHD_c=   2.2333      nSHD=   2.2333      tpr_c=   0.3269      change_adj_count=110      
2022-08-19 BST 22:34:13,174 - INFO -  epoch= 900      train_loss=  10.3672      val_loss=  38.6687      best=1      size=  53      nSHD_c=   2.2667      nSHD=   2.2667      tpr_c=   0.3208      change_adj_count=119      
2022-08-19 BST 22:34:39,976 - INFO -  epoch=1000      train_loss=  10.4015      val_loss=  32.9740      best=1      size=  53      nSHD_c=   2.2667      nSHD=   2.2667      tpr_c=   0.3208      change_adj_count=119      
2022-08-19 BST 22:34:39,978 - INFO - 

DAG 18: size_true=56	X.var()=17.9506
2022-08-19 BST 22:34:40,345 - INFO -  epoch=   1      train_loss=  16.9207      val_loss=  14.4521      best=1      size=  56      nSHD_c=   3.5333      nSHD=   3.5333      tpr_c=   0.0357      change_adj_count=5      
2022-08-19 BST 22:34:40,716 - INFO -  epoch=   2      train_loss=  15.2531      val_loss=  10.5442      best=1      size=  55      nSHD_c=   3.3000      nSHD=   3.3000      tpr_c=   0.0727      change_adj_count=6      
2022-08-19 BST 22:35:06,718 - INFO -  epoch= 100      train_loss=  12.3912      val_loss=  77.2571      best=1      size=  60      nSHD_c=   2.7000      nSHD=   2.5667      tpr_c=   0.2500      change_adj_count=70      
2022-08-19 BST 22:35:33,634 - INFO -  epoch= 200      train_loss=  12.4878      val_loss=  73.5468      best=1      size=  61      nSHD_c=   2.7333      nSHD=   2.6000      tpr_c=   0.2459      change_adj_count=98      
2022-08-19 BST 22:36:00,499 - INFO -  epoch= 300      train_loss=  12.0501      val_loss=  67.7520      best=1      size=  60      nSHD_c=   2.7333      nSHD=   2.6333      tpr_c=   0.2500      change_adj_count=110      
2022-08-19 BST 22:36:27,855 - INFO -  epoch= 400      train_loss=  12.0613      val_loss=  66.5454      best=1      size=  61      nSHD_c=   2.7667      nSHD=   2.6667      tpr_c=   0.2459      change_adj_count=120      
2022-08-19 BST 22:36:54,703 - INFO -  epoch= 500      train_loss=  11.4852      val_loss=  58.6081      best=1      size=  62      nSHD_c=   2.7333      nSHD=   2.6333      tpr_c=   0.2581      change_adj_count=129      
2022-08-19 BST 22:37:21,209 - INFO -  epoch= 600      train_loss=  11.0843      val_loss=  50.1669      best=1      size=  62      nSHD_c=   2.7333      nSHD=   2.6333      tpr_c=   0.2581      change_adj_count=133      
2022-08-19 BST 22:37:47,755 - INFO -  epoch= 700      train_loss=  10.7929      val_loss=  48.3801      best=1      size=  61      nSHD_c=   2.7667      nSHD=   2.6667      tpr_c=   0.2459      change_adj_count=134      
2022-08-19 BST 22:38:14,844 - INFO -  epoch= 800      train_loss=  10.3212      val_loss=  45.5429      best=1      size=  61      nSHD_c=   2.7000      nSHD=   2.6000      tpr_c=   0.2623      change_adj_count=150      
2022-08-19 BST 22:38:42,077 - INFO -  epoch= 900      train_loss=   9.8541      val_loss=  37.7758      best=1      size=  61      nSHD_c=   2.6667      nSHD=   2.5333      tpr_c=   0.2623      change_adj_count=158      
2022-08-19 BST 22:39:09,051 - INFO -  epoch=1000      train_loss=   9.6809      val_loss=  32.4954      best=1      size=  60      nSHD_c=   2.6333      nSHD=   2.5000      tpr_c=   0.2667      change_adj_count=163      
2022-08-19 BST 22:39:09,051 - INFO - 

DAG 19: size_true=57	X.var()=24.8142
2022-08-19 BST 22:39:09,359 - INFO -  epoch=   1      train_loss=  22.5117      val_loss=  21.4688      best=1      size=  55      nSHD_c=   3.3667      nSHD=   3.2667      tpr_c=   0.0545      change_adj_count=5      
2022-08-19 BST 22:39:09,671 - INFO -  epoch=   2      train_loss=  20.1257      val_loss=  14.7525      best=1      size=  51      nSHD_c=   3.1667      nSHD=   3.1667      tpr_c=   0.0784      change_adj_count=6      
2022-08-19 BST 22:39:35,871 - INFO -  epoch= 100      train_loss=  16.7285      val_loss= 132.5757      best=1      size=  56      nSHD_c=   2.8667      nSHD=   2.7667      tpr_c=   0.2143      change_adj_count=71      
2022-08-19 BST 22:40:02,751 - INFO -  epoch= 200      train_loss=  16.0320      val_loss= 125.1119      best=1      size=  56      nSHD_c=   2.8333      nSHD=   2.7667      tpr_c=   0.2321      change_adj_count=92      
2022-08-19 BST 22:40:28,814 - INFO -  epoch= 300      train_loss=  15.9557      val_loss= 116.4512      best=1      size=  56      nSHD_c=   2.8667      nSHD=   2.8000      tpr_c=   0.2143      change_adj_count=96      
2022-08-19 BST 22:40:55,822 - INFO -  epoch= 400      train_loss=  15.8199      val_loss= 108.6583      best=1      size=  55      nSHD_c=   2.8000      nSHD=   2.7333      tpr_c=   0.2364      change_adj_count=101      
2022-08-19 BST 22:41:22,035 - INFO -  epoch= 500      train_loss=  15.3678      val_loss=  94.5196      best=1      size=  56      nSHD_c=   2.7333      nSHD=   2.7000      tpr_c=   0.2679      change_adj_count=117      
2022-08-19 BST 22:41:48,227 - INFO -  epoch= 600      train_loss=  15.0785      val_loss=  86.2932      best=1      size=  56      nSHD_c=   2.7333      nSHD=   2.7000      tpr_c=   0.2679      change_adj_count=130      
2022-08-19 BST 22:42:14,781 - INFO -  epoch= 700      train_loss=  14.8199      val_loss=  76.1874      best=1      size=  55      nSHD_c=   2.7000      nSHD=   2.6667      tpr_c=   0.2727      change_adj_count=131      
2022-08-19 BST 22:42:41,690 - INFO -  epoch= 800      train_loss=  14.0787      val_loss=  76.2006      best=1      size=  55      nSHD_c=   2.7000      nSHD=   2.6667      tpr_c=   0.2727      change_adj_count=133      
2022-08-19 BST 22:43:07,001 - INFO -  epoch= 900      train_loss=  14.0697      val_loss=  62.2346      best=1      size=  55      nSHD_c=   2.7000      nSHD=   2.6667      tpr_c=   0.2727      change_adj_count=133      
2022-08-19 BST 22:43:32,126 - INFO -  epoch=1000      train_loss=  13.5167      val_loss=  62.7443      best=1      size=  55      nSHD_c=   2.7000      nSHD=   2.6667      tpr_c=   0.2727      change_adj_count=139      
2022-08-19 BST 22:43:32,126 - INFO - 

DAG 20: size_true=59	X.var()=201.6824
2022-08-19 BST 22:43:32,369 - INFO -  epoch=   1      train_loss= 186.5594      val_loss=  59.7247      best=1      size=  52      nSHD_c=   3.2333      nSHD=   3.2333      tpr_c=   0.1154      change_adj_count=5      
2022-08-19 BST 22:43:57,119 - INFO -  epoch= 100      train_loss=  87.6771      val_loss=2441.3563      best=1      size=  58      nSHD_c=   3.5000      nSHD=   3.5000      tpr_c=   0.1034      change_adj_count=34      
2022-08-19 BST 22:44:21,734 - INFO -  epoch= 200      train_loss=  79.8673      val_loss=1699.8985      best=1      size=  57      nSHD_c=   3.4667      nSHD=   3.4667      tpr_c=   0.1053      change_adj_count=41      
2022-08-19 BST 22:44:47,418 - INFO -  epoch= 300      train_loss=  71.5321      val_loss=1229.7878      best=1      size=  55      nSHD_c=   3.3667      nSHD=   3.3333      tpr_c=   0.1091      change_adj_count=47      
2022-08-19 BST 22:45:12,584 - INFO -  epoch= 400      train_loss=  65.8974      val_loss= 804.9568      best=1      size=  54      nSHD_c=   3.3333      nSHD=   3.3000      tpr_c=   0.1111      change_adj_count=49      
2022-08-19 BST 22:45:38,004 - INFO -  epoch= 500      train_loss=  58.9518      val_loss= 577.2118      best=1      size=  54      nSHD_c=   3.3000      nSHD=   3.2333      tpr_c=   0.1111      change_adj_count=50      
2022-08-19 BST 22:46:03,710 - INFO -  epoch= 600      train_loss=  52.6030      val_loss= 431.9700      best=1      size=  53      nSHD_c=   3.2667      nSHD=   3.2000      tpr_c=   0.1132      change_adj_count=51      
2022-08-19 BST 22:46:28,922 - INFO -  epoch= 700      train_loss=  49.3913      val_loss= 321.6807      best=1      size=  52      nSHD_c=   3.2333      nSHD=   3.1667      tpr_c=   0.1154      change_adj_count=52      
2022-08-19 BST 22:46:54,551 - INFO -  epoch= 800      train_loss=  45.4988      val_loss= 274.2345      best=1      size=  51      nSHD_c=   3.2000      nSHD=   3.1333      tpr_c=   0.1176      change_adj_count=58      
2022-08-19 BST 22:47:20,167 - INFO -  epoch= 900      train_loss=  43.6807      val_loss= 212.7198      best=1      size=  51      nSHD_c=   3.2000      nSHD=   3.1333      tpr_c=   0.1176      change_adj_count=60      
2022-08-19 BST 22:47:45,657 - INFO -  epoch=1000      train_loss=  40.2282      val_loss= 175.4899      best=1      size=  51      nSHD_c=   3.2000      nSHD=   3.1333      tpr_c=   0.1176      change_adj_count=60      
2022-08-19 BST 22:47:45,658 - INFO - 

DAG 21: size_true=57	X.var()=21.1204
2022-08-19 BST 22:47:45,960 - INFO -  epoch=   1      train_loss=  19.1495      val_loss=  15.6231      best=1      size=  55      nSHD_c=   3.2667      nSHD=   3.2667      tpr_c=   0.0909      change_adj_count=5      
2022-08-19 BST 22:47:46,265 - INFO -  epoch=   2      train_loss=  16.8987      val_loss=  11.6317      best=1      size=  53      nSHD_c=   3.0667      nSHD=   3.0667      tpr_c=   0.1321      change_adj_count=6      
2022-08-19 BST 22:48:11,088 - INFO -  epoch= 100      train_loss=  13.8928      val_loss= 140.9165      best=1      size=  55      nSHD_c=   2.8667      nSHD=   2.8667      tpr_c=   0.2182      change_adj_count=51      
2022-08-19 BST 22:48:36,322 - INFO -  epoch= 200      train_loss=  13.5194      val_loss= 135.3791      best=1      size=  54      nSHD_c=   2.8667      nSHD=   2.8667      tpr_c=   0.2037      change_adj_count=77      
2022-08-19 BST 22:49:01,057 - INFO -  epoch= 300      train_loss=  13.2861      val_loss= 121.6394      best=1      size=  54      nSHD_c=   2.9000      nSHD=   2.9000      tpr_c=   0.1852      change_adj_count=89      
2022-08-19 BST 22:49:25,822 - INFO -  epoch= 400      train_loss=  12.9505      val_loss= 109.2007      best=1      size=  54      nSHD_c=   2.8667      nSHD=   2.8667      tpr_c=   0.2037      change_adj_count=102      
2022-08-19 BST 22:49:50,902 - INFO -  epoch= 500      train_loss=  12.8456      val_loss=  97.4897      best=1      size=  54      nSHD_c=   2.9000      nSHD=   2.9000      tpr_c=   0.1852      change_adj_count=117      
2022-08-19 BST 22:50:16,007 - INFO -  epoch= 600      train_loss=  12.3313      val_loss=  88.9930      best=1      size=  54      nSHD_c=   2.9000      nSHD=   2.9000      tpr_c=   0.1852      change_adj_count=129      
2022-08-19 BST 22:50:40,974 - INFO -  epoch= 700      train_loss=  12.1420      val_loss=  80.2025      best=1      size=  53      nSHD_c=   2.8333      nSHD=   2.8333      tpr_c=   0.2075      change_adj_count=132      
2022-08-19 BST 22:51:05,759 - INFO -  epoch= 800      train_loss=  11.9534      val_loss=  71.8476      best=1      size=  53      nSHD_c=   2.8000      nSHD=   2.7667      tpr_c=   0.2075      change_adj_count=143      
2022-08-19 BST 22:51:30,870 - INFO -  epoch= 900      train_loss=  11.4788      val_loss=  68.8107      best=1      size=  53      nSHD_c=   2.8000      nSHD=   2.7667      tpr_c=   0.2075      change_adj_count=147      
2022-08-19 BST 22:51:55,592 - INFO -  epoch=1000      train_loss=  11.3248      val_loss=  58.7720      best=1      size=  52      nSHD_c=   2.7667      nSHD=   2.7333      tpr_c=   0.2115      change_adj_count=158      
2022-08-19 BST 22:51:55,593 - INFO - 

DAG 22: size_true=60	X.var()=129.8499
2022-08-19 BST 22:51:55,865 - INFO -  epoch=   1      train_loss= 118.6596      val_loss=  72.4814      best=1      size=  50      nSHD_c=   3.1667      nSHD=   3.1667      tpr_c=   0.1000      change_adj_count=5      
2022-08-19 BST 22:52:20,722 - INFO -  epoch= 100      train_loss=  64.2063      val_loss=1685.6298      best=1      size=  55      nSHD_c=   2.9333      nSHD=   2.9333      tpr_c=   0.2364      change_adj_count=41      
2022-08-19 BST 22:52:46,339 - INFO -  epoch= 200      train_loss=  59.0541      val_loss=1270.4234      best=1      size=  55      nSHD_c=   2.9333      nSHD=   2.9333      tpr_c=   0.2364      change_adj_count=43      
2022-08-19 BST 22:53:13,228 - INFO -  epoch= 300      train_loss=  51.0504      val_loss= 875.8754      best=1      size=  57      nSHD_c=   3.0000      nSHD=   3.0000      tpr_c=   0.2281      change_adj_count=51      
2022-08-19 BST 22:53:39,471 - INFO -  epoch= 400      train_loss=  44.9221      val_loss= 651.9026      best=1      size=  58      nSHD_c=   3.0333      nSHD=   3.0333      tpr_c=   0.2241      change_adj_count=59      
2022-08-19 BST 22:54:06,373 - INFO -  epoch= 500      train_loss=  43.0180      val_loss= 514.4365      best=1      size=  58      nSHD_c=   3.0000      nSHD=   2.9667      tpr_c=   0.2241      change_adj_count=70      
2022-08-19 BST 22:54:33,334 - INFO -  epoch= 600      train_loss=  40.5874      val_loss= 389.9426      best=1      size=  58      nSHD_c=   3.0000      nSHD=   2.9667      tpr_c=   0.2241      change_adj_count=72      
2022-08-19 BST 22:54:59,660 - INFO -  epoch= 700      train_loss=  37.3458      val_loss= 298.5474      best=1      size=  58      nSHD_c=   2.9667      nSHD=   2.9333      tpr_c=   0.2241      change_adj_count=73      
2022-08-19 BST 22:55:26,701 - INFO -  epoch= 800      train_loss=  35.1852      val_loss= 240.5518      best=1      size=  58      nSHD_c=   2.9667      nSHD=   2.9333      tpr_c=   0.2241      change_adj_count=81      
2022-08-19 BST 22:55:53,415 - INFO -  epoch= 900      train_loss=  32.6681      val_loss= 201.8544      best=1      size=  58      nSHD_c=   3.0000      nSHD=   2.9333      tpr_c=   0.2069      change_adj_count=91      
2022-08-19 BST 22:56:20,497 - INFO -  epoch=1000      train_loss=  30.1200      val_loss= 139.2656      best=1      size=  57      nSHD_c=   2.9667      nSHD=   2.9000      tpr_c=   0.2105      change_adj_count=92      
2022-08-19 BST 22:56:20,498 - INFO - 

DAG 23: size_true=49	X.var()=14.1269
2022-08-19 BST 22:56:20,804 - INFO -  epoch=   1      train_loss=  13.3557      val_loss=  13.0276      best=1      size=  58      nSHD_c=   3.2000      nSHD=   3.2000      tpr_c=   0.0517      change_adj_count=5      
2022-08-19 BST 22:56:21,111 - INFO -  epoch=   2      train_loss=  12.6106      val_loss=  10.8195      best=1      size=  58      nSHD_c=   3.2333      nSHD=   3.2000      tpr_c=   0.0172      change_adj_count=6      
2022-08-19 BST 22:56:21,414 - INFO -  epoch=   3      train_loss=  12.2155      val_loss=   7.5303      best=1      size=  57      nSHD_c=   3.0000      nSHD=   3.0000      tpr_c=   0.0702      change_adj_count=7      
2022-08-19 BST 22:56:47,720 - INFO -  epoch= 100      train_loss=  10.6400      val_loss=  64.9243      best=1      size=  53      nSHD_c=   1.8667      nSHD=   1.8000      tpr_c=   0.4151      change_adj_count=82      
2022-08-19 BST 22:57:14,512 - INFO -  epoch= 200      train_loss=  10.1979      val_loss=  56.4405      best=1      size=  53      nSHD_c=   1.7667      nSHD=   1.6667      tpr_c=   0.4340      change_adj_count=111      
2022-08-19 BST 22:57:41,288 - INFO -  epoch= 300      train_loss=  10.2927      val_loss=  51.5640      best=1      size=  56      nSHD_c=   1.8667      nSHD=   1.7667      tpr_c=   0.4107      change_adj_count=132      
2022-08-19 BST 22:58:07,693 - INFO -  epoch= 400      train_loss=   9.9752      val_loss=  46.7409      best=1      size=  55      nSHD_c=   1.9333      nSHD=   1.8000      tpr_c=   0.3818      change_adj_count=155      
2022-08-19 BST 22:58:34,779 - INFO -  epoch= 500      train_loss=   9.6726      val_loss=  47.3688      best=1      size=  55      nSHD_c=   1.9333      nSHD=   1.8000      tpr_c=   0.3818      change_adj_count=166      
2022-08-19 BST 22:59:00,721 - INFO -  epoch= 600      train_loss=   9.6357      val_loss=  37.9833      best=1      size=  55      nSHD_c=   1.9333      nSHD=   1.8000      tpr_c=   0.3818      change_adj_count=175      
2022-08-19 BST 22:59:27,258 - INFO -  epoch= 700      train_loss=   9.0522      val_loss=  37.0548      best=1      size=  55      nSHD_c=   1.9000      nSHD=   1.7333      tpr_c=   0.3818      change_adj_count=184      
2022-08-19 BST 22:59:54,334 - INFO -  epoch= 800      train_loss=   8.8550      val_loss=  34.2679      best=1      size=  56      nSHD_c=   1.9333      nSHD=   1.7667      tpr_c=   0.3750      change_adj_count=194      
2022-08-19 BST 23:00:20,997 - INFO -  epoch= 900      train_loss=   8.7137      val_loss=  30.6036      best=1      size=  55      nSHD_c=   1.9667      nSHD=   1.8000      tpr_c=   0.3636      change_adj_count=209      
2022-08-19 BST 23:00:47,370 - INFO -  epoch=1000      train_loss=   8.2511      val_loss=  26.7074      best=1      size=  55      nSHD_c=   1.9667      nSHD=   1.8000      tpr_c=   0.3636      change_adj_count=213      
2022-08-19 BST 23:00:47,370 - INFO - 
last_mean_nshd_c=2.7125
2022-08-19 BST 23:00:47,370 - INFO - 
Time taken 1:45:25 (h:mm:ss)
2022-08-19 BST 23:00:47,370 - INFO - 
End of log for run 2022-08-19_BST_21:15:22,445_l_66_4hps_125
