2022-08-16 BST 10:19:55,040 - INFO - 
Log for run 2022-08-16_BST_10:19:54,975_l_66none_4hps_145

2022-08-16 BST 10:19:55,040 - INFO - COMMENT = ''
2022-08-16 BST 10:19:55,040 - INFO - DATA_FOLDER = '../data'
2022-08-16 BST 10:19:55,040 - INFO - LATENTS_FOLDER = '../latents'
2022-08-16 BST 10:19:55,041 - INFO - LOGS_FOLDER = '../logs'
2022-08-16 BST 10:19:55,041 - INFO - MODEL_FOLDER = '../models'
2022-08-16 BST 10:19:55,041 - INFO - RESULTS_FOLDER = '../results'
2022-08-16 BST 10:19:55,041 - INFO - DEVICE = torch.device("cuda" if torch.cuda.is_available() else "cpu")  # Used: "cuda"
2022-08-16 BST 10:19:55,041 - INFO - LATENTS = False
2022-08-16 BST 10:19:55,041 - INFO - MATRIX_REPORT = False
2022-08-16 BST 10:19:55,041 - INFO - LABEL = True
2022-08-16 BST 10:19:55,041 - INFO - SAVE_TO_ODS = False
2022-08-16 BST 10:19:55,041 - INFO - VAL_LOSS_FROM_DAG = True
2022-08-16 BST 10:19:55,041 - INFO - WANDB = False
2022-08-16 BST 10:19:55,041 - INFO - WANDB_PROJECT = 'Thetas'
2022-08-16 BST 10:19:55,041 - INFO - GRAD_LOG = False
2022-08-16 BST 10:19:55,041 - INFO - N_TRIALS = 1
2022-08-16 BST 10:19:55,041 - INFO - OPTUNA_STRINGS = {'None': None, 'True': True, 'False': False}
2022-08-16 BST 10:19:55,041 - INFO - TQDM = False
2022-08-16 BST 10:19:55,041 - INFO - 
hyperparameters = {
2022-08-16 BST 10:19:55,041 - INFO - 	'GRAPH_TYPE': 'ER2',
2022-08-16 BST 10:19:55,041 - INFO - 	'D': 30,
2022-08-16 BST 10:19:55,041 - INFO - 	'MAX_SIZE': None,
2022-08-16 BST 10:19:55,041 - INFO - 	'SEM_NOISE': 'gaussian_ev',
2022-08-16 BST 10:19:55,041 - INFO - 	'N': 1200,
2022-08-16 BST 10:19:55,042 - INFO - 	'VAL': 0.16666666666666666,
2022-08-16 BST 10:19:55,042 - INFO - 	'N_EPOCHS': 1000,
2022-08-16 BST 10:19:55,042 - INFO - 	'BATCH_SIZE': 32,
2022-08-16 BST 10:19:55,042 - INFO - 	'LOG2_BATCH_SIZE': None,
2022-08-16 BST 10:19:55,042 - INFO - 	'BATCH_SHUFFLE': True,
2022-08-16 BST 10:19:55,042 - INFO - 	'N_SAMPLES': 10,
2022-08-16 BST 10:19:55,042 - INFO - 	'MODE': 'max_dag_test_only',
2022-08-16 BST 10:19:55,042 - INFO - 	'AFAS_SCHEDULER': None,
2022-08-16 BST 10:19:55,042 - INFO - 	'MINIZINC_SOLVER': None,
2022-08-16 BST 10:19:55,042 - INFO - 	'f_LINEAR_LAYERS': (),
2022-08-16 BST 10:19:55,042 - INFO - 	'f_BIAS': False,
2022-08-16 BST 10:19:55,042 - INFO - 	'p_LAYER': None,
2022-08-16 BST 10:19:55,042 - INFO - 	'STREAMLINE': False,
2022-08-16 BST 10:19:55,042 - INFO - 	'THRESHOLD': 0.0,
2022-08-16 BST 10:19:55,042 - INFO - 	'h_LINEAR_LAYERS': (),
2022-08-16 BST 10:19:55,042 - INFO - 	'h_NULL': 0.001,
2022-08-16 BST 10:19:55,042 - INFO - 	'h_LR': 0.0001,
2022-08-16 BST 10:19:55,042 - INFO - 	'h_OPTIMIZER': 'torch.optim.Adam(overall_net.h_net.parameters(), lr=h.h_LR)',
2022-08-16 BST 10:19:55,042 - INFO - 	'f_LR': 0.0117744218586073,
2022-08-16 BST 10:19:55,042 - INFO - 	'f_OPTIMIZER': 'torch.optim.Adam(overall_net.f_net.parameters(), lr=h.f_LR)',
2022-08-16 BST 10:19:55,042 - INFO - 	'NOISE_TEMPERATURE': 10,
2022-08-16 BST 10:19:55,042 - INFO - 	'NOISE_DISTRIBUTION': 'LogisticNoiseDistribution()',
2022-08-16 BST 10:19:55,043 - INFO - 	'LAMBDA': 1,
2022-08-16 BST 10:19:55,043 - INFO - 	'LOSS_FN': 'torch.nn.MSELoss()',
2022-08-16 BST 10:19:55,043 - INFO - 	'REGULARIZER': None,
2022-08-16 BST 10:19:55,043 - INFO - 	'z_RHO': 0,
2022-08-16 BST 10:19:55,043 - INFO - 	'z_MU': 0,
2022-08-16 BST 10:19:55,043 - INFO - 	'z_REGULARIZER': 'NoTearsZRegularizer(h.D, h.z_RHO, h.z_MU, c.DEVICE)',
2022-08-16 BST 10:19:55,043 - INFO - 	'LR_SCHEDULER': None,
2022-08-16 BST 10:19:55,043 - INFO - 	'DATA_CATEGORY': 'test',
2022-08-16 BST 10:19:55,043 - INFO - 	'DAGS': '030_ER2_gaussian_ev_2022-08-12_BST_09:55:21,293_create_dags'
2022-08-16 BST 10:19:55,043 - INFO - }

2022-08-16 BST 10:19:56,123 - INFO - 

DAG 0: size_true=69	X.var()=185.8479
2022-08-16 BST 10:19:58,861 - INFO -  epoch=   1      train_loss= 100.2503      val_loss=  39.3347      best=1      size= 286      nSHD_c=   8.8667      nSHD=   8.8667      tpr_c=   0.1189      change_adj_count=5      
2022-08-16 BST 10:20:16,906 - INFO -  epoch= 100      train_loss=  22.4927      val_loss=  73.3353      best=1      size= 325      nSHD_c=   9.3333      nSHD=   9.0667      tpr_c=   0.1446      change_adj_count=103      
2022-08-16 BST 10:20:34,364 - INFO -  epoch= 200      train_loss=  22.9472      val_loss=  79.1300      best=1      size= 328      nSHD_c=   9.4667      nSHD=   9.2333      tpr_c=   0.1433      change_adj_count=195      
2022-08-16 BST 10:20:52,519 - INFO -  epoch= 300      train_loss=  22.3801      val_loss=  71.2484      best=1      size= 321      nSHD_c=   9.1333      nSHD=   8.9333      tpr_c=   0.1495      change_adj_count=286      
2022-08-16 BST 10:21:10,683 - INFO -  epoch= 400      train_loss=  21.0981      val_loss=  71.5627      best=1      size= 323      nSHD_c=   9.1667      nSHD=   8.9667      tpr_c=   0.1548      change_adj_count=366      
2022-08-16 BST 10:21:28,672 - INFO -  epoch= 500      train_loss=  21.0938      val_loss=  73.9663      best=1      size= 325      nSHD_c=   9.2667      nSHD=   9.0667      tpr_c=   0.1538      change_adj_count=447      
2022-08-16 BST 10:21:46,687 - INFO -  epoch= 600      train_loss=  20.7030      val_loss=  67.7221      best=1      size= 326      nSHD_c=   9.3333      nSHD=   9.1333      tpr_c=   0.1534      change_adj_count=524      
2022-08-16 BST 10:22:04,642 - INFO -  epoch= 700      train_loss=  21.3906      val_loss=  75.6010      best=1      size= 324      nSHD_c=   9.2667      nSHD=   9.0667      tpr_c=   0.1512      change_adj_count=584      
2022-08-16 BST 10:22:23,237 - INFO -  epoch= 800      train_loss=  20.5996      val_loss=  60.4659      best=1      size= 331      nSHD_c=   9.4333      nSHD=   9.2333      tpr_c=   0.1511      change_adj_count=654      
2022-08-16 BST 10:22:41,627 - INFO -  epoch= 900      train_loss=  20.5259      val_loss=  65.4288      best=1      size= 335      nSHD_c=   9.5667      nSHD=   9.3667      tpr_c=   0.1493      change_adj_count=700      
2022-08-16 BST 10:22:58,694 - INFO -  epoch=1000      train_loss=  19.8445      val_loss=  58.0134      best=1      size= 329      nSHD_c=   9.3667      nSHD=   9.1667      tpr_c=   0.1550      change_adj_count=757      
2022-08-16 BST 10:22:58,695 - INFO - Before params
2022-08-16 BST 10:22:58,695 - INFO - After params={'MAX_SIZE': [None], 'LAMBDA': [1], 'NOISE_TEMPERATURE': [10], 'h_NULL': [0.001], 'h_LR': [0.0001], 'z_RHO': [0], 'z_MU': [0]}
2022-08-16 BST 10:22:58,695 - INFO - After metrics={'train_loss': [19.844487313301332], 'val_loss': [58.01338640848795], 'size': [329], 'nshd_c': [9.366666666666667], 'nshd': [9.166666666666666], 'tpr': [0.8260869565217391], 'tpr_c': [0.15501519756838905], 'change_adj_count': [757]}
2022-08-16 BST 10:22:58,723 - INFO - After to_save=  MAX_SIZE  LAMBDA  NOISE_TEMPERATURE  ...       tpr     tpr_c  change_adj_count
0     None       1                 10  ...  0.826087  0.155015               757

[1 rows x 16 columns]
2022-08-16 BST 10:22:58,723 - INFO - After file_path='../results/l_66none_4hps.csv'
2022-08-16 BST 10:22:58,729 - INFO - Last epoch results saved in l_66none_4hps.csv
2022-08-16 BST 10:22:58,729 - INFO - 

DAG 1: size_true=67	X.var()=127.1156
2022-08-16 BST 10:22:59,015 - INFO -  epoch=   1      train_loss=  65.9214      val_loss=  23.2804      best=1      size= 292      nSHD_c=   9.9000      nSHD=   9.8333      tpr_c=   0.0616      change_adj_count=5      
2022-08-16 BST 10:23:17,008 - INFO -  epoch= 100      train_loss=  12.8633      val_loss=  66.7973      best=1      size= 315      nSHD_c=   8.9667      nSHD=   8.9333      tpr_c=   0.1651      change_adj_count=104      
2022-08-16 BST 10:23:34,254 - INFO -  epoch= 200      train_loss=  13.0364      val_loss=  68.3234      best=1      size= 319      nSHD_c=   8.9333      nSHD=   8.8667      tpr_c=   0.1693      change_adj_count=199      
2022-08-16 BST 10:23:52,293 - INFO -  epoch= 300      train_loss=  12.1841      val_loss=  74.6270      best=1      size= 320      nSHD_c=   8.9333      nSHD=   8.8667      tpr_c=   0.1688      change_adj_count=284      
2022-08-16 BST 10:24:10,611 - INFO -  epoch= 400      train_loss=  12.3327      val_loss=  69.6792      best=1      size= 322      nSHD_c=   8.9333      nSHD=   8.8667      tpr_c=   0.1739      change_adj_count=366      
2022-08-16 BST 10:24:28,261 - INFO -  epoch= 500      train_loss=  12.7212      val_loss=  63.8748      best=1      size= 322      nSHD_c=   8.9667      nSHD=   8.9000      tpr_c=   0.1708      change_adj_count=439      
2022-08-16 BST 10:24:46,279 - INFO -  epoch= 600      train_loss=  12.1780      val_loss=  58.1657      best=1      size= 325      nSHD_c=   9.0333      nSHD=   8.9667      tpr_c=   0.1692      change_adj_count=504      
2022-08-16 BST 10:25:03,745 - INFO -  epoch= 700      train_loss=  12.0937      val_loss=  70.7051      best=1      size= 331      nSHD_c=   9.2333      nSHD=   9.1667      tpr_c=   0.1662      change_adj_count=574      
2022-08-16 BST 10:25:21,561 - INFO -  epoch= 800      train_loss=  12.2751      val_loss=  72.8050      best=1      size= 336      nSHD_c=   9.4000      nSHD=   9.3333      tpr_c=   0.1637      change_adj_count=618      
2022-08-16 BST 10:25:39,356 - INFO -  epoch= 900      train_loss=  12.5643      val_loss=  62.4792      best=1      size= 335      nSHD_c=   9.3667      nSHD=   9.3333      tpr_c=   0.1672      change_adj_count=670      
2022-08-16 BST 10:25:57,341 - INFO -  epoch=1000      train_loss=  11.5849      val_loss=  59.9737      best=1      size= 335      nSHD_c=   9.3667      nSHD=   9.3333      tpr_c=   0.1672      change_adj_count=724      
2022-08-16 BST 10:25:57,386 - INFO - Before params
2022-08-16 BST 10:25:57,386 - INFO - After params={'MAX_SIZE': [None], 'LAMBDA': [1], 'NOISE_TEMPERATURE': [10], 'h_NULL': [0.001], 'h_LR': [0.0001], 'z_RHO': [0], 'z_MU': [0]}
2022-08-16 BST 10:25:57,387 - INFO - After metrics={'train_loss': [11.584910854216545], 'val_loss': [59.97366841634115], 'size': [335], 'nshd_c': [9.366666666666667], 'nshd': [9.333333333333334], 'tpr': [0.8507462686567164], 'tpr_c': [0.16716417910447762], 'change_adj_count': [724]}
2022-08-16 BST 10:25:57,423 - INFO - After to_save=  MAX_SIZE  LAMBDA  NOISE_TEMPERATURE  ...       tpr     tpr_c  change_adj_count
0     None       1                 10  ...  0.850746  0.167164               724

[1 rows x 16 columns]
2022-08-16 BST 10:25:57,423 - INFO - After file_path='../results/l_66none_4hps.csv'
2022-08-16 BST 10:25:57,967 - INFO - Last epoch results saved in l_66none_4hps.csv
2022-08-16 BST 10:25:57,968 - INFO - 

DAG 2: size_true=64	X.var()=25.7432
2022-08-16 BST 10:25:58,247 - INFO -  epoch=   1      train_loss=  16.3760      val_loss=  13.8713      best=1      size= 269      nSHD_c=   9.2333      nSHD=   9.1667      tpr_c=   0.0632      change_adj_count=5      
2022-08-16 BST 10:25:58,446 - INFO -  epoch=   2      train_loss=   9.2739      val_loss=   9.5696      best=1      size= 276      nSHD_c=   9.4333      nSHD=   9.3667      tpr_c=   0.0580      change_adj_count=6      
2022-08-16 BST 10:26:15,648 - INFO -  epoch= 100      train_loss=   6.4382      val_loss=   7.4050      best=1      size= 292      nSHD_c=   8.1667      nSHD=   8.1333      tpr_c=   0.1781      change_adj_count=103      
2022-08-16 BST 10:26:33,995 - INFO -  epoch= 200      train_loss=   6.3287      val_loss=   7.6651      best=1      size= 312      nSHD_c=   8.7667      nSHD=   8.7000      tpr_c=   0.1699      change_adj_count=194      
2022-08-16 BST 10:26:51,294 - INFO -  epoch= 300      train_loss=   6.2886      val_loss=   7.3539      best=1      size= 315      nSHD_c=   8.7000      nSHD=   8.7333      tpr_c=   0.1778      change_adj_count=277      
2022-08-16 BST 10:27:09,661 - INFO -  epoch= 400      train_loss=   6.2583      val_loss=   8.0653      best=1      size= 311      nSHD_c=   8.6667      nSHD=   8.6667      tpr_c=   0.1736      change_adj_count=361      
2022-08-16 BST 10:27:28,114 - INFO -  epoch= 500      train_loss=   6.3200      val_loss=   7.9656      best=1      size= 319      nSHD_c=   8.8667      nSHD=   8.8667      tpr_c=   0.1724      change_adj_count=440      
2022-08-16 BST 10:27:46,144 - INFO -  epoch= 600      train_loss=   6.0962      val_loss=   7.6635      best=1      size= 316      nSHD_c=   8.6333      nSHD=   8.6333      tpr_c=   0.1804      change_adj_count=502      
2022-08-16 BST 10:28:04,026 - INFO -  epoch= 700      train_loss=   6.1565      val_loss=   7.9779      best=1      size= 314      nSHD_c=   8.6333      nSHD=   8.5333      tpr_c=   0.1752      change_adj_count=555      
2022-08-16 BST 10:28:22,099 - INFO -  epoch= 800      train_loss=   6.1790      val_loss=   7.1918      best=1      size= 312      nSHD_c=   8.5667      nSHD=   8.4667      tpr_c=   0.1763      change_adj_count=617      
2022-08-16 BST 10:28:40,354 - INFO -  epoch= 900      train_loss=   6.0956      val_loss=   7.5480      best=1      size= 326      nSHD_c=   9.0333      nSHD=   8.9333      tpr_c=   0.1687      change_adj_count=665      
2022-08-16 BST 10:28:59,019 - INFO -  epoch=1000      train_loss=   6.1473      val_loss=   7.2139      best=1      size= 327      nSHD_c=   9.0000      nSHD=   9.0000      tpr_c=   0.1743      change_adj_count=707      
2022-08-16 BST 10:28:59,020 - INFO - Before params
2022-08-16 BST 10:28:59,020 - INFO - After params={'MAX_SIZE': [None], 'LAMBDA': [1], 'NOISE_TEMPERATURE': [10], 'h_NULL': [0.001], 'h_LR': [0.0001], 'z_RHO': [0], 'z_MU': [0]}
2022-08-16 BST 10:28:59,020 - INFO - After metrics={'train_loss': [6.147330591755528], 'val_loss': [7.213850895563762], 'size': [327], 'nshd_c': [9.0], 'nshd': [9.0], 'tpr': [0.890625], 'tpr_c': [0.1743119266055046], 'change_adj_count': [707]}
2022-08-16 BST 10:28:59,041 - INFO - After to_save=  MAX_SIZE  LAMBDA  NOISE_TEMPERATURE  ...       tpr     tpr_c  change_adj_count
0     None       1                 10  ...  0.890625  0.174312               707

[1 rows x 16 columns]
2022-08-16 BST 10:28:59,041 - INFO - After file_path='../results/l_66none_4hps.csv'
2022-08-16 BST 10:28:59,045 - INFO - Last epoch results saved in l_66none_4hps.csv
2022-08-16 BST 10:28:59,045 - INFO - 

DAG 3: size_true=63	X.var()=265.9248
2022-08-16 BST 10:28:59,298 - INFO -  epoch=   1      train_loss=  97.6717      val_loss=  86.9532      best=1      size= 277      nSHD_c=   9.1667      nSHD=   9.1333      tpr_c=   0.0758      change_adj_count=5      
2022-08-16 BST 10:29:17,858 - INFO -  epoch= 100      train_loss=  24.8512      val_loss= 130.9268      best=1      size= 340      nSHD_c=  10.0000      nSHD=   9.9000      tpr_c=   0.1294      change_adj_count=104      
2022-08-16 BST 10:29:36,582 - INFO -  epoch= 200      train_loss=  25.2100      val_loss= 106.1149      best=1      size= 340      nSHD_c=  10.0333      nSHD=   9.9667      tpr_c=   0.1294      change_adj_count=196      
2022-08-16 BST 10:29:54,807 - INFO -  epoch= 300      train_loss=  25.1783      val_loss= 123.7869      best=1      size= 341      nSHD_c=  10.0333      nSHD=   9.9667      tpr_c=   0.1290      change_adj_count=278      
2022-08-16 BST 10:30:13,067 - INFO -  epoch= 400      train_loss=  24.7985      val_loss= 114.0470      best=1      size= 343      nSHD_c=  10.1000      nSHD=  10.0000      tpr_c=   0.1254      change_adj_count=354      
2022-08-16 BST 10:30:30,906 - INFO -  epoch= 500      train_loss=  24.1066      val_loss= 102.9749      best=1      size= 343      nSHD_c=  10.0000      nSHD=   9.9000      tpr_c=   0.1312      change_adj_count=427      
2022-08-16 BST 10:30:49,164 - INFO -  epoch= 600      train_loss=  24.1415      val_loss= 113.2199      best=1      size= 340      nSHD_c=   9.9667      nSHD=   9.9000      tpr_c=   0.1294      change_adj_count=491      
2022-08-16 BST 10:31:07,384 - INFO -  epoch= 700      train_loss=  24.1938      val_loss= 114.2630      best=1      size= 340      nSHD_c=  10.0000      nSHD=   9.9000      tpr_c=   0.1265      change_adj_count=558      
2022-08-16 BST 10:31:25,360 - INFO -  epoch= 800      train_loss=  24.6480      val_loss= 104.2818      best=1      size= 344      nSHD_c=   9.9667      nSHD=   9.8667      tpr_c=   0.1337      change_adj_count=621      
2022-08-16 BST 10:31:43,731 - INFO -  epoch= 900      train_loss=  24.4383      val_loss= 101.2362      best=1      size= 338      nSHD_c=   9.8667      nSHD=   9.7667      tpr_c=   0.1302      change_adj_count=670      
2022-08-16 BST 10:32:02,074 - INFO -  epoch=1000      train_loss=  22.9516      val_loss=  99.5699      best=1      size= 330      nSHD_c=   9.6000      nSHD=   9.5000      tpr_c=   0.1333      change_adj_count=728      
2022-08-16 BST 10:32:02,075 - INFO - Before params
2022-08-16 BST 10:32:02,075 - INFO - After params={'MAX_SIZE': [None], 'LAMBDA': [1], 'NOISE_TEMPERATURE': [10], 'h_NULL': [0.001], 'h_LR': [0.0001], 'z_RHO': [0], 'z_MU': [0]}
2022-08-16 BST 10:32:02,075 - INFO - After metrics={'train_loss': [22.95155312938075], 'val_loss': [99.56988906860352], 'size': [330], 'nshd_c': [9.6], 'nshd': [9.5], 'tpr': [0.746031746031746], 'tpr_c': [0.13333333333333333], 'change_adj_count': [728]}
2022-08-16 BST 10:32:02,092 - INFO - After to_save=  MAX_SIZE  LAMBDA  NOISE_TEMPERATURE  ...       tpr     tpr_c  change_adj_count
0     None       1                 10  ...  0.746032  0.133333               728

[1 rows x 16 columns]
2022-08-16 BST 10:32:02,092 - INFO - After file_path='../results/l_66none_4hps.csv'
2022-08-16 BST 10:32:02,170 - INFO - Last epoch results saved in l_66none_4hps.csv
2022-08-16 BST 10:32:02,170 - INFO - 

DAG 4: size_true=48	X.var()=47.3993
2022-08-16 BST 10:32:02,396 - INFO -  epoch=   1      train_loss=  27.8511      val_loss=  17.7248      best=1      size= 244      nSHD_c=   8.2333      nSHD=   8.1000      tpr_c=   0.0615      change_adj_count=5      
2022-08-16 BST 10:32:18,489 - INFO -  epoch= 100      train_loss=   9.0427      val_loss=  19.6246      best=1      size= 272      nSHD_c=   8.3333      nSHD=   8.1333      tpr_c=   0.0919      change_adj_count=101      
2022-08-16 BST 10:32:33,672 - INFO -  epoch= 200      train_loss=   9.0792      val_loss=  18.0570      best=1      size= 275      nSHD_c=   8.3333      nSHD=   8.1000      tpr_c=   0.1018      change_adj_count=193      
2022-08-16 BST 10:32:49,759 - INFO -  epoch= 300      train_loss=   8.9780      val_loss=  19.0698      best=1      size= 272      nSHD_c=   8.3333      nSHD=   8.1333      tpr_c=   0.0956      change_adj_count=277      
2022-08-16 BST 10:33:06,293 - INFO -  epoch= 400      train_loss=   8.5359      val_loss=  15.7228      best=1      size= 276      nSHD_c=   8.4667      nSHD=   8.2333      tpr_c=   0.0906      change_adj_count=358      
2022-08-16 BST 10:33:21,982 - INFO -  epoch= 500      train_loss=   8.5999      val_loss=  18.3461      best=1      size= 275      nSHD_c=   8.3333      nSHD=   8.1333      tpr_c=   0.0945      change_adj_count=418      
2022-08-16 BST 10:33:37,447 - INFO -  epoch= 600      train_loss=   8.7248      val_loss=  19.2798      best=1      size= 277      nSHD_c=   8.4000      nSHD=   8.2333      tpr_c=   0.0939      change_adj_count=486      
2022-08-16 BST 10:33:52,949 - INFO -  epoch= 700      train_loss=   8.6401      val_loss=  18.0558      best=1      size= 275      nSHD_c=   8.3000      nSHD=   8.1333      tpr_c=   0.0982      change_adj_count=544      
2022-08-16 BST 10:34:07,843 - INFO -  epoch= 800      train_loss=   8.9404      val_loss=  17.6519      best=1      size= 269      nSHD_c=   8.1000      nSHD=   7.9333      tpr_c=   0.1004      change_adj_count=604      
2022-08-16 BST 10:34:24,400 - INFO -  epoch= 900      train_loss=   8.4768      val_loss=  17.9277      best=1      size= 263      nSHD_c=   7.9333      nSHD=   7.7667      tpr_c=   0.0989      change_adj_count=662      
2022-08-16 BST 10:34:40,156 - INFO -  epoch=1000      train_loss=   8.2406      val_loss=  18.0026      best=1      size= 263      nSHD_c=   7.8667      nSHD=   7.7000      tpr_c=   0.1065      change_adj_count=708      
2022-08-16 BST 10:34:40,194 - INFO - Before params
2022-08-16 BST 10:34:40,194 - INFO - After params={'MAX_SIZE': [None], 'LAMBDA': [1], 'NOISE_TEMPERATURE': [10], 'h_NULL': [0.001], 'h_LR': [0.0001], 'z_RHO': [0], 'z_MU': [0]}
2022-08-16 BST 10:34:40,194 - INFO - After metrics={'train_loss': [8.24060913824266], 'val_loss': [18.002567291259766], 'size': [263], 'nshd_c': [7.866666666666666], 'nshd': [7.7], 'tpr': [0.6875], 'tpr_c': [0.10646387832699619], 'change_adj_count': [708]}
2022-08-16 BST 10:34:40,221 - INFO - After to_save=  MAX_SIZE  LAMBDA  NOISE_TEMPERATURE  ...     tpr     tpr_c  change_adj_count
0     None       1                 10  ...  0.6875  0.106464               708

[1 rows x 16 columns]
2022-08-16 BST 10:34:40,221 - INFO - After file_path='../results/l_66none_4hps.csv'
2022-08-16 BST 10:34:40,744 - INFO - Last epoch results saved in l_66none_4hps.csv
2022-08-16 BST 10:34:40,745 - INFO - 

DAG 5: size_true=57	X.var()=54.7286
2022-08-16 BST 10:34:41,026 - INFO -  epoch=   1      train_loss=  40.3799      val_loss=  22.0774      best=1      size= 254      nSHD_c=   8.8000      nSHD=   8.7333      tpr_c=   0.0512      change_adj_count=5      
2022-08-16 BST 10:34:41,285 - INFO -  epoch=   2      train_loss=  25.5555      val_loss=  15.6137      best=1      size= 254      nSHD_c=   8.7000      nSHD=   8.6333      tpr_c=   0.0551      change_adj_count=6      
2022-08-16 BST 10:34:57,692 - INFO -  epoch= 100      train_loss=  11.4233      val_loss=  19.6886      best=1      size= 299      nSHD_c=   8.7333      nSHD=   8.7000      tpr_c=   0.1338      change_adj_count=104      
2022-08-16 BST 10:35:12,659 - INFO -  epoch= 200      train_loss=  11.1434      val_loss=  18.6573      best=1      size= 294      nSHD_c=   8.5000      nSHD=   8.4667      tpr_c=   0.1429      change_adj_count=191      
2022-08-16 BST 10:35:29,578 - INFO -  epoch= 300      train_loss=  11.4805      val_loss=  19.3062      best=1      size= 300      nSHD_c=   8.6333      nSHD=   8.5667      tpr_c=   0.1433      change_adj_count=266      
2022-08-16 BST 10:35:45,820 - INFO -  epoch= 400      train_loss=  10.6442      val_loss=  17.3599      best=1      size= 302      nSHD_c=   8.8000      nSHD=   8.7000      tpr_c=   0.1358      change_adj_count=329      
2022-08-16 BST 10:36:02,080 - INFO -  epoch= 500      train_loss=  10.9130      val_loss=  16.6235      best=1      size= 300      nSHD_c=   8.7000      nSHD=   8.6000      tpr_c=   0.1367      change_adj_count=393      
2022-08-16 BST 10:36:18,563 - INFO -  epoch= 600      train_loss=  10.8418      val_loss=  18.4168      best=1      size= 303      nSHD_c=   8.7667      nSHD=   8.6667      tpr_c=   0.1353      change_adj_count=437      
2022-08-16 BST 10:36:34,816 - INFO -  epoch= 700      train_loss=  10.5594      val_loss=  18.2465      best=1      size= 303      nSHD_c=   8.8000      nSHD=   8.7000      tpr_c=   0.1353      change_adj_count=494      
2022-08-16 BST 10:36:50,608 - INFO -  epoch= 800      train_loss=  10.5815      val_loss=  16.2110      best=1      size= 297      nSHD_c=   8.6333      nSHD=   8.5333      tpr_c=   0.1347      change_adj_count=531      
2022-08-16 BST 10:37:06,755 - INFO -  epoch= 900      train_loss=  10.5553      val_loss=  17.8182      best=1      size= 292      nSHD_c=   8.4667      nSHD=   8.3667      tpr_c=   0.1370      change_adj_count=565      
2022-08-16 BST 10:37:23,402 - INFO -  epoch=1000      train_loss=  10.5386      val_loss=  15.8838      best=1      size= 297      nSHD_c=   8.5333      nSHD=   8.4333      tpr_c=   0.1414      change_adj_count=617      
2022-08-16 BST 10:37:23,402 - INFO - Before params
2022-08-16 BST 10:37:23,402 - INFO - After params={'MAX_SIZE': [None], 'LAMBDA': [1], 'NOISE_TEMPERATURE': [10], 'h_NULL': [0.001], 'h_LR': [0.0001], 'z_RHO': [0], 'z_MU': [0]}
2022-08-16 BST 10:37:23,403 - INFO - After metrics={'train_loss': [10.538633792631087], 'val_loss': [15.883842468261719], 'size': [297], 'nshd_c': [8.533333333333333], 'nshd': [8.433333333333334], 'tpr': [0.7894736842105263], 'tpr_c': [0.1414141414141414], 'change_adj_count': [617]}
2022-08-16 BST 10:37:23,421 - INFO - After to_save=  MAX_SIZE  LAMBDA  NOISE_TEMPERATURE  ...       tpr     tpr_c  change_adj_count
0     None       1                 10  ...  0.789474  0.141414               617

[1 rows x 16 columns]
2022-08-16 BST 10:37:23,421 - INFO - After file_path='../results/l_66none_4hps.csv'
2022-08-16 BST 10:37:23,596 - INFO - Last epoch results saved in l_66none_4hps.csv
2022-08-16 BST 10:37:23,597 - INFO - 

DAG 6: size_true=64	X.var()=29.7229
2022-08-16 BST 10:37:23,900 - INFO -  epoch=   1      train_loss=  15.3319      val_loss=  16.3837      best=1      size= 264      nSHD_c=   9.3333      nSHD=   9.2000      tpr_c=   0.0455      change_adj_count=5      
2022-08-16 BST 10:37:24,380 - INFO -  epoch=   3      train_loss=   6.9152      val_loss=   8.2636      best=1      size= 274      nSHD_c=   8.8333      nSHD=   8.8000      tpr_c=   0.1022      change_adj_count=7      
2022-08-16 BST 10:37:40,534 - INFO -  epoch= 100      train_loss=   6.1613      val_loss=  10.1853      best=1      size= 305      nSHD_c=   8.9667      nSHD=   8.9333      tpr_c=   0.1475      change_adj_count=103      
2022-08-16 BST 10:37:55,630 - INFO -  epoch= 200      train_loss=   6.2110      val_loss=   9.4455      best=1      size= 315      nSHD_c=   9.1333      nSHD=   9.1000      tpr_c=   0.1524      change_adj_count=195      
2022-08-16 BST 10:38:12,029 - INFO -  epoch= 300      train_loss=   6.2238      val_loss=  10.6990      best=1      size= 320      nSHD_c=   9.1333      nSHD=   9.1000      tpr_c=   0.1531      change_adj_count=279      
2022-08-16 BST 10:38:28,135 - INFO -  epoch= 400      train_loss=   6.1646      val_loss=   9.4136      best=1      size= 326      nSHD_c=   9.3000      nSHD=   9.2667      tpr_c=   0.1564      change_adj_count=349      
2022-08-16 BST 10:38:44,077 - INFO -  epoch= 500      train_loss=   6.2298      val_loss=   9.6244      best=1      size= 337      nSHD_c=   9.5000      nSHD=   9.4667      tpr_c=   0.1602      change_adj_count=412      
2022-08-16 BST 10:39:00,618 - INFO -  epoch= 600      train_loss=   6.3255      val_loss=   9.6417      best=1      size= 343      nSHD_c=   9.6000      nSHD=   9.5667      tpr_c=   0.1633      change_adj_count=476      
2022-08-16 BST 10:39:17,587 - INFO -  epoch= 700      train_loss=   6.1323      val_loss=  10.0712      best=1      size= 347      nSHD_c=   9.8667      nSHD=   9.8333      tpr_c=   0.1527      change_adj_count=531      
2022-08-16 BST 10:39:33,321 - INFO -  epoch= 800      train_loss=   6.1983      val_loss=   9.3262      best=1      size= 349      nSHD_c=   9.9667      nSHD=   9.9000      tpr_c=   0.1490      change_adj_count=572      
2022-08-16 BST 10:39:49,392 - INFO -  epoch= 900      train_loss=   6.2295      val_loss=   9.5503      best=1      size= 348      nSHD_c=   9.9333      nSHD=   9.8667      tpr_c=   0.1494      change_adj_count=633      
2022-08-16 BST 10:40:05,936 - INFO -  epoch=1000      train_loss=   6.0571      val_loss=   9.4966      best=1      size= 346      nSHD_c=   9.8667      nSHD=   9.8000      tpr_c=   0.1503      change_adj_count=680      
2022-08-16 BST 10:40:05,936 - INFO - Before params
2022-08-16 BST 10:40:05,936 - INFO - After params={'MAX_SIZE': [None], 'LAMBDA': [1], 'NOISE_TEMPERATURE': [10], 'h_NULL': [0.001], 'h_LR': [0.0001], 'z_RHO': [0], 'z_MU': [0]}
2022-08-16 BST 10:40:05,936 - INFO - After metrics={'train_loss': [6.057111324802522], 'val_loss': [9.496564070383707], 'size': [346], 'nshd_c': [9.866666666666667], 'nshd': [9.8], 'tpr': [0.84375], 'tpr_c': [0.15028901734104047], 'change_adj_count': [680]}
2022-08-16 BST 10:40:05,954 - INFO - After to_save=  MAX_SIZE  LAMBDA  NOISE_TEMPERATURE  ...      tpr     tpr_c  change_adj_count
0     None       1                 10  ...  0.84375  0.150289               680

[1 rows x 16 columns]
2022-08-16 BST 10:40:05,954 - INFO - After file_path='../results/l_66none_4hps.csv'
2022-08-16 BST 10:40:06,327 - INFO - Last epoch results saved in l_66none_4hps.csv
2022-08-16 BST 10:40:06,328 - INFO - 

DAG 7: size_true=62	X.var()=55.6800
2022-08-16 BST 10:40:06,596 - INFO -  epoch=   1      train_loss=  25.6336      val_loss=  13.9268      best=1      size= 265      nSHD_c=   9.0000      nSHD=   8.9000      tpr_c=   0.0642      change_adj_count=5      
2022-08-16 BST 10:40:22,459 - INFO -  epoch= 100      train_loss=   7.3400      val_loss=  27.2820      best=1      size= 322      nSHD_c=   9.2333      nSHD=   9.1333      tpr_c=   0.1460      change_adj_count=104      
2022-08-16 BST 10:40:38,327 - INFO -  epoch= 200      train_loss=   7.1537      val_loss=  25.3820      best=1      size= 319      nSHD_c=   9.2333      nSHD=   9.1667      tpr_c=   0.1442      change_adj_count=196      
2022-08-16 BST 10:40:53,842 - INFO -  epoch= 300      train_loss=   7.4260      val_loss=  25.8804      best=1      size= 327      nSHD_c=   9.3000      nSHD=   9.3000      tpr_c=   0.1560      change_adj_count=282      
2022-08-16 BST 10:41:10,036 - INFO -  epoch= 400      train_loss=   7.0138      val_loss=  23.5769      best=1      size= 332      nSHD_c=   9.7333      nSHD=   9.6667      tpr_c=   0.1355      change_adj_count=353      
2022-08-16 BST 10:41:26,762 - INFO -  epoch= 500      train_loss=   7.2773      val_loss=  22.6580      best=1      size= 337      nSHD_c=   9.8000      nSHD=   9.7000      tpr_c=   0.1395      change_adj_count=421      
2022-08-16 BST 10:41:42,943 - INFO -  epoch= 600      train_loss=   7.2842      val_loss=  29.0659      best=1      size= 339      nSHD_c=   9.7000      nSHD=   9.6000      tpr_c=   0.1504      change_adj_count=479      
2022-08-16 BST 10:41:57,930 - INFO -  epoch= 700      train_loss=   7.3590      val_loss=  23.9184      best=1      size= 335      nSHD_c=   9.6000      nSHD=   9.5333      tpr_c=   0.1493      change_adj_count=540      
2022-08-16 BST 10:42:13,208 - INFO -  epoch= 800      train_loss=   7.3304      val_loss=  22.9383      best=1      size= 342      nSHD_c=   9.8000      nSHD=   9.7333      tpr_c=   0.1491      change_adj_count=586      
2022-08-16 BST 10:42:30,224 - INFO -  epoch= 900      train_loss=   7.0433      val_loss=  22.7224      best=1      size= 336      nSHD_c=   9.6000      nSHD=   9.5333      tpr_c=   0.1518      change_adj_count=636      
2022-08-16 BST 10:42:46,404 - INFO -  epoch=1000      train_loss=   7.1599      val_loss=  22.1701      best=1      size= 340      nSHD_c=   9.7333      nSHD=   9.6333      tpr_c=   0.1500      change_adj_count=662      
2022-08-16 BST 10:42:46,404 - INFO - Before params
2022-08-16 BST 10:42:46,405 - INFO - After params={'MAX_SIZE': [None], 'LAMBDA': [1], 'NOISE_TEMPERATURE': [10], 'h_NULL': [0.001], 'h_LR': [0.0001], 'z_RHO': [0], 'z_MU': [0]}
2022-08-16 BST 10:42:46,405 - INFO - After metrics={'train_loss': [7.159870470723798], 'val_loss': [22.17008876800537], 'size': [340], 'nshd_c': [9.733333333333333], 'nshd': [9.633333333333333], 'tpr': [0.8709677419354839], 'tpr_c': [0.15], 'change_adj_count': [662]}
2022-08-16 BST 10:42:46,423 - INFO - After to_save=  MAX_SIZE  LAMBDA  NOISE_TEMPERATURE  ...       tpr  tpr_c  change_adj_count
0     None       1                 10  ...  0.870968   0.15               662

[1 rows x 16 columns]
2022-08-16 BST 10:42:46,423 - INFO - After file_path='../results/l_66none_4hps.csv'
2022-08-16 BST 10:42:46,425 - INFO - Last epoch results saved in l_66none_4hps.csv
2022-08-16 BST 10:42:46,425 - INFO - 

DAG 8: size_true=63	X.var()=39.3378
2022-08-16 BST 10:42:46,665 - INFO -  epoch=   1      train_loss=  23.8610      val_loss=  16.3772      best=1      size= 243      nSHD_c=   8.2667      nSHD=   8.2333      tpr_c=   0.0947      change_adj_count=5      
2022-08-16 BST 10:43:03,871 - INFO -  epoch= 100      train_loss=   7.8947      val_loss=  12.6337      best=1      size= 313      nSHD_c=   8.8000      nSHD=   8.7000      tpr_c=   0.1629      change_adj_count=104      
2022-08-16 BST 10:43:20,702 - INFO -  epoch= 200      train_loss=   7.7248      val_loss=  13.6900      best=1      size= 333      nSHD_c=   9.5000      nSHD=   9.4333      tpr_c=   0.1471      change_adj_count=200      
2022-08-16 BST 10:43:37,450 - INFO -  epoch= 300      train_loss=   7.9062      val_loss=  12.0804      best=1      size= 329      nSHD_c=   9.3333      nSHD=   9.2667      tpr_c=   0.1520      change_adj_count=278      
2022-08-16 BST 10:43:54,566 - INFO -  epoch= 400      train_loss=   7.7921      val_loss=  12.6905      best=1      size= 328      nSHD_c=   9.4333      nSHD=   9.3667      tpr_c=   0.1463      change_adj_count=349      
2022-08-16 BST 10:44:10,531 - INFO -  epoch= 500      train_loss=   7.6708      val_loss=  12.8854      best=1      size= 324      nSHD_c=   9.2000      nSHD=   9.1333      tpr_c=   0.1512      change_adj_count=414      
2022-08-16 BST 10:44:26,281 - INFO -  epoch= 600      train_loss=   7.8307      val_loss=  12.1371      best=1      size= 330      nSHD_c=   9.3333      nSHD=   9.2667      tpr_c=   0.1515      change_adj_count=469      
2022-08-16 BST 10:44:42,290 - INFO -  epoch= 700      train_loss=   7.6327      val_loss=  10.8099      best=1      size= 327      nSHD_c=   9.2333      nSHD=   9.1667      tpr_c=   0.1529      change_adj_count=527      
2022-08-16 BST 10:44:59,258 - INFO -  epoch= 800      train_loss=   7.6144      val_loss=  11.4395      best=1      size= 327      nSHD_c=   9.2333      nSHD=   9.1667      tpr_c=   0.1560      change_adj_count=584      
2022-08-16 BST 10:45:16,071 - INFO -  epoch= 900      train_loss=   7.5614      val_loss=  10.7386      best=1      size= 331      nSHD_c=   9.5333      nSHD=   9.4667      tpr_c=   0.1450      change_adj_count=642      
2022-08-16 BST 10:45:32,319 - INFO -  epoch=1000      train_loss=   7.5883      val_loss=  10.3182      best=1      size= 330      nSHD_c=   9.4667      nSHD=   9.3667      tpr_c=   0.1455      change_adj_count=696      
2022-08-16 BST 10:45:32,319 - INFO - Before params
2022-08-16 BST 10:45:32,320 - INFO - After params={'MAX_SIZE': [None], 'LAMBDA': [1], 'NOISE_TEMPERATURE': [10], 'h_NULL': [0.001], 'h_LR': [0.0001], 'z_RHO': [0], 'z_MU': [0]}
2022-08-16 BST 10:45:32,320 - INFO - After metrics={'train_loss': [7.588316548255182], 'val_loss': [10.318151791890463], 'size': [330], 'nshd_c': [9.466666666666667], 'nshd': [9.366666666666667], 'tpr': [0.8095238095238095], 'tpr_c': [0.14545454545454545], 'change_adj_count': [696]}
2022-08-16 BST 10:45:32,337 - INFO - After to_save=  MAX_SIZE  LAMBDA  NOISE_TEMPERATURE  ...       tpr     tpr_c  change_adj_count
0     None       1                 10  ...  0.809524  0.145455               696

[1 rows x 16 columns]
2022-08-16 BST 10:45:32,338 - INFO - After file_path='../results/l_66none_4hps.csv'
2022-08-16 BST 10:45:32,340 - INFO - Last epoch results saved in l_66none_4hps.csv
2022-08-16 BST 10:45:32,340 - INFO - 

DAG 9: size_true=61	X.var()=94.6254
2022-08-16 BST 10:45:32,557 - INFO -  epoch=   1      train_loss=  41.4624      val_loss=  29.1700      best=1      size= 281      nSHD_c=   9.5000      nSHD=   9.4667      tpr_c=   0.0605      change_adj_count=5      
2022-08-16 BST 10:45:47,938 - INFO -  epoch= 100      train_loss=  13.0438      val_loss=  35.0751      best=1      size= 335      nSHD_c=   9.9000      nSHD=   9.8000      tpr_c=   0.1254      change_adj_count=104      
2022-08-16 BST 10:46:03,298 - INFO -  epoch= 200      train_loss=  12.5125      val_loss=  40.6904      best=1      size= 350      nSHD_c=  10.3000      nSHD=  10.2000      tpr_c=   0.1229      change_adj_count=201      
2022-08-16 BST 10:46:18,851 - INFO -  epoch= 300      train_loss=  12.9508      val_loss=  31.9554      best=1      size= 350      nSHD_c=  10.1667      nSHD=  10.1000      tpr_c=   0.1314      change_adj_count=284      
2022-08-16 BST 10:46:35,027 - INFO -  epoch= 400      train_loss=  13.1335      val_loss=  37.7415      best=1      size= 344      nSHD_c=  10.1000      nSHD=  10.0000      tpr_c=   0.1250      change_adj_count=356      
2022-08-16 BST 10:46:50,989 - INFO -  epoch= 500      train_loss=  12.6530      val_loss=  35.2822      best=1      size= 344      nSHD_c=  10.1000      nSHD=  10.0000      tpr_c=   0.1250      change_adj_count=436      
2022-08-16 BST 10:47:07,292 - INFO -  epoch= 600      train_loss=  12.8402      val_loss=  34.4140      best=1      size= 349      nSHD_c=  10.1667      nSHD=  10.1000      tpr_c=   0.1289      change_adj_count=504      
2022-08-16 BST 10:47:24,335 - INFO -  epoch= 700      train_loss=  12.5624      val_loss=  31.7776      best=1      size= 349      nSHD_c=  10.1667      nSHD=  10.1000      tpr_c=   0.1289      change_adj_count=555      
2022-08-16 BST 10:47:40,523 - INFO -  epoch= 800      train_loss=  12.6233      val_loss=  32.5992      best=1      size= 356      nSHD_c=  10.4000      nSHD=  10.3000      tpr_c=   0.1264      change_adj_count=609      
2022-08-16 BST 10:47:56,280 - INFO -  epoch= 900      train_loss=  12.5842      val_loss=  31.0588      best=1      size= 354      nSHD_c=  10.3333      nSHD=  10.2333      tpr_c=   0.1271      change_adj_count=649      
2022-08-16 BST 10:48:13,340 - INFO -  epoch=1000      train_loss=  13.0526      val_loss=  28.8236      best=1      size= 355      nSHD_c=  10.3667      nSHD=  10.2667      tpr_c=   0.1268      change_adj_count=694      
2022-08-16 BST 10:48:13,340 - INFO - Before params
2022-08-16 BST 10:48:13,340 - INFO - After params={'MAX_SIZE': [None], 'LAMBDA': [1], 'NOISE_TEMPERATURE': [10], 'h_NULL': [0.001], 'h_LR': [0.0001], 'z_RHO': [0], 'z_MU': [0]}
2022-08-16 BST 10:48:13,340 - INFO - After metrics={'train_loss': [13.052590585524037], 'val_loss': [28.823567390441895], 'size': [355], 'nshd_c': [10.366666666666667], 'nshd': [10.266666666666667], 'tpr': [0.7868852459016393], 'tpr_c': [0.1267605633802817], 'change_adj_count': [694]}
2022-08-16 BST 10:48:13,358 - INFO - After to_save=  MAX_SIZE  LAMBDA  NOISE_TEMPERATURE  ...       tpr     tpr_c  change_adj_count
0     None       1                 10  ...  0.786885  0.126761               694

[1 rows x 16 columns]
2022-08-16 BST 10:48:13,358 - INFO - After file_path='../results/l_66none_4hps.csv'
2022-08-16 BST 10:48:13,361 - INFO - Last epoch results saved in l_66none_4hps.csv
2022-08-16 BST 10:48:13,361 - INFO - 

DAG 10: size_true=51	X.var()=18.9170
2022-08-16 BST 10:48:13,602 - INFO -  epoch=   1      train_loss=  11.3635      val_loss=  10.6170      best=1      size= 251      nSHD_c=   8.7000      nSHD=   8.6667      tpr_c=   0.0398      change_adj_count=5      
2022-08-16 BST 10:48:13,845 - INFO -  epoch=   2      train_loss=   6.4244      val_loss=   7.2283      best=1      size= 252      nSHD_c=   8.4667      nSHD=   8.4333      tpr_c=   0.0516      change_adj_count=6      
2022-08-16 BST 10:48:30,201 - INFO -  epoch= 100      train_loss=   4.8683      val_loss=   5.5308      best=1      size= 284      nSHD_c=   8.3333      nSHD=   8.2000      tpr_c=   0.1303      change_adj_count=103      
2022-08-16 BST 10:48:47,199 - INFO -  epoch= 200      train_loss=   4.9762      val_loss=   5.7766      best=1      size= 292      nSHD_c=   8.6333      nSHD=   8.4667      tpr_c=   0.1233      change_adj_count=192      
2022-08-16 BST 10:49:03,942 - INFO -  epoch= 300      train_loss=   4.9768      val_loss=   5.3993      best=1      size= 300      nSHD_c=   8.7667      nSHD=   8.6333      tpr_c=   0.1300      change_adj_count=279      
2022-08-16 BST 10:49:20,365 - INFO -  epoch= 400      train_loss=   4.8606      val_loss=   5.5396      best=1      size= 303      nSHD_c=   8.8667      nSHD=   8.7000      tpr_c=   0.1254      change_adj_count=355      
2022-08-16 BST 10:49:36,129 - INFO -  epoch= 500      train_loss=   4.8056      val_loss=   5.4034      best=1      size= 305      nSHD_c=   9.0667      nSHD=   8.9000      tpr_c=   0.1148      change_adj_count=417      
2022-08-16 BST 10:49:51,727 - INFO -  epoch= 600      train_loss=   4.8910      val_loss=   5.6606      best=1      size= 300      nSHD_c=   8.9000      nSHD=   8.7000      tpr_c=   0.1167      change_adj_count=473      
2022-08-16 BST 10:50:07,893 - INFO -  epoch= 700      train_loss=   4.8459      val_loss=   5.0607      best=1      size= 302      nSHD_c=   8.9667      nSHD=   8.8000      tpr_c=   0.1159      change_adj_count=535      
2022-08-16 BST 10:50:24,383 - INFO -  epoch= 800      train_loss=   4.9448      val_loss=   5.1195      best=1      size= 310      nSHD_c=   9.1667      nSHD=   8.9667      tpr_c=   0.1161      change_adj_count=583      
2022-08-16 BST 10:50:41,253 - INFO -  epoch= 900      train_loss=   4.8088      val_loss=   5.3623      best=1      size= 304      nSHD_c=   8.9667      nSHD=   8.8000      tpr_c=   0.1184      change_adj_count=631      
2022-08-16 BST 10:50:57,036 - INFO -  epoch=1000      train_loss=   4.8288      val_loss=   5.3524      best=1      size= 302      nSHD_c=   8.8333      nSHD=   8.6667      tpr_c=   0.1258      change_adj_count=669      
2022-08-16 BST 10:50:57,036 - INFO - Before params
2022-08-16 BST 10:50:57,036 - INFO - After params={'MAX_SIZE': [None], 'LAMBDA': [1], 'NOISE_TEMPERATURE': [10], 'h_NULL': [0.001], 'h_LR': [0.0001], 'z_RHO': [0], 'z_MU': [0]}
2022-08-16 BST 10:50:57,036 - INFO - After metrics={'train_loss': [4.828790472399804], 'val_loss': [5.3524244626363116], 'size': [302], 'nshd_c': [8.833333333333334], 'nshd': [8.666666666666666], 'tpr': [0.8431372549019608], 'tpr_c': [0.12582781456953643], 'change_adj_count': [669]}
2022-08-16 BST 10:50:57,053 - INFO - After to_save=  MAX_SIZE  LAMBDA  NOISE_TEMPERATURE  ...       tpr     tpr_c  change_adj_count
0     None       1                 10  ...  0.843137  0.125828               669

[1 rows x 16 columns]
2022-08-16 BST 10:50:57,053 - INFO - After file_path='../results/l_66none_4hps.csv'
2022-08-16 BST 10:50:57,057 - INFO - Last epoch results saved in l_66none_4hps.csv
2022-08-16 BST 10:50:57,058 - INFO - 

DAG 11: size_true=68	X.var()=127.5135
2022-08-16 BST 10:50:57,263 - INFO -  epoch=   1      train_loss=  72.6057      val_loss=  39.5400      best=1      size= 267      nSHD_c=   9.1333      nSHD=   9.1000      tpr_c=   0.0712      change_adj_count=5      
2022-08-16 BST 10:51:13,078 - INFO -  epoch= 100      train_loss=  16.9975      val_loss=  48.9944      best=1      size= 316      nSHD_c=   9.0000      nSHD=   8.9333      tpr_c=   0.1582      change_adj_count=104      
2022-08-16 BST 10:51:29,783 - INFO -  epoch= 200      train_loss=  16.7592      val_loss=  47.4122      best=1      size= 316      nSHD_c=   9.1000      nSHD=   9.0333      tpr_c=   0.1582      change_adj_count=200      
2022-08-16 BST 10:51:46,528 - INFO -  epoch= 300      train_loss=  17.0767      val_loss=  52.6451      best=1      size= 319      nSHD_c=   9.1000      nSHD=   9.0333      tpr_c=   0.1567      change_adj_count=286      
2022-08-16 BST 10:52:02,365 - INFO -  epoch= 400      train_loss=  16.7122      val_loss=  45.6867      best=1      size= 313      nSHD_c=   8.8667      nSHD=   8.8000      tpr_c=   0.1629      change_adj_count=366      
2022-08-16 BST 10:52:19,647 - INFO -  epoch= 500      train_loss=  16.1430      val_loss=  49.8954      best=1      size= 312      nSHD_c=   8.7667      nSHD=   8.7000      tpr_c=   0.1667      change_adj_count=434      
2022-08-16 BST 10:52:37,263 - INFO -  epoch= 600      train_loss=  16.0036      val_loss=  44.9186      best=1      size= 308      nSHD_c=   8.7000      nSHD=   8.6333      tpr_c=   0.1656      change_adj_count=493      
2022-08-16 BST 10:52:53,494 - INFO -  epoch= 700      train_loss=  16.2839      val_loss=  42.7162      best=1      size= 312      nSHD_c=   8.8000      nSHD=   8.7000      tpr_c=   0.1635      change_adj_count=552      
2022-08-16 BST 10:53:10,878 - INFO -  epoch= 800      train_loss=  16.1172      val_loss=  44.1584      best=1      size= 313      nSHD_c=   8.7667      nSHD=   8.7333      tpr_c=   0.1693      change_adj_count=593      
2022-08-16 BST 10:53:29,339 - INFO -  epoch= 900      train_loss=  16.0915      val_loss=  43.6365      best=1      size= 313      nSHD_c=   8.7333      nSHD=   8.6667      tpr_c=   0.1693      change_adj_count=652      
2022-08-16 BST 10:53:48,374 - INFO -  epoch=1000      train_loss=  15.5674      val_loss=  42.2336      best=1      size= 309      nSHD_c=   8.7000      nSHD=   8.6000      tpr_c=   0.1650      change_adj_count=705      
2022-08-16 BST 10:53:48,375 - INFO - Before params
2022-08-16 BST 10:53:48,375 - INFO - After params={'MAX_SIZE': [None], 'LAMBDA': [1], 'NOISE_TEMPERATURE': [10], 'h_NULL': [0.001], 'h_LR': [0.0001], 'z_RHO': [0], 'z_MU': [0]}
2022-08-16 BST 10:53:48,375 - INFO - After metrics={'train_loss': [15.567443816892562], 'val_loss': [42.233561197916664], 'size': [309], 'nshd_c': [8.7], 'nshd': [8.6], 'tpr': [0.7941176470588235], 'tpr_c': [0.1650485436893204], 'change_adj_count': [705]}
2022-08-16 BST 10:53:48,396 - INFO - After to_save=  MAX_SIZE  LAMBDA  NOISE_TEMPERATURE  ...       tpr     tpr_c  change_adj_count
0     None       1                 10  ...  0.794118  0.165049               705

[1 rows x 16 columns]
2022-08-16 BST 10:53:48,396 - INFO - After file_path='../results/l_66none_4hps.csv'
2022-08-16 BST 10:53:48,408 - INFO - Last epoch results saved in l_66none_4hps.csv
2022-08-16 BST 10:53:48,409 - INFO - 

DAG 12: size_true=53	X.var()=15.8398
2022-08-16 BST 10:53:48,646 - INFO -  epoch=   1      train_loss=  10.3922      val_loss=   6.6367      best=1      size= 258      nSHD_c=   8.4333      nSHD=   8.4000      tpr_c=   0.0853      change_adj_count=5      
2022-08-16 BST 10:53:48,884 - INFO -  epoch=   2      train_loss=   6.0568      val_loss=   4.3007      best=1      size= 265      nSHD_c=   8.4333      nSHD=   8.3333      tpr_c=   0.0906      change_adj_count=6      
2022-08-16 BST 10:54:07,045 - INFO -  epoch= 100      train_loss=   4.2341      val_loss=   4.6681      best=1      size= 293      nSHD_c=   8.5333      nSHD=   8.3667      tpr_c=   0.1331      change_adj_count=102      
2022-08-16 BST 10:54:26,023 - INFO -  epoch= 200      train_loss=   4.1806      val_loss=   4.9829      best=1      size= 284      nSHD_c=   8.2000      nSHD=   8.1000      tpr_c=   0.1408      change_adj_count=188      
2022-08-16 BST 10:54:45,052 - INFO -  epoch= 300      train_loss=   4.1683      val_loss=   4.8216      best=1      size= 288      nSHD_c=   8.3667      nSHD=   8.2000      tpr_c=   0.1389      change_adj_count=268      
2022-08-16 BST 10:55:04,185 - INFO -  epoch= 400      train_loss=   4.1062      val_loss=   4.9345      best=1      size= 294      nSHD_c=   8.5333      nSHD=   8.3333      tpr_c=   0.1361      change_adj_count=343      
2022-08-16 BST 10:55:23,336 - INFO -  epoch= 500      train_loss=   4.0297      val_loss=   4.1599      best=1      size= 296      nSHD_c=   8.6333      nSHD=   8.4667      tpr_c=   0.1318      change_adj_count=404      
2022-08-16 BST 10:55:42,223 - INFO -  epoch= 600      train_loss=   4.0481      val_loss=   4.5539      best=1      size= 292      nSHD_c=   8.4667      nSHD=   8.3000      tpr_c=   0.1370      change_adj_count=458      
2022-08-16 BST 10:56:01,729 - INFO -  epoch= 700      train_loss=   4.0681      val_loss=   4.8900      best=1      size= 297      nSHD_c=   8.6333      nSHD=   8.4667      tpr_c=   0.1347      change_adj_count=512      
2022-08-16 BST 10:56:20,755 - INFO -  epoch= 800      train_loss=   3.9639      val_loss=   4.2983      best=1      size= 295      nSHD_c=   8.6000      nSHD=   8.4333      tpr_c=   0.1322      change_adj_count=563      
2022-08-16 BST 10:56:39,548 - INFO -  epoch= 900      train_loss=   3.9157      val_loss=   4.0385      best=1      size= 293      nSHD_c=   8.5667      nSHD=   8.4333      tpr_c=   0.1331      change_adj_count=619      
2022-08-16 BST 10:56:58,825 - INFO -  epoch=1000      train_loss=   4.1733      val_loss=   4.2512      best=1      size= 298      nSHD_c=   8.6333      nSHD=   8.5333      tpr_c=   0.1376      change_adj_count=657      
2022-08-16 BST 10:56:58,826 - INFO - Before params
2022-08-16 BST 10:56:58,826 - INFO - After params={'MAX_SIZE': [None], 'LAMBDA': [1], 'NOISE_TEMPERATURE': [10], 'h_NULL': [0.001], 'h_LR': [0.0001], 'z_RHO': [0], 'z_MU': [0]}
2022-08-16 BST 10:56:58,826 - INFO - After metrics={'train_loss': [4.173338613202495], 'val_loss': [4.251240809758504], 'size': [298], 'nshd_c': [8.633333333333333], 'nshd': [8.533333333333333], 'tpr': [0.8301886792452831], 'tpr_c': [0.13758389261744966], 'change_adj_count': [657]}
2022-08-16 BST 10:56:58,847 - INFO - After to_save=  MAX_SIZE  LAMBDA  NOISE_TEMPERATURE  ...       tpr     tpr_c  change_adj_count
0     None       1                 10  ...  0.830189  0.137584               657

[1 rows x 16 columns]
2022-08-16 BST 10:56:58,847 - INFO - After file_path='../results/l_66none_4hps.csv'
2022-08-16 BST 10:56:58,850 - INFO - Last epoch results saved in l_66none_4hps.csv
2022-08-16 BST 10:56:58,851 - INFO - 

DAG 13: size_true=53	X.var()=112.2632
2022-08-16 BST 10:56:59,088 - INFO -  epoch=   1      train_loss=  64.7817      val_loss=  24.0690      best=1      size= 259      nSHD_c=   8.9000      nSHD=   8.8000      tpr_c=   0.0579      change_adj_count=5      
2022-08-16 BST 10:57:17,948 - INFO -  epoch= 100      train_loss=  13.4029      val_loss=  52.2402      best=1      size= 299      nSHD_c=   8.9667      nSHD=   8.9333      tpr_c=   0.1204      change_adj_count=103      
2022-08-16 BST 10:57:36,922 - INFO -  epoch= 200      train_loss=  13.6571      val_loss=  52.3678      best=1      size= 292      nSHD_c=   8.5667      nSHD=   8.5333      tpr_c=   0.1336      change_adj_count=193      
2022-08-16 BST 10:57:55,877 - INFO -  epoch= 300      train_loss=  13.6035      val_loss=  41.5120      best=1      size= 288      nSHD_c=   8.4667      nSHD=   8.4333      tpr_c=   0.1319      change_adj_count=272      
2022-08-16 BST 10:58:14,728 - INFO -  epoch= 400      train_loss=  13.9453      val_loss=  45.4687      best=1      size= 289      nSHD_c=   8.5333      nSHD=   8.4333      tpr_c=   0.1280      change_adj_count=332      
2022-08-16 BST 10:58:33,745 - INFO -  epoch= 500      train_loss=  13.6829      val_loss=  39.7554      best=1      size= 286      nSHD_c=   8.4667      nSHD=   8.3667      tpr_c=   0.1294      change_adj_count=402      
2022-08-16 BST 10:58:52,431 - INFO -  epoch= 600      train_loss=  13.0509      val_loss=  44.8373      best=1      size= 288      nSHD_c=   8.5333      nSHD=   8.4333      tpr_c=   0.1285      change_adj_count=464      
2022-08-16 BST 10:59:11,792 - INFO -  epoch= 700      train_loss=  13.5936      val_loss=  38.1742      best=1      size= 285      nSHD_c=   8.3667      nSHD=   8.2667      tpr_c=   0.1333      change_adj_count=519      
2022-08-16 BST 10:59:30,761 - INFO -  epoch= 800      train_loss=  12.9909      val_loss=  39.4832      best=1      size= 279      nSHD_c=   8.2000      nSHD=   8.0667      tpr_c=   0.1326      change_adj_count=578      
2022-08-16 BST 10:59:49,899 - INFO -  epoch= 900      train_loss=  13.0592      val_loss=  47.1465      best=1      size= 278      nSHD_c=   8.1667      nSHD=   8.0333      tpr_c=   0.1331      change_adj_count=627      
2022-08-16 BST 11:00:08,920 - INFO -  epoch=1000      train_loss=  13.0819      val_loss=  38.9616      best=1      size= 283      nSHD_c=   8.3333      nSHD=   8.2000      tpr_c=   0.1307      change_adj_count=674      
2022-08-16 BST 11:00:08,920 - INFO - Before params
2022-08-16 BST 11:00:08,921 - INFO - After params={'MAX_SIZE': [None], 'LAMBDA': [1], 'NOISE_TEMPERATURE': [10], 'h_NULL': [0.001], 'h_LR': [0.0001], 'z_RHO': [0], 'z_MU': [0]}
2022-08-16 BST 11:00:08,921 - INFO - After metrics={'train_loss': [13.081905180408109], 'val_loss': [38.96157614390055], 'size': [283], 'nshd_c': [8.333333333333334], 'nshd': [8.2], 'tpr': [0.7735849056603774], 'tpr_c': [0.13074204946996468], 'change_adj_count': [674]}
2022-08-16 BST 11:00:08,942 - INFO - After to_save=  MAX_SIZE  LAMBDA  NOISE_TEMPERATURE  ...       tpr     tpr_c  change_adj_count
0     None       1                 10  ...  0.773585  0.130742               674

[1 rows x 16 columns]
2022-08-16 BST 11:00:08,942 - INFO - After file_path='../results/l_66none_4hps.csv'
2022-08-16 BST 11:00:08,952 - INFO - Last epoch results saved in l_66none_4hps.csv
2022-08-16 BST 11:00:08,953 - INFO - 

DAG 14: size_true=59	X.var()=16.7418
2022-08-16 BST 11:00:09,198 - INFO -  epoch=   1      train_loss=   9.4464      val_loss=   8.7691      best=1      size= 269      nSHD_c=   9.4333      nSHD=   9.4000      tpr_c=   0.0372      change_adj_count=5      
2022-08-16 BST 11:00:09,447 - INFO -  epoch=   2      train_loss=   5.1928      val_loss=   6.6433      best=1      size= 277      nSHD_c=   9.3667      nSHD=   9.3333      tpr_c=   0.0578      change_adj_count=6      
2022-08-16 BST 11:00:28,168 - INFO -  epoch= 100      train_loss=   4.1653      val_loss=   5.3954      best=1      size= 322      nSHD_c=   9.1333      nSHD=   9.0000      tpr_c=   0.1522      change_adj_count=103      
2022-08-16 BST 11:00:47,317 - INFO -  epoch= 200      train_loss=   4.2064      val_loss=   5.2634      best=1      size= 328      nSHD_c=   9.3667      nSHD=   9.2333      tpr_c=   0.1463      change_adj_count=196      
2022-08-16 BST 11:01:06,408 - INFO -  epoch= 300      train_loss=   4.0830      val_loss=   5.7894      best=1      size= 339      nSHD_c=   9.7000      nSHD=   9.5667      tpr_c=   0.1416      change_adj_count=279      
2022-08-16 BST 11:01:25,544 - INFO -  epoch= 400      train_loss=   4.2667      val_loss=   5.2480      best=1      size= 331      nSHD_c=   9.4333      nSHD=   9.3000      tpr_c=   0.1450      change_adj_count=344      
2022-08-16 BST 11:01:44,327 - INFO -  epoch= 500      train_loss=   4.1491      val_loss=   5.3861      best=1      size= 333      nSHD_c=   9.5333      nSHD=   9.4000      tpr_c=   0.1411      change_adj_count=404      
2022-08-16 BST 11:02:03,457 - INFO -  epoch= 600      train_loss=   4.1980      val_loss=   5.1974      best=1      size= 326      nSHD_c=   9.3000      nSHD=   9.1667      tpr_c=   0.1442      change_adj_count=472      
2022-08-16 BST 11:02:22,871 - INFO -  epoch= 700      train_loss=   4.1726      val_loss=   5.3855      best=1      size= 323      nSHD_c=   9.2000      nSHD=   9.0667      tpr_c=   0.1455      change_adj_count=534      
2022-08-16 BST 11:02:41,492 - INFO -  epoch= 800      train_loss=   4.0964      val_loss=   5.0306      best=1      size= 323      nSHD_c=   9.2000      nSHD=   9.0667      tpr_c=   0.1455      change_adj_count=595      
2022-08-16 BST 11:03:00,516 - INFO -  epoch= 900      train_loss=   4.1619      val_loss=   5.2260      best=1      size= 339      nSHD_c=   9.7333      nSHD=   9.6000      tpr_c=   0.1386      change_adj_count=650      
2022-08-16 BST 11:03:19,491 - INFO -  epoch=1000      train_loss=   4.1366      val_loss=   5.4228      best=1      size= 337      nSHD_c=   9.6667      nSHD=   9.5333      tpr_c=   0.1395      change_adj_count=698      
2022-08-16 BST 11:03:19,492 - INFO - Before params
2022-08-16 BST 11:03:19,492 - INFO - After params={'MAX_SIZE': [None], 'LAMBDA': [1], 'NOISE_TEMPERATURE': [10], 'h_NULL': [0.001], 'h_LR': [0.0001], 'z_RHO': [0], 'z_MU': [0]}
2022-08-16 BST 11:03:19,492 - INFO - After metrics={'train_loss': [4.136620836873209], 'val_loss': [5.422831773757935], 'size': [337], 'nshd_c': [9.666666666666666], 'nshd': [9.533333333333333], 'tpr': [0.864406779661017], 'tpr_c': [0.1394658753709199], 'change_adj_count': [698]}
2022-08-16 BST 11:03:19,513 - INFO - After to_save=  MAX_SIZE  LAMBDA  NOISE_TEMPERATURE  ...       tpr     tpr_c  change_adj_count
0     None       1                 10  ...  0.864407  0.139466               698

[1 rows x 16 columns]
2022-08-16 BST 11:03:19,513 - INFO - After file_path='../results/l_66none_4hps.csv'
2022-08-16 BST 11:03:19,515 - INFO - Last epoch results saved in l_66none_4hps.csv
2022-08-16 BST 11:03:19,516 - INFO - 

DAG 15: size_true=42	X.var()=8.6273
2022-08-16 BST 11:03:19,757 - INFO -  epoch=   1      train_loss=   5.7458      val_loss=   5.3769      best=1      size= 271      nSHD_c=   9.1667      nSHD=   9.1333      tpr_c=   0.0369      change_adj_count=5      
2022-08-16 BST 11:03:20,018 - INFO -  epoch=   2      train_loss=   3.6961      val_loss=   4.5017      best=1      size= 268      nSHD_c=   8.8333      nSHD=   8.8000      tpr_c=   0.0522      change_adj_count=6      
2022-08-16 BST 11:03:20,287 - INFO -  epoch=   3      train_loss=   3.2315      val_loss=   4.0620      best=1      size= 274      nSHD_c=   8.8667      nSHD=   8.8333      tpr_c=   0.0620      change_adj_count=7      
2022-08-16 BST 11:03:20,532 - INFO -  epoch=   4      train_loss=   3.0515      val_loss=   3.5203      best=1      size= 274      nSHD_c=   8.7000      nSHD=   8.6667      tpr_c=   0.0766      change_adj_count=8      
2022-08-16 BST 11:03:38,737 - INFO -  epoch= 100      train_loss=   2.9329      val_loss=   2.7882      best=1      size= 286      nSHD_c=   8.5000      nSHD=   8.4333      tpr_c=   0.1154      change_adj_count=104      
2022-08-16 BST 11:03:57,646 - INFO -  epoch= 200      train_loss=   2.9560      val_loss=   2.7794      best=1      size= 290      nSHD_c=   8.6333      nSHD=   8.5667      tpr_c=   0.1138      change_adj_count=196      
2022-08-16 BST 11:04:16,493 - INFO -  epoch= 300      train_loss=   2.8753      val_loss=   2.4508      best=1      size= 280      nSHD_c=   8.2000      nSHD=   8.1667      tpr_c=   0.1250      change_adj_count=269      
2022-08-16 BST 11:04:35,763 - INFO -  epoch= 400      train_loss=   2.9126      val_loss=   2.5326      best=1      size= 282      nSHD_c=   8.2000      nSHD=   8.1667      tpr_c=   0.1277      change_adj_count=341      
2022-08-16 BST 11:04:54,880 - INFO -  epoch= 500      train_loss=   2.8404      val_loss=   2.6293      best=1      size= 275      nSHD_c=   7.9667      nSHD=   7.9333      tpr_c=   0.1309      change_adj_count=412      
2022-08-16 BST 11:05:14,224 - INFO -  epoch= 600      train_loss=   2.8753      val_loss=   2.7396      best=1      size= 279      nSHD_c=   8.1333      nSHD=   8.0667      tpr_c=   0.1254      change_adj_count=475      
2022-08-16 BST 11:05:33,253 - INFO -  epoch= 700      train_loss=   2.8929      val_loss=   2.6659      best=1      size= 276      nSHD_c=   8.0333      nSHD=   7.9667      tpr_c=   0.1268      change_adj_count=525      
2022-08-16 BST 11:05:52,235 - INFO -  epoch= 800      train_loss=   2.8488      val_loss=   2.6576      best=1      size= 283      nSHD_c=   8.2667      nSHD=   8.2000      tpr_c=   0.1237      change_adj_count=575      
2022-08-16 BST 11:06:11,266 - INFO -  epoch= 900      train_loss=   2.9243      val_loss=   2.7542      best=1      size= 290      nSHD_c=   8.5000      nSHD=   8.4333      tpr_c=   0.1207      change_adj_count=626      
2022-08-16 BST 11:06:30,451 - INFO -  epoch=1000      train_loss=   2.8370      val_loss=   2.5718      best=1      size= 279      nSHD_c=   8.1000      nSHD=   8.0333      tpr_c=   0.1290      change_adj_count=670      
2022-08-16 BST 11:06:30,452 - INFO - Before params
2022-08-16 BST 11:06:30,452 - INFO - After params={'MAX_SIZE': [None], 'LAMBDA': [1], 'NOISE_TEMPERATURE': [10], 'h_NULL': [0.001], 'h_LR': [0.0001], 'z_RHO': [0], 'z_MU': [0]}
2022-08-16 BST 11:06:30,452 - INFO - After metrics={'train_loss': [2.836987410822222], 'val_loss': [2.571830769379934], 'size': [279], 'nshd_c': [8.1], 'nshd': [8.033333333333333], 'tpr': [0.9047619047619048], 'tpr_c': [0.12903225806451613], 'change_adj_count': [670]}
2022-08-16 BST 11:06:30,475 - INFO - After to_save=  MAX_SIZE  LAMBDA  NOISE_TEMPERATURE  ...       tpr     tpr_c  change_adj_count
0     None       1                 10  ...  0.904762  0.129032               670

[1 rows x 16 columns]
2022-08-16 BST 11:06:30,475 - INFO - After file_path='../results/l_66none_4hps.csv'
2022-08-16 BST 11:06:30,478 - INFO - Last epoch results saved in l_66none_4hps.csv
2022-08-16 BST 11:06:30,479 - INFO - 

DAG 16: size_true=50	X.var()=12.1502
2022-08-16 BST 11:06:30,730 - INFO -  epoch=   1      train_loss=   7.8711      val_loss=   7.8414      best=1      size= 268      nSHD_c=   9.0667      nSHD=   8.9667      tpr_c=   0.0597      change_adj_count=5      
2022-08-16 BST 11:06:30,981 - INFO -  epoch=   2      train_loss=   4.7668      val_loss=   6.7353      best=1      size= 275      nSHD_c=   9.2667      nSHD=   9.1667      tpr_c=   0.0655      change_adj_count=6      
2022-08-16 BST 11:06:49,756 - INFO -  epoch= 100      train_loss=   3.6324      val_loss=   3.8740      best=1      size= 299      nSHD_c=   8.8667      nSHD=   8.7667      tpr_c=   0.1171      change_adj_count=104      
2022-08-16 BST 11:07:08,878 - INFO -  epoch= 200      train_loss=   3.5677      val_loss=   4.2386      best=1      size= 302      nSHD_c=   8.8667      nSHD=   8.7333      tpr_c=   0.1291      change_adj_count=195      
2022-08-16 BST 11:07:27,912 - INFO -  epoch= 300      train_loss=   3.6928      val_loss=   4.1395      best=1      size= 319      nSHD_c=   9.3667      nSHD=   9.2667      tpr_c=   0.1254      change_adj_count=278      
2022-08-16 BST 11:07:46,547 - INFO -  epoch= 400      train_loss=   3.6391      val_loss=   4.1934      best=1      size= 315      nSHD_c=   9.2667      nSHD=   9.2000      tpr_c=   0.1238      change_adj_count=352      
2022-08-16 BST 11:08:05,455 - INFO -  epoch= 500      train_loss=   3.5836      val_loss=   4.1963      best=1      size= 318      nSHD_c=   9.3333      nSHD=   9.2667      tpr_c=   0.1258      change_adj_count=424      
2022-08-16 BST 11:08:24,492 - INFO -  epoch= 600      train_loss=   3.6384      val_loss=   4.2021      best=1      size= 316      nSHD_c=   9.2667      nSHD=   9.2000      tpr_c=   0.1266      change_adj_count=487      
2022-08-16 BST 11:08:43,392 - INFO -  epoch= 700      train_loss=   3.6421      val_loss=   4.1994      best=1      size= 314      nSHD_c=   9.2333      nSHD=   9.1667      tpr_c=   0.1242      change_adj_count=534      
2022-08-16 BST 11:09:01,633 - INFO -  epoch= 800      train_loss=   3.6383      val_loss=   4.4400      best=1      size= 315      nSHD_c=   9.3333      nSHD=   9.2333      tpr_c=   0.1175      change_adj_count=592      
2022-08-16 BST 11:09:18,389 - INFO -  epoch= 900      train_loss=   3.5969      val_loss=   4.3031      best=1      size= 315      nSHD_c=   9.3333      nSHD=   9.2333      tpr_c=   0.1175      change_adj_count=641      
2022-08-16 BST 11:09:34,984 - INFO -  epoch=1000      train_loss=   3.6257      val_loss=   4.7790      best=1      size= 310      nSHD_c=   9.1667      nSHD=   9.0667      tpr_c=   0.1194      change_adj_count=692      
2022-08-16 BST 11:09:34,985 - INFO - Before params
2022-08-16 BST 11:09:34,985 - INFO - After params={'MAX_SIZE': [None], 'LAMBDA': [1], 'NOISE_TEMPERATURE': [10], 'h_NULL': [0.001], 'h_LR': [0.0001], 'z_RHO': [0], 'z_MU': [0]}
2022-08-16 BST 11:09:34,985 - INFO - After metrics={'train_loss': [3.6257226774769444], 'val_loss': [4.778979539871216], 'size': [310], 'nshd_c': [9.166666666666666], 'nshd': [9.066666666666666], 'tpr': [0.8], 'tpr_c': [0.11935483870967742], 'change_adj_count': [692]}
2022-08-16 BST 11:09:35,002 - INFO - After to_save=  MAX_SIZE  LAMBDA  NOISE_TEMPERATURE  ...  tpr     tpr_c  change_adj_count
0     None       1                 10  ...  0.8  0.119355               692

[1 rows x 16 columns]
2022-08-16 BST 11:09:35,002 - INFO - After file_path='../results/l_66none_4hps.csv'
2022-08-16 BST 11:09:35,005 - INFO - Last epoch results saved in l_66none_4hps.csv
2022-08-16 BST 11:09:35,005 - INFO - 

DAG 17: size_true=49	X.var()=16.5203
2022-08-16 BST 11:09:35,234 - INFO -  epoch=   1      train_loss=   9.2194      val_loss=   9.0203      best=1      size= 265      nSHD_c=   9.3333      nSHD=   9.2667      tpr_c=   0.0453      change_adj_count=5      
2022-08-16 BST 11:09:36,173 - INFO -  epoch=   6      train_loss=   4.2185      val_loss=   4.6043      best=1      size= 279      nSHD_c=   8.7000      nSHD=   8.5333      tpr_c=   0.1004      change_adj_count=10      
2022-08-16 BST 11:09:51,326 - INFO -  epoch= 100      train_loss=   4.2295      val_loss=   5.2110      best=1      size= 287      nSHD_c=   8.5333      nSHD=   8.2667      tpr_c=   0.1220      change_adj_count=103      
2022-08-16 BST 11:10:07,277 - INFO -  epoch= 200      train_loss=   4.1313      val_loss=   5.3871      best=1      size= 311      nSHD_c=   9.2667      nSHD=   9.0000      tpr_c=   0.1158      change_adj_count=193      
2022-08-16 BST 11:10:23,189 - INFO -  epoch= 300      train_loss=   4.2278      val_loss=   5.2454      best=1      size= 307      nSHD_c=   9.1333      nSHD=   8.9000      tpr_c=   0.1173      change_adj_count=278      
2022-08-16 BST 11:10:38,974 - INFO -  epoch= 400      train_loss=   4.2726      val_loss=   5.2335      best=1      size= 310      nSHD_c=   9.1667      nSHD=   8.9333      tpr_c=   0.1194      change_adj_count=362      
2022-08-16 BST 11:10:55,561 - INFO -  epoch= 500      train_loss=   4.2261      val_loss=   5.2767      best=1      size= 313      nSHD_c=   9.1333      nSHD=   8.9333      tpr_c=   0.1278      change_adj_count=426      
2022-08-16 BST 11:11:12,045 - INFO -  epoch= 600      train_loss=   4.1921      val_loss=   4.8977      best=1      size= 310      nSHD_c=   9.0333      nSHD=   8.8000      tpr_c=   0.1290      change_adj_count=490      
2022-08-16 BST 11:11:27,820 - INFO -  epoch= 700      train_loss=   4.1876      val_loss=   5.1606      best=1      size= 307      nSHD_c=   8.9333      nSHD=   8.7000      tpr_c=   0.1303      change_adj_count=556      
2022-08-16 BST 11:11:44,651 - INFO -  epoch= 800      train_loss=   4.2249      val_loss=   5.1097      best=1      size= 314      nSHD_c=   9.1000      nSHD=   8.8667      tpr_c=   0.1306      change_adj_count=607      
2022-08-16 BST 11:12:00,167 - INFO -  epoch= 900      train_loss=   4.1506      val_loss=   5.0362      best=1      size= 323      nSHD_c=   9.4000      nSHD=   9.1667      tpr_c=   0.1269      change_adj_count=665      
2022-08-16 BST 11:12:15,673 - INFO -  epoch=1000      train_loss=   4.1601      val_loss=   5.5008      best=1      size= 322      nSHD_c=   9.3667      nSHD=   9.1333      tpr_c=   0.1273      change_adj_count=709      
2022-08-16 BST 11:12:15,674 - INFO - Before params
2022-08-16 BST 11:12:15,674 - INFO - After params={'MAX_SIZE': [None], 'LAMBDA': [1], 'NOISE_TEMPERATURE': [10], 'h_NULL': [0.001], 'h_LR': [0.0001], 'z_RHO': [0], 'z_MU': [0]}
2022-08-16 BST 11:12:15,674 - INFO - After metrics={'train_loss': [4.160121686996952], 'val_loss': [5.500778277715047], 'size': [322], 'nshd_c': [9.366666666666667], 'nshd': [9.133333333333333], 'tpr': [0.9795918367346939], 'tpr_c': [0.12732919254658384], 'change_adj_count': [709]}
2022-08-16 BST 11:12:15,693 - INFO - After to_save=  MAX_SIZE  LAMBDA  NOISE_TEMPERATURE  ...       tpr     tpr_c  change_adj_count
0     None       1                 10  ...  0.979592  0.127329               709

[1 rows x 16 columns]
2022-08-16 BST 11:12:15,693 - INFO - After file_path='../results/l_66none_4hps.csv'
2022-08-16 BST 11:12:15,695 - INFO - Last epoch results saved in l_66none_4hps.csv
2022-08-16 BST 11:12:15,695 - INFO - 

DAG 18: size_true=56	X.var()=17.9506
2022-08-16 BST 11:12:16,023 - INFO -  epoch=   1      train_loss=  10.8016      val_loss=   8.3549      best=1      size= 264      nSHD_c=   9.2000      nSHD=   9.0000      tpr_c=   0.0417      change_adj_count=5      
2022-08-16 BST 11:12:16,236 - INFO -  epoch=   2      train_loss=   5.6010      val_loss=   5.1452      best=1      size= 281      nSHD_c=   9.3667      nSHD=   9.1333      tpr_c=   0.0641      change_adj_count=6      
2022-08-16 BST 11:12:31,355 - INFO -  epoch= 100      train_loss=   4.4779      val_loss=   5.0388      best=1      size= 294      nSHD_c=   8.6333      nSHD=   8.3333      tpr_c=   0.1293      change_adj_count=103      
2022-08-16 BST 11:12:46,502 - INFO -  epoch= 200      train_loss=   4.3216      val_loss=   5.3903      best=1      size= 297      nSHD_c=   8.7000      nSHD=   8.4333      tpr_c=   0.1313      change_adj_count=199      
2022-08-16 BST 11:13:02,481 - INFO -  epoch= 300      train_loss=   4.3941      val_loss=   5.5308      best=1      size= 295      nSHD_c=   8.5000      nSHD=   8.2000      tpr_c=   0.1356      change_adj_count=279      
2022-08-16 BST 11:13:19,140 - INFO -  epoch= 400      train_loss=   4.3471      val_loss=   4.7768      best=1      size= 294      nSHD_c=   8.4667      nSHD=   8.2000      tpr_c=   0.1395      change_adj_count=357      
2022-08-16 BST 11:13:35,438 - INFO -  epoch= 500      train_loss=   4.3435      val_loss=   4.9455      best=1      size= 304      nSHD_c=   8.7667      nSHD=   8.5000      tpr_c=   0.1349      change_adj_count=431      
2022-08-16 BST 11:13:52,641 - INFO -  epoch= 600      train_loss=   4.2538      val_loss=   5.1237      best=1      size= 308      nSHD_c=   8.9000      nSHD=   8.6000      tpr_c=   0.1331      change_adj_count=497      
2022-08-16 BST 11:14:09,439 - INFO -  epoch= 700      train_loss=   4.3112      val_loss=   4.8243      best=1      size= 308      nSHD_c=   8.9000      nSHD=   8.6000      tpr_c=   0.1331      change_adj_count=547      
2022-08-16 BST 11:14:25,702 - INFO -  epoch= 800      train_loss=   4.3478      val_loss=   5.4308      best=1      size= 313      nSHD_c=   9.0667      nSHD=   8.7667      tpr_c=   0.1310      change_adj_count=599      
2022-08-16 BST 11:14:43,323 - INFO -  epoch= 900      train_loss=   4.1778      val_loss=   5.3550      best=1      size= 317      nSHD_c=   9.2000      nSHD=   8.9000      tpr_c=   0.1293      change_adj_count=650      
2022-08-16 BST 11:15:01,161 - INFO -  epoch=1000      train_loss=   4.2471      val_loss=   4.5718      best=1      size= 314      nSHD_c=   9.1000      nSHD=   8.8000      tpr_c=   0.1306      change_adj_count=697      
2022-08-16 BST 11:15:01,161 - INFO - Before params
2022-08-16 BST 11:15:01,161 - INFO - After params={'MAX_SIZE': [None], 'LAMBDA': [1], 'NOISE_TEMPERATURE': [10], 'h_NULL': [0.001], 'h_LR': [0.0001], 'z_RHO': [0], 'z_MU': [0]}
2022-08-16 BST 11:15:01,161 - INFO - After metrics={'train_loss': [4.24712630241148], 'val_loss': [4.5717737674713135], 'size': [314], 'nshd_c': [9.1], 'nshd': [8.8], 'tpr': [0.8928571428571429], 'tpr_c': [0.1305732484076433], 'change_adj_count': [697]}
2022-08-16 BST 11:15:01,179 - INFO - After to_save=  MAX_SIZE  LAMBDA  NOISE_TEMPERATURE  ...       tpr     tpr_c  change_adj_count
0     None       1                 10  ...  0.892857  0.130573               697

[1 rows x 16 columns]
2022-08-16 BST 11:15:01,180 - INFO - After file_path='../results/l_66none_4hps.csv'
2022-08-16 BST 11:15:01,187 - INFO - Last epoch results saved in l_66none_4hps.csv
2022-08-16 BST 11:15:01,188 - INFO - 

DAG 19: size_true=57	X.var()=24.8142
2022-08-16 BST 11:15:01,433 - INFO -  epoch=   1      train_loss=  13.5327      val_loss=  14.9439      best=1      size= 251      nSHD_c=   8.6667      nSHD=   8.5667      tpr_c=   0.0558      change_adj_count=5      
2022-08-16 BST 11:15:01,685 - INFO -  epoch=   2      train_loss=   7.7344      val_loss=   8.6015      best=1      size= 258      nSHD_c=   8.8000      nSHD=   8.7333      tpr_c=   0.0581      change_adj_count=6      
2022-08-16 BST 11:15:18,858 - INFO -  epoch= 100      train_loss=   5.8410      val_loss=   8.7249      best=1      size= 325      nSHD_c=   9.4333      nSHD=   9.3333      tpr_c=   0.1354      change_adj_count=104      
2022-08-16 BST 11:15:36,199 - INFO -  epoch= 200      train_loss=   5.8023      val_loss=   8.4631      best=1      size= 325      nSHD_c=   9.5333      nSHD=   9.4000      tpr_c=   0.1292      change_adj_count=201      
2022-08-16 BST 11:15:53,438 - INFO -  epoch= 300      train_loss=   5.8880      val_loss=   8.6120      best=1      size= 324      nSHD_c=   9.4000      nSHD=   9.2667      tpr_c=   0.1358      change_adj_count=293      
2022-08-16 BST 11:16:11,082 - INFO -  epoch= 400      train_loss=   5.7676      val_loss=   8.8380      best=1      size= 332      nSHD_c=   9.6000      nSHD=   9.4667      tpr_c=   0.1355      change_adj_count=373      
2022-08-16 BST 11:16:28,134 - INFO -  epoch= 500      train_loss=   5.8558      val_loss=   9.0305      best=1      size= 336      nSHD_c=   9.7333      nSHD=   9.6000      tpr_c=   0.1310      change_adj_count=441      
2022-08-16 BST 11:16:46,006 - INFO -  epoch= 600      train_loss=   5.8180      val_loss=   9.2209      best=1      size= 346      nSHD_c=  10.1333      nSHD=  10.0000      tpr_c=   0.1214      change_adj_count=510      
2022-08-16 BST 11:17:03,116 - INFO -  epoch= 700      train_loss=   5.8386      val_loss=   8.8097      best=1      size= 349      nSHD_c=  10.2000      nSHD=  10.1000      tpr_c=   0.1232      change_adj_count=577      
2022-08-16 BST 11:17:20,071 - INFO -  epoch= 800      train_loss=   5.8428      val_loss=   8.8088      best=1      size= 349      nSHD_c=  10.2333      nSHD=  10.1333      tpr_c=   0.1203      change_adj_count=641      
2022-08-16 BST 11:17:37,135 - INFO -  epoch= 900      train_loss=   5.7525      val_loss=   9.4850      best=1      size= 347      nSHD_c=  10.1000      nSHD=   9.9333      tpr_c=   0.1268      change_adj_count=710      
2022-08-16 BST 11:17:54,822 - INFO -  epoch=1000      train_loss=   5.8252      val_loss=   8.5366      best=1      size= 351      nSHD_c=  10.2333      nSHD=  10.0667      tpr_c=   0.1254      change_adj_count=761      
2022-08-16 BST 11:17:54,823 - INFO - Before params
2022-08-16 BST 11:17:54,823 - INFO - After params={'MAX_SIZE': [None], 'LAMBDA': [1], 'NOISE_TEMPERATURE': [10], 'h_NULL': [0.001], 'h_LR': [0.0001], 'z_RHO': [0], 'z_MU': [0]}
2022-08-16 BST 11:17:54,823 - INFO - After metrics={'train_loss': [5.825204433933381], 'val_loss': [8.536620219548544], 'size': [351], 'nshd_c': [10.233333333333333], 'nshd': [10.066666666666666], 'tpr': [0.8596491228070176], 'tpr_c': [0.12535612535612536], 'change_adj_count': [761]}
2022-08-16 BST 11:17:54,841 - INFO - After to_save=  MAX_SIZE  LAMBDA  NOISE_TEMPERATURE  ...       tpr     tpr_c  change_adj_count
0     None       1                 10  ...  0.859649  0.125356               761

[1 rows x 16 columns]
2022-08-16 BST 11:17:54,841 - INFO - After file_path='../results/l_66none_4hps.csv'
2022-08-16 BST 11:17:55,329 - INFO - Last epoch results saved in l_66none_4hps.csv
2022-08-16 BST 11:17:55,330 - INFO - 

DAG 20: size_true=59	X.var()=201.6824
2022-08-16 BST 11:17:55,617 - INFO -  epoch=   1      train_loss=  94.1794      val_loss=  58.7132      best=1      size= 258      nSHD_c=   9.4333      nSHD=   9.4000      tpr_c=   0.0310      change_adj_count=5      
2022-08-16 BST 11:18:12,365 - INFO -  epoch= 100      train_loss=  19.7991      val_loss=  82.6419      best=1      size= 324      nSHD_c=   9.5333      nSHD=   9.5000      tpr_c=   0.1389      change_adj_count=104      
2022-08-16 BST 11:18:28,622 - INFO -  epoch= 200      train_loss=  19.0322      val_loss=  76.0635      best=1      size= 328      nSHD_c=   9.4667      nSHD=   9.3667      tpr_c=   0.1433      change_adj_count=202      
2022-08-16 BST 11:18:45,531 - INFO -  epoch= 300      train_loss=  20.5509      val_loss=  76.4284      best=1      size= 338      nSHD_c=   9.8333      nSHD=   9.7000      tpr_c=   0.1361      change_adj_count=286      
2022-08-16 BST 11:19:02,688 - INFO -  epoch= 400      train_loss=  20.1358      val_loss=  76.3738      best=1      size= 325      nSHD_c=   9.4000      nSHD=   9.3000      tpr_c=   0.1446      change_adj_count=367      
2022-08-16 BST 11:19:19,654 - INFO -  epoch= 500      train_loss=  19.7727      val_loss=  63.4564      best=1      size= 328      nSHD_c=   9.5000      nSHD=   9.4000      tpr_c=   0.1433      change_adj_count=436      
2022-08-16 BST 11:19:36,376 - INFO -  epoch= 600      train_loss=  18.5149      val_loss=  72.3498      best=1      size= 323      nSHD_c=   9.3667      nSHD=   9.2667      tpr_c=   0.1424      change_adj_count=508      
2022-08-16 BST 11:19:53,701 - INFO -  epoch= 700      train_loss=  19.1562      val_loss=  61.3388      best=1      size= 321      nSHD_c=   9.3000      nSHD=   9.2000      tpr_c=   0.1433      change_adj_count=580      
2022-08-16 BST 11:20:10,398 - INFO -  epoch= 800      train_loss=  19.3576      val_loss=  61.6612      best=1      size= 323      nSHD_c=   9.3000      nSHD=   9.2000      tpr_c=   0.1455      change_adj_count=636      
2022-08-16 BST 11:20:27,643 - INFO -  epoch= 900      train_loss=  19.0861      val_loss=  71.6614      best=1      size= 326      nSHD_c=   9.4667      nSHD=   9.3333      tpr_c=   0.1411      change_adj_count=698      
2022-08-16 BST 11:20:43,697 - INFO -  epoch=1000      train_loss=  18.8835      val_loss=  62.3268      best=1      size= 327      nSHD_c=   9.5000      nSHD=   9.4000      tpr_c=   0.1407      change_adj_count=761      
2022-08-16 BST 11:20:43,698 - INFO - Before params
2022-08-16 BST 11:20:43,698 - INFO - After params={'MAX_SIZE': [None], 'LAMBDA': [1], 'NOISE_TEMPERATURE': [10], 'h_NULL': [0.001], 'h_LR': [0.0001], 'z_RHO': [0], 'z_MU': [0]}
2022-08-16 BST 11:20:43,698 - INFO - After metrics={'train_loss': [18.88353418534802], 'val_loss': [62.326842625935875], 'size': [327], 'nshd_c': [9.5], 'nshd': [9.4], 'tpr': [0.8305084745762712], 'tpr_c': [0.14067278287461774], 'change_adj_count': [761]}
2022-08-16 BST 11:20:43,715 - INFO - After to_save=  MAX_SIZE  LAMBDA  NOISE_TEMPERATURE  ...       tpr     tpr_c  change_adj_count
0     None       1                 10  ...  0.830508  0.140673               761

[1 rows x 16 columns]
2022-08-16 BST 11:20:43,715 - INFO - After file_path='../results/l_66none_4hps.csv'
2022-08-16 BST 11:20:43,801 - INFO - Last epoch results saved in l_66none_4hps.csv
2022-08-16 BST 11:20:43,802 - INFO - 

DAG 21: size_true=57	X.var()=21.1204
2022-08-16 BST 11:20:44,075 - INFO -  epoch=   1      train_loss=  10.6881      val_loss=  11.5815      best=1      size= 255      nSHD_c=   9.1667      nSHD=   9.1667      tpr_c=   0.0353      change_adj_count=5      
2022-08-16 BST 11:20:59,694 - INFO -  epoch= 100      train_loss=   4.3831      val_loss=   6.7551      best=1      size= 304      nSHD_c=   8.8000      nSHD=   8.6667      tpr_c=   0.1414      change_adj_count=103      
2022-08-16 BST 11:21:15,685 - INFO -  epoch= 200      train_loss=   4.5050      val_loss=   7.7443      best=1      size= 323      nSHD_c=   9.4000      nSHD=   9.3000      tpr_c=   0.1362      change_adj_count=197      
2022-08-16 BST 11:21:32,003 - INFO -  epoch= 300      train_loss=   4.5182      val_loss=   6.4980      best=1      size= 325      nSHD_c=   9.4000      nSHD=   9.3333      tpr_c=   0.1385      change_adj_count=283      
2022-08-16 BST 11:21:47,948 - INFO -  epoch= 400      train_loss=   4.3562      val_loss=   7.6318      best=1      size= 325      nSHD_c=   9.4333      nSHD=   9.3667      tpr_c=   0.1385      change_adj_count=357      
2022-08-16 BST 11:22:04,169 - INFO -  epoch= 500      train_loss=   4.4712      val_loss=   7.2948      best=1      size= 329      nSHD_c=   9.4333      nSHD=   9.3333      tpr_c=   0.1398      change_adj_count=424      
2022-08-16 BST 11:22:21,336 - INFO -  epoch= 600      train_loss=   4.4419      val_loss=   7.1795      best=1      size= 322      nSHD_c=   9.2333      nSHD=   9.1667      tpr_c=   0.1429      change_adj_count=489      
2022-08-16 BST 11:22:37,959 - INFO -  epoch= 700      train_loss=   4.4184      val_loss=   7.3263      best=1      size= 327      nSHD_c=   9.4000      nSHD=   9.3333      tpr_c=   0.1407      change_adj_count=554      
2022-08-16 BST 11:22:55,180 - INFO -  epoch= 800      train_loss=   4.3976      val_loss=   7.2014      best=1      size= 319      nSHD_c=   9.1333      nSHD=   9.1000      tpr_c=   0.1442      change_adj_count=610      
2022-08-16 BST 11:23:12,110 - INFO -  epoch= 900      train_loss=   4.4874      val_loss=   7.8108      best=1      size= 318      nSHD_c=   9.0333      nSHD=   8.9667      tpr_c=   0.1478      change_adj_count=658      
2022-08-16 BST 11:23:29,043 - INFO -  epoch=1000      train_loss=   4.3365      val_loss=   7.7715      best=1      size= 318      nSHD_c=   9.0667      nSHD=   9.0000      tpr_c=   0.1447      change_adj_count=703      
2022-08-16 BST 11:23:29,044 - INFO - Before params
2022-08-16 BST 11:23:29,044 - INFO - After params={'MAX_SIZE': [None], 'LAMBDA': [1], 'NOISE_TEMPERATURE': [10], 'h_NULL': [0.001], 'h_LR': [0.0001], 'z_RHO': [0], 'z_MU': [0]}
2022-08-16 BST 11:23:29,044 - INFO - After metrics={'train_loss': [4.3365178031306115], 'val_loss': [7.77152148882548], 'size': [318], 'nshd_c': [9.066666666666666], 'nshd': [9.0], 'tpr': [0.8421052631578947], 'tpr_c': [0.14465408805031446], 'change_adj_count': [703]}
2022-08-16 BST 11:23:29,061 - INFO - After to_save=  MAX_SIZE  LAMBDA  NOISE_TEMPERATURE  ...       tpr     tpr_c  change_adj_count
0     None       1                 10  ...  0.842105  0.144654               703

[1 rows x 16 columns]
2022-08-16 BST 11:23:29,061 - INFO - After file_path='../results/l_66none_4hps.csv'
2022-08-16 BST 11:23:29,113 - INFO - Last epoch results saved in l_66none_4hps.csv
2022-08-16 BST 11:23:29,114 - INFO - 

DAG 22: size_true=60	X.var()=129.8499
2022-08-16 BST 11:23:29,405 - INFO -  epoch=   1      train_loss=  65.7331      val_loss=  23.7283      best=1      size= 273      nSHD_c=   8.9667      nSHD=   8.9667      tpr_c=   0.0952      change_adj_count=5      
2022-08-16 BST 11:23:45,737 - INFO -  epoch= 100      train_loss=  15.8688      val_loss=  59.1233      best=1      size= 310      nSHD_c=   9.0667      nSHD=   9.0333      tpr_c=   0.1419      change_adj_count=103      
2022-08-16 BST 11:24:02,281 - INFO -  epoch= 200      train_loss=  15.5442      val_loss=  57.8072      best=1      size= 314      nSHD_c=   9.1333      nSHD=   9.1000      tpr_c=   0.1433      change_adj_count=196      
2022-08-16 BST 11:24:18,408 - INFO -  epoch= 300      train_loss=  15.5256      val_loss=  55.7103      best=1      size= 325      nSHD_c=   9.3667      nSHD=   9.3333      tpr_c=   0.1446      change_adj_count=287      
2022-08-16 BST 11:24:35,199 - INFO -  epoch= 400      train_loss=  15.4521      val_loss=  54.6941      best=1      size= 328      nSHD_c=   9.4000      nSHD=   9.3333      tpr_c=   0.1463      change_adj_count=363      
2022-08-16 BST 11:24:52,468 - INFO -  epoch= 500      train_loss=  15.1069      val_loss=  46.5826      best=1      size= 332      nSHD_c=   9.6000      nSHD=   9.5333      tpr_c=   0.1416      change_adj_count=442      
2022-08-16 BST 11:25:09,714 - INFO -  epoch= 600      train_loss=  15.9314      val_loss=  61.5623      best=1      size= 324      nSHD_c=   9.2667      nSHD=   9.2000      tpr_c=   0.1481      change_adj_count=514      
2022-08-16 BST 11:25:27,167 - INFO -  epoch= 700      train_loss=  15.8412      val_loss=  45.2222      best=1      size= 327      nSHD_c=   9.3667      nSHD=   9.3000      tpr_c=   0.1468      change_adj_count=569      
2022-08-16 BST 11:25:44,766 - INFO -  epoch= 800      train_loss=  15.2469      val_loss=  46.2747      best=1      size= 321      nSHD_c=   9.1667      nSHD=   9.1000      tpr_c=   0.1495      change_adj_count=628      
2022-08-16 BST 11:26:02,529 - INFO -  epoch= 900      train_loss=  15.2111      val_loss=  47.1255      best=1      size= 329      nSHD_c=   9.4333      nSHD=   9.3667      tpr_c=   0.1459      change_adj_count=674      
2022-08-16 BST 11:26:20,002 - INFO -  epoch=1000      train_loss=  15.0489      val_loss=  46.5463      best=1      size= 327      nSHD_c=   9.3333      nSHD=   9.2667      tpr_c=   0.1468      change_adj_count=719      
2022-08-16 BST 11:26:20,002 - INFO - Before params
2022-08-16 BST 11:26:20,003 - INFO - After params={'MAX_SIZE': [None], 'LAMBDA': [1], 'NOISE_TEMPERATURE': [10], 'h_NULL': [0.001], 'h_LR': [0.0001], 'z_RHO': [0], 'z_MU': [0]}
2022-08-16 BST 11:26:20,003 - INFO - After metrics={'train_loss': [15.048850767074093], 'val_loss': [46.54629707336426], 'size': [327], 'nshd_c': [9.333333333333334], 'nshd': [9.266666666666667], 'tpr': [0.8333333333333334], 'tpr_c': [0.14678899082568808], 'change_adj_count': [719]}
2022-08-16 BST 11:26:20,024 - INFO - After to_save=  MAX_SIZE  LAMBDA  NOISE_TEMPERATURE  ...       tpr     tpr_c  change_adj_count
0     None       1                 10  ...  0.833333  0.146789               719

[1 rows x 16 columns]
2022-08-16 BST 11:26:20,024 - INFO - After file_path='../results/l_66none_4hps.csv'
2022-08-16 BST 11:26:20,027 - INFO - Last epoch results saved in l_66none_4hps.csv
2022-08-16 BST 11:26:20,028 - INFO - 

DAG 23: size_true=49	X.var()=14.1269
2022-08-16 BST 11:26:20,306 - INFO -  epoch=   1      train_loss=   9.8932      val_loss=   9.3949      best=1      size= 265      nSHD_c=   8.5667      nSHD=   8.5667      tpr_c=   0.0830      change_adj_count=5      
2022-08-16 BST 11:26:20,560 - INFO -  epoch=   2      train_loss=   6.5315      val_loss=   5.3305      best=1      size= 266      nSHD_c=   8.4667      nSHD=   8.4667      tpr_c=   0.0902      change_adj_count=6      
2022-08-16 BST 11:26:20,809 - INFO -  epoch=   3      train_loss=   5.3308      val_loss=   4.8869      best=1      size= 266      nSHD_c=   8.3333      nSHD=   8.3000      tpr_c=   0.0977      change_adj_count=7      
2022-08-16 BST 11:26:21,043 - INFO -  epoch=   4      train_loss=   4.9127      val_loss=   4.1301      best=1      size= 268      nSHD_c=   8.2000      nSHD=   8.1667      tpr_c=   0.1157      change_adj_count=8      
2022-08-16 BST 11:26:37,153 - INFO -  epoch= 100      train_loss=   4.2195      val_loss=   4.8106      best=1      size= 274      nSHD_c=   7.8333      nSHD=   7.7000      tpr_c=   0.1496      change_adj_count=100      
2022-08-16 BST 11:26:54,525 - INFO -  epoch= 200      train_loss=   4.0908      val_loss=   4.8978      best=1      size= 292      nSHD_c=   8.4000      nSHD=   8.2333      tpr_c=   0.1404      change_adj_count=190      
2022-08-16 BST 11:27:12,074 - INFO -  epoch= 300      train_loss=   4.1673      val_loss=   4.2751      best=1      size= 297      nSHD_c=   8.6667      nSHD=   8.5000      tpr_c=   0.1313      change_adj_count=269      
2022-08-16 BST 11:27:29,373 - INFO -  epoch= 400      train_loss=   4.0767      val_loss=   4.6476      best=1      size= 282      nSHD_c=   8.1000      nSHD=   7.9333      tpr_c=   0.1454      change_adj_count=332      
2022-08-16 BST 11:27:46,140 - INFO -  epoch= 500      train_loss=   4.0423      val_loss=   4.2830      best=1      size= 286      nSHD_c=   8.2000      nSHD=   8.0667      tpr_c=   0.1434      change_adj_count=399      
2022-08-16 BST 11:28:03,157 - INFO -  epoch= 600      train_loss=   3.9371      val_loss=   4.5725      best=1      size= 285      nSHD_c=   8.0667      nSHD=   7.9333      tpr_c=   0.1509      change_adj_count=465      
2022-08-16 BST 11:28:19,839 - INFO -  epoch= 700      train_loss=   4.0049      val_loss=   4.6382      best=1      size= 284      nSHD_c=   8.0667      nSHD=   7.9333      tpr_c=   0.1514      change_adj_count=517      
2022-08-16 BST 11:28:37,310 - INFO -  epoch= 800      train_loss=   3.9961      val_loss=   4.7422      best=1      size= 287      nSHD_c=   8.2333      nSHD=   8.1000      tpr_c=   0.1463      change_adj_count=567      
2022-08-16 BST 11:28:54,167 - INFO -  epoch= 900      train_loss=   3.9744      val_loss=   4.9003      best=1      size= 282      nSHD_c=   8.0000      nSHD=   7.8667      tpr_c=   0.1525      change_adj_count=613      
2022-08-16 BST 11:29:11,277 - INFO -  epoch=1000      train_loss=   3.9328      val_loss=   4.2547      best=1      size= 273      nSHD_c=   7.7667      nSHD=   7.6333      tpr_c=   0.1538      change_adj_count=667      
2022-08-16 BST 11:29:11,278 - INFO - Before params
2022-08-16 BST 11:29:11,278 - INFO - After params={'MAX_SIZE': [None], 'LAMBDA': [1], 'NOISE_TEMPERATURE': [10], 'h_NULL': [0.001], 'h_LR': [0.0001], 'z_RHO': [0], 'z_MU': [0]}
2022-08-16 BST 11:29:11,278 - INFO - After metrics={'train_loss': [3.93282365029858], 'val_loss': [4.254707455635071], 'size': [273], 'nshd_c': [7.766666666666667], 'nshd': [7.633333333333334], 'tpr': [0.9387755102040817], 'tpr_c': [0.15384615384615385], 'change_adj_count': [667]}
2022-08-16 BST 11:29:11,297 - INFO - After to_save=  MAX_SIZE  LAMBDA  NOISE_TEMPERATURE  ...       tpr     tpr_c  change_adj_count
0     None       1                 10  ...  0.938776  0.153846               667

[1 rows x 16 columns]
2022-08-16 BST 11:29:11,297 - INFO - After file_path='../results/l_66none_4hps.csv'
2022-08-16 BST 11:29:11,755 - INFO - Last epoch results saved in l_66none_4hps.csv
2022-08-16 BST 11:29:11,756 - INFO - 
last_mean_nshd_c=9.1236
2022-08-16 BST 11:29:11,756 - INFO - 
Time taken 1:09:17 (h:mm:ss)
2022-08-16 BST 11:29:11,757 - INFO - 
End of log for run 2022-08-16_BST_10:19:54,975_l_66none_4hps_145
