2022-08-19 BST 21:56:17,891 - INFO - 
Log for run 2022-08-19_BST_21:56:17,760_l_66_4hps_154

2022-08-19 BST 21:56:17,897 - INFO - COMMENT = ''
2022-08-19 BST 21:56:17,897 - INFO - DATA_FOLDER = '../data'
2022-08-19 BST 21:56:17,897 - INFO - LATENTS_FOLDER = '../latents'
2022-08-19 BST 21:56:17,897 - INFO - LOGS_FOLDER = '../logs'
2022-08-19 BST 21:56:17,897 - INFO - MODEL_FOLDER = '../models'
2022-08-19 BST 21:56:17,897 - INFO - RESULTS_FOLDER = '../results'
2022-08-19 BST 21:56:17,897 - INFO - DEVICE = torch.device("cuda" if torch.cuda.is_available() else "cpu")  # Used: "cuda"
2022-08-19 BST 21:56:17,897 - INFO - LATENTS = False
2022-08-19 BST 21:56:17,897 - INFO - MATRIX_REPORT = False
2022-08-19 BST 21:56:17,897 - INFO - LABEL = True
2022-08-19 BST 21:56:17,897 - INFO - SAVE_TO_ODS = False
2022-08-19 BST 21:56:17,897 - INFO - VAL_LOSS_FROM_DAG = True
2022-08-19 BST 21:56:17,897 - INFO - WANDB = False
2022-08-19 BST 21:56:17,898 - INFO - WANDB_PROJECT = 'Thetas'
2022-08-19 BST 21:56:17,898 - INFO - GRAD_LOG = False
2022-08-19 BST 21:56:17,898 - INFO - N_TRIALS = 1
2022-08-19 BST 21:56:17,898 - INFO - OPTUNA_STRINGS = {'None': None, 'True': True, 'False': False}
2022-08-19 BST 21:56:17,898 - INFO - TQDM = False
2022-08-19 BST 21:56:17,898 - INFO - 
hyperparameters = {
2022-08-19 BST 21:56:17,898 - INFO - 	'GRAPH_TYPE': 'ER2',
2022-08-19 BST 21:56:17,898 - INFO - 	'D': 30,
2022-08-19 BST 21:56:17,898 - INFO - 	'MAX_SIZE': 66,
2022-08-19 BST 21:56:17,898 - INFO - 	'SEM_NOISE': 'gaussian_ev',
2022-08-19 BST 21:56:17,898 - INFO - 	'N': 1200,
2022-08-19 BST 21:56:17,898 - INFO - 	'VAL': 0.16666666666666666,
2022-08-19 BST 21:56:17,898 - INFO - 	'N_EPOCHS': 1000,
2022-08-19 BST 21:56:17,898 - INFO - 	'BATCH_SIZE': 32,
2022-08-19 BST 21:56:17,898 - INFO - 	'LOG2_BATCH_SIZE': None,
2022-08-19 BST 21:56:17,898 - INFO - 	'BATCH_SHUFFLE': True,
2022-08-19 BST 21:56:17,898 - INFO - 	'N_SAMPLES': 10,
2022-08-19 BST 21:56:17,898 - INFO - 	'MODE': 'max_dag_test_only',
2022-08-19 BST 21:56:17,898 - INFO - 	'AFAS_SCHEDULER': None,
2022-08-19 BST 21:56:17,898 - INFO - 	'MINIZINC_SOLVER': None,
2022-08-19 BST 21:56:17,898 - INFO - 	'f_LINEAR_LAYERS': (),
2022-08-19 BST 21:56:17,898 - INFO - 	'f_BIAS': False,
2022-08-19 BST 21:56:17,898 - INFO - 	'p_LAYER': None,
2022-08-19 BST 21:56:17,898 - INFO - 	'STREAMLINE': False,
2022-08-19 BST 21:56:17,898 - INFO - 	'THRESHOLD': 0.0,
2022-08-19 BST 21:56:17,898 - INFO - 	'h_LINEAR_LAYERS': (),
2022-08-19 BST 21:56:17,898 - INFO - 	'h_NULL': 0.1,
2022-08-19 BST 21:56:17,898 - INFO - 	'h_LR': 0.001,
2022-08-19 BST 21:56:17,899 - INFO - 	'h_OPTIMIZER': 'torch.optim.Adam(overall_net.h_net.parameters(), lr=h.h_LR)',
2022-08-19 BST 21:56:17,899 - INFO - 	'f_LR': 0.0117744218586073,
2022-08-19 BST 21:56:17,899 - INFO - 	'f_OPTIMIZER': 'torch.optim.Adam(overall_net.f_net.parameters(), lr=h.f_LR)',
2022-08-19 BST 21:56:17,899 - INFO - 	'NOISE_TEMPERATURE': 10,
2022-08-19 BST 21:56:17,899 - INFO - 	'NOISE_DISTRIBUTION': 'LogisticNoiseDistribution()',
2022-08-19 BST 21:56:17,899 - INFO - 	'LAMBDA': 1,
2022-08-19 BST 21:56:17,899 - INFO - 	'LOSS_FN': 'torch.nn.MSELoss()',
2022-08-19 BST 21:56:17,899 - INFO - 	'REGULARIZER': None,
2022-08-19 BST 21:56:17,899 - INFO - 	'z_RHO': 0,
2022-08-19 BST 21:56:17,899 - INFO - 	'z_MU': 0,
2022-08-19 BST 21:56:17,899 - INFO - 	'z_REGULARIZER': 'NoTearsZRegularizer(h.D, h.z_RHO, h.z_MU, c.DEVICE)',
2022-08-19 BST 21:56:17,899 - INFO - 	'LR_SCHEDULER': None,
2022-08-19 BST 21:56:17,899 - INFO - 	'DATA_CATEGORY': 'test',
2022-08-19 BST 21:56:17,899 - INFO - 	'DAGS': '030_ER2_gaussian_ev_2022-08-12_BST_09:55:21,293_create_dags'
2022-08-19 BST 21:56:17,899 - INFO - }

2022-08-19 BST 21:56:19,348 - INFO - 

DAG 0: size_true=69	X.var()=185.8479
2022-08-19 BST 21:56:24,248 - INFO -  epoch=   1      train_loss= 175.3613      val_loss= 139.1293      best=1      size=  55      nSHD_c=   3.6333      nSHD=   3.5667      tpr_c=   0.0545      change_adj_count=5      
2022-08-19 BST 21:56:24,750 - INFO -  epoch=   2      train_loss= 156.2566      val_loss=  80.4633      best=1      size=  55      nSHD_c=   3.5000      nSHD=   3.5333      tpr_c=   0.1273      change_adj_count=6      
2022-08-19 BST 21:56:25,138 - INFO -  epoch=   3      train_loss= 143.3913      val_loss=  32.0571      best=1      size=  54      nSHD_c=   3.4667      nSHD=   3.4000      tpr_c=   0.1111      change_adj_count=7      
2022-08-19 BST 21:56:51,519 - INFO -  epoch= 100      train_loss=  92.9344      val_loss=2160.8844      best=1      size=  60      nSHD_c=   2.9667      nSHD=   2.9667      tpr_c=   0.3333      change_adj_count=28      
2022-08-19 BST 21:57:18,737 - INFO -  epoch= 200      train_loss=  80.3468      val_loss=1664.5517      best=1      size=  60      nSHD_c=   3.0333      nSHD=   3.0333      tpr_c=   0.3167      change_adj_count=36      
2022-08-19 BST 21:57:47,688 - INFO -  epoch= 300      train_loss=  69.9682      val_loss=1232.3743      best=1      size=  60      nSHD_c=   2.9667      nSHD=   2.9667      tpr_c=   0.3333      change_adj_count=37      
2022-08-19 BST 21:58:14,612 - INFO -  epoch= 400      train_loss=  61.8306      val_loss= 782.8713      best=1      size=  60      nSHD_c=   2.9000      nSHD=   2.9000      tpr_c=   0.3500      change_adj_count=38      
2022-08-19 BST 21:58:40,306 - INFO -  epoch= 500      train_loss=  54.8326      val_loss= 572.2186      best=1      size=  59      nSHD_c=   2.8667      nSHD=   2.8667      tpr_c=   0.3559      change_adj_count=39      
2022-08-19 BST 21:59:08,161 - INFO -  epoch= 600      train_loss=  48.5876      val_loss= 427.2088      best=1      size=  58      nSHD_c=   2.9000      nSHD=   2.9000      tpr_c=   0.3448      change_adj_count=42      
2022-08-19 BST 21:59:34,037 - INFO -  epoch= 700      train_loss=  47.1607      val_loss= 310.8037      best=1      size=  57      nSHD_c=   2.8667      nSHD=   2.8667      tpr_c=   0.3509      change_adj_count=44      
2022-08-19 BST 22:00:02,289 - INFO -  epoch= 800      train_loss=  42.1993      val_loss= 239.9409      best=1      size=  57      nSHD_c=   2.8000      nSHD=   2.8000      tpr_c=   0.3684      change_adj_count=50      
2022-08-19 BST 22:00:28,018 - INFO -  epoch= 900      train_loss=  38.7805      val_loss= 174.7800      best=1      size=  57      nSHD_c=   2.8000      nSHD=   2.8000      tpr_c=   0.3684      change_adj_count=50      
2022-08-19 BST 22:00:56,047 - INFO -  epoch=1000      train_loss=  35.0912      val_loss= 138.7294      best=1      size=  57      nSHD_c=   2.8000      nSHD=   2.8000      tpr_c=   0.3684      change_adj_count=50      
2022-08-19 BST 22:00:56,048 - INFO - 

DAG 1: size_true=67	X.var()=127.1156
2022-08-19 BST 22:00:56,474 - INFO -  epoch=   1      train_loss= 115.0453      val_loss= 111.4553      best=1      size=  52      nSHD_c=   3.2667      nSHD=   3.2667      tpr_c=   0.1731      change_adj_count=5      
2022-08-19 BST 22:00:56,821 - INFO -  epoch=   2      train_loss= 101.8630      val_loss=  60.2535      best=1      size=  54      nSHD_c=   3.3000      nSHD=   3.3000      tpr_c=   0.1667      change_adj_count=6      
2022-08-19 BST 22:00:57,234 - INFO -  epoch=   3      train_loss=  92.0635      val_loss=  37.7713      best=1      size=  57      nSHD_c=   3.3333      nSHD=   3.3333      tpr_c=   0.1754      change_adj_count=7      
2022-08-19 BST 22:01:24,657 - INFO -  epoch= 100      train_loss=  54.6435      val_loss=2228.6974      best=1      size=  60      nSHD_c=   3.5667      nSHD=   3.5667      tpr_c=   0.1667      change_adj_count=45      
2022-08-19 BST 22:01:50,500 - INFO -  epoch= 200      train_loss=  49.5708      val_loss=1820.0088      best=1      size=  60      nSHD_c=   3.6000      nSHD=   3.5667      tpr_c=   0.1500      change_adj_count=56      
2022-08-19 BST 22:02:18,142 - INFO -  epoch= 300      train_loss=  44.8217      val_loss=1283.6999      best=1      size=  60      nSHD_c=   3.6000      nSHD=   3.5667      tpr_c=   0.1500      change_adj_count=56      
2022-08-19 BST 22:02:44,894 - INFO -  epoch= 400      train_loss=  38.2610      val_loss= 962.5107      best=1      size=  60      nSHD_c=   3.6000      nSHD=   3.5667      tpr_c=   0.1500      change_adj_count=56      
2022-08-19 BST 22:03:12,321 - INFO -  epoch= 500      train_loss=  37.2140      val_loss= 798.9735      best=1      size=  60      nSHD_c=   3.6000      nSHD=   3.5667      tpr_c=   0.1500      change_adj_count=66      
2022-08-19 BST 22:03:41,032 - INFO -  epoch= 600      train_loss=  34.2036      val_loss= 560.1336      best=1      size=  60      nSHD_c=   3.6000      nSHD=   3.5667      tpr_c=   0.1500      change_adj_count=71      
2022-08-19 BST 22:04:07,112 - INFO -  epoch= 700      train_loss=  31.6971      val_loss= 475.8738      best=1      size=  60      nSHD_c=   3.6000      nSHD=   3.5667      tpr_c=   0.1500      change_adj_count=71      
2022-08-19 BST 22:04:35,396 - INFO -  epoch= 800      train_loss=  30.2275      val_loss= 396.7620      best=1      size=  60      nSHD_c=   3.6000      nSHD=   3.5667      tpr_c=   0.1500      change_adj_count=71      
2022-08-19 BST 22:05:02,128 - INFO -  epoch= 900      train_loss=  29.1785      val_loss= 347.4256      best=1      size=  60      nSHD_c=   3.6000      nSHD=   3.5667      tpr_c=   0.1500      change_adj_count=71      
2022-08-19 BST 22:05:29,907 - INFO -  epoch=1000      train_loss=  27.4169      val_loss= 302.8581      best=1      size=  60      nSHD_c=   3.5667      nSHD=   3.5667      tpr_c=   0.1667      change_adj_count=74      
2022-08-19 BST 22:05:29,911 - INFO - 

DAG 2: size_true=64	X.var()=25.7432
2022-08-19 BST 22:05:30,272 - INFO -  epoch=   1      train_loss=  24.4034      val_loss=  22.9442      best=1      size=  58      nSHD_c=   3.4000      nSHD=   3.4000      tpr_c=   0.1379      change_adj_count=5      
2022-08-19 BST 22:05:30,520 - INFO -  epoch=   2      train_loss=  22.6813      val_loss=  18.1368      best=1      size=  58      nSHD_c=   3.2667      nSHD=   3.2667      tpr_c=   0.1379      change_adj_count=6      
2022-08-19 BST 22:05:30,797 - INFO -  epoch=   3      train_loss=  21.3769      val_loss=  15.8922      best=1      size=  57      nSHD_c=   3.2333      nSHD=   3.2000      tpr_c=   0.1579      change_adj_count=7      
2022-08-19 BST 22:05:31,206 - INFO -  epoch=   4      train_loss=  20.8773      val_loss=  12.7310      best=1      size=  56      nSHD_c=   3.1000      nSHD=   3.0667      tpr_c=   0.1964      change_adj_count=8      
2022-08-19 BST 22:05:31,467 - INFO -  epoch=   5      train_loss=  20.7157      val_loss=  11.9869      best=1      size=  55      nSHD_c=   3.0667      nSHD=   3.0667      tpr_c=   0.2000      change_adj_count=9      
2022-08-19 BST 22:05:58,140 - INFO -  epoch= 100      train_loss=  18.7717      val_loss=  76.3475      best=1      size=  56      nSHD_c=   2.7000      nSHD=   2.6000      tpr_c=   0.3214      change_adj_count=69      
2022-08-19 BST 22:06:25,888 - INFO -  epoch= 200      train_loss=  18.2648      val_loss=  73.4733      best=1      size=  56      nSHD_c=   2.7333      nSHD=   2.6000      tpr_c=   0.3036      change_adj_count=96      
2022-08-19 BST 22:06:53,532 - INFO -  epoch= 300      train_loss=  18.0187      val_loss=  67.5460      best=1      size=  56      nSHD_c=   2.6667      nSHD=   2.5333      tpr_c=   0.3214      change_adj_count=109      
2022-08-19 BST 22:07:21,308 - INFO -  epoch= 400      train_loss=  17.4443      val_loss=  58.0912      best=1      size=  56      nSHD_c=   2.6667      nSHD=   2.5333      tpr_c=   0.3214      change_adj_count=113      
2022-08-19 BST 22:07:48,765 - INFO -  epoch= 500      train_loss=  16.8989      val_loss=  54.1749      best=1      size=  56      nSHD_c=   2.6333      nSHD=   2.4667      tpr_c=   0.3214      change_adj_count=123      
2022-08-19 BST 22:08:16,896 - INFO -  epoch= 600      train_loss=  16.6731      val_loss=  49.3958      best=1      size=  56      nSHD_c=   2.6667      nSHD=   2.5333      tpr_c=   0.3214      change_adj_count=124      
2022-08-19 BST 22:08:44,950 - INFO -  epoch= 700      train_loss=  15.9431      val_loss=  45.6974      best=1      size=  56      nSHD_c=   2.6667      nSHD=   2.5333      tpr_c=   0.3214      change_adj_count=138      
2022-08-19 BST 22:09:11,294 - INFO -  epoch= 800      train_loss=  15.6225      val_loss=  44.4166      best=1      size=  57      nSHD_c=   2.6333      nSHD=   2.5000      tpr_c=   0.3333      change_adj_count=140      
2022-08-19 BST 22:09:37,336 - INFO -  epoch= 900      train_loss=  14.8602      val_loss=  38.6883      best=1      size=  55      nSHD_c=   2.7000      nSHD=   2.5667      tpr_c=   0.3091      change_adj_count=150      
2022-08-19 BST 22:10:06,790 - INFO -  epoch=1000      train_loss=  14.7125      val_loss=  34.4164      best=1      size=  57      nSHD_c=   2.6333      nSHD=   2.5000      tpr_c=   0.3333      change_adj_count=162      
2022-08-19 BST 22:10:06,791 - INFO - 

DAG 3: size_true=63	X.var()=265.9248
2022-08-19 BST 22:10:07,069 - INFO -  epoch=   1      train_loss= 221.9905      val_loss= 256.3633      best=1      size=  56      nSHD_c=   3.5333      nSHD=   3.5333      tpr_c=   0.0893      change_adj_count=5      
2022-08-19 BST 22:10:07,337 - INFO -  epoch=   2      train_loss= 181.6486      val_loss= 150.3360      best=1      size=  56      nSHD_c=   3.5000      nSHD=   3.4667      tpr_c=   0.0893      change_adj_count=6      
2022-08-19 BST 22:10:35,396 - INFO -  epoch= 100      train_loss= 110.5621      val_loss=3342.0606      best=1      size=  54      nSHD_c=   3.3000      nSHD=   3.3000      tpr_c=   0.1481      change_adj_count=27      
2022-08-19 BST 22:11:04,613 - INFO -  epoch= 200      train_loss= 100.8877      val_loss=2437.0455      best=1      size=  54      nSHD_c=   3.3000      nSHD=   3.3000      tpr_c=   0.1481      change_adj_count=36      
2022-08-19 BST 22:11:30,426 - INFO -  epoch= 300      train_loss=  93.9168      val_loss=1700.6569      best=1      size=  54      nSHD_c=   3.3000      nSHD=   3.3000      tpr_c=   0.1481      change_adj_count=36      
2022-08-19 BST 22:11:59,066 - INFO -  epoch= 400      train_loss=  83.8994      val_loss=1216.9168      best=1      size=  54      nSHD_c=   3.3000      nSHD=   3.3000      tpr_c=   0.1481      change_adj_count=36      
2022-08-19 BST 22:12:26,808 - INFO -  epoch= 500      train_loss=  77.0868      val_loss= 815.5828      best=1      size=  53      nSHD_c=   3.2667      nSHD=   3.2667      tpr_c=   0.1509      change_adj_count=40      
2022-08-19 BST 22:12:55,184 - INFO -  epoch= 600      train_loss=  69.8883      val_loss= 582.8095      best=1      size=  52      nSHD_c=   3.2000      nSHD=   3.1667      tpr_c=   0.1538      change_adj_count=49      
2022-08-19 BST 22:13:21,590 - INFO -  epoch= 700      train_loss=  66.3742      val_loss= 505.9582      best=1      size=  52      nSHD_c=   3.2000      nSHD=   3.1667      tpr_c=   0.1538      change_adj_count=49      
2022-08-19 BST 22:13:49,905 - INFO -  epoch= 800      train_loss=  62.2465      val_loss= 432.6555      best=1      size=  52      nSHD_c=   3.1000      nSHD=   3.1000      tpr_c=   0.1923      change_adj_count=50      
2022-08-19 BST 22:14:17,622 - INFO -  epoch= 900      train_loss=  59.2657      val_loss= 355.6191      best=1      size=  52      nSHD_c=   3.1000      nSHD=   3.1000      tpr_c=   0.1923      change_adj_count=50      
2022-08-19 BST 22:14:43,403 - INFO -  epoch=1000      train_loss=  54.5514      val_loss= 311.7650      best=1      size=  51      nSHD_c=   3.0667      nSHD=   3.0667      tpr_c=   0.1961      change_adj_count=51      
2022-08-19 BST 22:14:43,404 - INFO - 

DAG 4: size_true=48	X.var()=47.3993
2022-08-19 BST 22:14:43,778 - INFO -  epoch=   1      train_loss=  43.9075      val_loss=  43.2197      best=1      size=  58      nSHD_c=   3.2667      nSHD=   3.2333      tpr_c=   0.0345      change_adj_count=5      
2022-08-19 BST 22:14:44,193 - INFO -  epoch=   2      train_loss=  39.8813      val_loss=  30.4167      best=1      size=  58      nSHD_c=   3.2667      nSHD=   3.2667      tpr_c=   0.0345      change_adj_count=6      
2022-08-19 BST 22:14:44,476 - INFO -  epoch=   3      train_loss=  37.1939      val_loss=  24.7926      best=1      size=  58      nSHD_c=   3.1000      nSHD=   3.1000      tpr_c=   0.0690      change_adj_count=7      
2022-08-19 BST 22:14:44,768 - INFO -  epoch=   4      train_loss=  36.1776      val_loss=  13.5056      best=1      size=  58      nSHD_c=   3.1667      nSHD=   3.1667      tpr_c=   0.0690      change_adj_count=8      
2022-08-19 BST 22:15:13,089 - INFO -  epoch= 100      train_loss=  29.9540      val_loss= 387.8354      best=1      size=  60      nSHD_c=   2.6000      nSHD=   2.6000      tpr_c=   0.2500      change_adj_count=44      
2022-08-19 BST 22:15:39,865 - INFO -  epoch= 200      train_loss=  27.8493      val_loss= 310.3303      best=1      size=  59      nSHD_c=   2.5667      nSHD=   2.5667      tpr_c=   0.2542      change_adj_count=53      
2022-08-19 BST 22:16:07,810 - INFO -  epoch= 300      train_loss=  25.7779      val_loss= 258.8514      best=1      size=  58      nSHD_c=   2.5333      nSHD=   2.5333      tpr_c=   0.2586      change_adj_count=60      
2022-08-19 BST 22:16:35,944 - INFO -  epoch= 400      train_loss=  24.7651      val_loss= 211.2816      best=1      size=  57      nSHD_c=   2.5000      nSHD=   2.5000      tpr_c=   0.2632      change_adj_count=75      
2022-08-19 BST 22:17:03,657 - INFO -  epoch= 500      train_loss=  23.2037      val_loss= 167.3822      best=1      size=  57      nSHD_c=   2.5333      nSHD=   2.5000      tpr_c=   0.2456      change_adj_count=80      
2022-08-19 BST 22:17:30,820 - INFO -  epoch= 600      train_loss=  21.7394      val_loss= 142.4941      best=1      size=  56      nSHD_c=   2.5000      nSHD=   2.4667      tpr_c=   0.2500      change_adj_count=90      
2022-08-19 BST 22:17:58,320 - INFO -  epoch= 700      train_loss=  20.3628      val_loss= 115.1167      best=1      size=  56      nSHD_c=   2.5000      nSHD=   2.4667      tpr_c=   0.2500      change_adj_count=95      
2022-08-19 BST 22:18:26,332 - INFO -  epoch= 800      train_loss=  19.4628      val_loss= 107.0711      best=1      size=  55      nSHD_c=   2.4667      nSHD=   2.4333      tpr_c=   0.2545      change_adj_count=96      
2022-08-19 BST 22:18:54,499 - INFO -  epoch= 900      train_loss=  18.9661      val_loss=  84.2378      best=1      size=  54      nSHD_c=   2.4333      nSHD=   2.4000      tpr_c=   0.2593      change_adj_count=97      
2022-08-19 BST 22:19:23,835 - INFO -  epoch=1000      train_loss=  18.1110      val_loss=  66.8286      best=1      size=  54      nSHD_c=   2.4333      nSHD=   2.4000      tpr_c=   0.2593      change_adj_count=97      
2022-08-19 BST 22:19:23,837 - INFO - 

DAG 5: size_true=57	X.var()=54.7286
2022-08-19 BST 22:19:24,157 - INFO -  epoch=   1      train_loss=  53.9158      val_loss=  41.8809      best=1      size=  53      nSHD_c=   3.5667      nSHD=   3.5667      tpr_c=   0.0000      change_adj_count=5      
2022-08-19 BST 22:19:24,525 - INFO -  epoch=   2      train_loss=  51.0598      val_loss=  39.8986      best=1      size=  52      nSHD_c=   3.5333      nSHD=   3.5333      tpr_c=   0.0000      change_adj_count=6      
2022-08-19 BST 22:19:24,835 - INFO -  epoch=   3      train_loss=  48.1731      val_loss=  24.1175      best=1      size=  54      nSHD_c=   3.4333      nSHD=   3.4333      tpr_c=   0.0370      change_adj_count=7      
2022-08-19 BST 22:19:25,151 - INFO -  epoch=   4      train_loss=  46.4231      val_loss=  18.1848      best=1      size=  56      nSHD_c=   3.3667      nSHD=   3.3667      tpr_c=   0.0714      change_adj_count=8      
2022-08-19 BST 22:19:53,058 - INFO -  epoch= 100      train_loss=  35.5996      val_loss= 371.0264      best=1      size=  39      nSHD_c=   2.5000      nSHD=   2.4667      tpr_c=   0.2564      change_adj_count=60      
2022-08-19 BST 22:20:19,075 - INFO -  epoch= 200      train_loss=  33.4191      val_loss= 297.7496      best=1      size=  38      nSHD_c=   2.4667      nSHD=   2.4333      tpr_c=   0.2632      change_adj_count=65      
2022-08-19 BST 22:20:47,652 - INFO -  epoch= 300      train_loss=  30.3960      val_loss= 239.4418      best=1      size=  39      nSHD_c=   2.5000      nSHD=   2.4667      tpr_c=   0.2564      change_adj_count=72      
2022-08-19 BST 22:21:15,007 - INFO -  epoch= 400      train_loss=  26.9148      val_loss= 187.0441      best=1      size=  39      nSHD_c=   2.5000      nSHD=   2.4667      tpr_c=   0.2564      change_adj_count=76      
2022-08-19 BST 22:21:43,532 - INFO -  epoch= 500      train_loss=  26.1694      val_loss= 141.1870      best=1      size=  39      nSHD_c=   2.5000      nSHD=   2.4667      tpr_c=   0.2564      change_adj_count=82      
2022-08-19 BST 22:22:11,449 - INFO -  epoch= 600      train_loss=  24.9503      val_loss= 121.4822      best=1      size=  41      nSHD_c=   2.5333      nSHD=   2.5333      tpr_c=   0.2683      change_adj_count=84      
2022-08-19 BST 22:22:39,016 - INFO -  epoch= 700      train_loss=  22.2371      val_loss=  93.0185      best=1      size=  41      nSHD_c=   2.5333      nSHD=   2.5333      tpr_c=   0.2683      change_adj_count=84      
2022-08-19 BST 22:23:06,498 - INFO -  epoch= 800      train_loss=  20.8180      val_loss=  74.9210      best=1      size=  43      nSHD_c=   2.6000      nSHD=   2.5667      tpr_c=   0.2326      change_adj_count=86      
2022-08-19 BST 22:23:33,682 - INFO -  epoch= 900      train_loss=  19.1128      val_loss=  58.2358      best=1      size=  45      nSHD_c=   2.6000      nSHD=   2.4667      tpr_c=   0.2222      change_adj_count=93      
2022-08-19 BST 22:24:00,321 - INFO -  epoch=1000      train_loss=  17.6614      val_loss=  44.1012      best=1      size=  45      nSHD_c=   2.6000      nSHD=   2.4667      tpr_c=   0.2222      change_adj_count=93      
2022-08-19 BST 22:24:00,322 - INFO - 

DAG 6: size_true=64	X.var()=29.7229
2022-08-19 BST 22:24:00,634 - INFO -  epoch=   1      train_loss=  27.1811      val_loss=  26.4311      best=1      size=  56      nSHD_c=   3.7000      nSHD=   3.7000      tpr_c=   0.0357      change_adj_count=5      
2022-08-19 BST 22:24:00,956 - INFO -  epoch=   2      train_loss=  24.2231      val_loss=  25.8953      best=1      size=  55      nSHD_c=   3.7000      nSHD=   3.7000      tpr_c=   0.0182      change_adj_count=6      
2022-08-19 BST 22:24:01,347 - INFO -  epoch=   3      train_loss=  22.9238      val_loss=  18.4592      best=1      size=  59      nSHD_c=   3.6667      nSHD=   3.6667      tpr_c=   0.0508      change_adj_count=7      
2022-08-19 BST 22:24:01,584 - INFO -  epoch=   4      train_loss=  22.4178      val_loss=  15.7845      best=1      size=  59      nSHD_c=   3.5667      nSHD=   3.5667      tpr_c=   0.0678      change_adj_count=8      
2022-08-19 BST 22:24:01,990 - INFO -  epoch=   5      train_loss=  21.7336      val_loss=  12.5607      best=1      size=  64      nSHD_c=   3.6000      nSHD=   3.6000      tpr_c=   0.0938      change_adj_count=9      
2022-08-19 BST 22:24:27,162 - INFO -  epoch= 100      train_loss=  20.1776      val_loss= 119.2806      best=1      size=  55      nSHD_c=   3.1333      nSHD=   3.1000      tpr_c=   0.2000      change_adj_count=76      
2022-08-19 BST 22:24:55,142 - INFO -  epoch= 200      train_loss=  19.8375      val_loss= 127.3860      best=1      size=  57      nSHD_c=   3.1000      nSHD=   3.0333      tpr_c=   0.2105      change_adj_count=111      
2022-08-19 BST 22:25:22,941 - INFO -  epoch= 300      train_loss=  19.4372      val_loss= 119.6008      best=1      size=  57      nSHD_c=   3.1667      nSHD=   3.1000      tpr_c=   0.1930      change_adj_count=124      
2022-08-19 BST 22:25:50,112 - INFO -  epoch= 400      train_loss=  18.8602      val_loss=  96.6082      best=1      size=  55      nSHD_c=   3.1000      nSHD=   3.0333      tpr_c=   0.2000      change_adj_count=144      
2022-08-19 BST 22:26:18,541 - INFO -  epoch= 500      train_loss=  18.0486      val_loss=  94.5356      best=1      size=  55      nSHD_c=   3.1000      nSHD=   3.0333      tpr_c=   0.2000      change_adj_count=163      
2022-08-19 BST 22:26:45,286 - INFO -  epoch= 600      train_loss=  17.8656      val_loss=  75.6992      best=1      size=  55      nSHD_c=   3.0333      nSHD=   2.9667      tpr_c=   0.2182      change_adj_count=168      
2022-08-19 BST 22:27:12,927 - INFO -  epoch= 700      train_loss=  17.3882      val_loss=  72.0558      best=1      size=  54      nSHD_c=   3.0000      nSHD=   2.9333      tpr_c=   0.2222      change_adj_count=191      
2022-08-19 BST 22:27:39,810 - INFO -  epoch= 800      train_loss=  16.6860      val_loss=  60.4019      best=1      size=  55      nSHD_c=   3.0000      nSHD=   2.9000      tpr_c=   0.2182      change_adj_count=196      
2022-08-19 BST 22:28:07,879 - INFO -  epoch= 900      train_loss=  16.5840      val_loss=  58.4829      best=1      size=  54      nSHD_c=   2.9667      nSHD=   2.8667      tpr_c=   0.2222      change_adj_count=198      
2022-08-19 BST 22:28:36,415 - INFO -  epoch=1000      train_loss=  15.8117      val_loss=  52.6299      best=1      size=  54      nSHD_c=   2.9667      nSHD=   2.8667      tpr_c=   0.2222      change_adj_count=200      
2022-08-19 BST 22:28:36,416 - INFO - 

DAG 7: size_true=62	X.var()=55.6800
2022-08-19 BST 22:28:36,726 - INFO -  epoch=   1      train_loss=  49.7950      val_loss=  48.4842      best=1      size=  53      nSHD_c=   3.2333      nSHD=   3.2000      tpr_c=   0.1132      change_adj_count=5      
2022-08-19 BST 22:28:37,051 - INFO -  epoch=   2      train_loss=  42.7339      val_loss=  47.1138      best=1      size=  54      nSHD_c=   3.2333      nSHD=   3.2333      tpr_c=   0.1111      change_adj_count=6      
2022-08-19 BST 22:28:37,508 - INFO -  epoch=   3      train_loss=  38.5811      val_loss=  21.7849      best=1      size=  53      nSHD_c=   3.3333      nSHD=   3.3333      tpr_c=   0.0943      change_adj_count=7      
2022-08-19 BST 22:29:05,554 - INFO -  epoch= 100      train_loss=  29.4348      val_loss= 710.0533      best=1      size=  53      nSHD_c=   3.3000      nSHD=   3.3000      tpr_c=   0.1321      change_adj_count=44      
2022-08-19 BST 22:29:32,533 - INFO -  epoch= 200      train_loss=  27.4453      val_loss= 578.3205      best=1      size=  51      nSHD_c=   3.1667      nSHD=   3.1667      tpr_c=   0.1569      change_adj_count=61      
2022-08-19 BST 22:29:58,753 - INFO -  epoch= 300      train_loss=  25.6494      val_loss= 478.3587      best=1      size=  52      nSHD_c=   3.1667      nSHD=   3.1333      tpr_c=   0.1538      change_adj_count=70      
2022-08-19 BST 22:30:27,736 - INFO -  epoch= 400      train_loss=  24.1239      val_loss= 401.1492      best=1      size=  51      nSHD_c=   3.1667      nSHD=   3.1667      tpr_c=   0.1569      change_adj_count=82      
2022-08-19 BST 22:30:55,188 - INFO -  epoch= 500      train_loss=  22.6877      val_loss= 295.4908      best=1      size=  51      nSHD_c=   3.1333      nSHD=   3.1000      tpr_c=   0.1569      change_adj_count=92      
2022-08-19 BST 22:31:22,711 - INFO -  epoch= 600      train_loss=  22.6073      val_loss= 249.5959      best=1      size=  51      nSHD_c=   3.2000      nSHD=   3.1667      tpr_c=   0.1373      change_adj_count=112      
2022-08-19 BST 22:31:50,276 - INFO -  epoch= 700      train_loss=  21.0625      val_loss= 201.1337      best=1      size=  51      nSHD_c=   3.2000      nSHD=   3.1667      tpr_c=   0.1373      change_adj_count=119      
2022-08-19 BST 22:32:16,972 - INFO -  epoch= 800      train_loss=  19.4801      val_loss= 158.5701      best=1      size=  51      nSHD_c=   3.2000      nSHD=   3.1667      tpr_c=   0.1373      change_adj_count=125      
2022-08-19 BST 22:32:45,045 - INFO -  epoch= 900      train_loss=  19.8697      val_loss= 138.3114      best=1      size=  51      nSHD_c=   3.2000      nSHD=   3.1667      tpr_c=   0.1373      change_adj_count=125      
2022-08-19 BST 22:33:10,534 - INFO -  epoch=1000      train_loss=  18.3826      val_loss= 120.1360      best=1      size=  51      nSHD_c=   3.1667      nSHD=   3.1667      tpr_c=   0.1569      change_adj_count=128      
2022-08-19 BST 22:33:10,535 - INFO - 

DAG 8: size_true=63	X.var()=39.3378
2022-08-19 BST 22:33:10,867 - INFO -  epoch=   1      train_loss=  37.0888      val_loss=  33.8597      best=1      size=  56      nSHD_c=   3.5667      nSHD=   3.5333      tpr_c=   0.0714      change_adj_count=5      
2022-08-19 BST 22:33:11,131 - INFO -  epoch=   2      train_loss=  33.9333      val_loss=  26.1809      best=1      size=  55      nSHD_c=   3.4333      nSHD=   3.4000      tpr_c=   0.1091      change_adj_count=6      
2022-08-19 BST 22:33:11,470 - INFO -  epoch=   3      train_loss=  31.9154      val_loss=  19.0667      best=1      size=  55      nSHD_c=   3.3333      nSHD=   3.3000      tpr_c=   0.1273      change_adj_count=7      
2022-08-19 BST 22:33:11,829 - INFO -  epoch=   4      train_loss=  30.8531      val_loss=  18.0716      best=1      size=  54      nSHD_c=   3.2000      nSHD=   3.2000      tpr_c=   0.1852      change_adj_count=8      
2022-08-19 BST 22:33:39,102 - INFO -  epoch= 100      train_loss=  26.2057      val_loss= 226.6535      best=1      size=  57      nSHD_c=   3.1333      nSHD=   3.1333      tpr_c=   0.2281      change_adj_count=58      
2022-08-19 BST 22:34:07,978 - INFO -  epoch= 200      train_loss=  24.6763      val_loss= 188.2348      best=1      size=  58      nSHD_c=   3.1333      nSHD=   3.1000      tpr_c=   0.2241      change_adj_count=66      
2022-08-19 BST 22:34:34,611 - INFO -  epoch= 300      train_loss=  22.8840      val_loss= 164.9808      best=1      size=  55      nSHD_c=   3.0667      nSHD=   3.0667      tpr_c=   0.2364      change_adj_count=93      
2022-08-19 BST 22:35:03,587 - INFO -  epoch= 400      train_loss=  22.3759      val_loss= 145.9865      best=1      size=  56      nSHD_c=   3.0667      nSHD=   3.0333      tpr_c=   0.2321      change_adj_count=111      
2022-08-19 BST 22:35:31,205 - INFO -  epoch= 500      train_loss=  21.3658      val_loss= 117.1939      best=1      size=  55      nSHD_c=   3.0333      nSHD=   3.0000      tpr_c=   0.2364      change_adj_count=114      
2022-08-19 BST 22:35:59,961 - INFO -  epoch= 600      train_loss=  19.6887      val_loss=  96.2682      best=1      size=  56      nSHD_c=   2.9667      nSHD=   2.9000      tpr_c=   0.2500      change_adj_count=128      
2022-08-19 BST 22:36:30,169 - INFO -  epoch= 700      train_loss=  19.3237      val_loss=  79.6598      best=1      size=  55      nSHD_c=   3.0333      nSHD=   3.0000      tpr_c=   0.2364      change_adj_count=142      
2022-08-19 BST 22:36:58,880 - INFO -  epoch= 800      train_loss=  18.1584      val_loss=  72.4194      best=1      size=  55      nSHD_c=   3.0333      nSHD=   3.0000      tpr_c=   0.2364      change_adj_count=142      
2022-08-19 BST 22:37:27,485 - INFO -  epoch= 900      train_loss=  17.3120      val_loss=  63.8719      best=1      size=  56      nSHD_c=   3.0333      nSHD=   2.9667      tpr_c=   0.2321      change_adj_count=143      
2022-08-19 BST 22:37:56,833 - INFO -  epoch=1000      train_loss=  16.8784      val_loss=  55.2585      best=1      size=  55      nSHD_c=   3.0333      nSHD=   3.0000      tpr_c=   0.2364      change_adj_count=144      
2022-08-19 BST 22:37:56,835 - INFO - 

DAG 9: size_true=61	X.var()=94.6254
2022-08-19 BST 22:37:57,229 - INFO -  epoch=   1      train_loss=  84.7820      val_loss=  82.3924      best=1      size=  59      nSHD_c=   3.8000      nSHD=   3.8000      tpr_c=   0.0339      change_adj_count=5      
2022-08-19 BST 22:37:57,504 - INFO -  epoch=   2      train_loss=  71.5524      val_loss=  51.4368      best=1      size=  58      nSHD_c=   3.7000      nSHD=   3.7000      tpr_c=   0.0517      change_adj_count=6      
2022-08-19 BST 22:37:57,832 - INFO -  epoch=   3      train_loss=  65.2440      val_loss=  38.0233      best=1      size=  57      nSHD_c=   3.4667      nSHD=   3.4667      tpr_c=   0.0877      change_adj_count=7      
2022-08-19 BST 22:38:25,542 - INFO -  epoch= 100      train_loss=  50.9480      val_loss= 999.2181      best=1      size=  56      nSHD_c=   3.2667      nSHD=   3.2667      tpr_c=   0.1607      change_adj_count=50      
2022-08-19 BST 22:38:53,207 - INFO -  epoch= 200      train_loss=  46.8495      val_loss= 820.7558      best=1      size=  56      nSHD_c=   3.2667      nSHD=   3.2667      tpr_c=   0.1607      change_adj_count=51      
2022-08-19 BST 22:39:21,310 - INFO -  epoch= 300      train_loss=  44.1889      val_loss= 579.3387      best=1      size=  56      nSHD_c=   3.2667      nSHD=   3.2667      tpr_c=   0.1607      change_adj_count=51      
2022-08-19 BST 22:39:48,682 - INFO -  epoch= 400      train_loss=  42.0080      val_loss= 523.7335      best=1      size=  56      nSHD_c=   3.2333      nSHD=   3.2000      tpr_c=   0.1607      change_adj_count=52      
2022-08-19 BST 22:40:16,675 - INFO -  epoch= 500      train_loss=  38.9637      val_loss= 409.5122      best=1      size=  56      nSHD_c=   3.2333      nSHD=   3.2000      tpr_c=   0.1607      change_adj_count=52      
2022-08-19 BST 22:40:43,842 - INFO -  epoch= 600      train_loss=  37.0931      val_loss= 306.8966      best=1      size=  56      nSHD_c=   3.2333      nSHD=   3.2000      tpr_c=   0.1607      change_adj_count=52      
2022-08-19 BST 22:41:11,756 - INFO -  epoch= 700      train_loss=  34.1348      val_loss= 285.9341      best=1      size=  56      nSHD_c=   3.2333      nSHD=   3.2000      tpr_c=   0.1607      change_adj_count=52      
2022-08-19 BST 22:41:40,390 - INFO -  epoch= 800      train_loss=  33.0669      val_loss= 207.4954      best=1      size=  55      nSHD_c=   3.2000      nSHD=   3.1667      tpr_c=   0.1636      change_adj_count=53      
2022-08-19 BST 22:42:08,502 - INFO -  epoch= 900      train_loss=  31.1970      val_loss= 174.6911      best=1      size=  54      nSHD_c=   3.1667      nSHD=   3.1333      tpr_c=   0.1667      change_adj_count=57      
2022-08-19 BST 22:42:37,058 - INFO -  epoch=1000      train_loss=  28.8393      val_loss= 152.9188      best=1      size=  54      nSHD_c=   3.1667      nSHD=   3.1333      tpr_c=   0.1667      change_adj_count=60      
2022-08-19 BST 22:42:37,059 - INFO - 

DAG 10: size_true=51	X.var()=18.9170
2022-08-19 BST 22:42:37,446 - INFO -  epoch=   1      train_loss=  17.7013      val_loss=  15.7515      best=1      size=  57      nSHD_c=   3.3667      nSHD=   3.3333      tpr_c=   0.0175      change_adj_count=5      
2022-08-19 BST 22:42:37,827 - INFO -  epoch=   2      train_loss=  16.4352      val_loss=  14.0743      best=1      size=  57      nSHD_c=   3.3000      nSHD=   3.3000      tpr_c=   0.0351      change_adj_count=6      
2022-08-19 BST 22:42:38,191 - INFO -  epoch=   3      train_loss=  15.4449      val_loss=  12.3533      best=1      size=  57      nSHD_c=   3.3000      nSHD=   3.3000      tpr_c=   0.0351      change_adj_count=7      
2022-08-19 BST 22:42:38,633 - INFO -  epoch=   4      train_loss=  15.1754      val_loss=   8.6293      best=1      size=  56      nSHD_c=   3.0667      nSHD=   3.0667      tpr_c=   0.0893      change_adj_count=8      
2022-08-19 BST 22:42:38,936 - INFO -  epoch=   5      train_loss=  14.8917      val_loss=   7.8644      best=1      size=  58      nSHD_c=   3.2000      nSHD=   3.1667      tpr_c=   0.0690      change_adj_count=9      
2022-08-19 BST 22:43:05,566 - INFO -  epoch= 100      train_loss=  13.8833      val_loss=  84.7615      best=1      size=  52      nSHD_c=   2.5000      nSHD=   2.4000      tpr_c=   0.2308      change_adj_count=69      
2022-08-19 BST 22:43:32,875 - INFO -  epoch= 200      train_loss=  13.7161      val_loss=  73.1813      best=1      size=  52      nSHD_c=   2.5667      nSHD=   2.4667      tpr_c=   0.1923      change_adj_count=69      
2022-08-19 BST 22:44:00,490 - INFO -  epoch= 300      train_loss=  13.4307      val_loss=  67.8176      best=1      size=  52      nSHD_c=   2.4667      nSHD=   2.4000      tpr_c=   0.2500      change_adj_count=72      
2022-08-19 BST 22:44:27,602 - INFO -  epoch= 400      train_loss=  13.1741      val_loss=  63.6393      best=1      size=  52      nSHD_c=   2.5000      nSHD=   2.4000      tpr_c=   0.2308      change_adj_count=73      
2022-08-19 BST 22:44:54,560 - INFO -  epoch= 500      train_loss=  12.7956      val_loss=  57.2723      best=1      size=  52      nSHD_c=   2.4667      nSHD=   2.4000      tpr_c=   0.2500      change_adj_count=82      
2022-08-19 BST 22:45:21,125 - INFO -  epoch= 600      train_loss=  12.6076      val_loss=  52.4696      best=1      size=  52      nSHD_c=   2.4667      nSHD=   2.4000      tpr_c=   0.2500      change_adj_count=82      
2022-08-19 BST 22:45:47,914 - INFO -  epoch= 700      train_loss=  12.0968      val_loss=  48.1489      best=1      size=  52      nSHD_c=   2.5333      nSHD=   2.4667      tpr_c=   0.2115      change_adj_count=82      
2022-08-19 BST 22:46:15,189 - INFO -  epoch= 800      train_loss=  11.9921      val_loss=  44.5878      best=1      size=  52      nSHD_c=   2.5333      nSHD=   2.4667      tpr_c=   0.2115      change_adj_count=82      
2022-08-19 BST 22:46:40,297 - INFO -  epoch= 900      train_loss=  11.6168      val_loss=  39.2074      best=1      size=  52      nSHD_c=   2.5333      nSHD=   2.4667      tpr_c=   0.2115      change_adj_count=82      
2022-08-19 BST 22:47:08,361 - INFO -  epoch=1000      train_loss=  11.2828      val_loss=  39.1529      best=1      size=  52      nSHD_c=   2.5333      nSHD=   2.4667      tpr_c=   0.2115      change_adj_count=82      
2022-08-19 BST 22:47:08,363 - INFO - 

DAG 11: size_true=68	X.var()=127.5135
2022-08-19 BST 22:47:08,672 - INFO -  epoch=   1      train_loss= 119.6902      val_loss=  97.2067      best=1      size=  57      nSHD_c=   3.7667      nSHD=   3.7667      tpr_c=   0.0702      change_adj_count=5      
2022-08-19 BST 22:47:08,930 - INFO -  epoch=   2      train_loss= 107.2176      val_loss=  59.2313      best=1      size=  57      nSHD_c=   3.8000      nSHD=   3.8000      tpr_c=   0.0702      change_adj_count=6      
2022-08-19 BST 22:47:09,235 - INFO -  epoch=   3      train_loss=  98.6610      val_loss=  56.1018      best=1      size=  57      nSHD_c=   3.8000      nSHD=   3.8000      tpr_c=   0.0526      change_adj_count=7      
2022-08-19 BST 22:47:33,717 - INFO -  epoch= 100      train_loss=  66.6320      val_loss=1385.2119      best=1      size=  60      nSHD_c=   3.4667      nSHD=   3.4667      tpr_c=   0.2000      change_adj_count=42      
2022-08-19 BST 22:48:03,656 - INFO -  epoch= 200      train_loss=  58.9075      val_loss=1062.4575      best=1      size=  60      nSHD_c=   3.4667      nSHD=   3.4667      tpr_c=   0.2000      change_adj_count=49      
2022-08-19 BST 22:48:31,927 - INFO -  epoch= 300      train_loss=  54.6585      val_loss= 752.6137      best=1      size=  60      nSHD_c=   3.4667      nSHD=   3.4667      tpr_c=   0.2000      change_adj_count=50      
2022-08-19 BST 22:48:59,033 - INFO -  epoch= 400      train_loss=  48.0143      val_loss= 613.2977      best=1      size=  60      nSHD_c=   3.4000      nSHD=   3.4000      tpr_c=   0.2167      change_adj_count=58      
2022-08-19 BST 22:49:26,642 - INFO -  epoch= 500      train_loss=  44.8945      val_loss= 412.6825      best=1      size=  60      nSHD_c=   3.3667      nSHD=   3.3333      tpr_c=   0.2167      change_adj_count=59      
2022-08-19 BST 22:49:55,352 - INFO -  epoch= 600      train_loss=  40.1459      val_loss= 358.3360      best=1      size=  60      nSHD_c=   3.3667      nSHD=   3.3333      tpr_c=   0.2167      change_adj_count=59      
2022-08-19 BST 22:50:22,597 - INFO -  epoch= 700      train_loss=  36.8921      val_loss= 245.7779      best=1      size=  58      nSHD_c=   3.3667      nSHD=   3.3333      tpr_c=   0.2069      change_adj_count=65      
2022-08-19 BST 22:50:50,013 - INFO -  epoch= 800      train_loss=  35.2714      val_loss= 201.2480      best=1      size=  57      nSHD_c=   3.4000      nSHD=   3.3667      tpr_c=   0.1930      change_adj_count=69      
2022-08-19 BST 22:51:15,873 - INFO -  epoch= 900      train_loss=  32.4236      val_loss= 147.8137      best=1      size=  56      nSHD_c=   3.3667      nSHD=   3.3333      tpr_c=   0.1964      change_adj_count=72      
2022-08-19 BST 22:51:42,713 - INFO -  epoch=1000      train_loss=  30.4113      val_loss= 127.2095      best=1      size=  56      nSHD_c=   3.2667      nSHD=   3.2667      tpr_c=   0.2321      change_adj_count=77      
2022-08-19 BST 22:51:42,714 - INFO - 

DAG 12: size_true=53	X.var()=15.8398
2022-08-19 BST 22:51:43,027 - INFO -  epoch=   1      train_loss=  15.1063      val_loss=  13.7763      best=1      size=  53      nSHD_c=   3.2000      nSHD=   3.1667      tpr_c=   0.0377      change_adj_count=5      
2022-08-19 BST 22:51:43,369 - INFO -  epoch=   2      train_loss=  14.0992      val_loss=  13.4335      best=1      size=  56      nSHD_c=   3.3000      nSHD=   3.2667      tpr_c=   0.0357      change_adj_count=6      
2022-08-19 BST 22:51:43,709 - INFO -  epoch=   3      train_loss=  13.3037      val_loss=  12.9517      best=1      size=  54      nSHD_c=   3.0667      nSHD=   3.0000      tpr_c=   0.0556      change_adj_count=7      
2022-08-19 BST 22:51:43,946 - INFO -  epoch=   4      train_loss=  12.9646      val_loss=  12.0171      best=1      size=  55      nSHD_c=   3.0333      nSHD=   2.9667      tpr_c=   0.0909      change_adj_count=8      
2022-08-19 BST 22:51:44,371 - INFO -  epoch=   5      train_loss=  12.5001      val_loss=   7.5868      best=1      size=  53      nSHD_c=   2.9333      nSHD=   2.9000      tpr_c=   0.1132      change_adj_count=9      
2022-08-19 BST 22:51:44,722 - INFO -  epoch=   6      train_loss=  12.5459      val_loss=   7.7742      best=1      size=  55      nSHD_c=   3.0667      nSHD=   3.0333      tpr_c=   0.0909      change_adj_count=10      
2022-08-19 BST 22:52:12,575 - INFO -  epoch= 100      train_loss=  11.3349      val_loss=  69.3938      best=1      size=  51      nSHD_c=   2.3333      nSHD=   2.2667      tpr_c=   0.2941      change_adj_count=83      
2022-08-19 BST 22:52:38,739 - INFO -  epoch= 200      train_loss=  11.3486      val_loss=  61.9789      best=1      size=  52      nSHD_c=   2.3333      nSHD=   2.3000      tpr_c=   0.3077      change_adj_count=111      
2022-08-19 BST 22:53:07,138 - INFO -  epoch= 300      train_loss=  10.7817      val_loss=  59.9941      best=1      size=  52      nSHD_c=   2.2667      nSHD=   2.2333      tpr_c=   0.3269      change_adj_count=124      
2022-08-19 BST 22:53:35,589 - INFO -  epoch= 400      train_loss=  10.5779      val_loss=  55.1348      best=1      size=  52      nSHD_c=   2.2667      nSHD=   2.2333      tpr_c=   0.3269      change_adj_count=132      
2022-08-19 BST 22:54:04,343 - INFO -  epoch= 500      train_loss=  10.5448      val_loss=  45.9651      best=1      size=  52      nSHD_c=   2.3667      nSHD=   2.3000      tpr_c=   0.2885      change_adj_count=143      
2022-08-19 BST 22:54:31,895 - INFO -  epoch= 600      train_loss=   9.9980      val_loss=  39.0583      best=1      size=  52      nSHD_c=   2.3000      nSHD=   2.2333      tpr_c=   0.3077      change_adj_count=151      
2022-08-19 BST 22:54:59,098 - INFO -  epoch= 700      train_loss=   9.9685      val_loss=  34.7716      best=1      size=  52      nSHD_c=   2.2000      nSHD=   2.1667      tpr_c=   0.3462      change_adj_count=160      
2022-08-19 BST 22:55:26,949 - INFO -  epoch= 800      train_loss=   9.4180      val_loss=  31.5367      best=1      size=  52      nSHD_c=   2.2000      nSHD=   2.1667      tpr_c=   0.3462      change_adj_count=160      
2022-08-19 BST 22:55:53,432 - INFO -  epoch= 900      train_loss=   9.3407      val_loss=  26.7494      best=1      size=  52      nSHD_c=   2.2000      nSHD=   2.1667      tpr_c=   0.3462      change_adj_count=160      
2022-08-19 BST 22:56:20,154 - INFO -  epoch=1000      train_loss=   8.7404      val_loss=  26.1511      best=1      size=  52      nSHD_c=   2.1667      nSHD=   2.1667      tpr_c=   0.3654      change_adj_count=163      
2022-08-19 BST 22:56:20,155 - INFO - 

DAG 13: size_true=53	X.var()=112.2632
2022-08-19 BST 22:56:20,460 - INFO -  epoch=   1      train_loss= 104.1116      val_loss=  67.7955      best=1      size=  58      nSHD_c=   3.4000      nSHD=   3.3667      tpr_c=   0.0345      change_adj_count=5      
2022-08-19 BST 22:56:20,806 - INFO -  epoch=   2      train_loss=  93.5890      val_loss=  60.8146      best=1      size=  56      nSHD_c=   3.3333      nSHD=   3.3000      tpr_c=   0.0357      change_adj_count=6      
2022-08-19 BST 22:56:21,187 - INFO -  epoch=   3      train_loss=  87.3997      val_loss=  26.7023      best=1      size=  58      nSHD_c=   3.3667      nSHD=   3.3667      tpr_c=   0.0690      change_adj_count=7      
2022-08-19 BST 22:56:46,428 - INFO -  epoch= 100      train_loss=  56.8965      val_loss=1376.3545      best=1      size=  48      nSHD_c=   2.7333      nSHD=   2.7000      tpr_c=   0.1875      change_adj_count=52      
2022-08-19 BST 22:57:14,639 - INFO -  epoch= 200      train_loss=  50.9295      val_loss=1038.0143      best=1      size=  49      nSHD_c=   2.7000      nSHD=   2.7000      tpr_c=   0.2041      change_adj_count=53      
2022-08-19 BST 22:57:42,580 - INFO -  epoch= 300      train_loss=  44.4629      val_loss= 714.4033      best=1      size=  50      nSHD_c=   2.7333      nSHD=   2.7333      tpr_c=   0.2000      change_adj_count=56      
2022-08-19 BST 22:58:11,015 - INFO -  epoch= 400      train_loss=  38.9854      val_loss= 539.1417      best=1      size=  50      nSHD_c=   2.7333      nSHD=   2.7333      tpr_c=   0.2000      change_adj_count=56      
2022-08-19 BST 22:58:39,501 - INFO -  epoch= 500      train_loss=  37.5597      val_loss= 376.8036      best=1      size=  51      nSHD_c=   2.7667      nSHD=   2.7667      tpr_c=   0.1961      change_adj_count=62      
2022-08-19 BST 22:59:08,691 - INFO -  epoch= 600      train_loss=  31.8197      val_loss= 332.5458      best=1      size=  51      nSHD_c=   2.7667      nSHD=   2.7667      tpr_c=   0.1961      change_adj_count=65      
2022-08-19 BST 22:59:36,129 - INFO -  epoch= 700      train_loss=  30.3640      val_loss= 223.2873      best=1      size=  51      nSHD_c=   2.7667      nSHD=   2.7667      tpr_c=   0.1961      change_adj_count=65      
2022-08-19 BST 23:00:03,662 - INFO -  epoch= 800      train_loss=  29.2404      val_loss= 190.0057      best=1      size=  51      nSHD_c=   2.7667      nSHD=   2.7667      tpr_c=   0.1961      change_adj_count=65      
2022-08-19 BST 23:00:32,230 - INFO -  epoch= 900      train_loss=  26.9551      val_loss= 162.9399      best=1      size=  50      nSHD_c=   2.7333      nSHD=   2.7333      tpr_c=   0.2000      change_adj_count=70      
2022-08-19 BST 23:01:00,532 - INFO -  epoch=1000      train_loss=  25.9020      val_loss= 122.3269      best=1      size=  50      nSHD_c=   2.7333      nSHD=   2.7333      tpr_c=   0.2000      change_adj_count=73      
2022-08-19 BST 23:01:00,533 - INFO - 

DAG 14: size_true=59	X.var()=16.7418
2022-08-19 BST 23:01:01,055 - INFO -  epoch=   1      train_loss=  15.3478      val_loss=  15.7622      best=1      size=  57      nSHD_c=   3.5333      nSHD=   3.5000      tpr_c=   0.0175      change_adj_count=5      
2022-08-19 BST 23:01:01,365 - INFO -  epoch=   2      train_loss=  13.9250      val_loss=  14.8041      best=1      size=  59      nSHD_c=   3.6333      nSHD=   3.6000      tpr_c=   0.0169      change_adj_count=6      
2022-08-19 BST 23:01:01,701 - INFO -  epoch=   3      train_loss=  13.1042      val_loss=  14.3705      best=1      size=  59      nSHD_c=   3.6667      nSHD=   3.6667      tpr_c=   0.0339      change_adj_count=7      
2022-08-19 BST 23:01:02,028 - INFO -  epoch=   4      train_loss=  12.7865      val_loss=  11.8941      best=1      size=  58      nSHD_c=   3.6000      nSHD=   3.6000      tpr_c=   0.0345      change_adj_count=8      
2022-08-19 BST 23:01:02,436 - INFO -  epoch=   5      train_loss=  12.5555      val_loss=  11.6022      best=1      size=  60      nSHD_c=   3.5333      nSHD=   3.5333      tpr_c=   0.0667      change_adj_count=9      
2022-08-19 BST 23:01:27,253 - INFO -  epoch= 100      train_loss=  11.9603      val_loss=  58.1348      best=1      size=  56      nSHD_c=   2.6667      nSHD=   2.5667      tpr_c=   0.2857      change_adj_count=74      
2022-08-19 BST 23:01:52,911 - INFO -  epoch= 200      train_loss=  11.6654      val_loss=  56.7169      best=1      size=  58      nSHD_c=   2.7333      nSHD=   2.6333      tpr_c=   0.2759      change_adj_count=101      
2022-08-19 BST 23:02:21,457 - INFO -  epoch= 300      train_loss=  11.6073      val_loss=  53.7005      best=1      size=  59      nSHD_c=   2.7000      nSHD=   2.6000      tpr_c=   0.2881      change_adj_count=123      
2022-08-19 BST 23:02:48,318 - INFO -  epoch= 400      train_loss=  11.3807      val_loss=  53.2471      best=1      size=  59      nSHD_c=   2.6667      nSHD=   2.5333      tpr_c=   0.2881      change_adj_count=143      
2022-08-19 BST 23:03:17,293 - INFO -  epoch= 500      train_loss=  11.3087      val_loss=  51.6166      best=1      size=  60      nSHD_c=   2.6667      nSHD=   2.5667      tpr_c=   0.3000      change_adj_count=156      
2022-08-19 BST 23:03:46,836 - INFO -  epoch= 600      train_loss=  11.2259      val_loss=  48.2391      best=1      size=  60      nSHD_c=   2.6667      nSHD=   2.5667      tpr_c=   0.3000      change_adj_count=172      
2022-08-19 BST 23:04:13,881 - INFO -  epoch= 700      train_loss=  11.0739      val_loss=  45.3540      best=1      size=  60      nSHD_c=   2.6667      nSHD=   2.5667      tpr_c=   0.3000      change_adj_count=189      
2022-08-19 BST 23:04:42,225 - INFO -  epoch= 800      train_loss=  10.6812      val_loss=  46.6329      best=1      size=  59      nSHD_c=   2.6667      nSHD=   2.5333      tpr_c=   0.2881      change_adj_count=204      
2022-08-19 BST 23:05:10,156 - INFO -  epoch= 900      train_loss=  10.6043      val_loss=  38.2377      best=1      size=  59      nSHD_c=   2.6333      nSHD=   2.5333      tpr_c=   0.3051      change_adj_count=206      
2022-08-19 BST 23:05:36,741 - INFO -  epoch=1000      train_loss=  10.4035      val_loss=  36.7665      best=1      size=  58      nSHD_c=   2.6333      nSHD=   2.5000      tpr_c=   0.2931      change_adj_count=215      
2022-08-19 BST 23:05:36,742 - INFO - 

DAG 15: size_true=42	X.var()=8.6273
2022-08-19 BST 23:05:37,051 - INFO -  epoch=   1      train_loss=   8.2151      val_loss=   7.7298      best=1      size=  59      nSHD_c=   3.0667      nSHD=   3.0667      tpr_c=   0.0508      change_adj_count=5      
2022-08-19 BST 23:05:37,320 - INFO -  epoch=   2      train_loss=   7.6920      val_loss=   6.8515      best=1      size=  60      nSHD_c=   3.0667      nSHD=   3.0333      tpr_c=   0.0500      change_adj_count=6      
2022-08-19 BST 23:05:37,654 - INFO -  epoch=   3      train_loss=   7.3224      val_loss=   6.2036      best=1      size=  59      nSHD_c=   3.0333      nSHD=   3.0000      tpr_c=   0.0508      change_adj_count=7      
2022-08-19 BST 23:05:37,976 - INFO -  epoch=   4      train_loss=   7.1504      val_loss=   5.2681      best=1      size=  57      nSHD_c=   2.8333      nSHD=   2.8333      tpr_c=   0.0877      change_adj_count=8      
2022-08-19 BST 23:05:38,312 - INFO -  epoch=   5      train_loss=   6.9551      val_loss=   5.1748      best=1      size=  59      nSHD_c=   2.9000      nSHD=   2.9000      tpr_c=   0.0847      change_adj_count=9      
2022-08-19 BST 23:05:38,604 - INFO -  epoch=   6      train_loss=   7.0249      val_loss=   5.2363      best=1      size=  59      nSHD_c=   2.8667      nSHD=   2.8667      tpr_c=   0.0847      change_adj_count=10      
2022-08-19 BST 23:05:38,879 - INFO -  epoch=   7      train_loss=   6.9463      val_loss=   4.7634      best=1      size=  58      nSHD_c=   2.9000      nSHD=   2.9000      tpr_c=   0.0690      change_adj_count=11      
2022-08-19 BST 23:05:39,177 - INFO -  epoch=   8      train_loss=   6.9549      val_loss=   5.0839      best=1      size=  56      nSHD_c=   2.9333      nSHD=   2.9000      tpr_c=   0.0536      change_adj_count=12      
2022-08-19 BST 23:05:39,808 - INFO -  epoch=  10      train_loss=   6.9172      val_loss=   5.9343      best=1      size=  58      nSHD_c=   2.8667      nSHD=   2.8333      tpr_c=   0.0690      change_adj_count=14      
2022-08-19 BST 23:06:03,978 - INFO -  epoch= 100      train_loss=   6.7718      val_loss=  23.1505      best=1      size=  52      nSHD_c=   1.8333      nSHD=   1.7333      tpr_c=   0.3269      change_adj_count=88      
2022-08-19 BST 23:06:31,972 - INFO -  epoch= 200      train_loss=   6.7334      val_loss=  21.2729      best=1      size=  53      nSHD_c=   1.9000      nSHD=   1.7333      tpr_c=   0.3019      change_adj_count=144      
2022-08-19 BST 23:07:01,996 - INFO -  epoch= 300      train_loss=   6.7132      val_loss=  20.7039      best=1      size=  53      nSHD_c=   1.9667      nSHD=   1.7667      tpr_c=   0.2642      change_adj_count=167      
2022-08-19 BST 23:07:28,125 - INFO -  epoch= 400      train_loss=   6.6045      val_loss=  18.3144      best=1      size=  53      nSHD_c=   1.9000      nSHD=   1.7000      tpr_c=   0.2830      change_adj_count=177      
2022-08-19 BST 23:07:56,161 - INFO -  epoch= 500      train_loss=   6.4593      val_loss=  19.4959      best=1      size=  53      nSHD_c=   1.9000      nSHD=   1.7667      tpr_c=   0.3019      change_adj_count=184      
2022-08-19 BST 23:08:25,199 - INFO -  epoch= 600      train_loss=   6.4289      val_loss=  17.7051      best=1      size=  53      nSHD_c=   1.8000      nSHD=   1.7000      tpr_c=   0.3396      change_adj_count=190      
2022-08-19 BST 23:08:52,761 - INFO -  epoch= 700      train_loss=   6.3310      val_loss=  16.5239      best=1      size=  53      nSHD_c=   1.8000      nSHD=   1.7000      tpr_c=   0.3396      change_adj_count=199      
2022-08-19 BST 23:09:20,231 - INFO -  epoch= 800      train_loss=   6.3171      val_loss=  15.2413      best=1      size=  53      nSHD_c=   1.8000      nSHD=   1.7000      tpr_c=   0.3396      change_adj_count=205      
2022-08-19 BST 23:09:47,549 - INFO -  epoch= 900      train_loss=   6.1201      val_loss=  15.0533      best=1      size=  52      nSHD_c=   1.8667      nSHD=   1.7333      tpr_c=   0.3077      change_adj_count=216      
2022-08-19 BST 23:10:14,364 - INFO -  epoch=1000      train_loss=   5.9681      val_loss=  13.0921      best=1      size=  52      nSHD_c=   1.8667      nSHD=   1.7333      tpr_c=   0.3077      change_adj_count=220      
2022-08-19 BST 23:10:14,365 - INFO - 

DAG 16: size_true=50	X.var()=12.1502
2022-08-19 BST 23:10:14,647 - INFO -  epoch=   1      train_loss=  11.3549      val_loss=  11.3551      best=1      size=  55      nSHD_c=   3.1000      nSHD=   3.1000      tpr_c=   0.0727      change_adj_count=5      
2022-08-19 BST 23:10:14,898 - INFO -  epoch=   2      train_loss=  10.4813      val_loss=   9.9635      best=1      size=  55      nSHD_c=   3.1333      nSHD=   3.1333      tpr_c=   0.0727      change_adj_count=6      
2022-08-19 BST 23:10:15,163 - INFO -  epoch=   3      train_loss=  10.2115      val_loss=   8.5823      best=1      size=  56      nSHD_c=   3.0667      nSHD=   3.0667      tpr_c=   0.0893      change_adj_count=7      
2022-08-19 BST 23:10:15,425 - INFO -  epoch=   4      train_loss=   9.9145      val_loss=   7.4083      best=1      size=  55      nSHD_c=   2.9667      nSHD=   2.9667      tpr_c=   0.1091      change_adj_count=8      
2022-08-19 BST 23:10:15,683 - INFO -  epoch=   5      train_loss=   9.7848      val_loss=   7.1544      best=1      size=  57      nSHD_c=   3.0667      nSHD=   3.0333      tpr_c=   0.0877      change_adj_count=9      
2022-08-19 BST 23:10:42,168 - INFO -  epoch= 100      train_loss=   9.1766      val_loss=  29.8191      best=1      size=  55      nSHD_c=   2.1667      nSHD=   2.1000      tpr_c=   0.3455      change_adj_count=91      
2022-08-19 BST 23:11:10,037 - INFO -  epoch= 200      train_loss=   9.1271      val_loss=  28.3505      best=1      size=  53      nSHD_c=   2.1333      nSHD=   2.0667      tpr_c=   0.3396      change_adj_count=133      
2022-08-19 BST 23:11:35,087 - INFO -  epoch= 300      train_loss=   9.1770      val_loss=  26.8097      best=1      size=  54      nSHD_c=   2.1667      nSHD=   2.1000      tpr_c=   0.3333      change_adj_count=161      
2022-08-19 BST 23:12:03,248 - INFO -  epoch= 400      train_loss=   9.1525      val_loss=  24.1012      best=1      size=  53      nSHD_c=   2.0667      nSHD=   1.9667      tpr_c=   0.3585      change_adj_count=184      
2022-08-19 BST 23:12:31,148 - INFO -  epoch= 500      train_loss=   8.9060      val_loss=  24.1839      best=1      size=  53      nSHD_c=   2.0000      nSHD=   1.9000      tpr_c=   0.3774      change_adj_count=203      
2022-08-19 BST 23:12:58,013 - INFO -  epoch= 600      train_loss=   8.8286      val_loss=  23.1098      best=1      size=  52      nSHD_c=   2.0667      nSHD=   1.9333      tpr_c=   0.3462      change_adj_count=228      
2022-08-19 BST 23:13:27,979 - INFO -  epoch= 700      train_loss=   8.6370      val_loss=  22.7832      best=1      size=  52      nSHD_c=   2.0667      nSHD=   1.9333      tpr_c=   0.3462      change_adj_count=238      
2022-08-19 BST 23:13:54,851 - INFO -  epoch= 800      train_loss=   8.4959      val_loss=  20.8849      best=1      size=  52      nSHD_c=   2.0667      nSHD=   1.9333      tpr_c=   0.3462      change_adj_count=242      
2022-08-19 BST 23:14:22,719 - INFO -  epoch= 900      train_loss=   8.3725      val_loss=  19.9629      best=1      size=  52      nSHD_c=   1.9667      nSHD=   1.8667      tpr_c=   0.3846      change_adj_count=247      
2022-08-19 BST 23:14:50,539 - INFO -  epoch=1000      train_loss=   8.3745      val_loss=  17.6743      best=1      size=  52      nSHD_c=   1.9667      nSHD=   1.8667      tpr_c=   0.3846      change_adj_count=247      
2022-08-19 BST 23:14:50,540 - INFO - 

DAG 17: size_true=49	X.var()=16.5203
2022-08-19 BST 23:14:50,859 - INFO -  epoch=   1      train_loss=  15.3384      val_loss=  16.0280      best=1      size=  54      nSHD_c=   3.2667      nSHD=   3.2667      tpr_c=   0.0185      change_adj_count=5      
2022-08-19 BST 23:14:51,090 - INFO -  epoch=   2      train_loss=  13.7887      val_loss=  15.0484      best=1      size=  56      nSHD_c=   3.3000      nSHD=   3.3000      tpr_c=   0.0179      change_adj_count=6      
2022-08-19 BST 23:14:51,395 - INFO -  epoch=   3      train_loss=  13.1003      val_loss=  14.6405      best=1      size=  54      nSHD_c=   3.2667      nSHD=   3.2667      tpr_c=   0.0185      change_adj_count=7      
2022-08-19 BST 23:14:51,780 - INFO -  epoch=   4      train_loss=  12.8956      val_loss=  12.9295      best=1      size=  54      nSHD_c=   3.2667      nSHD=   3.2667      tpr_c=   0.0185      change_adj_count=8      
2022-08-19 BST 23:14:52,154 - INFO -  epoch=   5      train_loss=  12.5212      val_loss=  10.5758      best=1      size=  53      nSHD_c=   3.1667      nSHD=   3.1667      tpr_c=   0.0189      change_adj_count=9      
2022-08-19 BST 23:14:52,567 - INFO -  epoch=   6      train_loss=  12.3489      val_loss=   8.7083      best=1      size=  53      nSHD_c=   3.0000      nSHD=   3.0000      tpr_c=   0.0566      change_adj_count=10      
2022-08-19 BST 23:14:52,909 - INFO -  epoch=   7      train_loss=  12.3952      val_loss=   8.1549      best=1      size=  56      nSHD_c=   3.0333      nSHD=   3.0333      tpr_c=   0.0714      change_adj_count=11      
2022-08-19 BST 23:15:19,876 - INFO -  epoch= 100      train_loss=  11.9248      val_loss=  66.5429      best=1      size=  54      nSHD_c=   2.2333      nSHD=   2.2333      tpr_c=   0.3333      change_adj_count=70      
2022-08-19 BST 23:15:46,119 - INFO -  epoch= 200      train_loss=  11.8838      val_loss=  55.7205      best=1      size=  54      nSHD_c=   2.2333      nSHD=   2.2333      tpr_c=   0.3333      change_adj_count=88      
2022-08-19 BST 23:16:14,807 - INFO -  epoch= 300      train_loss=  11.6454      val_loss=  58.4757      best=1      size=  53      nSHD_c=   2.2333      nSHD=   2.2000      tpr_c=   0.3208      change_adj_count=101      
2022-08-19 BST 23:16:42,703 - INFO -  epoch= 400      train_loss=  11.3351      val_loss=  51.8712      best=1      size=  53      nSHD_c=   2.2000      nSHD=   2.2000      tpr_c=   0.3396      change_adj_count=111      
2022-08-19 BST 23:17:11,360 - INFO -  epoch= 500      train_loss=  11.1117      val_loss=  49.3024      best=1      size=  53      nSHD_c=   2.2000      nSHD=   2.2000      tpr_c=   0.3396      change_adj_count=124      
2022-08-19 BST 23:17:39,128 - INFO -  epoch= 600      train_loss=  10.9731      val_loss=  44.6642      best=1      size=  53      nSHD_c=   2.2000      nSHD=   2.2000      tpr_c=   0.3396      change_adj_count=127      
2022-08-19 BST 23:18:08,746 - INFO -  epoch= 700      train_loss=  10.8068      val_loss=  43.6472      best=1      size=  53      nSHD_c=   2.2667      nSHD=   2.2667      tpr_c=   0.3208      change_adj_count=128      
2022-08-19 BST 23:18:35,542 - INFO -  epoch= 800      train_loss=  10.5526      val_loss=  39.7791      best=1      size=  53      nSHD_c=   2.2667      nSHD=   2.2667      tpr_c=   0.3208      change_adj_count=128      
2022-08-19 BST 23:19:03,442 - INFO -  epoch= 900      train_loss=  10.3152      val_loss=  37.7581      best=1      size=  53      nSHD_c=   2.2667      nSHD=   2.2667      tpr_c=   0.3208      change_adj_count=138      
2022-08-19 BST 23:19:32,290 - INFO -  epoch=1000      train_loss=  10.2441      val_loss=  36.1594      best=1      size=  53      nSHD_c=   2.2667      nSHD=   2.2667      tpr_c=   0.3208      change_adj_count=144      
2022-08-19 BST 23:19:32,291 - INFO - 

DAG 18: size_true=56	X.var()=17.9506
2022-08-19 BST 23:19:32,706 - INFO -  epoch=   1      train_loss=  16.8870      val_loss=  16.4932      best=1      size=  56      nSHD_c=   3.4667      nSHD=   3.4667      tpr_c=   0.0179      change_adj_count=5      
2022-08-19 BST 23:19:33,008 - INFO -  epoch=   2      train_loss=  15.1993      val_loss=  16.2278      best=1      size=  56      nSHD_c=   3.5000      nSHD=   3.5000      tpr_c=   0.0179      change_adj_count=6      
2022-08-19 BST 23:19:33,427 - INFO -  epoch=   3      train_loss=  14.2974      val_loss=  12.5189      best=1      size=  57      nSHD_c=   3.4000      nSHD=   3.4000      tpr_c=   0.0526      change_adj_count=7      
2022-08-19 BST 23:19:33,755 - INFO -  epoch=   4      train_loss=  13.8820      val_loss=   8.0351      best=1      size=  59      nSHD_c=   3.4000      nSHD=   3.4000      tpr_c=   0.0678      change_adj_count=8      
2022-08-19 BST 23:20:00,147 - INFO -  epoch= 100      train_loss=  12.7290      val_loss=  71.5204      best=1      size=  58      nSHD_c=   2.6333      nSHD=   2.5000      tpr_c=   0.2586      change_adj_count=78      
2022-08-19 BST 23:20:27,634 - INFO -  epoch= 200      train_loss=  12.2855      val_loss=  75.2504      best=1      size=  60      nSHD_c=   2.7000      nSHD=   2.5667      tpr_c=   0.2500      change_adj_count=130      
2022-08-19 BST 23:20:54,529 - INFO -  epoch= 300      train_loss=  11.9810      val_loss=  65.3897      best=1      size=  60      nSHD_c=   2.6000      nSHD=   2.5000      tpr_c=   0.2833      change_adj_count=150      
2022-08-19 BST 23:21:21,860 - INFO -  epoch= 400      train_loss=  11.6475      val_loss=  64.1076      best=1      size=  59      nSHD_c=   2.6667      nSHD=   2.5333      tpr_c=   0.2542      change_adj_count=154      
2022-08-19 BST 23:21:50,230 - INFO -  epoch= 500      train_loss=  11.2876      val_loss=  59.7947      best=1      size=  60      nSHD_c=   2.6333      nSHD=   2.5000      tpr_c=   0.2667      change_adj_count=180      
2022-08-19 BST 23:22:16,920 - INFO -  epoch= 600      train_loss=  11.1585      val_loss=  50.0553      best=1      size=  60      nSHD_c=   2.6333      nSHD=   2.5000      tpr_c=   0.2667      change_adj_count=189      
2022-08-19 BST 23:22:44,949 - INFO -  epoch= 700      train_loss=  10.8508      val_loss=  42.8177      best=1      size=  60      nSHD_c=   2.6333      nSHD=   2.5000      tpr_c=   0.2667      change_adj_count=193      
2022-08-19 BST 23:23:12,706 - INFO -  epoch= 800      train_loss=  10.5718      val_loss=  41.7994      best=1      size=  60      nSHD_c=   2.6333      nSHD=   2.5000      tpr_c=   0.2667      change_adj_count=202      
2022-08-19 BST 23:23:41,254 - INFO -  epoch= 900      train_loss=  10.2978      val_loss=  38.1531      best=1      size=  60      nSHD_c=   2.6333      nSHD=   2.5000      tpr_c=   0.2667      change_adj_count=214      
2022-08-19 BST 23:24:07,752 - INFO -  epoch=1000      train_loss=  10.0114      val_loss=  31.2653      best=1      size=  61      nSHD_c=   2.6667      nSHD=   2.5333      tpr_c=   0.2623      change_adj_count=225      
2022-08-19 BST 23:24:07,753 - INFO - 

DAG 19: size_true=57	X.var()=24.8142
2022-08-19 BST 23:24:08,058 - INFO -  epoch=   1      train_loss=  22.4650      val_loss=  21.7650      best=1      size=  59      nSHD_c=   3.3667      nSHD=   3.3333      tpr_c=   0.0847      change_adj_count=5      
2022-08-19 BST 23:24:08,296 - INFO -  epoch=   2      train_loss=  19.7965      val_loss=  17.6434      best=1      size=  61      nSHD_c=   3.4667      nSHD=   3.4333      tpr_c=   0.0820      change_adj_count=6      
2022-08-19 BST 23:24:08,532 - INFO -  epoch=   3      train_loss=  18.9343      val_loss=  18.1318      best=1      size=  57      nSHD_c=   3.2667      nSHD=   3.2333      tpr_c=   0.1053      change_adj_count=7      
2022-08-19 BST 23:24:08,851 - INFO -  epoch=   4      train_loss=  18.3267      val_loss=  15.5216      best=1      size=  59      nSHD_c=   3.4667      nSHD=   3.4667      tpr_c=   0.0847      change_adj_count=8      
2022-08-19 BST 23:24:09,225 - INFO -  epoch=   5      train_loss=  17.5630      val_loss=  16.5061      best=1      size=  57      nSHD_c=   3.5000      nSHD=   3.5000      tpr_c=   0.0526      change_adj_count=9      
2022-08-19 BST 23:24:35,895 - INFO -  epoch= 100      train_loss=  16.8490      val_loss= 133.1502      best=1      size=  57      nSHD_c=   2.9000      nSHD=   2.8333      tpr_c=   0.2105      change_adj_count=75      
2022-08-19 BST 23:25:04,474 - INFO -  epoch= 200      train_loss=  16.3424      val_loss= 127.8252      best=1      size=  57      nSHD_c=   2.9000      nSHD=   2.8333      tpr_c=   0.2105      change_adj_count=94      
2022-08-19 BST 23:25:32,608 - INFO -  epoch= 300      train_loss=  16.1521      val_loss= 118.5358      best=1      size=  57      nSHD_c=   2.9000      nSHD=   2.8333      tpr_c=   0.2105      change_adj_count=112      
2022-08-19 BST 23:25:59,355 - INFO -  epoch= 400      train_loss=  15.4226      val_loss= 112.5020      best=1      size=  56      nSHD_c=   2.8333      nSHD=   2.7667      tpr_c=   0.2321      change_adj_count=118      
2022-08-19 BST 23:26:25,023 - INFO -  epoch= 500      train_loss=  15.3730      val_loss=  89.9918      best=1      size=  56      nSHD_c=   2.8333      nSHD=   2.7667      tpr_c=   0.2321      change_adj_count=126      
2022-08-19 BST 23:26:52,714 - INFO -  epoch= 600      train_loss=  15.0234      val_loss=  91.5401      best=1      size=  56      nSHD_c=   2.7333      nSHD=   2.7000      tpr_c=   0.2679      change_adj_count=127      
2022-08-19 BST 23:27:22,612 - INFO -  epoch= 700      train_loss=  14.6544      val_loss=  74.8974      best=1      size=  55      nSHD_c=   2.7000      nSHD=   2.6667      tpr_c=   0.2727      change_adj_count=132      
2022-08-19 BST 23:27:49,922 - INFO -  epoch= 800      train_loss=  14.3406      val_loss=  73.2436      best=1      size=  55      nSHD_c=   2.7000      nSHD=   2.6667      tpr_c=   0.2727      change_adj_count=132      
2022-08-19 BST 23:28:18,637 - INFO -  epoch= 900      train_loss=  14.0157      val_loss=  69.1389      best=1      size=  55      nSHD_c=   2.7000      nSHD=   2.6667      tpr_c=   0.2727      change_adj_count=132      
2022-08-19 BST 23:28:45,752 - INFO -  epoch=1000      train_loss=  13.4860      val_loss=  55.4317      best=1      size=  55      nSHD_c=   2.7000      nSHD=   2.6667      tpr_c=   0.2727      change_adj_count=133      
2022-08-19 BST 23:28:45,753 - INFO - 

DAG 20: size_true=59	X.var()=201.6824
2022-08-19 BST 23:28:46,185 - INFO -  epoch=   1      train_loss= 185.4359      val_loss= 151.0092      best=1      size=  56      nSHD_c=   3.4333      nSHD=   3.3333      tpr_c=   0.0536      change_adj_count=5      
2022-08-19 BST 23:28:46,490 - INFO -  epoch=   2      train_loss= 155.6063      val_loss=  99.3371      best=1      size=  54      nSHD_c=   3.2333      nSHD=   3.2000      tpr_c=   0.1111      change_adj_count=6      
2022-08-19 BST 23:29:14,809 - INFO -  epoch= 100      train_loss=  89.0419      val_loss=2392.3242      best=1      size=  58      nSHD_c=   3.5667      nSHD=   3.5667      tpr_c=   0.0862      change_adj_count=36      
2022-08-19 BST 23:29:43,261 - INFO -  epoch= 200      train_loss=  79.6185      val_loss=1801.0810      best=1      size=  58      nSHD_c=   3.5000      nSHD=   3.5000      tpr_c=   0.1034      change_adj_count=45      
2022-08-19 BST 23:30:11,806 - INFO -  epoch= 300      train_loss=  70.7180      val_loss=1153.9989      best=1      size=  56      nSHD_c=   3.4000      nSHD=   3.3667      tpr_c=   0.1071      change_adj_count=51      
2022-08-19 BST 23:30:38,909 - INFO -  epoch= 400      train_loss=  62.8732      val_loss= 804.6975      best=1      size=  55      nSHD_c=   3.3333      nSHD=   3.2667      tpr_c=   0.1091      change_adj_count=58      
2022-08-19 BST 23:31:05,903 - INFO -  epoch= 500      train_loss=  57.1084      val_loss= 568.9165      best=1      size=  54      nSHD_c=   3.3000      nSHD=   3.2333      tpr_c=   0.1111      change_adj_count=60      
2022-08-19 BST 23:31:34,450 - INFO -  epoch= 600      train_loss=  52.0694      val_loss= 424.6958      best=1      size=  53      nSHD_c=   3.2667      nSHD=   3.2000      tpr_c=   0.1132      change_adj_count=61      
2022-08-19 BST 23:31:58,834 - INFO -  epoch= 700      train_loss=  49.6266      val_loss= 333.8522      best=1      size=  51      nSHD_c=   3.2000      nSHD=   3.1333      tpr_c=   0.1176      change_adj_count=63      
2022-08-19 BST 23:32:26,287 - INFO -  epoch= 800      train_loss=  47.1245      val_loss= 250.3207      best=1      size=  51      nSHD_c=   3.2000      nSHD=   3.1333      tpr_c=   0.1176      change_adj_count=63      
2022-08-19 BST 23:32:54,531 - INFO -  epoch= 900      train_loss=  42.7921      val_loss= 234.4145      best=1      size=  51      nSHD_c=   3.2000      nSHD=   3.1333      tpr_c=   0.1176      change_adj_count=65      
2022-08-19 BST 23:33:24,247 - INFO -  epoch=1000      train_loss=  39.6234      val_loss= 182.5416      best=1      size=  51      nSHD_c=   3.2000      nSHD=   3.1333      tpr_c=   0.1176      change_adj_count=65      
2022-08-19 BST 23:33:24,249 - INFO - 

DAG 21: size_true=57	X.var()=21.1204
2022-08-19 BST 23:33:24,630 - INFO -  epoch=   1      train_loss=  19.1606      val_loss=  18.4573      best=1      size=  56      nSHD_c=   3.4667      nSHD=   3.4667      tpr_c=   0.0536      change_adj_count=5      
2022-08-19 BST 23:33:24,937 - INFO -  epoch=   2      train_loss=  16.9950      val_loss=  17.0884      best=1      size=  57      nSHD_c=   3.3667      nSHD=   3.3667      tpr_c=   0.0702      change_adj_count=6      
2022-08-19 BST 23:33:25,220 - INFO -  epoch=   3      train_loss=  16.0176      val_loss=  16.9150      best=1      size=  56      nSHD_c=   3.3000      nSHD=   3.3333      tpr_c=   0.0893      change_adj_count=7      
2022-08-19 BST 23:33:25,459 - INFO -  epoch=   4      train_loss=  15.4278      val_loss=  14.7080      best=1      size=  58      nSHD_c=   3.4000      nSHD=   3.4000      tpr_c=   0.0690      change_adj_count=8      
2022-08-19 BST 23:33:25,699 - INFO -  epoch=   5      train_loss=  15.0331      val_loss=  11.7303      best=1      size=  59      nSHD_c=   3.3667      nSHD=   3.3667      tpr_c=   0.0847      change_adj_count=9      
2022-08-19 BST 23:33:51,863 - INFO -  epoch= 100      train_loss=  14.2361      val_loss= 131.6062      best=1      size=  55      nSHD_c=   2.8667      nSHD=   2.8333      tpr_c=   0.2000      change_adj_count=63      
2022-08-19 BST 23:34:20,536 - INFO -  epoch= 200      train_loss=  13.5870      val_loss= 114.1951      best=1      size=  54      nSHD_c=   2.8333      nSHD=   2.8000      tpr_c=   0.2037      change_adj_count=87      
2022-08-19 BST 23:34:48,090 - INFO -  epoch= 300      train_loss=  13.3514      val_loss= 111.9200      best=1      size=  54      nSHD_c=   2.8333      nSHD=   2.8000      tpr_c=   0.2037      change_adj_count=93      
2022-08-19 BST 23:35:15,607 - INFO -  epoch= 400      train_loss=  12.9066      val_loss=  93.6247      best=1      size=  54      nSHD_c=   2.8333      nSHD=   2.8000      tpr_c=   0.2037      change_adj_count=108      
2022-08-19 BST 23:35:43,767 - INFO -  epoch= 500      train_loss=  12.7145      val_loss=  94.9522      best=1      size=  53      nSHD_c=   2.8333      nSHD=   2.8000      tpr_c=   0.1887      change_adj_count=112      
2022-08-19 BST 23:36:10,855 - INFO -  epoch= 600      train_loss=  12.4619      val_loss=  80.9670      best=1      size=  53      nSHD_c=   2.8333      nSHD=   2.8000      tpr_c=   0.1887      change_adj_count=122      
2022-08-19 BST 23:36:37,954 - INFO -  epoch= 700      train_loss=  12.4878      val_loss=  70.2882      best=1      size=  53      nSHD_c=   2.8333      nSHD=   2.8000      tpr_c=   0.1887      change_adj_count=128      
2022-08-19 BST 23:37:05,011 - INFO -  epoch= 800      train_loss=  11.6990      val_loss=  70.5744      best=1      size=  53      nSHD_c=   2.8333      nSHD=   2.8000      tpr_c=   0.1887      change_adj_count=130      
2022-08-19 BST 23:37:31,741 - INFO -  epoch= 900      train_loss=  11.4245      val_loss=  61.7788      best=1      size=  53      nSHD_c=   2.8000      nSHD=   2.7667      tpr_c=   0.2075      change_adj_count=130      
2022-08-19 BST 23:37:59,780 - INFO -  epoch=1000      train_loss=  11.4232      val_loss=  51.5238      best=1      size=  53      nSHD_c=   2.8000      nSHD=   2.7667      tpr_c=   0.2075      change_adj_count=132      
2022-08-19 BST 23:37:59,782 - INFO - 

DAG 22: size_true=60	X.var()=129.8499
2022-08-19 BST 23:38:00,133 - INFO -  epoch=   1      train_loss= 118.5998      val_loss=  90.4795      best=1      size=  58      nSHD_c=   3.6333      nSHD=   3.6333      tpr_c=   0.0345      change_adj_count=5      
2022-08-19 BST 23:38:00,380 - INFO -  epoch=   2      train_loss= 103.4939      val_loss=  83.3280      best=1      size=  55      nSHD_c=   3.4333      nSHD=   3.4333      tpr_c=   0.0727      change_adj_count=6      
2022-08-19 BST 23:38:26,923 - INFO -  epoch= 100      train_loss=  61.8281      val_loss=1609.4993      best=1      size=  56      nSHD_c=   2.9667      nSHD=   2.9667      tpr_c=   0.2321      change_adj_count=38      
2022-08-19 BST 23:38:54,757 - INFO -  epoch= 200      train_loss=  58.9203      val_loss=1314.4695      best=1      size=  56      nSHD_c=   2.9667      nSHD=   2.9667      tpr_c=   0.2321      change_adj_count=38      
2022-08-19 BST 23:39:21,291 - INFO -  epoch= 300      train_loss=  50.7445      val_loss= 941.0595      best=1      size=  57      nSHD_c=   3.0000      nSHD=   3.0000      tpr_c=   0.2281      change_adj_count=43      
2022-08-19 BST 23:39:49,389 - INFO -  epoch= 400      train_loss=  46.7150      val_loss= 648.0247      best=1      size=  58      nSHD_c=   3.0000      nSHD=   2.9667      tpr_c=   0.2241      change_adj_count=48      
2022-08-19 BST 23:40:16,901 - INFO -  epoch= 500      train_loss=  43.0403      val_loss= 535.8283      best=1      size=  58      nSHD_c=   3.0000      nSHD=   2.9667      tpr_c=   0.2241      change_adj_count=50      
2022-08-19 BST 23:40:45,169 - INFO -  epoch= 600      train_loss=  39.4869      val_loss= 389.6690      best=1      size=  58      nSHD_c=   2.9667      nSHD=   2.9333      tpr_c=   0.2241      change_adj_count=53      
2022-08-19 BST 23:41:11,382 - INFO -  epoch= 700      train_loss=  36.1079      val_loss= 295.8729      best=1      size=  58      nSHD_c=   2.9667      nSHD=   2.9333      tpr_c=   0.2241      change_adj_count=53      
2022-08-19 BST 23:41:40,074 - INFO -  epoch= 800      train_loss=  34.2091      val_loss= 237.0375      best=1      size=  58      nSHD_c=   2.9333      nSHD=   2.8667      tpr_c=   0.2241      change_adj_count=59      
2022-08-19 BST 23:42:09,150 - INFO -  epoch= 900      train_loss=  31.8642      val_loss= 184.0330      best=1      size=  58      nSHD_c=   2.9333      nSHD=   2.8667      tpr_c=   0.2241      change_adj_count=59      
2022-08-19 BST 23:42:38,187 - INFO -  epoch=1000      train_loss=  29.9091      val_loss= 160.3437      best=1      size=  57      nSHD_c=   2.9667      nSHD=   2.9000      tpr_c=   0.2105      change_adj_count=60      
2022-08-19 BST 23:42:38,188 - INFO - 

DAG 23: size_true=49	X.var()=14.1269
2022-08-19 BST 23:42:38,470 - INFO -  epoch=   1      train_loss=  13.4453      val_loss=  12.9593      best=1      size=  57      nSHD_c=   3.2333      nSHD=   3.2333      tpr_c=   0.0526      change_adj_count=5      
2022-08-19 BST 23:42:38,888 - INFO -  epoch=   2      train_loss=  12.6212      val_loss=  12.2696      best=1      size=  57      nSHD_c=   3.2667      nSHD=   3.2000      tpr_c=   0.0175      change_adj_count=6      
2022-08-19 BST 23:42:39,178 - INFO -  epoch=   3      train_loss=  12.1187      val_loss=  11.9803      best=1      size=  58      nSHD_c=   3.3000      nSHD=   3.2333      tpr_c=   0.0172      change_adj_count=7      
2022-08-19 BST 23:42:39,504 - INFO -  epoch=   4      train_loss=  11.9565      val_loss=  11.0420      best=1      size=  59      nSHD_c=   3.3000      nSHD=   3.2000      tpr_c=   0.0169      change_adj_count=8      
2022-08-19 BST 23:42:39,749 - INFO -  epoch=   5      train_loss=  11.5635      val_loss=  11.1259      best=1      size=  56      nSHD_c=   3.1667      nSHD=   3.1000      tpr_c=   0.0357      change_adj_count=9      
2022-08-19 BST 23:42:40,015 - INFO -  epoch=   6      train_loss=  11.4493      val_loss=  10.1020      best=1      size=  54      nSHD_c=   3.0667      nSHD=   3.0333      tpr_c=   0.0556      change_adj_count=10      
2022-08-19 BST 23:42:40,722 - INFO -  epoch=   8      train_loss=  11.2709      val_loss=   7.6087      best=1      size=  58      nSHD_c=   3.0667      nSHD=   3.0333      tpr_c=   0.0862      change_adj_count=12      
2022-08-19 BST 23:43:05,751 - INFO -  epoch= 100      train_loss=  10.6414      val_loss=  65.8372      best=1      size=  57      nSHD_c=   2.0667      nSHD=   2.0000      tpr_c=   0.3684      change_adj_count=86      
2022-08-19 BST 23:43:35,102 - INFO -  epoch= 200      train_loss=  10.5216      val_loss=  55.8649      best=1      size=  57      nSHD_c=   1.9333      nSHD=   1.8667      tpr_c=   0.4035      change_adj_count=130      
2022-08-19 BST 23:44:02,442 - INFO -  epoch= 300      train_loss=  10.2304      val_loss=  47.7725      best=1      size=  57      nSHD_c=   1.9333      nSHD=   1.8000      tpr_c=   0.3860      change_adj_count=168      
2022-08-19 BST 23:44:28,946 - INFO -  epoch= 400      train_loss=   9.9126      val_loss=  46.3460      best=1      size=  56      nSHD_c=   1.8667      nSHD=   1.7000      tpr_c=   0.3929      change_adj_count=191      
2022-08-19 BST 23:44:56,802 - INFO -  epoch= 500      train_loss=   9.5290      val_loss=  40.4464      best=1      size=  56      nSHD_c=   1.8667      nSHD=   1.7000      tpr_c=   0.3929      change_adj_count=207      
2022-08-19 BST 23:45:24,381 - INFO -  epoch= 600      train_loss=   9.3625      val_loss=  39.7894      best=1      size=  54      nSHD_c=   1.9000      nSHD=   1.7667      tpr_c=   0.3889      change_adj_count=227      
2022-08-19 BST 23:45:51,109 - INFO -  epoch= 700      train_loss=   9.2041      val_loss=  37.0071      best=1      size=  54      nSHD_c=   1.9000      nSHD=   1.7667      tpr_c=   0.3889      change_adj_count=238      
2022-08-19 BST 23:46:18,445 - INFO -  epoch= 800      train_loss=   8.9546      val_loss=  32.3839      best=1      size=  55      nSHD_c=   1.9000      nSHD=   1.7333      tpr_c=   0.3818      change_adj_count=251      
2022-08-19 BST 23:46:44,560 - INFO -  epoch= 900      train_loss=   8.8296      val_loss=  28.6749      best=1      size=  55      nSHD_c=   1.8667      nSHD=   1.6667      tpr_c=   0.3818      change_adj_count=267      
2022-08-19 BST 23:47:13,226 - INFO -  epoch=1000      train_loss=   8.5368      val_loss=  25.4783      best=1      size=  54      nSHD_c=   1.9000      nSHD=   1.7667      tpr_c=   0.3889      change_adj_count=276      
2022-08-19 BST 23:47:13,227 - INFO - 
last_mean_nshd_c=2.7125
2022-08-19 BST 23:47:13,227 - INFO - 
Time taken 1:50:55 (h:mm:ss)
2022-08-19 BST 23:47:13,227 - INFO - 
End of log for run 2022-08-19_BST_21:56:17,760_l_66_4hps_154
