2022-09-01 BST 23:26:35,424 - INFO - 
Log for run 2022-09-01_BST_23:26:35,320_stoch_ste_l_84_006

2022-09-01 BST 23:26:35,424 - INFO - COMMENT = 'For Optuna on STE'
2022-09-01 BST 23:26:35,424 - INFO - DATA_FOLDER = '../data'
2022-09-01 BST 23:26:35,424 - INFO - LATENTS_FOLDER = '../latents'
2022-09-01 BST 23:26:35,424 - INFO - LOGS_FOLDER = '../logs'
2022-09-01 BST 23:26:35,425 - INFO - MODEL_FOLDER = '../models'
2022-09-01 BST 23:26:35,425 - INFO - RESULTS_FOLDER = '../results'
2022-09-01 BST 23:26:35,425 - INFO - DEVICE = torch.device("cuda" if torch.cuda.is_available() else "cpu")  # Used: "cuda"
2022-09-01 BST 23:26:35,425 - INFO - LATENTS = False
2022-09-01 BST 23:26:35,425 - INFO - MATRIX_REPORT = False
2022-09-01 BST 23:26:35,425 - INFO - LABEL = True
2022-09-01 BST 23:26:35,425 - INFO - SAVE_TO_ODS = False
2022-09-01 BST 23:26:35,425 - INFO - VAL_LOSS_FROM_DAG = True
2022-09-01 BST 23:26:35,425 - INFO - WANDB = False
2022-09-01 BST 23:26:35,425 - INFO - WANDB_PROJECT = 'Thetas'
2022-09-01 BST 23:26:35,425 - INFO - GRAD_LOG = False
2022-09-01 BST 23:26:35,425 - INFO - SAVE_RESULTS = False
2022-09-01 BST 23:26:35,425 - INFO - N_TRIALS = 1
2022-09-01 BST 23:26:35,425 - INFO - LOAD_OPTUNA_STUDY = None
2022-09-01 BST 23:26:35,425 - INFO - OPTUNA_STRINGS = {'None': None, 'True': True, 'False': False}
2022-09-01 BST 23:26:35,425 - INFO - TQDM = False
2022-09-01 BST 23:26:35,426 - INFO - 
hyperparameters = {
2022-09-01 BST 23:26:35,426 - INFO - 	'GRAPH_TYPE': 'ER2',
2022-09-01 BST 23:26:35,426 - INFO - 	'D': 30,
2022-09-01 BST 23:26:35,426 - INFO - 	'MAX_SIZE': 84,
2022-09-01 BST 23:26:35,426 - INFO - 	'SEM_NOISE': 'gaussian_ev',
2022-09-01 BST 23:26:35,426 - INFO - 	'N': 1200,
2022-09-01 BST 23:26:35,426 - INFO - 	'VAL': 0.16666666666666666,
2022-09-01 BST 23:26:35,426 - INFO - 	'N_EPOCHS': 1000,
2022-09-01 BST 23:26:35,426 - INFO - 	'BATCH_SIZE': None,
2022-09-01 BST 23:26:35,426 - INFO - 	'LOG2_BATCH_SIZE': 4,
2022-09-01 BST 23:26:35,426 - INFO - 	'BATCH_SHUFFLE': True,
2022-09-01 BST 23:26:35,426 - INFO - 	'N_SAMPLES': 10,
2022-09-01 BST 23:26:35,426 - INFO - 	'MODE': 'max_dag_test_only',
2022-09-01 BST 23:26:35,426 - INFO - 	'AFAS_SCHEDULER': None,
2022-09-01 BST 23:26:35,426 - INFO - 	'MINIZINC_SOLVER': None,
2022-09-01 BST 23:26:35,426 - INFO - 	'f_LINEAR_LAYERS': (),
2022-09-01 BST 23:26:35,426 - INFO - 	'f_BIAS': False,
2022-09-01 BST 23:26:35,426 - INFO - 	'p_LAYER': 'STE',
2022-09-01 BST 23:26:35,427 - INFO - 	'STREAMLINE': False,
2022-09-01 BST 23:26:35,427 - INFO - 	'THRESHOLD': 0.0,
2022-09-01 BST 23:26:35,427 - INFO - 	'h_LINEAR_LAYERS': (),
2022-09-01 BST 23:26:35,427 - INFO - 	'h_NULL': 0.0216881787013694,
2022-09-01 BST 23:26:35,427 - INFO - 	'h_LR': 0.000113389232350646,
2022-09-01 BST 23:26:35,427 - INFO - 	'h_OPTIMIZER': 'torch.optim.Adam(overall_net.h_net.parameters(), lr=h.h_LR)',
2022-09-01 BST 23:26:35,427 - INFO - 	'f_LR': 0.0123204369681095,
2022-09-01 BST 23:26:35,427 - INFO - 	'f_OPTIMIZER': 'torch.optim.Adam(overall_net.f_net.parameters(), lr=h.f_LR)',
2022-09-01 BST 23:26:35,427 - INFO - 	'NOISE_TEMPERATURE': 0.177138167187175,
2022-09-01 BST 23:26:35,427 - INFO - 	'NOISE_DISTRIBUTION': 'LogisticNoiseDistribution()',
2022-09-01 BST 23:26:35,427 - INFO - 	'LAMBDA': 1,
2022-09-01 BST 23:26:35,427 - INFO - 	'LOSS_FN': 'torch.nn.MSELoss()',
2022-09-01 BST 23:26:35,427 - INFO - 	'ALPHA': None,
2022-09-01 BST 23:26:35,427 - INFO - 	'BETA': None,
2022-09-01 BST 23:26:35,427 - INFO - 	'REGULARIZER': None,
2022-09-01 BST 23:26:35,427 - INFO - 	'z_RHO': 0.410122763411552,
2022-09-01 BST 23:26:35,427 - INFO - 	'z_MU': 0.0102343788252807,
2022-09-01 BST 23:26:35,427 - INFO - 	'z_REGULARIZER': 'NoTearsZRegularizer(h.D, h.z_RHO, h.z_MU, c.DEVICE)',
2022-09-01 BST 23:26:35,428 - INFO - 	'LR_SCHEDULER': None,
2022-09-01 BST 23:26:35,428 - INFO - 	'DATA_CATEGORY': 'big',
2022-09-01 BST 23:26:35,428 - INFO - 	'DAGS': '000'
2022-09-01 BST 23:26:35,428 - INFO - }

2022-09-01 BST 23:26:36,853 - INFO - 

DAG 0: size_true=53	X.var()=64.0950
2022-09-01 BST 23:33:45,601 - INFO -  epoch=1000      train_loss=   1.8398      val_loss=   1.7699      best=1      size=  62      nSHD_c=   1.5333      nSHD=   1.5000      tpr_c=   0.5323      change_adj_count=128      
2022-09-01 BST 23:33:45,602 - INFO - 

DAG 1: size_true=54	X.var()=18.0033
2022-09-01 BST 23:40:53,522 - INFO -  epoch=1000      train_loss=   1.4258      val_loss=   1.0779      best=1      size=  55      nSHD_c=   0.3667      nSHD=   0.3333      tpr_c=   0.8727      change_adj_count=107      
2022-09-01 BST 23:40:53,524 - INFO - 

DAG 2: size_true=51	X.var()=52.8714
2022-09-01 BST 23:48:02,109 - INFO -  epoch=1000      train_loss=   1.3409      val_loss=   1.0374      best=1      size=  51      nSHD_c=   0.0667      nSHD=   0.0667      tpr_c=   0.9804      change_adj_count=84      
2022-09-01 BST 23:48:02,110 - INFO - 

DAG 3: size_true=59	X.var()=57.0164
2022-09-01 BST 23:55:11,253 - INFO -  epoch=1000      train_loss=   1.7773      val_loss=   1.3906      best=1      size=  57      nSHD_c=   0.7667      nSHD=   0.7333      tpr_c=   0.7895      change_adj_count=126      
2022-09-01 BST 23:55:11,254 - INFO - 

DAG 4: size_true=46	X.var()=20.0969
2022-09-02 BST 00:02:15,448 - INFO -  epoch=1000      train_loss=   1.3304      val_loss=   1.0305      best=1      size=  48      nSHD_c=   0.3000      nSHD=   0.3333      tpr_c=   0.8750      change_adj_count=98      
2022-09-02 BST 00:02:15,450 - INFO - 

DAG 5: size_true=71	X.var()=46.6347
2022-09-02 BST 00:09:19,301 - INFO -  epoch=1000      train_loss=   1.4681      val_loss=   1.0444      best=1      size=  66      nSHD_c=   0.4000      nSHD=   0.4000      tpr_c=   0.9394      change_adj_count=117      
2022-09-02 BST 00:09:19,303 - INFO - 

DAG 6: size_true=56	X.var()=33.6011
2022-09-02 BST 00:16:32,647 - INFO -  epoch=1000      train_loss=   1.6173      val_loss=   1.2884      best=1      size=  58      nSHD_c=   0.9333      nSHD=   0.9000      tpr_c=   0.7069      change_adj_count=117      
2022-09-02 BST 00:16:32,648 - INFO - 

DAG 7: size_true=64	X.var()=445.8708
2022-09-02 BST 00:23:41,816 - INFO -  epoch=1000      train_loss=   1.8626      val_loss=   1.5865      best=1      size=  65      nSHD_c=   1.2667      nSHD=   1.2667      tpr_c=   0.6923      change_adj_count=162      
2022-09-02 BST 00:23:41,817 - INFO - 

DAG 8: size_true=56	X.var()=61.2067
2022-09-02 BST 00:30:25,815 - INFO -  epoch=1000      train_loss=   1.5448      val_loss=   1.1598      best=1      size=  56      nSHD_c=   0.5333      nSHD=   0.5333      tpr_c=   0.8571      change_adj_count=107      
2022-09-02 BST 00:30:25,816 - INFO - 

DAG 9: size_true=51	X.var()=9.8351
2022-09-02 BST 00:37:20,703 - INFO -  epoch=1000      train_loss=   1.3183      val_loss=   1.0416      best=1      size=  49      nSHD_c=   0.1333      nSHD=   0.1333      tpr_c=   0.9796      change_adj_count=67      
2022-09-02 BST 00:37:20,705 - INFO - 

DAG 10: size_true=62	X.var()=29.1091
2022-09-02 BST 00:44:18,013 - INFO -  epoch=1000      train_loss=   1.5831      val_loss=   1.2372      best=1      size=  58      nSHD_c=   0.9000      nSHD=   0.9000      tpr_c=   0.7931      change_adj_count=103      
2022-09-02 BST 00:44:18,014 - INFO - 

DAG 11: size_true=62	X.var()=23.3308
2022-09-02 BST 00:51:07,344 - INFO -  epoch=1000      train_loss=   1.4762      val_loss=   1.1022      best=1      size=  61      nSHD_c=   0.3667      nSHD=   0.3667      tpr_c=   0.9180      change_adj_count=118      
2022-09-02 BST 00:51:07,345 - INFO - 

DAG 12: size_true=57	X.var()=25.2445
2022-09-02 BST 00:57:56,723 - INFO -  epoch=1000      train_loss=   1.6795      val_loss=   1.3475      best=1      size=  57      nSHD_c=   1.0000      nSHD=   1.0000      tpr_c=   0.7368      change_adj_count=108      
2022-09-02 BST 00:57:56,724 - INFO - 

DAG 13: size_true=66	X.var()=78.0370
2022-09-02 BST 01:04:52,017 - INFO -  epoch=1000      train_loss=   1.9467      val_loss=   1.5064      best=1      size=  66      nSHD_c=   1.1333      nSHD=   1.1333      tpr_c=   0.7273      change_adj_count=156      
2022-09-02 BST 01:04:52,018 - INFO - 

DAG 14: size_true=43	X.var()=17.6479
2022-09-02 BST 01:11:37,047 - INFO -  epoch=1000      train_loss=   1.3178      val_loss=   1.1961      best=1      size=  42      nSHD_c=   0.6000      nSHD=   0.5333      tpr_c=   0.7619      change_adj_count=93      
2022-09-02 BST 01:11:37,048 - INFO - 

DAG 15: size_true=56	X.var()=19.7208
2022-09-02 BST 01:18:24,937 - INFO -  epoch=1000      train_loss=   1.5131      val_loss=   1.2410      best=1      size=  54      nSHD_c=   0.7333      nSHD=   0.7000      tpr_c=   0.7963      change_adj_count=119      
2022-09-02 BST 01:18:24,938 - INFO - 

DAG 16: size_true=58	X.var()=22.3043
2022-09-02 BST 01:25:10,687 - INFO -  epoch=1000      train_loss=   1.4515      val_loss=   1.1028      best=1      size=  60      nSHD_c=   0.5333      nSHD=   0.4667      tpr_c=   0.8333      change_adj_count=107      
2022-09-02 BST 01:25:10,688 - INFO - 

DAG 17: size_true=62	X.var()=41.4511
2022-09-02 BST 01:31:59,429 - INFO -  epoch=1000      train_loss=   1.5540      val_loss=   1.2231      best=1      size=  59      nSHD_c=   1.0667      nSHD=   1.0000      tpr_c=   0.7288      change_adj_count=115      
2022-09-02 BST 01:31:59,430 - INFO - 

DAG 18: size_true=54	X.var()=39.0733
2022-09-02 BST 01:38:45,910 - INFO -  epoch=1000      train_loss=   1.3756      val_loss=   1.0327      best=1      size=  52      nSHD_c=   0.1333      nSHD=   0.1333      tpr_c=   0.9808      change_adj_count=112      
2022-09-02 BST 01:38:45,911 - INFO - 

DAG 19: size_true=60	X.var()=48.6541
2022-09-02 BST 01:45:36,540 - INFO -  epoch=1000      train_loss=   1.5900      val_loss=   1.2247      best=1      size=  60      nSHD_c=   0.8333      nSHD=   0.8000      tpr_c=   0.7667      change_adj_count=112      
2022-09-02 BST 01:45:36,541 - INFO - 

DAG 20: size_true=53	X.var()=68.3311
2022-09-02 BST 01:52:27,431 - INFO -  epoch=1000      train_loss=   1.4571      val_loss=   1.1854      best=1      size=  57      nSHD_c=   0.9000      nSHD=   0.8667      tpr_c=   0.7018      change_adj_count=114      
2022-09-02 BST 01:52:27,432 - INFO - 

DAG 21: size_true=60	X.var()=156.8093
2022-09-02 BST 01:59:20,519 - INFO -  epoch=1000      train_loss=   1.8944      val_loss=   1.5647      best=1      size=  66      nSHD_c=   1.2333      nSHD=   1.2000      tpr_c=   0.6515      change_adj_count=166      
2022-09-02 BST 01:59:20,520 - INFO - 

DAG 22: size_true=60	X.var()=33.9422
2022-09-02 BST 02:06:04,527 - INFO -  epoch=1000      train_loss=   1.5718      val_loss=   1.1883      best=1      size=  59      nSHD_c=   0.8000      nSHD=   0.7333      tpr_c=   0.7797      change_adj_count=105      
2022-09-02 BST 02:06:04,529 - INFO - 

DAG 23: size_true=56	X.var()=19.4415
2022-09-02 BST 02:12:53,027 - INFO -  epoch=1000      train_loss=   1.4671      val_loss=   1.1776      best=1      size=  53      nSHD_c=   0.3667      nSHD=   0.3000      tpr_c=   0.9057      change_adj_count=81      
2022-09-02 BST 02:12:53,028 - INFO - 
last_mean_nshd_c=0.7042
2022-09-02 BST 02:12:53,028 - INFO - 
Time taken 2:46:18 (h:mm:ss)
2022-09-02 BST 02:12:53,028 - INFO - 
End of log for run 2022-09-01_BST_23:26:35,320_stoch_ste_l_84_006
