2022-08-30 BST 13:01:41,322 - INFO - 
Log for run 2022-08-30_BST_13:01:41,279_stoch_ste_l_84_001

2022-08-30 BST 13:01:41,323 - INFO - COMMENT = 'For Optuna on STE'
2022-08-30 BST 13:01:41,323 - INFO - DATA_FOLDER = '../data'
2022-08-30 BST 13:01:41,323 - INFO - LATENTS_FOLDER = '../latents'
2022-08-30 BST 13:01:41,323 - INFO - LOGS_FOLDER = '../logs'
2022-08-30 BST 13:01:41,323 - INFO - MODEL_FOLDER = '../models'
2022-08-30 BST 13:01:41,323 - INFO - RESULTS_FOLDER = '../results'
2022-08-30 BST 13:01:41,323 - INFO - DEVICE = torch.device("cuda" if torch.cuda.is_available() else "cpu")  # Used: "cuda"
2022-08-30 BST 13:01:41,323 - INFO - LATENTS = False
2022-08-30 BST 13:01:41,323 - INFO - MATRIX_REPORT = False
2022-08-30 BST 13:01:41,323 - INFO - LABEL = True
2022-08-30 BST 13:01:41,323 - INFO - SAVE_TO_ODS = False
2022-08-30 BST 13:01:41,324 - INFO - VAL_LOSS_FROM_DAG = True
2022-08-30 BST 13:01:41,324 - INFO - WANDB = False
2022-08-30 BST 13:01:41,324 - INFO - WANDB_PROJECT = 'Thetas'
2022-08-30 BST 13:01:41,324 - INFO - GRAD_LOG = False
2022-08-30 BST 13:01:41,324 - INFO - SAVE_RESULTS = False
2022-08-30 BST 13:01:41,324 - INFO - N_TRIALS = 1
2022-08-30 BST 13:01:41,324 - INFO - LOAD_OPTUNA_STUDY = None
2022-08-30 BST 13:01:41,324 - INFO - OPTUNA_STRINGS = {'None': None, 'True': True, 'False': False}
2022-08-30 BST 13:01:41,324 - INFO - TQDM = False
2022-08-30 BST 13:01:41,324 - INFO - 
hyperparameters = {
2022-08-30 BST 13:01:41,324 - INFO - 	'GRAPH_TYPE': 'ER2',
2022-08-30 BST 13:01:41,324 - INFO - 	'D': 30,
2022-08-30 BST 13:01:41,324 - INFO - 	'MAX_SIZE': 84,
2022-08-30 BST 13:01:41,324 - INFO - 	'SEM_NOISE': 'gaussian_ev',
2022-08-30 BST 13:01:41,324 - INFO - 	'N': 1200,
2022-08-30 BST 13:01:41,324 - INFO - 	'VAL': 0.16666666666666666,
2022-08-30 BST 13:01:41,324 - INFO - 	'N_EPOCHS': 1000,
2022-08-30 BST 13:01:41,324 - INFO - 	'BATCH_SIZE': None,
2022-08-30 BST 13:01:41,324 - INFO - 	'LOG2_BATCH_SIZE': 4,
2022-08-30 BST 13:01:41,325 - INFO - 	'BATCH_SHUFFLE': True,
2022-08-30 BST 13:01:41,325 - INFO - 	'N_SAMPLES': 10,
2022-08-30 BST 13:01:41,325 - INFO - 	'MODE': 'max_dag_test_only',
2022-08-30 BST 13:01:41,325 - INFO - 	'AFAS_SCHEDULER': None,
2022-08-30 BST 13:01:41,325 - INFO - 	'MINIZINC_SOLVER': None,
2022-08-30 BST 13:01:41,325 - INFO - 	'f_LINEAR_LAYERS': (),
2022-08-30 BST 13:01:41,325 - INFO - 	'f_BIAS': False,
2022-08-30 BST 13:01:41,325 - INFO - 	'p_LAYER': 'STE',
2022-08-30 BST 13:01:41,325 - INFO - 	'STREAMLINE': False,
2022-08-30 BST 13:01:41,325 - INFO - 	'THRESHOLD': 0.0,
2022-08-30 BST 13:01:41,325 - INFO - 	'h_LINEAR_LAYERS': (),
2022-08-30 BST 13:01:41,325 - INFO - 	'h_NULL': 0.0216881787013694,
2022-08-30 BST 13:01:41,325 - INFO - 	'h_LR': 0.000113389232350646,
2022-08-30 BST 13:01:41,325 - INFO - 	'h_OPTIMIZER': 'torch.optim.Adam(overall_net.h_net.parameters(), lr=h.h_LR)',
2022-08-30 BST 13:01:41,325 - INFO - 	'f_LR': 0.0123204369681095,
2022-08-30 BST 13:01:41,325 - INFO - 	'f_OPTIMIZER': 'torch.optim.Adam(overall_net.f_net.parameters(), lr=h.f_LR)',
2022-08-30 BST 13:01:41,325 - INFO - 	'NOISE_TEMPERATURE': 0.177138167187175,
2022-08-30 BST 13:01:41,325 - INFO - 	'NOISE_DISTRIBUTION': 'LogisticNoiseDistribution()',
2022-08-30 BST 13:01:41,325 - INFO - 	'LAMBDA': 1,
2022-08-30 BST 13:01:41,325 - INFO - 	'LOSS_FN': 'torch.nn.MSELoss()',
2022-08-30 BST 13:01:41,325 - INFO - 	'ALPHA': None,
2022-08-30 BST 13:01:41,326 - INFO - 	'BETA': None,
2022-08-30 BST 13:01:41,326 - INFO - 	'REGULARIZER': None,
2022-08-30 BST 13:01:41,326 - INFO - 	'z_RHO': 0.410122763411552,
2022-08-30 BST 13:01:41,326 - INFO - 	'z_MU': 0.0102343788252807,
2022-08-30 BST 13:01:41,326 - INFO - 	'z_REGULARIZER': 'NoTearsZRegularizer(h.D, h.z_RHO, h.z_MU, c.DEVICE)',
2022-08-30 BST 13:01:41,326 - INFO - 	'LR_SCHEDULER': None,
2022-08-30 BST 13:01:41,326 - INFO - 	'DATA_CATEGORY': 'big',
2022-08-30 BST 13:01:41,326 - INFO - 	'DAGS': '000'
2022-08-30 BST 13:01:41,326 - INFO - }

2022-08-30 BST 13:01:49,092 - INFO - 

DAG 0: size_true=53	X.var()=64.0950
2022-08-30 BST 13:08:36,108 - INFO -  epoch=1000      train_loss=   1.9525      val_loss=   1.5623      best=1      size=  63      nSHD_c=   1.4667      nSHD=   1.4667      tpr_c=   0.5556      change_adj_count=131      
2022-08-30 BST 13:08:36,110 - INFO - 

DAG 1: size_true=54	X.var()=18.0033
2022-08-30 BST 13:15:14,736 - INFO -  epoch=1000      train_loss=   1.4382      val_loss=   1.0627      best=1      size=  55      nSHD_c=   0.3667      nSHD=   0.3333      tpr_c=   0.8727      change_adj_count=101      
2022-08-30 BST 13:15:14,737 - INFO - 

DAG 2: size_true=51	X.var()=52.8714
2022-08-30 BST 13:21:53,614 - INFO -  epoch=1000      train_loss=   1.3301      val_loss=   1.0431      best=1      size=  51      nSHD_c=   0.0667      nSHD=   0.0667      tpr_c=   0.9804      change_adj_count=90      
2022-08-30 BST 13:21:53,615 - INFO - 

DAG 3: size_true=59	X.var()=57.0164
2022-08-30 BST 13:28:38,649 - INFO -  epoch=1000      train_loss=   1.6755      val_loss=   1.3573      best=1      size=  56      nSHD_c=   0.7333      nSHD=   0.7000      tpr_c=   0.8036      change_adj_count=120      
2022-08-30 BST 13:28:38,650 - INFO - 

DAG 4: size_true=46	X.var()=20.0969
2022-08-30 BST 13:35:13,033 - INFO -  epoch=1000      train_loss=   1.3287      val_loss=   1.0475      best=1      size=  48      nSHD_c=   0.3000      nSHD=   0.3333      tpr_c=   0.8750      change_adj_count=94      
2022-08-30 BST 13:35:13,034 - INFO - 

DAG 5: size_true=71	X.var()=46.6347
2022-08-30 BST 13:41:58,747 - INFO -  epoch=1000      train_loss=   1.4968      val_loss=   1.0811      best=1      size=  66      nSHD_c=   0.4333      nSHD=   0.4333      tpr_c=   0.9394      change_adj_count=107      
2022-08-30 BST 13:41:58,748 - INFO - 

DAG 6: size_true=56	X.var()=33.6011
2022-08-30 BST 13:48:33,894 - INFO -  epoch=1000      train_loss=   1.5836      val_loss=   1.2834      best=1      size=  58      nSHD_c=   0.9333      nSHD=   0.9000      tpr_c=   0.7069      change_adj_count=121      
2022-08-30 BST 13:48:33,895 - INFO - 

DAG 7: size_true=64	X.var()=445.8708
2022-08-30 BST 13:55:21,208 - INFO -  epoch=1000      train_loss=   1.6652      val_loss=   1.3875      best=1      size=  68      nSHD_c=   1.1667      nSHD=   1.1667      tpr_c=   0.7059      change_adj_count=162      
2022-08-30 BST 13:55:21,209 - INFO - 

DAG 8: size_true=56	X.var()=61.2067
2022-08-30 BST 14:01:59,898 - INFO -  epoch=1000      train_loss=   1.5429      val_loss=   1.1601      best=1      size=  56      nSHD_c=   0.5333      nSHD=   0.5333      tpr_c=   0.8571      change_adj_count=106      
2022-08-30 BST 14:01:59,899 - INFO - 

DAG 9: size_true=51	X.var()=9.8351
2022-08-30 BST 14:08:27,989 - INFO -  epoch=1000      train_loss=   1.3117      val_loss=   1.0314      best=1      size=  49      nSHD_c=   0.1333      nSHD=   0.1333      tpr_c=   0.9796      change_adj_count=65      
2022-08-30 BST 14:08:27,990 - INFO - 

DAG 10: size_true=62	X.var()=29.1091
2022-08-30 BST 14:15:08,494 - INFO -  epoch=1000      train_loss=   1.5224      val_loss=   1.2258      best=1      size=  58      nSHD_c=   0.9000      nSHD=   0.9000      tpr_c=   0.7931      change_adj_count=107      
2022-08-30 BST 14:15:08,495 - INFO - 

DAG 11: size_true=62	X.var()=23.3308
2022-08-30 BST 14:21:46,693 - INFO -  epoch=1000      train_loss=   1.4708      val_loss=   1.1190      best=1      size=  60      nSHD_c=   0.4000      nSHD=   0.4000      tpr_c=   0.9167      change_adj_count=105      
2022-08-30 BST 14:21:46,694 - INFO - 

DAG 12: size_true=57	X.var()=25.2445
2022-08-30 BST 14:28:22,455 - INFO -  epoch=1000      train_loss=   1.6195      val_loss=   1.2947      best=1      size=  56      nSHD_c=   0.9000      nSHD=   0.9000      tpr_c=   0.7679      change_adj_count=112      
2022-08-30 BST 14:28:22,456 - INFO - 

DAG 13: size_true=66	X.var()=78.0370
2022-08-30 BST 14:35:09,939 - INFO -  epoch=1000      train_loss=   1.8651      val_loss=   1.4827      best=1      size=  65      nSHD_c=   1.1000      nSHD=   1.1000      tpr_c=   0.7385      change_adj_count=146      
2022-08-30 BST 14:35:09,940 - INFO - 

DAG 14: size_true=43	X.var()=17.6479
2022-08-30 BST 14:41:47,902 - INFO -  epoch=1000      train_loss=   1.3260      val_loss=   1.3905      best=1      size=  42      nSHD_c=   0.6333      nSHD=   0.5667      tpr_c=   0.7381      change_adj_count=91      
2022-08-30 BST 14:41:47,903 - INFO - 

DAG 15: size_true=56	X.var()=19.7208
2022-08-30 BST 14:48:26,888 - INFO -  epoch=1000      train_loss=   1.5373      val_loss=   1.2913      best=1      size=  52      nSHD_c=   0.6667      nSHD=   0.6333      tpr_c=   0.8269      change_adj_count=121      
2022-08-30 BST 14:48:26,889 - INFO - 

DAG 16: size_true=58	X.var()=22.3043
2022-08-30 BST 14:55:01,851 - INFO -  epoch=1000      train_loss=   1.3826      val_loss=   1.0691      best=1      size=  56      nSHD_c=   0.2667      nSHD=   0.2000      tpr_c=   0.9286      change_adj_count=138      
2022-08-30 BST 14:55:01,891 - INFO - 

DAG 17: size_true=62	X.var()=41.4511
2022-08-30 BST 15:01:45,496 - INFO -  epoch=1000      train_loss=   1.5829      val_loss=   1.2074      best=1      size=  60      nSHD_c=   1.1000      nSHD=   1.0333      tpr_c=   0.7167      change_adj_count=110      
2022-08-30 BST 15:01:45,497 - INFO - 

DAG 18: size_true=54	X.var()=39.0733
2022-08-30 BST 15:08:21,614 - INFO -  epoch=1000      train_loss=   1.3506      val_loss=   1.0474      best=1      size=  52      nSHD_c=   0.1333      nSHD=   0.1333      tpr_c=   0.9808      change_adj_count=106      
2022-08-30 BST 15:08:21,615 - INFO - 

DAG 19: size_true=60	X.var()=48.6541
2022-08-30 BST 15:15:02,729 - INFO -  epoch=1000      train_loss=   1.5520      val_loss=   1.2329      best=1      size=  60      nSHD_c=   0.9000      nSHD=   0.8667      tpr_c=   0.7500      change_adj_count=107      
2022-08-30 BST 15:15:02,730 - INFO - 

DAG 20: size_true=53	X.var()=68.3311
2022-08-30 BST 15:21:42,688 - INFO -  epoch=1000      train_loss=   1.4695      val_loss=   1.1695      best=1      size=  57      nSHD_c=   0.9000      nSHD=   0.8667      tpr_c=   0.7018      change_adj_count=109      
2022-08-30 BST 15:21:42,689 - INFO - 

DAG 21: size_true=60	X.var()=156.8093
2022-08-30 BST 15:28:23,262 - INFO -  epoch=1000      train_loss=   1.9707      val_loss=   1.4832      best=1      size=  67      nSHD_c=   1.2667      nSHD=   1.2333      tpr_c=   0.6418      change_adj_count=179      
2022-08-30 BST 15:28:23,263 - INFO - 

DAG 22: size_true=60	X.var()=33.9422
2022-08-30 BST 15:35:02,316 - INFO -  epoch=1000      train_loss=   1.5370      val_loss=   1.1860      best=1      size=  59      nSHD_c=   0.7333      nSHD=   0.6667      tpr_c=   0.7966      change_adj_count=109      
2022-08-30 BST 15:35:02,317 - INFO - 

DAG 23: size_true=56	X.var()=19.4415
2022-08-30 BST 15:41:44,352 - INFO -  epoch=1000      train_loss=   1.4687      val_loss=   1.1739      best=1      size=  53      nSHD_c=   0.3667      nSHD=   0.3000      tpr_c=   0.9057      change_adj_count=82      
2022-08-30 BST 15:41:44,353 - INFO - 
last_mean_nshd_c=0.6833
2022-08-30 BST 15:41:44,353 - INFO - 
Time taken 2:40:03 (h:mm:ss)
2022-08-30 BST 15:41:44,354 - INFO - 
End of log for run 2022-08-30_BST_13:01:41,279_stoch_ste_l_84_001
