2022-09-01 BST 21:59:33,009 - INFO - 
Log for run 2022-09-01_BST_21:59:32,946_stoch_ste_l_84_008

2022-09-01 BST 21:59:33,010 - INFO - COMMENT = 'For Optuna on STE'
2022-09-01 BST 21:59:33,010 - INFO - DATA_FOLDER = '../data'
2022-09-01 BST 21:59:33,010 - INFO - LATENTS_FOLDER = '../latents'
2022-09-01 BST 21:59:33,010 - INFO - LOGS_FOLDER = '../logs'
2022-09-01 BST 21:59:33,010 - INFO - MODEL_FOLDER = '../models'
2022-09-01 BST 21:59:33,010 - INFO - RESULTS_FOLDER = '../results'
2022-09-01 BST 21:59:33,010 - INFO - DEVICE = torch.device("cuda" if torch.cuda.is_available() else "cpu")  # Used: "cuda"
2022-09-01 BST 21:59:33,010 - INFO - LATENTS = False
2022-09-01 BST 21:59:33,010 - INFO - MATRIX_REPORT = False
2022-09-01 BST 21:59:33,010 - INFO - LABEL = True
2022-09-01 BST 21:59:33,010 - INFO - SAVE_TO_ODS = False
2022-09-01 BST 21:59:33,010 - INFO - VAL_LOSS_FROM_DAG = True
2022-09-01 BST 21:59:33,010 - INFO - WANDB = False
2022-09-01 BST 21:59:33,010 - INFO - WANDB_PROJECT = 'Thetas'
2022-09-01 BST 21:59:33,010 - INFO - GRAD_LOG = False
2022-09-01 BST 21:59:33,010 - INFO - SAVE_RESULTS = False
2022-09-01 BST 21:59:33,010 - INFO - N_TRIALS = 1
2022-09-01 BST 21:59:33,010 - INFO - LOAD_OPTUNA_STUDY = None
2022-09-01 BST 21:59:33,010 - INFO - OPTUNA_STRINGS = {'None': None, 'True': True, 'False': False}
2022-09-01 BST 21:59:33,010 - INFO - TQDM = False
2022-09-01 BST 21:59:33,010 - INFO - 
hyperparameters = {
2022-09-01 BST 21:59:33,010 - INFO - 	'GRAPH_TYPE': 'ER2',
2022-09-01 BST 21:59:33,010 - INFO - 	'D': 30,
2022-09-01 BST 21:59:33,011 - INFO - 	'MAX_SIZE': 84,
2022-09-01 BST 21:59:33,011 - INFO - 	'SEM_NOISE': 'gaussian_ev',
2022-09-01 BST 21:59:33,011 - INFO - 	'N': 1200,
2022-09-01 BST 21:59:33,011 - INFO - 	'VAL': 0.16666666666666666,
2022-09-01 BST 21:59:33,011 - INFO - 	'N_EPOCHS': 1000,
2022-09-01 BST 21:59:33,011 - INFO - 	'BATCH_SIZE': None,
2022-09-01 BST 21:59:33,011 - INFO - 	'LOG2_BATCH_SIZE': 4,
2022-09-01 BST 21:59:33,011 - INFO - 	'BATCH_SHUFFLE': True,
2022-09-01 BST 21:59:33,011 - INFO - 	'N_SAMPLES': 10,
2022-09-01 BST 21:59:33,011 - INFO - 	'MODE': 'max_dag_test_only',
2022-09-01 BST 21:59:33,011 - INFO - 	'AFAS_SCHEDULER': None,
2022-09-01 BST 21:59:33,011 - INFO - 	'MINIZINC_SOLVER': None,
2022-09-01 BST 21:59:33,011 - INFO - 	'f_LINEAR_LAYERS': (),
2022-09-01 BST 21:59:33,011 - INFO - 	'f_BIAS': False,
2022-09-01 BST 21:59:33,011 - INFO - 	'p_LAYER': 'STE',
2022-09-01 BST 21:59:33,011 - INFO - 	'STREAMLINE': False,
2022-09-01 BST 21:59:33,011 - INFO - 	'THRESHOLD': 0.0,
2022-09-01 BST 21:59:33,011 - INFO - 	'h_LINEAR_LAYERS': (),
2022-09-01 BST 21:59:33,011 - INFO - 	'h_NULL': 0.0216881787013694,
2022-09-01 BST 21:59:33,011 - INFO - 	'h_LR': 0.000113389232350646,
2022-09-01 BST 21:59:33,011 - INFO - 	'h_OPTIMIZER': 'torch.optim.Adam(overall_net.h_net.parameters(), lr=h.h_LR)',
2022-09-01 BST 21:59:33,011 - INFO - 	'f_LR': 0.0123204369681095,
2022-09-01 BST 21:59:33,011 - INFO - 	'f_OPTIMIZER': 'torch.optim.Adam(overall_net.f_net.parameters(), lr=h.f_LR)',
2022-09-01 BST 21:59:33,011 - INFO - 	'NOISE_TEMPERATURE': 0.177138167187175,
2022-09-01 BST 21:59:33,011 - INFO - 	'NOISE_DISTRIBUTION': 'LogisticNoiseDistribution()',
2022-09-01 BST 21:59:33,011 - INFO - 	'LAMBDA': 1,
2022-09-01 BST 21:59:33,011 - INFO - 	'LOSS_FN': 'torch.nn.MSELoss()',
2022-09-01 BST 21:59:33,011 - INFO - 	'ALPHA': None,
2022-09-01 BST 21:59:33,011 - INFO - 	'BETA': None,
2022-09-01 BST 21:59:33,011 - INFO - 	'REGULARIZER': None,
2022-09-01 BST 21:59:33,011 - INFO - 	'z_RHO': 0.410122763411552,
2022-09-01 BST 21:59:33,012 - INFO - 	'z_MU': 0.0102343788252807,
2022-09-01 BST 21:59:33,012 - INFO - 	'z_REGULARIZER': 'NoTearsZRegularizer(h.D, h.z_RHO, h.z_MU, c.DEVICE)',
2022-09-01 BST 21:59:33,012 - INFO - 	'LR_SCHEDULER': None,
2022-09-01 BST 21:59:33,012 - INFO - 	'DATA_CATEGORY': 'big',
2022-09-01 BST 21:59:33,012 - INFO - 	'DAGS': '000'
2022-09-01 BST 21:59:33,012 - INFO - }

2022-09-01 BST 21:59:42,988 - INFO - 

DAG 0: size_true=53	X.var()=64.0950
2022-09-01 BST 22:05:50,200 - INFO -  epoch=1000      train_loss=   1.8450      val_loss=   1.4800      best=1      size=  67      nSHD_c=   1.5333      nSHD=   1.5333      tpr_c=   0.5373      change_adj_count=129      
2022-09-01 BST 22:05:50,201 - INFO - 

DAG 1: size_true=54	X.var()=18.0033
2022-09-01 BST 22:11:36,329 - INFO -  epoch=1000      train_loss=   1.4301      val_loss=   1.0715      best=1      size=  55      nSHD_c=   0.3667      nSHD=   0.3333      tpr_c=   0.8727      change_adj_count=102      
2022-09-01 BST 22:11:36,330 - INFO - 

DAG 2: size_true=51	X.var()=52.8714
2022-09-01 BST 22:17:19,470 - INFO -  epoch=1000      train_loss=   1.3588      val_loss=   1.0499      best=1      size=  51      nSHD_c=   0.0667      nSHD=   0.0667      tpr_c=   0.9804      change_adj_count=91      
2022-09-01 BST 22:17:19,471 - INFO - 

DAG 3: size_true=59	X.var()=57.0164
2022-09-01 BST 22:23:06,930 - INFO -  epoch=1000      train_loss=   1.7078      val_loss=   1.3952      best=1      size=  55      nSHD_c=   0.7667      nSHD=   0.7333      tpr_c=   0.8000      change_adj_count=119      
2022-09-01 BST 22:23:06,932 - INFO - 

DAG 4: size_true=46	X.var()=20.0969
2022-09-01 BST 22:28:47,667 - INFO -  epoch=1000      train_loss=   1.3148      val_loss=   1.0437      best=1      size=  47      nSHD_c=   0.3333      nSHD=   0.3333      tpr_c=   0.8723      change_adj_count=99      
2022-09-01 BST 22:28:47,669 - INFO - 

DAG 5: size_true=71	X.var()=46.6347
2022-09-01 BST 22:34:43,947 - INFO -  epoch=1000      train_loss=   1.5207      val_loss=   1.1155      best=1      size=  69      nSHD_c=   0.5333      nSHD=   0.5333      tpr_c=   0.8986      change_adj_count=121      
2022-09-01 BST 22:34:43,949 - INFO - 

DAG 6: size_true=56	X.var()=33.6011
2022-09-01 BST 22:40:41,080 - INFO -  epoch=1000      train_loss=   1.6100      val_loss=   1.2902      best=1      size=  58      nSHD_c=   0.9333      nSHD=   0.9000      tpr_c=   0.7069      change_adj_count=114      
2022-09-01 BST 22:40:41,082 - INFO - 

DAG 7: size_true=64	X.var()=445.8708
2022-09-01 BST 22:46:46,725 - INFO -  epoch=1000      train_loss=   1.6701      val_loss=   1.4856      best=1      size=  68      nSHD_c=   1.3333      nSHD=   1.3000      tpr_c=   0.6618      change_adj_count=168      
2022-09-01 BST 22:46:46,726 - INFO - 

DAG 8: size_true=56	X.var()=61.2067
2022-09-01 BST 22:52:44,647 - INFO -  epoch=1000      train_loss=   1.7029      val_loss=   1.1752      best=1      size=  56      nSHD_c=   0.5333      nSHD=   0.5333      tpr_c=   0.8571      change_adj_count=112      
2022-09-01 BST 22:52:44,648 - INFO - 

DAG 9: size_true=51	X.var()=9.8351
2022-09-01 BST 22:58:39,359 - INFO -  epoch=1000      train_loss=   1.3032      val_loss=   1.0284      best=1      size=  49      nSHD_c=   0.1333      nSHD=   0.1333      tpr_c=   0.9796      change_adj_count=70      
2022-09-01 BST 22:58:39,360 - INFO - 

DAG 10: size_true=62	X.var()=29.1091
2022-09-01 BST 23:04:31,451 - INFO -  epoch=1000      train_loss=   1.5349      val_loss=   1.2200      best=1      size=  59      nSHD_c=   0.8000      nSHD=   0.8000      tpr_c=   0.8136      change_adj_count=99      
2022-09-01 BST 23:04:31,452 - INFO - 

DAG 11: size_true=62	X.var()=23.3308
2022-09-01 BST 23:10:24,443 - INFO -  epoch=1000      train_loss=   1.5138      val_loss=   1.1306      best=1      size=  64      nSHD_c=   0.4667      nSHD=   0.4667      tpr_c=   0.8750      change_adj_count=102      
2022-09-01 BST 23:10:24,444 - INFO - 

DAG 12: size_true=57	X.var()=25.2445
2022-09-01 BST 23:16:22,493 - INFO -  epoch=1000      train_loss=   1.6796      val_loss=   1.3078      best=1      size=  58      nSHD_c=   0.9667      nSHD=   0.9667      tpr_c=   0.7414      change_adj_count=115      
2022-09-01 BST 23:16:22,494 - INFO - 

DAG 13: size_true=66	X.var()=78.0370
2022-09-01 BST 23:22:17,383 - INFO -  epoch=1000      train_loss=   1.8896      val_loss=   1.4223      best=1      size=  68      nSHD_c=   1.1333      nSHD=   1.1333      tpr_c=   0.7206      change_adj_count=151      
2022-09-01 BST 23:22:17,385 - INFO - 

DAG 14: size_true=43	X.var()=17.6479
2022-09-01 BST 23:28:10,045 - INFO -  epoch=1000      train_loss=   1.3033      val_loss=   1.3489      best=1      size=  42      nSHD_c=   0.5000      nSHD=   0.4000      tpr_c=   0.7857      change_adj_count=108      
2022-09-01 BST 23:28:10,047 - INFO - 

DAG 15: size_true=56	X.var()=19.7208
2022-09-01 BST 23:34:07,133 - INFO -  epoch=1000      train_loss=   1.5726      val_loss=   1.2730      best=1      size=  53      nSHD_c=   0.6333      nSHD=   0.6000      tpr_c=   0.8302      change_adj_count=109      
2022-09-01 BST 23:34:07,135 - INFO - 

DAG 16: size_true=58	X.var()=22.3043
2022-09-01 BST 23:40:10,349 - INFO -  epoch=1000      train_loss=   1.4044      val_loss=   1.0848      best=1      size=  58      nSHD_c=   0.4000      nSHD=   0.3333      tpr_c=   0.8793      change_adj_count=114      
2022-09-01 BST 23:40:10,351 - INFO - 

DAG 17: size_true=62	X.var()=41.4511
2022-09-01 BST 23:46:14,843 - INFO -  epoch=1000      train_loss=   1.5613      val_loss=   1.2058      best=1      size=  61      nSHD_c=   1.1333      nSHD=   1.0667      tpr_c=   0.7049      change_adj_count=114      
2022-09-01 BST 23:46:14,844 - INFO - 

DAG 18: size_true=54	X.var()=39.0733
2022-09-01 BST 23:52:12,351 - INFO -  epoch=1000      train_loss=   1.3373      val_loss=   1.0413      best=1      size=  52      nSHD_c=   0.1333      nSHD=   0.1333      tpr_c=   0.9808      change_adj_count=111      
2022-09-01 BST 23:52:12,352 - INFO - 

DAG 19: size_true=60	X.var()=48.6541
2022-09-01 BST 23:58:17,385 - INFO -  epoch=1000      train_loss=   1.5077      val_loss=   1.1918      best=1      size=  59      nSHD_c=   0.7333      nSHD=   0.7000      tpr_c=   0.7966      change_adj_count=101      
2022-09-01 BST 23:58:17,387 - INFO - 

DAG 20: size_true=53	X.var()=68.3311
2022-09-02 BST 00:04:22,560 - INFO -  epoch=1000      train_loss=   1.4870      val_loss=   1.1817      best=1      size=  57      nSHD_c=   0.9000      nSHD=   0.8667      tpr_c=   0.7018      change_adj_count=107      
2022-09-02 BST 00:04:22,561 - INFO - 

DAG 21: size_true=60	X.var()=156.8093
2022-09-02 BST 00:10:29,286 - INFO -  epoch=1000      train_loss=   1.9763      val_loss=   1.4811      best=1      size=  66      nSHD_c=   1.1667      nSHD=   1.1333      tpr_c=   0.6667      change_adj_count=171      
2022-09-02 BST 00:10:29,287 - INFO - 

DAG 22: size_true=60	X.var()=33.9422
2022-09-02 BST 00:16:28,340 - INFO -  epoch=1000      train_loss=   1.5634      val_loss=   1.1559      best=1      size=  59      nSHD_c=   0.7333      nSHD=   0.6667      tpr_c=   0.7966      change_adj_count=106      
2022-09-02 BST 00:16:28,342 - INFO - 

DAG 23: size_true=56	X.var()=19.4415
2022-09-02 BST 00:22:26,460 - INFO -  epoch=1000      train_loss=   1.4091      val_loss=   1.1497      best=1      size=  52      nSHD_c=   0.2667      nSHD=   0.2000      tpr_c=   0.9423      change_adj_count=85      
2022-09-02 BST 00:22:26,461 - INFO - 
last_mean_nshd_c=0.6875
2022-09-02 BST 00:22:26,461 - INFO - 
Time taken 2:22:54 (h:mm:ss)
2022-09-02 BST 00:22:26,461 - INFO - 
End of log for run 2022-09-01_BST_21:59:32,946_stoch_ste_l_84_008
