2022-08-30 BST 18:08:48,755 - INFO - 
Log for run 2022-08-30_BST_18:08:48,732_stoch_imle_l_none_010

2022-08-30 BST 18:08:48,755 - INFO - COMMENT = 'Test best MAX_SIZE=None Gumbel values with Logistic'
2022-08-30 BST 18:08:48,755 - INFO - DATA_FOLDER = '../data'
2022-08-30 BST 18:08:48,755 - INFO - LATENTS_FOLDER = '../latents'
2022-08-30 BST 18:08:48,755 - INFO - LOGS_FOLDER = '../logs'
2022-08-30 BST 18:08:48,755 - INFO - MODEL_FOLDER = '../models'
2022-08-30 BST 18:08:48,755 - INFO - RESULTS_FOLDER = '../results'
2022-08-30 BST 18:08:48,756 - INFO - DEVICE = torch.device("cuda" if torch.cuda.is_available() else "cpu")  # Used: "cuda"
2022-08-30 BST 18:08:48,756 - INFO - LATENTS = False
2022-08-30 BST 18:08:48,756 - INFO - MATRIX_REPORT = False
2022-08-30 BST 18:08:48,756 - INFO - LABEL = True
2022-08-30 BST 18:08:48,756 - INFO - SAVE_TO_ODS = False
2022-08-30 BST 18:08:48,756 - INFO - VAL_LOSS_FROM_DAG = True
2022-08-30 BST 18:08:48,756 - INFO - WANDB = False
2022-08-30 BST 18:08:48,756 - INFO - WANDB_PROJECT = 'Thetas'
2022-08-30 BST 18:08:48,756 - INFO - GRAD_LOG = False
2022-08-30 BST 18:08:48,756 - INFO - SAVE_RESULTS = False
2022-08-30 BST 18:08:48,756 - INFO - N_TRIALS = 1
2022-08-30 BST 18:08:48,756 - INFO - LOAD_OPTUNA_STUDY = None
2022-08-30 BST 18:08:48,756 - INFO - OPTUNA_STRINGS = {'None': None, 'True': True, 'False': False}
2022-08-30 BST 18:08:48,756 - INFO - TQDM = False
2022-08-30 BST 18:08:48,756 - INFO - 
hyperparameters = {
2022-08-30 BST 18:08:48,756 - INFO - 	'GRAPH_TYPE': 'ER2',
2022-08-30 BST 18:08:48,756 - INFO - 	'D': 30,
2022-08-30 BST 18:08:48,756 - INFO - 	'MAX_SIZE': None,
2022-08-30 BST 18:08:48,756 - INFO - 	'SEM_NOISE': 'gaussian_ev',
2022-08-30 BST 18:08:48,756 - INFO - 	'N': 1200,
2022-08-30 BST 18:08:48,756 - INFO - 	'VAL': 0.16666666666666666,
2022-08-30 BST 18:08:48,756 - INFO - 	'N_EPOCHS': 1000,
2022-08-30 BST 18:08:48,756 - INFO - 	'BATCH_SIZE': None,
2022-08-30 BST 18:08:48,757 - INFO - 	'LOG2_BATCH_SIZE': 3,
2022-08-30 BST 18:08:48,757 - INFO - 	'BATCH_SHUFFLE': True,
2022-08-30 BST 18:08:48,757 - INFO - 	'N_SAMPLES': 47,
2022-08-30 BST 18:08:48,757 - INFO - 	'MODE': 'max_dag_test_only',
2022-08-30 BST 18:08:48,757 - INFO - 	'AFAS_SCHEDULER': None,
2022-08-30 BST 18:08:48,757 - INFO - 	'MINIZINC_SOLVER': None,
2022-08-30 BST 18:08:48,757 - INFO - 	'f_LINEAR_LAYERS': (),
2022-08-30 BST 18:08:48,757 - INFO - 	'f_BIAS': False,
2022-08-30 BST 18:08:48,757 - INFO - 	'p_LAYER': None,
2022-08-30 BST 18:08:48,757 - INFO - 	'STREAMLINE': False,
2022-08-30 BST 18:08:48,757 - INFO - 	'THRESHOLD': 0.0,
2022-08-30 BST 18:08:48,757 - INFO - 	'h_LINEAR_LAYERS': (),
2022-08-30 BST 18:08:48,757 - INFO - 	'h_NULL': 0.00011373901985660933,
2022-08-30 BST 18:08:48,757 - INFO - 	'h_LR': 0.0016158450337500668,
2022-08-30 BST 18:08:48,757 - INFO - 	'h_OPTIMIZER': 'torch.optim.Adam(overall_net.h_net.parameters(), lr=h.h_LR)',
2022-08-30 BST 18:08:48,757 - INFO - 	'f_LR': 0.3720066380139224,
2022-08-30 BST 18:08:48,757 - INFO - 	'f_OPTIMIZER': 'torch.optim.Adam(overall_net.f_net.parameters(), lr=h.f_LR)',
2022-08-30 BST 18:08:48,757 - INFO - 	'NOISE_TEMPERATURE': 0.8785929148606203,
2022-08-30 BST 18:08:48,757 - INFO - 	'NOISE_DISTRIBUTION': 'LogisticNoiseDistribution()',
2022-08-30 BST 18:08:48,757 - INFO - 	'LAMBDA': 27.13959516077541,
2022-08-30 BST 18:08:48,757 - INFO - 	'LOSS_FN': 'torch.nn.MSELoss()',
2022-08-30 BST 18:08:48,757 - INFO - 	'ALPHA': None,
2022-08-30 BST 18:08:48,757 - INFO - 	'BETA': None,
2022-08-30 BST 18:08:48,757 - INFO - 	'REGULARIZER': None,
2022-08-30 BST 18:08:48,758 - INFO - 	'z_RHO': 0.157451211201,
2022-08-30 BST 18:08:48,758 - INFO - 	'z_MU': 0.00120806965197976,
2022-08-30 BST 18:08:48,758 - INFO - 	'z_REGULARIZER': 'NoTearsZRegularizer(h.D, h.z_RHO, h.z_MU, c.DEVICE)',
2022-08-30 BST 18:08:48,758 - INFO - 	'LR_SCHEDULER': None,
2022-08-30 BST 18:08:48,758 - INFO - 	'DATA_CATEGORY': 'big',
2022-08-30 BST 18:08:48,758 - INFO - 	'DAGS': '000'
2022-08-30 BST 18:08:48,758 - INFO - }

2022-08-30 BST 18:08:49,857 - INFO - 

DAG 0: size_true=53	X.var()=64.0950
2022-08-30 BST 18:27:06,627 - INFO -  epoch=1000      train_loss=   3.9480      val_loss=   2.8628      best=1      size=  62      nSHD_c=   1.5000      nSHD=   1.5000      tpr_c=   0.5484      change_adj_count=88      
2022-08-30 BST 18:27:06,628 - INFO - 

DAG 1: size_true=54	X.var()=18.0033
2022-08-30 BST 18:45:20,291 - INFO -  epoch=1000      train_loss=   1.8431      val_loss=   1.5861      best=1      size=  53      nSHD_c=   0.6000      nSHD=   0.5667      tpr_c=   0.8302      change_adj_count=78      
2022-08-30 BST 18:45:20,293 - INFO - 

DAG 2: size_true=51	X.var()=52.8714
2022-08-30 BST 19:04:50,970 - INFO -  epoch=1000      train_loss=   4.7589      val_loss=   4.1117      best=1      size=  64      nSHD_c=   0.7000      nSHD=   0.7000      tpr_c=   0.7344      change_adj_count=83      
2022-08-30 BST 19:04:50,971 - INFO - 

DAG 3: size_true=59	X.var()=57.0164
2022-08-30 BST 19:25:20,404 - INFO -  epoch=1000      train_loss=   2.7837      val_loss=   1.8720      best=1      size=  62      nSHD_c=   1.1000      nSHD=   1.1000      tpr_c=   0.6935      change_adj_count=90      
2022-08-30 BST 19:25:20,406 - INFO - 

DAG 4: size_true=46	X.var()=20.0969
2022-08-30 BST 19:45:08,694 - INFO -  epoch=1000      train_loss=   1.6340      val_loss=   1.3043      best=1      size=  46      nSHD_c=   0.5000      nSHD=   0.5000      tpr_c=   0.8261      change_adj_count=77      
2022-08-30 BST 19:45:08,696 - INFO - 

DAG 5: size_true=71	X.var()=46.6347
2022-08-30 BST 20:06:08,698 - INFO -  epoch=1000      train_loss=   2.7686      val_loss=   1.9368      best=1      size=  70      nSHD_c=   0.9000      nSHD=   0.9000      tpr_c=   0.8143      change_adj_count=96      
2022-08-30 BST 20:06:08,700 - INFO - 

DAG 6: size_true=56	X.var()=33.6011
2022-08-30 BST 20:27:02,142 - INFO -  epoch=1000      train_loss=   2.9137      val_loss=   2.2980      best=1      size=  57      nSHD_c=   1.3667      nSHD=   1.3333      tpr_c=   0.5965      change_adj_count=82      
2022-08-30 BST 20:27:02,143 - INFO - 

DAG 7: size_true=64	X.var()=445.8708
2022-08-30 BST 20:48:50,159 - INFO -  epoch=1000      train_loss=  38.2116      val_loss=  97.8263      best=1      size= 128      nSHD_c=   3.2667      nSHD=   3.2000      tpr_c=   0.3594      change_adj_count=255      
2022-08-30 BST 20:48:50,161 - INFO - 

DAG 8: size_true=56	X.var()=61.2067
2022-08-30 BST 21:09:45,513 - INFO -  epoch=1000      train_loss=   5.4568      val_loss=   9.1115      best=1      size=  63      nSHD_c=   1.0333      nSHD=   1.0333      tpr_c=   0.6984      change_adj_count=101      
2022-08-30 BST 21:09:45,514 - INFO - 

DAG 9: size_true=51	X.var()=9.8351
2022-08-30 BST 21:29:38,457 - INFO -  epoch=1000      train_loss=   1.5166      val_loss=   1.2920      best=1      size=  51      nSHD_c=   0.4000      nSHD=   0.4000      tpr_c=   0.8824      change_adj_count=68      
2022-08-30 BST 21:29:38,458 - INFO - 

DAG 10: size_true=62	X.var()=29.1091
2022-08-30 BST 21:49:25,931 - INFO -  epoch=1000      train_loss=   2.1462      val_loss=   2.5807      best=1      size=  53      nSHD_c=   0.9333      nSHD=   0.8667      tpr_c=   0.7925      change_adj_count=72      
2022-08-30 BST 21:49:25,932 - INFO - 

DAG 11: size_true=62	X.var()=23.3308
2022-08-30 BST 22:09:09,751 - INFO -  epoch=1000      train_loss=   1.9072      val_loss=   1.5161      best=1      size=  63      nSHD_c=   0.6333      nSHD=   0.6333      tpr_c=   0.8413      change_adj_count=87      
2022-08-30 BST 22:09:09,753 - INFO - 

DAG 12: size_true=57	X.var()=25.2445
2022-08-30 BST 22:29:26,041 - INFO -  epoch=1000      train_loss=   2.4739      val_loss=   2.2177      best=1      size=  56      nSHD_c=   1.2667      nSHD=   1.2667      tpr_c=   0.6607      change_adj_count=74      
2022-08-30 BST 22:29:26,043 - INFO - 

DAG 13: size_true=66	X.var()=78.0370
2022-08-30 BST 22:49:45,305 - INFO -  epoch=1000      train_loss=   4.6939      val_loss=   2.6592      best=1      size=  64      nSHD_c=   1.9667      nSHD=   1.9667      tpr_c=   0.5312      change_adj_count=88      
2022-08-30 BST 22:49:45,306 - INFO - 

DAG 14: size_true=43	X.var()=17.6479
2022-08-30 BST 23:09:09,378 - INFO -  epoch=1000      train_loss=   1.6254      val_loss=   1.4495      best=1      size=  42      nSHD_c=   0.6000      nSHD=   0.6333      tpr_c=   0.7857      change_adj_count=67      
2022-08-30 BST 23:09:09,379 - INFO - 

DAG 15: size_true=56	X.var()=19.7208
2022-08-30 BST 23:28:53,882 - INFO -  epoch=1000      train_loss=   2.1408      val_loss=   1.9505      best=1      size=  49      nSHD_c=   0.8000      nSHD=   0.7667      tpr_c=   0.8163      change_adj_count=68      
2022-08-30 BST 23:28:53,883 - INFO - 

DAG 16: size_true=58	X.var()=22.3043
2022-08-30 BST 23:48:46,317 - INFO -  epoch=1000      train_loss=   2.1696      val_loss=   1.3682      best=1      size=  61      nSHD_c=   0.5000      nSHD=   0.5000      tpr_c=   0.8525      change_adj_count=79      
2022-08-30 BST 23:48:46,317 - INFO - 

DAG 17: size_true=62	X.var()=41.4511
2022-08-31 BST 00:09:36,708 - INFO -  epoch=1000      train_loss=   4.4308      val_loss=   1.8218      best=1      size=  57      nSHD_c=   1.1333      nSHD=   1.1333      tpr_c=   0.7368      change_adj_count=85      
2022-08-31 BST 00:09:36,712 - INFO - 

DAG 18: size_true=54	X.var()=39.0733
2022-08-31 BST 00:29:31,950 - INFO -  epoch=1000      train_loss=   2.4292      val_loss=   1.5892      best=1      size=  55      nSHD_c=   0.5000      nSHD=   0.5000      tpr_c=   0.8545      change_adj_count=81      
2022-08-31 BST 00:29:31,951 - INFO - 

DAG 19: size_true=60	X.var()=48.6541
2022-08-31 BST 00:49:58,356 - INFO -  epoch=1000      train_loss=   2.2512      val_loss=   5.8569      best=1      size=  56      nSHD_c=   0.9333      nSHD=   0.9000      tpr_c=   0.7500      change_adj_count=82      
2022-08-31 BST 00:49:58,357 - INFO - 

DAG 20: size_true=53	X.var()=68.3311
2022-08-31 BST 01:10:55,090 - INFO -  epoch=1000      train_loss=   4.9178      val_loss=   3.5290      best=1      size=  61      nSHD_c=   1.3333      nSHD=   1.3333      tpr_c=   0.5902      change_adj_count=100      
2022-08-31 BST 01:10:55,091 - INFO - 

DAG 21: size_true=60	X.var()=156.8093
2022-08-31 BST 01:32:14,395 - INFO -  epoch=1000      train_loss=  22.5290      val_loss=  16.4602      best=1      size=  91      nSHD_c=   2.2667      nSHD=   2.2667      tpr_c=   0.4505      change_adj_count=271      
2022-08-31 BST 01:32:14,396 - INFO - 

DAG 22: size_true=60	X.var()=33.9422
2022-08-31 BST 01:52:29,792 - INFO -  epoch=1000      train_loss=   2.6034      val_loss=   1.8377      best=1      size=  57      nSHD_c=   1.0000      nSHD=   0.9667      tpr_c=   0.7544      change_adj_count=90      
2022-08-31 BST 01:52:29,793 - INFO - 

DAG 23: size_true=56	X.var()=19.4415
2022-08-31 BST 02:12:46,607 - INFO -  epoch=1000      train_loss=   1.7369      val_loss=   1.4127      best=1      size=  53      nSHD_c=   0.3667      nSHD=   0.3667      tpr_c=   0.9245      change_adj_count=73      
2022-08-31 BST 02:12:46,608 - INFO - 
last_mean_nshd_c=1.0667
2022-08-31 BST 02:12:46,608 - INFO - 
Time taken 8:03:58 (h:mm:ss)
2022-08-31 BST 02:12:46,608 - INFO - 
End of log for run 2022-08-30_BST_18:08:48,732_stoch_imle_l_none_010
