2022-08-30 BST 12:45:38,118 - INFO - 
Log for run 2022-08-30_BST_12:45:38,080_stoch_imle_l_none_004

2022-08-30 BST 12:45:38,118 - INFO - COMMENT = 'Test best MAX_SIZE=None Gumbel values with Logistic'
2022-08-30 BST 12:45:38,118 - INFO - DATA_FOLDER = '../data'
2022-08-30 BST 12:45:38,118 - INFO - LATENTS_FOLDER = '../latents'
2022-08-30 BST 12:45:38,118 - INFO - LOGS_FOLDER = '../logs'
2022-08-30 BST 12:45:38,118 - INFO - MODEL_FOLDER = '../models'
2022-08-30 BST 12:45:38,118 - INFO - RESULTS_FOLDER = '../results'
2022-08-30 BST 12:45:38,118 - INFO - DEVICE = torch.device("cuda" if torch.cuda.is_available() else "cpu")  # Used: "cuda"
2022-08-30 BST 12:45:38,118 - INFO - LATENTS = False
2022-08-30 BST 12:45:38,118 - INFO - MATRIX_REPORT = False
2022-08-30 BST 12:45:38,118 - INFO - LABEL = True
2022-08-30 BST 12:45:38,118 - INFO - SAVE_TO_ODS = False
2022-08-30 BST 12:45:38,118 - INFO - VAL_LOSS_FROM_DAG = True
2022-08-30 BST 12:45:38,118 - INFO - WANDB = False
2022-08-30 BST 12:45:38,118 - INFO - WANDB_PROJECT = 'Thetas'
2022-08-30 BST 12:45:38,118 - INFO - GRAD_LOG = False
2022-08-30 BST 12:45:38,119 - INFO - SAVE_RESULTS = False
2022-08-30 BST 12:45:38,119 - INFO - N_TRIALS = 1
2022-08-30 BST 12:45:38,119 - INFO - LOAD_OPTUNA_STUDY = None
2022-08-30 BST 12:45:38,119 - INFO - OPTUNA_STRINGS = {'None': None, 'True': True, 'False': False}
2022-08-30 BST 12:45:38,119 - INFO - TQDM = False
2022-08-30 BST 12:45:38,119 - INFO - 
hyperparameters = {
2022-08-30 BST 12:45:38,119 - INFO - 	'GRAPH_TYPE': 'ER2',
2022-08-30 BST 12:45:38,119 - INFO - 	'D': 30,
2022-08-30 BST 12:45:38,119 - INFO - 	'MAX_SIZE': None,
2022-08-30 BST 12:45:38,119 - INFO - 	'SEM_NOISE': 'gaussian_ev',
2022-08-30 BST 12:45:38,119 - INFO - 	'N': 1200,
2022-08-30 BST 12:45:38,119 - INFO - 	'VAL': 0.16666666666666666,
2022-08-30 BST 12:45:38,119 - INFO - 	'N_EPOCHS': 1000,
2022-08-30 BST 12:45:38,119 - INFO - 	'BATCH_SIZE': None,
2022-08-30 BST 12:45:38,119 - INFO - 	'LOG2_BATCH_SIZE': 3,
2022-08-30 BST 12:45:38,119 - INFO - 	'BATCH_SHUFFLE': True,
2022-08-30 BST 12:45:38,119 - INFO - 	'N_SAMPLES': 47,
2022-08-30 BST 12:45:38,119 - INFO - 	'MODE': 'max_dag_test_only',
2022-08-30 BST 12:45:38,119 - INFO - 	'AFAS_SCHEDULER': None,
2022-08-30 BST 12:45:38,119 - INFO - 	'MINIZINC_SOLVER': None,
2022-08-30 BST 12:45:38,119 - INFO - 	'f_LINEAR_LAYERS': (),
2022-08-30 BST 12:45:38,119 - INFO - 	'f_BIAS': False,
2022-08-30 BST 12:45:38,119 - INFO - 	'p_LAYER': None,
2022-08-30 BST 12:45:38,120 - INFO - 	'STREAMLINE': False,
2022-08-30 BST 12:45:38,120 - INFO - 	'THRESHOLD': 0.0,
2022-08-30 BST 12:45:38,120 - INFO - 	'h_LINEAR_LAYERS': (),
2022-08-30 BST 12:45:38,120 - INFO - 	'h_NULL': 0.00011373901985660933,
2022-08-30 BST 12:45:38,120 - INFO - 	'h_LR': 0.0016158450337500668,
2022-08-30 BST 12:45:38,120 - INFO - 	'h_OPTIMIZER': 'torch.optim.Adam(overall_net.h_net.parameters(), lr=h.h_LR)',
2022-08-30 BST 12:45:38,120 - INFO - 	'f_LR': 0.3720066380139224,
2022-08-30 BST 12:45:38,120 - INFO - 	'f_OPTIMIZER': 'torch.optim.Adam(overall_net.f_net.parameters(), lr=h.f_LR)',
2022-08-30 BST 12:45:38,120 - INFO - 	'NOISE_TEMPERATURE': 0.8785929148606203,
2022-08-30 BST 12:45:38,120 - INFO - 	'NOISE_DISTRIBUTION': 'LogisticNoiseDistribution()',
2022-08-30 BST 12:45:38,120 - INFO - 	'LAMBDA': 27.13959516077541,
2022-08-30 BST 12:45:38,120 - INFO - 	'LOSS_FN': 'torch.nn.MSELoss()',
2022-08-30 BST 12:45:38,120 - INFO - 	'ALPHA': None,
2022-08-30 BST 12:45:38,120 - INFO - 	'BETA': None,
2022-08-30 BST 12:45:38,120 - INFO - 	'REGULARIZER': None,
2022-08-30 BST 12:45:38,120 - INFO - 	'z_RHO': 0.157451211201,
2022-08-30 BST 12:45:38,120 - INFO - 	'z_MU': 0.00120806965197976,
2022-08-30 BST 12:45:38,120 - INFO - 	'z_REGULARIZER': 'NoTearsZRegularizer(h.D, h.z_RHO, h.z_MU, c.DEVICE)',
2022-08-30 BST 12:45:38,120 - INFO - 	'LR_SCHEDULER': None,
2022-08-30 BST 12:45:38,120 - INFO - 	'DATA_CATEGORY': 'big',
2022-08-30 BST 12:45:38,120 - INFO - 	'DAGS': '000'
2022-08-30 BST 12:45:38,120 - INFO - }

2022-08-30 BST 12:45:39,735 - INFO - 

DAG 0: size_true=53	X.var()=64.0950
2022-08-30 BST 13:07:10,091 - INFO -  epoch=1000      train_loss=   4.0153      val_loss=   2.7529      best=1      size=  62      nSHD_c=   1.3667      nSHD=   1.3667      tpr_c=   0.5806      change_adj_count=94      
2022-08-30 BST 13:07:10,093 - INFO - 

DAG 1: size_true=54	X.var()=18.0033
2022-08-30 BST 13:28:20,646 - INFO -  epoch=1000      train_loss=   1.8880      val_loss=   1.7479      best=1      size=  53      nSHD_c=   0.6000      nSHD=   0.5667      tpr_c=   0.8302      change_adj_count=76      
2022-08-30 BST 13:28:20,648 - INFO - 

DAG 2: size_true=51	X.var()=52.8714
2022-08-30 BST 13:49:42,365 - INFO -  epoch=1000      train_loss=   5.1505      val_loss=   3.1989      best=1      size=  63      nSHD_c=   0.6667      nSHD=   0.6667      tpr_c=   0.7460      change_adj_count=85      
2022-08-30 BST 13:49:42,366 - INFO - 

DAG 3: size_true=59	X.var()=57.0164
2022-08-30 BST 14:10:27,284 - INFO -  epoch=1000      train_loss=   3.0030      val_loss=   2.2523      best=1      size=  61      nSHD_c=   1.1000      nSHD=   1.1000      tpr_c=   0.7049      change_adj_count=85      
2022-08-30 BST 14:10:27,285 - INFO - 

DAG 4: size_true=46	X.var()=20.0969
2022-08-30 BST 14:30:26,696 - INFO -  epoch=1000      train_loss=   1.9384      val_loss=   1.6201      best=1      size=  45      nSHD_c=   0.5333      nSHD=   0.5333      tpr_c=   0.8222      change_adj_count=69      
2022-08-30 BST 14:30:26,697 - INFO - 

DAG 5: size_true=71	X.var()=46.6347
2022-08-30 BST 14:51:42,135 - INFO -  epoch=1000      train_loss=   3.7116      val_loss=   1.7192      best=1      size=  72      nSHD_c=   0.9000      nSHD=   0.9000      tpr_c=   0.8056      change_adj_count=87      
2022-08-30 BST 14:51:42,136 - INFO - 

DAG 6: size_true=56	X.var()=33.6011
2022-08-30 BST 15:13:21,545 - INFO -  epoch=1000      train_loss=   2.2558      val_loss=   2.4431      best=1      size=  57      nSHD_c=   1.3000      nSHD=   1.2667      tpr_c=   0.6140      change_adj_count=80      
2022-08-30 BST 15:13:21,546 - INFO - 

DAG 7: size_true=64	X.var()=445.8708
2022-08-30 BST 15:35:49,145 - INFO -  epoch=1000      train_loss=  36.9342      val_loss= 106.8004      best=1      size= 126      nSHD_c=   3.2000      nSHD=   3.1333      tpr_c=   0.3651      change_adj_count=240      
2022-08-30 BST 15:35:49,146 - INFO - 

DAG 8: size_true=56	X.var()=61.2067
2022-08-30 BST 15:57:01,228 - INFO -  epoch=1000      train_loss=   6.2209      val_loss=   2.4204      best=1      size=  65      nSHD_c=   1.2333      nSHD=   1.2333      tpr_c=   0.6462      change_adj_count=88      
2022-08-30 BST 15:57:01,229 - INFO - 

DAG 9: size_true=51	X.var()=9.8351
2022-08-30 BST 16:17:46,915 - INFO -  epoch=1000      train_loss=   1.4796      val_loss=   1.3585      best=1      size=  51      nSHD_c=   0.4000      nSHD=   0.4000      tpr_c=   0.8824      change_adj_count=67      
2022-08-30 BST 16:17:46,916 - INFO - 

DAG 10: size_true=62	X.var()=29.1091
2022-08-30 BST 16:38:18,498 - INFO -  epoch=1000      train_loss=   2.0528      val_loss=   2.6126      best=1      size=  53      nSHD_c=   0.9333      nSHD=   0.8667      tpr_c=   0.7925      change_adj_count=76      
2022-08-30 BST 16:38:18,499 - INFO - 

DAG 11: size_true=62	X.var()=23.3308
2022-08-30 BST 16:58:20,450 - INFO -  epoch=1000      train_loss=   1.8126      val_loss=   1.5184      best=1      size=  63      nSHD_c=   0.8333      nSHD=   0.7667      tpr_c=   0.7778      change_adj_count=82      
2022-08-30 BST 16:58:20,451 - INFO - 

DAG 12: size_true=57	X.var()=25.2445
2022-08-30 BST 17:18:56,651 - INFO -  epoch=1000      train_loss=   2.5295      val_loss=   2.5060      best=1      size=  57      nSHD_c=   1.1333      nSHD=   1.1333      tpr_c=   0.6842      change_adj_count=80      
2022-08-30 BST 17:18:56,653 - INFO - 

DAG 13: size_true=66	X.var()=78.0370
2022-08-30 BST 17:40:01,436 - INFO -  epoch=1000      train_loss=   4.5403      val_loss=   2.9765      best=1      size=  60      nSHD_c=   1.8000      nSHD=   1.8000      tpr_c=   0.5833      change_adj_count=94      
2022-08-30 BST 17:40:01,438 - INFO - 

DAG 14: size_true=43	X.var()=17.6479
2022-08-30 BST 17:59:40,942 - INFO -  epoch=1000      train_loss=   1.6219      val_loss=   1.5066      best=1      size=  43      nSHD_c=   0.5000      nSHD=   0.5333      tpr_c=   0.8140      change_adj_count=69      
2022-08-30 BST 17:59:40,943 - INFO - 

DAG 15: size_true=56	X.var()=19.7208
2022-08-30 BST 18:19:59,083 - INFO -  epoch=1000      train_loss=   2.2545      val_loss=   2.2019      best=1      size=  49      nSHD_c=   0.7333      nSHD=   0.7000      tpr_c=   0.8367      change_adj_count=69      
2022-08-30 BST 18:19:59,084 - INFO - 

DAG 16: size_true=58	X.var()=22.3043
2022-08-30 BST 18:40:34,946 - INFO -  epoch=1000      train_loss=   1.7809      val_loss=   1.4879      best=1      size=  62      nSHD_c=   0.5333      nSHD=   0.5333      tpr_c=   0.8387      change_adj_count=79      
2022-08-30 BST 18:40:34,947 - INFO - 

DAG 17: size_true=62	X.var()=41.4511
2022-08-30 BST 19:01:55,470 - INFO -  epoch=1000      train_loss=   2.7377      val_loss=   1.7647      best=1      size=  57      nSHD_c=   1.1333      nSHD=   1.1333      tpr_c=   0.7368      change_adj_count=90      
2022-08-30 BST 19:01:55,471 - INFO - 

DAG 18: size_true=54	X.var()=39.0733
2022-08-30 BST 19:21:50,218 - INFO -  epoch=1000      train_loss=   2.6362      val_loss=   1.5455      best=1      size=  55      nSHD_c=   0.5000      nSHD=   0.5000      tpr_c=   0.8545      change_adj_count=85      
2022-08-30 BST 19:21:50,219 - INFO - 

DAG 19: size_true=60	X.var()=48.6541
2022-08-30 BST 19:42:10,363 - INFO -  epoch=1000      train_loss=   2.4832      val_loss=   5.7803      best=1      size=  57      nSHD_c=   1.0667      nSHD=   1.0333      tpr_c=   0.7193      change_adj_count=80      
2022-08-30 BST 19:42:10,364 - INFO - 

DAG 20: size_true=53	X.var()=68.3311
2022-08-30 BST 20:03:00,709 - INFO -  epoch=1000      train_loss=   5.4649      val_loss=   3.6405      best=1      size=  61      nSHD_c=   1.3333      nSHD=   1.3333      tpr_c=   0.5902      change_adj_count=107      
2022-08-30 BST 20:03:00,710 - INFO - 

DAG 21: size_true=60	X.var()=156.8093
2022-08-30 BST 20:24:23,172 - INFO -  epoch=1000      train_loss=  13.9670      val_loss=  16.3470      best=1      size=  93      nSHD_c=   2.3000      nSHD=   2.3000      tpr_c=   0.4409      change_adj_count=221      
2022-08-30 BST 20:24:23,172 - INFO - 

DAG 22: size_true=60	X.var()=33.9422
2022-08-30 BST 20:44:35,260 - INFO -  epoch=1000      train_loss=   2.5210      val_loss=   1.8750      best=1      size=  60      nSHD_c=   1.0000      nSHD=   1.0000      tpr_c=   0.7500      change_adj_count=97      
2022-08-30 BST 20:44:35,261 - INFO - 

DAG 23: size_true=56	X.var()=19.4415
2022-08-30 BST 21:04:42,185 - INFO -  epoch=1000      train_loss=   1.8963      val_loss=   1.4715      best=1      size=  53      nSHD_c=   0.3667      nSHD=   0.3667      tpr_c=   0.9245      change_adj_count=73      
2022-08-30 BST 21:04:42,187 - INFO - 
last_mean_nshd_c=1.0611
2022-08-30 BST 21:04:42,187 - INFO - 
Time taken 8:19:04 (h:mm:ss)
2022-08-30 BST 21:04:42,187 - INFO - 
End of log for run 2022-08-30_BST_12:45:38,080_stoch_imle_l_none_004
