2022-08-30 BST 17:50:03,329 - INFO - 
Log for run 2022-08-30_BST_17:50:03,262_stoch_imle_l_none_009

2022-08-30 BST 17:50:03,329 - INFO - COMMENT = 'Test best MAX_SIZE=None Gumbel values with Logistic'
2022-08-30 BST 17:50:03,329 - INFO - DATA_FOLDER = '../data'
2022-08-30 BST 17:50:03,330 - INFO - LATENTS_FOLDER = '../latents'
2022-08-30 BST 17:50:03,330 - INFO - LOGS_FOLDER = '../logs'
2022-08-30 BST 17:50:03,330 - INFO - MODEL_FOLDER = '../models'
2022-08-30 BST 17:50:03,330 - INFO - RESULTS_FOLDER = '../results'
2022-08-30 BST 17:50:03,330 - INFO - DEVICE = torch.device("cuda" if torch.cuda.is_available() else "cpu")  # Used: "cuda"
2022-08-30 BST 17:50:03,330 - INFO - LATENTS = False
2022-08-30 BST 17:50:03,330 - INFO - MATRIX_REPORT = False
2022-08-30 BST 17:50:03,330 - INFO - LABEL = True
2022-08-30 BST 17:50:03,330 - INFO - SAVE_TO_ODS = False
2022-08-30 BST 17:50:03,331 - INFO - VAL_LOSS_FROM_DAG = True
2022-08-30 BST 17:50:03,331 - INFO - WANDB = False
2022-08-30 BST 17:50:03,331 - INFO - WANDB_PROJECT = 'Thetas'
2022-08-30 BST 17:50:03,331 - INFO - GRAD_LOG = False
2022-08-30 BST 17:50:03,331 - INFO - SAVE_RESULTS = False
2022-08-30 BST 17:50:03,331 - INFO - N_TRIALS = 1
2022-08-30 BST 17:50:03,331 - INFO - LOAD_OPTUNA_STUDY = None
2022-08-30 BST 17:50:03,331 - INFO - OPTUNA_STRINGS = {'None': None, 'True': True, 'False': False}
2022-08-30 BST 17:50:03,331 - INFO - TQDM = False
2022-08-30 BST 17:50:03,331 - INFO - 
hyperparameters = {
2022-08-30 BST 17:50:03,331 - INFO - 	'GRAPH_TYPE': 'ER2',
2022-08-30 BST 17:50:03,332 - INFO - 	'D': 30,
2022-08-30 BST 17:50:03,332 - INFO - 	'MAX_SIZE': None,
2022-08-30 BST 17:50:03,332 - INFO - 	'SEM_NOISE': 'gaussian_ev',
2022-08-30 BST 17:50:03,332 - INFO - 	'N': 1200,
2022-08-30 BST 17:50:03,332 - INFO - 	'VAL': 0.16666666666666666,
2022-08-30 BST 17:50:03,332 - INFO - 	'N_EPOCHS': 1000,
2022-08-30 BST 17:50:03,332 - INFO - 	'BATCH_SIZE': None,
2022-08-30 BST 17:50:03,332 - INFO - 	'LOG2_BATCH_SIZE': 3,
2022-08-30 BST 17:50:03,332 - INFO - 	'BATCH_SHUFFLE': True,
2022-08-30 BST 17:50:03,332 - INFO - 	'N_SAMPLES': 47,
2022-08-30 BST 17:50:03,332 - INFO - 	'MODE': 'max_dag_test_only',
2022-08-30 BST 17:50:03,332 - INFO - 	'AFAS_SCHEDULER': None,
2022-08-30 BST 17:50:03,332 - INFO - 	'MINIZINC_SOLVER': None,
2022-08-30 BST 17:50:03,332 - INFO - 	'f_LINEAR_LAYERS': (),
2022-08-30 BST 17:50:03,333 - INFO - 	'f_BIAS': False,
2022-08-30 BST 17:50:03,333 - INFO - 	'p_LAYER': None,
2022-08-30 BST 17:50:03,333 - INFO - 	'STREAMLINE': False,
2022-08-30 BST 17:50:03,333 - INFO - 	'THRESHOLD': 0.0,
2022-08-30 BST 17:50:03,333 - INFO - 	'h_LINEAR_LAYERS': (),
2022-08-30 BST 17:50:03,333 - INFO - 	'h_NULL': 0.00011373901985660933,
2022-08-30 BST 17:50:03,333 - INFO - 	'h_LR': 0.0016158450337500668,
2022-08-30 BST 17:50:03,333 - INFO - 	'h_OPTIMIZER': 'torch.optim.Adam(overall_net.h_net.parameters(), lr=h.h_LR)',
2022-08-30 BST 17:50:03,333 - INFO - 	'f_LR': 0.3720066380139224,
2022-08-30 BST 17:50:03,333 - INFO - 	'f_OPTIMIZER': 'torch.optim.Adam(overall_net.f_net.parameters(), lr=h.f_LR)',
2022-08-30 BST 17:50:03,333 - INFO - 	'NOISE_TEMPERATURE': 0.8785929148606203,
2022-08-30 BST 17:50:03,333 - INFO - 	'NOISE_DISTRIBUTION': 'LogisticNoiseDistribution()',
2022-08-30 BST 17:50:03,333 - INFO - 	'LAMBDA': 27.13959516077541,
2022-08-30 BST 17:50:03,333 - INFO - 	'LOSS_FN': 'torch.nn.MSELoss()',
2022-08-30 BST 17:50:03,334 - INFO - 	'ALPHA': None,
2022-08-30 BST 17:50:03,334 - INFO - 	'BETA': None,
2022-08-30 BST 17:50:03,334 - INFO - 	'REGULARIZER': None,
2022-08-30 BST 17:50:03,334 - INFO - 	'z_RHO': 0.157451211201,
2022-08-30 BST 17:50:03,334 - INFO - 	'z_MU': 0.00120806965197976,
2022-08-30 BST 17:50:03,334 - INFO - 	'z_REGULARIZER': 'NoTearsZRegularizer(h.D, h.z_RHO, h.z_MU, c.DEVICE)',
2022-08-30 BST 17:50:03,334 - INFO - 	'LR_SCHEDULER': None,
2022-08-30 BST 17:50:03,334 - INFO - 	'DATA_CATEGORY': 'big',
2022-08-30 BST 17:50:03,334 - INFO - 	'DAGS': '000'
2022-08-30 BST 17:50:03,334 - INFO - }

2022-08-30 BST 17:50:09,674 - INFO - 

DAG 0: size_true=53	X.var()=64.0950
2022-08-30 BST 18:14:08,858 - INFO -  epoch=1000      train_loss=   3.4126      val_loss=   2.6324      best=1      size=  64      nSHD_c=   1.4333      nSHD=   1.4333      tpr_c=   0.5625      change_adj_count=105      
2022-08-30 BST 18:14:08,859 - INFO - 

DAG 1: size_true=54	X.var()=18.0033
2022-08-30 BST 18:37:29,394 - INFO -  epoch=1000      train_loss=   1.7899      val_loss=   1.4523      best=1      size=  53      nSHD_c=   0.6000      nSHD=   0.5667      tpr_c=   0.8302      change_adj_count=79      
2022-08-30 BST 18:37:29,395 - INFO - 

DAG 2: size_true=51	X.var()=52.8714
2022-08-30 BST 19:01:31,597 - INFO -  epoch=1000      train_loss=   4.4065      val_loss=   3.7723      best=1      size=  63      nSHD_c=   0.6667      nSHD=   0.6667      tpr_c=   0.7460      change_adj_count=86      
2022-08-30 BST 19:01:31,598 - INFO - 

DAG 3: size_true=59	X.var()=57.0164
2022-08-30 BST 19:25:03,470 - INFO -  epoch=1000      train_loss=   2.5500      val_loss=   1.8041      best=1      size=  62      nSHD_c=   1.1000      nSHD=   1.1000      tpr_c=   0.6935      change_adj_count=88      
2022-08-30 BST 19:25:03,471 - INFO - 

DAG 4: size_true=46	X.var()=20.0969
2022-08-30 BST 19:47:54,461 - INFO -  epoch=1000      train_loss=   1.7964      val_loss=   1.4195      best=1      size=  46      nSHD_c=   0.5000      nSHD=   0.5000      tpr_c=   0.8261      change_adj_count=67      
2022-08-30 BST 19:47:54,462 - INFO - 

DAG 5: size_true=71	X.var()=46.6347
2022-08-30 BST 20:12:23,852 - INFO -  epoch=1000      train_loss=   2.9971      val_loss=   2.5547      best=1      size=  70      nSHD_c=   0.9000      nSHD=   0.9000      tpr_c=   0.8143      change_adj_count=89      
2022-08-30 BST 20:12:23,853 - INFO - 

DAG 6: size_true=56	X.var()=33.6011
2022-08-30 BST 20:41:30,509 - INFO -  epoch=1000      train_loss=   2.4007      val_loss=   1.7996      best=1      size=  57      nSHD_c=   1.3667      nSHD=   1.3333      tpr_c=   0.5965      change_adj_count=82      
2022-08-30 BST 20:41:30,511 - INFO - 

DAG 7: size_true=64	X.var()=445.8708
2022-08-30 BST 21:16:21,037 - INFO -  epoch=1000      train_loss=  40.3243      val_loss=  69.8415      best=1      size= 126      nSHD_c=   3.2667      nSHD=   3.2000      tpr_c=   0.3571      change_adj_count=281      
2022-08-30 BST 21:16:21,038 - INFO - 

DAG 8: size_true=56	X.var()=61.2067
2022-08-30 BST 21:46:31,089 - INFO -  epoch=1000      train_loss=   5.7004      val_loss=   3.1147      best=1      size=  62      nSHD_c=   1.1333      nSHD=   1.1333      tpr_c=   0.6774      change_adj_count=98      
2022-08-30 BST 21:46:31,090 - INFO - 

DAG 9: size_true=51	X.var()=9.8351
2022-08-30 BST 22:18:13,965 - INFO -  epoch=1000      train_loss=   1.3860      val_loss=   1.2526      best=1      size=  51      nSHD_c=   0.4000      nSHD=   0.4000      tpr_c=   0.8824      change_adj_count=68      
2022-08-30 BST 22:18:13,966 - INFO - 

DAG 10: size_true=62	X.var()=29.1091
2022-08-30 BST 22:49:33,261 - INFO -  epoch=1000      train_loss=   2.6089      val_loss=   2.7287      best=1      size=  53      nSHD_c=   0.8667      nSHD=   0.8000      tpr_c=   0.8113      change_adj_count=83      
2022-08-30 BST 22:49:33,263 - INFO - 

DAG 11: size_true=62	X.var()=23.3308
2022-08-30 BST 23:20:54,801 - INFO -  epoch=1000      train_loss=   1.7857      val_loss=   1.5594      best=1      size=  63      nSHD_c=   0.8333      nSHD=   0.7667      tpr_c=   0.7778      change_adj_count=84      
2022-08-30 BST 23:20:54,802 - INFO - 

DAG 12: size_true=57	X.var()=25.2445
2022-08-30 BST 23:52:52,659 - INFO -  epoch=1000      train_loss=   2.7120      val_loss=   1.8808      best=1      size=  57      nSHD_c=   1.2000      nSHD=   1.2000      tpr_c=   0.6667      change_adj_count=80      
2022-08-30 BST 23:52:52,661 - INFO - 

DAG 13: size_true=66	X.var()=78.0370
2022-08-31 BST 00:25:41,773 - INFO -  epoch=1000      train_loss=   4.3275      val_loss=   2.7485      best=1      size=  63      nSHD_c=   1.8333      nSHD=   1.8333      tpr_c=   0.5714      change_adj_count=95      
2022-08-31 BST 00:25:41,774 - INFO - 

DAG 14: size_true=43	X.var()=17.6479
2022-08-31 BST 00:56:26,023 - INFO -  epoch=1000      train_loss=   1.6280      val_loss=   1.4287      best=1      size=  42      nSHD_c=   0.5333      nSHD=   0.5667      tpr_c=   0.8095      change_adj_count=67      
2022-08-31 BST 00:56:26,024 - INFO - 

DAG 15: size_true=56	X.var()=19.7208
2022-08-31 BST 01:27:45,135 - INFO -  epoch=1000      train_loss=   2.4268      val_loss=   2.2242      best=1      size=  48      nSHD_c=   0.9000      nSHD=   0.8000      tpr_c=   0.7708      change_adj_count=65      
2022-08-31 BST 01:27:45,136 - INFO - 

DAG 16: size_true=58	X.var()=22.3043
2022-08-31 BST 01:59:24,758 - INFO -  epoch=1000      train_loss=   1.7872      val_loss=   1.4735      best=1      size=  62      nSHD_c=   0.5333      nSHD=   0.5333      tpr_c=   0.8387      change_adj_count=79      
2022-08-31 BST 01:59:24,759 - INFO - 

DAG 17: size_true=62	X.var()=41.4511
2022-08-31 BST 02:32:16,596 - INFO -  epoch=1000      train_loss=   2.3926      val_loss=   1.6862      best=1      size=  57      nSHD_c=   1.0667      nSHD=   1.0667      tpr_c=   0.7544      change_adj_count=82      
2022-08-31 BST 02:32:16,597 - INFO - 

DAG 18: size_true=54	X.var()=39.0733
2022-08-31 BST 03:03:57,852 - INFO -  epoch=1000      train_loss=   2.2759      val_loss=   1.6123      best=1      size=  55      nSHD_c=   0.4333      nSHD=   0.4333      tpr_c=   0.8727      change_adj_count=85      
2022-08-31 BST 03:03:57,853 - INFO - 

DAG 19: size_true=60	X.var()=48.6541
2022-08-31 BST 03:36:03,316 - INFO -  epoch=1000      train_loss=   2.1888      val_loss=   5.8709      best=1      size=  58      nSHD_c=   1.0667      nSHD=   1.0333      tpr_c=   0.7069      change_adj_count=85      
2022-08-31 BST 03:36:03,317 - INFO - 

DAG 20: size_true=53	X.var()=68.3311
2022-08-31 BST 04:08:45,950 - INFO -  epoch=1000      train_loss=   5.1941      val_loss=   2.1584      best=1      size=  61      nSHD_c=   1.3333      nSHD=   1.3333      tpr_c=   0.5902      change_adj_count=90      
2022-08-31 BST 04:08:45,951 - INFO - 

DAG 21: size_true=60	X.var()=156.8093
2022-08-31 BST 04:42:28,959 - INFO -  epoch=1000      train_loss=  16.8168      val_loss=  17.9302      best=1      size=  91      nSHD_c=   2.2333      nSHD=   2.2333      tpr_c=   0.4505      change_adj_count=256      
2022-08-31 BST 04:42:28,960 - INFO - 

DAG 22: size_true=60	X.var()=33.9422
2022-08-31 BST 05:14:29,251 - INFO -  epoch=1000      train_loss=   2.6825      val_loss=   1.9007      best=1      size=  59      nSHD_c=   1.0333      nSHD=   1.0333      tpr_c=   0.7458      change_adj_count=95      
2022-08-31 BST 05:14:29,252 - INFO - 

DAG 23: size_true=56	X.var()=19.4415
2022-08-31 BST 05:46:21,819 - INFO -  epoch=1000      train_loss=   1.9122      val_loss=   1.5137      best=1      size=  53      nSHD_c=   0.3667      nSHD=   0.3667      tpr_c=   0.9245      change_adj_count=76      
2022-08-31 BST 05:46:21,820 - INFO - 
last_mean_nshd_c=1.0667
2022-08-31 BST 05:46:21,820 - INFO - 
Time taken 11:56:19 (h:mm:ss)
2022-08-31 BST 05:46:21,820 - INFO - 
End of log for run 2022-08-30_BST_17:50:03,262_stoch_imle_l_none_009
