2022-08-30 BST 12:44:16,073 - INFO - 
Log for run 2022-08-30_BST_12:44:15,996_stoch_imle_l_none_003

2022-08-30 BST 12:44:16,074 - INFO - COMMENT = 'Test best MAX_SIZE=None Gumbel values with Logistic'
2022-08-30 BST 12:44:16,074 - INFO - DATA_FOLDER = '../data'
2022-08-30 BST 12:44:16,074 - INFO - LATENTS_FOLDER = '../latents'
2022-08-30 BST 12:44:16,074 - INFO - LOGS_FOLDER = '../logs'
2022-08-30 BST 12:44:16,074 - INFO - MODEL_FOLDER = '../models'
2022-08-30 BST 12:44:16,074 - INFO - RESULTS_FOLDER = '../results'
2022-08-30 BST 12:44:16,074 - INFO - DEVICE = torch.device("cuda" if torch.cuda.is_available() else "cpu")  # Used: "cuda"
2022-08-30 BST 12:44:16,074 - INFO - LATENTS = False
2022-08-30 BST 12:44:16,074 - INFO - MATRIX_REPORT = False
2022-08-30 BST 12:44:16,074 - INFO - LABEL = True
2022-08-30 BST 12:44:16,074 - INFO - SAVE_TO_ODS = False
2022-08-30 BST 12:44:16,074 - INFO - VAL_LOSS_FROM_DAG = True
2022-08-30 BST 12:44:16,075 - INFO - WANDB = False
2022-08-30 BST 12:44:16,075 - INFO - WANDB_PROJECT = 'Thetas'
2022-08-30 BST 12:44:16,075 - INFO - GRAD_LOG = False
2022-08-30 BST 12:44:16,075 - INFO - SAVE_RESULTS = False
2022-08-30 BST 12:44:16,075 - INFO - N_TRIALS = 1
2022-08-30 BST 12:44:16,075 - INFO - LOAD_OPTUNA_STUDY = None
2022-08-30 BST 12:44:16,075 - INFO - OPTUNA_STRINGS = {'None': None, 'True': True, 'False': False}
2022-08-30 BST 12:44:16,075 - INFO - TQDM = False
2022-08-30 BST 12:44:16,075 - INFO - 
hyperparameters = {
2022-08-30 BST 12:44:16,075 - INFO - 	'GRAPH_TYPE': 'ER2',
2022-08-30 BST 12:44:16,075 - INFO - 	'D': 30,
2022-08-30 BST 12:44:16,075 - INFO - 	'MAX_SIZE': None,
2022-08-30 BST 12:44:16,075 - INFO - 	'SEM_NOISE': 'gaussian_ev',
2022-08-30 BST 12:44:16,075 - INFO - 	'N': 1200,
2022-08-30 BST 12:44:16,075 - INFO - 	'VAL': 0.16666666666666666,
2022-08-30 BST 12:44:16,075 - INFO - 	'N_EPOCHS': 1000,
2022-08-30 BST 12:44:16,076 - INFO - 	'BATCH_SIZE': None,
2022-08-30 BST 12:44:16,076 - INFO - 	'LOG2_BATCH_SIZE': 3,
2022-08-30 BST 12:44:16,076 - INFO - 	'BATCH_SHUFFLE': True,
2022-08-30 BST 12:44:16,076 - INFO - 	'N_SAMPLES': 47,
2022-08-30 BST 12:44:16,076 - INFO - 	'MODE': 'max_dag_test_only',
2022-08-30 BST 12:44:16,076 - INFO - 	'AFAS_SCHEDULER': None,
2022-08-30 BST 12:44:16,076 - INFO - 	'MINIZINC_SOLVER': None,
2022-08-30 BST 12:44:16,076 - INFO - 	'f_LINEAR_LAYERS': (),
2022-08-30 BST 12:44:16,076 - INFO - 	'f_BIAS': False,
2022-08-30 BST 12:44:16,076 - INFO - 	'p_LAYER': None,
2022-08-30 BST 12:44:16,076 - INFO - 	'STREAMLINE': False,
2022-08-30 BST 12:44:16,076 - INFO - 	'THRESHOLD': 0.0,
2022-08-30 BST 12:44:16,076 - INFO - 	'h_LINEAR_LAYERS': (),
2022-08-30 BST 12:44:16,076 - INFO - 	'h_NULL': 0.00011373901985660933,
2022-08-30 BST 12:44:16,076 - INFO - 	'h_LR': 0.0016158450337500668,
2022-08-30 BST 12:44:16,076 - INFO - 	'h_OPTIMIZER': 'torch.optim.Adam(overall_net.h_net.parameters(), lr=h.h_LR)',
2022-08-30 BST 12:44:16,077 - INFO - 	'f_LR': 0.3720066380139224,
2022-08-30 BST 12:44:16,079 - INFO - 	'f_OPTIMIZER': 'torch.optim.Adam(overall_net.f_net.parameters(), lr=h.f_LR)',
2022-08-30 BST 12:44:16,080 - INFO - 	'NOISE_TEMPERATURE': 0.8785929148606203,
2022-08-30 BST 12:44:16,080 - INFO - 	'NOISE_DISTRIBUTION': 'LogisticNoiseDistribution()',
2022-08-30 BST 12:44:16,080 - INFO - 	'LAMBDA': 27.13959516077541,
2022-08-30 BST 12:44:16,080 - INFO - 	'LOSS_FN': 'torch.nn.MSELoss()',
2022-08-30 BST 12:44:16,080 - INFO - 	'ALPHA': None,
2022-08-30 BST 12:44:16,080 - INFO - 	'BETA': None,
2022-08-30 BST 12:44:16,080 - INFO - 	'REGULARIZER': None,
2022-08-30 BST 12:44:16,080 - INFO - 	'z_RHO': 0.157451211201,
2022-08-30 BST 12:44:16,080 - INFO - 	'z_MU': 0.00120806965197976,
2022-08-30 BST 12:44:16,080 - INFO - 	'z_REGULARIZER': 'NoTearsZRegularizer(h.D, h.z_RHO, h.z_MU, c.DEVICE)',
2022-08-30 BST 12:44:16,080 - INFO - 	'LR_SCHEDULER': None,
2022-08-30 BST 12:44:16,080 - INFO - 	'DATA_CATEGORY': 'big',
2022-08-30 BST 12:44:16,080 - INFO - 	'DAGS': '000'
2022-08-30 BST 12:44:16,080 - INFO - }

2022-08-30 BST 12:44:21,973 - INFO - 

DAG 0: size_true=53	X.var()=64.0950
2022-08-30 BST 13:50:53,497 - INFO -  epoch=1000      train_loss=   4.0305      val_loss=   2.8622      best=1      size=  63      nSHD_c=   1.4000      nSHD=   1.4000      tpr_c=   0.5714      change_adj_count=93      
2022-08-30 BST 13:50:53,498 - INFO - 

DAG 1: size_true=54	X.var()=18.0033
2022-08-30 BST 14:56:49,637 - INFO -  epoch=1000      train_loss=   2.0701      val_loss=   1.7247      best=1      size=  54      nSHD_c=   0.7667      nSHD=   0.7333      tpr_c=   0.7778      change_adj_count=75      
2022-08-30 BST 14:56:49,639 - INFO - 

DAG 2: size_true=51	X.var()=52.8714
2022-08-30 BST 16:02:47,942 - INFO -  epoch=1000      train_loss=   4.1881      val_loss=   7.6938      best=1      size=  63      nSHD_c=   0.6667      nSHD=   0.6667      tpr_c=   0.7460      change_adj_count=76      
2022-08-30 BST 16:02:47,943 - INFO - 

DAG 3: size_true=59	X.var()=57.0164
2022-08-30 BST 17:08:32,147 - INFO -  epoch=1000      train_loss=   2.8613      val_loss=   1.8724      best=1      size=  61      nSHD_c=   1.0333      nSHD=   1.0333      tpr_c=   0.7213      change_adj_count=92      
2022-08-30 BST 17:08:32,148 - INFO - 

DAG 4: size_true=46	X.var()=20.0969
2022-08-30 BST 18:13:18,811 - INFO -  epoch=1000      train_loss=   1.6270      val_loss=   1.4162      best=1      size=  45      nSHD_c=   0.5667      nSHD=   0.5667      tpr_c=   0.8000      change_adj_count=69      
2022-08-30 BST 18:13:18,812 - INFO - 

DAG 5: size_true=71	X.var()=46.6347
2022-08-30 BST 19:20:28,472 - INFO -  epoch=1000      train_loss=   3.0109      val_loss=   1.6692      best=1      size=  71      nSHD_c=   0.9333      nSHD=   0.9333      tpr_c=   0.8028      change_adj_count=94      
2022-08-30 BST 19:20:28,473 - INFO - 

DAG 6: size_true=56	X.var()=33.6011
2022-08-30 BST 20:27:39,004 - INFO -  epoch=1000      train_loss=   2.4445      val_loss=   1.7954      best=1      size=  57      nSHD_c=   1.3000      nSHD=   1.2667      tpr_c=   0.6140      change_adj_count=86      
2022-08-30 BST 20:27:39,005 - INFO - 

DAG 7: size_true=64	X.var()=445.8708
2022-08-30 BST 21:36:19,148 - INFO -  epoch=1000      train_loss=  35.5167      val_loss= 113.1718      best=1      size= 128      nSHD_c=   3.3333      nSHD=   3.2667      tpr_c=   0.3516      change_adj_count=342      
2022-08-30 BST 21:36:19,149 - INFO - 

DAG 8: size_true=56	X.var()=61.2067
2022-08-30 BST 22:07:04,443 - INFO -  epoch=1000      train_loss=   5.6277      val_loss=   3.9259      best=1      size=  63      nSHD_c=   1.1667      nSHD=   1.1667      tpr_c=   0.6667      change_adj_count=87      
2022-08-30 BST 22:07:04,444 - INFO - 

DAG 9: size_true=51	X.var()=9.8351
2022-08-30 BST 22:28:10,868 - INFO -  epoch=1000      train_loss=   1.4592      val_loss=   1.3306      best=1      size=  51      nSHD_c=   0.4000      nSHD=   0.4000      tpr_c=   0.8824      change_adj_count=67      
2022-08-30 BST 22:28:10,869 - INFO - 

DAG 10: size_true=62	X.var()=29.1091
2022-08-30 BST 22:48:31,422 - INFO -  epoch=1000      train_loss=   2.0477      val_loss=   2.4132      best=1      size=  54      nSHD_c=   0.9667      nSHD=   0.9000      tpr_c=   0.7778      change_adj_count=75      
2022-08-30 BST 22:48:31,423 - INFO - 

DAG 11: size_true=62	X.var()=23.3308
2022-08-30 BST 23:09:19,891 - INFO -  epoch=1000      train_loss=   1.7131      val_loss=   1.4925      best=1      size=  61      nSHD_c=   0.7000      nSHD=   0.6333      tpr_c=   0.8197      change_adj_count=87      
2022-08-30 BST 23:09:19,893 - INFO - 

DAG 12: size_true=57	X.var()=25.2445
2022-08-30 BST 23:30:17,497 - INFO -  epoch=1000      train_loss=   2.5644      val_loss=   2.0951      best=1      size=  57      nSHD_c=   1.2000      nSHD=   1.2000      tpr_c=   0.6667      change_adj_count=76      
2022-08-30 BST 23:30:17,499 - INFO - 

DAG 13: size_true=66	X.var()=78.0370
2022-08-30 BST 23:52:11,076 - INFO -  epoch=1000      train_loss=   4.3114      val_loss=   2.6118      best=1      size=  61      nSHD_c=   1.8000      nSHD=   1.8000      tpr_c=   0.5738      change_adj_count=97      
2022-08-30 BST 23:52:11,077 - INFO - 

DAG 14: size_true=43	X.var()=17.6479
2022-08-31 BST 00:12:32,543 - INFO -  epoch=1000      train_loss=   1.6462      val_loss=   1.4468      best=1      size=  43      nSHD_c=   0.5000      nSHD=   0.5333      tpr_c=   0.8140      change_adj_count=63      
2022-08-31 BST 00:12:32,544 - INFO - 

DAG 15: size_true=56	X.var()=19.7208
2022-08-31 BST 00:33:13,878 - INFO -  epoch=1000      train_loss=   2.1774      val_loss=   1.8634      best=1      size=  49      nSHD_c=   0.8333      nSHD=   0.7667      tpr_c=   0.7959      change_adj_count=69      
2022-08-31 BST 00:33:13,879 - INFO - 

DAG 16: size_true=58	X.var()=22.3043
2022-08-31 BST 00:53:54,371 - INFO -  epoch=1000      train_loss=   1.8305      val_loss=   1.4317      best=1      size=  61      nSHD_c=   0.5000      nSHD=   0.5000      tpr_c=   0.8525      change_adj_count=83      
2022-08-31 BST 00:53:54,372 - INFO - 

DAG 17: size_true=62	X.var()=41.4511
2022-08-31 BST 01:15:39,641 - INFO -  epoch=1000      train_loss=   2.3204      val_loss=   1.6126      best=1      size=  58      nSHD_c=   1.1000      nSHD=   1.1000      tpr_c=   0.7414      change_adj_count=83      
2022-08-31 BST 01:15:39,642 - INFO - 

DAG 18: size_true=54	X.var()=39.0733
2022-08-31 BST 01:36:41,374 - INFO -  epoch=1000      train_loss=   2.2887      val_loss=   1.6846      best=1      size=  54      nSHD_c=   0.5333      nSHD=   0.5333      tpr_c=   0.8519      change_adj_count=83      
2022-08-31 BST 01:36:41,375 - INFO - 

DAG 19: size_true=60	X.var()=48.6541
2022-08-31 BST 01:57:49,645 - INFO -  epoch=1000      train_loss=   2.2939      val_loss=   6.0293      best=1      size=  57      nSHD_c=   1.0667      nSHD=   1.0667      tpr_c=   0.7193      change_adj_count=86      
2022-08-31 BST 01:57:49,646 - INFO - 

DAG 20: size_true=53	X.var()=68.3311
2022-08-31 BST 02:19:42,681 - INFO -  epoch=1000      train_loss=   4.8040      val_loss=   2.6647      best=1      size=  62      nSHD_c=   1.3667      nSHD=   1.3667      tpr_c=   0.5806      change_adj_count=96      
2022-08-31 BST 02:19:42,683 - INFO - 

DAG 21: size_true=60	X.var()=156.8093
2022-08-31 BST 02:42:06,062 - INFO -  epoch=1000      train_loss=  15.6001      val_loss=  14.3560      best=1      size=  91      nSHD_c=   2.2333      nSHD=   2.2333      tpr_c=   0.4505      change_adj_count=239      
2022-08-31 BST 02:42:06,063 - INFO - 

DAG 22: size_true=60	X.var()=33.9422
2022-08-31 BST 03:03:25,386 - INFO -  epoch=1000      train_loss=   2.4867      val_loss=   1.7785      best=1      size=  59      nSHD_c=   0.9667      nSHD=   0.9667      tpr_c=   0.7627      change_adj_count=92      
2022-08-31 BST 03:03:25,387 - INFO - 

DAG 23: size_true=56	X.var()=19.4415
2022-08-31 BST 03:24:26,452 - INFO -  epoch=1000      train_loss=   1.7034      val_loss=   1.6364      best=1      size=  53      nSHD_c=   0.3667      nSHD=   0.3667      tpr_c=   0.9245      change_adj_count=78      
2022-08-31 BST 03:24:26,453 - INFO - 
last_mean_nshd_c=1.0708
2022-08-31 BST 03:24:26,453 - INFO - 
Time taken 14:40:10 (h:mm:ss)
2022-08-31 BST 03:24:26,453 - INFO - 
End of log for run 2022-08-30_BST_12:44:15,996_stoch_imle_l_none_003
