2022-08-30 BST 12:44:16,143 - INFO - 
Log for run 2022-08-30_BST_12:44:15,995_stoch_imle_l_none_002

2022-08-30 BST 12:44:16,143 - INFO - COMMENT = 'Test best MAX_SIZE=None Gumbel values with Logistic'
2022-08-30 BST 12:44:16,144 - INFO - DATA_FOLDER = '../data'
2022-08-30 BST 12:44:16,144 - INFO - LATENTS_FOLDER = '../latents'
2022-08-30 BST 12:44:16,144 - INFO - LOGS_FOLDER = '../logs'
2022-08-30 BST 12:44:16,144 - INFO - MODEL_FOLDER = '../models'
2022-08-30 BST 12:44:16,144 - INFO - RESULTS_FOLDER = '../results'
2022-08-30 BST 12:44:16,144 - INFO - DEVICE = torch.device("cuda" if torch.cuda.is_available() else "cpu")  # Used: "cuda"
2022-08-30 BST 12:44:16,144 - INFO - LATENTS = False
2022-08-30 BST 12:44:16,144 - INFO - MATRIX_REPORT = False
2022-08-30 BST 12:44:16,144 - INFO - LABEL = True
2022-08-30 BST 12:44:16,144 - INFO - SAVE_TO_ODS = False
2022-08-30 BST 12:44:16,144 - INFO - VAL_LOSS_FROM_DAG = True
2022-08-30 BST 12:44:16,144 - INFO - WANDB = False
2022-08-30 BST 12:44:16,144 - INFO - WANDB_PROJECT = 'Thetas'
2022-08-30 BST 12:44:16,144 - INFO - GRAD_LOG = False
2022-08-30 BST 12:44:16,144 - INFO - SAVE_RESULTS = False
2022-08-30 BST 12:44:16,144 - INFO - N_TRIALS = 1
2022-08-30 BST 12:44:16,144 - INFO - LOAD_OPTUNA_STUDY = None
2022-08-30 BST 12:44:16,144 - INFO - OPTUNA_STRINGS = {'None': None, 'True': True, 'False': False}
2022-08-30 BST 12:44:16,144 - INFO - TQDM = False
2022-08-30 BST 12:44:16,144 - INFO - 
hyperparameters = {
2022-08-30 BST 12:44:16,144 - INFO - 	'GRAPH_TYPE': 'ER2',
2022-08-30 BST 12:44:16,144 - INFO - 	'D': 30,
2022-08-30 BST 12:44:16,144 - INFO - 	'MAX_SIZE': None,
2022-08-30 BST 12:44:16,144 - INFO - 	'SEM_NOISE': 'gaussian_ev',
2022-08-30 BST 12:44:16,144 - INFO - 	'N': 1200,
2022-08-30 BST 12:44:16,144 - INFO - 	'VAL': 0.16666666666666666,
2022-08-30 BST 12:44:16,144 - INFO - 	'N_EPOCHS': 1000,
2022-08-30 BST 12:44:16,144 - INFO - 	'BATCH_SIZE': None,
2022-08-30 BST 12:44:16,144 - INFO - 	'LOG2_BATCH_SIZE': 3,
2022-08-30 BST 12:44:16,144 - INFO - 	'BATCH_SHUFFLE': True,
2022-08-30 BST 12:44:16,144 - INFO - 	'N_SAMPLES': 47,
2022-08-30 BST 12:44:16,144 - INFO - 	'MODE': 'max_dag_test_only',
2022-08-30 BST 12:44:16,144 - INFO - 	'AFAS_SCHEDULER': None,
2022-08-30 BST 12:44:16,145 - INFO - 	'MINIZINC_SOLVER': None,
2022-08-30 BST 12:44:16,145 - INFO - 	'f_LINEAR_LAYERS': (),
2022-08-30 BST 12:44:16,145 - INFO - 	'f_BIAS': False,
2022-08-30 BST 12:44:16,145 - INFO - 	'p_LAYER': None,
2022-08-30 BST 12:44:16,145 - INFO - 	'STREAMLINE': False,
2022-08-30 BST 12:44:16,145 - INFO - 	'THRESHOLD': 0.0,
2022-08-30 BST 12:44:16,145 - INFO - 	'h_LINEAR_LAYERS': (),
2022-08-30 BST 12:44:16,145 - INFO - 	'h_NULL': 0.00011373901985660933,
2022-08-30 BST 12:44:16,145 - INFO - 	'h_LR': 0.0016158450337500668,
2022-08-30 BST 12:44:16,145 - INFO - 	'h_OPTIMIZER': 'torch.optim.Adam(overall_net.h_net.parameters(), lr=h.h_LR)',
2022-08-30 BST 12:44:16,145 - INFO - 	'f_LR': 0.3720066380139224,
2022-08-30 BST 12:44:16,145 - INFO - 	'f_OPTIMIZER': 'torch.optim.Adam(overall_net.f_net.parameters(), lr=h.f_LR)',
2022-08-30 BST 12:44:16,145 - INFO - 	'NOISE_TEMPERATURE': 0.8785929148606203,
2022-08-30 BST 12:44:16,145 - INFO - 	'NOISE_DISTRIBUTION': 'LogisticNoiseDistribution()',
2022-08-30 BST 12:44:16,145 - INFO - 	'LAMBDA': 27.13959516077541,
2022-08-30 BST 12:44:16,145 - INFO - 	'LOSS_FN': 'torch.nn.MSELoss()',
2022-08-30 BST 12:44:16,145 - INFO - 	'ALPHA': None,
2022-08-30 BST 12:44:16,145 - INFO - 	'BETA': None,
2022-08-30 BST 12:44:16,145 - INFO - 	'REGULARIZER': None,
2022-08-30 BST 12:44:16,145 - INFO - 	'z_RHO': 0.157451211201,
2022-08-30 BST 12:44:16,145 - INFO - 	'z_MU': 0.00120806965197976,
2022-08-30 BST 12:44:16,145 - INFO - 	'z_REGULARIZER': 'NoTearsZRegularizer(h.D, h.z_RHO, h.z_MU, c.DEVICE)',
2022-08-30 BST 12:44:16,145 - INFO - 	'LR_SCHEDULER': None,
2022-08-30 BST 12:44:16,145 - INFO - 	'DATA_CATEGORY': 'big',
2022-08-30 BST 12:44:16,145 - INFO - 	'DAGS': '000'
2022-08-30 BST 12:44:16,145 - INFO - }

2022-08-30 BST 12:44:21,972 - INFO - 

DAG 0: size_true=53	X.var()=64.0950
2022-08-30 BST 13:39:15,005 - INFO -  epoch=1000      train_loss=   3.5901      val_loss=   2.5483      best=1      size=  64      nSHD_c=   1.4333      nSHD=   1.4333      tpr_c=   0.5625      change_adj_count=95      
2022-08-30 BST 13:39:15,008 - INFO - 

DAG 1: size_true=54	X.var()=18.0033
2022-08-30 BST 14:33:29,541 - INFO -  epoch=1000      train_loss=   1.8995      val_loss=   1.4749      best=1      size=  53      nSHD_c=   0.6667      nSHD=   0.6333      tpr_c=   0.8113      change_adj_count=76      
2022-08-30 BST 14:33:29,542 - INFO - 

DAG 2: size_true=51	X.var()=52.8714
2022-08-30 BST 15:26:28,746 - INFO -  epoch=1000      train_loss=   4.6893      val_loss=   5.3973      best=1      size=  63      nSHD_c=   0.6667      nSHD=   0.6667      tpr_c=   0.7460      change_adj_count=85      
2022-08-30 BST 15:26:28,748 - INFO - 

DAG 3: size_true=59	X.var()=57.0164
2022-08-30 BST 16:16:43,436 - INFO -  epoch=1000      train_loss=   3.3957      val_loss=   1.8292      best=1      size=  61      nSHD_c=   1.1000      nSHD=   1.1000      tpr_c=   0.7049      change_adj_count=94      
2022-08-30 BST 16:16:43,438 - INFO - 

DAG 4: size_true=46	X.var()=20.0969
2022-08-30 BST 17:03:24,019 - INFO -  epoch=1000      train_loss=   1.7144      val_loss=   1.3909      best=1      size=  47      nSHD_c=   0.5000      nSHD=   0.5333      tpr_c=   0.8085      change_adj_count=74      
2022-08-30 BST 17:03:24,021 - INFO - 

DAG 5: size_true=71	X.var()=46.6347
2022-08-30 BST 18:53:07,743 - INFO -  epoch=1000      train_loss=   2.5884      val_loss=   1.6301      best=1      size=  71      nSHD_c=   0.8667      nSHD=   0.8667      tpr_c=   0.8169      change_adj_count=97      
2022-08-30 BST 18:53:07,746 - INFO - 

DAG 6: size_true=56	X.var()=33.6011
2022-08-30 BST 21:01:44,045 - INFO -  epoch=1000      train_loss=   2.5735      val_loss=   1.8812      best=1      size=  57      nSHD_c=   1.3667      nSHD=   1.3333      tpr_c=   0.5965      change_adj_count=80      
2022-08-30 BST 21:01:44,059 - INFO - 

DAG 7: size_true=64	X.var()=445.8708
2022-08-30 BST 22:42:44,399 - INFO -  epoch=1000      train_loss=  44.2204      val_loss=  57.9093      best=1      size= 124      nSHD_c=   3.1333      nSHD=   3.0667      tpr_c=   0.3710      change_adj_count=325      
2022-08-30 BST 22:42:44,411 - INFO - 

DAG 8: size_true=56	X.var()=61.2067
2022-08-31 BST 00:06:49,844 - INFO -  epoch=1000      train_loss=   5.5909      val_loss=   5.5353      best=1      size=  64      nSHD_c=   1.2000      nSHD=   1.2000      tpr_c=   0.6562      change_adj_count=97      
2022-08-31 BST 00:06:49,845 - INFO - 

DAG 9: size_true=51	X.var()=9.8351
2022-08-31 BST 00:58:36,591 - INFO -  epoch=1000      train_loss=   1.3631      val_loss=   1.3105      best=1      size=  50      nSHD_c=   0.3000      nSHD=   0.3000      tpr_c=   0.9200      change_adj_count=68      
2022-08-31 BST 00:58:36,594 - INFO - 

DAG 10: size_true=62	X.var()=29.1091
2022-08-31 BST 01:35:46,862 - INFO -  epoch=1000      train_loss=   2.1756      val_loss=   2.6548      best=1      size=  53      nSHD_c=   0.9333      nSHD=   0.8667      tpr_c=   0.7925      change_adj_count=83      
2022-08-31 BST 01:35:46,864 - INFO - 

DAG 11: size_true=62	X.var()=23.3308
2022-08-31 BST 02:13:02,537 - INFO -  epoch=1000      train_loss=   1.9331      val_loss=   1.3925      best=1      size=  60      nSHD_c=   0.6667      nSHD=   0.6000      tpr_c=   0.8333      change_adj_count=84      
2022-08-31 BST 02:13:02,539 - INFO - 

DAG 12: size_true=57	X.var()=25.2445
2022-08-31 BST 02:51:35,367 - INFO -  epoch=1000      train_loss=   2.6286      val_loss=   2.8013      best=1      size=  57      nSHD_c=   1.1333      nSHD=   1.1333      tpr_c=   0.6842      change_adj_count=77      
2022-08-31 BST 02:51:35,369 - INFO - 

DAG 13: size_true=66	X.var()=78.0370
2022-08-31 BST 03:31:45,346 - INFO -  epoch=1000      train_loss=   4.6626      val_loss=   2.8142      best=1      size=  63      nSHD_c=   1.8667      nSHD=   1.8667      tpr_c=   0.5556      change_adj_count=94      
2022-08-31 BST 03:31:45,347 - INFO - 

DAG 14: size_true=43	X.var()=17.6479
2022-08-31 BST 04:08:09,947 - INFO -  epoch=1000      train_loss=   1.7190      val_loss=   1.4052      best=1      size=  43      nSHD_c=   0.4667      nSHD=   0.5000      tpr_c=   0.8372      change_adj_count=66      
2022-08-31 BST 04:08:09,950 - INFO - 

DAG 15: size_true=56	X.var()=19.7208
2022-08-31 BST 04:45:23,489 - INFO -  epoch=1000      train_loss=   2.0948      val_loss=   1.8677      best=1      size=  49      nSHD_c=   0.9000      nSHD=   0.8333      tpr_c=   0.7755      change_adj_count=68      
2022-08-31 BST 04:45:23,491 - INFO - 

DAG 16: size_true=58	X.var()=22.3043
2022-08-31 BST 05:23:19,386 - INFO -  epoch=1000      train_loss=   1.8279      val_loss=   1.2662      best=1      size=  62      nSHD_c=   0.5333      nSHD=   0.5333      tpr_c=   0.8387      change_adj_count=82      
2022-08-31 BST 05:23:19,388 - INFO - 

DAG 17: size_true=62	X.var()=41.4511
2022-08-31 BST 06:03:43,886 - INFO -  epoch=1000      train_loss=   2.4054      val_loss=   1.6551      best=1      size=  58      nSHD_c=   1.1667      nSHD=   1.1667      tpr_c=   0.7241      change_adj_count=85      
2022-08-31 BST 06:03:43,888 - INFO - 

DAG 18: size_true=54	X.var()=39.0733
2022-08-31 BST 06:41:35,938 - INFO -  epoch=1000      train_loss=   2.3862      val_loss=   1.6775      best=1      size=  55      nSHD_c=   0.5000      nSHD=   0.5000      tpr_c=   0.8545      change_adj_count=81      
2022-08-31 BST 06:41:35,941 - INFO - 

DAG 19: size_true=60	X.var()=48.6541
2022-08-31 BST 07:20:16,710 - INFO -  epoch=1000      train_loss=   2.7414      val_loss=   6.0478      best=1      size=  57      nSHD_c=   1.0667      nSHD=   1.0667      tpr_c=   0.7193      change_adj_count=85      
2022-08-31 BST 07:20:16,711 - INFO - 

DAG 20: size_true=53	X.var()=68.3311
2022-08-31 BST 08:00:08,526 - INFO -  epoch=1000      train_loss=   5.4944      val_loss=   2.5199      best=1      size=  61      nSHD_c=   1.3333      nSHD=   1.3333      tpr_c=   0.5902      change_adj_count=115      
2022-08-31 BST 08:00:08,529 - INFO - 

DAG 21: size_true=60	X.var()=156.8093
2022-08-31 BST 08:42:26,879 - INFO -  epoch=1000      train_loss=  14.0719      val_loss=  19.5467      best=1      size=  90      nSHD_c=   2.2667      nSHD=   2.2667      tpr_c=   0.4444      change_adj_count=289      
2022-08-31 BST 08:42:26,881 - INFO - 

DAG 22: size_true=60	X.var()=33.9422
2022-08-31 BST 09:21:25,522 - INFO -  epoch=1000      train_loss=   2.6040      val_loss=   1.8977      best=1      size=  60      nSHD_c=   1.0000      nSHD=   1.0000      tpr_c=   0.7500      change_adj_count=91      
2022-08-31 BST 09:21:25,524 - INFO - 

DAG 23: size_true=56	X.var()=19.4415
2022-08-31 BST 10:00:46,780 - INFO -  epoch=1000      train_loss=   1.6729      val_loss=   1.4689      best=1      size=  53      nSHD_c=   0.3000      nSHD=   0.3000      tpr_c=   0.9434      change_adj_count=80      
2022-08-31 BST 10:00:46,782 - INFO - 
last_mean_nshd_c=1.0569
2022-08-31 BST 10:00:46,782 - INFO - 
Time taken 21:16:31 (h:mm:ss)
2022-08-31 BST 10:00:46,782 - INFO - 
End of log for run 2022-08-30_BST_12:44:15,995_stoch_imle_l_none_002
