2022-09-01 BST 23:31:07,602 - INFO - 
Log for run 2022-09-01_BST_23:31:07,534_stoch_ste_l_84_005

2022-09-01 BST 23:31:07,603 - INFO - COMMENT = 'For Optuna on STE'
2022-09-01 BST 23:31:07,603 - INFO - DATA_FOLDER = '../data'
2022-09-01 BST 23:31:07,603 - INFO - LATENTS_FOLDER = '../latents'
2022-09-01 BST 23:31:07,603 - INFO - LOGS_FOLDER = '../logs'
2022-09-01 BST 23:31:07,603 - INFO - MODEL_FOLDER = '../models'
2022-09-01 BST 23:31:07,603 - INFO - RESULTS_FOLDER = '../results'
2022-09-01 BST 23:31:07,603 - INFO - DEVICE = torch.device("cuda" if torch.cuda.is_available() else "cpu")  # Used: "cuda"
2022-09-01 BST 23:31:07,603 - INFO - LATENTS = False
2022-09-01 BST 23:31:07,603 - INFO - MATRIX_REPORT = False
2022-09-01 BST 23:31:07,604 - INFO - LABEL = True
2022-09-01 BST 23:31:07,604 - INFO - SAVE_TO_ODS = False
2022-09-01 BST 23:31:07,604 - INFO - VAL_LOSS_FROM_DAG = True
2022-09-01 BST 23:31:07,604 - INFO - WANDB = False
2022-09-01 BST 23:31:07,604 - INFO - WANDB_PROJECT = 'Thetas'
2022-09-01 BST 23:31:07,604 - INFO - GRAD_LOG = False
2022-09-01 BST 23:31:07,604 - INFO - SAVE_RESULTS = False
2022-09-01 BST 23:31:07,604 - INFO - N_TRIALS = 1
2022-09-01 BST 23:31:07,604 - INFO - LOAD_OPTUNA_STUDY = None
2022-09-01 BST 23:31:07,604 - INFO - OPTUNA_STRINGS = {'None': None, 'True': True, 'False': False}
2022-09-01 BST 23:31:07,604 - INFO - TQDM = False
2022-09-01 BST 23:31:07,604 - INFO - 
hyperparameters = {
2022-09-01 BST 23:31:07,604 - INFO - 	'GRAPH_TYPE': 'ER2',
2022-09-01 BST 23:31:07,604 - INFO - 	'D': 30,
2022-09-01 BST 23:31:07,604 - INFO - 	'MAX_SIZE': 84,
2022-09-01 BST 23:31:07,604 - INFO - 	'SEM_NOISE': 'gaussian_ev',
2022-09-01 BST 23:31:07,605 - INFO - 	'N': 1200,
2022-09-01 BST 23:31:07,605 - INFO - 	'VAL': 0.16666666666666666,
2022-09-01 BST 23:31:07,605 - INFO - 	'N_EPOCHS': 1000,
2022-09-01 BST 23:31:07,605 - INFO - 	'BATCH_SIZE': None,
2022-09-01 BST 23:31:07,605 - INFO - 	'LOG2_BATCH_SIZE': 4,
2022-09-01 BST 23:31:07,605 - INFO - 	'BATCH_SHUFFLE': True,
2022-09-01 BST 23:31:07,605 - INFO - 	'N_SAMPLES': 10,
2022-09-01 BST 23:31:07,605 - INFO - 	'MODE': 'max_dag_test_only',
2022-09-01 BST 23:31:07,605 - INFO - 	'AFAS_SCHEDULER': None,
2022-09-01 BST 23:31:07,605 - INFO - 	'MINIZINC_SOLVER': None,
2022-09-01 BST 23:31:07,605 - INFO - 	'f_LINEAR_LAYERS': (),
2022-09-01 BST 23:31:07,605 - INFO - 	'f_BIAS': False,
2022-09-01 BST 23:31:07,605 - INFO - 	'p_LAYER': 'STE',
2022-09-01 BST 23:31:07,605 - INFO - 	'STREAMLINE': False,
2022-09-01 BST 23:31:07,605 - INFO - 	'THRESHOLD': 0.0,
2022-09-01 BST 23:31:07,605 - INFO - 	'h_LINEAR_LAYERS': (),
2022-09-01 BST 23:31:07,606 - INFO - 	'h_NULL': 0.0216881787013694,
2022-09-01 BST 23:31:07,606 - INFO - 	'h_LR': 0.000113389232350646,
2022-09-01 BST 23:31:07,606 - INFO - 	'h_OPTIMIZER': 'torch.optim.Adam(overall_net.h_net.parameters(), lr=h.h_LR)',
2022-09-01 BST 23:31:07,606 - INFO - 	'f_LR': 0.0123204369681095,
2022-09-01 BST 23:31:07,606 - INFO - 	'f_OPTIMIZER': 'torch.optim.Adam(overall_net.f_net.parameters(), lr=h.f_LR)',
2022-09-01 BST 23:31:07,606 - INFO - 	'NOISE_TEMPERATURE': 0.177138167187175,
2022-09-01 BST 23:31:07,606 - INFO - 	'NOISE_DISTRIBUTION': 'LogisticNoiseDistribution()',
2022-09-01 BST 23:31:07,606 - INFO - 	'LAMBDA': 1,
2022-09-01 BST 23:31:07,606 - INFO - 	'LOSS_FN': 'torch.nn.MSELoss()',
2022-09-01 BST 23:31:07,606 - INFO - 	'ALPHA': None,
2022-09-01 BST 23:31:07,606 - INFO - 	'BETA': None,
2022-09-01 BST 23:31:07,606 - INFO - 	'REGULARIZER': None,
2022-09-01 BST 23:31:07,606 - INFO - 	'z_RHO': 0.410122763411552,
2022-09-01 BST 23:31:07,606 - INFO - 	'z_MU': 0.0102343788252807,
2022-09-01 BST 23:31:07,606 - INFO - 	'z_REGULARIZER': 'NoTearsZRegularizer(h.D, h.z_RHO, h.z_MU, c.DEVICE)',
2022-09-01 BST 23:31:07,606 - INFO - 	'LR_SCHEDULER': None,
2022-09-01 BST 23:31:07,607 - INFO - 	'DATA_CATEGORY': 'big',
2022-09-01 BST 23:31:07,607 - INFO - 	'DAGS': '000'
2022-09-01 BST 23:31:07,607 - INFO - }

2022-09-01 BST 23:31:09,879 - INFO - 

DAG 0: size_true=53	X.var()=64.0950
2022-09-01 BST 23:37:58,162 - INFO -  epoch=1000      train_loss=   1.8493      val_loss=   1.4581      best=1      size=  64      nSHD_c=   1.3667      nSHD=   1.3667      tpr_c=   0.5781      change_adj_count=123      
2022-09-01 BST 23:37:58,164 - INFO - 

DAG 1: size_true=54	X.var()=18.0033
2022-09-01 BST 23:44:30,686 - INFO -  epoch=1000      train_loss=   1.4095      val_loss=   1.0678      best=1      size=  55      nSHD_c=   0.3667      nSHD=   0.3333      tpr_c=   0.8727      change_adj_count=110      
2022-09-01 BST 23:44:30,687 - INFO - 

DAG 2: size_true=51	X.var()=52.8714
2022-09-01 BST 23:51:02,635 - INFO -  epoch=1000      train_loss=   1.4446      val_loss=   1.0435      best=1      size=  51      nSHD_c=   0.0667      nSHD=   0.0667      tpr_c=   0.9804      change_adj_count=93      
2022-09-01 BST 23:51:02,637 - INFO - 

DAG 3: size_true=59	X.var()=57.0164
2022-09-01 BST 23:57:37,092 - INFO -  epoch=1000      train_loss=   1.6478      val_loss=   1.3803      best=1      size=  56      nSHD_c=   0.7333      nSHD=   0.7000      tpr_c=   0.8036      change_adj_count=119      
2022-09-01 BST 23:57:37,094 - INFO - 

DAG 4: size_true=46	X.var()=20.0969
2022-09-02 BST 00:04:06,347 - INFO -  epoch=1000      train_loss=   1.3034      val_loss=   1.0472      best=1      size=  48      nSHD_c=   0.3000      nSHD=   0.3333      tpr_c=   0.8750      change_adj_count=96      
2022-09-02 BST 00:04:06,348 - INFO - 

DAG 5: size_true=71	X.var()=46.6347
2022-09-02 BST 00:10:35,280 - INFO -  epoch=1000      train_loss=   1.5530      val_loss=   1.0591      best=1      size=  66      nSHD_c=   0.4000      nSHD=   0.4000      tpr_c=   0.9394      change_adj_count=117      
2022-09-02 BST 00:10:35,282 - INFO - 

DAG 6: size_true=56	X.var()=33.6011
2022-09-02 BST 00:17:07,492 - INFO -  epoch=1000      train_loss=   1.6003      val_loss=   1.2736      best=1      size=  59      nSHD_c=   1.0000      nSHD=   0.9667      tpr_c=   0.6780      change_adj_count=124      
2022-09-02 BST 00:17:07,494 - INFO - 

DAG 7: size_true=64	X.var()=445.8708
2022-09-02 BST 00:23:47,302 - INFO -  epoch=1000      train_loss=   1.6858      val_loss=   1.4411      best=1      size=  69      nSHD_c=   1.4000      nSHD=   1.2667      tpr_c=   0.6232      change_adj_count=175      
2022-09-02 BST 00:23:47,303 - INFO - 

DAG 8: size_true=56	X.var()=61.2067
2022-09-02 BST 00:30:25,281 - INFO -  epoch=1000      train_loss=   1.5869      val_loss=   1.1677      best=1      size=  56      nSHD_c=   0.5333      nSHD=   0.5333      tpr_c=   0.8571      change_adj_count=110      
2022-09-02 BST 00:30:25,283 - INFO - 

DAG 9: size_true=51	X.var()=9.8351
2022-09-02 BST 00:36:53,140 - INFO -  epoch=1000      train_loss=   1.3320      val_loss=   1.0389      best=1      size=  49      nSHD_c=   0.1333      nSHD=   0.1333      tpr_c=   0.9796      change_adj_count=69      
2022-09-02 BST 00:36:53,142 - INFO - 

DAG 10: size_true=62	X.var()=29.1091
2022-09-02 BST 00:43:16,109 - INFO -  epoch=1000      train_loss=   1.5882      val_loss=   1.2272      best=1      size=  58      nSHD_c=   0.9000      nSHD=   0.9000      tpr_c=   0.7931      change_adj_count=101      
2022-09-02 BST 00:43:16,110 - INFO - 

DAG 11: size_true=62	X.var()=23.3308
2022-09-02 BST 00:49:54,187 - INFO -  epoch=1000      train_loss=   1.4636      val_loss=   1.0937      best=1      size=  61      nSHD_c=   0.2333      nSHD=   0.2333      tpr_c=   0.9508      change_adj_count=109      
2022-09-02 BST 00:49:54,188 - INFO - 

DAG 12: size_true=57	X.var()=25.2445
2022-09-02 BST 00:56:24,181 - INFO -  epoch=1000      train_loss=   1.6794      val_loss=   1.3528      best=1      size=  57      nSHD_c=   0.8667      nSHD=   0.8667      tpr_c=   0.7719      change_adj_count=97      
2022-09-02 BST 00:56:24,182 - INFO - 

DAG 13: size_true=66	X.var()=78.0370
2022-09-02 BST 01:02:52,684 - INFO -  epoch=1000      train_loss=   1.8718      val_loss=   1.4562      best=1      size=  68      nSHD_c=   1.2000      nSHD=   1.2000      tpr_c=   0.7059      change_adj_count=143      
2022-09-02 BST 01:02:52,686 - INFO - 

DAG 14: size_true=43	X.var()=17.6479
2022-09-02 BST 01:09:18,094 - INFO -  epoch=1000      train_loss=   1.3510      val_loss=   1.3840      best=1      size=  42      nSHD_c=   0.6333      nSHD=   0.5667      tpr_c=   0.7381      change_adj_count=96      
2022-09-02 BST 01:09:18,096 - INFO - 

DAG 15: size_true=56	X.var()=19.7208
2022-09-02 BST 01:15:47,660 - INFO -  epoch=1000      train_loss=   1.5291      val_loss=   1.2413      best=1      size=  54      nSHD_c=   0.7333      nSHD=   0.7000      tpr_c=   0.7963      change_adj_count=111      
2022-09-02 BST 01:15:47,661 - INFO - 

DAG 16: size_true=58	X.var()=22.3043
2022-09-02 BST 01:22:16,840 - INFO -  epoch=1000      train_loss=   1.4630      val_loss=   1.0929      best=1      size=  61      nSHD_c=   0.5000      nSHD=   0.4333      tpr_c=   0.8361      change_adj_count=114      
2022-09-02 BST 01:22:16,842 - INFO - 

DAG 17: size_true=62	X.var()=41.4511
2022-09-02 BST 01:28:54,812 - INFO -  epoch=1000      train_loss=   1.5861      val_loss=   1.2807      best=1      size=  59      nSHD_c=   1.1667      nSHD=   1.1000      tpr_c=   0.7119      change_adj_count=107      
2022-09-02 BST 01:28:54,813 - INFO - 

DAG 18: size_true=54	X.var()=39.0733
2022-09-02 BST 01:35:25,186 - INFO -  epoch=1000      train_loss=   1.3250      val_loss=   1.0625      best=1      size=  52      nSHD_c=   0.2333      nSHD=   0.2000      tpr_c=   0.9423      change_adj_count=106      
2022-09-02 BST 01:35:25,188 - INFO - 

DAG 19: size_true=60	X.var()=48.6541
2022-09-02 BST 01:41:48,083 - INFO -  epoch=1000      train_loss=   1.5433      val_loss=   1.2069      best=1      size=  60      nSHD_c=   0.7000      nSHD=   0.6667      tpr_c=   0.8000      change_adj_count=108      
2022-09-02 BST 01:41:48,084 - INFO - 

DAG 20: size_true=53	X.var()=68.3311
2022-09-02 BST 01:48:17,116 - INFO -  epoch=1000      train_loss=   1.5225      val_loss=   1.1770      best=1      size=  59      nSHD_c=   1.0000      nSHD=   0.9333      tpr_c=   0.6610      change_adj_count=109      
2022-09-02 BST 01:48:17,117 - INFO - 

DAG 21: size_true=60	X.var()=156.8093
2022-09-02 BST 01:54:46,935 - INFO -  epoch=1000      train_loss=   1.9561      val_loss=   1.4717      best=1      size=  66      nSHD_c=   1.2333      nSHD=   1.2000      tpr_c=   0.6515      change_adj_count=167      
2022-09-02 BST 01:54:46,936 - INFO - 

DAG 22: size_true=60	X.var()=33.9422
2022-09-02 BST 02:01:15,976 - INFO -  epoch=1000      train_loss=   1.5763      val_loss=   1.1721      best=1      size=  59      nSHD_c=   0.7333      nSHD=   0.6667      tpr_c=   0.7966      change_adj_count=107      
2022-09-02 BST 02:01:15,978 - INFO - 

DAG 23: size_true=56	X.var()=19.4415
2022-09-02 BST 02:07:54,850 - INFO -  epoch=1000      train_loss=   1.4377      val_loss=   1.1517      best=1      size=  52      nSHD_c=   0.2667      nSHD=   0.2000      tpr_c=   0.9423      change_adj_count=83      
2022-09-02 BST 02:07:54,851 - INFO - 
last_mean_nshd_c=0.6958
2022-09-02 BST 02:07:54,851 - INFO - 
Time taken 2:36:47 (h:mm:ss)
2022-09-02 BST 02:07:54,851 - INFO - 
End of log for run 2022-09-01_BST_23:31:07,534_stoch_ste_l_84_005
