2022-09-01 BST 23:30:58,815 - INFO - 
Log for run 2022-09-01_BST_23:30:58,733_stoch_ste_l_84_007

2022-09-01 BST 23:30:58,816 - INFO - COMMENT = 'For Optuna on STE'
2022-09-01 BST 23:30:58,816 - INFO - DATA_FOLDER = '../data'
2022-09-01 BST 23:30:58,817 - INFO - LATENTS_FOLDER = '../latents'
2022-09-01 BST 23:30:58,817 - INFO - LOGS_FOLDER = '../logs'
2022-09-01 BST 23:30:58,817 - INFO - MODEL_FOLDER = '../models'
2022-09-01 BST 23:30:58,817 - INFO - RESULTS_FOLDER = '../results'
2022-09-01 BST 23:30:58,817 - INFO - DEVICE = torch.device("cuda" if torch.cuda.is_available() else "cpu")  # Used: "cuda"
2022-09-01 BST 23:30:58,817 - INFO - LATENTS = False
2022-09-01 BST 23:30:58,817 - INFO - MATRIX_REPORT = False
2022-09-01 BST 23:30:58,817 - INFO - LABEL = True
2022-09-01 BST 23:30:58,817 - INFO - SAVE_TO_ODS = False
2022-09-01 BST 23:30:58,817 - INFO - VAL_LOSS_FROM_DAG = True
2022-09-01 BST 23:30:58,817 - INFO - WANDB = False
2022-09-01 BST 23:30:58,817 - INFO - WANDB_PROJECT = 'Thetas'
2022-09-01 BST 23:30:58,817 - INFO - GRAD_LOG = False
2022-09-01 BST 23:30:58,817 - INFO - SAVE_RESULTS = False
2022-09-01 BST 23:30:58,817 - INFO - N_TRIALS = 1
2022-09-01 BST 23:30:58,818 - INFO - LOAD_OPTUNA_STUDY = None
2022-09-01 BST 23:30:58,818 - INFO - OPTUNA_STRINGS = {'None': None, 'True': True, 'False': False}
2022-09-01 BST 23:30:58,818 - INFO - TQDM = False
2022-09-01 BST 23:30:58,818 - INFO - 
hyperparameters = {
2022-09-01 BST 23:30:58,818 - INFO - 	'GRAPH_TYPE': 'ER2',
2022-09-01 BST 23:30:58,818 - INFO - 	'D': 30,
2022-09-01 BST 23:30:58,818 - INFO - 	'MAX_SIZE': 84,
2022-09-01 BST 23:30:58,818 - INFO - 	'SEM_NOISE': 'gaussian_ev',
2022-09-01 BST 23:30:58,818 - INFO - 	'N': 1200,
2022-09-01 BST 23:30:58,818 - INFO - 	'VAL': 0.16666666666666666,
2022-09-01 BST 23:30:58,818 - INFO - 	'N_EPOCHS': 1000,
2022-09-01 BST 23:30:58,818 - INFO - 	'BATCH_SIZE': None,
2022-09-01 BST 23:30:58,818 - INFO - 	'LOG2_BATCH_SIZE': 4,
2022-09-01 BST 23:30:58,818 - INFO - 	'BATCH_SHUFFLE': True,
2022-09-01 BST 23:30:58,818 - INFO - 	'N_SAMPLES': 10,
2022-09-01 BST 23:30:58,819 - INFO - 	'MODE': 'max_dag_test_only',
2022-09-01 BST 23:30:58,819 - INFO - 	'AFAS_SCHEDULER': None,
2022-09-01 BST 23:30:58,819 - INFO - 	'MINIZINC_SOLVER': None,
2022-09-01 BST 23:30:58,819 - INFO - 	'f_LINEAR_LAYERS': (),
2022-09-01 BST 23:30:58,819 - INFO - 	'f_BIAS': False,
2022-09-01 BST 23:30:58,819 - INFO - 	'p_LAYER': 'STE',
2022-09-01 BST 23:30:58,819 - INFO - 	'STREAMLINE': False,
2022-09-01 BST 23:30:58,819 - INFO - 	'THRESHOLD': 0.0,
2022-09-01 BST 23:30:58,819 - INFO - 	'h_LINEAR_LAYERS': (),
2022-09-01 BST 23:30:58,819 - INFO - 	'h_NULL': 0.0216881787013694,
2022-09-01 BST 23:30:58,819 - INFO - 	'h_LR': 0.000113389232350646,
2022-09-01 BST 23:30:58,819 - INFO - 	'h_OPTIMIZER': 'torch.optim.Adam(overall_net.h_net.parameters(), lr=h.h_LR)',
2022-09-01 BST 23:30:58,819 - INFO - 	'f_LR': 0.0123204369681095,
2022-09-01 BST 23:30:58,819 - INFO - 	'f_OPTIMIZER': 'torch.optim.Adam(overall_net.f_net.parameters(), lr=h.f_LR)',
2022-09-01 BST 23:30:58,819 - INFO - 	'NOISE_TEMPERATURE': 0.177138167187175,
2022-09-01 BST 23:30:58,820 - INFO - 	'NOISE_DISTRIBUTION': 'LogisticNoiseDistribution()',
2022-09-01 BST 23:30:58,820 - INFO - 	'LAMBDA': 1,
2022-09-01 BST 23:30:58,820 - INFO - 	'LOSS_FN': 'torch.nn.MSELoss()',
2022-09-01 BST 23:30:58,820 - INFO - 	'ALPHA': None,
2022-09-01 BST 23:30:58,820 - INFO - 	'BETA': None,
2022-09-01 BST 23:30:58,820 - INFO - 	'REGULARIZER': None,
2022-09-01 BST 23:30:58,820 - INFO - 	'z_RHO': 0.410122763411552,
2022-09-01 BST 23:30:58,820 - INFO - 	'z_MU': 0.0102343788252807,
2022-09-01 BST 23:30:58,820 - INFO - 	'z_REGULARIZER': 'NoTearsZRegularizer(h.D, h.z_RHO, h.z_MU, c.DEVICE)',
2022-09-01 BST 23:30:58,820 - INFO - 	'LR_SCHEDULER': None,
2022-09-01 BST 23:30:58,820 - INFO - 	'DATA_CATEGORY': 'big',
2022-09-01 BST 23:30:58,820 - INFO - 	'DAGS': '000'
2022-09-01 BST 23:30:58,820 - INFO - }

2022-09-01 BST 23:31:07,109 - INFO - 

DAG 0: size_true=53	X.var()=64.0950
2022-09-01 BST 23:37:09,202 - INFO -  epoch=1000      train_loss=   1.9022      val_loss=   1.4659      best=1      size=  66      nSHD_c=   1.4333      nSHD=   1.4333      tpr_c=   0.5606      change_adj_count=125      
2022-09-01 BST 23:37:09,204 - INFO - 

DAG 1: size_true=54	X.var()=18.0033
2022-09-01 BST 23:43:10,859 - INFO -  epoch=1000      train_loss=   1.4243      val_loss=   1.0700      best=1      size=  55      nSHD_c=   0.3667      nSHD=   0.3333      tpr_c=   0.8727      change_adj_count=104      
2022-09-01 BST 23:43:10,860 - INFO - 

DAG 2: size_true=51	X.var()=52.8714
2022-09-01 BST 23:49:02,710 - INFO -  epoch=1000      train_loss=   1.3359      val_loss=   1.0400      best=1      size=  51      nSHD_c=   0.0667      nSHD=   0.0667      tpr_c=   0.9804      change_adj_count=86      
2022-09-01 BST 23:49:02,712 - INFO - 

DAG 3: size_true=59	X.var()=57.0164
2022-09-01 BST 23:54:45,437 - INFO -  epoch=1000      train_loss=   1.7615      val_loss=   1.3862      best=1      size=  56      nSHD_c=   0.8000      nSHD=   0.7667      tpr_c=   0.7857      change_adj_count=119      
2022-09-01 BST 23:54:45,439 - INFO - 

DAG 4: size_true=46	X.var()=20.0969
2022-09-02 BST 00:00:47,595 - INFO -  epoch=1000      train_loss=   1.3182      val_loss=   1.0352      best=1      size=  48      nSHD_c=   0.3000      nSHD=   0.3333      tpr_c=   0.8750      change_adj_count=99      
2022-09-02 BST 00:00:47,596 - INFO - 

DAG 5: size_true=71	X.var()=46.6347
2022-09-02 BST 00:06:43,190 - INFO -  epoch=1000      train_loss=   1.4810      val_loss=   1.0570      best=1      size=  66      nSHD_c=   0.4000      nSHD=   0.4000      tpr_c=   0.9394      change_adj_count=127      
2022-09-02 BST 00:06:43,191 - INFO - 

DAG 6: size_true=56	X.var()=33.6011
2022-09-02 BST 00:12:35,471 - INFO -  epoch=1000      train_loss=   1.5848      val_loss=   1.2434      best=1      size=  59      nSHD_c=   0.9000      nSHD=   0.8667      tpr_c=   0.7119      change_adj_count=114      
2022-09-02 BST 00:12:35,472 - INFO - 

DAG 7: size_true=64	X.var()=445.8708
2022-09-02 BST 00:18:37,521 - INFO -  epoch=1000      train_loss=   1.6413      val_loss=   1.5045      best=1      size=  67      nSHD_c=   1.4667      nSHD=   1.3333      tpr_c=   0.6119      change_adj_count=166      
2022-09-02 BST 00:18:37,522 - INFO - 

DAG 8: size_true=56	X.var()=61.2067
2022-09-02 BST 00:24:28,405 - INFO -  epoch=1000      train_loss=   1.5969      val_loss=   1.1597      best=1      size=  56      nSHD_c=   0.5333      nSHD=   0.5333      tpr_c=   0.8571      change_adj_count=100      
2022-09-02 BST 00:24:28,407 - INFO - 

DAG 9: size_true=51	X.var()=9.8351
2022-09-02 BST 00:30:19,432 - INFO -  epoch=1000      train_loss=   1.3062      val_loss=   1.0360      best=1      size=  49      nSHD_c=   0.1333      nSHD=   0.1333      tpr_c=   0.9796      change_adj_count=68      
2022-09-02 BST 00:30:19,433 - INFO - 

DAG 10: size_true=62	X.var()=29.1091
2022-09-02 BST 00:36:05,695 - INFO -  epoch=1000      train_loss=   1.5242      val_loss=   1.2344      best=1      size=  58      nSHD_c=   0.9000      nSHD=   0.9000      tpr_c=   0.7931      change_adj_count=101      
2022-09-02 BST 00:36:05,696 - INFO - 

DAG 11: size_true=62	X.var()=23.3308
2022-09-02 BST 00:42:06,256 - INFO -  epoch=1000      train_loss=   1.4440      val_loss=   1.1002      best=1      size=  62      nSHD_c=   0.3333      nSHD=   0.3333      tpr_c=   0.9194      change_adj_count=112      
2022-09-02 BST 00:42:06,258 - INFO - 

DAG 12: size_true=57	X.var()=25.2445
2022-09-02 BST 00:48:02,992 - INFO -  epoch=1000      train_loss=   1.5621      val_loss=   1.1840      best=1      size=  58      nSHD_c=   0.8333      nSHD=   0.8333      tpr_c=   0.7759      change_adj_count=115      
2022-09-02 BST 00:48:02,993 - INFO - 

DAG 13: size_true=66	X.var()=78.0370
2022-09-02 BST 00:54:10,422 - INFO -  epoch=1000      train_loss=   1.9233      val_loss=   1.4766      best=1      size=  68      nSHD_c=   1.3333      nSHD=   1.3333      tpr_c=   0.6765      change_adj_count=150      
2022-09-02 BST 00:54:10,423 - INFO - 

DAG 14: size_true=43	X.var()=17.6479
2022-09-02 BST 01:00:15,239 - INFO -  epoch=1000      train_loss=   1.3241      val_loss=   1.3984      best=1      size=  41      nSHD_c=   0.6000      nSHD=   0.5333      tpr_c=   0.7561      change_adj_count=87      
2022-09-02 BST 01:00:15,240 - INFO - 

DAG 15: size_true=56	X.var()=19.7208
2022-09-02 BST 01:06:17,896 - INFO -  epoch=1000      train_loss=   1.5358      val_loss=   1.2698      best=1      size=  53      nSHD_c=   0.7000      nSHD=   0.6667      tpr_c=   0.8113      change_adj_count=113      
2022-09-02 BST 01:06:17,897 - INFO - 

DAG 16: size_true=58	X.var()=22.3043
2022-09-02 BST 01:12:17,156 - INFO -  epoch=1000      train_loss=   1.4330      val_loss=   1.0710      best=1      size=  59      nSHD_c=   0.3667      nSHD=   0.3000      tpr_c=   0.8814      change_adj_count=129      
2022-09-02 BST 01:12:17,158 - INFO - 

DAG 17: size_true=62	X.var()=41.4511
2022-09-02 BST 01:18:06,451 - INFO -  epoch=1000      train_loss=   1.5591      val_loss=   1.2224      best=1      size=  59      nSHD_c=   1.0667      nSHD=   1.0000      tpr_c=   0.7288      change_adj_count=120      
2022-09-02 BST 01:18:06,452 - INFO - 

DAG 18: size_true=54	X.var()=39.0733
2022-09-02 BST 01:23:52,762 - INFO -  epoch=1000      train_loss=   1.3278      val_loss=   1.0353      best=1      size=  52      nSHD_c=   0.1333      nSHD=   0.1333      tpr_c=   0.9808      change_adj_count=117      
2022-09-02 BST 01:23:52,763 - INFO - 

DAG 19: size_true=60	X.var()=48.6541
2022-09-02 BST 01:29:42,349 - INFO -  epoch=1000      train_loss=   1.5527      val_loss=   1.2203      best=1      size=  60      nSHD_c=   0.7667      nSHD=   0.7333      tpr_c=   0.7833      change_adj_count=107      
2022-09-02 BST 01:29:42,350 - INFO - 

DAG 20: size_true=53	X.var()=68.3311
2022-09-02 BST 01:35:33,525 - INFO -  epoch=1000      train_loss=   1.5317      val_loss=   1.1851      best=1      size=  57      nSHD_c=   0.9000      nSHD=   0.8667      tpr_c=   0.7018      change_adj_count=124      
2022-09-02 BST 01:35:33,526 - INFO - 

DAG 21: size_true=60	X.var()=156.8093
2022-09-02 BST 01:41:41,757 - INFO -  epoch=1000      train_loss=   1.9050      val_loss=   1.5680      best=1      size=  65      nSHD_c=   1.3000      nSHD=   1.2667      tpr_c=   0.6462      change_adj_count=174      
2022-09-02 BST 01:41:41,759 - INFO - 

DAG 22: size_true=60	X.var()=33.9422
2022-09-02 BST 01:47:24,524 - INFO -  epoch=1000      train_loss=   1.5668      val_loss=   1.1876      best=1      size=  59      nSHD_c=   0.8000      nSHD=   0.7333      tpr_c=   0.7797      change_adj_count=119      
2022-09-02 BST 01:47:24,525 - INFO - 

DAG 23: size_true=56	X.var()=19.4415
2022-09-02 BST 01:52:56,273 - INFO -  epoch=1000      train_loss=   1.4297      val_loss=   1.1495      best=1      size=  52      nSHD_c=   0.2667      nSHD=   0.2000      tpr_c=   0.9423      change_adj_count=87      
2022-09-02 BST 01:52:56,274 - INFO - 
last_mean_nshd_c=0.6958
2022-09-02 BST 01:52:56,274 - INFO - 
Time taken 2:21:58 (h:mm:ss)
2022-09-02 BST 01:52:56,274 - INFO - 
End of log for run 2022-09-01_BST_23:30:58,733_stoch_ste_l_84_007
