2022-08-30 BST 18:58:03,715 - INFO - 
Log for run 2022-08-30_BST_18:58:03,651_stoch_ste_l_84_009

2022-08-30 BST 18:58:03,715 - INFO - COMMENT = 'For Optuna on STE'
2022-08-30 BST 18:58:03,715 - INFO - DATA_FOLDER = '../data'
2022-08-30 BST 18:58:03,715 - INFO - LATENTS_FOLDER = '../latents'
2022-08-30 BST 18:58:03,715 - INFO - LOGS_FOLDER = '../logs'
2022-08-30 BST 18:58:03,715 - INFO - MODEL_FOLDER = '../models'
2022-08-30 BST 18:58:03,715 - INFO - RESULTS_FOLDER = '../results'
2022-08-30 BST 18:58:03,715 - INFO - DEVICE = torch.device("cuda" if torch.cuda.is_available() else "cpu")  # Used: "cuda"
2022-08-30 BST 18:58:03,715 - INFO - LATENTS = False
2022-08-30 BST 18:58:03,716 - INFO - MATRIX_REPORT = False
2022-08-30 BST 18:58:03,716 - INFO - LABEL = True
2022-08-30 BST 18:58:03,716 - INFO - SAVE_TO_ODS = False
2022-08-30 BST 18:58:03,716 - INFO - VAL_LOSS_FROM_DAG = True
2022-08-30 BST 18:58:03,716 - INFO - WANDB = False
2022-08-30 BST 18:58:03,716 - INFO - WANDB_PROJECT = 'Thetas'
2022-08-30 BST 18:58:03,716 - INFO - GRAD_LOG = False
2022-08-30 BST 18:58:03,716 - INFO - SAVE_RESULTS = False
2022-08-30 BST 18:58:03,716 - INFO - N_TRIALS = 1
2022-08-30 BST 18:58:03,716 - INFO - LOAD_OPTUNA_STUDY = None
2022-08-30 BST 18:58:03,716 - INFO - OPTUNA_STRINGS = {'None': None, 'True': True, 'False': False}
2022-08-30 BST 18:58:03,716 - INFO - TQDM = False
2022-08-30 BST 18:58:03,716 - INFO - 
hyperparameters = {
2022-08-30 BST 18:58:03,716 - INFO - 	'GRAPH_TYPE': 'ER2',
2022-08-30 BST 18:58:03,716 - INFO - 	'D': 30,
2022-08-30 BST 18:58:03,716 - INFO - 	'MAX_SIZE': 84,
2022-08-30 BST 18:58:03,717 - INFO - 	'SEM_NOISE': 'gaussian_ev',
2022-08-30 BST 18:58:03,717 - INFO - 	'N': 1200,
2022-08-30 BST 18:58:03,717 - INFO - 	'VAL': 0.16666666666666666,
2022-08-30 BST 18:58:03,717 - INFO - 	'N_EPOCHS': 1000,
2022-08-30 BST 18:58:03,717 - INFO - 	'BATCH_SIZE': None,
2022-08-30 BST 18:58:03,717 - INFO - 	'LOG2_BATCH_SIZE': 4,
2022-08-30 BST 18:58:03,717 - INFO - 	'BATCH_SHUFFLE': True,
2022-08-30 BST 18:58:03,717 - INFO - 	'N_SAMPLES': 10,
2022-08-30 BST 18:58:03,717 - INFO - 	'MODE': 'max_dag_test_only',
2022-08-30 BST 18:58:03,717 - INFO - 	'AFAS_SCHEDULER': None,
2022-08-30 BST 18:58:03,717 - INFO - 	'MINIZINC_SOLVER': None,
2022-08-30 BST 18:58:03,717 - INFO - 	'f_LINEAR_LAYERS': (),
2022-08-30 BST 18:58:03,717 - INFO - 	'f_BIAS': False,
2022-08-30 BST 18:58:03,717 - INFO - 	'p_LAYER': 'STE',
2022-08-30 BST 18:58:03,717 - INFO - 	'STREAMLINE': False,
2022-08-30 BST 18:58:03,717 - INFO - 	'THRESHOLD': 0.0,
2022-08-30 BST 18:58:03,717 - INFO - 	'h_LINEAR_LAYERS': (),
2022-08-30 BST 18:58:03,718 - INFO - 	'h_NULL': 0.0216881787013694,
2022-08-30 BST 18:58:03,718 - INFO - 	'h_LR': 0.000113389232350646,
2022-08-30 BST 18:58:03,718 - INFO - 	'h_OPTIMIZER': 'torch.optim.Adam(overall_net.h_net.parameters(), lr=h.h_LR)',
2022-08-30 BST 18:58:03,718 - INFO - 	'f_LR': 0.0123204369681095,
2022-08-30 BST 18:58:03,718 - INFO - 	'f_OPTIMIZER': 'torch.optim.Adam(overall_net.f_net.parameters(), lr=h.f_LR)',
2022-08-30 BST 18:58:03,718 - INFO - 	'NOISE_TEMPERATURE': 0.177138167187175,
2022-08-30 BST 18:58:03,718 - INFO - 	'NOISE_DISTRIBUTION': 'LogisticNoiseDistribution()',
2022-08-30 BST 18:58:03,718 - INFO - 	'LAMBDA': 1,
2022-08-30 BST 18:58:03,718 - INFO - 	'LOSS_FN': 'torch.nn.MSELoss()',
2022-08-30 BST 18:58:03,718 - INFO - 	'ALPHA': None,
2022-08-30 BST 18:58:03,718 - INFO - 	'BETA': None,
2022-08-30 BST 18:58:03,718 - INFO - 	'REGULARIZER': None,
2022-08-30 BST 18:58:03,718 - INFO - 	'z_RHO': 0.410122763411552,
2022-08-30 BST 18:58:03,718 - INFO - 	'z_MU': 0.0102343788252807,
2022-08-30 BST 18:58:03,718 - INFO - 	'z_REGULARIZER': 'NoTearsZRegularizer(h.D, h.z_RHO, h.z_MU, c.DEVICE)',
2022-08-30 BST 18:58:03,718 - INFO - 	'LR_SCHEDULER': None,
2022-08-30 BST 18:58:03,719 - INFO - 	'DATA_CATEGORY': 'big',
2022-08-30 BST 18:58:03,719 - INFO - 	'DAGS': '000'
2022-08-30 BST 18:58:03,719 - INFO - }

2022-08-30 BST 18:58:06,953 - INFO - 

DAG 0: size_true=53	X.var()=64.0950
2022-08-30 BST 19:03:57,197 - INFO -  epoch=1000      train_loss=   1.8491      val_loss=   1.4931      best=1      size=  63      nSHD_c=   1.4000      nSHD=   1.4000      tpr_c=   0.5714      change_adj_count=126      
2022-08-30 BST 19:03:57,198 - INFO - 

DAG 1: size_true=54	X.var()=18.0033
2022-08-30 BST 19:09:41,350 - INFO -  epoch=1000      train_loss=   1.4106      val_loss=   1.0725      best=1      size=  55      nSHD_c=   0.3667      nSHD=   0.3333      tpr_c=   0.8727      change_adj_count=105      
2022-08-30 BST 19:09:41,351 - INFO - 

DAG 2: size_true=51	X.var()=52.8714
2022-08-30 BST 19:15:24,891 - INFO -  epoch=1000      train_loss=   1.3722      val_loss=   1.0396      best=1      size=  51      nSHD_c=   0.0667      nSHD=   0.0667      tpr_c=   0.9804      change_adj_count=88      
2022-08-30 BST 19:15:24,892 - INFO - 

DAG 3: size_true=59	X.var()=57.0164
2022-08-30 BST 19:21:14,083 - INFO -  epoch=1000      train_loss=   1.7710      val_loss=   1.3866      best=1      size=  56      nSHD_c=   0.8000      nSHD=   0.7667      tpr_c=   0.7857      change_adj_count=127      
2022-08-30 BST 19:21:14,084 - INFO - 

DAG 4: size_true=46	X.var()=20.0969
2022-08-30 BST 19:26:59,217 - INFO -  epoch=1000      train_loss=   1.3298      val_loss=   1.0426      best=1      size=  47      nSHD_c=   0.3333      nSHD=   0.3333      tpr_c=   0.8723      change_adj_count=93      
2022-08-30 BST 19:26:59,218 - INFO - 

DAG 5: size_true=71	X.var()=46.6347
2022-08-30 BST 19:32:47,101 - INFO -  epoch=1000      train_loss=   1.5009      val_loss=   1.0810      best=1      size=  67      nSHD_c=   0.4667      nSHD=   0.4667      tpr_c=   0.9254      change_adj_count=107      
2022-08-30 BST 19:32:47,102 - INFO - 

DAG 6: size_true=56	X.var()=33.6011
2022-08-30 BST 19:38:38,889 - INFO -  epoch=1000      train_loss=   1.6034      val_loss=   1.2721      best=1      size=  59      nSHD_c=   0.9667      nSHD=   0.9333      tpr_c=   0.6949      change_adj_count=113      
2022-08-30 BST 19:38:38,890 - INFO - 

DAG 7: size_true=64	X.var()=445.8708
2022-08-30 BST 19:44:30,460 - INFO -  epoch=1000      train_loss=   1.9790      val_loss=   1.4842      best=1      size=  66      nSHD_c=   1.3333      nSHD=   1.3000      tpr_c=   0.6667      change_adj_count=162      
2022-08-30 BST 19:44:30,461 - INFO - 

DAG 8: size_true=56	X.var()=61.2067
2022-08-30 BST 19:50:08,490 - INFO -  epoch=1000      train_loss=   1.5015      val_loss=   1.1666      best=1      size=  56      nSHD_c=   0.5333      nSHD=   0.5333      tpr_c=   0.8571      change_adj_count=107      
2022-08-30 BST 19:50:08,491 - INFO - 

DAG 9: size_true=51	X.var()=9.8351
2022-08-30 BST 19:55:51,519 - INFO -  epoch=1000      train_loss=   1.3264      val_loss=   1.0320      best=1      size=  49      nSHD_c=   0.1333      nSHD=   0.1333      tpr_c=   0.9796      change_adj_count=64      
2022-08-30 BST 19:55:51,520 - INFO - 

DAG 10: size_true=62	X.var()=29.1091
2022-08-30 BST 20:01:27,946 - INFO -  epoch=1000      train_loss=   1.5192      val_loss=   1.2231      best=1      size=  58      nSHD_c=   0.9000      nSHD=   0.9000      tpr_c=   0.7931      change_adj_count=104      
2022-08-30 BST 20:01:27,947 - INFO - 

DAG 11: size_true=62	X.var()=23.3308
2022-08-30 BST 20:07:07,904 - INFO -  epoch=1000      train_loss=   1.4588      val_loss=   1.0984      best=1      size=  62      nSHD_c=   0.4000      nSHD=   0.4000      tpr_c=   0.9032      change_adj_count=103      
2022-08-30 BST 20:07:07,905 - INFO - 

DAG 12: size_true=57	X.var()=25.2445
2022-08-30 BST 20:12:57,626 - INFO -  epoch=1000      train_loss=   1.6034      val_loss=   1.2630      best=1      size=  58      nSHD_c=   0.9000      nSHD=   0.9000      tpr_c=   0.7586      change_adj_count=105      
2022-08-30 BST 20:12:57,627 - INFO - 

DAG 13: size_true=66	X.var()=78.0370
2022-08-30 BST 20:18:44,510 - INFO -  epoch=1000      train_loss=   1.8873      val_loss=   1.4982      best=1      size=  66      nSHD_c=   1.2000      nSHD=   1.2000      tpr_c=   0.7121      change_adj_count=153      
2022-08-30 BST 20:18:44,511 - INFO - 

DAG 14: size_true=43	X.var()=17.6479
2022-08-30 BST 20:24:27,592 - INFO -  epoch=1000      train_loss=   1.3980      val_loss=   1.4084      best=1      size=  42      nSHD_c=   0.6333      nSHD=   0.5667      tpr_c=   0.7381      change_adj_count=98      
2022-08-30 BST 20:24:27,593 - INFO - 

DAG 15: size_true=56	X.var()=19.7208
2022-08-30 BST 20:30:06,492 - INFO -  epoch=1000      train_loss=   1.5302      val_loss=   1.2922      best=1      size=  52      nSHD_c=   0.6667      nSHD=   0.6333      tpr_c=   0.8269      change_adj_count=115      
2022-08-30 BST 20:30:06,493 - INFO - 

DAG 16: size_true=58	X.var()=22.3043
2022-08-30 BST 20:35:45,609 - INFO -  epoch=1000      train_loss=   1.4097      val_loss=   1.0692      best=1      size=  58      nSHD_c=   0.4000      nSHD=   0.3333      tpr_c=   0.8793      change_adj_count=107      
2022-08-30 BST 20:35:45,610 - INFO - 

DAG 17: size_true=62	X.var()=41.4511
2022-08-30 BST 20:41:42,176 - INFO -  epoch=1000      train_loss=   1.5563      val_loss=   1.2349      best=1      size=  59      nSHD_c=   1.0667      nSHD=   1.0000      tpr_c=   0.7288      change_adj_count=114      
2022-08-30 BST 20:41:42,177 - INFO - 

DAG 18: size_true=54	X.var()=39.0733
2022-08-30 BST 20:47:31,347 - INFO -  epoch=1000      train_loss=   1.3377      val_loss=   1.0394      best=1      size=  52      nSHD_c=   0.1333      nSHD=   0.1333      tpr_c=   0.9808      change_adj_count=106      
2022-08-30 BST 20:47:31,347 - INFO - 

DAG 19: size_true=60	X.var()=48.6541
2022-08-30 BST 20:53:09,337 - INFO -  epoch=1000      train_loss=   1.5502      val_loss=   1.2220      best=1      size=  60      nSHD_c=   0.7667      nSHD=   0.7333      tpr_c=   0.7833      change_adj_count=106      
2022-08-30 BST 20:53:09,338 - INFO - 

DAG 20: size_true=53	X.var()=68.3311
2022-08-30 BST 20:58:51,947 - INFO -  epoch=1000      train_loss=   1.4749      val_loss=   1.1799      best=1      size=  58      nSHD_c=   0.9333      nSHD=   0.9000      tpr_c=   0.6897      change_adj_count=116      
2022-08-30 BST 20:58:51,948 - INFO - 

DAG 21: size_true=60	X.var()=156.8093
2022-08-30 BST 21:04:37,100 - INFO -  epoch=1000      train_loss=   1.9463      val_loss=   1.6152      best=1      size=  66      nSHD_c=   1.2667      nSHD=   1.2000      tpr_c=   0.6364      change_adj_count=170      
2022-08-30 BST 21:04:37,101 - INFO - 

DAG 22: size_true=60	X.var()=33.9422
2022-08-30 BST 21:10:06,532 - INFO -  epoch=1000      train_loss=   1.5813      val_loss=   1.1773      best=1      size=  59      nSHD_c=   0.7333      nSHD=   0.6667      tpr_c=   0.7966      change_adj_count=102      
2022-08-30 BST 21:10:06,533 - INFO - 

DAG 23: size_true=56	X.var()=19.4415
2022-08-30 BST 21:15:48,896 - INFO -  epoch=1000      train_loss=   1.4419      val_loss=   1.1525      best=1      size=  52      nSHD_c=   0.2667      nSHD=   0.2000      tpr_c=   0.9423      change_adj_count=82      
2022-08-30 BST 21:15:48,897 - INFO - 
last_mean_nshd_c=0.6944
2022-08-30 BST 21:15:48,897 - INFO - 
Time taken 2:17:45 (h:mm:ss)
2022-08-30 BST 21:15:48,897 - INFO - 
End of log for run 2022-08-30_BST_18:58:03,651_stoch_ste_l_84_009
