2022-08-30 BST 15:23:06,409 - INFO - 
Log for run 2022-08-30_BST_15:23:06,367_stoch_imle_l_none_007

2022-08-30 BST 15:23:06,410 - INFO - COMMENT = 'Test best MAX_SIZE=None Gumbel values with Logistic'
2022-08-30 BST 15:23:06,410 - INFO - DATA_FOLDER = '../data'
2022-08-30 BST 15:23:06,410 - INFO - LATENTS_FOLDER = '../latents'
2022-08-30 BST 15:23:06,410 - INFO - LOGS_FOLDER = '../logs'
2022-08-30 BST 15:23:06,410 - INFO - MODEL_FOLDER = '../models'
2022-08-30 BST 15:23:06,410 - INFO - RESULTS_FOLDER = '../results'
2022-08-30 BST 15:23:06,410 - INFO - DEVICE = torch.device("cuda" if torch.cuda.is_available() else "cpu")  # Used: "cuda"
2022-08-30 BST 15:23:06,410 - INFO - LATENTS = False
2022-08-30 BST 15:23:06,411 - INFO - MATRIX_REPORT = False
2022-08-30 BST 15:23:06,411 - INFO - LABEL = True
2022-08-30 BST 15:23:06,411 - INFO - SAVE_TO_ODS = False
2022-08-30 BST 15:23:06,411 - INFO - VAL_LOSS_FROM_DAG = True
2022-08-30 BST 15:23:06,411 - INFO - WANDB = False
2022-08-30 BST 15:23:06,411 - INFO - WANDB_PROJECT = 'Thetas'
2022-08-30 BST 15:23:06,411 - INFO - GRAD_LOG = False
2022-08-30 BST 15:23:06,411 - INFO - SAVE_RESULTS = False
2022-08-30 BST 15:23:06,411 - INFO - N_TRIALS = 1
2022-08-30 BST 15:23:06,411 - INFO - LOAD_OPTUNA_STUDY = None
2022-08-30 BST 15:23:06,412 - INFO - OPTUNA_STRINGS = {'None': None, 'True': True, 'False': False}
2022-08-30 BST 15:23:06,412 - INFO - TQDM = False
2022-08-30 BST 15:23:06,412 - INFO - 
hyperparameters = {
2022-08-30 BST 15:23:06,412 - INFO - 	'GRAPH_TYPE': 'ER2',
2022-08-30 BST 15:23:06,412 - INFO - 	'D': 30,
2022-08-30 BST 15:23:06,412 - INFO - 	'MAX_SIZE': None,
2022-08-30 BST 15:23:06,412 - INFO - 	'SEM_NOISE': 'gaussian_ev',
2022-08-30 BST 15:23:06,412 - INFO - 	'N': 1200,
2022-08-30 BST 15:23:06,412 - INFO - 	'VAL': 0.16666666666666666,
2022-08-30 BST 15:23:06,412 - INFO - 	'N_EPOCHS': 1000,
2022-08-30 BST 15:23:06,413 - INFO - 	'BATCH_SIZE': None,
2022-08-30 BST 15:23:06,413 - INFO - 	'LOG2_BATCH_SIZE': 3,
2022-08-30 BST 15:23:06,413 - INFO - 	'BATCH_SHUFFLE': True,
2022-08-30 BST 15:23:06,413 - INFO - 	'N_SAMPLES': 47,
2022-08-30 BST 15:23:06,413 - INFO - 	'MODE': 'max_dag_test_only',
2022-08-30 BST 15:23:06,413 - INFO - 	'AFAS_SCHEDULER': None,
2022-08-30 BST 15:23:06,413 - INFO - 	'MINIZINC_SOLVER': None,
2022-08-30 BST 15:23:06,413 - INFO - 	'f_LINEAR_LAYERS': (),
2022-08-30 BST 15:23:06,413 - INFO - 	'f_BIAS': False,
2022-08-30 BST 15:23:06,413 - INFO - 	'p_LAYER': None,
2022-08-30 BST 15:23:06,413 - INFO - 	'STREAMLINE': False,
2022-08-30 BST 15:23:06,414 - INFO - 	'THRESHOLD': 0.0,
2022-08-30 BST 15:23:06,414 - INFO - 	'h_LINEAR_LAYERS': (),
2022-08-30 BST 15:23:06,414 - INFO - 	'h_NULL': 0.00011373901985660933,
2022-08-30 BST 15:23:06,414 - INFO - 	'h_LR': 0.0016158450337500668,
2022-08-30 BST 15:23:06,414 - INFO - 	'h_OPTIMIZER': 'torch.optim.Adam(overall_net.h_net.parameters(), lr=h.h_LR)',
2022-08-30 BST 15:23:06,414 - INFO - 	'f_LR': 0.3720066380139224,
2022-08-30 BST 15:23:06,414 - INFO - 	'f_OPTIMIZER': 'torch.optim.Adam(overall_net.f_net.parameters(), lr=h.f_LR)',
2022-08-30 BST 15:23:06,414 - INFO - 	'NOISE_TEMPERATURE': 0.8785929148606203,
2022-08-30 BST 15:23:06,414 - INFO - 	'NOISE_DISTRIBUTION': 'LogisticNoiseDistribution()',
2022-08-30 BST 15:23:06,414 - INFO - 	'LAMBDA': 27.13959516077541,
2022-08-30 BST 15:23:06,414 - INFO - 	'LOSS_FN': 'torch.nn.MSELoss()',
2022-08-30 BST 15:23:06,415 - INFO - 	'ALPHA': None,
2022-08-30 BST 15:23:06,415 - INFO - 	'BETA': None,
2022-08-30 BST 15:23:06,415 - INFO - 	'REGULARIZER': None,
2022-08-30 BST 15:23:06,415 - INFO - 	'z_RHO': 0.157451211201,
2022-08-30 BST 15:23:06,415 - INFO - 	'z_MU': 0.00120806965197976,
2022-08-30 BST 15:23:06,415 - INFO - 	'z_REGULARIZER': 'NoTearsZRegularizer(h.D, h.z_RHO, h.z_MU, c.DEVICE)',
2022-08-30 BST 15:23:06,415 - INFO - 	'LR_SCHEDULER': None,
2022-08-30 BST 15:23:06,415 - INFO - 	'DATA_CATEGORY': 'big',
2022-08-30 BST 15:23:06,415 - INFO - 	'DAGS': '000'
2022-08-30 BST 15:23:06,415 - INFO - }

2022-08-30 BST 15:23:10,580 - INFO - 

DAG 0: size_true=53	X.var()=64.0950
2022-08-30 BST 15:46:17,859 - INFO -  epoch=1000      train_loss=   4.3808      val_loss=   2.4043      best=1      size=  62      nSHD_c=   1.5000      nSHD=   1.5000      tpr_c=   0.5484      change_adj_count=101      
2022-08-30 BST 15:46:17,862 - INFO - 

DAG 1: size_true=54	X.var()=18.0033
2022-08-30 BST 16:09:39,687 - INFO -  epoch=1000      train_loss=   1.9842      val_loss=   1.5168      best=1      size=  53      nSHD_c=   0.6667      nSHD=   0.6333      tpr_c=   0.8113      change_adj_count=72      
2022-08-30 BST 16:09:39,688 - INFO - 

DAG 2: size_true=51	X.var()=52.8714
2022-08-30 BST 16:32:52,260 - INFO -  epoch=1000      train_loss=   6.1882      val_loss=   5.4407      best=1      size=  63      nSHD_c=   0.6667      nSHD=   0.6667      tpr_c=   0.7460      change_adj_count=81      
2022-08-30 BST 16:32:52,261 - INFO - 

DAG 3: size_true=59	X.var()=57.0164
2022-08-30 BST 16:55:56,050 - INFO -  epoch=1000      train_loss=   2.5671      val_loss=   1.9071      best=1      size=  62      nSHD_c=   1.0333      nSHD=   1.0333      tpr_c=   0.7097      change_adj_count=87      
2022-08-30 BST 16:55:56,051 - INFO - 

DAG 4: size_true=46	X.var()=20.0969
2022-08-30 BST 17:18:20,373 - INFO -  epoch=1000      train_loss=   1.7213      val_loss=   1.3010      best=1      size=  46      nSHD_c=   0.4333      nSHD=   0.4333      tpr_c=   0.8478      change_adj_count=69      
2022-08-30 BST 17:18:20,374 - INFO - 

DAG 5: size_true=71	X.var()=46.6347
2022-08-30 BST 17:42:22,503 - INFO -  epoch=1000      train_loss=   3.2976      val_loss=   2.3053      best=1      size=  71      nSHD_c=   0.9333      nSHD=   0.9333      tpr_c=   0.8028      change_adj_count=92      
2022-08-30 BST 17:42:22,504 - INFO - 

DAG 6: size_true=56	X.var()=33.6011
2022-08-30 BST 18:06:32,908 - INFO -  epoch=1000      train_loss=   2.4591      val_loss=   2.0564      best=1      size=  55      nSHD_c=   1.3667      nSHD=   1.3333      tpr_c=   0.6000      change_adj_count=81      
2022-08-30 BST 18:06:32,909 - INFO - 

DAG 7: size_true=64	X.var()=445.8708
2022-08-30 BST 18:32:07,510 - INFO -  epoch=1000      train_loss=  43.5310      val_loss=  85.4201      best=1      size= 126      nSHD_c=   3.2667      nSHD=   3.2000      tpr_c=   0.3571      change_adj_count=297      
2022-08-30 BST 18:32:07,511 - INFO - 

DAG 8: size_true=56	X.var()=61.2067
2022-08-30 BST 18:56:35,761 - INFO -  epoch=1000      train_loss=   5.6803      val_loss=   4.9900      best=1      size=  63      nSHD_c=   1.1667      nSHD=   1.1667      tpr_c=   0.6667      change_adj_count=90      
2022-08-30 BST 18:56:35,762 - INFO - 

DAG 9: size_true=51	X.var()=9.8351
2022-08-30 BST 19:19:51,594 - INFO -  epoch=1000      train_loss=   1.3948      val_loss=   1.2449      best=1      size=  49      nSHD_c=   0.2667      nSHD=   0.2667      tpr_c=   0.9388      change_adj_count=69      
2022-08-30 BST 19:19:51,595 - INFO - 

DAG 10: size_true=62	X.var()=29.1091
2022-08-30 BST 19:43:10,783 - INFO -  epoch=1000      train_loss=   1.9241      val_loss=   2.6256      best=1      size=  53      nSHD_c=   0.9333      nSHD=   0.8667      tpr_c=   0.7925      change_adj_count=78      
2022-08-30 BST 19:43:10,784 - INFO - 

DAG 11: size_true=62	X.var()=23.3308
2022-08-30 BST 20:06:29,865 - INFO -  epoch=1000      train_loss=   1.9596      val_loss=   1.3717      best=1      size=  61      nSHD_c=   0.6333      nSHD=   0.6333      tpr_c=   0.8525      change_adj_count=85      
2022-08-30 BST 20:06:29,866 - INFO - 

DAG 12: size_true=57	X.var()=25.2445
2022-08-30 BST 20:31:29,883 - INFO -  epoch=1000      train_loss=   2.6991      val_loss=   2.1753      best=1      size=  57      nSHD_c=   1.2000      nSHD=   1.2000      tpr_c=   0.6667      change_adj_count=74      
2022-08-30 BST 20:31:29,884 - INFO - 

DAG 13: size_true=66	X.var()=78.0370
2022-08-30 BST 21:04:59,320 - INFO -  epoch=1000      train_loss=   4.3567      val_loss=   2.4991      best=1      size=  64      nSHD_c=   1.8333      nSHD=   1.8333      tpr_c=   0.5625      change_adj_count=94      
2022-08-30 BST 21:04:59,321 - INFO - 

DAG 14: size_true=43	X.var()=17.6479
2022-08-30 BST 21:45:52,784 - INFO -  epoch=1000      train_loss=   1.6723      val_loss=   1.3772      best=1      size=  43      nSHD_c=   0.5000      nSHD=   0.5333      tpr_c=   0.8140      change_adj_count=69      
2022-08-30 BST 21:45:52,785 - INFO - 

DAG 15: size_true=56	X.var()=19.7208
2022-08-30 BST 22:24:41,354 - INFO -  epoch=1000      train_loss=   2.1879      val_loss=   1.8335      best=1      size=  49      nSHD_c=   0.9000      nSHD=   0.8333      tpr_c=   0.7755      change_adj_count=68      
2022-08-30 BST 22:24:41,355 - INFO - 

DAG 16: size_true=58	X.var()=22.3043
2022-08-30 BST 23:03:38,565 - INFO -  epoch=1000      train_loss=   1.5973      val_loss=   1.2658      best=1      size=  62      nSHD_c=   0.5333      nSHD=   0.5333      tpr_c=   0.8387      change_adj_count=82      
2022-08-30 BST 23:03:38,566 - INFO - 

DAG 17: size_true=62	X.var()=41.4511
2022-08-30 BST 23:44:09,217 - INFO -  epoch=1000      train_loss=   2.5181      val_loss=   1.6973      best=1      size=  57      nSHD_c=   1.1333      nSHD=   1.1333      tpr_c=   0.7368      change_adj_count=88      
2022-08-30 BST 23:44:09,218 - INFO - 

DAG 18: size_true=54	X.var()=39.0733
2022-08-31 BST 00:23:14,747 - INFO -  epoch=1000      train_loss=   2.6166      val_loss=   1.6577      best=1      size=  54      nSHD_c=   0.5333      nSHD=   0.5333      tpr_c=   0.8519      change_adj_count=80      
2022-08-31 BST 00:23:14,748 - INFO - 

DAG 19: size_true=60	X.var()=48.6541
2022-08-31 BST 01:02:44,099 - INFO -  epoch=1000      train_loss=   2.1081      val_loss=   5.9258      best=1      size=  55      nSHD_c=   1.0333      nSHD=   1.0000      tpr_c=   0.7273      change_adj_count=79      
2022-08-31 BST 01:02:44,100 - INFO - 

DAG 20: size_true=53	X.var()=68.3311
2022-08-31 BST 01:42:51,133 - INFO -  epoch=1000      train_loss=   4.5941      val_loss=   3.6751      best=1      size=  61      nSHD_c=   1.4000      nSHD=   1.4000      tpr_c=   0.5738      change_adj_count=136      
2022-08-31 BST 01:42:51,134 - INFO - 

DAG 21: size_true=60	X.var()=156.8093
2022-08-31 BST 02:24:04,460 - INFO -  epoch=1000      train_loss=  13.3694      val_loss=  10.7097      best=1      size=  89      nSHD_c=   2.1333      nSHD=   2.1333      tpr_c=   0.4719      change_adj_count=278      
2022-08-31 BST 02:24:04,461 - INFO - 

DAG 22: size_true=60	X.var()=33.9422
2022-08-31 BST 03:03:28,920 - INFO -  epoch=1000      train_loss=   2.7440      val_loss=   1.7457      best=1      size=  59      nSHD_c=   0.9667      nSHD=   0.9667      tpr_c=   0.7627      change_adj_count=85      
2022-08-31 BST 03:03:28,921 - INFO - 

DAG 23: size_true=56	X.var()=19.4415
2022-08-31 BST 03:42:28,156 - INFO -  epoch=1000      train_loss=   1.6756      val_loss=   1.3710      best=1      size=  53      nSHD_c=   0.3000      nSHD=   0.3000      tpr_c=   0.9434      change_adj_count=83      
2022-08-31 BST 03:42:28,157 - INFO - 
last_mean_nshd_c=1.0556
2022-08-31 BST 03:42:28,157 - INFO - 
Time taken 12:19:22 (h:mm:ss)
2022-08-31 BST 03:42:28,157 - INFO - 
End of log for run 2022-08-30_BST_15:23:06,367_stoch_imle_l_none_007
