2022-08-30 BST 18:50:39,920 - INFO - 
Log for run 2022-08-30_BST_18:50:39,857_stoch_ste_l_84_004

2022-08-30 BST 18:50:39,921 - INFO - COMMENT = 'For Optuna on STE'
2022-08-30 BST 18:50:39,921 - INFO - DATA_FOLDER = '../data'
2022-08-30 BST 18:50:39,921 - INFO - LATENTS_FOLDER = '../latents'
2022-08-30 BST 18:50:39,921 - INFO - LOGS_FOLDER = '../logs'
2022-08-30 BST 18:50:39,921 - INFO - MODEL_FOLDER = '../models'
2022-08-30 BST 18:50:39,921 - INFO - RESULTS_FOLDER = '../results'
2022-08-30 BST 18:50:39,921 - INFO - DEVICE = torch.device("cuda" if torch.cuda.is_available() else "cpu")  # Used: "cuda"
2022-08-30 BST 18:50:39,921 - INFO - LATENTS = False
2022-08-30 BST 18:50:39,921 - INFO - MATRIX_REPORT = False
2022-08-30 BST 18:50:39,921 - INFO - LABEL = True
2022-08-30 BST 18:50:39,921 - INFO - SAVE_TO_ODS = False
2022-08-30 BST 18:50:39,921 - INFO - VAL_LOSS_FROM_DAG = True
2022-08-30 BST 18:50:39,921 - INFO - WANDB = False
2022-08-30 BST 18:50:39,921 - INFO - WANDB_PROJECT = 'Thetas'
2022-08-30 BST 18:50:39,921 - INFO - GRAD_LOG = False
2022-08-30 BST 18:50:39,921 - INFO - SAVE_RESULTS = False
2022-08-30 BST 18:50:39,921 - INFO - N_TRIALS = 1
2022-08-30 BST 18:50:39,921 - INFO - LOAD_OPTUNA_STUDY = None
2022-08-30 BST 18:50:39,921 - INFO - OPTUNA_STRINGS = {'None': None, 'True': True, 'False': False}
2022-08-30 BST 18:50:39,921 - INFO - TQDM = False
2022-08-30 BST 18:50:39,921 - INFO - 
hyperparameters = {
2022-08-30 BST 18:50:39,921 - INFO - 	'GRAPH_TYPE': 'ER2',
2022-08-30 BST 18:50:39,921 - INFO - 	'D': 30,
2022-08-30 BST 18:50:39,921 - INFO - 	'MAX_SIZE': 84,
2022-08-30 BST 18:50:39,921 - INFO - 	'SEM_NOISE': 'gaussian_ev',
2022-08-30 BST 18:50:39,921 - INFO - 	'N': 1200,
2022-08-30 BST 18:50:39,921 - INFO - 	'VAL': 0.16666666666666666,
2022-08-30 BST 18:50:39,922 - INFO - 	'N_EPOCHS': 1000,
2022-08-30 BST 18:50:39,922 - INFO - 	'BATCH_SIZE': None,
2022-08-30 BST 18:50:39,922 - INFO - 	'LOG2_BATCH_SIZE': 4,
2022-08-30 BST 18:50:39,922 - INFO - 	'BATCH_SHUFFLE': True,
2022-08-30 BST 18:50:39,922 - INFO - 	'N_SAMPLES': 10,
2022-08-30 BST 18:50:39,922 - INFO - 	'MODE': 'max_dag_test_only',
2022-08-30 BST 18:50:39,922 - INFO - 	'AFAS_SCHEDULER': None,
2022-08-30 BST 18:50:39,922 - INFO - 	'MINIZINC_SOLVER': None,
2022-08-30 BST 18:50:39,922 - INFO - 	'f_LINEAR_LAYERS': (),
2022-08-30 BST 18:50:39,922 - INFO - 	'f_BIAS': False,
2022-08-30 BST 18:50:39,922 - INFO - 	'p_LAYER': 'STE',
2022-08-30 BST 18:50:39,922 - INFO - 	'STREAMLINE': False,
2022-08-30 BST 18:50:39,922 - INFO - 	'THRESHOLD': 0.0,
2022-08-30 BST 18:50:39,922 - INFO - 	'h_LINEAR_LAYERS': (),
2022-08-30 BST 18:50:39,922 - INFO - 	'h_NULL': 0.0216881787013694,
2022-08-30 BST 18:50:39,922 - INFO - 	'h_LR': 0.000113389232350646,
2022-08-30 BST 18:50:39,922 - INFO - 	'h_OPTIMIZER': 'torch.optim.Adam(overall_net.h_net.parameters(), lr=h.h_LR)',
2022-08-30 BST 18:50:39,922 - INFO - 	'f_LR': 0.0123204369681095,
2022-08-30 BST 18:50:39,922 - INFO - 	'f_OPTIMIZER': 'torch.optim.Adam(overall_net.f_net.parameters(), lr=h.f_LR)',
2022-08-30 BST 18:50:39,922 - INFO - 	'NOISE_TEMPERATURE': 0.177138167187175,
2022-08-30 BST 18:50:39,922 - INFO - 	'NOISE_DISTRIBUTION': 'LogisticNoiseDistribution()',
2022-08-30 BST 18:50:39,922 - INFO - 	'LAMBDA': 1,
2022-08-30 BST 18:50:39,922 - INFO - 	'LOSS_FN': 'torch.nn.MSELoss()',
2022-08-30 BST 18:50:39,922 - INFO - 	'ALPHA': None,
2022-08-30 BST 18:50:39,922 - INFO - 	'BETA': None,
2022-08-30 BST 18:50:39,922 - INFO - 	'REGULARIZER': None,
2022-08-30 BST 18:50:39,922 - INFO - 	'z_RHO': 0.410122763411552,
2022-08-30 BST 18:50:39,922 - INFO - 	'z_MU': 0.0102343788252807,
2022-08-30 BST 18:50:39,922 - INFO - 	'z_REGULARIZER': 'NoTearsZRegularizer(h.D, h.z_RHO, h.z_MU, c.DEVICE)',
2022-08-30 BST 18:50:39,922 - INFO - 	'LR_SCHEDULER': None,
2022-08-30 BST 18:50:39,922 - INFO - 	'DATA_CATEGORY': 'big',
2022-08-30 BST 18:50:39,922 - INFO - 	'DAGS': '000'
2022-08-30 BST 18:50:39,922 - INFO - }

2022-08-30 BST 18:50:43,516 - INFO - 

DAG 0: size_true=53	X.var()=64.0950
2022-08-30 BST 18:56:33,071 - INFO -  epoch=1000      train_loss=   1.9218      val_loss=   1.5001      best=1      size=  65      nSHD_c=   1.4667      nSHD=   1.4667      tpr_c=   0.5538      change_adj_count=131      
2022-08-30 BST 18:56:33,073 - INFO - 

DAG 1: size_true=54	X.var()=18.0033
2022-08-30 BST 19:02:03,663 - INFO -  epoch=1000      train_loss=   1.4102      val_loss=   1.0753      best=1      size=  55      nSHD_c=   0.3667      nSHD=   0.3333      tpr_c=   0.8727      change_adj_count=116      
2022-08-30 BST 19:02:03,664 - INFO - 

DAG 2: size_true=51	X.var()=52.8714
2022-08-30 BST 19:07:33,423 - INFO -  epoch=1000      train_loss=   1.3735      val_loss=   1.0512      best=1      size=  51      nSHD_c=   0.0667      nSHD=   0.0667      tpr_c=   0.9804      change_adj_count=92      
2022-08-30 BST 19:07:33,425 - INFO - 

DAG 3: size_true=59	X.var()=57.0164
2022-08-30 BST 19:13:25,298 - INFO -  epoch=1000      train_loss=   1.6885      val_loss=   1.4141      best=1      size=  58      nSHD_c=   0.8000      nSHD=   0.7667      tpr_c=   0.7759      change_adj_count=129      
2022-08-30 BST 19:13:25,300 - INFO - 

DAG 4: size_true=46	X.var()=20.0969
2022-08-30 BST 19:19:23,841 - INFO -  epoch=1000      train_loss=   1.3169      val_loss=   1.0525      best=1      size=  47      nSHD_c=   0.3333      nSHD=   0.3333      tpr_c=   0.8723      change_adj_count=95      
2022-08-30 BST 19:19:23,842 - INFO - 

DAG 5: size_true=71	X.var()=46.6347
2022-08-30 BST 19:25:21,426 - INFO -  epoch=1000      train_loss=   1.5036      val_loss=   1.0572      best=1      size=  67      nSHD_c=   0.4333      nSHD=   0.4333      tpr_c=   0.9254      change_adj_count=150      
2022-08-30 BST 19:25:21,427 - INFO - 

DAG 6: size_true=56	X.var()=33.6011
2022-08-30 BST 19:31:20,016 - INFO -  epoch=1000      train_loss=   1.6028      val_loss=   1.2759      best=1      size=  59      nSHD_c=   1.0333      nSHD=   1.0000      tpr_c=   0.6780      change_adj_count=110      
2022-08-30 BST 19:31:20,018 - INFO - 

DAG 7: size_true=64	X.var()=445.8708
2022-08-30 BST 19:37:31,081 - INFO -  epoch=1000      train_loss=   1.5416      val_loss=   1.4283      best=1      size=  67      nSHD_c=   1.2667      nSHD=   1.2667      tpr_c=   0.6866      change_adj_count=160      
2022-08-30 BST 19:37:31,082 - INFO - 

DAG 8: size_true=56	X.var()=61.2067
2022-08-30 BST 19:43:15,064 - INFO -  epoch=1000      train_loss=   1.5722      val_loss=   1.1761      best=1      size=  56      nSHD_c=   0.5333      nSHD=   0.5333      tpr_c=   0.8571      change_adj_count=106      
2022-08-30 BST 19:43:15,066 - INFO - 

DAG 9: size_true=51	X.var()=9.8351
2022-08-30 BST 19:48:53,548 - INFO -  epoch=1000      train_loss=   1.3113      val_loss=   1.0382      best=1      size=  49      nSHD_c=   0.1333      nSHD=   0.1333      tpr_c=   0.9796      change_adj_count=66      
2022-08-30 BST 19:48:53,549 - INFO - 

DAG 10: size_true=62	X.var()=29.1091
2022-08-30 BST 19:54:30,217 - INFO -  epoch=1000      train_loss=   1.5143      val_loss=   1.2361      best=1      size=  58      nSHD_c=   0.9000      nSHD=   0.9000      tpr_c=   0.7931      change_adj_count=106      
2022-08-30 BST 19:54:30,218 - INFO - 

DAG 11: size_true=62	X.var()=23.3308
2022-08-30 BST 20:00:02,310 - INFO -  epoch=1000      train_loss=   1.4356      val_loss=   1.0790      best=1      size=  61      nSHD_c=   0.2333      nSHD=   0.2333      tpr_c=   0.9508      change_adj_count=111      
2022-08-30 BST 20:00:02,311 - INFO - 

DAG 12: size_true=57	X.var()=25.2445
2022-08-30 BST 20:05:45,423 - INFO -  epoch=1000      train_loss=   1.5816      val_loss=   1.2785      best=1      size=  55      nSHD_c=   0.8667      nSHD=   0.8667      tpr_c=   0.7818      change_adj_count=103      
2022-08-30 BST 20:05:45,425 - INFO - 

DAG 13: size_true=66	X.var()=78.0370
2022-08-30 BST 20:11:36,487 - INFO -  epoch=1000      train_loss=   1.8728      val_loss=   1.4507      best=1      size=  66      nSHD_c=   1.2000      nSHD=   1.2000      tpr_c=   0.7121      change_adj_count=149      
2022-08-30 BST 20:11:36,488 - INFO - 

DAG 14: size_true=43	X.var()=17.6479
2022-08-30 BST 20:17:01,449 - INFO -  epoch=1000      train_loss=   1.2921      val_loss=   1.3684      best=1      size=  41      nSHD_c=   0.5000      nSHD=   0.4333      tpr_c=   0.8049      change_adj_count=128      
2022-08-30 BST 20:17:01,450 - INFO - 

DAG 15: size_true=56	X.var()=19.7208
2022-08-30 BST 20:22:33,702 - INFO -  epoch=1000      train_loss=   1.5971      val_loss=   1.3075      best=1      size=  53      nSHD_c=   0.7667      nSHD=   0.7333      tpr_c=   0.7925      change_adj_count=112      
2022-08-30 BST 20:22:33,703 - INFO - 

DAG 16: size_true=58	X.var()=22.3043
2022-08-30 BST 20:28:05,042 - INFO -  epoch=1000      train_loss=   1.3973      val_loss=   1.0514      best=1      size=  56      nSHD_c=   0.2667      nSHD=   0.2000      tpr_c=   0.9286      change_adj_count=140      
2022-08-30 BST 20:28:05,044 - INFO - 

DAG 17: size_true=62	X.var()=41.4511
2022-08-30 BST 20:33:20,050 - INFO -  epoch=1000      train_loss=   1.5374      val_loss=   1.1990      best=1      size=  60      nSHD_c=   1.0333      nSHD=   0.9667      tpr_c=   0.7333      change_adj_count=115      
2022-08-30 BST 20:33:20,052 - INFO - 

DAG 18: size_true=54	X.var()=39.0733
2022-08-30 BST 20:38:43,183 - INFO -  epoch=1000      train_loss=   1.3349      val_loss=   1.0376      best=1      size=  52      nSHD_c=   0.1333      nSHD=   0.1333      tpr_c=   0.9808      change_adj_count=112      
2022-08-30 BST 20:38:43,184 - INFO - 

DAG 19: size_true=60	X.var()=48.6541
2022-08-30 BST 20:44:16,158 - INFO -  epoch=1000      train_loss=   1.5539      val_loss=   1.2390      best=1      size=  60      nSHD_c=   0.8333      nSHD=   0.8000      tpr_c=   0.7667      change_adj_count=113      
2022-08-30 BST 20:44:16,159 - INFO - 

DAG 20: size_true=53	X.var()=68.3311
2022-08-30 BST 20:49:45,808 - INFO -  epoch=1000      train_loss=   1.4809      val_loss=   1.1823      best=1      size=  58      nSHD_c=   0.9333      nSHD=   0.9000      tpr_c=   0.6897      change_adj_count=106      
2022-08-30 BST 20:49:45,809 - INFO - 

DAG 21: size_true=60	X.var()=156.8093
2022-08-30 BST 20:55:17,197 - INFO -  epoch=1000      train_loss=   1.8568      val_loss=   1.5372      best=1      size=  65      nSHD_c=   1.2000      nSHD=   1.1667      tpr_c=   0.6615      change_adj_count=170      
2022-08-30 BST 20:55:17,199 - INFO - 

DAG 22: size_true=60	X.var()=33.9422
2022-08-30 BST 21:00:38,538 - INFO -  epoch=1000      train_loss=   1.5227      val_loss=   1.1368      best=1      size=  58      nSHD_c=   0.6333      nSHD=   0.5667      tpr_c=   0.8276      change_adj_count=105      
2022-08-30 BST 21:00:38,540 - INFO - 

DAG 23: size_true=56	X.var()=19.4415
2022-08-30 BST 21:06:06,274 - INFO -  epoch=1000      train_loss=   1.4614      val_loss=   1.1503      best=1      size=  52      nSHD_c=   0.2667      nSHD=   0.2000      tpr_c=   0.9423      change_adj_count=83      
2022-08-30 BST 21:06:06,275 - INFO - 
last_mean_nshd_c=0.6750
2022-08-30 BST 21:06:06,275 - INFO - 
Time taken 2:15:26 (h:mm:ss)
2022-08-30 BST 21:06:06,275 - INFO - 
End of log for run 2022-08-30_BST_18:50:39,857_stoch_ste_l_84_004
