2022-08-30 BST 12:44:16,192 - INFO - 
Log for run 2022-08-30_BST_12:44:15,998_stoch_imle_l_none_001

2022-08-30 BST 12:44:16,193 - INFO - COMMENT = 'Test best MAX_SIZE=None Gumbel values with Logistic'
2022-08-30 BST 12:44:16,193 - INFO - DATA_FOLDER = '../data'
2022-08-30 BST 12:44:16,193 - INFO - LATENTS_FOLDER = '../latents'
2022-08-30 BST 12:44:16,193 - INFO - LOGS_FOLDER = '../logs'
2022-08-30 BST 12:44:16,193 - INFO - MODEL_FOLDER = '../models'
2022-08-30 BST 12:44:16,194 - INFO - RESULTS_FOLDER = '../results'
2022-08-30 BST 12:44:16,194 - INFO - DEVICE = torch.device("cuda" if torch.cuda.is_available() else "cpu")  # Used: "cuda"
2022-08-30 BST 12:44:16,194 - INFO - LATENTS = False
2022-08-30 BST 12:44:16,194 - INFO - MATRIX_REPORT = False
2022-08-30 BST 12:44:16,194 - INFO - LABEL = True
2022-08-30 BST 12:44:16,194 - INFO - SAVE_TO_ODS = False
2022-08-30 BST 12:44:16,194 - INFO - VAL_LOSS_FROM_DAG = True
2022-08-30 BST 12:44:16,194 - INFO - WANDB = False
2022-08-30 BST 12:44:16,194 - INFO - WANDB_PROJECT = 'Thetas'
2022-08-30 BST 12:44:16,194 - INFO - GRAD_LOG = False
2022-08-30 BST 12:44:16,194 - INFO - SAVE_RESULTS = False
2022-08-30 BST 12:44:16,194 - INFO - N_TRIALS = 1
2022-08-30 BST 12:44:16,194 - INFO - LOAD_OPTUNA_STUDY = None
2022-08-30 BST 12:44:16,194 - INFO - OPTUNA_STRINGS = {'None': None, 'True': True, 'False': False}
2022-08-30 BST 12:44:16,194 - INFO - TQDM = False
2022-08-30 BST 12:44:16,194 - INFO - 
hyperparameters = {
2022-08-30 BST 12:44:16,195 - INFO - 	'GRAPH_TYPE': 'ER2',
2022-08-30 BST 12:44:16,195 - INFO - 	'D': 30,
2022-08-30 BST 12:44:16,195 - INFO - 	'MAX_SIZE': None,
2022-08-30 BST 12:44:16,195 - INFO - 	'SEM_NOISE': 'gaussian_ev',
2022-08-30 BST 12:44:16,195 - INFO - 	'N': 1200,
2022-08-30 BST 12:44:16,195 - INFO - 	'VAL': 0.16666666666666666,
2022-08-30 BST 12:44:16,195 - INFO - 	'N_EPOCHS': 1000,
2022-08-30 BST 12:44:16,195 - INFO - 	'BATCH_SIZE': None,
2022-08-30 BST 12:44:16,195 - INFO - 	'LOG2_BATCH_SIZE': 3,
2022-08-30 BST 12:44:16,195 - INFO - 	'BATCH_SHUFFLE': True,
2022-08-30 BST 12:44:16,195 - INFO - 	'N_SAMPLES': 47,
2022-08-30 BST 12:44:16,195 - INFO - 	'MODE': 'max_dag_test_only',
2022-08-30 BST 12:44:16,195 - INFO - 	'AFAS_SCHEDULER': None,
2022-08-30 BST 12:44:16,195 - INFO - 	'MINIZINC_SOLVER': None,
2022-08-30 BST 12:44:16,195 - INFO - 	'f_LINEAR_LAYERS': (),
2022-08-30 BST 12:44:16,196 - INFO - 	'f_BIAS': False,
2022-08-30 BST 12:44:16,196 - INFO - 	'p_LAYER': None,
2022-08-30 BST 12:44:16,196 - INFO - 	'STREAMLINE': False,
2022-08-30 BST 12:44:16,196 - INFO - 	'THRESHOLD': 0.0,
2022-08-30 BST 12:44:16,196 - INFO - 	'h_LINEAR_LAYERS': (),
2022-08-30 BST 12:44:16,196 - INFO - 	'h_NULL': 0.00011373901985660933,
2022-08-30 BST 12:44:16,196 - INFO - 	'h_LR': 0.0016158450337500668,
2022-08-30 BST 12:44:16,196 - INFO - 	'h_OPTIMIZER': 'torch.optim.Adam(overall_net.h_net.parameters(), lr=h.h_LR)',
2022-08-30 BST 12:44:16,196 - INFO - 	'f_LR': 0.3720066380139224,
2022-08-30 BST 12:44:16,196 - INFO - 	'f_OPTIMIZER': 'torch.optim.Adam(overall_net.f_net.parameters(), lr=h.f_LR)',
2022-08-30 BST 12:44:16,196 - INFO - 	'NOISE_TEMPERATURE': 0.8785929148606203,
2022-08-30 BST 12:44:16,196 - INFO - 	'NOISE_DISTRIBUTION': 'LogisticNoiseDistribution()',
2022-08-30 BST 12:44:16,196 - INFO - 	'LAMBDA': 27.13959516077541,
2022-08-30 BST 12:44:16,196 - INFO - 	'LOSS_FN': 'torch.nn.MSELoss()',
2022-08-30 BST 12:44:16,196 - INFO - 	'ALPHA': None,
2022-08-30 BST 12:44:16,196 - INFO - 	'BETA': None,
2022-08-30 BST 12:44:16,196 - INFO - 	'REGULARIZER': None,
2022-08-30 BST 12:44:16,197 - INFO - 	'z_RHO': 0.157451211201,
2022-08-30 BST 12:44:16,197 - INFO - 	'z_MU': 0.00120806965197976,
2022-08-30 BST 12:44:16,197 - INFO - 	'z_REGULARIZER': 'NoTearsZRegularizer(h.D, h.z_RHO, h.z_MU, c.DEVICE)',
2022-08-30 BST 12:44:16,197 - INFO - 	'LR_SCHEDULER': None,
2022-08-30 BST 12:44:16,197 - INFO - 	'DATA_CATEGORY': 'big',
2022-08-30 BST 12:44:16,197 - INFO - 	'DAGS': '000'
2022-08-30 BST 12:44:16,197 - INFO - }

2022-08-30 BST 12:44:21,972 - INFO - 

DAG 0: size_true=53	X.var()=64.0950
2022-08-30 BST 13:39:41,058 - INFO -  epoch=1000      train_loss=   3.9365      val_loss=   2.4287      best=1      size=  63      nSHD_c=   1.4667      nSHD=   1.4667      tpr_c=   0.5556      change_adj_count=98      
2022-08-30 BST 13:39:41,068 - INFO - 

DAG 1: size_true=54	X.var()=18.0033
2022-08-30 BST 14:33:28,362 - INFO -  epoch=1000      train_loss=   1.9180      val_loss=   1.4882      best=1      size=  53      nSHD_c=   0.6667      nSHD=   0.6333      tpr_c=   0.8113      change_adj_count=75      
2022-08-30 BST 14:33:28,365 - INFO - 

DAG 2: size_true=51	X.var()=52.8714
2022-08-30 BST 15:25:50,226 - INFO -  epoch=1000      train_loss=   5.3185      val_loss=   5.1250      best=1      size=  63      nSHD_c=   0.6667      nSHD=   0.6667      tpr_c=   0.7460      change_adj_count=82      
2022-08-30 BST 15:25:50,227 - INFO - 

DAG 3: size_true=59	X.var()=57.0164
2022-08-30 BST 16:17:10,416 - INFO -  epoch=1000      train_loss=   3.8962      val_loss=   1.8040      best=1      size=  62      nSHD_c=   1.0333      nSHD=   1.0333      tpr_c=   0.7097      change_adj_count=92      
2022-08-30 BST 16:17:10,418 - INFO - 

DAG 4: size_true=46	X.var()=20.0969
2022-08-30 BST 17:04:21,728 - INFO -  epoch=1000      train_loss=   1.8144      val_loss=   1.2750      best=1      size=  46      nSHD_c=   0.5000      nSHD=   0.5000      tpr_c=   0.8261      change_adj_count=69      
2022-08-30 BST 17:04:21,729 - INFO - 

DAG 5: size_true=71	X.var()=46.6347
2022-08-30 BST 18:56:28,993 - INFO -  epoch=1000      train_loss=   2.6916      val_loss=   1.6358      best=1      size=  71      nSHD_c=   0.8667      nSHD=   0.8667      tpr_c=   0.8169      change_adj_count=90      
2022-08-30 BST 18:56:28,995 - INFO - 

DAG 6: size_true=56	X.var()=33.6011
2022-08-30 BST 21:06:10,280 - INFO -  epoch=1000      train_loss=   2.3053      val_loss=   1.8259      best=1      size=  57      nSHD_c=   1.3000      nSHD=   1.2667      tpr_c=   0.6140      change_adj_count=79      
2022-08-30 BST 21:06:10,281 - INFO - 

DAG 7: size_true=64	X.var()=445.8708
2022-08-30 BST 22:47:53,609 - INFO -  epoch=1000      train_loss=  40.4213      val_loss= 104.3930      best=1      size= 129      nSHD_c=   3.3667      nSHD=   3.3000      tpr_c=   0.3488      change_adj_count=293      
2022-08-30 BST 22:47:53,623 - INFO - 

DAG 8: size_true=56	X.var()=61.2067
2022-08-31 BST 00:14:13,112 - INFO -  epoch=1000      train_loss=   5.4478      val_loss=   2.9791      best=1      size=  63      nSHD_c=   1.1667      nSHD=   1.1667      tpr_c=   0.6667      change_adj_count=94      
2022-08-31 BST 00:14:13,113 - INFO - 

DAG 9: size_true=51	X.var()=9.8351
2022-08-31 BST 01:02:50,027 - INFO -  epoch=1000      train_loss=   1.4786      val_loss=   1.3192      best=1      size=  50      nSHD_c=   0.3000      nSHD=   0.3000      tpr_c=   0.9200      change_adj_count=71      
2022-08-31 BST 01:02:50,029 - INFO - 

DAG 10: size_true=62	X.var()=29.1091
2022-08-31 BST 01:40:04,660 - INFO -  epoch=1000      train_loss=   1.9015      val_loss=   2.5570      best=1      size=  53      nSHD_c=   0.9333      nSHD=   0.8667      tpr_c=   0.7925      change_adj_count=80      
2022-08-31 BST 01:40:04,661 - INFO - 

DAG 11: size_true=62	X.var()=23.3308
2022-08-31 BST 02:17:30,887 - INFO -  epoch=1000      train_loss=   1.7974      val_loss=   1.3837      best=1      size=  63      nSHD_c=   0.8333      nSHD=   0.7667      tpr_c=   0.7778      change_adj_count=83      
2022-08-31 BST 02:17:30,888 - INFO - 

DAG 12: size_true=57	X.var()=25.2445
2022-08-31 BST 02:56:09,866 - INFO -  epoch=1000      train_loss=   2.5089      val_loss=   2.2958      best=1      size=  56      nSHD_c=   1.2667      nSHD=   1.2667      tpr_c=   0.6607      change_adj_count=74      
2022-08-31 BST 02:56:09,868 - INFO - 

DAG 13: size_true=66	X.var()=78.0370
2022-08-31 BST 03:36:27,904 - INFO -  epoch=1000      train_loss=   4.5863      val_loss=   2.6556      best=1      size=  64      nSHD_c=   1.8667      nSHD=   1.8667      tpr_c=   0.5625      change_adj_count=101      
2022-08-31 BST 03:36:27,906 - INFO - 

DAG 14: size_true=43	X.var()=17.6479
2022-08-31 BST 04:12:58,272 - INFO -  epoch=1000      train_loss=   1.5594      val_loss=   1.5078      best=1      size=  43      nSHD_c=   0.4667      nSHD=   0.5000      tpr_c=   0.8372      change_adj_count=68      
2022-08-31 BST 04:12:58,273 - INFO - 

DAG 15: size_true=56	X.var()=19.7208
2022-08-31 BST 04:50:15,956 - INFO -  epoch=1000      train_loss=   2.1005      val_loss=   1.8909      best=1      size=  49      nSHD_c=   0.8333      nSHD=   0.7667      tpr_c=   0.7959      change_adj_count=67      
2022-08-31 BST 04:50:15,958 - INFO - 

DAG 16: size_true=58	X.var()=22.3043
2022-08-31 BST 05:27:46,190 - INFO -  epoch=1000      train_loss=   1.5591      val_loss=   1.3949      best=1      size=  56      nSHD_c=   0.2000      nSHD=   0.2000      tpr_c=   0.9643      change_adj_count=76      
2022-08-31 BST 05:27:46,192 - INFO - 

DAG 17: size_true=62	X.var()=41.4511
2022-08-31 BST 06:08:18,647 - INFO -  epoch=1000      train_loss=   2.5978      val_loss=   1.7717      best=1      size=  57      nSHD_c=   1.0667      nSHD=   1.0667      tpr_c=   0.7544      change_adj_count=87      
2022-08-31 BST 06:08:18,648 - INFO - 

DAG 18: size_true=54	X.var()=39.0733
2022-08-31 BST 06:46:15,734 - INFO -  epoch=1000      train_loss=   2.7005      val_loss=   2.1831      best=1      size=  55      nSHD_c=   0.4333      nSHD=   0.4333      tpr_c=   0.8727      change_adj_count=84      
2022-08-31 BST 06:46:15,736 - INFO - 

DAG 19: size_true=60	X.var()=48.6541
2022-08-31 BST 07:25:06,463 - INFO -  epoch=1000      train_loss=   2.9224      val_loss=   5.8770      best=1      size=  57      nSHD_c=   1.0000      nSHD=   0.9667      tpr_c=   0.7368      change_adj_count=84      
2022-08-31 BST 07:25:06,464 - INFO - 

DAG 20: size_true=53	X.var()=68.3311
2022-08-31 BST 08:05:05,880 - INFO -  epoch=1000      train_loss=   4.8891      val_loss=   2.8491      best=1      size=  61      nSHD_c=   1.3333      nSHD=   1.3333      tpr_c=   0.5902      change_adj_count=113      
2022-08-31 BST 08:05:05,881 - INFO - 

DAG 21: size_true=60	X.var()=156.8093
2022-08-31 BST 08:47:25,529 - INFO -  epoch=1000      train_loss=  14.8556      val_loss=  13.6933      best=1      size=  94      nSHD_c=   2.3667      nSHD=   2.3667      tpr_c=   0.4362      change_adj_count=309      
2022-08-31 BST 08:47:25,531 - INFO - 

DAG 22: size_true=60	X.var()=33.9422
2022-08-31 BST 09:25:31,287 - INFO -  epoch=1000      train_loss=   2.7311      val_loss=   2.0755      best=1      size=  61      nSHD_c=   0.9000      nSHD=   0.9000      tpr_c=   0.7705      change_adj_count=105      
2022-08-31 BST 09:25:31,288 - INFO - 

DAG 23: size_true=56	X.var()=19.4415
2022-08-31 BST 10:04:54,699 - INFO -  epoch=1000      train_loss=   1.8085      val_loss=   1.4544      best=1      size=  53      nSHD_c=   0.3667      nSHD=   0.3667      tpr_c=   0.9245      change_adj_count=75      
2022-08-31 BST 10:04:54,700 - INFO - 
last_mean_nshd_c=1.0500
2022-08-31 BST 10:04:54,700 - INFO - 
Time taken 21:20:39 (h:mm:ss)
2022-08-31 BST 10:04:54,700 - INFO - 
End of log for run 2022-08-30_BST_12:44:15,998_stoch_imle_l_none_001
