2022-08-30 BST 15:41:33,106 - INFO - 
Log for run 2022-08-30_BST_15:41:33,070_stoch_imle_l_none_008

2022-08-30 BST 15:41:33,106 - INFO - COMMENT = 'Test best MAX_SIZE=None Gumbel values with Logistic'
2022-08-30 BST 15:41:33,106 - INFO - DATA_FOLDER = '../data'
2022-08-30 BST 15:41:33,106 - INFO - LATENTS_FOLDER = '../latents'
2022-08-30 BST 15:41:33,106 - INFO - LOGS_FOLDER = '../logs'
2022-08-30 BST 15:41:33,106 - INFO - MODEL_FOLDER = '../models'
2022-08-30 BST 15:41:33,106 - INFO - RESULTS_FOLDER = '../results'
2022-08-30 BST 15:41:33,106 - INFO - DEVICE = torch.device("cuda" if torch.cuda.is_available() else "cpu")  # Used: "cuda"
2022-08-30 BST 15:41:33,106 - INFO - LATENTS = False
2022-08-30 BST 15:41:33,106 - INFO - MATRIX_REPORT = False
2022-08-30 BST 15:41:33,107 - INFO - LABEL = True
2022-08-30 BST 15:41:33,107 - INFO - SAVE_TO_ODS = False
2022-08-30 BST 15:41:33,107 - INFO - VAL_LOSS_FROM_DAG = True
2022-08-30 BST 15:41:33,107 - INFO - WANDB = False
2022-08-30 BST 15:41:33,107 - INFO - WANDB_PROJECT = 'Thetas'
2022-08-30 BST 15:41:33,107 - INFO - GRAD_LOG = False
2022-08-30 BST 15:41:33,107 - INFO - SAVE_RESULTS = False
2022-08-30 BST 15:41:33,107 - INFO - N_TRIALS = 1
2022-08-30 BST 15:41:33,107 - INFO - LOAD_OPTUNA_STUDY = None
2022-08-30 BST 15:41:33,107 - INFO - OPTUNA_STRINGS = {'None': None, 'True': True, 'False': False}
2022-08-30 BST 15:41:33,107 - INFO - TQDM = False
2022-08-30 BST 15:41:33,107 - INFO - 
hyperparameters = {
2022-08-30 BST 15:41:33,107 - INFO - 	'GRAPH_TYPE': 'ER2',
2022-08-30 BST 15:41:33,107 - INFO - 	'D': 30,
2022-08-30 BST 15:41:33,107 - INFO - 	'MAX_SIZE': None,
2022-08-30 BST 15:41:33,107 - INFO - 	'SEM_NOISE': 'gaussian_ev',
2022-08-30 BST 15:41:33,107 - INFO - 	'N': 1200,
2022-08-30 BST 15:41:33,107 - INFO - 	'VAL': 0.16666666666666666,
2022-08-30 BST 15:41:33,107 - INFO - 	'N_EPOCHS': 1000,
2022-08-30 BST 15:41:33,107 - INFO - 	'BATCH_SIZE': None,
2022-08-30 BST 15:41:33,108 - INFO - 	'LOG2_BATCH_SIZE': 3,
2022-08-30 BST 15:41:33,108 - INFO - 	'BATCH_SHUFFLE': True,
2022-08-30 BST 15:41:33,108 - INFO - 	'N_SAMPLES': 47,
2022-08-30 BST 15:41:33,108 - INFO - 	'MODE': 'max_dag_test_only',
2022-08-30 BST 15:41:33,108 - INFO - 	'AFAS_SCHEDULER': None,
2022-08-30 BST 15:41:33,108 - INFO - 	'MINIZINC_SOLVER': None,
2022-08-30 BST 15:41:33,108 - INFO - 	'f_LINEAR_LAYERS': (),
2022-08-30 BST 15:41:33,108 - INFO - 	'f_BIAS': False,
2022-08-30 BST 15:41:33,108 - INFO - 	'p_LAYER': None,
2022-08-30 BST 15:41:33,108 - INFO - 	'STREAMLINE': False,
2022-08-30 BST 15:41:33,108 - INFO - 	'THRESHOLD': 0.0,
2022-08-30 BST 15:41:33,108 - INFO - 	'h_LINEAR_LAYERS': (),
2022-08-30 BST 15:41:33,108 - INFO - 	'h_NULL': 0.00011373901985660933,
2022-08-30 BST 15:41:33,108 - INFO - 	'h_LR': 0.0016158450337500668,
2022-08-30 BST 15:41:33,108 - INFO - 	'h_OPTIMIZER': 'torch.optim.Adam(overall_net.h_net.parameters(), lr=h.h_LR)',
2022-08-30 BST 15:41:33,108 - INFO - 	'f_LR': 0.3720066380139224,
2022-08-30 BST 15:41:33,108 - INFO - 	'f_OPTIMIZER': 'torch.optim.Adam(overall_net.f_net.parameters(), lr=h.f_LR)',
2022-08-30 BST 15:41:33,108 - INFO - 	'NOISE_TEMPERATURE': 0.8785929148606203,
2022-08-30 BST 15:41:33,108 - INFO - 	'NOISE_DISTRIBUTION': 'LogisticNoiseDistribution()',
2022-08-30 BST 15:41:33,108 - INFO - 	'LAMBDA': 27.13959516077541,
2022-08-30 BST 15:41:33,108 - INFO - 	'LOSS_FN': 'torch.nn.MSELoss()',
2022-08-30 BST 15:41:33,108 - INFO - 	'ALPHA': None,
2022-08-30 BST 15:41:33,109 - INFO - 	'BETA': None,
2022-08-30 BST 15:41:33,109 - INFO - 	'REGULARIZER': None,
2022-08-30 BST 15:41:33,109 - INFO - 	'z_RHO': 0.157451211201,
2022-08-30 BST 15:41:33,109 - INFO - 	'z_MU': 0.00120806965197976,
2022-08-30 BST 15:41:33,109 - INFO - 	'z_REGULARIZER': 'NoTearsZRegularizer(h.D, h.z_RHO, h.z_MU, c.DEVICE)',
2022-08-30 BST 15:41:33,109 - INFO - 	'LR_SCHEDULER': None,
2022-08-30 BST 15:41:33,109 - INFO - 	'DATA_CATEGORY': 'big',
2022-08-30 BST 15:41:33,109 - INFO - 	'DAGS': '000'
2022-08-30 BST 15:41:33,109 - INFO - }

2022-08-30 BST 15:41:37,104 - INFO - 

DAG 0: size_true=53	X.var()=64.0950
2022-08-30 BST 16:07:00,882 - INFO -  epoch=1000      train_loss=   4.3361      val_loss=   2.5808      best=1      size=  63      nSHD_c=   1.4000      nSHD=   1.4000      tpr_c=   0.5714      change_adj_count=93      
2022-08-30 BST 16:07:00,883 - INFO - 

DAG 1: size_true=54	X.var()=18.0033
2022-08-30 BST 16:31:31,520 - INFO -  epoch=1000      train_loss=   1.8616      val_loss=   1.6375      best=1      size=  53      nSHD_c=   0.6667      nSHD=   0.6333      tpr_c=   0.8113      change_adj_count=73      
2022-08-30 BST 16:31:31,521 - INFO - 

DAG 2: size_true=51	X.var()=52.8714
2022-08-30 BST 16:56:32,374 - INFO -  epoch=1000      train_loss=   5.1527      val_loss=   6.7145      best=1      size=  63      nSHD_c=   0.6667      nSHD=   0.6667      tpr_c=   0.7460      change_adj_count=81      
2022-08-30 BST 16:56:32,375 - INFO - 

DAG 3: size_true=59	X.var()=57.0164
2022-08-30 BST 17:19:49,811 - INFO -  epoch=1000      train_loss=   3.0097      val_loss=   1.8865      best=1      size=  62      nSHD_c=   1.1000      nSHD=   1.1000      tpr_c=   0.6935      change_adj_count=83      
2022-08-30 BST 17:19:49,812 - INFO - 

DAG 4: size_true=46	X.var()=20.0969
2022-08-30 BST 17:41:42,543 - INFO -  epoch=1000      train_loss=   1.7037      val_loss=   1.3092      best=1      size=  47      nSHD_c=   0.4667      nSHD=   0.4667      tpr_c=   0.8298      change_adj_count=72      
2022-08-30 BST 17:41:42,544 - INFO - 

DAG 5: size_true=71	X.var()=46.6347
2022-08-30 BST 18:04:35,781 - INFO -  epoch=1000      train_loss=   3.3694      val_loss=   2.1758      best=1      size=  71      nSHD_c=   0.9333      nSHD=   0.9333      tpr_c=   0.8028      change_adj_count=94      
2022-08-30 BST 18:04:35,782 - INFO - 

DAG 6: size_true=56	X.var()=33.6011
2022-08-30 BST 18:27:40,859 - INFO -  epoch=1000      train_loss=   2.9187      val_loss=   1.7978      best=1      size=  57      nSHD_c=   1.3000      nSHD=   1.2667      tpr_c=   0.6140      change_adj_count=80      
2022-08-30 BST 18:27:40,860 - INFO - 

DAG 7: size_true=64	X.var()=445.8708
2022-08-30 BST 18:51:29,459 - INFO -  epoch=1000      train_loss=  41.5908      val_loss= 237.2867      best=1      size= 126      nSHD_c=   3.2000      nSHD=   3.1333      tpr_c=   0.3651      change_adj_count=317      
2022-08-30 BST 18:51:29,460 - INFO - 

DAG 8: size_true=56	X.var()=61.2067
2022-08-30 BST 19:13:49,843 - INFO -  epoch=1000      train_loss=   7.0202      val_loss=   4.2756      best=1      size=  65      nSHD_c=   1.2333      nSHD=   1.2333      tpr_c=   0.6462      change_adj_count=93      
2022-08-30 BST 19:13:49,844 - INFO - 

DAG 9: size_true=51	X.var()=9.8351
2022-08-30 BST 19:34:39,844 - INFO -  epoch=1000      train_loss=   1.4011      val_loss=   1.3609      best=1      size=  49      nSHD_c=   0.2667      nSHD=   0.2667      tpr_c=   0.9388      change_adj_count=72      
2022-08-30 BST 19:34:39,845 - INFO - 

DAG 10: size_true=62	X.var()=29.1091
2022-08-30 BST 19:55:25,223 - INFO -  epoch=1000      train_loss=   2.2569      val_loss=   2.7657      best=1      size=  53      nSHD_c=   0.9333      nSHD=   0.8667      tpr_c=   0.7925      change_adj_count=75      
2022-08-30 BST 19:55:25,226 - INFO - 

DAG 11: size_true=62	X.var()=23.3308
2022-08-30 BST 20:16:34,712 - INFO -  epoch=1000      train_loss=   1.9379      val_loss=   1.5907      best=1      size=  64      nSHD_c=   0.7333      nSHD=   0.7333      tpr_c=   0.8125      change_adj_count=85      
2022-08-30 BST 20:16:34,713 - INFO - 

DAG 12: size_true=57	X.var()=25.2445
2022-08-30 BST 20:45:01,356 - INFO -  epoch=1000      train_loss=   2.5076      val_loss=   2.0623      best=1      size=  57      nSHD_c=   1.1333      nSHD=   1.1333      tpr_c=   0.6842      change_adj_count=76      
2022-08-30 BST 20:45:01,358 - INFO - 

DAG 13: size_true=66	X.var()=78.0370
2022-08-30 BST 21:19:03,228 - INFO -  epoch=1000      train_loss=   4.2944      val_loss=   2.6456      best=1      size=  62      nSHD_c=   1.9000      nSHD=   1.9000      tpr_c=   0.5484      change_adj_count=91      
2022-08-30 BST 21:19:03,230 - INFO - 

DAG 14: size_true=43	X.var()=17.6479
2022-08-30 BST 21:39:32,984 - INFO -  epoch=1000      train_loss=   1.5504      val_loss=   1.3741      best=1      size=  43      nSHD_c=   0.4667      nSHD=   0.5000      tpr_c=   0.8372      change_adj_count=69      
2022-08-30 BST 21:39:32,985 - INFO - 

DAG 15: size_true=56	X.var()=19.7208
2022-08-30 BST 22:01:06,832 - INFO -  epoch=1000      train_loss=   2.2723      val_loss=   1.9426      best=1      size=  49      nSHD_c=   0.9000      nSHD=   0.8333      tpr_c=   0.7755      change_adj_count=69      
2022-08-30 BST 22:01:06,833 - INFO - 

DAG 16: size_true=58	X.var()=22.3043
2022-08-30 BST 22:22:26,727 - INFO -  epoch=1000      train_loss=   1.7374      val_loss=   1.3125      best=1      size=  61      nSHD_c=   0.5000      nSHD=   0.5000      tpr_c=   0.8525      change_adj_count=78      
2022-08-30 BST 22:22:26,728 - INFO - 

DAG 17: size_true=62	X.var()=41.4511
2022-08-30 BST 22:46:10,271 - INFO -  epoch=1000      train_loss=   2.2528      val_loss=   1.6659      best=1      size=  56      nSHD_c=   1.1667      nSHD=   1.1667      tpr_c=   0.7321      change_adj_count=91      
2022-08-30 BST 22:46:10,272 - INFO - 

DAG 18: size_true=54	X.var()=39.0733
2022-08-30 BST 23:09:24,535 - INFO -  epoch=1000      train_loss=   2.5786      val_loss=   1.6926      best=1      size=  55      nSHD_c=   0.4333      nSHD=   0.4333      tpr_c=   0.8727      change_adj_count=83      
2022-08-30 BST 23:09:24,536 - INFO - 

DAG 19: size_true=60	X.var()=48.6541
2022-08-30 BST 23:45:47,219 - INFO -  epoch=1000      train_loss=   2.7318      val_loss=   5.8121      best=1      size=  56      nSHD_c=   0.9333      nSHD=   0.9000      tpr_c=   0.7500      change_adj_count=81      
2022-08-30 BST 23:45:47,220 - INFO - 

DAG 20: size_true=53	X.var()=68.3311
2022-08-31 BST 00:41:44,856 - INFO -  epoch=1000      train_loss=   5.1890      val_loss=   2.3085      best=1      size=  61      nSHD_c=   1.3333      nSHD=   1.3333      tpr_c=   0.5902      change_adj_count=99      
2022-08-31 BST 00:41:44,857 - INFO - 

DAG 21: size_true=60	X.var()=156.8093
2022-08-31 BST 01:39:33,417 - INFO -  epoch=1000      train_loss=  14.4442      val_loss=  15.9646      best=1      size=  92      nSHD_c=   2.3667      nSHD=   2.3667      tpr_c=   0.4348      change_adj_count=256      
2022-08-31 BST 01:39:33,418 - INFO - 

DAG 22: size_true=60	X.var()=33.9422
2022-08-31 BST 02:34:57,377 - INFO -  epoch=1000      train_loss=   2.6320      val_loss=   2.1272      best=1      size=  59      nSHD_c=   0.9667      nSHD=   0.9667      tpr_c=   0.7627      change_adj_count=87      
2022-08-31 BST 02:34:57,379 - INFO - 

DAG 23: size_true=56	X.var()=19.4415
2022-08-31 BST 03:30:13,620 - INFO -  epoch=1000      train_loss=   1.6550      val_loss=   1.5617      best=1      size=  53      nSHD_c=   0.3000      nSHD=   0.3000      tpr_c=   0.9434      change_adj_count=74      
2022-08-31 BST 03:30:13,621 - INFO - 
last_mean_nshd_c=1.0542
2022-08-31 BST 03:30:13,621 - INFO - 
Time taken 11:48:41 (h:mm:ss)
2022-08-31 BST 03:30:13,621 - INFO - 
End of log for run 2022-08-30_BST_15:41:33,070_stoch_imle_l_none_008
