2022-09-01 BST 21:41:32,258 - INFO - 
Log for run 2022-09-01_BST_21:41:32,062_stoch_ste_l_84_010

2022-09-01 BST 21:41:32,259 - INFO - COMMENT = 'For Optuna on STE'
2022-09-01 BST 21:41:32,259 - INFO - DATA_FOLDER = '../data'
2022-09-01 BST 21:41:32,259 - INFO - LATENTS_FOLDER = '../latents'
2022-09-01 BST 21:41:32,259 - INFO - LOGS_FOLDER = '../logs'
2022-09-01 BST 21:41:32,259 - INFO - MODEL_FOLDER = '../models'
2022-09-01 BST 21:41:32,259 - INFO - RESULTS_FOLDER = '../results'
2022-09-01 BST 21:41:32,259 - INFO - DEVICE = torch.device("cuda" if torch.cuda.is_available() else "cpu")  # Used: "cuda"
2022-09-01 BST 21:41:32,259 - INFO - LATENTS = False
2022-09-01 BST 21:41:32,259 - INFO - MATRIX_REPORT = False
2022-09-01 BST 21:41:32,259 - INFO - LABEL = True
2022-09-01 BST 21:41:32,260 - INFO - SAVE_TO_ODS = False
2022-09-01 BST 21:41:32,260 - INFO - VAL_LOSS_FROM_DAG = True
2022-09-01 BST 21:41:32,260 - INFO - WANDB = False
2022-09-01 BST 21:41:32,260 - INFO - WANDB_PROJECT = 'Thetas'
2022-09-01 BST 21:41:32,260 - INFO - GRAD_LOG = False
2022-09-01 BST 21:41:32,260 - INFO - SAVE_RESULTS = False
2022-09-01 BST 21:41:32,260 - INFO - N_TRIALS = 1
2022-09-01 BST 21:41:32,260 - INFO - LOAD_OPTUNA_STUDY = None
2022-09-01 BST 21:41:32,260 - INFO - OPTUNA_STRINGS = {'None': None, 'True': True, 'False': False}
2022-09-01 BST 21:41:32,260 - INFO - TQDM = False
2022-09-01 BST 21:41:32,260 - INFO - 
hyperparameters = {
2022-09-01 BST 21:41:32,260 - INFO - 	'GRAPH_TYPE': 'ER2',
2022-09-01 BST 21:41:32,260 - INFO - 	'D': 30,
2022-09-01 BST 21:41:32,260 - INFO - 	'MAX_SIZE': 84,
2022-09-01 BST 21:41:32,261 - INFO - 	'SEM_NOISE': 'gaussian_ev',
2022-09-01 BST 21:41:32,261 - INFO - 	'N': 1200,
2022-09-01 BST 21:41:32,261 - INFO - 	'VAL': 0.16666666666666666,
2022-09-01 BST 21:41:32,261 - INFO - 	'N_EPOCHS': 1000,
2022-09-01 BST 21:41:32,261 - INFO - 	'BATCH_SIZE': None,
2022-09-01 BST 21:41:32,261 - INFO - 	'LOG2_BATCH_SIZE': 4,
2022-09-01 BST 21:41:32,261 - INFO - 	'BATCH_SHUFFLE': True,
2022-09-01 BST 21:41:32,261 - INFO - 	'N_SAMPLES': 10,
2022-09-01 BST 21:41:32,261 - INFO - 	'MODE': 'max_dag_test_only',
2022-09-01 BST 21:41:32,261 - INFO - 	'AFAS_SCHEDULER': None,
2022-09-01 BST 21:41:32,261 - INFO - 	'MINIZINC_SOLVER': None,
2022-09-01 BST 21:41:32,261 - INFO - 	'f_LINEAR_LAYERS': (),
2022-09-01 BST 21:41:32,261 - INFO - 	'f_BIAS': False,
2022-09-01 BST 21:41:32,261 - INFO - 	'p_LAYER': 'STE',
2022-09-01 BST 21:41:32,262 - INFO - 	'STREAMLINE': False,
2022-09-01 BST 21:41:32,262 - INFO - 	'THRESHOLD': 0.0,
2022-09-01 BST 21:41:32,262 - INFO - 	'h_LINEAR_LAYERS': (),
2022-09-01 BST 21:41:32,262 - INFO - 	'h_NULL': 0.0216881787013694,
2022-09-01 BST 21:41:32,262 - INFO - 	'h_LR': 0.000113389232350646,
2022-09-01 BST 21:41:32,262 - INFO - 	'h_OPTIMIZER': 'torch.optim.Adam(overall_net.h_net.parameters(), lr=h.h_LR)',
2022-09-01 BST 21:41:32,262 - INFO - 	'f_LR': 0.0123204369681095,
2022-09-01 BST 21:41:32,262 - INFO - 	'f_OPTIMIZER': 'torch.optim.Adam(overall_net.f_net.parameters(), lr=h.f_LR)',
2022-09-01 BST 21:41:32,262 - INFO - 	'NOISE_TEMPERATURE': 0.177138167187175,
2022-09-01 BST 21:41:32,262 - INFO - 	'NOISE_DISTRIBUTION': 'LogisticNoiseDistribution()',
2022-09-01 BST 21:41:32,262 - INFO - 	'LAMBDA': 1,
2022-09-01 BST 21:41:32,262 - INFO - 	'LOSS_FN': 'torch.nn.MSELoss()',
2022-09-01 BST 21:41:32,262 - INFO - 	'ALPHA': None,
2022-09-01 BST 21:41:32,262 - INFO - 	'BETA': None,
2022-09-01 BST 21:41:32,262 - INFO - 	'REGULARIZER': None,
2022-09-01 BST 21:41:32,263 - INFO - 	'z_RHO': 0.410122763411552,
2022-09-01 BST 21:41:32,263 - INFO - 	'z_MU': 0.0102343788252807,
2022-09-01 BST 21:41:32,263 - INFO - 	'z_REGULARIZER': 'NoTearsZRegularizer(h.D, h.z_RHO, h.z_MU, c.DEVICE)',
2022-09-01 BST 21:41:32,263 - INFO - 	'LR_SCHEDULER': None,
2022-09-01 BST 21:41:32,263 - INFO - 	'DATA_CATEGORY': 'big',
2022-09-01 BST 21:41:32,263 - INFO - 	'DAGS': '000'
2022-09-01 BST 21:41:32,263 - INFO - }

2022-09-01 BST 21:41:55,078 - INFO - 

DAG 0: size_true=53	X.var()=64.0950
2022-09-01 BST 21:48:36,027 - INFO -  epoch=1000      train_loss=   1.8670      val_loss=   1.4877      best=1      size=  67      nSHD_c=   1.4667      nSHD=   1.4667      tpr_c=   0.5522      change_adj_count=134      
2022-09-01 BST 21:48:36,028 - INFO - 

DAG 1: size_true=54	X.var()=18.0033
2022-09-01 BST 21:55:20,427 - INFO -  epoch=1000      train_loss=   1.4276      val_loss=   1.0661      best=1      size=  55      nSHD_c=   0.3667      nSHD=   0.3333      tpr_c=   0.8727      change_adj_count=100      
2022-09-01 BST 21:55:20,428 - INFO - 

DAG 2: size_true=51	X.var()=52.8714
2022-09-01 BST 22:01:59,613 - INFO -  epoch=1000      train_loss=   1.3294      val_loss=   1.0498      best=1      size=  51      nSHD_c=   0.0667      nSHD=   0.0667      tpr_c=   0.9804      change_adj_count=88      
2022-09-01 BST 22:01:59,614 - INFO - 

DAG 3: size_true=59	X.var()=57.0164
2022-09-01 BST 22:08:41,016 - INFO -  epoch=1000      train_loss=   1.6517      val_loss=   1.4041      best=1      size=  55      nSHD_c=   0.7667      nSHD=   0.7333      tpr_c=   0.8000      change_adj_count=120      
2022-09-01 BST 22:08:41,017 - INFO - 

DAG 4: size_true=46	X.var()=20.0969
2022-09-01 BST 22:15:14,931 - INFO -  epoch=1000      train_loss=   1.3284      val_loss=   1.0292      best=1      size=  48      nSHD_c=   0.3000      nSHD=   0.3333      tpr_c=   0.8750      change_adj_count=99      
2022-09-01 BST 22:15:14,932 - INFO - 

DAG 5: size_true=71	X.var()=46.6347
2022-09-01 BST 22:21:52,487 - INFO -  epoch=1000      train_loss=   1.4940      val_loss=   1.0543      best=1      size=  66      nSHD_c=   0.4000      nSHD=   0.4000      tpr_c=   0.9394      change_adj_count=110      
2022-09-01 BST 22:21:52,488 - INFO - 

DAG 6: size_true=56	X.var()=33.6011
2022-09-01 BST 22:28:33,909 - INFO -  epoch=1000      train_loss=   1.6145      val_loss=   1.2582      best=1      size=  59      nSHD_c=   1.0333      nSHD=   1.0000      tpr_c=   0.6780      change_adj_count=114      
2022-09-01 BST 22:28:33,910 - INFO - 

DAG 7: size_true=64	X.var()=445.8708
2022-09-01 BST 22:35:24,398 - INFO -  epoch=1000      train_loss=   1.7899      val_loss=   1.4467      best=1      size=  67      nSHD_c=   1.3000      nSHD=   1.2667      tpr_c=   0.6716      change_adj_count=161      
2022-09-01 BST 22:35:24,399 - INFO - 

DAG 8: size_true=56	X.var()=61.2067
2022-09-01 BST 22:42:05,257 - INFO -  epoch=1000      train_loss=   1.4988      val_loss=   1.1701      best=1      size=  57      nSHD_c=   0.5000      nSHD=   0.5000      tpr_c=   0.8596      change_adj_count=112      
2022-09-01 BST 22:42:05,259 - INFO - 

DAG 9: size_true=51	X.var()=9.8351
2022-09-01 BST 22:48:35,608 - INFO -  epoch=1000      train_loss=   1.3163      val_loss=   1.0445      best=1      size=  49      nSHD_c=   0.1333      nSHD=   0.1333      tpr_c=   0.9796      change_adj_count=63      
2022-09-01 BST 22:48:35,609 - INFO - 

DAG 10: size_true=62	X.var()=29.1091
2022-09-01 BST 22:55:12,108 - INFO -  epoch=1000      train_loss=   1.5156      val_loss=   1.2444      best=1      size=  58      nSHD_c=   0.8333      nSHD=   0.8333      tpr_c=   0.8103      change_adj_count=97      
2022-09-01 BST 22:55:12,109 - INFO - 

DAG 11: size_true=62	X.var()=23.3308
2022-09-01 BST 23:01:49,450 - INFO -  epoch=1000      train_loss=   1.4195      val_loss=   1.0745      best=1      size=  61      nSHD_c=   0.2333      nSHD=   0.2333      tpr_c=   0.9508      change_adj_count=111      
2022-09-01 BST 23:01:49,451 - INFO - 

DAG 12: size_true=57	X.var()=25.2445
2022-09-01 BST 23:08:26,116 - INFO -  epoch=1000      train_loss=   1.4917      val_loss=   1.1785      best=1      size=  54      nSHD_c=   0.7000      nSHD=   0.7000      tpr_c=   0.8333      change_adj_count=113      
2022-09-01 BST 23:08:26,118 - INFO - 

DAG 13: size_true=66	X.var()=78.0370
2022-09-01 BST 23:15:09,168 - INFO -  epoch=1000      train_loss=   1.9102      val_loss=   1.4520      best=1      size=  67      nSHD_c=   1.1667      nSHD=   1.1667      tpr_c=   0.7164      change_adj_count=148      
2022-09-01 BST 23:15:09,170 - INFO - 

DAG 14: size_true=43	X.var()=17.6479
2022-09-01 BST 23:21:38,708 - INFO -  epoch=1000      train_loss=   1.4100      val_loss=   1.2261      best=1      size=  42      nSHD_c=   0.6333      nSHD=   0.5667      tpr_c=   0.7381      change_adj_count=102      
2022-09-01 BST 23:21:38,709 - INFO - 

DAG 15: size_true=56	X.var()=19.7208
2022-09-01 BST 23:28:16,710 - INFO -  epoch=1000      train_loss=   1.5330      val_loss=   1.2440      best=1      size=  54      nSHD_c=   0.7333      nSHD=   0.7000      tpr_c=   0.7963      change_adj_count=104      
2022-09-01 BST 23:28:16,712 - INFO - 

DAG 16: size_true=58	X.var()=22.3043
2022-09-01 BST 23:34:45,488 - INFO -  epoch=1000      train_loss=   1.3921      val_loss=   1.0783      best=1      size=  58      nSHD_c=   0.4000      nSHD=   0.3333      tpr_c=   0.8793      change_adj_count=130      
2022-09-01 BST 23:34:45,489 - INFO - 

DAG 17: size_true=62	X.var()=41.4511
2022-09-01 BST 23:41:22,712 - INFO -  epoch=1000      train_loss=   1.5492      val_loss=   1.1998      best=1      size=  60      nSHD_c=   1.0333      nSHD=   0.9667      tpr_c=   0.7333      change_adj_count=115      
2022-09-01 BST 23:41:22,717 - INFO - 

DAG 18: size_true=54	X.var()=39.0733
2022-09-01 BST 23:48:04,857 - INFO -  epoch=1000      train_loss=   1.3355      val_loss=   1.0580      best=1      size=  51      nSHD_c=   0.1667      nSHD=   0.1667      tpr_c=   0.9804      change_adj_count=119      
2022-09-01 BST 23:48:04,858 - INFO - 

DAG 19: size_true=60	X.var()=48.6541
2022-09-01 BST 23:54:44,070 - INFO -  epoch=1000      train_loss=   1.5545      val_loss=   1.2007      best=1      size=  63      nSHD_c=   0.8000      nSHD=   0.7667      tpr_c=   0.7619      change_adj_count=105      
2022-09-01 BST 23:54:44,071 - INFO - 

DAG 20: size_true=53	X.var()=68.3311
2022-09-02 BST 00:01:24,603 - INFO -  epoch=1000      train_loss=   1.4537      val_loss=   1.1761      best=1      size=  57      nSHD_c=   0.9000      nSHD=   0.8667      tpr_c=   0.7018      change_adj_count=110      
2022-09-02 BST 00:01:24,604 - INFO - 

DAG 21: size_true=60	X.var()=156.8093
2022-09-02 BST 00:08:05,435 - INFO -  epoch=1000      train_loss=   2.0258      val_loss=   1.4757      best=1      size=  67      nSHD_c=   1.2000      nSHD=   1.2000      tpr_c=   0.6567      change_adj_count=177      
2022-09-02 BST 00:08:05,436 - INFO - 

DAG 22: size_true=60	X.var()=33.9422
2022-09-02 BST 00:14:41,593 - INFO -  epoch=1000      train_loss=   1.5584      val_loss=   1.1686      best=1      size=  59      nSHD_c=   0.7333      nSHD=   0.6667      tpr_c=   0.7966      change_adj_count=118      
2022-09-02 BST 00:14:41,594 - INFO - 

DAG 23: size_true=56	X.var()=19.4415
2022-09-02 BST 00:21:19,309 - INFO -  epoch=1000      train_loss=   1.4659      val_loss=   1.1658      best=1      size=  54      nSHD_c=   0.3667      nSHD=   0.3000      tpr_c=   0.8889      change_adj_count=85      
2022-09-02 BST 00:21:19,310 - INFO - 
last_mean_nshd_c=0.6764
2022-09-02 BST 00:21:19,310 - INFO - 
Time taken 2:39:47 (h:mm:ss)
2022-09-02 BST 00:21:19,310 - INFO - 
End of log for run 2022-09-01_BST_21:41:32,062_stoch_ste_l_84_010
