2022-08-30 BST 18:20:43,280 - INFO - 
Log for run 2022-08-30_BST_18:20:43,229_stoch_ste_l_84_002

2022-08-30 BST 18:20:43,282 - INFO - COMMENT = 'For Optuna on STE'
2022-08-30 BST 18:20:43,282 - INFO - DATA_FOLDER = '../data'
2022-08-30 BST 18:20:43,282 - INFO - LATENTS_FOLDER = '../latents'
2022-08-30 BST 18:20:43,282 - INFO - LOGS_FOLDER = '../logs'
2022-08-30 BST 18:20:43,282 - INFO - MODEL_FOLDER = '../models'
2022-08-30 BST 18:20:43,282 - INFO - RESULTS_FOLDER = '../results'
2022-08-30 BST 18:20:43,282 - INFO - DEVICE = torch.device("cuda" if torch.cuda.is_available() else "cpu")  # Used: "cuda"
2022-08-30 BST 18:20:43,282 - INFO - LATENTS = False
2022-08-30 BST 18:20:43,283 - INFO - MATRIX_REPORT = False
2022-08-30 BST 18:20:43,283 - INFO - LABEL = True
2022-08-30 BST 18:20:43,283 - INFO - SAVE_TO_ODS = False
2022-08-30 BST 18:20:43,283 - INFO - VAL_LOSS_FROM_DAG = True
2022-08-30 BST 18:20:43,283 - INFO - WANDB = False
2022-08-30 BST 18:20:43,283 - INFO - WANDB_PROJECT = 'Thetas'
2022-08-30 BST 18:20:43,283 - INFO - GRAD_LOG = False
2022-08-30 BST 18:20:43,283 - INFO - SAVE_RESULTS = False
2022-08-30 BST 18:20:43,283 - INFO - N_TRIALS = 1
2022-08-30 BST 18:20:43,283 - INFO - LOAD_OPTUNA_STUDY = None
2022-08-30 BST 18:20:43,283 - INFO - OPTUNA_STRINGS = {'None': None, 'True': True, 'False': False}
2022-08-30 BST 18:20:43,283 - INFO - TQDM = False
2022-08-30 BST 18:20:43,283 - INFO - 
hyperparameters = {
2022-08-30 BST 18:20:43,283 - INFO - 	'GRAPH_TYPE': 'ER2',
2022-08-30 BST 18:20:43,283 - INFO - 	'D': 30,
2022-08-30 BST 18:20:43,284 - INFO - 	'MAX_SIZE': 84,
2022-08-30 BST 18:20:43,284 - INFO - 	'SEM_NOISE': 'gaussian_ev',
2022-08-30 BST 18:20:43,284 - INFO - 	'N': 1200,
2022-08-30 BST 18:20:43,284 - INFO - 	'VAL': 0.16666666666666666,
2022-08-30 BST 18:20:43,284 - INFO - 	'N_EPOCHS': 1000,
2022-08-30 BST 18:20:43,284 - INFO - 	'BATCH_SIZE': None,
2022-08-30 BST 18:20:43,284 - INFO - 	'LOG2_BATCH_SIZE': 4,
2022-08-30 BST 18:20:43,284 - INFO - 	'BATCH_SHUFFLE': True,
2022-08-30 BST 18:20:43,284 - INFO - 	'N_SAMPLES': 10,
2022-08-30 BST 18:20:43,284 - INFO - 	'MODE': 'max_dag_test_only',
2022-08-30 BST 18:20:43,284 - INFO - 	'AFAS_SCHEDULER': None,
2022-08-30 BST 18:20:43,284 - INFO - 	'MINIZINC_SOLVER': None,
2022-08-30 BST 18:20:43,284 - INFO - 	'f_LINEAR_LAYERS': (),
2022-08-30 BST 18:20:43,284 - INFO - 	'f_BIAS': False,
2022-08-30 BST 18:20:43,284 - INFO - 	'p_LAYER': 'STE',
2022-08-30 BST 18:20:43,285 - INFO - 	'STREAMLINE': False,
2022-08-30 BST 18:20:43,285 - INFO - 	'THRESHOLD': 0.0,
2022-08-30 BST 18:20:43,285 - INFO - 	'h_LINEAR_LAYERS': (),
2022-08-30 BST 18:20:43,285 - INFO - 	'h_NULL': 0.0216881787013694,
2022-08-30 BST 18:20:43,285 - INFO - 	'h_LR': 0.000113389232350646,
2022-08-30 BST 18:20:43,285 - INFO - 	'h_OPTIMIZER': 'torch.optim.Adam(overall_net.h_net.parameters(), lr=h.h_LR)',
2022-08-30 BST 18:20:43,285 - INFO - 	'f_LR': 0.0123204369681095,
2022-08-30 BST 18:20:43,285 - INFO - 	'f_OPTIMIZER': 'torch.optim.Adam(overall_net.f_net.parameters(), lr=h.f_LR)',
2022-08-30 BST 18:20:43,285 - INFO - 	'NOISE_TEMPERATURE': 0.177138167187175,
2022-08-30 BST 18:20:43,285 - INFO - 	'NOISE_DISTRIBUTION': 'LogisticNoiseDistribution()',
2022-08-30 BST 18:20:43,285 - INFO - 	'LAMBDA': 1,
2022-08-30 BST 18:20:43,285 - INFO - 	'LOSS_FN': 'torch.nn.MSELoss()',
2022-08-30 BST 18:20:43,285 - INFO - 	'ALPHA': None,
2022-08-30 BST 18:20:43,285 - INFO - 	'BETA': None,
2022-08-30 BST 18:20:43,285 - INFO - 	'REGULARIZER': None,
2022-08-30 BST 18:20:43,285 - INFO - 	'z_RHO': 0.410122763411552,
2022-08-30 BST 18:20:43,286 - INFO - 	'z_MU': 0.0102343788252807,
2022-08-30 BST 18:20:43,286 - INFO - 	'z_REGULARIZER': 'NoTearsZRegularizer(h.D, h.z_RHO, h.z_MU, c.DEVICE)',
2022-08-30 BST 18:20:43,286 - INFO - 	'LR_SCHEDULER': None,
2022-08-30 BST 18:20:43,286 - INFO - 	'DATA_CATEGORY': 'big',
2022-08-30 BST 18:20:43,286 - INFO - 	'DAGS': '000'
2022-08-30 BST 18:20:43,286 - INFO - }

2022-08-30 BST 18:20:47,652 - INFO - 

DAG 0: size_true=53	X.var()=64.0950
2022-08-30 BST 18:26:59,982 - INFO -  epoch=1000      train_loss=   1.8810      val_loss=   1.5012      best=1      size=  64      nSHD_c=   1.4333      nSHD=   1.4333      tpr_c=   0.5625      change_adj_count=132      
2022-08-30 BST 18:26:59,983 - INFO - 

DAG 1: size_true=54	X.var()=18.0033
2022-08-30 BST 18:33:02,573 - INFO -  epoch=1000      train_loss=   1.4171      val_loss=   1.0686      best=1      size=  55      nSHD_c=   0.3667      nSHD=   0.3333      tpr_c=   0.8727      change_adj_count=104      
2022-08-30 BST 18:33:02,574 - INFO - 

DAG 2: size_true=51	X.var()=52.8714
2022-08-30 BST 18:38:57,099 - INFO -  epoch=1000      train_loss=   1.3242      val_loss=   1.0474      best=1      size=  51      nSHD_c=   0.0667      nSHD=   0.0667      tpr_c=   0.9804      change_adj_count=87      
2022-08-30 BST 18:38:57,100 - INFO - 

DAG 3: size_true=59	X.var()=57.0164
2022-08-30 BST 18:44:57,931 - INFO -  epoch=1000      train_loss=   1.7113      val_loss=   1.3877      best=1      size=  57      nSHD_c=   0.7667      nSHD=   0.7333      tpr_c=   0.7895      change_adj_count=133      
2022-08-30 BST 18:44:57,932 - INFO - 

DAG 4: size_true=46	X.var()=20.0969
2022-08-30 BST 18:51:02,084 - INFO -  epoch=1000      train_loss=   1.3249      val_loss=   1.1520      best=1      size=  47      nSHD_c=   0.4667      nSHD=   0.4333      tpr_c=   0.8085      change_adj_count=99      
2022-08-30 BST 18:51:02,085 - INFO - 

DAG 5: size_true=71	X.var()=46.6347
2022-08-30 BST 18:57:04,527 - INFO -  epoch=1000      train_loss=   1.5932      val_loss=   1.1254      best=1      size=  69      nSHD_c=   0.5000      nSHD=   0.5000      tpr_c=   0.8986      change_adj_count=129      
2022-08-30 BST 18:57:04,528 - INFO - 

DAG 6: size_true=56	X.var()=33.6011
2022-08-30 BST 19:03:10,973 - INFO -  epoch=1000      train_loss=   1.5755      val_loss=   1.2622      best=1      size=  60      nSHD_c=   0.9000      nSHD=   0.8667      tpr_c=   0.7000      change_adj_count=118      
2022-08-30 BST 19:03:10,974 - INFO - 

DAG 7: size_true=64	X.var()=445.8708
2022-08-30 BST 19:09:19,266 - INFO -  epoch=1000      train_loss=   1.8198      val_loss=   1.6348      best=1      size=  67      nSHD_c=   1.4000      nSHD=   1.2667      tpr_c=   0.6269      change_adj_count=166      
2022-08-30 BST 19:09:19,267 - INFO - 

DAG 8: size_true=56	X.var()=61.2067
2022-08-30 BST 19:15:17,963 - INFO -  epoch=1000      train_loss=   1.5528      val_loss=   1.1617      best=1      size=  56      nSHD_c=   0.5333      nSHD=   0.5333      tpr_c=   0.8571      change_adj_count=103      
2022-08-30 BST 19:15:17,964 - INFO - 

DAG 9: size_true=51	X.var()=9.8351
2022-08-30 BST 19:21:17,650 - INFO -  epoch=1000      train_loss=   1.3144      val_loss=   1.0471      best=1      size=  49      nSHD_c=   0.1333      nSHD=   0.1333      tpr_c=   0.9796      change_adj_count=63      
2022-08-30 BST 19:21:17,651 - INFO - 

DAG 10: size_true=62	X.var()=29.1091
2022-08-30 BST 19:27:14,666 - INFO -  epoch=1000      train_loss=   1.5079      val_loss=   1.2306      best=1      size=  58      nSHD_c=   0.9000      nSHD=   0.9000      tpr_c=   0.7931      change_adj_count=105      
2022-08-30 BST 19:27:14,667 - INFO - 

DAG 11: size_true=62	X.var()=23.3308
2022-08-30 BST 19:33:14,058 - INFO -  epoch=1000      train_loss=   1.4638      val_loss=   1.0773      best=1      size=  61      nSHD_c=   0.2333      nSHD=   0.2333      tpr_c=   0.9508      change_adj_count=106      
2022-08-30 BST 19:33:14,060 - INFO - 

DAG 12: size_true=57	X.var()=25.2445
2022-08-30 BST 19:39:15,782 - INFO -  epoch=1000      train_loss=   1.7044      val_loss=   1.3808      best=1      size=  58      nSHD_c=   0.9667      nSHD=   0.9667      tpr_c=   0.7414      change_adj_count=109      
2022-08-30 BST 19:39:15,783 - INFO - 

DAG 13: size_true=66	X.var()=78.0370
2022-08-30 BST 19:45:19,901 - INFO -  epoch=1000      train_loss=   1.8656      val_loss=   1.4561      best=1      size=  67      nSHD_c=   1.1000      nSHD=   1.1000      tpr_c=   0.7313      change_adj_count=150      
2022-08-30 BST 19:45:19,902 - INFO - 

DAG 14: size_true=43	X.var()=17.6479
2022-08-30 BST 19:51:13,372 - INFO -  epoch=1000      train_loss=   1.3438      val_loss=   1.3594      best=1      size=  42      nSHD_c=   0.5333      nSHD=   0.4667      tpr_c=   0.7857      change_adj_count=95      
2022-08-30 BST 19:51:13,373 - INFO - 

DAG 15: size_true=56	X.var()=19.7208
2022-08-30 BST 19:57:18,086 - INFO -  epoch=1000      train_loss=   1.5612      val_loss=   1.2840      best=1      size=  53      nSHD_c=   0.5667      nSHD=   0.5667      tpr_c=   0.8491      change_adj_count=117      
2022-08-30 BST 19:57:18,087 - INFO - 

DAG 16: size_true=58	X.var()=22.3043
2022-08-30 BST 20:03:15,459 - INFO -  epoch=1000      train_loss=   1.4062      val_loss=   1.0640      best=1      size=  59      nSHD_c=   0.3667      nSHD=   0.3000      tpr_c=   0.8814      change_adj_count=106      
2022-08-30 BST 20:03:15,460 - INFO - 

DAG 17: size_true=62	X.var()=41.4511
2022-08-30 BST 20:09:16,499 - INFO -  epoch=1000      train_loss=   1.6105      val_loss=   1.2267      best=1      size=  61      nSHD_c=   1.1333      nSHD=   1.0667      tpr_c=   0.7049      change_adj_count=116      
2022-08-30 BST 20:09:16,500 - INFO - 

DAG 18: size_true=54	X.var()=39.0733
2022-08-30 BST 20:15:37,295 - INFO -  epoch=1000      train_loss=   1.3882      val_loss=   1.0474      best=1      size=  52      nSHD_c=   0.1333      nSHD=   0.1333      tpr_c=   0.9808      change_adj_count=108      
2022-08-30 BST 20:15:37,296 - INFO - 

DAG 19: size_true=60	X.var()=48.6541
2022-08-30 BST 20:22:19,085 - INFO -  epoch=1000      train_loss=   1.5591      val_loss=   1.2116      best=1      size=  61      nSHD_c=   0.8000      nSHD=   0.7667      tpr_c=   0.7705      change_adj_count=98      
2022-08-30 BST 20:22:19,086 - INFO - 

DAG 20: size_true=53	X.var()=68.3311
2022-08-30 BST 20:29:02,408 - INFO -  epoch=1000      train_loss=   1.4994      val_loss=   1.1790      best=1      size=  58      nSHD_c=   0.9333      nSHD=   0.9000      tpr_c=   0.6897      change_adj_count=103      
2022-08-30 BST 20:29:02,408 - INFO - 

DAG 21: size_true=60	X.var()=156.8093
2022-08-30 BST 20:35:44,007 - INFO -  epoch=1000      train_loss=   1.8058      val_loss=   1.4714      best=1      size=  65      nSHD_c=   1.1333      nSHD=   1.1000      tpr_c=   0.6769      change_adj_count=167      
2022-08-30 BST 20:35:44,008 - INFO - 

DAG 22: size_true=60	X.var()=33.9422
2022-08-30 BST 20:42:19,951 - INFO -  epoch=1000      train_loss=   1.5425      val_loss=   1.1772      best=1      size=  59      nSHD_c=   0.7333      nSHD=   0.6667      tpr_c=   0.7966      change_adj_count=112      
2022-08-30 BST 20:42:19,952 - INFO - 

DAG 23: size_true=56	X.var()=19.4415
2022-08-30 BST 20:48:57,524 - INFO -  epoch=1000      train_loss=   1.4446      val_loss=   1.1436      best=1      size=  52      nSHD_c=   0.2667      nSHD=   0.2000      tpr_c=   0.9423      change_adj_count=83      
2022-08-30 BST 20:48:57,524 - INFO - 
last_mean_nshd_c=0.6819
2022-08-30 BST 20:48:57,524 - INFO - 
Time taken 2:28:14 (h:mm:ss)
2022-08-30 BST 20:48:57,524 - INFO - 
End of log for run 2022-08-30_BST_18:20:43,229_stoch_ste_l_84_002
