2022-08-30 BST 16:08:41,838 - INFO - 
Log for run 2022-08-30_BST_16:08:41,816_stoch_ste_l_84_003

2022-08-30 BST 16:08:41,838 - INFO - COMMENT = 'For Optuna on STE'
2022-08-30 BST 16:08:41,838 - INFO - DATA_FOLDER = '../data'
2022-08-30 BST 16:08:41,838 - INFO - LATENTS_FOLDER = '../latents'
2022-08-30 BST 16:08:41,838 - INFO - LOGS_FOLDER = '../logs'
2022-08-30 BST 16:08:41,838 - INFO - MODEL_FOLDER = '../models'
2022-08-30 BST 16:08:41,838 - INFO - RESULTS_FOLDER = '../results'
2022-08-30 BST 16:08:41,838 - INFO - DEVICE = torch.device("cuda" if torch.cuda.is_available() else "cpu")  # Used: "cuda"
2022-08-30 BST 16:08:41,838 - INFO - LATENTS = False
2022-08-30 BST 16:08:41,838 - INFO - MATRIX_REPORT = False
2022-08-30 BST 16:08:41,838 - INFO - LABEL = True
2022-08-30 BST 16:08:41,838 - INFO - SAVE_TO_ODS = False
2022-08-30 BST 16:08:41,838 - INFO - VAL_LOSS_FROM_DAG = True
2022-08-30 BST 16:08:41,838 - INFO - WANDB = False
2022-08-30 BST 16:08:41,839 - INFO - WANDB_PROJECT = 'Thetas'
2022-08-30 BST 16:08:41,839 - INFO - GRAD_LOG = False
2022-08-30 BST 16:08:41,839 - INFO - SAVE_RESULTS = False
2022-08-30 BST 16:08:41,839 - INFO - N_TRIALS = 1
2022-08-30 BST 16:08:41,839 - INFO - LOAD_OPTUNA_STUDY = None
2022-08-30 BST 16:08:41,839 - INFO - OPTUNA_STRINGS = {'None': None, 'True': True, 'False': False}
2022-08-30 BST 16:08:41,839 - INFO - TQDM = False
2022-08-30 BST 16:08:41,839 - INFO - 
hyperparameters = {
2022-08-30 BST 16:08:41,839 - INFO - 	'GRAPH_TYPE': 'ER2',
2022-08-30 BST 16:08:41,839 - INFO - 	'D': 30,
2022-08-30 BST 16:08:41,839 - INFO - 	'MAX_SIZE': 84,
2022-08-30 BST 16:08:41,839 - INFO - 	'SEM_NOISE': 'gaussian_ev',
2022-08-30 BST 16:08:41,839 - INFO - 	'N': 1200,
2022-08-30 BST 16:08:41,839 - INFO - 	'VAL': 0.16666666666666666,
2022-08-30 BST 16:08:41,839 - INFO - 	'N_EPOCHS': 1000,
2022-08-30 BST 16:08:41,839 - INFO - 	'BATCH_SIZE': None,
2022-08-30 BST 16:08:41,839 - INFO - 	'LOG2_BATCH_SIZE': 4,
2022-08-30 BST 16:08:41,839 - INFO - 	'BATCH_SHUFFLE': True,
2022-08-30 BST 16:08:41,839 - INFO - 	'N_SAMPLES': 10,
2022-08-30 BST 16:08:41,839 - INFO - 	'MODE': 'max_dag_test_only',
2022-08-30 BST 16:08:41,839 - INFO - 	'AFAS_SCHEDULER': None,
2022-08-30 BST 16:08:41,839 - INFO - 	'MINIZINC_SOLVER': None,
2022-08-30 BST 16:08:41,839 - INFO - 	'f_LINEAR_LAYERS': (),
2022-08-30 BST 16:08:41,839 - INFO - 	'f_BIAS': False,
2022-08-30 BST 16:08:41,839 - INFO - 	'p_LAYER': 'STE',
2022-08-30 BST 16:08:41,839 - INFO - 	'STREAMLINE': False,
2022-08-30 BST 16:08:41,839 - INFO - 	'THRESHOLD': 0.0,
2022-08-30 BST 16:08:41,840 - INFO - 	'h_LINEAR_LAYERS': (),
2022-08-30 BST 16:08:41,840 - INFO - 	'h_NULL': 0.0216881787013694,
2022-08-30 BST 16:08:41,840 - INFO - 	'h_LR': 0.000113389232350646,
2022-08-30 BST 16:08:41,840 - INFO - 	'h_OPTIMIZER': 'torch.optim.Adam(overall_net.h_net.parameters(), lr=h.h_LR)',
2022-08-30 BST 16:08:41,840 - INFO - 	'f_LR': 0.0123204369681095,
2022-08-30 BST 16:08:41,840 - INFO - 	'f_OPTIMIZER': 'torch.optim.Adam(overall_net.f_net.parameters(), lr=h.f_LR)',
2022-08-30 BST 16:08:41,840 - INFO - 	'NOISE_TEMPERATURE': 0.177138167187175,
2022-08-30 BST 16:08:41,840 - INFO - 	'NOISE_DISTRIBUTION': 'LogisticNoiseDistribution()',
2022-08-30 BST 16:08:41,840 - INFO - 	'LAMBDA': 1,
2022-08-30 BST 16:08:41,840 - INFO - 	'LOSS_FN': 'torch.nn.MSELoss()',
2022-08-30 BST 16:08:41,840 - INFO - 	'ALPHA': None,
2022-08-30 BST 16:08:41,840 - INFO - 	'BETA': None,
2022-08-30 BST 16:08:41,840 - INFO - 	'REGULARIZER': None,
2022-08-30 BST 16:08:41,840 - INFO - 	'z_RHO': 0.410122763411552,
2022-08-30 BST 16:08:41,840 - INFO - 	'z_MU': 0.0102343788252807,
2022-08-30 BST 16:08:41,840 - INFO - 	'z_REGULARIZER': 'NoTearsZRegularizer(h.D, h.z_RHO, h.z_MU, c.DEVICE)',
2022-08-30 BST 16:08:41,840 - INFO - 	'LR_SCHEDULER': None,
2022-08-30 BST 16:08:41,840 - INFO - 	'DATA_CATEGORY': 'big',
2022-08-30 BST 16:08:41,840 - INFO - 	'DAGS': '000'
2022-08-30 BST 16:08:41,840 - INFO - }

2022-08-30 BST 16:08:43,034 - INFO - 

DAG 0: size_true=53	X.var()=64.0950
2022-08-30 BST 16:13:54,787 - INFO -  epoch=1000      train_loss=   1.8640      val_loss=   1.6053      best=1      size=  60      nSHD_c=   1.4667      nSHD=   1.4333      tpr_c=   0.5500      change_adj_count=127      
2022-08-30 BST 16:13:54,788 - INFO - 

DAG 1: size_true=54	X.var()=18.0033
2022-08-30 BST 16:18:59,383 - INFO -  epoch=1000      train_loss=   1.4522      val_loss=   1.0809      best=1      size=  55      nSHD_c=   0.4333      nSHD=   0.4000      tpr_c=   0.8545      change_adj_count=103      
2022-08-30 BST 16:18:59,384 - INFO - 

DAG 2: size_true=51	X.var()=52.8714
2022-08-30 BST 16:24:02,522 - INFO -  epoch=1000      train_loss=   1.3088      val_loss=   1.0540      best=1      size=  51      nSHD_c=   0.0667      nSHD=   0.0667      tpr_c=   0.9804      change_adj_count=87      
2022-08-30 BST 16:24:02,523 - INFO - 

DAG 3: size_true=59	X.var()=57.0164
2022-08-30 BST 16:29:08,032 - INFO -  epoch=1000      train_loss=   1.6770      val_loss=   1.3597      best=1      size=  58      nSHD_c=   0.8667      nSHD=   0.8333      tpr_c=   0.7586      change_adj_count=120      
2022-08-30 BST 16:29:08,033 - INFO - 

DAG 4: size_true=46	X.var()=20.0969
2022-08-30 BST 16:34:12,360 - INFO -  epoch=1000      train_loss=   1.3337      val_loss=   1.0567      best=1      size=  47      nSHD_c=   0.3333      nSHD=   0.3333      tpr_c=   0.8723      change_adj_count=93      
2022-08-30 BST 16:34:12,361 - INFO - 

DAG 5: size_true=71	X.var()=46.6347
2022-08-30 BST 16:39:17,517 - INFO -  epoch=1000      train_loss=   1.4746      val_loss=   1.0480      best=1      size=  66      nSHD_c=   0.3667      nSHD=   0.3667      tpr_c=   0.9545      change_adj_count=104      
2022-08-30 BST 16:39:17,518 - INFO - 

DAG 6: size_true=56	X.var()=33.6011
2022-08-30 BST 16:44:18,500 - INFO -  epoch=1000      train_loss=   1.6504      val_loss=   1.2755      best=1      size=  59      nSHD_c=   1.0333      nSHD=   1.0000      tpr_c=   0.6780      change_adj_count=108      
2022-08-30 BST 16:44:18,501 - INFO - 

DAG 7: size_true=64	X.var()=445.8708
2022-08-30 BST 16:49:24,428 - INFO -  epoch=1000      train_loss=   1.6751      val_loss=   1.4327      best=1      size=  69      nSHD_c=   1.2000      nSHD=   1.2000      tpr_c=   0.6957      change_adj_count=153      
2022-08-30 BST 16:49:24,428 - INFO - 

DAG 8: size_true=56	X.var()=61.2067
2022-08-30 BST 16:54:23,257 - INFO -  epoch=1000      train_loss=   1.8600      val_loss=   1.4875      best=1      size=  55      nSHD_c=   0.6000      nSHD=   0.6000      tpr_c=   0.8364      change_adj_count=111      
2022-08-30 BST 16:54:23,258 - INFO - 

DAG 9: size_true=51	X.var()=9.8351
2022-08-30 BST 16:59:17,223 - INFO -  epoch=1000      train_loss=   1.3045      val_loss=   1.0347      best=1      size=  49      nSHD_c=   0.1333      nSHD=   0.1333      tpr_c=   0.9796      change_adj_count=66      
2022-08-30 BST 16:59:17,224 - INFO - 

DAG 10: size_true=62	X.var()=29.1091
2022-08-30 BST 17:04:13,831 - INFO -  epoch=1000      train_loss=   1.5462      val_loss=   1.2327      best=1      size=  58      nSHD_c=   0.9000      nSHD=   0.9000      tpr_c=   0.7931      change_adj_count=99      
2022-08-30 BST 17:04:13,832 - INFO - 

DAG 11: size_true=62	X.var()=23.3308
2022-08-30 BST 17:09:11,942 - INFO -  epoch=1000      train_loss=   1.4172      val_loss=   1.0915      best=1      size=  61      nSHD_c=   0.2333      nSHD=   0.2333      tpr_c=   0.9508      change_adj_count=108      
2022-08-30 BST 17:09:11,943 - INFO - 

DAG 12: size_true=57	X.var()=25.2445
2022-08-30 BST 17:14:11,681 - INFO -  epoch=1000      train_loss=   1.6322      val_loss=   1.2418      best=1      size=  59      nSHD_c=   0.8667      nSHD=   0.8667      tpr_c=   0.7627      change_adj_count=102      
2022-08-30 BST 17:14:11,681 - INFO - 

DAG 13: size_true=66	X.var()=78.0370
2022-08-30 BST 17:19:12,437 - INFO -  epoch=1000      train_loss=   1.8623      val_loss=   1.4765      best=1      size=  64      nSHD_c=   1.2000      nSHD=   1.2000      tpr_c=   0.7188      change_adj_count=153      
2022-08-30 BST 17:19:12,437 - INFO - 

DAG 14: size_true=43	X.var()=17.6479
2022-08-30 BST 17:24:02,231 - INFO -  epoch=1000      train_loss=   1.4095      val_loss=   1.4292      best=1      size=  42      nSHD_c=   0.7000      nSHD=   0.6333      tpr_c=   0.7143      change_adj_count=90      
2022-08-30 BST 17:24:02,232 - INFO - 

DAG 15: size_true=56	X.var()=19.7208
2022-08-30 BST 17:28:45,643 - INFO -  epoch=1000      train_loss=   1.5706      val_loss=   1.2583      best=1      size=  53      nSHD_c=   0.6333      nSHD=   0.6000      tpr_c=   0.8302      change_adj_count=112      
2022-08-30 BST 17:28:45,644 - INFO - 

DAG 16: size_true=58	X.var()=22.3043
2022-08-30 BST 17:33:29,876 - INFO -  epoch=1000      train_loss=   1.4427      val_loss=   1.0995      best=1      size=  61      nSHD_c=   0.5667      nSHD=   0.5000      tpr_c=   0.8197      change_adj_count=108      
2022-08-30 BST 17:33:29,877 - INFO - 

DAG 17: size_true=62	X.var()=41.4511
2022-08-30 BST 17:38:14,677 - INFO -  epoch=1000      train_loss=   1.5909      val_loss=   1.1824      best=1      size=  58      nSHD_c=   0.9667      nSHD=   0.9000      tpr_c=   0.7586      change_adj_count=113      
2022-08-30 BST 17:38:14,677 - INFO - 

DAG 18: size_true=54	X.var()=39.0733
2022-08-30 BST 17:43:01,012 - INFO -  epoch=1000      train_loss=   1.3250      val_loss=   1.0439      best=1      size=  52      nSHD_c=   0.1333      nSHD=   0.1333      tpr_c=   0.9808      change_adj_count=111      
2022-08-30 BST 17:43:01,012 - INFO - 

DAG 19: size_true=60	X.var()=48.6541
2022-08-30 BST 17:47:48,922 - INFO -  epoch=1000      train_loss=   1.5261      val_loss=   1.1984      best=1      size=  61      nSHD_c=   0.7333      nSHD=   0.7000      tpr_c=   0.7869      change_adj_count=101      
2022-08-30 BST 17:47:48,923 - INFO - 

DAG 20: size_true=53	X.var()=68.3311
2022-08-30 BST 17:52:39,717 - INFO -  epoch=1000      train_loss=   1.5080      val_loss=   1.1907      best=1      size=  58      nSHD_c=   0.9333      nSHD=   0.9000      tpr_c=   0.6897      change_adj_count=121      
2022-08-30 BST 17:52:39,718 - INFO - 

DAG 21: size_true=60	X.var()=156.8093
2022-08-30 BST 17:57:29,374 - INFO -  epoch=1000      train_loss=   1.9611      val_loss=   1.4631      best=1      size=  67      nSHD_c=   1.2000      nSHD=   1.1667      tpr_c=   0.6567      change_adj_count=178      
2022-08-30 BST 17:57:29,375 - INFO - 

DAG 22: size_true=60	X.var()=33.9422
2022-08-30 BST 18:02:14,304 - INFO -  epoch=1000      train_loss=   1.5237      val_loss=   1.1744      best=1      size=  59      nSHD_c=   0.7333      nSHD=   0.6667      tpr_c=   0.7966      change_adj_count=108      
2022-08-30 BST 18:02:14,305 - INFO - 

DAG 23: size_true=56	X.var()=19.4415
2022-08-30 BST 18:06:59,846 - INFO -  epoch=1000      train_loss=   1.4403      val_loss=   1.1507      best=1      size=  52      nSHD_c=   0.2667      nSHD=   0.2000      tpr_c=   0.9423      change_adj_count=88      
2022-08-30 BST 18:06:59,847 - INFO - 
last_mean_nshd_c=0.6903
2022-08-30 BST 18:06:59,847 - INFO - 
Time taken 1:58:18 (h:mm:ss)
2022-08-30 BST 18:06:59,847 - INFO - 
End of log for run 2022-08-30_BST_16:08:41,816_stoch_ste_l_84_003
