2022-08-31 BST 11:44:26,863 - INFO - 
Log for run 2022-08-31_BST_11:44:26,804_stoch_imle_l_none_005

2022-08-31 BST 11:44:26,863 - INFO - COMMENT = 'Test best MAX_SIZE=None Gumbel values with Logistic'
2022-08-31 BST 11:44:26,863 - INFO - DATA_FOLDER = '../data'
2022-08-31 BST 11:44:26,863 - INFO - LATENTS_FOLDER = '../latents'
2022-08-31 BST 11:44:26,863 - INFO - LOGS_FOLDER = '../logs'
2022-08-31 BST 11:44:26,863 - INFO - MODEL_FOLDER = '../models'
2022-08-31 BST 11:44:26,863 - INFO - RESULTS_FOLDER = '../results'
2022-08-31 BST 11:44:26,863 - INFO - DEVICE = torch.device("cuda" if torch.cuda.is_available() else "cpu")  # Used: "cuda"
2022-08-31 BST 11:44:26,863 - INFO - LATENTS = False
2022-08-31 BST 11:44:26,863 - INFO - MATRIX_REPORT = False
2022-08-31 BST 11:44:26,863 - INFO - LABEL = True
2022-08-31 BST 11:44:26,863 - INFO - SAVE_TO_ODS = False
2022-08-31 BST 11:44:26,863 - INFO - VAL_LOSS_FROM_DAG = True
2022-08-31 BST 11:44:26,863 - INFO - WANDB = False
2022-08-31 BST 11:44:26,863 - INFO - WANDB_PROJECT = 'Thetas'
2022-08-31 BST 11:44:26,863 - INFO - GRAD_LOG = False
2022-08-31 BST 11:44:26,863 - INFO - SAVE_RESULTS = False
2022-08-31 BST 11:44:26,863 - INFO - N_TRIALS = 1
2022-08-31 BST 11:44:26,863 - INFO - LOAD_OPTUNA_STUDY = None
2022-08-31 BST 11:44:26,864 - INFO - OPTUNA_STRINGS = {'None': None, 'True': True, 'False': False}
2022-08-31 BST 11:44:26,864 - INFO - TQDM = False
2022-08-31 BST 11:44:26,864 - INFO - 
hyperparameters = {
2022-08-31 BST 11:44:26,864 - INFO - 	'GRAPH_TYPE': 'ER2',
2022-08-31 BST 11:44:26,864 - INFO - 	'D': 30,
2022-08-31 BST 11:44:26,864 - INFO - 	'MAX_SIZE': None,
2022-08-31 BST 11:44:26,864 - INFO - 	'SEM_NOISE': 'gaussian_ev',
2022-08-31 BST 11:44:26,864 - INFO - 	'N': 1200,
2022-08-31 BST 11:44:26,864 - INFO - 	'VAL': 0.16666666666666666,
2022-08-31 BST 11:44:26,864 - INFO - 	'N_EPOCHS': 1000,
2022-08-31 BST 11:44:26,864 - INFO - 	'BATCH_SIZE': None,
2022-08-31 BST 11:44:26,864 - INFO - 	'LOG2_BATCH_SIZE': 3,
2022-08-31 BST 11:44:26,864 - INFO - 	'BATCH_SHUFFLE': True,
2022-08-31 BST 11:44:26,864 - INFO - 	'N_SAMPLES': 47,
2022-08-31 BST 11:44:26,864 - INFO - 	'MODE': 'max_dag_test_only',
2022-08-31 BST 11:44:26,864 - INFO - 	'AFAS_SCHEDULER': None,
2022-08-31 BST 11:44:26,864 - INFO - 	'MINIZINC_SOLVER': None,
2022-08-31 BST 11:44:26,864 - INFO - 	'f_LINEAR_LAYERS': (),
2022-08-31 BST 11:44:26,864 - INFO - 	'f_BIAS': False,
2022-08-31 BST 11:44:26,864 - INFO - 	'p_LAYER': None,
2022-08-31 BST 11:44:26,864 - INFO - 	'STREAMLINE': False,
2022-08-31 BST 11:44:26,864 - INFO - 	'THRESHOLD': 0.0,
2022-08-31 BST 11:44:26,864 - INFO - 	'h_LINEAR_LAYERS': (),
2022-08-31 BST 11:44:26,864 - INFO - 	'h_NULL': 0.00011373901985660933,
2022-08-31 BST 11:44:26,864 - INFO - 	'h_LR': 0.0016158450337500668,
2022-08-31 BST 11:44:26,865 - INFO - 	'h_OPTIMIZER': 'torch.optim.Adam(overall_net.h_net.parameters(), lr=h.h_LR)',
2022-08-31 BST 11:44:26,865 - INFO - 	'f_LR': 0.3720066380139224,
2022-08-31 BST 11:44:26,865 - INFO - 	'f_OPTIMIZER': 'torch.optim.Adam(overall_net.f_net.parameters(), lr=h.f_LR)',
2022-08-31 BST 11:44:26,865 - INFO - 	'NOISE_TEMPERATURE': 0.8785929148606203,
2022-08-31 BST 11:44:26,865 - INFO - 	'NOISE_DISTRIBUTION': 'LogisticNoiseDistribution()',
2022-08-31 BST 11:44:26,865 - INFO - 	'LAMBDA': 27.13959516077541,
2022-08-31 BST 11:44:26,865 - INFO - 	'LOSS_FN': 'torch.nn.MSELoss()',
2022-08-31 BST 11:44:26,865 - INFO - 	'ALPHA': None,
2022-08-31 BST 11:44:26,865 - INFO - 	'BETA': None,
2022-08-31 BST 11:44:26,865 - INFO - 	'REGULARIZER': None,
2022-08-31 BST 11:44:26,865 - INFO - 	'z_RHO': 0.157451211201,
2022-08-31 BST 11:44:26,865 - INFO - 	'z_MU': 0.00120806965197976,
2022-08-31 BST 11:44:26,865 - INFO - 	'z_REGULARIZER': 'NoTearsZRegularizer(h.D, h.z_RHO, h.z_MU, c.DEVICE)',
2022-08-31 BST 11:44:26,865 - INFO - 	'LR_SCHEDULER': None,
2022-08-31 BST 11:44:26,865 - INFO - 	'DATA_CATEGORY': 'big',
2022-08-31 BST 11:44:26,865 - INFO - 	'DAGS': '000'
2022-08-31 BST 11:44:26,865 - INFO - }

2022-08-31 BST 11:44:29,048 - INFO - 

DAG 0: size_true=53	X.var()=64.0950
2022-08-31 BST 12:44:31,144 - INFO -  epoch=1000      train_loss=   3.5197      val_loss=   2.4645      best=1      size=  61      nSHD_c=   1.4000      nSHD=   1.4000      tpr_c=   0.5738      change_adj_count=86      
2022-08-31 BST 12:44:31,146 - INFO - 

DAG 1: size_true=54	X.var()=18.0033
2022-08-31 BST 14:28:27,506 - INFO -  epoch=1000      train_loss=   1.9637      val_loss=   1.5705      best=1      size=  53      nSHD_c=   0.6667      nSHD=   0.6333      tpr_c=   0.8113      change_adj_count=78      
2022-08-31 BST 14:28:27,507 - INFO - 

DAG 2: size_true=51	X.var()=52.8714
2022-08-31 BST 16:13:13,244 - INFO -  epoch=1000      train_loss=   4.9047      val_loss=   4.2274      best=1      size=  62      nSHD_c=   0.6333      nSHD=   0.6333      tpr_c=   0.7581      change_adj_count=82      
2022-08-31 BST 16:13:13,245 - INFO - 

DAG 3: size_true=59	X.var()=57.0164
2022-08-31 BST 17:53:35,272 - INFO -  epoch=1000      train_loss=   3.3547      val_loss=   2.0937      best=1      size=  62      nSHD_c=   1.1333      nSHD=   1.1333      tpr_c=   0.6935      change_adj_count=84      
2022-08-31 BST 17:53:35,274 - INFO - 

DAG 4: size_true=46	X.var()=20.0969
2022-08-31 BST 18:16:13,763 - INFO -  epoch=1000      train_loss=   1.7703      val_loss=   1.5194      best=1      size=  46      nSHD_c=   0.5333      nSHD=   0.5333      tpr_c=   0.8043      change_adj_count=71      
2022-08-31 BST 18:16:13,764 - INFO - 

DAG 5: size_true=71	X.var()=46.6347
2022-08-31 BST 18:40:15,882 - INFO -  epoch=1000      train_loss=   2.4221      val_loss=   1.9907      best=1      size=  71      nSHD_c=   0.8667      nSHD=   0.8667      tpr_c=   0.8169      change_adj_count=90      
2022-08-31 BST 18:40:15,883 - INFO - 

DAG 6: size_true=56	X.var()=33.6011
2022-08-31 BST 19:04:13,797 - INFO -  epoch=1000      train_loss=   2.3367      val_loss=   1.9053      best=1      size=  56      nSHD_c=   1.2667      nSHD=   1.2333      tpr_c=   0.6250      change_adj_count=81      
2022-08-31 BST 19:04:13,798 - INFO - 

DAG 7: size_true=64	X.var()=445.8708
2022-08-31 BST 19:29:37,162 - INFO -  epoch=1000      train_loss=  44.3935      val_loss=  57.9456      best=1      size= 127      nSHD_c=   3.2333      nSHD=   3.1667      tpr_c=   0.3622      change_adj_count=305      
2022-08-31 BST 19:29:37,163 - INFO - 

DAG 8: size_true=56	X.var()=61.2067
2022-08-31 BST 19:53:58,882 - INFO -  epoch=1000      train_loss=   5.7690      val_loss=   3.4556      best=1      size=  62      nSHD_c=   1.0667      nSHD=   1.0667      tpr_c=   0.6935      change_adj_count=104      
2022-08-31 BST 19:53:58,883 - INFO - 

DAG 9: size_true=51	X.var()=9.8351
2022-08-31 BST 20:17:12,000 - INFO -  epoch=1000      train_loss=   1.5090      val_loss=   1.5012      best=1      size=  51      nSHD_c=   0.4000      nSHD=   0.4000      tpr_c=   0.8824      change_adj_count=71      
2022-08-31 BST 20:17:12,001 - INFO - 

DAG 10: size_true=62	X.var()=29.1091
2022-08-31 BST 20:40:05,944 - INFO -  epoch=1000      train_loss=   2.0556      val_loss=   2.6293      best=1      size=  53      nSHD_c=   0.9333      nSHD=   0.8667      tpr_c=   0.7925      change_adj_count=76      
2022-08-31 BST 20:40:05,945 - INFO - 

DAG 11: size_true=62	X.var()=23.3308
2022-08-31 BST 21:02:54,456 - INFO -  epoch=1000      train_loss=   1.7190      val_loss=   1.4342      best=1      size=  63      nSHD_c=   0.6333      nSHD=   0.6333      tpr_c=   0.8413      change_adj_count=91      
2022-08-31 BST 21:02:54,498 - INFO - 

DAG 12: size_true=57	X.var()=25.2445
2022-08-31 BST 21:26:02,193 - INFO -  epoch=1000      train_loss=   2.7225      val_loss=   2.0473      best=1      size=  57      nSHD_c=   1.1333      nSHD=   1.1333      tpr_c=   0.6842      change_adj_count=76      
2022-08-31 BST 21:26:02,194 - INFO - 

DAG 13: size_true=66	X.var()=78.0370
2022-08-31 BST 21:50:00,726 - INFO -  epoch=1000      train_loss=   4.4383      val_loss=   2.6369      best=1      size=  63      nSHD_c=   1.8333      nSHD=   1.8333      tpr_c=   0.5714      change_adj_count=95      
2022-08-31 BST 21:50:00,727 - INFO - 

DAG 14: size_true=43	X.var()=17.6479
2022-08-31 BST 22:12:36,098 - INFO -  epoch=1000      train_loss=   1.7137      val_loss=   1.3645      best=1      size=  43      nSHD_c=   0.5000      nSHD=   0.5333      tpr_c=   0.8140      change_adj_count=66      
2022-08-31 BST 22:12:36,099 - INFO - 

DAG 15: size_true=56	X.var()=19.7208
2022-08-31 BST 22:35:15,544 - INFO -  epoch=1000      train_loss=   2.2637      val_loss=   1.8568      best=1      size=  49      nSHD_c=   0.8000      nSHD=   0.7667      tpr_c=   0.8163      change_adj_count=64      
2022-08-31 BST 22:35:15,545 - INFO - 

DAG 16: size_true=58	X.var()=22.3043
2022-08-31 BST 22:58:31,723 - INFO -  epoch=1000      train_loss=   1.9235      val_loss=   1.2510      best=1      size=  60      nSHD_c=   0.4000      nSHD=   0.4000      tpr_c=   0.8833      change_adj_count=85      
2022-08-31 BST 22:58:31,724 - INFO - 

DAG 17: size_true=62	X.var()=41.4511
2022-08-31 BST 23:21:56,845 - INFO -  epoch=1000      train_loss=   2.3178      val_loss=   1.6836      best=1      size=  57      nSHD_c=   1.0667      nSHD=   1.0667      tpr_c=   0.7544      change_adj_count=89      
2022-08-31 BST 23:21:56,846 - INFO - 

DAG 18: size_true=54	X.var()=39.0733
2022-08-31 BST 23:44:27,782 - INFO -  epoch=1000      train_loss=   2.2448      val_loss=   1.5673      best=1      size=  55      nSHD_c=   0.5000      nSHD=   0.5000      tpr_c=   0.8545      change_adj_count=85      
2022-08-31 BST 23:44:27,783 - INFO - 

DAG 19: size_true=60	X.var()=48.6541
2022-09-01 BST 00:07:39,508 - INFO -  epoch=1000      train_loss=   2.7476      val_loss=   6.5409      best=1      size=  55      nSHD_c=   0.8333      nSHD=   0.8000      tpr_c=   0.7818      change_adj_count=80      
2022-09-01 BST 00:07:39,510 - INFO - 

DAG 20: size_true=53	X.var()=68.3311
2022-09-01 BST 00:31:23,802 - INFO -  epoch=1000      train_loss=   5.8469      val_loss=   2.0682      best=1      size=  61      nSHD_c=   1.3333      nSHD=   1.3333      tpr_c=   0.5902      change_adj_count=109      
2022-09-01 BST 00:31:23,803 - INFO - 

DAG 21: size_true=60	X.var()=156.8093
2022-09-01 BST 00:55:55,037 - INFO -  epoch=1000      train_loss=  15.5289      val_loss=  10.5871      best=1      size=  92      nSHD_c=   2.2000      nSHD=   2.2000      tpr_c=   0.4565      change_adj_count=280      
2022-09-01 BST 00:55:55,038 - INFO - 

DAG 22: size_true=60	X.var()=33.9422
2022-09-01 BST 01:18:47,250 - INFO -  epoch=1000      train_loss=   2.4613      val_loss=   1.9754      best=1      size=  58      nSHD_c=   0.9333      nSHD=   0.9333      tpr_c=   0.7759      change_adj_count=95      
2022-09-01 BST 01:18:47,251 - INFO - 

DAG 23: size_true=56	X.var()=19.4415
2022-09-01 BST 01:40:58,305 - INFO -  epoch=1000      train_loss=   1.6609      val_loss=   1.4683      best=1      size=  53      nSHD_c=   0.3000      nSHD=   0.3000      tpr_c=   0.9434      change_adj_count=73      
2022-09-01 BST 01:40:58,306 - INFO - 
last_mean_nshd_c=1.0250
2022-09-01 BST 01:40:58,306 - INFO - 
Time taken 13:56:32 (h:mm:ss)
2022-09-01 BST 01:40:58,306 - INFO - 
End of log for run 2022-08-31_BST_11:44:26,804_stoch_imle_l_none_005
