2022-08-29 BST 17:44:12,463 - INFO - 
Log for run 2022-08-29_BST_17:44:12,304_ste_l_84_ablation_006

2022-08-29 BST 17:44:12,463 - INFO - COMMENT = 'For Optuna on STE'
2022-08-29 BST 17:44:12,463 - INFO - DATA_FOLDER = '../data'
2022-08-29 BST 17:44:12,463 - INFO - LATENTS_FOLDER = '../latents'
2022-08-29 BST 17:44:12,463 - INFO - LOGS_FOLDER = '../logs'
2022-08-29 BST 17:44:12,464 - INFO - MODEL_FOLDER = '../models'
2022-08-29 BST 17:44:12,464 - INFO - RESULTS_FOLDER = '../results'
2022-08-29 BST 17:44:12,464 - INFO - DEVICE = torch.device("cuda" if torch.cuda.is_available() else "cpu")  # Used: "cuda"
2022-08-29 BST 17:44:12,464 - INFO - LATENTS = False
2022-08-29 BST 17:44:12,464 - INFO - MATRIX_REPORT = False
2022-08-29 BST 17:44:12,464 - INFO - LABEL = True
2022-08-29 BST 17:44:12,464 - INFO - SAVE_TO_ODS = False
2022-08-29 BST 17:44:12,464 - INFO - VAL_LOSS_FROM_DAG = True
2022-08-29 BST 17:44:12,464 - INFO - WANDB = False
2022-08-29 BST 17:44:12,464 - INFO - WANDB_PROJECT = 'Thetas'
2022-08-29 BST 17:44:12,464 - INFO - GRAD_LOG = False
2022-08-29 BST 17:44:12,464 - INFO - SAVE_RESULTS = False
2022-08-29 BST 17:44:12,464 - INFO - N_TRIALS = 1
2022-08-29 BST 17:44:12,464 - INFO - LOAD_OPTUNA_STUDY = None
2022-08-29 BST 17:44:12,465 - INFO - OPTUNA_STRINGS = {'None': None, 'True': True, 'False': False}
2022-08-29 BST 17:44:12,465 - INFO - TQDM = False
2022-08-29 BST 17:44:12,465 - INFO - 
hyperparameters = {
2022-08-29 BST 17:44:12,465 - INFO - 	'GRAPH_TYPE': 'ER2',
2022-08-29 BST 17:44:12,465 - INFO - 	'D': 30,
2022-08-29 BST 17:44:12,465 - INFO - 	'MAX_SIZE': 66,
2022-08-29 BST 17:44:12,465 - INFO - 	'SEM_NOISE': 'gaussian_ev',
2022-08-29 BST 17:44:12,465 - INFO - 	'N': 1200,
2022-08-29 BST 17:44:12,465 - INFO - 	'VAL': 0.16666666666666666,
2022-08-29 BST 17:44:12,465 - INFO - 	'N_EPOCHS': 1000,
2022-08-29 BST 17:44:12,465 - INFO - 	'BATCH_SIZE': None,
2022-08-29 BST 17:44:12,465 - INFO - 	'LOG2_BATCH_SIZE': 4,
2022-08-29 BST 17:44:12,465 - INFO - 	'BATCH_SHUFFLE': True,
2022-08-29 BST 17:44:12,465 - INFO - 	'N_SAMPLES': 10,
2022-08-29 BST 17:44:12,466 - INFO - 	'MODE': 'max_dag_test_only',
2022-08-29 BST 17:44:12,466 - INFO - 	'AFAS_SCHEDULER': None,
2022-08-29 BST 17:44:12,466 - INFO - 	'MINIZINC_SOLVER': None,
2022-08-29 BST 17:44:12,466 - INFO - 	'f_LINEAR_LAYERS': (),
2022-08-29 BST 17:44:12,466 - INFO - 	'f_BIAS': False,
2022-08-29 BST 17:44:12,466 - INFO - 	'p_LAYER': 'STE',
2022-08-29 BST 17:44:12,466 - INFO - 	'STREAMLINE': False,
2022-08-29 BST 17:44:12,466 - INFO - 	'THRESHOLD': 0.0,
2022-08-29 BST 17:44:12,466 - INFO - 	'h_LINEAR_LAYERS': (),
2022-08-29 BST 17:44:12,466 - INFO - 	'h_NULL': 0.0216881787013694,
2022-08-29 BST 17:44:12,466 - INFO - 	'h_LR': 0.000113389232350646,
2022-08-29 BST 17:44:12,466 - INFO - 	'h_OPTIMIZER': 'torch.optim.Adam(overall_net.h_net.parameters(), lr=h.h_LR)',
2022-08-29 BST 17:44:12,466 - INFO - 	'f_LR': 0.0123204369681095,
2022-08-29 BST 17:44:12,466 - INFO - 	'f_OPTIMIZER': 'torch.optim.Adam(overall_net.f_net.parameters(), lr=h.f_LR)',
2022-08-29 BST 17:44:12,467 - INFO - 	'NOISE_TEMPERATURE': 0.177138167187175,
2022-08-29 BST 17:44:12,467 - INFO - 	'NOISE_DISTRIBUTION': 'LogisticNoiseDistribution()',
2022-08-29 BST 17:44:12,467 - INFO - 	'LAMBDA': 1,
2022-08-29 BST 17:44:12,467 - INFO - 	'LOSS_FN': 'torch.nn.MSELoss()',
2022-08-29 BST 17:44:12,467 - INFO - 	'ALPHA': None,
2022-08-29 BST 17:44:12,467 - INFO - 	'BETA': None,
2022-08-29 BST 17:44:12,467 - INFO - 	'REGULARIZER': None,
2022-08-29 BST 17:44:12,467 - INFO - 	'z_RHO': 0,
2022-08-29 BST 17:44:12,467 - INFO - 	'z_MU': 0.0102343788252807,
2022-08-29 BST 17:44:12,467 - INFO - 	'z_REGULARIZER': 'NoTearsZRegularizer(h.D, h.z_RHO, h.z_MU, c.DEVICE)',
2022-08-29 BST 17:44:12,467 - INFO - 	'LR_SCHEDULER': None,
2022-08-29 BST 17:44:12,467 - INFO - 	'DATA_CATEGORY': 'test',
2022-08-29 BST 17:44:12,467 - INFO - 	'DAGS': '030_ER2_gaussian_ev_2022-08-12_BST_09:55:21,293_create_dags'
2022-08-29 BST 17:44:12,467 - INFO - }

2022-08-29 BST 17:48:10,411 - INFO - 

DAG 0: size_true=69	X.var()=185.8479
2022-08-29 BST 17:54:17,156 - INFO -  epoch=1000      train_loss=   9.9219      val_loss=  10.3076      best=1      size=  49      nSHD_c=   1.8333      nSHD=   1.7333      tpr_c=   0.5510      change_adj_count=187      
2022-08-29 BST 17:54:17,206 - INFO - 

DAG 1: size_true=67	X.var()=127.1156
2022-08-29 BST 17:59:31,731 - INFO -  epoch=1000      train_loss=  13.3277      val_loss=   9.5959      best=1      size=  51      nSHD_c=   1.8000      nSHD=   1.7667      tpr_c=   0.5882      change_adj_count=183      
2022-08-29 BST 17:59:31,732 - INFO - 

DAG 2: size_true=64	X.var()=25.7432
2022-08-29 BST 18:04:52,113 - INFO -  epoch=1000      train_loss=   0.9686      val_loss=   8.3393      best=1      size=  49      nSHD_c=   1.2333      nSHD=   1.1667      tpr_c=   0.6939      change_adj_count=114      
2022-08-29 BST 18:04:52,114 - INFO - 

DAG 3: size_true=63	X.var()=265.9248
2022-08-29 BST 18:10:17,423 - INFO -  epoch=1000      train_loss=  30.8163      val_loss=  77.0984      best=1      size=  51      nSHD_c=   2.3000      nSHD=   2.2667      tpr_c=   0.3922      change_adj_count=226      
2022-08-29 BST 18:10:17,424 - INFO - 

DAG 4: size_true=48	X.var()=47.3993
2022-08-29 BST 18:15:37,609 - INFO -  epoch=1000      train_loss=   0.9023      val_loss=   4.2402      best=1      size=  44      nSHD_c=   1.2000      nSHD=   1.1333      tpr_c=   0.5909      change_adj_count=143      
2022-08-29 BST 18:15:37,610 - INFO - 

DAG 5: size_true=57	X.var()=54.7286
2022-08-29 BST 18:21:07,213 - INFO -  epoch=1000      train_loss=   1.1078      val_loss=   6.5175      best=1      size=  38      nSHD_c=   1.0333      nSHD=   0.9667      tpr_c=   0.7632      change_adj_count=114      
2022-08-29 BST 18:21:07,214 - INFO - 

DAG 6: size_true=64	X.var()=29.7229
2022-08-29 BST 18:26:26,937 - INFO -  epoch=1000      train_loss=   2.8009      val_loss=   4.5821      best=1      size=  52      nSHD_c=   1.5000      nSHD=   1.5000      tpr_c=   0.6538      change_adj_count=130      
2022-08-29 BST 18:26:26,938 - INFO - 

DAG 7: size_true=62	X.var()=55.6800
2022-08-29 BST 18:32:01,252 - INFO -  epoch=1000      train_loss=   4.6440      val_loss=   7.1802      best=1      size=  54      nSHD_c=   1.4667      nSHD=   1.4333      tpr_c=   0.6111      change_adj_count=208      
2022-08-29 BST 18:32:01,253 - INFO - 

DAG 8: size_true=63	X.var()=39.3378
2022-08-29 BST 18:37:01,537 - INFO -  epoch=1000      train_loss=   1.7014      val_loss=  11.1373      best=1      size=  53      nSHD_c=   1.3333      nSHD=   1.2667      tpr_c=   0.6415      change_adj_count=112      
2022-08-29 BST 18:37:01,537 - INFO - 

DAG 9: size_true=61	X.var()=94.6254
2022-08-29 BST 18:42:27,882 - INFO -  epoch=1000      train_loss=   5.3812      val_loss=  17.5381      best=1      size=  48      nSHD_c=   1.8667      nSHD=   1.7333      tpr_c=   0.4583      change_adj_count=185      
2022-08-29 BST 18:42:27,883 - INFO - 

DAG 10: size_true=51	X.var()=18.9170
2022-08-29 BST 18:47:48,076 - INFO -  epoch=1000      train_loss=   1.0244      val_loss=   5.3752      best=1      size=  33      nSHD_c=   1.1333      nSHD=   1.0667      tpr_c=   0.6667      change_adj_count=114      
2022-08-29 BST 18:47:48,077 - INFO - 

DAG 11: size_true=68	X.var()=127.5135
2022-08-29 BST 18:52:57,210 - INFO -  epoch=1000      train_loss=   9.4239      val_loss=  13.5997      best=1      size=  53      nSHD_c=   2.0667      nSHD=   1.9667      tpr_c=   0.4906      change_adj_count=138      
2022-08-29 BST 18:52:57,211 - INFO - 

DAG 12: size_true=53	X.var()=15.8398
2022-08-29 BST 18:58:10,582 - INFO -  epoch=1000      train_loss=   1.1469      val_loss=   3.4162      best=1      size=  48      nSHD_c=   0.6667      nSHD=   0.7000      tpr_c=   0.8125      change_adj_count=81      
2022-08-29 BST 18:58:10,583 - INFO - 

DAG 13: size_true=53	X.var()=112.2632
2022-08-29 BST 19:03:27,688 - INFO -  epoch=1000      train_loss=   1.9821      val_loss=  26.7549      best=1      size=  51      nSHD_c=   1.3000      nSHD=   1.3000      tpr_c=   0.5686      change_adj_count=118      
2022-08-29 BST 19:03:27,689 - INFO - 

DAG 14: size_true=59	X.var()=16.7418
2022-08-29 BST 19:08:43,827 - INFO -  epoch=1000      train_loss=   1.0651      val_loss=   2.2340      best=1      size=  47      nSHD_c=   0.9667      nSHD=   0.8667      tpr_c=   0.7447      change_adj_count=110      
2022-08-29 BST 19:08:43,828 - INFO - 

DAG 15: size_true=42	X.var()=8.6273
2022-08-29 BST 19:13:57,108 - INFO -  epoch=1000      train_loss=   1.0841      val_loss=   1.9020      best=1      size=  35      nSHD_c=   0.9667      nSHD=   0.8333      tpr_c=   0.5714      change_adj_count=79      
2022-08-29 BST 19:13:57,109 - INFO - 

DAG 16: size_true=50	X.var()=12.1502
2022-08-29 BST 19:19:09,882 - INFO -  epoch=1000      train_loss=   1.0605      val_loss=   2.5745      best=1      size=  42      nSHD_c=   0.6000      nSHD=   0.6333      tpr_c=   0.7857      change_adj_count=98      
2022-08-29 BST 19:19:09,883 - INFO - 

DAG 17: size_true=49	X.var()=16.5203
2022-08-29 BST 19:24:15,972 - INFO -  epoch=1000      train_loss=   0.9847      val_loss=   2.5345      best=1      size=  39      nSHD_c=   0.5667      nSHD=   0.6000      tpr_c=   0.8718      change_adj_count=117      
2022-08-29 BST 19:24:15,973 - INFO - 

DAG 18: size_true=56	X.var()=17.9506
2022-08-29 BST 19:29:16,886 - INFO -  epoch=1000      train_loss=   1.0279      val_loss=   5.4089      best=1      size=  45      nSHD_c=   0.6667      nSHD=   0.7000      tpr_c=   0.8444      change_adj_count=106      
2022-08-29 BST 19:29:16,887 - INFO - 

DAG 19: size_true=57	X.var()=24.8142
2022-08-29 BST 19:34:46,301 - INFO -  epoch=1000      train_loss=   0.8843      val_loss=   8.1203      best=1      size=  36      nSHD_c=   1.4333      nSHD=   1.2667      tpr_c=   0.5278      change_adj_count=139      
2022-08-29 BST 19:34:46,302 - INFO - 

DAG 20: size_true=59	X.var()=201.6824
2022-08-29 BST 19:40:10,012 - INFO -  epoch=1000      train_loss=  22.0096      val_loss=  17.7187      best=1      size=  51      nSHD_c=   1.8667      nSHD=   1.7000      tpr_c=   0.4314      change_adj_count=227      
2022-08-29 BST 19:40:10,013 - INFO - 

DAG 21: size_true=57	X.var()=21.1204
2022-08-29 BST 19:45:39,946 - INFO -  epoch=1000      train_loss=   0.9471      val_loss=   4.7932      best=1      size=  49      nSHD_c=   0.9000      nSHD=   0.8000      tpr_c=   0.7347      change_adj_count=125      
2022-08-29 BST 19:45:39,947 - INFO - 

DAG 22: size_true=60	X.var()=129.8499
2022-08-29 BST 19:50:55,775 - INFO -  epoch=1000      train_loss=   4.0137      val_loss=  12.3255      best=1      size=  49      nSHD_c=   1.6667      nSHD=   1.6667      tpr_c=   0.5306      change_adj_count=134      
2022-08-29 BST 19:50:55,776 - INFO - 

DAG 23: size_true=49	X.var()=14.1269
2022-08-29 BST 19:56:13,122 - INFO -  epoch=1000      train_loss=   1.0766      val_loss=   2.3082      best=1      size=  39      nSHD_c=   0.5000      nSHD=   0.4667      tpr_c=   0.8974      change_adj_count=95      
2022-08-29 BST 19:56:13,123 - INFO - 
last_mean_nshd_c=1.2861
2022-08-29 BST 19:56:13,123 - INFO - 
Time taken 2:12:01 (h:mm:ss)
2022-08-29 BST 19:56:13,123 - INFO - 
End of log for run 2022-08-29_BST_17:44:12,304_ste_l_84_ablation_006
