2022-08-29 BST 18:13:38,531 - INFO - 
Log for run 2022-08-29_BST_18:13:38,188_ste_l_84_ablation_005

2022-08-29 BST 18:13:38,532 - INFO - COMMENT = 'For Optuna on STE'
2022-08-29 BST 18:13:38,533 - INFO - DATA_FOLDER = '../data'
2022-08-29 BST 18:13:38,533 - INFO - LATENTS_FOLDER = '../latents'
2022-08-29 BST 18:13:38,533 - INFO - LOGS_FOLDER = '../logs'
2022-08-29 BST 18:13:38,533 - INFO - MODEL_FOLDER = '../models'
2022-08-29 BST 18:13:38,533 - INFO - RESULTS_FOLDER = '../results'
2022-08-29 BST 18:13:38,533 - INFO - DEVICE = torch.device("cuda" if torch.cuda.is_available() else "cpu")  # Used: "cuda"
2022-08-29 BST 18:13:38,533 - INFO - LATENTS = False
2022-08-29 BST 18:13:38,533 - INFO - MATRIX_REPORT = False
2022-08-29 BST 18:13:38,533 - INFO - LABEL = True
2022-08-29 BST 18:13:38,533 - INFO - SAVE_TO_ODS = False
2022-08-29 BST 18:13:38,533 - INFO - VAL_LOSS_FROM_DAG = True
2022-08-29 BST 18:13:38,533 - INFO - WANDB = False
2022-08-29 BST 18:13:38,534 - INFO - WANDB_PROJECT = 'Thetas'
2022-08-29 BST 18:13:38,534 - INFO - GRAD_LOG = False
2022-08-29 BST 18:13:38,534 - INFO - SAVE_RESULTS = False
2022-08-29 BST 18:13:38,534 - INFO - N_TRIALS = 1
2022-08-29 BST 18:13:38,534 - INFO - LOAD_OPTUNA_STUDY = None
2022-08-29 BST 18:13:38,534 - INFO - OPTUNA_STRINGS = {'None': None, 'True': True, 'False': False}
2022-08-29 BST 18:13:38,534 - INFO - TQDM = False
2022-08-29 BST 18:13:38,534 - INFO - 
hyperparameters = {
2022-08-29 BST 18:13:38,534 - INFO - 	'GRAPH_TYPE': 'ER2',
2022-08-29 BST 18:13:38,534 - INFO - 	'D': 30,
2022-08-29 BST 18:13:38,534 - INFO - 	'MAX_SIZE': 66,
2022-08-29 BST 18:13:38,535 - INFO - 	'SEM_NOISE': 'gaussian_ev',
2022-08-29 BST 18:13:38,535 - INFO - 	'N': 1200,
2022-08-29 BST 18:13:38,535 - INFO - 	'VAL': 0.16666666666666666,
2022-08-29 BST 18:13:38,535 - INFO - 	'N_EPOCHS': 1000,
2022-08-29 BST 18:13:38,535 - INFO - 	'BATCH_SIZE': None,
2022-08-29 BST 18:13:38,535 - INFO - 	'LOG2_BATCH_SIZE': 4,
2022-08-29 BST 18:13:38,535 - INFO - 	'BATCH_SHUFFLE': True,
2022-08-29 BST 18:13:38,535 - INFO - 	'N_SAMPLES': 10,
2022-08-29 BST 18:13:38,535 - INFO - 	'MODE': 'max_dag_test_only',
2022-08-29 BST 18:13:38,535 - INFO - 	'AFAS_SCHEDULER': None,
2022-08-29 BST 18:13:38,535 - INFO - 	'MINIZINC_SOLVER': None,
2022-08-29 BST 18:13:38,535 - INFO - 	'f_LINEAR_LAYERS': (),
2022-08-29 BST 18:13:38,536 - INFO - 	'f_BIAS': False,
2022-08-29 BST 18:13:38,536 - INFO - 	'p_LAYER': 'STE',
2022-08-29 BST 18:13:38,536 - INFO - 	'STREAMLINE': False,
2022-08-29 BST 18:13:38,536 - INFO - 	'THRESHOLD': 0.0,
2022-08-29 BST 18:13:38,536 - INFO - 	'h_LINEAR_LAYERS': (),
2022-08-29 BST 18:13:38,536 - INFO - 	'h_NULL': 0.0216881787013694,
2022-08-29 BST 18:13:38,536 - INFO - 	'h_LR': 0.000113389232350646,
2022-08-29 BST 18:13:38,536 - INFO - 	'h_OPTIMIZER': 'torch.optim.Adam(overall_net.h_net.parameters(), lr=h.h_LR)',
2022-08-29 BST 18:13:38,536 - INFO - 	'f_LR': 0.0123204369681095,
2022-08-29 BST 18:13:38,536 - INFO - 	'f_OPTIMIZER': 'torch.optim.Adam(overall_net.f_net.parameters(), lr=h.f_LR)',
2022-08-29 BST 18:13:38,536 - INFO - 	'NOISE_TEMPERATURE': 0.177138167187175,
2022-08-29 BST 18:13:38,536 - INFO - 	'NOISE_DISTRIBUTION': 'LogisticNoiseDistribution()',
2022-08-29 BST 18:13:38,537 - INFO - 	'LAMBDA': 1,
2022-08-29 BST 18:13:38,537 - INFO - 	'LOSS_FN': 'torch.nn.MSELoss()',
2022-08-29 BST 18:13:38,537 - INFO - 	'ALPHA': None,
2022-08-29 BST 18:13:38,537 - INFO - 	'BETA': None,
2022-08-29 BST 18:13:38,537 - INFO - 	'REGULARIZER': None,
2022-08-29 BST 18:13:38,537 - INFO - 	'z_RHO': 0,
2022-08-29 BST 18:13:38,537 - INFO - 	'z_MU': 0,
2022-08-29 BST 18:13:38,537 - INFO - 	'z_REGULARIZER': 'NoTearsZRegularizer(h.D, h.z_RHO, h.z_MU, c.DEVICE)',
2022-08-29 BST 18:13:38,537 - INFO - 	'LR_SCHEDULER': None,
2022-08-29 BST 18:13:38,537 - INFO - 	'DATA_CATEGORY': 'test',
2022-08-29 BST 18:13:38,537 - INFO - 	'DAGS': '030_ER2_gaussian_ev_2022-08-12_BST_09:55:21,293_create_dags'
2022-08-29 BST 18:13:38,537 - INFO - }

2022-08-29 BST 18:14:50,151 - INFO - 

DAG 0: size_true=69	X.var()=185.8479
2022-08-29 BST 18:21:55,662 - INFO -  epoch=1000      train_loss=  28.4058      val_loss=  14.8645      best=1      size=  41      nSHD_c=   1.9333      nSHD=   1.7667      tpr_c=   0.4878      change_adj_count=165      
2022-08-29 BST 18:21:55,663 - INFO - 

DAG 1: size_true=67	X.var()=127.1156
2022-08-29 BST 18:28:57,395 - INFO -  epoch=1000      train_loss=  24.1144      val_loss=  29.4790      best=1      size=  43      nSHD_c=   1.9000      nSHD=   1.7333      tpr_c=   0.4884      change_adj_count=246      
2022-08-29 BST 18:28:57,397 - INFO - 

DAG 2: size_true=64	X.var()=25.7432
2022-08-29 BST 18:35:55,987 - INFO -  epoch=1000      train_loss=   4.9514      val_loss=   9.2332      best=1      size=  44      nSHD_c=   1.5333      nSHD=   1.4000      tpr_c=   0.5682      change_adj_count=173      
2022-08-29 BST 18:35:55,993 - INFO - 

DAG 3: size_true=63	X.var()=265.9248
2022-08-29 BST 18:42:53,643 - INFO -  epoch=1000      train_loss=  45.1104      val_loss=  65.5754      best=1      size=  44      nSHD_c=   2.1000      nSHD=   1.9667      tpr_c=   0.3636      change_adj_count=307      
2022-08-29 BST 18:42:53,645 - INFO - 

DAG 4: size_true=48	X.var()=47.3993
2022-08-29 BST 18:49:52,399 - INFO -  epoch=1000      train_loss=   7.1164      val_loss=   6.4950      best=1      size=  42      nSHD_c=   1.3667      nSHD=   1.4000      tpr_c=   0.5476      change_adj_count=139      
2022-08-29 BST 18:49:52,400 - INFO - 

DAG 5: size_true=57	X.var()=54.7286
2022-08-29 BST 18:56:53,893 - INFO -  epoch=1000      train_loss=   4.5903      val_loss=   5.6482      best=1      size=  43      nSHD_c=   1.1333      nSHD=   1.0333      tpr_c=   0.6512      change_adj_count=147      
2022-08-29 BST 18:56:53,894 - INFO - 

DAG 6: size_true=64	X.var()=29.7229
2022-08-29 BST 19:03:59,484 - INFO -  epoch=1000      train_loss=   6.8319      val_loss=   6.6305      best=1      size=  45      nSHD_c=   1.7333      nSHD=   1.6000      tpr_c=   0.4889      change_adj_count=179      
2022-08-29 BST 19:03:59,488 - INFO - 

DAG 7: size_true=62	X.var()=55.6800
2022-08-29 BST 19:11:01,185 - INFO -  epoch=1000      train_loss=  10.5354      val_loss=   8.5202      best=1      size=  44      nSHD_c=   1.6000      nSHD=   1.4667      tpr_c=   0.5455      change_adj_count=196      
2022-08-29 BST 19:11:01,188 - INFO - 

DAG 8: size_true=63	X.var()=39.3378
2022-08-29 BST 19:18:01,468 - INFO -  epoch=1000      train_loss=   7.7311      val_loss=   9.3981      best=1      size=  44      nSHD_c=   1.5333      nSHD=   1.5000      tpr_c=   0.5682      change_adj_count=125      
2022-08-29 BST 19:18:01,469 - INFO - 

DAG 9: size_true=61	X.var()=94.6254
2022-08-29 BST 19:25:00,248 - INFO -  epoch=1000      train_loss=  16.5297      val_loss=  21.6072      best=1      size=  40      nSHD_c=   1.8667      nSHD=   1.7000      tpr_c=   0.4000      change_adj_count=180      
2022-08-29 BST 19:25:00,250 - INFO - 

DAG 10: size_true=51	X.var()=18.9170
2022-08-29 BST 19:32:08,115 - INFO -  epoch=1000      train_loss=   3.1092      val_loss=   3.9092      best=1      size=  40      nSHD_c=   1.2333      nSHD=   1.2000      tpr_c=   0.5500      change_adj_count=149      
2022-08-29 BST 19:32:08,116 - INFO - 

DAG 11: size_true=68	X.var()=127.5135
2022-08-29 BST 19:39:11,688 - INFO -  epoch=1000      train_loss=  21.3719      val_loss=  16.9148      best=1      size=  44      nSHD_c=   1.9667      nSHD=   1.8667      tpr_c=   0.4545      change_adj_count=145      
2022-08-29 BST 19:39:11,690 - INFO - 

DAG 12: size_true=53	X.var()=15.8398
2022-08-29 BST 19:46:09,693 - INFO -  epoch=1000      train_loss=   2.7519      val_loss=   3.2849      best=1      size=  43      nSHD_c=   0.7000      nSHD=   0.7667      tpr_c=   0.8140      change_adj_count=137      
2022-08-29 BST 19:46:09,694 - INFO - 

DAG 13: size_true=53	X.var()=112.2632
2022-08-29 BST 19:53:13,949 - INFO -  epoch=1000      train_loss=  13.6253      val_loss=  13.1157      best=1      size=  42      nSHD_c=   1.0667      nSHD=   1.0000      tpr_c=   0.6667      change_adj_count=170      
2022-08-29 BST 19:53:13,950 - INFO - 

DAG 14: size_true=59	X.var()=16.7418
2022-08-29 BST 19:59:45,042 - INFO -  epoch=1000      train_loss=   3.7170      val_loss=   3.4600      best=1      size=  44      nSHD_c=   1.2333      nSHD=   1.1667      tpr_c=   0.6364      change_adj_count=139      
2022-08-29 BST 19:59:45,043 - INFO - 

DAG 15: size_true=42	X.var()=8.6273
2022-08-29 BST 20:06:47,722 - INFO -  epoch=1000      train_loss=   1.4970      val_loss=   2.7160      best=1      size=  46      nSHD_c=   1.0333      nSHD=   0.9000      tpr_c=   0.5000      change_adj_count=98      
2022-08-29 BST 20:06:47,724 - INFO - 

DAG 16: size_true=50	X.var()=12.1502
2022-08-29 BST 20:13:51,045 - INFO -  epoch=1000      train_loss=   2.4854      val_loss=   3.0249      best=1      size=  43      nSHD_c=   0.8000      nSHD=   0.8333      tpr_c=   0.6977      change_adj_count=117      
2022-08-29 BST 20:13:51,047 - INFO - 

DAG 17: size_true=49	X.var()=16.5203
2022-08-29 BST 20:20:51,302 - INFO -  epoch=1000      train_loss=   2.9700      val_loss=   4.5697      best=1      size=  42      nSHD_c=   0.8667      nSHD=   0.8333      tpr_c=   0.6905      change_adj_count=121      
2022-08-29 BST 20:20:51,303 - INFO - 

DAG 18: size_true=56	X.var()=17.9506
2022-08-29 BST 20:27:53,685 - INFO -  epoch=1000      train_loss=   3.5889      val_loss=   5.0612      best=1      size=  44      nSHD_c=   1.1333      nSHD=   1.0667      tpr_c=   0.6364      change_adj_count=129      
2022-08-29 BST 20:27:53,686 - INFO - 

DAG 19: size_true=57	X.var()=24.8142
2022-08-29 BST 20:34:55,776 - INFO -  epoch=1000      train_loss=   4.1626      val_loss=   5.9621      best=1      size=  39      nSHD_c=   1.3667      nSHD=   1.1667      tpr_c=   0.5641      change_adj_count=138      
2022-08-29 BST 20:34:55,777 - INFO - 

DAG 20: size_true=59	X.var()=201.6824
2022-08-29 BST 20:41:53,660 - INFO -  epoch=1000      train_loss=  37.1519      val_loss=  23.9187      best=1      size=  42      nSHD_c=   2.0333      nSHD=   1.8667      tpr_c=   0.3333      change_adj_count=286      
2022-08-29 BST 20:41:53,661 - INFO - 

DAG 21: size_true=57	X.var()=21.1204
2022-08-29 BST 20:48:53,198 - INFO -  epoch=1000      train_loss=   4.1333      val_loss=   4.6540      best=1      size=  41      nSHD_c=   1.4000      nSHD=   1.3333      tpr_c=   0.5610      change_adj_count=178      
2022-08-29 BST 20:48:53,201 - INFO - 

DAG 22: size_true=60	X.var()=129.8499
2022-08-29 BST 20:56:00,019 - INFO -  epoch=1000      train_loss=  16.8092      val_loss=  15.9282      best=1      size=  46      nSHD_c=   1.6667      nSHD=   1.6667      tpr_c=   0.5217      change_adj_count=191      
2022-08-29 BST 20:56:00,021 - INFO - 

DAG 23: size_true=49	X.var()=14.1269
2022-08-29 BST 21:03:01,782 - INFO -  epoch=1000      train_loss=   2.0364      val_loss=   2.0697      best=1      size=  44      nSHD_c=   0.5333      nSHD=   0.6000      tpr_c=   0.8182      change_adj_count=89      
2022-08-29 BST 21:03:01,783 - INFO - 
last_mean_nshd_c=1.4056
2022-08-29 BST 21:03:01,783 - INFO - 
Time taken 2:49:24 (h:mm:ss)
2022-08-29 BST 21:03:01,783 - INFO - 
End of log for run 2022-08-29_BST_18:13:38,188_ste_l_84_ablation_005
