2022-08-29 BST 17:58:39,047 - INFO - 
Log for run 2022-08-29_BST_17:58:38,692_ste_l_84_ablation_008

2022-08-29 BST 17:58:39,048 - INFO - COMMENT = 'For Optuna on STE'
2022-08-29 BST 17:58:39,048 - INFO - DATA_FOLDER = '../data'
2022-08-29 BST 17:58:39,048 - INFO - LATENTS_FOLDER = '../latents'
2022-08-29 BST 17:58:39,048 - INFO - LOGS_FOLDER = '../logs'
2022-08-29 BST 17:58:39,048 - INFO - MODEL_FOLDER = '../models'
2022-08-29 BST 17:58:39,048 - INFO - RESULTS_FOLDER = '../results'
2022-08-29 BST 17:58:39,048 - INFO - DEVICE = torch.device("cuda" if torch.cuda.is_available() else "cpu")  # Used: "cuda"
2022-08-29 BST 17:58:39,048 - INFO - LATENTS = False
2022-08-29 BST 17:58:39,048 - INFO - MATRIX_REPORT = False
2022-08-29 BST 17:58:39,048 - INFO - LABEL = True
2022-08-29 BST 17:58:39,048 - INFO - SAVE_TO_ODS = False
2022-08-29 BST 17:58:39,048 - INFO - VAL_LOSS_FROM_DAG = True
2022-08-29 BST 17:58:39,048 - INFO - WANDB = False
2022-08-29 BST 17:58:39,048 - INFO - WANDB_PROJECT = 'Thetas'
2022-08-29 BST 17:58:39,049 - INFO - GRAD_LOG = False
2022-08-29 BST 17:58:39,049 - INFO - SAVE_RESULTS = False
2022-08-29 BST 17:58:39,049 - INFO - N_TRIALS = 1
2022-08-29 BST 17:58:39,049 - INFO - LOAD_OPTUNA_STUDY = None
2022-08-29 BST 17:58:39,049 - INFO - OPTUNA_STRINGS = {'None': None, 'True': True, 'False': False}
2022-08-29 BST 17:58:39,049 - INFO - TQDM = False
2022-08-29 BST 17:58:39,049 - INFO - 
hyperparameters = {
2022-08-29 BST 17:58:39,049 - INFO - 	'GRAPH_TYPE': 'ER2',
2022-08-29 BST 17:58:39,049 - INFO - 	'D': 30,
2022-08-29 BST 17:58:39,049 - INFO - 	'MAX_SIZE': 66,
2022-08-29 BST 17:58:39,049 - INFO - 	'SEM_NOISE': 'gaussian_ev',
2022-08-29 BST 17:58:39,049 - INFO - 	'N': 1200,
2022-08-29 BST 17:58:39,049 - INFO - 	'VAL': 0.16666666666666666,
2022-08-29 BST 17:58:39,049 - INFO - 	'N_EPOCHS': 1000,
2022-08-29 BST 17:58:39,049 - INFO - 	'BATCH_SIZE': None,
2022-08-29 BST 17:58:39,049 - INFO - 	'LOG2_BATCH_SIZE': 4,
2022-08-29 BST 17:58:39,049 - INFO - 	'BATCH_SHUFFLE': True,
2022-08-29 BST 17:58:39,049 - INFO - 	'N_SAMPLES': 10,
2022-08-29 BST 17:58:39,049 - INFO - 	'MODE': 'max_dag_test_only',
2022-08-29 BST 17:58:39,049 - INFO - 	'AFAS_SCHEDULER': None,
2022-08-29 BST 17:58:39,049 - INFO - 	'MINIZINC_SOLVER': None,
2022-08-29 BST 17:58:39,049 - INFO - 	'f_LINEAR_LAYERS': (),
2022-08-29 BST 17:58:39,049 - INFO - 	'f_BIAS': False,
2022-08-29 BST 17:58:39,049 - INFO - 	'p_LAYER': 'STE',
2022-08-29 BST 17:58:39,049 - INFO - 	'STREAMLINE': False,
2022-08-29 BST 17:58:39,049 - INFO - 	'THRESHOLD': 0.0,
2022-08-29 BST 17:58:39,049 - INFO - 	'h_LINEAR_LAYERS': (),
2022-08-29 BST 17:58:39,049 - INFO - 	'h_NULL': 0.0216881787013694,
2022-08-29 BST 17:58:39,049 - INFO - 	'h_LR': 0.000113389232350646,
2022-08-29 BST 17:58:39,049 - INFO - 	'h_OPTIMIZER': 'torch.optim.Adam(overall_net.h_net.parameters(), lr=h.h_LR)',
2022-08-29 BST 17:58:39,049 - INFO - 	'f_LR': 0.0123204369681095,
2022-08-29 BST 17:58:39,049 - INFO - 	'f_OPTIMIZER': 'torch.optim.Adam(overall_net.f_net.parameters(), lr=h.f_LR)',
2022-08-29 BST 17:58:39,049 - INFO - 	'NOISE_TEMPERATURE': 0.177138167187175,
2022-08-29 BST 17:58:39,049 - INFO - 	'NOISE_DISTRIBUTION': 'LogisticNoiseDistribution()',
2022-08-29 BST 17:58:39,050 - INFO - 	'LAMBDA': 1,
2022-08-29 BST 17:58:39,050 - INFO - 	'LOSS_FN': 'torch.nn.MSELoss()',
2022-08-29 BST 17:58:39,050 - INFO - 	'ALPHA': None,
2022-08-29 BST 17:58:39,050 - INFO - 	'BETA': None,
2022-08-29 BST 17:58:39,050 - INFO - 	'REGULARIZER': None,
2022-08-29 BST 17:58:39,050 - INFO - 	'z_RHO': 0.410122763411552,
2022-08-29 BST 17:58:39,050 - INFO - 	'z_MU': 0.0102343788252807,
2022-08-29 BST 17:58:39,050 - INFO - 	'z_REGULARIZER': 'NoTearsZRegularizer(h.D, h.z_RHO, h.z_MU, c.DEVICE)',
2022-08-29 BST 17:58:39,050 - INFO - 	'LR_SCHEDULER': None,
2022-08-29 BST 17:58:39,050 - INFO - 	'DATA_CATEGORY': 'test',
2022-08-29 BST 17:58:39,050 - INFO - 	'DAGS': '030_ER2_gaussian_ev_2022-08-12_BST_09:55:21,293_create_dags'
2022-08-29 BST 17:58:39,050 - INFO - }

2022-08-29 BST 18:00:20,837 - INFO - 

DAG 0: size_true=69	X.var()=185.8479
2022-08-29 BST 18:08:36,907 - INFO -  epoch=1000      train_loss=   3.5733      val_loss=   1.6900      best=1      size=  66      nSHD_c=   1.2000      nSHD=   1.2000      tpr_c=   0.7424      change_adj_count=138      
2022-08-29 BST 18:08:36,930 - INFO - 

DAG 1: size_true=67	X.var()=127.1156
2022-08-29 BST 18:17:22,582 - INFO -  epoch=1000      train_loss=   6.9144      val_loss=   2.0249      best=1      size=  66      nSHD_c=   1.3000      nSHD=   1.3000      tpr_c=   0.7121      change_adj_count=104      
2022-08-29 BST 18:17:22,590 - INFO - 

DAG 2: size_true=64	X.var()=25.7432
2022-08-29 BST 18:26:04,444 - INFO -  epoch=1000      train_loss=   1.4782      val_loss=   1.1538      best=1      size=  57      nSHD_c=   0.4000      nSHD=   0.3667      tpr_c=   0.9474      change_adj_count=120      
2022-08-29 BST 18:26:04,446 - INFO - 

DAG 3: size_true=63	X.var()=265.9248
2022-08-29 BST 18:35:15,161 - INFO -  epoch=1000      train_loss=  21.2641      val_loss=  16.8919      best=1      size=  66      nSHD_c=   2.0667      nSHD=   2.0333      tpr_c=   0.4848      change_adj_count=122      
2022-08-29 BST 18:35:15,175 - INFO - 

DAG 4: size_true=48	X.var()=47.3993
2022-08-29 BST 18:44:38,288 - INFO -  epoch=1000      train_loss=   1.5569      val_loss=   1.2625      best=1      size=  47      nSHD_c=   0.7667      nSHD=   0.7667      tpr_c=   0.7447      change_adj_count=110      
2022-08-29 BST 18:44:38,289 - INFO - 

DAG 5: size_true=57	X.var()=54.7286
2022-08-29 BST 18:53:59,411 - INFO -  epoch=1000      train_loss=   1.4481      val_loss=   1.0600      best=1      size=  53      nSHD_c=   0.2667      nSHD=   0.2667      tpr_c=   0.9623      change_adj_count=99      
2022-08-29 BST 18:53:59,413 - INFO - 

DAG 6: size_true=64	X.var()=29.7229
2022-08-29 BST 19:03:07,413 - INFO -  epoch=1000      train_loss=   1.5102      val_loss=   1.2678      best=1      size=  66      nSHD_c=   0.9333      nSHD=   0.9333      tpr_c=   0.7727      change_adj_count=108      
2022-08-29 BST 19:03:07,414 - INFO - 

DAG 7: size_true=62	X.var()=55.6800
2022-08-29 BST 19:12:18,293 - INFO -  epoch=1000      train_loss=   1.2522      val_loss=   1.1663      best=1      size=  62      nSHD_c=   0.6333      nSHD=   0.6333      tpr_c=   0.8387      change_adj_count=168      
2022-08-29 BST 19:12:18,301 - INFO - 

DAG 8: size_true=63	X.var()=39.3378
2022-08-29 BST 19:21:30,669 - INFO -  epoch=1000      train_loss=   1.4486      val_loss=   1.1623      best=1      size=  62      nSHD_c=   0.4667      nSHD=   0.4333      tpr_c=   0.8871      change_adj_count=109      
2022-08-29 BST 19:21:30,670 - INFO - 

DAG 9: size_true=61	X.var()=94.6254
2022-08-29 BST 19:30:13,745 - INFO -  epoch=1000      train_loss=   1.6273      val_loss=   1.3472      best=1      size=  66      nSHD_c=   0.9667      nSHD=   0.9333      tpr_c=   0.7273      change_adj_count=112      
2022-08-29 BST 19:30:13,747 - INFO - 

DAG 10: size_true=51	X.var()=18.9170
2022-08-29 BST 19:38:28,673 - INFO -  epoch=1000      train_loss=   1.5094      val_loss=   1.1725      best=1      size=  52      nSHD_c=   0.6667      nSHD=   0.6333      tpr_c=   0.7885      change_adj_count=90      
2022-08-29 BST 19:38:28,692 - INFO - 

DAG 11: size_true=68	X.var()=127.5135
2022-08-29 BST 19:46:43,037 - INFO -  epoch=1000      train_loss=   4.7121      val_loss=   2.6806      best=1      size=  66      nSHD_c=   1.3667      nSHD=   1.3333      tpr_c=   0.6970      change_adj_count=82      
2022-08-29 BST 19:46:43,051 - INFO - 

DAG 12: size_true=53	X.var()=15.8398
2022-08-29 BST 19:54:55,493 - INFO -  epoch=1000      train_loss=   1.4290      val_loss=   1.1112      best=1      size=  57      nSHD_c=   0.5000      nSHD=   0.5000      tpr_c=   0.8246      change_adj_count=93      
2022-08-29 BST 19:54:55,497 - INFO - 

DAG 13: size_true=53	X.var()=112.2632
2022-08-29 BST 20:03:20,765 - INFO -  epoch=1000      train_loss=   1.3603      val_loss=   1.1386      best=1      size=  50      nSHD_c=   0.5333      nSHD=   0.5000      tpr_c=   0.8600      change_adj_count=120      
2022-08-29 BST 20:03:20,767 - INFO - 

DAG 14: size_true=59	X.var()=16.7418
2022-08-29 BST 20:12:26,046 - INFO -  epoch=1000      train_loss=   1.4323      val_loss=   1.1351      best=1      size=  56      nSHD_c=   0.2333      nSHD=   0.2333      tpr_c=   0.9643      change_adj_count=102      
2022-08-29 BST 20:12:26,060 - INFO - 

DAG 15: size_true=42	X.var()=8.6273
2022-08-29 BST 20:21:53,847 - INFO -  epoch=1000      train_loss=   1.3214      val_loss=   1.0883      best=1      size=  44      nSHD_c=   0.4333      nSHD=   0.4000      tpr_c=   0.7955      change_adj_count=62      
2022-08-29 BST 20:21:53,853 - INFO - 

DAG 16: size_true=50	X.var()=12.1502
2022-08-29 BST 20:30:48,755 - INFO -  epoch=1000      train_loss=   1.2952      val_loss=   1.0426      best=1      size=  47      nSHD_c=   0.1000      nSHD=   0.1000      tpr_c=   1.0000      change_adj_count=91      
2022-08-29 BST 20:30:48,757 - INFO - 

DAG 17: size_true=49	X.var()=16.5203
2022-08-29 BST 20:39:51,606 - INFO -  epoch=1000      train_loss=   1.3137      val_loss=   1.0426      best=1      size=  46      nSHD_c=   0.1667      nSHD=   0.1667      tpr_c=   0.9783      change_adj_count=82      
2022-08-29 BST 20:39:51,631 - INFO - 

DAG 18: size_true=56	X.var()=17.9506
2022-08-29 BST 20:48:52,181 - INFO -  epoch=1000      train_loss=   1.3935      val_loss=   1.0847      best=1      size=  53      nSHD_c=   0.1667      nSHD=   0.1667      tpr_c=   0.9811      change_adj_count=93      
2022-08-29 BST 20:48:52,195 - INFO - 

DAG 19: size_true=57	X.var()=24.8142
2022-08-29 BST 20:57:46,163 - INFO -  epoch=1000      train_loss=   1.4275      val_loss=   1.1198      best=1      size=  55      nSHD_c=   0.4667      nSHD=   0.4000      tpr_c=   0.8727      change_adj_count=108      
2022-08-29 BST 20:57:46,177 - INFO - 

DAG 20: size_true=59	X.var()=201.6824
2022-08-29 BST 21:07:06,987 - INFO -  epoch=1000      train_loss=  13.3120      val_loss=   3.2433      best=1      size=  66      nSHD_c=   1.5000      nSHD=   1.4667      tpr_c=   0.5909      change_adj_count=132      
2022-08-29 BST 21:07:07,000 - INFO - 

DAG 21: size_true=57	X.var()=21.1204
2022-08-29 BST 21:16:51,712 - INFO -  epoch=1000      train_loss=   1.5504      val_loss=   1.2304      best=1      size=  56      nSHD_c=   0.7667      nSHD=   0.7333      tpr_c=   0.7857      change_adj_count=106      
2022-08-29 BST 21:16:51,717 - INFO - 

DAG 22: size_true=60	X.var()=129.8499
2022-08-29 BST 21:26:48,611 - INFO -  epoch=1000      train_loss=   2.0763      val_loss=   1.6206      best=1      size=  66      nSHD_c=   1.3667      nSHD=   1.3667      tpr_c=   0.6364      change_adj_count=128      
2022-08-29 BST 21:26:48,630 - INFO - 

DAG 23: size_true=49	X.var()=14.1269
2022-08-29 BST 21:36:14,271 - INFO -  epoch=1000      train_loss=   1.3106      val_loss=   1.0445      best=1      size=  43      nSHD_c=   0.3000      nSHD=   0.2000      tpr_c=   0.9302      change_adj_count=72      
2022-08-29 BST 21:36:14,276 - INFO - 
last_mean_nshd_c=0.7319
2022-08-29 BST 21:36:14,276 - INFO - 
Time taken 3:37:36 (h:mm:ss)
2022-08-29 BST 21:36:14,276 - INFO - 
End of log for run 2022-08-29_BST_17:58:38,692_ste_l_84_ablation_008
