2022-08-29 BST 17:19:42,891 - INFO - 
Log for run 2022-08-29_BST_17:19:42,696_ste_l_84_ablation_002

2022-08-29 BST 17:19:42,891 - INFO - COMMENT = 'For Optuna on STE'
2022-08-29 BST 17:19:42,891 - INFO - DATA_FOLDER = '../data'
2022-08-29 BST 17:19:42,891 - INFO - LATENTS_FOLDER = '../latents'
2022-08-29 BST 17:19:42,892 - INFO - LOGS_FOLDER = '../logs'
2022-08-29 BST 17:19:42,892 - INFO - MODEL_FOLDER = '../models'
2022-08-29 BST 17:19:42,892 - INFO - RESULTS_FOLDER = '../results'
2022-08-29 BST 17:19:42,892 - INFO - DEVICE = torch.device("cuda" if torch.cuda.is_available() else "cpu")  # Used: "cuda"
2022-08-29 BST 17:19:42,892 - INFO - LATENTS = False
2022-08-29 BST 17:19:42,892 - INFO - MATRIX_REPORT = False
2022-08-29 BST 17:19:42,892 - INFO - LABEL = True
2022-08-29 BST 17:19:42,892 - INFO - SAVE_TO_ODS = False
2022-08-29 BST 17:19:42,892 - INFO - VAL_LOSS_FROM_DAG = True
2022-08-29 BST 17:19:42,892 - INFO - WANDB = False
2022-08-29 BST 17:19:42,892 - INFO - WANDB_PROJECT = 'Thetas'
2022-08-29 BST 17:19:42,892 - INFO - GRAD_LOG = False
2022-08-29 BST 17:19:42,892 - INFO - SAVE_RESULTS = False
2022-08-29 BST 17:19:42,892 - INFO - N_TRIALS = 1
2022-08-29 BST 17:19:42,892 - INFO - LOAD_OPTUNA_STUDY = None
2022-08-29 BST 17:19:42,893 - INFO - OPTUNA_STRINGS = {'None': None, 'True': True, 'False': False}
2022-08-29 BST 17:19:42,893 - INFO - TQDM = False
2022-08-29 BST 17:19:42,893 - INFO - 
hyperparameters = {
2022-08-29 BST 17:19:42,893 - INFO - 	'GRAPH_TYPE': 'ER2',
2022-08-29 BST 17:19:42,893 - INFO - 	'D': 30,
2022-08-29 BST 17:19:42,893 - INFO - 	'MAX_SIZE': None,
2022-08-29 BST 17:19:42,893 - INFO - 	'SEM_NOISE': 'gaussian_ev',
2022-08-29 BST 17:19:42,893 - INFO - 	'N': 1200,
2022-08-29 BST 17:19:42,893 - INFO - 	'VAL': 0.16666666666666666,
2022-08-29 BST 17:19:42,893 - INFO - 	'N_EPOCHS': 1000,
2022-08-29 BST 17:19:42,893 - INFO - 	'BATCH_SIZE': None,
2022-08-29 BST 17:19:42,893 - INFO - 	'LOG2_BATCH_SIZE': 4,
2022-08-29 BST 17:19:42,893 - INFO - 	'BATCH_SHUFFLE': True,
2022-08-29 BST 17:19:42,893 - INFO - 	'N_SAMPLES': 10,
2022-08-29 BST 17:19:42,893 - INFO - 	'MODE': 'max_dag_test_only',
2022-08-29 BST 17:19:42,893 - INFO - 	'AFAS_SCHEDULER': None,
2022-08-29 BST 17:19:42,894 - INFO - 	'MINIZINC_SOLVER': None,
2022-08-29 BST 17:19:42,894 - INFO - 	'f_LINEAR_LAYERS': (),
2022-08-29 BST 17:19:42,894 - INFO - 	'f_BIAS': False,
2022-08-29 BST 17:19:42,894 - INFO - 	'p_LAYER': 'STE',
2022-08-29 BST 17:19:42,894 - INFO - 	'STREAMLINE': False,
2022-08-29 BST 17:19:42,894 - INFO - 	'THRESHOLD': 0.0,
2022-08-29 BST 17:19:42,894 - INFO - 	'h_LINEAR_LAYERS': (),
2022-08-29 BST 17:19:42,894 - INFO - 	'h_NULL': 0.0216881787013694,
2022-08-29 BST 17:19:42,894 - INFO - 	'h_LR': 0.000113389232350646,
2022-08-29 BST 17:19:42,894 - INFO - 	'h_OPTIMIZER': 'torch.optim.Adam(overall_net.h_net.parameters(), lr=h.h_LR)',
2022-08-29 BST 17:19:42,894 - INFO - 	'f_LR': 0.0123204369681095,
2022-08-29 BST 17:19:42,894 - INFO - 	'f_OPTIMIZER': 'torch.optim.Adam(overall_net.f_net.parameters(), lr=h.f_LR)',
2022-08-29 BST 17:19:42,894 - INFO - 	'NOISE_TEMPERATURE': 0.177138167187175,
2022-08-29 BST 17:19:42,894 - INFO - 	'NOISE_DISTRIBUTION': 'LogisticNoiseDistribution()',
2022-08-29 BST 17:19:42,894 - INFO - 	'LAMBDA': 1,
2022-08-29 BST 17:19:42,894 - INFO - 	'LOSS_FN': 'torch.nn.MSELoss()',
2022-08-29 BST 17:19:42,895 - INFO - 	'ALPHA': None,
2022-08-29 BST 17:19:42,895 - INFO - 	'BETA': None,
2022-08-29 BST 17:19:42,895 - INFO - 	'REGULARIZER': None,
2022-08-29 BST 17:19:42,895 - INFO - 	'z_RHO': 0,
2022-08-29 BST 17:19:42,895 - INFO - 	'z_MU': 0.0102343788252807,
2022-08-29 BST 17:19:42,895 - INFO - 	'z_REGULARIZER': 'NoTearsZRegularizer(h.D, h.z_RHO, h.z_MU, c.DEVICE)',
2022-08-29 BST 17:19:42,895 - INFO - 	'LR_SCHEDULER': None,
2022-08-29 BST 17:19:42,895 - INFO - 	'DATA_CATEGORY': 'test',
2022-08-29 BST 17:19:42,895 - INFO - 	'DAGS': '030_ER2_gaussian_ev_2022-08-12_BST_09:55:21,293_create_dags'
2022-08-29 BST 17:19:42,895 - INFO - }

2022-08-29 BST 17:21:23,886 - INFO - 

DAG 0: size_true=69	X.var()=185.8479
2022-08-29 BST 17:28:59,024 - INFO -  epoch=1000      train_loss=   1.6114      val_loss=   6.7261      best=1      size=  57      nSHD_c=   1.2333      nSHD=   1.2667      tpr_c=   0.7368      change_adj_count=191      
2022-08-29 BST 17:28:59,026 - INFO - 

DAG 1: size_true=67	X.var()=127.1156
2022-08-29 BST 17:37:07,367 - INFO -  epoch=1000      train_loss=   1.4253      val_loss=   5.3411      best=1      size=  59      nSHD_c=   1.3333      nSHD=   1.2000      tpr_c=   0.6102      change_adj_count=204      
2022-08-29 BST 17:37:07,369 - INFO - 

DAG 2: size_true=64	X.var()=25.7432
2022-08-29 BST 17:45:05,083 - INFO -  epoch=1000      train_loss=   1.2505      val_loss=   8.5284      best=1      size=  44      nSHD_c=   1.1667      nSHD=   1.1667      tpr_c=   0.7500      change_adj_count=133      
2022-08-29 BST 17:45:05,097 - INFO - 

DAG 3: size_true=63	X.var()=265.9248
2022-08-29 BST 17:52:35,443 - INFO -  epoch=1000      train_loss=   1.5195      val_loss=  62.1494      best=1      size=  62      nSHD_c=   1.8667      nSHD=   1.7667      tpr_c=   0.5000      change_adj_count=222      
2022-08-29 BST 17:52:35,445 - INFO - 

DAG 4: size_true=48	X.var()=47.3993
2022-08-29 BST 17:59:56,648 - INFO -  epoch=1000      train_loss=   1.1583      val_loss=   9.2032      best=1      size=  36      nSHD_c=   1.0667      nSHD=   0.9333      tpr_c=   0.6111      change_adj_count=159      
2022-08-29 BST 17:59:56,650 - INFO - 

DAG 5: size_true=57	X.var()=54.7286
2022-08-29 BST 18:07:18,004 - INFO -  epoch=1000      train_loss=   1.1044      val_loss=   6.4102      best=1      size=  39      nSHD_c=   0.9333      nSHD=   0.8667      tpr_c=   0.7949      change_adj_count=128      
2022-08-29 BST 18:07:18,013 - INFO - 

DAG 6: size_true=64	X.var()=29.7229
2022-08-29 BST 18:14:38,036 - INFO -  epoch=1000      train_loss=   1.2668      val_loss=   5.6292      best=1      size=  55      nSHD_c=   1.1333      nSHD=   1.1000      tpr_c=   0.7091      change_adj_count=138      
2022-08-29 BST 18:14:38,037 - INFO - 

DAG 7: size_true=62	X.var()=55.6800
2022-08-29 BST 18:22:14,213 - INFO -  epoch=1000      train_loss=   1.2075      val_loss=   6.4967      best=1      size=  50      nSHD_c=   0.7667      nSHD=   0.6667      tpr_c=   0.8400      change_adj_count=197      
2022-08-29 BST 18:22:14,215 - INFO - 

DAG 8: size_true=63	X.var()=39.3378
2022-08-29 BST 18:29:44,339 - INFO -  epoch=1000      train_loss=   1.1859      val_loss=   6.3557      best=1      size=  50      nSHD_c=   1.0000      nSHD=   1.0333      tpr_c=   0.7800      change_adj_count=143      
2022-08-29 BST 18:29:44,340 - INFO - 

DAG 9: size_true=61	X.var()=94.6254
2022-08-29 BST 18:37:17,946 - INFO -  epoch=1000      train_loss=   1.2013      val_loss=  21.7572      best=1      size=  41      nSHD_c=   1.3000      nSHD=   1.1333      tpr_c=   0.6341      change_adj_count=206      
2022-08-29 BST 18:37:17,948 - INFO - 

DAG 10: size_true=51	X.var()=18.9170
2022-08-29 BST 18:44:42,341 - INFO -  epoch=1000      train_loss=   1.0939      val_loss=   4.4936      best=1      size=  33      nSHD_c=   1.0333      nSHD=   0.9667      tpr_c=   0.6970      change_adj_count=105      
2022-08-29 BST 18:44:42,342 - INFO - 

DAG 11: size_true=68	X.var()=127.5135
2022-08-29 BST 18:52:24,728 - INFO -  epoch=1000      train_loss=   1.3840      val_loss=   8.3249      best=1      size=  58      nSHD_c=   1.2333      nSHD=   1.2000      tpr_c=   0.7241      change_adj_count=185      
2022-08-29 BST 18:52:24,730 - INFO - 

DAG 12: size_true=53	X.var()=15.8398
2022-08-29 BST 18:59:38,898 - INFO -  epoch=1000      train_loss=   1.1715      val_loss=   2.8200      best=1      size=  48      nSHD_c=   0.5333      nSHD=   0.6333      tpr_c=   0.8750      change_adj_count=87      
2022-08-29 BST 18:59:38,900 - INFO - 

DAG 13: size_true=53	X.var()=112.2632
2022-08-29 BST 19:06:48,104 - INFO -  epoch=1000      train_loss=   1.2332      val_loss=  11.0168      best=1      size=  41      nSHD_c=   0.8000      nSHD=   0.7667      tpr_c=   0.8049      change_adj_count=153      
2022-08-29 BST 19:06:48,110 - INFO - 

DAG 14: size_true=59	X.var()=16.7418
2022-08-29 BST 19:13:39,784 - INFO -  epoch=1000      train_loss=   1.1681      val_loss=   1.9658      best=1      size=  50      nSHD_c=   0.6000      nSHD=   0.5667      tpr_c=   0.8600      change_adj_count=116      
2022-08-29 BST 19:13:39,786 - INFO - 

DAG 15: size_true=42	X.var()=8.6273
2022-08-29 BST 19:20:35,583 - INFO -  epoch=1000      train_loss=   1.0882      val_loss=   1.8715      best=1      size=  35      nSHD_c=   0.9667      nSHD=   0.8333      tpr_c=   0.5714      change_adj_count=79      
2022-08-29 BST 19:20:35,585 - INFO - 

DAG 16: size_true=50	X.var()=12.1502
2022-08-29 BST 19:27:31,041 - INFO -  epoch=1000      train_loss=   1.0605      val_loss=   1.5803      best=1      size=  43      nSHD_c=   0.5000      nSHD=   0.5000      tpr_c=   0.8372      change_adj_count=97      
2022-08-29 BST 19:27:31,043 - INFO - 

DAG 17: size_true=49	X.var()=16.5203
2022-08-29 BST 19:34:27,175 - INFO -  epoch=1000      train_loss=   1.0591      val_loss=   2.4992      best=1      size=  40      nSHD_c=   0.6000      nSHD=   0.6333      tpr_c=   0.8500      change_adj_count=116      
2022-08-29 BST 19:34:27,176 - INFO - 

DAG 18: size_true=56	X.var()=17.9506
2022-08-29 BST 19:41:20,120 - INFO -  epoch=1000      train_loss=   1.1436      val_loss=   5.5991      best=1      size=  45      nSHD_c=   0.7333      nSHD=   0.7000      tpr_c=   0.8222      change_adj_count=143      
2022-08-29 BST 19:41:20,121 - INFO - 

DAG 19: size_true=57	X.var()=24.8142
2022-08-29 BST 19:48:12,134 - INFO -  epoch=1000      train_loss=   1.0691      val_loss=   5.4721      best=1      size=  34      nSHD_c=   1.5000      nSHD=   1.2000      tpr_c=   0.4706      change_adj_count=119      
2022-08-29 BST 19:48:12,136 - INFO - 

DAG 20: size_true=59	X.var()=201.6824
2022-08-29 BST 19:55:09,803 - INFO -  epoch=1000      train_loss=   1.3073      val_loss=  15.6501      best=1      size=  48      nSHD_c=   1.2000      nSHD=   1.1333      tpr_c=   0.6875      change_adj_count=200      
2022-08-29 BST 19:55:09,808 - INFO - 

DAG 21: size_true=57	X.var()=21.1204
2022-08-29 BST 20:02:09,475 - INFO -  epoch=1000      train_loss=   1.1659      val_loss=   2.4533      best=1      size=  47      nSHD_c=   0.5333      nSHD=   0.5000      tpr_c=   0.8936      change_adj_count=112      
2022-08-29 BST 20:02:09,477 - INFO - 

DAG 22: size_true=60	X.var()=129.8499
2022-08-29 BST 20:09:09,150 - INFO -  epoch=1000      train_loss=   1.4400      val_loss=  15.3547      best=1      size=  57      nSHD_c=   2.0000      nSHD=   1.9667      tpr_c=   0.4211      change_adj_count=174      
2022-08-29 BST 20:09:09,151 - INFO - 

DAG 23: size_true=49	X.var()=14.1269
2022-08-29 BST 20:15:54,553 - INFO -  epoch=1000      train_loss=   1.0920      val_loss=   2.3514      best=1      size=  39      nSHD_c=   0.5000      nSHD=   0.4667      tpr_c=   0.8974      change_adj_count=92      
2022-08-29 BST 20:15:54,558 - INFO - 
last_mean_nshd_c=1.0222
2022-08-29 BST 20:15:54,558 - INFO - 
Time taken 2:56:12 (h:mm:ss)
2022-08-29 BST 20:15:54,558 - INFO - 
End of log for run 2022-08-29_BST_17:19:42,696_ste_l_84_ablation_002
