2022-08-29 BST 20:07:53,640 - INFO - 
Log for run 2022-08-29_BST_20:07:53,592_ste_l_84_ablation_003

2022-08-29 BST 20:07:53,640 - INFO - COMMENT = 'For Optuna on STE'
2022-08-29 BST 20:07:53,641 - INFO - DATA_FOLDER = '../data'
2022-08-29 BST 20:07:53,641 - INFO - LATENTS_FOLDER = '../latents'
2022-08-29 BST 20:07:53,641 - INFO - LOGS_FOLDER = '../logs'
2022-08-29 BST 20:07:53,641 - INFO - MODEL_FOLDER = '../models'
2022-08-29 BST 20:07:53,641 - INFO - RESULTS_FOLDER = '../results'
2022-08-29 BST 20:07:53,641 - INFO - DEVICE = torch.device("cuda" if torch.cuda.is_available() else "cpu")  # Used: "cuda"
2022-08-29 BST 20:07:53,641 - INFO - LATENTS = False
2022-08-29 BST 20:07:53,641 - INFO - MATRIX_REPORT = False
2022-08-29 BST 20:07:53,641 - INFO - LABEL = True
2022-08-29 BST 20:07:53,641 - INFO - SAVE_TO_ODS = False
2022-08-29 BST 20:07:53,641 - INFO - VAL_LOSS_FROM_DAG = True
2022-08-29 BST 20:07:53,641 - INFO - WANDB = False
2022-08-29 BST 20:07:53,641 - INFO - WANDB_PROJECT = 'Thetas'
2022-08-29 BST 20:07:53,641 - INFO - GRAD_LOG = False
2022-08-29 BST 20:07:53,641 - INFO - SAVE_RESULTS = False
2022-08-29 BST 20:07:53,642 - INFO - N_TRIALS = 1
2022-08-29 BST 20:07:53,642 - INFO - LOAD_OPTUNA_STUDY = None
2022-08-29 BST 20:07:53,642 - INFO - OPTUNA_STRINGS = {'None': None, 'True': True, 'False': False}
2022-08-29 BST 20:07:53,642 - INFO - TQDM = False
2022-08-29 BST 20:07:53,642 - INFO - 
hyperparameters = {
2022-08-29 BST 20:07:53,642 - INFO - 	'GRAPH_TYPE': 'ER2',
2022-08-29 BST 20:07:53,642 - INFO - 	'D': 30,
2022-08-29 BST 20:07:53,642 - INFO - 	'MAX_SIZE': None,
2022-08-29 BST 20:07:53,642 - INFO - 	'SEM_NOISE': 'gaussian_ev',
2022-08-29 BST 20:07:53,642 - INFO - 	'N': 1200,
2022-08-29 BST 20:07:53,642 - INFO - 	'VAL': 0.16666666666666666,
2022-08-29 BST 20:07:53,642 - INFO - 	'N_EPOCHS': 1000,
2022-08-29 BST 20:07:53,642 - INFO - 	'BATCH_SIZE': None,
2022-08-29 BST 20:07:53,642 - INFO - 	'LOG2_BATCH_SIZE': 4,
2022-08-29 BST 20:07:53,642 - INFO - 	'BATCH_SHUFFLE': True,
2022-08-29 BST 20:07:53,642 - INFO - 	'N_SAMPLES': 10,
2022-08-29 BST 20:07:53,642 - INFO - 	'MODE': 'max_dag_test_only',
2022-08-29 BST 20:07:53,643 - INFO - 	'AFAS_SCHEDULER': None,
2022-08-29 BST 20:07:53,643 - INFO - 	'MINIZINC_SOLVER': None,
2022-08-29 BST 20:07:53,643 - INFO - 	'f_LINEAR_LAYERS': (),
2022-08-29 BST 20:07:53,643 - INFO - 	'f_BIAS': False,
2022-08-29 BST 20:07:53,643 - INFO - 	'p_LAYER': 'STE',
2022-08-29 BST 20:07:53,643 - INFO - 	'STREAMLINE': False,
2022-08-29 BST 20:07:53,643 - INFO - 	'THRESHOLD': 0.0,
2022-08-29 BST 20:07:53,643 - INFO - 	'h_LINEAR_LAYERS': (),
2022-08-29 BST 20:07:53,643 - INFO - 	'h_NULL': 0.0216881787013694,
2022-08-29 BST 20:07:53,643 - INFO - 	'h_LR': 0.000113389232350646,
2022-08-29 BST 20:07:53,643 - INFO - 	'h_OPTIMIZER': 'torch.optim.Adam(overall_net.h_net.parameters(), lr=h.h_LR)',
2022-08-29 BST 20:07:53,643 - INFO - 	'f_LR': 0.0123204369681095,
2022-08-29 BST 20:07:53,643 - INFO - 	'f_OPTIMIZER': 'torch.optim.Adam(overall_net.f_net.parameters(), lr=h.f_LR)',
2022-08-29 BST 20:07:53,643 - INFO - 	'NOISE_TEMPERATURE': 0.177138167187175,
2022-08-29 BST 20:07:53,643 - INFO - 	'NOISE_DISTRIBUTION': 'LogisticNoiseDistribution()',
2022-08-29 BST 20:07:53,643 - INFO - 	'LAMBDA': 1,
2022-08-29 BST 20:07:53,644 - INFO - 	'LOSS_FN': 'torch.nn.MSELoss()',
2022-08-29 BST 20:07:53,644 - INFO - 	'ALPHA': None,
2022-08-29 BST 20:07:53,644 - INFO - 	'BETA': None,
2022-08-29 BST 20:07:53,644 - INFO - 	'REGULARIZER': None,
2022-08-29 BST 20:07:53,644 - INFO - 	'z_RHO': 0.410122763411552,
2022-08-29 BST 20:07:53,644 - INFO - 	'z_MU': 0,
2022-08-29 BST 20:07:53,644 - INFO - 	'z_REGULARIZER': 'NoTearsZRegularizer(h.D, h.z_RHO, h.z_MU, c.DEVICE)',
2022-08-29 BST 20:07:53,644 - INFO - 	'LR_SCHEDULER': None,
2022-08-29 BST 20:07:53,644 - INFO - 	'DATA_CATEGORY': 'test',
2022-08-29 BST 20:07:53,644 - INFO - 	'DAGS': '030_ER2_gaussian_ev_2022-08-12_BST_09:55:21,293_create_dags'
2022-08-29 BST 20:07:53,644 - INFO - }

2022-08-29 BST 20:07:56,549 - INFO - 

DAG 0: size_true=69	X.var()=185.8479
2022-08-29 BST 20:13:40,480 - INFO -  epoch=1000      train_loss=   4.3950      val_loss=   2.5523      best=1      size= 108      nSHD_c=   2.5333      nSHD=   2.5000      tpr_c=   0.4630      change_adj_count=105      
2022-08-29 BST 20:13:40,482 - INFO - 

DAG 1: size_true=67	X.var()=127.1156
2022-08-29 BST 20:19:07,358 - INFO -  epoch=1000      train_loss=   3.9554      val_loss=   2.8718      best=1      size= 135      nSHD_c=   3.5000      nSHD=   3.3333      tpr_c=   0.3407      change_adj_count=122      
2022-08-29 BST 20:19:07,359 - INFO - 

DAG 2: size_true=64	X.var()=25.7432
2022-08-29 BST 20:24:33,359 - INFO -  epoch=1000      train_loss=   2.6346      val_loss=   1.7883      best=1      size=  82      nSHD_c=   1.9333      nSHD=   1.8000      tpr_c=   0.5122      change_adj_count=79      
2022-08-29 BST 20:24:33,361 - INFO - 

DAG 3: size_true=63	X.var()=265.9248
2022-08-29 BST 20:30:22,332 - INFO -  epoch=1000      train_loss=   6.5422      val_loss=   3.4729      best=1      size= 127      nSHD_c=   3.5000      nSHD=   3.4333      tpr_c=   0.3150      change_adj_count=112      
2022-08-29 BST 20:30:22,334 - INFO - 

DAG 4: size_true=48	X.var()=47.3993
2022-08-29 BST 20:36:18,027 - INFO -  epoch=1000      train_loss=   3.2063      val_loss=   2.3398      best=1      size=  71      nSHD_c=   1.7333      nSHD=   1.7000      tpr_c=   0.4507      change_adj_count=77      
2022-08-29 BST 20:36:18,028 - INFO - 

DAG 5: size_true=57	X.var()=54.7286
2022-08-29 BST 20:42:20,336 - INFO -  epoch=1000      train_loss=   2.8141      val_loss=   1.6831      best=1      size=  56      nSHD_c=   1.4333      nSHD=   1.3667      tpr_c=   0.6071      change_adj_count=69      
2022-08-29 BST 20:42:20,337 - INFO - 

DAG 6: size_true=64	X.var()=29.7229
2022-08-29 BST 20:48:14,373 - INFO -  epoch=1000      train_loss=   2.9903      val_loss=   1.7803      best=1      size= 102      nSHD_c=   2.4333      nSHD=   2.3667      tpr_c=   0.4412      change_adj_count=92      
2022-08-29 BST 20:48:14,374 - INFO - 

DAG 7: size_true=62	X.var()=55.6800
2022-08-29 BST 20:54:15,174 - INFO -  epoch=1000      train_loss=   3.1434      val_loss=   1.9783      best=1      size= 101      nSHD_c=   2.6000      nSHD=   2.5000      tpr_c=   0.3960      change_adj_count=98      
2022-08-29 BST 20:54:15,176 - INFO - 

DAG 8: size_true=63	X.var()=39.3378
2022-08-29 BST 21:00:12,802 - INFO -  epoch=1000      train_loss=   2.8356      val_loss=   1.9515      best=1      size=  91      nSHD_c=   2.3333      nSHD=   2.1333      tpr_c=   0.4286      change_adj_count=86      
2022-08-29 BST 21:00:12,803 - INFO - 

DAG 9: size_true=61	X.var()=94.6254
2022-08-29 BST 21:06:14,539 - INFO -  epoch=1000      train_loss=   3.6819      val_loss=   1.9208      best=1      size= 105      nSHD_c=   2.7000      nSHD=   2.6333      tpr_c=   0.3905      change_adj_count=96      
2022-08-29 BST 21:06:14,540 - INFO - 

DAG 10: size_true=51	X.var()=18.9170
2022-08-29 BST 21:12:15,722 - INFO -  epoch=1000      train_loss=   2.3526      val_loss=   1.4674      best=1      size=  71      nSHD_c=   1.7333      nSHD=   1.7000      tpr_c=   0.4789      change_adj_count=77      
2022-08-29 BST 21:12:15,724 - INFO - 

DAG 11: size_true=68	X.var()=127.5135
2022-08-29 BST 21:18:16,272 - INFO -  epoch=1000      train_loss=   4.3345      val_loss=   2.5355      best=1      size= 111      nSHD_c=   2.6667      nSHD=   2.6333      tpr_c=   0.4414      change_adj_count=101      
2022-08-29 BST 21:18:16,273 - INFO - 

DAG 12: size_true=53	X.var()=15.8398
2022-08-29 BST 21:24:15,352 - INFO -  epoch=1000      train_loss=   2.1923      val_loss=   1.5112      best=1      size=  60      nSHD_c=   1.3000      nSHD=   1.2667      tpr_c=   0.6000      change_adj_count=66      
2022-08-29 BST 21:24:15,353 - INFO - 

DAG 13: size_true=53	X.var()=112.2632
2022-08-29 BST 21:30:17,724 - INFO -  epoch=1000      train_loss=   3.3896      val_loss=   1.7317      best=1      size=  94      nSHD_c=   2.4000      nSHD=   2.3667      tpr_c=   0.3936      change_adj_count=92      
2022-08-29 BST 21:30:17,725 - INFO - 

DAG 14: size_true=59	X.var()=16.7418
2022-08-29 BST 21:36:15,706 - INFO -  epoch=1000      train_loss=   2.4417      val_loss=   1.7380      best=1      size=  71      nSHD_c=   1.6667      nSHD=   1.5000      tpr_c=   0.5211      change_adj_count=74      
2022-08-29 BST 21:36:15,707 - INFO - 

DAG 15: size_true=42	X.var()=8.6273
2022-08-29 BST 21:42:12,499 - INFO -  epoch=1000      train_loss=   1.8133      val_loss=   1.3336      best=1      size=  43      nSHD_c=   0.9333      nSHD=   0.8333      tpr_c=   0.6047      change_adj_count=56      
2022-08-29 BST 21:42:12,500 - INFO - 

DAG 16: size_true=50	X.var()=12.1502
2022-08-29 BST 21:48:13,150 - INFO -  epoch=1000      train_loss=   1.9905      val_loss=   1.3752      best=1      size=  58      nSHD_c=   1.0667      nSHD=   0.9333      tpr_c=   0.6207      change_adj_count=67      
2022-08-29 BST 21:48:13,151 - INFO - 

DAG 17: size_true=49	X.var()=16.5203
2022-08-29 BST 21:54:14,516 - INFO -  epoch=1000      train_loss=   2.1500      val_loss=   1.2992      best=1      size=  67      nSHD_c=   1.0000      nSHD=   1.0000      tpr_c=   0.6418      change_adj_count=76      
2022-08-29 BST 21:54:14,517 - INFO - 

DAG 18: size_true=56	X.var()=17.9506
2022-08-29 BST 22:00:08,725 - INFO -  epoch=1000      train_loss=   2.2321      val_loss=   1.3815      best=1      size=  63      nSHD_c=   1.0000      nSHD=   1.0000      tpr_c=   0.6984      change_adj_count=69      
2022-08-29 BST 22:00:08,726 - INFO - 

DAG 19: size_true=57	X.var()=24.8142
2022-08-29 BST 22:06:06,994 - INFO -  epoch=1000      train_loss=   2.4385      val_loss=   1.6166      best=1      size=  70      nSHD_c=   1.5000      nSHD=   1.3667      tpr_c=   0.5571      change_adj_count=75      
2022-08-29 BST 22:06:06,995 - INFO - 

DAG 20: size_true=59	X.var()=201.6824
2022-08-29 BST 22:12:07,893 - INFO -  epoch=1000      train_loss=   4.9315      val_loss=   3.1827      best=1      size= 123      nSHD_c=   3.5000      nSHD=   3.3667      tpr_c=   0.2927      change_adj_count=110      
2022-08-29 BST 22:12:07,894 - INFO - 

DAG 21: size_true=57	X.var()=21.1204
2022-08-29 BST 22:18:12,248 - INFO -  epoch=1000      train_loss=   2.4160      val_loss=   1.5357      best=1      size=  80      nSHD_c=   2.0000      nSHD=   1.9333      tpr_c=   0.4500      change_adj_count=82      
2022-08-29 BST 22:18:12,249 - INFO - 

DAG 22: size_true=60	X.var()=129.8499
2022-08-29 BST 22:24:16,084 - INFO -  epoch=1000      train_loss=   3.9301      val_loss=   2.0868      best=1      size= 106      nSHD_c=   2.9000      nSHD=   2.8667      tpr_c=   0.3585      change_adj_count=102      
2022-08-29 BST 22:24:16,085 - INFO - 

DAG 23: size_true=49	X.var()=14.1269
2022-08-29 BST 22:30:13,282 - INFO -  epoch=1000      train_loss=   1.8645      val_loss=   1.2293      best=1      size=  57      nSHD_c=   1.2667      nSHD=   1.0667      tpr_c=   0.5439      change_adj_count=63      
2022-08-29 BST 22:30:13,283 - INFO - 
last_mean_nshd_c=2.0681
2022-08-29 BST 22:30:13,283 - INFO - 
Time taken 2:22:20 (h:mm:ss)
2022-08-29 BST 22:30:13,283 - INFO - 
End of log for run 2022-08-29_BST_20:07:53,592_ste_l_84_ablation_003
