2022-08-29 BST 20:08:08,615 - INFO - 
Log for run 2022-08-29_BST_20:08:08,592_ste_l_84_ablation_001

2022-08-29 BST 20:08:08,615 - INFO - COMMENT = 'For Optuna on STE'
2022-08-29 BST 20:08:08,616 - INFO - DATA_FOLDER = '../data'
2022-08-29 BST 20:08:08,616 - INFO - LATENTS_FOLDER = '../latents'
2022-08-29 BST 20:08:08,616 - INFO - LOGS_FOLDER = '../logs'
2022-08-29 BST 20:08:08,616 - INFO - MODEL_FOLDER = '../models'
2022-08-29 BST 20:08:08,616 - INFO - RESULTS_FOLDER = '../results'
2022-08-29 BST 20:08:08,616 - INFO - DEVICE = torch.device("cuda" if torch.cuda.is_available() else "cpu")  # Used: "cuda"
2022-08-29 BST 20:08:08,616 - INFO - LATENTS = False
2022-08-29 BST 20:08:08,616 - INFO - MATRIX_REPORT = False
2022-08-29 BST 20:08:08,616 - INFO - LABEL = True
2022-08-29 BST 20:08:08,616 - INFO - SAVE_TO_ODS = False
2022-08-29 BST 20:08:08,616 - INFO - VAL_LOSS_FROM_DAG = True
2022-08-29 BST 20:08:08,616 - INFO - WANDB = False
2022-08-29 BST 20:08:08,616 - INFO - WANDB_PROJECT = 'Thetas'
2022-08-29 BST 20:08:08,616 - INFO - GRAD_LOG = False
2022-08-29 BST 20:08:08,616 - INFO - SAVE_RESULTS = False
2022-08-29 BST 20:08:08,616 - INFO - N_TRIALS = 1
2022-08-29 BST 20:08:08,616 - INFO - LOAD_OPTUNA_STUDY = None
2022-08-29 BST 20:08:08,616 - INFO - OPTUNA_STRINGS = {'None': None, 'True': True, 'False': False}
2022-08-29 BST 20:08:08,616 - INFO - TQDM = False
2022-08-29 BST 20:08:08,616 - INFO - 
hyperparameters = {
2022-08-29 BST 20:08:08,616 - INFO - 	'GRAPH_TYPE': 'ER2',
2022-08-29 BST 20:08:08,616 - INFO - 	'D': 30,
2022-08-29 BST 20:08:08,616 - INFO - 	'MAX_SIZE': None,
2022-08-29 BST 20:08:08,616 - INFO - 	'SEM_NOISE': 'gaussian_ev',
2022-08-29 BST 20:08:08,616 - INFO - 	'N': 1200,
2022-08-29 BST 20:08:08,616 - INFO - 	'VAL': 0.16666666666666666,
2022-08-29 BST 20:08:08,617 - INFO - 	'N_EPOCHS': 1000,
2022-08-29 BST 20:08:08,617 - INFO - 	'BATCH_SIZE': None,
2022-08-29 BST 20:08:08,617 - INFO - 	'LOG2_BATCH_SIZE': 4,
2022-08-29 BST 20:08:08,617 - INFO - 	'BATCH_SHUFFLE': True,
2022-08-29 BST 20:08:08,617 - INFO - 	'N_SAMPLES': 10,
2022-08-29 BST 20:08:08,617 - INFO - 	'MODE': 'max_dag_test_only',
2022-08-29 BST 20:08:08,617 - INFO - 	'AFAS_SCHEDULER': None,
2022-08-29 BST 20:08:08,617 - INFO - 	'MINIZINC_SOLVER': None,
2022-08-29 BST 20:08:08,617 - INFO - 	'f_LINEAR_LAYERS': (),
2022-08-29 BST 20:08:08,617 - INFO - 	'f_BIAS': False,
2022-08-29 BST 20:08:08,617 - INFO - 	'p_LAYER': 'STE',
2022-08-29 BST 20:08:08,617 - INFO - 	'STREAMLINE': False,
2022-08-29 BST 20:08:08,617 - INFO - 	'THRESHOLD': 0.0,
2022-08-29 BST 20:08:08,617 - INFO - 	'h_LINEAR_LAYERS': (),
2022-08-29 BST 20:08:08,617 - INFO - 	'h_NULL': 0.0216881787013694,
2022-08-29 BST 20:08:08,617 - INFO - 	'h_LR': 0.000113389232350646,
2022-08-29 BST 20:08:08,617 - INFO - 	'h_OPTIMIZER': 'torch.optim.Adam(overall_net.h_net.parameters(), lr=h.h_LR)',
2022-08-29 BST 20:08:08,617 - INFO - 	'f_LR': 0.0123204369681095,
2022-08-29 BST 20:08:08,617 - INFO - 	'f_OPTIMIZER': 'torch.optim.Adam(overall_net.f_net.parameters(), lr=h.f_LR)',
2022-08-29 BST 20:08:08,617 - INFO - 	'NOISE_TEMPERATURE': 0.177138167187175,
2022-08-29 BST 20:08:08,617 - INFO - 	'NOISE_DISTRIBUTION': 'LogisticNoiseDistribution()',
2022-08-29 BST 20:08:08,617 - INFO - 	'LAMBDA': 1,
2022-08-29 BST 20:08:08,617 - INFO - 	'LOSS_FN': 'torch.nn.MSELoss()',
2022-08-29 BST 20:08:08,617 - INFO - 	'ALPHA': None,
2022-08-29 BST 20:08:08,617 - INFO - 	'BETA': None,
2022-08-29 BST 20:08:08,617 - INFO - 	'REGULARIZER': None,
2022-08-29 BST 20:08:08,617 - INFO - 	'z_RHO': 0,
2022-08-29 BST 20:08:08,617 - INFO - 	'z_MU': 0,
2022-08-29 BST 20:08:08,618 - INFO - 	'z_REGULARIZER': 'NoTearsZRegularizer(h.D, h.z_RHO, h.z_MU, c.DEVICE)',
2022-08-29 BST 20:08:08,618 - INFO - 	'LR_SCHEDULER': None,
2022-08-29 BST 20:08:08,618 - INFO - 	'DATA_CATEGORY': 'test',
2022-08-29 BST 20:08:08,618 - INFO - 	'DAGS': '030_ER2_gaussian_ev_2022-08-12_BST_09:55:21,293_create_dags'
2022-08-29 BST 20:08:08,618 - INFO - }

2022-08-29 BST 20:08:15,473 - INFO - 

DAG 0: size_true=69	X.var()=185.8479
2022-08-29 BST 20:13:57,333 - INFO -  epoch=1000      train_loss=   0.7721      val_loss=  14.1341      best=1      size= 183      nSHD_c=   4.4667      nSHD=   4.3333      tpr_c=   0.2787      change_adj_count=381      
2022-08-29 BST 20:13:57,334 - INFO - 

DAG 1: size_true=67	X.var()=127.1156
2022-08-29 BST 20:19:29,183 - INFO -  epoch=1000      train_loss=   0.7839      val_loss=   7.2468      best=1      size= 191      nSHD_c=   4.5333      nSHD=   4.4667      tpr_c=   0.2932      change_adj_count=375      
2022-08-29 BST 20:19:29,184 - INFO - 

DAG 2: size_true=64	X.var()=25.7432
2022-08-29 BST 20:24:51,176 - INFO -  epoch=1000      train_loss=   0.5897      val_loss=   6.4966      best=1      size= 139      nSHD_c=   3.0000      nSHD=   2.9667      tpr_c=   0.3885      change_adj_count=366      
2022-08-29 BST 20:24:51,177 - INFO - 

DAG 3: size_true=63	X.var()=265.9248
2022-08-29 BST 20:29:28,926 - INFO -  epoch=1000      train_loss=   0.9987      val_loss=  42.6317      best=1      size= 231      nSHD_c=   6.2333      nSHD=   6.2000      tpr_c=   0.2121      change_adj_count=377      
2022-08-29 BST 20:29:28,927 - INFO - 

DAG 4: size_true=48	X.var()=47.3993
2022-08-29 BST 20:35:04,114 - INFO -  epoch=1000      train_loss=   0.6835      val_loss=   6.6650      best=1      size= 130      nSHD_c=   3.1333      nSHD=   3.0000      tpr_c=   0.2769      change_adj_count=374      
2022-08-29 BST 20:35:04,115 - INFO - 

DAG 5: size_true=57	X.var()=54.7286
2022-08-29 BST 20:40:35,805 - INFO -  epoch=1000      train_loss=   0.5676      val_loss=   7.5640      best=1      size= 151      nSHD_c=   3.5333      nSHD=   3.5000      tpr_c=   0.2980      change_adj_count=359      
2022-08-29 BST 20:40:35,806 - INFO - 

DAG 6: size_true=64	X.var()=29.7229
2022-08-29 BST 20:45:54,075 - INFO -  epoch=1000      train_loss=   0.6043      val_loss=   5.2967      best=1      size= 179      nSHD_c=   4.4667      nSHD=   4.4000      tpr_c=   0.2737      change_adj_count=379      
2022-08-29 BST 20:45:54,076 - INFO - 

DAG 7: size_true=62	X.var()=55.6800
2022-08-29 BST 20:51:12,291 - INFO -  epoch=1000      train_loss=   0.7356      val_loss=   7.4633      best=1      size= 182      nSHD_c=   4.5000      nSHD=   4.3667      tpr_c=   0.2692      change_adj_count=374      
2022-08-29 BST 20:51:12,292 - INFO - 

DAG 8: size_true=63	X.var()=39.3378
2022-08-29 BST 20:56:29,030 - INFO -  epoch=1000      train_loss=   0.6278      val_loss=   5.4913      best=1      size= 167      nSHD_c=   4.0333      nSHD=   3.9333      tpr_c=   0.2814      change_adj_count=338      
2022-08-29 BST 20:56:29,031 - INFO - 

DAG 9: size_true=61	X.var()=94.6254
2022-08-29 BST 21:01:43,431 - INFO -  epoch=1000      train_loss=   0.6676      val_loss=  17.7062      best=1      size= 191      nSHD_c=   4.8667      nSHD=   4.7333      tpr_c=   0.2408      change_adj_count=375      
2022-08-29 BST 21:01:43,432 - INFO - 

DAG 10: size_true=51	X.var()=18.9170
2022-08-29 BST 21:06:57,541 - INFO -  epoch=1000      train_loss=   0.6150      val_loss=   4.1985      best=1      size= 141      nSHD_c=   3.5333      nSHD=   3.4000      tpr_c=   0.2695      change_adj_count=400      
2022-08-29 BST 21:06:57,541 - INFO - 

DAG 11: size_true=68	X.var()=127.5135
2022-08-29 BST 21:12:14,372 - INFO -  epoch=1000      train_loss=   0.7648      val_loss=   9.2993      best=1      size= 197      nSHD_c=   4.7667      nSHD=   4.6000      tpr_c=   0.2792      change_adj_count=379      
2022-08-29 BST 21:12:14,372 - INFO - 

DAG 12: size_true=53	X.var()=15.8398
2022-08-29 BST 21:17:30,700 - INFO -  epoch=1000      train_loss=   0.5917      val_loss=   5.6718      best=1      size= 146      nSHD_c=   3.6000      nSHD=   3.5000      tpr_c=   0.2671      change_adj_count=344      
2022-08-29 BST 21:17:30,701 - INFO - 

DAG 13: size_true=53	X.var()=112.2632
2022-08-29 BST 21:22:57,573 - INFO -  epoch=1000      train_loss=   0.8186      val_loss=  28.1723      best=1      size= 187      nSHD_c=   4.9333      nSHD=   4.8667      tpr_c=   0.2086      change_adj_count=309      
2022-08-29 BST 21:22:57,574 - INFO - 

DAG 14: size_true=59	X.var()=16.7418
2022-08-29 BST 21:28:20,021 - INFO -  epoch=1000      train_loss=   0.5872      val_loss=   4.0594      best=1      size= 177      nSHD_c=   4.4667      nSHD=   4.3000      tpr_c=   0.2542      change_adj_count=386      
2022-08-29 BST 21:28:20,022 - INFO - 

DAG 15: size_true=42	X.var()=8.6273
2022-08-29 BST 21:33:35,947 - INFO -  epoch=1000      train_loss=   0.6292      val_loss=   2.7134      best=1      size= 105      nSHD_c=   2.4667      nSHD=   2.3667      tpr_c=   0.2952      change_adj_count=308      
2022-08-29 BST 21:33:35,949 - INFO - 

DAG 16: size_true=50	X.var()=12.1502
2022-08-29 BST 21:38:46,124 - INFO -  epoch=1000      train_loss=   0.5346      val_loss=   3.5987      best=1      size= 116      nSHD_c=   2.8000      nSHD=   2.6333      tpr_c=   0.2759      change_adj_count=331      
2022-08-29 BST 21:38:46,125 - INFO - 

DAG 17: size_true=49	X.var()=16.5203
2022-08-29 BST 21:44:01,960 - INFO -  epoch=1000      train_loss=   0.6153      val_loss=   4.3357      best=1      size= 121      nSHD_c=   2.9667      nSHD=   2.8333      tpr_c=   0.2810      change_adj_count=358      
2022-08-29 BST 21:44:01,961 - INFO - 

DAG 18: size_true=56	X.var()=17.9506
2022-08-29 BST 21:49:17,739 - INFO -  epoch=1000      train_loss=   0.6329      val_loss=   6.2956      best=1      size= 121      nSHD_c=   2.8000      nSHD=   2.6000      tpr_c=   0.3306      change_adj_count=330      
2022-08-29 BST 21:49:17,740 - INFO - 

DAG 19: size_true=57	X.var()=24.8142
2022-08-29 BST 21:54:38,128 - INFO -  epoch=1000      train_loss=   0.5485      val_loss=   7.4001      best=1      size= 132      nSHD_c=   2.9000      nSHD=   2.7333      tpr_c=   0.3561      change_adj_count=389      
2022-08-29 BST 21:54:38,130 - INFO - 

DAG 20: size_true=59	X.var()=201.6824
2022-08-29 BST 22:00:06,381 - INFO -  epoch=1000      train_loss=   0.9227      val_loss=  18.1651      best=1      size= 189      nSHD_c=   4.7667      nSHD=   4.7000      tpr_c=   0.2593      change_adj_count=352      
2022-08-29 BST 22:00:06,381 - INFO - 

DAG 21: size_true=57	X.var()=21.1204
2022-08-29 BST 22:05:30,428 - INFO -  epoch=1000      train_loss=   0.6380      val_loss=   5.1204      best=1      size= 158      nSHD_c=   3.9000      nSHD=   3.8333      tpr_c=   0.2785      change_adj_count=368      
2022-08-29 BST 22:05:30,429 - INFO - 

DAG 22: size_true=60	X.var()=129.8499
2022-08-29 BST 22:10:45,004 - INFO -  epoch=1000      train_loss=   0.8538      val_loss=  14.5938      best=1      size= 160      nSHD_c=   3.8333      nSHD=   3.8000      tpr_c=   0.3000      change_adj_count=381      
2022-08-29 BST 22:10:45,005 - INFO - 

DAG 23: size_true=49	X.var()=14.1269
2022-08-29 BST 22:16:00,812 - INFO -  epoch=1000      train_loss=   0.5652      val_loss=   3.0448      best=1      size= 130      nSHD_c=   3.1333      nSHD=   3.0000      tpr_c=   0.2923      change_adj_count=360      
2022-08-29 BST 22:16:00,813 - INFO - 
last_mean_nshd_c=3.9014
2022-08-29 BST 22:16:00,813 - INFO - 
Time taken 2:07:52 (h:mm:ss)
2022-08-29 BST 22:16:00,813 - INFO - 
End of log for run 2022-08-29_BST_20:08:08,592_ste_l_84_ablation_001
