2022-08-27 BST 18:30:29,686 - INFO - 
Log for run 2022-08-27_BST_18:30:29,648_big_imle_l_none_008

2022-08-27 BST 18:30:29,687 - INFO - COMMENT = 'Test best MAX_SIZE=None Gumbel values with Logistic'
2022-08-27 BST 18:30:29,687 - INFO - DATA_FOLDER = '../data'
2022-08-27 BST 18:30:29,687 - INFO - LATENTS_FOLDER = '../latents'
2022-08-27 BST 18:30:29,687 - INFO - LOGS_FOLDER = '../logs'
2022-08-27 BST 18:30:29,687 - INFO - MODEL_FOLDER = '../models'
2022-08-27 BST 18:30:29,687 - INFO - RESULTS_FOLDER = '../results'
2022-08-27 BST 18:30:29,687 - INFO - DEVICE = torch.device("cuda" if torch.cuda.is_available() else "cpu")  # Used: "cuda"
2022-08-27 BST 18:30:29,687 - INFO - LATENTS = False
2022-08-27 BST 18:30:29,687 - INFO - MATRIX_REPORT = False
2022-08-27 BST 18:30:29,687 - INFO - LABEL = True
2022-08-27 BST 18:30:29,687 - INFO - SAVE_TO_ODS = False
2022-08-27 BST 18:30:29,687 - INFO - VAL_LOSS_FROM_DAG = True
2022-08-27 BST 18:30:29,687 - INFO - WANDB = False
2022-08-27 BST 18:30:29,687 - INFO - WANDB_PROJECT = 'Thetas'
2022-08-27 BST 18:30:29,687 - INFO - GRAD_LOG = False
2022-08-27 BST 18:30:29,687 - INFO - SAVE_RESULTS = False
2022-08-27 BST 18:30:29,687 - INFO - N_TRIALS = 1
2022-08-27 BST 18:30:29,687 - INFO - LOAD_OPTUNA_STUDY = None
2022-08-27 BST 18:30:29,687 - INFO - OPTUNA_STRINGS = {'None': None, 'True': True, 'False': False}
2022-08-27 BST 18:30:29,687 - INFO - TQDM = False
2022-08-27 BST 18:30:29,687 - INFO - 
hyperparameters = {
2022-08-27 BST 18:30:29,688 - INFO - 	'GRAPH_TYPE': 'ER2',
2022-08-27 BST 18:30:29,688 - INFO - 	'D': 30,
2022-08-27 BST 18:30:29,688 - INFO - 	'MAX_SIZE': None,
2022-08-27 BST 18:30:29,688 - INFO - 	'SEM_NOISE': 'gaussian_ev',
2022-08-27 BST 18:30:29,688 - INFO - 	'N': 1200,
2022-08-27 BST 18:30:29,688 - INFO - 	'VAL': 0.16666666666666666,
2022-08-27 BST 18:30:29,688 - INFO - 	'N_EPOCHS': 1000,
2022-08-27 BST 18:30:29,688 - INFO - 	'BATCH_SIZE': None,
2022-08-27 BST 18:30:29,688 - INFO - 	'LOG2_BATCH_SIZE': 3,
2022-08-27 BST 18:30:29,688 - INFO - 	'BATCH_SHUFFLE': True,
2022-08-27 BST 18:30:29,688 - INFO - 	'N_SAMPLES': 47,
2022-08-27 BST 18:30:29,688 - INFO - 	'MODE': 'max_dag_test_only',
2022-08-27 BST 18:30:29,688 - INFO - 	'AFAS_SCHEDULER': None,
2022-08-27 BST 18:30:29,688 - INFO - 	'MINIZINC_SOLVER': None,
2022-08-27 BST 18:30:29,688 - INFO - 	'f_LINEAR_LAYERS': (),
2022-08-27 BST 18:30:29,688 - INFO - 	'f_BIAS': False,
2022-08-27 BST 18:30:29,688 - INFO - 	'p_LAYER': None,
2022-08-27 BST 18:30:29,688 - INFO - 	'STREAMLINE': False,
2022-08-27 BST 18:30:29,688 - INFO - 	'THRESHOLD': 0.0,
2022-08-27 BST 18:30:29,688 - INFO - 	'h_LINEAR_LAYERS': (),
2022-08-27 BST 18:30:29,688 - INFO - 	'h_NULL': 0.00011373901985660933,
2022-08-27 BST 18:30:29,688 - INFO - 	'h_LR': 0.0016158450337500668,
2022-08-27 BST 18:30:29,689 - INFO - 	'h_OPTIMIZER': 'torch.optim.Adam(overall_net.h_net.parameters(), lr=h.h_LR)',
2022-08-27 BST 18:30:29,689 - INFO - 	'f_LR': 0.3720066380139224,
2022-08-27 BST 18:30:29,689 - INFO - 	'f_OPTIMIZER': 'torch.optim.Adam(overall_net.f_net.parameters(), lr=h.f_LR)',
2022-08-27 BST 18:30:29,689 - INFO - 	'NOISE_TEMPERATURE': 0.8785929148606203,
2022-08-27 BST 18:30:29,689 - INFO - 	'NOISE_DISTRIBUTION': 'LogisticNoiseDistribution()',
2022-08-27 BST 18:30:29,689 - INFO - 	'LAMBDA': 27.13959516077541,
2022-08-27 BST 18:30:29,689 - INFO - 	'LOSS_FN': 'torch.nn.MSELoss()',
2022-08-27 BST 18:30:29,689 - INFO - 	'ALPHA': None,
2022-08-27 BST 18:30:29,689 - INFO - 	'BETA': None,
2022-08-27 BST 18:30:29,689 - INFO - 	'REGULARIZER': None,
2022-08-27 BST 18:30:29,689 - INFO - 	'z_RHO': 0.157451211201,
2022-08-27 BST 18:30:29,689 - INFO - 	'z_MU': 0.00120806965197976,
2022-08-27 BST 18:30:29,689 - INFO - 	'z_REGULARIZER': 'NoTearsZRegularizer(h.D, h.z_RHO, h.z_MU, c.DEVICE)',
2022-08-27 BST 18:30:29,689 - INFO - 	'LR_SCHEDULER': None,
2022-08-27 BST 18:30:29,689 - INFO - 	'DATA_CATEGORY': 'big',
2022-08-27 BST 18:30:29,689 - INFO - 	'DAGS': '007'
2022-08-27 BST 18:30:29,689 - INFO - }

2022-08-27 BST 18:30:31,994 - INFO - 

DAG 0: size_true=54	X.var()=20.3861
2022-08-27 BST 18:53:32,369 - INFO -  epoch=1000      train_loss=   1.7770      val_loss=   1.2437      best=1      size=  53      nSHD_c=   0.3333      nSHD=   0.3333      tpr_c=   0.9057      change_adj_count=80      
2022-08-27 BST 18:53:32,370 - INFO - 

DAG 1: size_true=59	X.var()=26.0012
2022-08-27 BST 19:16:49,696 - INFO -  epoch=1000      train_loss=   2.1413      val_loss=   1.5148      best=1      size=  59      nSHD_c=   0.8333      nSHD=   0.8333      tpr_c=   0.7797      change_adj_count=77      
2022-08-27 BST 19:16:49,697 - INFO - 

DAG 2: size_true=60	X.var()=30.5090
2022-08-27 BST 19:39:16,395 - INFO -  epoch=1000      train_loss=   2.4993      val_loss=   4.4128      best=1      size=  56      nSHD_c=   1.0333      nSHD=   1.0333      tpr_c=   0.7500      change_adj_count=75      
2022-08-27 BST 19:39:16,396 - INFO - 

DAG 3: size_true=55	X.var()=36.5994
2022-08-27 BST 20:02:59,371 - INFO -  epoch=1000      train_loss=   2.5378      val_loss=   2.7282      best=1      size=  61      nSHD_c=   1.0667      nSHD=   1.0667      tpr_c=   0.6885      change_adj_count=86      
2022-08-27 BST 20:02:59,373 - INFO - 

DAG 4: size_true=61	X.var()=40.5531
2022-08-27 BST 20:27:00,511 - INFO -  epoch=1000      train_loss=   1.9785      val_loss=   1.6029      best=1      size=  65      nSHD_c=   0.7000      nSHD=   0.7000      tpr_c=   0.8000      change_adj_count=87      
2022-08-27 BST 20:27:00,512 - INFO - 

DAG 5: size_true=61	X.var()=41.8944
2022-08-27 BST 20:49:16,834 - INFO -  epoch=1000      train_loss=   2.4800      val_loss=   2.0066      best=1      size=  64      nSHD_c=   1.0333      nSHD=   1.0333      tpr_c=   0.7188      change_adj_count=92      
2022-08-27 BST 20:49:16,835 - INFO - 

DAG 6: size_true=58	X.var()=11.2944
2022-08-27 BST 21:12:55,215 - INFO -  epoch=1000      train_loss=   1.5386      val_loss=   1.4877      best=1      size=  59      nSHD_c=   0.9667      nSHD=   0.9667      tpr_c=   0.7288      change_adj_count=80      
2022-08-27 BST 21:12:55,216 - INFO - 

DAG 7: size_true=63	X.var()=114.1724
2022-08-27 BST 21:37:34,788 - INFO -  epoch=1000      train_loss=  10.7428      val_loss=   5.0685      best=1      size=  78      nSHD_c=   1.2333      nSHD=   1.2333      tpr_c=   0.6538      change_adj_count=162      
2022-08-27 BST 21:37:34,789 - INFO - 

DAG 8: size_true=73	X.var()=23.7052
2022-08-27 BST 21:59:48,562 - INFO -  epoch=1000      train_loss=   2.3749      val_loss=   2.0333      best=1      size=  68      nSHD_c=   1.4333      nSHD=   1.3000      tpr_c=   0.6912      change_adj_count=99      
2022-08-27 BST 21:59:48,563 - INFO - 

DAG 9: size_true=63	X.var()=35.1128
2022-08-27 BST 22:24:09,740 - INFO -  epoch=1000      train_loss=   2.6928      val_loss=   1.7928      best=1      size=  67      nSHD_c=   0.9333      nSHD=   0.9667      tpr_c=   0.7612      change_adj_count=82      
2022-08-27 BST 22:24:09,742 - INFO - 

DAG 10: size_true=62	X.var()=164.9931
2022-08-27 BST 22:48:56,598 - INFO -  epoch=1000      train_loss=   9.1477      val_loss=  12.7205      best=1      size=  80      nSHD_c=   2.8000      nSHD=   2.8000      tpr_c=   0.3375      change_adj_count=185      
2022-08-27 BST 22:48:56,599 - INFO - 

DAG 11: size_true=44	X.var()=55.7721
2022-08-27 BST 23:11:32,958 - INFO -  epoch=1000      train_loss=   4.9894      val_loss=   1.9284      best=1      size=  55      nSHD_c=   0.7000      nSHD=   0.7000      tpr_c=   0.7091      change_adj_count=88      
2022-08-27 BST 23:11:32,959 - INFO - 

DAG 12: size_true=59	X.var()=106.3872
2022-08-27 BST 23:36:31,042 - INFO -  epoch=1000      train_loss=   8.1735      val_loss=   7.8287      best=1      size=  80      nSHD_c=   1.5667      nSHD=   1.5667      tpr_c=   0.5750      change_adj_count=190      
2022-08-27 BST 23:36:31,043 - INFO - 

DAG 13: size_true=61	X.var()=23.9166
2022-08-27 BST 23:59:56,085 - INFO -  epoch=1000      train_loss=   1.8501      val_loss=   1.3948      best=1      size=  56      nSHD_c=   0.8000      nSHD=   0.7667      tpr_c=   0.8036      change_adj_count=77      
2022-08-27 BST 23:59:56,086 - INFO - 

DAG 14: size_true=59	X.var()=74.1232
2022-08-28 BST 00:22:43,186 - INFO -  epoch=1000      train_loss=   3.1246      val_loss=   1.8887      best=1      size=  68      nSHD_c=   1.2333      nSHD=   1.2333      tpr_c=   0.6618      change_adj_count=94      
2022-08-28 BST 00:22:43,187 - INFO - 

DAG 15: size_true=52	X.var()=50.7556
2022-08-28 BST 00:46:41,023 - INFO -  epoch=1000      train_loss=   3.3607      val_loss=   3.9668      best=1      size=  53      nSHD_c=   0.7667      nSHD=   0.7667      tpr_c=   0.7736      change_adj_count=96      
2022-08-28 BST 00:46:41,024 - INFO - 

DAG 16: size_true=66	X.var()=110.7821
2022-08-28 BST 01:10:32,153 - INFO -  epoch=1000      train_loss=   7.5705      val_loss=  27.4343      best=1      size=  77      nSHD_c=   1.5000      nSHD=   1.5000      tpr_c=   0.6364      change_adj_count=117      
2022-08-28 BST 01:10:32,154 - INFO - 

DAG 17: size_true=54	X.var()=46.1504
2022-08-28 BST 01:32:23,530 - INFO -  epoch=1000      train_loss=   2.2271      val_loss=   1.1686      best=1      size=  50      nSHD_c=   0.2333      nSHD=   0.2000      tpr_c=   0.9600      change_adj_count=70      
2022-08-28 BST 01:32:23,531 - INFO - 

DAG 18: size_true=63	X.var()=49.0162
2022-08-28 BST 01:56:57,896 - INFO -  epoch=1000      train_loss=   3.7782      val_loss=   1.9969      best=1      size=  64      nSHD_c=   1.1000      nSHD=   1.0667      tpr_c=   0.7188      change_adj_count=96      
2022-08-28 BST 01:56:57,897 - INFO - 

DAG 19: size_true=71	X.var()=28.7247
2022-08-28 BST 02:20:00,367 - INFO -  epoch=1000      train_loss=   2.3207      val_loss=   2.1790      best=1      size=  68      nSHD_c=   0.9000      nSHD=   0.9000      tpr_c=   0.8088      change_adj_count=94      
2022-08-28 BST 02:20:00,368 - INFO - 

DAG 20: size_true=61	X.var()=22.1412
2022-08-28 BST 02:42:34,069 - INFO -  epoch=1000      train_loss=   1.8506      val_loss=   1.4540      best=1      size=  64      nSHD_c=   0.8667      nSHD=   0.8667      tpr_c=   0.7656      change_adj_count=84      
2022-08-28 BST 02:42:34,071 - INFO - 

DAG 21: size_true=56	X.var()=69.8100
2022-08-28 BST 03:06:36,992 - INFO -  epoch=1000      train_loss=   4.4687      val_loss=   2.0179      best=1      size=  60      nSHD_c=   1.4000      nSHD=   1.4000      tpr_c=   0.6000      change_adj_count=87      
2022-08-28 BST 03:06:36,993 - INFO - 

DAG 22: size_true=58	X.var()=29.2331
2022-08-28 BST 03:29:59,071 - INFO -  epoch=1000      train_loss=   1.9342      val_loss=   1.9134      best=1      size=  58      nSHD_c=   0.3333      nSHD=   0.3333      tpr_c=   0.9138      change_adj_count=80      
2022-08-28 BST 03:29:59,072 - INFO - 

DAG 23: size_true=57	X.var()=12.0685
2022-08-28 BST 03:52:04,094 - INFO -  epoch=1000      train_loss=   1.5826      val_loss=   1.4150      best=1      size=  50      nSHD_c=   0.5333      nSHD=   0.5333      tpr_c=   0.9000      change_adj_count=70      
2022-08-28 BST 03:52:04,095 - INFO - 
last_mean_nshd_c=1.0125
2022-08-28 BST 03:52:04,095 - INFO - 
Time taken 9:21:34 (h:mm:ss)
2022-08-28 BST 03:52:04,095 - INFO - 
End of log for run 2022-08-27_BST_18:30:29,648_big_imle_l_none_008
