2022-08-27 BST 20:38:35,291 - INFO - 
Log for run 2022-08-27_BST_20:38:35,108_big_ste_l_84_006

2022-08-27 BST 20:38:35,300 - INFO - COMMENT = 'For Optuna on STE'
2022-08-27 BST 20:38:35,300 - INFO - DATA_FOLDER = '../data'
2022-08-27 BST 20:38:35,300 - INFO - LATENTS_FOLDER = '../latents'
2022-08-27 BST 20:38:35,300 - INFO - LOGS_FOLDER = '../logs'
2022-08-27 BST 20:38:35,300 - INFO - MODEL_FOLDER = '../models'
2022-08-27 BST 20:38:35,300 - INFO - RESULTS_FOLDER = '../results'
2022-08-27 BST 20:38:35,300 - INFO - DEVICE = torch.device("cuda" if torch.cuda.is_available() else "cpu")  # Used: "cuda"
2022-08-27 BST 20:38:35,300 - INFO - LATENTS = False
2022-08-27 BST 20:38:35,300 - INFO - MATRIX_REPORT = False
2022-08-27 BST 20:38:35,300 - INFO - LABEL = True
2022-08-27 BST 20:38:35,300 - INFO - SAVE_TO_ODS = False
2022-08-27 BST 20:38:35,300 - INFO - VAL_LOSS_FROM_DAG = True
2022-08-27 BST 20:38:35,300 - INFO - WANDB = False
2022-08-27 BST 20:38:35,300 - INFO - WANDB_PROJECT = 'Thetas'
2022-08-27 BST 20:38:35,301 - INFO - GRAD_LOG = False
2022-08-27 BST 20:38:35,301 - INFO - SAVE_RESULTS = False
2022-08-27 BST 20:38:35,301 - INFO - N_TRIALS = 1
2022-08-27 BST 20:38:35,301 - INFO - LOAD_OPTUNA_STUDY = None
2022-08-27 BST 20:38:35,301 - INFO - OPTUNA_STRINGS = {'None': None, 'True': True, 'False': False}
2022-08-27 BST 20:38:35,301 - INFO - TQDM = False
2022-08-27 BST 20:38:35,301 - INFO - 
hyperparameters = {
2022-08-27 BST 20:38:35,301 - INFO - 	'GRAPH_TYPE': 'ER2',
2022-08-27 BST 20:38:35,301 - INFO - 	'D': 30,
2022-08-27 BST 20:38:35,301 - INFO - 	'MAX_SIZE': 84,
2022-08-27 BST 20:38:35,301 - INFO - 	'SEM_NOISE': 'gaussian_ev',
2022-08-27 BST 20:38:35,301 - INFO - 	'N': 1200,
2022-08-27 BST 20:38:35,301 - INFO - 	'VAL': 0.16666666666666666,
2022-08-27 BST 20:38:35,301 - INFO - 	'N_EPOCHS': 1000,
2022-08-27 BST 20:38:35,301 - INFO - 	'BATCH_SIZE': None,
2022-08-27 BST 20:38:35,301 - INFO - 	'LOG2_BATCH_SIZE': 4,
2022-08-27 BST 20:38:35,301 - INFO - 	'BATCH_SHUFFLE': True,
2022-08-27 BST 20:38:35,301 - INFO - 	'N_SAMPLES': 10,
2022-08-27 BST 20:38:35,301 - INFO - 	'MODE': 'max_dag_test_only',
2022-08-27 BST 20:38:35,301 - INFO - 	'AFAS_SCHEDULER': None,
2022-08-27 BST 20:38:35,301 - INFO - 	'MINIZINC_SOLVER': None,
2022-08-27 BST 20:38:35,301 - INFO - 	'f_LINEAR_LAYERS': (),
2022-08-27 BST 20:38:35,301 - INFO - 	'f_BIAS': False,
2022-08-27 BST 20:38:35,301 - INFO - 	'p_LAYER': 'STE',
2022-08-27 BST 20:38:35,301 - INFO - 	'STREAMLINE': False,
2022-08-27 BST 20:38:35,301 - INFO - 	'THRESHOLD': 0.0,
2022-08-27 BST 20:38:35,301 - INFO - 	'h_LINEAR_LAYERS': (),
2022-08-27 BST 20:38:35,301 - INFO - 	'h_NULL': 0.0216881787013694,
2022-08-27 BST 20:38:35,301 - INFO - 	'h_LR': 0.000113389232350646,
2022-08-27 BST 20:38:35,301 - INFO - 	'h_OPTIMIZER': 'torch.optim.Adam(overall_net.h_net.parameters(), lr=h.h_LR)',
2022-08-27 BST 20:38:35,301 - INFO - 	'f_LR': 0.0123204369681095,
2022-08-27 BST 20:38:35,302 - INFO - 	'f_OPTIMIZER': 'torch.optim.Adam(overall_net.f_net.parameters(), lr=h.f_LR)',
2022-08-27 BST 20:38:35,302 - INFO - 	'NOISE_TEMPERATURE': 0.177138167187175,
2022-08-27 BST 20:38:35,302 - INFO - 	'NOISE_DISTRIBUTION': 'LogisticNoiseDistribution()',
2022-08-27 BST 20:38:35,302 - INFO - 	'LAMBDA': 1,
2022-08-27 BST 20:38:35,302 - INFO - 	'LOSS_FN': 'torch.nn.MSELoss()',
2022-08-27 BST 20:38:35,302 - INFO - 	'ALPHA': None,
2022-08-27 BST 20:38:35,302 - INFO - 	'BETA': None,
2022-08-27 BST 20:38:35,302 - INFO - 	'REGULARIZER': None,
2022-08-27 BST 20:38:35,302 - INFO - 	'z_RHO': 0.410122763411552,
2022-08-27 BST 20:38:35,302 - INFO - 	'z_MU': 0.0102343788252807,
2022-08-27 BST 20:38:35,302 - INFO - 	'z_REGULARIZER': 'NoTearsZRegularizer(h.D, h.z_RHO, h.z_MU, c.DEVICE)',
2022-08-27 BST 20:38:35,302 - INFO - 	'LR_SCHEDULER': None,
2022-08-27 BST 20:38:35,302 - INFO - 	'DATA_CATEGORY': 'big',
2022-08-27 BST 20:38:35,302 - INFO - 	'DAGS': '005'
2022-08-27 BST 20:38:35,302 - INFO - }

2022-08-27 BST 20:38:39,203 - INFO - 

DAG 0: size_true=59	X.var()=27.0468
2022-08-27 BST 20:47:36,734 - INFO -  epoch=1000      train_loss=   1.8627      val_loss=   1.4626      best=1      size=  62      nSHD_c=   1.4000      nSHD=   1.3667      tpr_c=   0.5968      change_adj_count=124      
2022-08-27 BST 20:47:36,735 - INFO - 

DAG 1: size_true=60	X.var()=27.6142
2022-08-27 BST 20:56:23,571 - INFO -  epoch=1000      train_loss=   1.4521      val_loss=   1.1551      best=1      size=  56      nSHD_c=   0.4000      nSHD=   0.4000      tpr_c=   0.9286      change_adj_count=85      
2022-08-27 BST 20:56:23,585 - INFO - 

DAG 2: size_true=55	X.var()=20.9989
2022-08-27 BST 21:05:16,612 - INFO -  epoch=1000      train_loss=   1.3399      val_loss=   1.0309      best=1      size=  55      nSHD_c=   0.0000      nSHD=   0.0000      tpr_c=   1.0000      change_adj_count=94      
2022-08-27 BST 21:05:16,615 - INFO - 

DAG 3: size_true=53	X.var()=89.9042
2022-08-27 BST 21:14:43,352 - INFO -  epoch=1000      train_loss=   1.6287      val_loss=   1.2943      best=1      size=  55      nSHD_c=   0.5333      nSHD=   0.5333      tpr_c=   0.8364      change_adj_count=132      
2022-08-27 BST 21:14:43,359 - INFO - 

DAG 4: size_true=60	X.var()=18.2003
2022-08-27 BST 21:24:10,822 - INFO -  epoch=1000      train_loss=   1.8716      val_loss=   1.4867      best=1      size=  63      nSHD_c=   1.0000      nSHD=   1.0000      tpr_c=   0.7302      change_adj_count=106      
2022-08-27 BST 21:24:10,836 - INFO - 

DAG 5: size_true=61	X.var()=84.3805
2022-08-27 BST 21:33:34,866 - INFO -  epoch=1000      train_loss=   2.0277      val_loss=   1.5469      best=1      size=  64      nSHD_c=   0.8667      nSHD=   0.8667      tpr_c=   0.7656      change_adj_count=164      
2022-08-27 BST 21:33:34,867 - INFO - 

DAG 6: size_true=68	X.var()=39.9589
2022-08-27 BST 21:43:03,334 - INFO -  epoch=1000      train_loss=   1.6436      val_loss=   1.2094      best=1      size=  65      nSHD_c=   0.5333      nSHD=   0.5333      tpr_c=   0.8923      change_adj_count=110      
2022-08-27 BST 21:43:03,335 - INFO - 

DAG 7: size_true=58	X.var()=26.1120
2022-08-27 BST 21:52:15,420 - INFO -  epoch=1000      train_loss=   1.6777      val_loss=   1.3214      best=1      size=  59      nSHD_c=   1.2333      nSHD=   1.2333      tpr_c=   0.6441      change_adj_count=116      
2022-08-27 BST 21:52:15,423 - INFO - 

DAG 8: size_true=74	X.var()=60.5095
2022-08-27 BST 22:01:39,437 - INFO -  epoch=1000      train_loss=   1.6328      val_loss=   1.1988      best=1      size=  72      nSHD_c=   0.6000      nSHD=   0.6000      tpr_c=   0.8889      change_adj_count=134      
2022-08-27 BST 22:01:39,441 - INFO - 

DAG 9: size_true=52	X.var()=92.6266
2022-08-27 BST 22:11:00,406 - INFO -  epoch=1000      train_loss=   1.6658      val_loss=   1.4979      best=1      size=  50      nSHD_c=   0.4333      nSHD=   0.4333      tpr_c=   0.8800      change_adj_count=112      
2022-08-27 BST 22:11:00,415 - INFO - 

DAG 10: size_true=60	X.var()=64.2421
2022-08-27 BST 22:20:39,112 - INFO -  epoch=1000      train_loss=   1.6757      val_loss=   6.4494      best=1      size=  56      nSHD_c=   1.0333      nSHD=   1.0000      tpr_c=   0.7321      change_adj_count=162      
2022-08-27 BST 22:20:39,126 - INFO - 

DAG 11: size_true=60	X.var()=95.4068
2022-08-27 BST 22:30:18,892 - INFO -  epoch=1000      train_loss=   1.6861      val_loss=   1.3395      best=1      size=  63      nSHD_c=   1.0333      nSHD=   1.0000      tpr_c=   0.7143      change_adj_count=138      
2022-08-27 BST 22:30:18,896 - INFO - 

DAG 12: size_true=52	X.var()=13.5778
2022-08-27 BST 22:39:50,657 - INFO -  epoch=1000      train_loss=   1.2701      val_loss=   1.0555      best=1      size=  48      nSHD_c=   0.2333      nSHD=   0.2000      tpr_c=   0.9583      change_adj_count=75      
2022-08-27 BST 22:39:50,664 - INFO - 

DAG 13: size_true=63	X.var()=55.9582
2022-08-27 BST 22:49:29,940 - INFO -  epoch=1000      train_loss=   1.5593      val_loss=   1.3071      best=1      size=  54      nSHD_c=   0.7333      nSHD=   0.7000      tpr_c=   0.8704      change_adj_count=135      
2022-08-27 BST 22:49:29,945 - INFO - 

DAG 14: size_true=49	X.var()=6.5000
2022-08-27 BST 22:58:21,135 - INFO -  epoch=1000      train_loss=   1.2997      val_loss=   1.0274      best=1      size=  45      nSHD_c=   0.1333      nSHD=   0.1333      tpr_c=   1.0000      change_adj_count=63      
2022-08-27 BST 22:58:21,136 - INFO - 

DAG 15: size_true=59	X.var()=23.1922
2022-08-27 BST 23:06:24,850 - INFO -  epoch=1000      train_loss=   1.4870      val_loss=   1.1193      best=1      size=  59      nSHD_c=   0.5000      nSHD=   0.4333      tpr_c=   0.8475      change_adj_count=100      
2022-08-27 BST 23:06:24,864 - INFO - 

DAG 16: size_true=55	X.var()=39.9735
2022-08-27 BST 23:14:47,658 - INFO -  epoch=1000      train_loss=   1.4567      val_loss=   1.1631      best=1      size=  53      nSHD_c=   0.5333      nSHD=   0.5333      tpr_c=   0.8679      change_adj_count=121      
2022-08-27 BST 23:14:47,660 - INFO - 

DAG 17: size_true=66	X.var()=23.1252
2022-08-27 BST 23:23:06,035 - INFO -  epoch=1000      train_loss=   1.5191      val_loss=   1.1684      best=1      size=  64      nSHD_c=   0.6333      nSHD=   0.6667      tpr_c=   0.8594      change_adj_count=106      
2022-08-27 BST 23:23:06,050 - INFO - 

DAG 18: size_true=45	X.var()=12.6947
2022-08-27 BST 23:31:16,927 - INFO -  epoch=1000      train_loss=   1.2916      val_loss=   1.0194      best=1      size=  44      nSHD_c=   0.0333      nSHD=   0.0333      tpr_c=   1.0000      change_adj_count=78      
2022-08-27 BST 23:31:16,929 - INFO - 

DAG 19: size_true=63	X.var()=56.1936
2022-08-27 BST 23:39:36,519 - INFO -  epoch=1000      train_loss=   1.4090      val_loss=   1.1217      best=1      size=  59      nSHD_c=   0.3333      nSHD=   0.3000      tpr_c=   0.9322      change_adj_count=122      
2022-08-27 BST 23:39:36,521 - INFO - 

DAG 20: size_true=63	X.var()=54.1984
2022-08-27 BST 23:47:47,609 - INFO -  epoch=1000      train_loss=   1.4914      val_loss=   1.0616      best=1      size=  61      nSHD_c=   0.3667      nSHD=   0.3667      tpr_c=   0.9180      change_adj_count=125      
2022-08-27 BST 23:47:47,610 - INFO - 

DAG 21: size_true=60	X.var()=19.8390
2022-08-27 BST 23:56:04,362 - INFO -  epoch=1000      train_loss=   1.5033      val_loss=   1.3065      best=1      size=  55      nSHD_c=   0.4333      nSHD=   0.4333      tpr_c=   0.9273      change_adj_count=99      
2022-08-27 BST 23:56:04,373 - INFO - 

DAG 22: size_true=65	X.var()=58.9459
2022-08-28 BST 00:04:27,801 - INFO -  epoch=1000      train_loss=   1.5812      val_loss=   1.1556      best=1      size=  66      nSHD_c=   0.5667      nSHD=   0.5667      tpr_c=   0.8485      change_adj_count=146      
2022-08-28 BST 00:04:27,815 - INFO - 

DAG 23: size_true=64	X.var()=20.7889
2022-08-28 BST 00:12:40,590 - INFO -  epoch=1000      train_loss=   1.4464      val_loss=   1.0767      best=1      size=  63      nSHD_c=   0.3333      nSHD=   0.3333      tpr_c=   0.9206      change_adj_count=103      
2022-08-28 BST 00:12:40,591 - INFO - 
last_mean_nshd_c=0.5792
2022-08-28 BST 00:12:40,591 - INFO - 
Time taken 3:34:05 (h:mm:ss)
2022-08-28 BST 00:12:40,591 - INFO - 
End of log for run 2022-08-27_BST_20:38:35,108_big_ste_l_84_006
