2022-08-26 BST 16:23:29,933 - INFO - 
Log for run 2022-08-26_BST_16:23:29,863_big_imle_l_none_002

2022-08-26 BST 16:23:29,934 - INFO - COMMENT = 'Test best MAX_SIZE=None Gumbel values with Logistic'
2022-08-26 BST 16:23:29,934 - INFO - DATA_FOLDER = '../data'
2022-08-26 BST 16:23:29,934 - INFO - LATENTS_FOLDER = '../latents'
2022-08-26 BST 16:23:29,934 - INFO - LOGS_FOLDER = '../logs'
2022-08-26 BST 16:23:29,934 - INFO - MODEL_FOLDER = '../models'
2022-08-26 BST 16:23:29,935 - INFO - RESULTS_FOLDER = '../results'
2022-08-26 BST 16:23:29,935 - INFO - DEVICE = torch.device("cuda" if torch.cuda.is_available() else "cpu")  # Used: "cuda"
2022-08-26 BST 16:23:29,935 - INFO - LATENTS = False
2022-08-26 BST 16:23:29,935 - INFO - MATRIX_REPORT = False
2022-08-26 BST 16:23:29,935 - INFO - LABEL = True
2022-08-26 BST 16:23:29,935 - INFO - SAVE_TO_ODS = False
2022-08-26 BST 16:23:29,935 - INFO - VAL_LOSS_FROM_DAG = True
2022-08-26 BST 16:23:29,935 - INFO - WANDB = False
2022-08-26 BST 16:23:29,935 - INFO - WANDB_PROJECT = 'Thetas'
2022-08-26 BST 16:23:29,935 - INFO - GRAD_LOG = False
2022-08-26 BST 16:23:29,935 - INFO - N_TRIALS = 1
2022-08-26 BST 16:23:29,935 - INFO - LOAD_OPTUNA_STUDY = None
2022-08-26 BST 16:23:29,935 - INFO - OPTUNA_STRINGS = {'None': None, 'True': True, 'False': False}
2022-08-26 BST 16:23:29,935 - INFO - TQDM = False
2022-08-26 BST 16:23:29,935 - INFO - 
hyperparameters = {
2022-08-26 BST 16:23:29,935 - INFO - 	'GRAPH_TYPE': 'ER2',
2022-08-26 BST 16:23:29,935 - INFO - 	'D': 30,
2022-08-26 BST 16:23:29,935 - INFO - 	'MAX_SIZE': None,
2022-08-26 BST 16:23:29,936 - INFO - 	'SEM_NOISE': 'gaussian_ev',
2022-08-26 BST 16:23:29,936 - INFO - 	'N': 1200,
2022-08-26 BST 16:23:29,936 - INFO - 	'VAL': 0.16666666666666666,
2022-08-26 BST 16:23:29,936 - INFO - 	'N_EPOCHS': 1000,
2022-08-26 BST 16:23:29,936 - INFO - 	'BATCH_SIZE': None,
2022-08-26 BST 16:23:29,936 - INFO - 	'LOG2_BATCH_SIZE': 3,
2022-08-26 BST 16:23:29,936 - INFO - 	'BATCH_SHUFFLE': True,
2022-08-26 BST 16:23:29,936 - INFO - 	'N_SAMPLES': 47,
2022-08-26 BST 16:23:29,936 - INFO - 	'MODE': 'max_dag_test_only',
2022-08-26 BST 16:23:29,936 - INFO - 	'AFAS_SCHEDULER': None,
2022-08-26 BST 16:23:29,936 - INFO - 	'MINIZINC_SOLVER': None,
2022-08-26 BST 16:23:29,936 - INFO - 	'f_LINEAR_LAYERS': (),
2022-08-26 BST 16:23:29,936 - INFO - 	'f_BIAS': False,
2022-08-26 BST 16:23:29,936 - INFO - 	'p_LAYER': None,
2022-08-26 BST 16:23:29,936 - INFO - 	'STREAMLINE': False,
2022-08-26 BST 16:23:29,936 - INFO - 	'THRESHOLD': 0.0,
2022-08-26 BST 16:23:29,936 - INFO - 	'h_LINEAR_LAYERS': (),
2022-08-26 BST 16:23:29,936 - INFO - 	'h_NULL': 0.00011373901985660933,
2022-08-26 BST 16:23:29,936 - INFO - 	'h_LR': 0.0016158450337500668,
2022-08-26 BST 16:23:29,937 - INFO - 	'h_OPTIMIZER': 'torch.optim.Adam(overall_net.h_net.parameters(), lr=h.h_LR)',
2022-08-26 BST 16:23:29,937 - INFO - 	'f_LR': 0.3720066380139224,
2022-08-26 BST 16:23:29,937 - INFO - 	'f_OPTIMIZER': 'torch.optim.Adam(overall_net.f_net.parameters(), lr=h.f_LR)',
2022-08-26 BST 16:23:29,937 - INFO - 	'NOISE_TEMPERATURE': 0.8785929148606203,
2022-08-26 BST 16:23:29,937 - INFO - 	'NOISE_DISTRIBUTION': 'LogisticNoiseDistribution()',
2022-08-26 BST 16:23:29,937 - INFO - 	'LAMBDA': 27.13959516077541,
2022-08-26 BST 16:23:29,937 - INFO - 	'LOSS_FN': 'torch.nn.MSELoss()',
2022-08-26 BST 16:23:29,937 - INFO - 	'ALPHA': None,
2022-08-26 BST 16:23:29,937 - INFO - 	'BETA': None,
2022-08-26 BST 16:23:29,937 - INFO - 	'REGULARIZER': None,
2022-08-26 BST 16:23:29,937 - INFO - 	'z_RHO': 0.157451211201,
2022-08-26 BST 16:23:29,937 - INFO - 	'z_MU': 0.00120806965197976,
2022-08-26 BST 16:23:29,937 - INFO - 	'z_REGULARIZER': 'NoTearsZRegularizer(h.D, h.z_RHO, h.z_MU, c.DEVICE)',
2022-08-26 BST 16:23:29,937 - INFO - 	'LR_SCHEDULER': None,
2022-08-26 BST 16:23:29,937 - INFO - 	'DATA_CATEGORY': 'big',
2022-08-26 BST 16:23:29,937 - INFO - 	'DAGS': '001'
2022-08-26 BST 16:23:29,937 - INFO - }

2022-08-26 BST 16:23:31,516 - INFO - 

DAG 0: size_true=66	X.var()=18.8704
2022-08-26 BST 17:16:28,747 - INFO -  epoch=1000      train_loss=   1.8181      val_loss=   1.6132      best=1      size=  65      nSHD_c=   0.8667      nSHD=   0.8667      tpr_c=   0.8000      change_adj_count=85      
2022-08-26 BST 17:16:28,772 - INFO - Last epoch results saved in big_imle_l_none.csv
2022-08-26 BST 17:16:28,773 - INFO - 

DAG 1: size_true=53	X.var()=19.9345
2022-08-26 BST 18:06:48,045 - INFO -  epoch=1000      train_loss=   1.5742      val_loss=   1.3346      best=1      size=  54      nSHD_c=   0.1667      nSHD=   0.1667      tpr_c=   0.9444      change_adj_count=73      
2022-08-26 BST 18:06:48,063 - INFO - Last epoch results saved in big_imle_l_none.csv
2022-08-26 BST 18:06:48,063 - INFO - 

DAG 2: size_true=67	X.var()=21.9358
2022-08-26 BST 18:59:09,336 - INFO -  epoch=1000      train_loss=   2.0499      val_loss=   1.4429      best=1      size=  71      nSHD_c=   0.7667      nSHD=   0.7667      tpr_c=   0.8028      change_adj_count=88      
2022-08-26 BST 18:59:09,352 - INFO - Last epoch results saved in big_imle_l_none.csv
2022-08-26 BST 18:59:09,353 - INFO - 

DAG 3: size_true=78	X.var()=35.5346
2022-08-26 BST 19:52:27,552 - INFO -  epoch=1000      train_loss=   2.9575      val_loss=   2.1949      best=1      size=  78      nSHD_c=   1.4333      nSHD=   1.4333      tpr_c=   0.7179      change_adj_count=90      
2022-08-26 BST 19:52:27,589 - INFO - Last epoch results saved in big_imle_l_none.csv
2022-08-26 BST 19:52:27,589 - INFO - 

DAG 4: size_true=53	X.var()=13.4426
2022-08-26 BST 20:40:57,983 - INFO -  epoch=1000      train_loss=   1.6416      val_loss=   1.4432      best=1      size=  46      nSHD_c=   0.4667      nSHD=   0.4333      tpr_c=   0.9130      change_adj_count=64      
2022-08-26 BST 20:40:58,008 - INFO - Last epoch results saved in big_imle_l_none.csv
2022-08-26 BST 20:40:58,009 - INFO - 

DAG 5: size_true=63	X.var()=180.3682
2022-08-26 BST 21:36:12,860 - INFO -  epoch=1000      train_loss=  18.0797      val_loss=  47.2323      best=1      size=  91      nSHD_c=   2.5333      nSHD=   2.5333      tpr_c=   0.4176      change_adj_count=126      
2022-08-26 BST 21:36:12,890 - INFO - Last epoch results saved in big_imle_l_none.csv
2022-08-26 BST 21:36:12,891 - INFO - 

DAG 6: size_true=70	X.var()=118.6565
2022-08-26 BST 22:29:54,478 - INFO -  epoch=1000      train_loss=  15.0497      val_loss=  18.3636      best=1      size=  75      nSHD_c=   1.5667      nSHD=   1.5333      tpr_c=   0.6400      change_adj_count=158      
2022-08-26 BST 22:29:54,495 - INFO - Last epoch results saved in big_imle_l_none.csv
2022-08-26 BST 22:29:54,495 - INFO - 

DAG 7: size_true=49	X.var()=36.6171
2022-08-26 BST 23:11:59,207 - INFO -  epoch=1000      train_loss=   2.6160      val_loss=   1.5011      best=1      size=  50      nSHD_c=   0.7667      nSHD=   0.7667      tpr_c=   0.7600      change_adj_count=79      
2022-08-26 BST 23:11:59,217 - INFO - Last epoch results saved in big_imle_l_none.csv
2022-08-26 BST 23:11:59,218 - INFO - 

DAG 8: size_true=63	X.var()=25.9242
2022-08-26 BST 23:50:57,052 - INFO -  epoch=1000      train_loss=   2.3214      val_loss=   1.8018      best=1      size=  62      nSHD_c=   0.9333      nSHD=   0.9333      tpr_c=   0.7581      change_adj_count=83      
2022-08-26 BST 23:50:57,058 - INFO - Last epoch results saved in big_imle_l_none.csv
2022-08-26 BST 23:50:57,060 - INFO - 

DAG 9: size_true=71	X.var()=115.4366
2022-08-27 BST 00:33:20,807 - INFO -  epoch=1000      train_loss=   7.2675      val_loss=   5.0575      best=1      size=  73      nSHD_c=   2.0667      nSHD=   2.0333      tpr_c=   0.5479      change_adj_count=117      
2022-08-27 BST 00:33:20,812 - INFO - Last epoch results saved in big_imle_l_none.csv
2022-08-27 BST 00:33:20,813 - INFO - 

DAG 10: size_true=56	X.var()=20.5386
2022-08-27 BST 01:13:47,051 - INFO -  epoch=1000      train_loss=   2.0833      val_loss=   1.3968      best=1      size=  53      nSHD_c=   0.6000      nSHD=   0.6000      tpr_c=   0.8491      change_adj_count=80      
2022-08-27 BST 01:13:47,056 - INFO - Last epoch results saved in big_imle_l_none.csv
2022-08-27 BST 01:13:47,057 - INFO - 

DAG 11: size_true=49	X.var()=100.8829
2022-08-27 BST 01:54:29,272 - INFO -  epoch=1000      train_loss=   3.9057      val_loss=   1.8956      best=1      size=  58      nSHD_c=   0.8667      nSHD=   0.8333      tpr_c=   0.6897      change_adj_count=112      
2022-08-27 BST 01:54:29,277 - INFO - Last epoch results saved in big_imle_l_none.csv
2022-08-27 BST 01:54:29,278 - INFO - 

DAG 12: size_true=64	X.var()=57.5785
2022-08-27 BST 02:35:20,611 - INFO -  epoch=1000      train_loss=   4.3112      val_loss=   2.7718      best=1      size=  64      nSHD_c=   1.5000      nSHD=   1.5000      tpr_c=   0.6406      change_adj_count=108      
2022-08-27 BST 02:35:20,617 - INFO - Last epoch results saved in big_imle_l_none.csv
2022-08-27 BST 02:35:20,617 - INFO - 

DAG 13: size_true=52	X.var()=99.1645
2022-08-27 BST 03:16:17,705 - INFO -  epoch=1000      train_loss=   8.7979      val_loss=   8.8636      best=1      size=  69      nSHD_c=   1.3667      nSHD=   1.3667      tpr_c=   0.5652      change_adj_count=103      
2022-08-27 BST 03:16:17,718 - INFO - Last epoch results saved in big_imle_l_none.csv
2022-08-27 BST 03:16:17,719 - INFO - 

DAG 14: size_true=66	X.var()=49.0802
2022-08-27 BST 03:58:09,843 - INFO -  epoch=1000      train_loss=   3.4187      val_loss=   2.3165      best=1      size=  70      nSHD_c=   0.9333      nSHD=   0.9333      tpr_c=   0.7714      change_adj_count=92      
2022-08-27 BST 03:58:09,848 - INFO - Last epoch results saved in big_imle_l_none.csv
2022-08-27 BST 03:58:09,849 - INFO - 

DAG 15: size_true=60	X.var()=23.7142
2022-08-27 BST 04:38:21,582 - INFO -  epoch=1000      train_loss=   2.0904      val_loss=   2.9860      best=1      size=  55      nSHD_c=   0.8667      nSHD=   0.8333      tpr_c=   0.7818      change_adj_count=73      
2022-08-27 BST 04:38:21,589 - INFO - Last epoch results saved in big_imle_l_none.csv
2022-08-27 BST 04:38:21,590 - INFO - 

DAG 16: size_true=59	X.var()=48.0821
2022-08-27 BST 05:19:17,177 - INFO -  epoch=1000      train_loss=   2.9289      val_loss=   3.7157      best=1      size=  53      nSHD_c=   1.8000      nSHD=   1.7667      tpr_c=   0.5094      change_adj_count=76      
2022-08-27 BST 05:19:17,184 - INFO - Last epoch results saved in big_imle_l_none.csv
2022-08-27 BST 05:19:17,185 - INFO - 

DAG 17: size_true=56	X.var()=21.2327
2022-08-27 BST 05:57:07,666 - INFO -  epoch=1000      train_loss=   1.7187      val_loss=   1.3574      best=1      size=  52      nSHD_c=   0.3333      nSHD=   0.3333      tpr_c=   0.9423      change_adj_count=70      
2022-08-27 BST 05:57:07,673 - INFO - Last epoch results saved in big_imle_l_none.csv
2022-08-27 BST 05:57:07,673 - INFO - 

DAG 18: size_true=65	X.var()=39.3664
2022-08-27 BST 06:36:51,407 - INFO -  epoch=1000      train_loss=   3.0797      val_loss=   1.9431      best=1      size=  61      nSHD_c=   0.8333      nSHD=   0.8333      tpr_c=   0.8197      change_adj_count=92      
2022-08-27 BST 06:36:51,432 - INFO - Last epoch results saved in big_imle_l_none.csv
2022-08-27 BST 06:36:51,433 - INFO - 

DAG 19: size_true=70	X.var()=61.6613
2022-08-27 BST 07:18:03,194 - INFO -  epoch=1000      train_loss=   3.3104      val_loss=   1.8805      best=1      size=  72      nSHD_c=   1.4667      nSHD=   1.4667      tpr_c=   0.6667      change_adj_count=102      
2022-08-27 BST 07:18:03,200 - INFO - Last epoch results saved in big_imle_l_none.csv
2022-08-27 BST 07:18:03,200 - INFO - 

DAG 20: size_true=70	X.var()=222.7591
2022-08-27 BST 08:00:45,543 - INFO -  epoch=1000      train_loss=  21.0402      val_loss=  19.0955      best=1      size= 107      nSHD_c=   2.4667      nSHD=   2.4000      tpr_c=   0.4673      change_adj_count=205      
2022-08-27 BST 08:00:45,549 - INFO - Last epoch results saved in big_imle_l_none.csv
2022-08-27 BST 08:00:45,549 - INFO - 

DAG 21: size_true=50	X.var()=21.3764
2022-08-27 BST 08:39:31,221 - INFO -  epoch=1000      train_loss=   1.7365      val_loss=   1.2658      best=1      size=  51      nSHD_c=   0.4667      nSHD=   0.5000      tpr_c=   0.8431      change_adj_count=74      
2022-08-27 BST 08:39:31,226 - INFO - Last epoch results saved in big_imle_l_none.csv
2022-08-27 BST 08:39:31,226 - INFO - 

DAG 22: size_true=52	X.var()=20.2316
2022-08-27 BST 09:17:43,014 - INFO -  epoch=1000      train_loss=   1.5758      val_loss=   1.4765      best=1      size=  50      nSHD_c=   0.6333      nSHD=   0.6333      tpr_c=   0.8200      change_adj_count=68      
2022-08-27 BST 09:17:43,020 - INFO - Last epoch results saved in big_imle_l_none.csv
2022-08-27 BST 09:17:43,021 - INFO - 

DAG 23: size_true=53	X.var()=27.6228
2022-08-27 BST 09:55:44,508 - INFO -  epoch=1000      train_loss=   2.0680      val_loss=   4.8601      best=1      size=  49      nSHD_c=   0.8667      nSHD=   0.8000      tpr_c=   0.7551      change_adj_count=72      
2022-08-27 BST 09:55:44,517 - INFO - Last epoch results saved in big_imle_l_none.csv
2022-08-27 BST 09:55:44,518 - INFO - 
last_mean_nshd_c=1.1069
2022-08-27 BST 09:55:44,519 - INFO - 
Time taken 17:32:15 (h:mm:ss)
2022-08-27 BST 09:55:44,519 - INFO - 
End of log for run 2022-08-26_BST_16:23:29,863_big_imle_l_none_002
