2022-08-26 BST 22:02:47,563 - INFO - 
Log for run 2022-08-26_BST_22:02:47,414_big_imle_l_none_009

2022-08-26 BST 22:02:47,563 - INFO - COMMENT = 'Test best MAX_SIZE=None Gumbel values with Logistic'
2022-08-26 BST 22:02:47,563 - INFO - DATA_FOLDER = '../data'
2022-08-26 BST 22:02:47,563 - INFO - LATENTS_FOLDER = '../latents'
2022-08-26 BST 22:02:47,563 - INFO - LOGS_FOLDER = '../logs'
2022-08-26 BST 22:02:47,563 - INFO - MODEL_FOLDER = '../models'
2022-08-26 BST 22:02:47,563 - INFO - RESULTS_FOLDER = '../results'
2022-08-26 BST 22:02:47,563 - INFO - DEVICE = torch.device("cuda" if torch.cuda.is_available() else "cpu")  # Used: "cuda"
2022-08-26 BST 22:02:47,563 - INFO - LATENTS = False
2022-08-26 BST 22:02:47,563 - INFO - MATRIX_REPORT = False
2022-08-26 BST 22:02:47,563 - INFO - LABEL = True
2022-08-26 BST 22:02:47,563 - INFO - SAVE_TO_ODS = False
2022-08-26 BST 22:02:47,563 - INFO - VAL_LOSS_FROM_DAG = True
2022-08-26 BST 22:02:47,563 - INFO - WANDB = False
2022-08-26 BST 22:02:47,563 - INFO - WANDB_PROJECT = 'Thetas'
2022-08-26 BST 22:02:47,563 - INFO - GRAD_LOG = False
2022-08-26 BST 22:02:47,563 - INFO - N_TRIALS = 1
2022-08-26 BST 22:02:47,563 - INFO - LOAD_OPTUNA_STUDY = None
2022-08-26 BST 22:02:47,563 - INFO - OPTUNA_STRINGS = {'None': None, 'True': True, 'False': False}
2022-08-26 BST 22:02:47,563 - INFO - TQDM = False
2022-08-26 BST 22:02:47,563 - INFO - 
hyperparameters = {
2022-08-26 BST 22:02:47,564 - INFO - 	'GRAPH_TYPE': 'ER2',
2022-08-26 BST 22:02:47,564 - INFO - 	'D': 30,
2022-08-26 BST 22:02:47,564 - INFO - 	'MAX_SIZE': None,
2022-08-26 BST 22:02:47,564 - INFO - 	'SEM_NOISE': 'gaussian_ev',
2022-08-26 BST 22:02:47,564 - INFO - 	'N': 1200,
2022-08-26 BST 22:02:47,564 - INFO - 	'VAL': 0.16666666666666666,
2022-08-26 BST 22:02:47,564 - INFO - 	'N_EPOCHS': 1000,
2022-08-26 BST 22:02:47,564 - INFO - 	'BATCH_SIZE': None,
2022-08-26 BST 22:02:47,564 - INFO - 	'LOG2_BATCH_SIZE': 3,
2022-08-26 BST 22:02:47,564 - INFO - 	'BATCH_SHUFFLE': True,
2022-08-26 BST 22:02:47,564 - INFO - 	'N_SAMPLES': 47,
2022-08-26 BST 22:02:47,564 - INFO - 	'MODE': 'max_dag_test_only',
2022-08-26 BST 22:02:47,564 - INFO - 	'AFAS_SCHEDULER': None,
2022-08-26 BST 22:02:47,564 - INFO - 	'MINIZINC_SOLVER': None,
2022-08-26 BST 22:02:47,564 - INFO - 	'f_LINEAR_LAYERS': (),
2022-08-26 BST 22:02:47,564 - INFO - 	'f_BIAS': False,
2022-08-26 BST 22:02:47,564 - INFO - 	'p_LAYER': None,
2022-08-26 BST 22:02:47,564 - INFO - 	'STREAMLINE': False,
2022-08-26 BST 22:02:47,564 - INFO - 	'THRESHOLD': 0.0,
2022-08-26 BST 22:02:47,564 - INFO - 	'h_LINEAR_LAYERS': (),
2022-08-26 BST 22:02:47,564 - INFO - 	'h_NULL': 0.00011373901985660933,
2022-08-26 BST 22:02:47,564 - INFO - 	'h_LR': 0.0016158450337500668,
2022-08-26 BST 22:02:47,564 - INFO - 	'h_OPTIMIZER': 'torch.optim.Adam(overall_net.h_net.parameters(), lr=h.h_LR)',
2022-08-26 BST 22:02:47,564 - INFO - 	'f_LR': 0.3720066380139224,
2022-08-26 BST 22:02:47,564 - INFO - 	'f_OPTIMIZER': 'torch.optim.Adam(overall_net.f_net.parameters(), lr=h.f_LR)',
2022-08-26 BST 22:02:47,564 - INFO - 	'NOISE_TEMPERATURE': 0.8785929148606203,
2022-08-26 BST 22:02:47,564 - INFO - 	'NOISE_DISTRIBUTION': 'LogisticNoiseDistribution()',
2022-08-26 BST 22:02:47,564 - INFO - 	'LAMBDA': 27.13959516077541,
2022-08-26 BST 22:02:47,564 - INFO - 	'LOSS_FN': 'torch.nn.MSELoss()',
2022-08-26 BST 22:02:47,564 - INFO - 	'ALPHA': None,
2022-08-26 BST 22:02:47,564 - INFO - 	'BETA': None,
2022-08-26 BST 22:02:47,564 - INFO - 	'REGULARIZER': None,
2022-08-26 BST 22:02:47,565 - INFO - 	'z_RHO': 0.157451211201,
2022-08-26 BST 22:02:47,565 - INFO - 	'z_MU': 0.00120806965197976,
2022-08-26 BST 22:02:47,565 - INFO - 	'z_REGULARIZER': 'NoTearsZRegularizer(h.D, h.z_RHO, h.z_MU, c.DEVICE)',
2022-08-26 BST 22:02:47,565 - INFO - 	'LR_SCHEDULER': None,
2022-08-26 BST 22:02:47,565 - INFO - 	'DATA_CATEGORY': 'big',
2022-08-26 BST 22:02:47,565 - INFO - 	'DAGS': '008'
2022-08-26 BST 22:02:47,565 - INFO - }

2022-08-26 BST 22:02:49,985 - INFO - 

DAG 0: size_true=55	X.var()=16.6920
2022-08-26 BST 22:50:00,591 - INFO -  epoch=1000      train_loss=   1.7783      val_loss=   1.4671      best=1      size=  54      nSHD_c=   0.5667      nSHD=   0.5667      tpr_c=   0.8519      change_adj_count=82      
2022-08-26 BST 22:50:00,601 - INFO - Last epoch results saved in big_imle_l_none.csv
2022-08-26 BST 22:50:00,602 - INFO - 

DAG 1: size_true=57	X.var()=47.1894
2022-08-26 BST 23:31:40,362 - INFO -  epoch=1000      train_loss=   4.1181      val_loss=   2.0490      best=1      size=  64      nSHD_c=   0.7000      nSHD=   0.7000      tpr_c=   0.7812      change_adj_count=112      
2022-08-26 BST 23:31:40,372 - INFO - Last epoch results saved in big_imle_l_none.csv
2022-08-26 BST 23:31:40,373 - INFO - 

DAG 2: size_true=51	X.var()=20.5134
2022-08-27 BST 00:10:43,675 - INFO -  epoch=1000      train_loss=   2.0851      val_loss=   2.8686      best=1      size=  48      nSHD_c=   0.9667      nSHD=   0.9667      tpr_c=   0.7083      change_adj_count=82      
2022-08-27 BST 00:10:43,684 - INFO - Last epoch results saved in big_imle_l_none.csv
2022-08-27 BST 00:10:43,685 - INFO - 

DAG 3: size_true=67	X.var()=178.7649
2022-08-27 BST 00:53:36,669 - INFO -  epoch=1000      train_loss=  19.0397      val_loss=  32.6991      best=1      size=  87      nSHD_c=   2.0667      nSHD=   2.0667      tpr_c=   0.5172      change_adj_count=101      
2022-08-27 BST 00:53:36,676 - INFO - Last epoch results saved in big_imle_l_none.csv
2022-08-27 BST 00:53:36,678 - INFO - 

DAG 4: size_true=66	X.var()=79.5338
2022-08-27 BST 01:35:35,616 - INFO -  epoch=1000      train_loss=   7.2591      val_loss=   6.0967      best=1      size=  60      nSHD_c=   1.7667      nSHD=   1.7667      tpr_c=   0.6000      change_adj_count=104      
2022-08-27 BST 01:35:35,622 - INFO - Last epoch results saved in big_imle_l_none.csv
2022-08-27 BST 01:35:35,623 - INFO - 

DAG 5: size_true=66	X.var()=108.0574
2022-08-27 BST 02:18:37,935 - INFO -  epoch=1000      train_loss=   9.6647      val_loss=  35.3847      best=1      size=  84      nSHD_c=   1.8000      nSHD=   1.8000      tpr_c=   0.5714      change_adj_count=126      
2022-08-27 BST 02:18:37,951 - INFO - Last epoch results saved in big_imle_l_none.csv
2022-08-27 BST 02:18:37,952 - INFO - 

DAG 6: size_true=49	X.var()=21.0227
2022-08-27 BST 02:56:34,012 - INFO -  epoch=1000      train_loss=   1.6928      val_loss=   1.4801      best=1      size=  47      nSHD_c=   0.5000      nSHD=   0.5000      tpr_c=   0.8511      change_adj_count=69      
2022-08-27 BST 02:56:34,018 - INFO - Last epoch results saved in big_imle_l_none.csv
2022-08-27 BST 02:56:34,019 - INFO - 

DAG 7: size_true=59	X.var()=36.6638
2022-08-27 BST 03:35:52,278 - INFO -  epoch=1000      train_loss=   2.8388      val_loss=   2.2638      best=1      size=  60      nSHD_c=   1.1333      nSHD=   1.1333      tpr_c=   0.6833      change_adj_count=84      
2022-08-27 BST 03:35:52,288 - INFO - Last epoch results saved in big_imle_l_none.csv
2022-08-27 BST 03:35:52,289 - INFO - 

DAG 8: size_true=57	X.var()=12.5241
2022-08-27 BST 04:13:31,801 - INFO -  epoch=1000      train_loss=   1.4770      val_loss=   1.3414      best=1      size=  53      nSHD_c=   0.3333      nSHD=   0.3333      tpr_c=   0.9434      change_adj_count=73      
2022-08-27 BST 04:13:31,808 - INFO - Last epoch results saved in big_imle_l_none.csv
2022-08-27 BST 04:13:31,810 - INFO - 

DAG 9: size_true=65	X.var()=17.3109
2022-08-27 BST 04:52:45,709 - INFO -  epoch=1000      train_loss=   1.8181      val_loss=   1.5342      best=1      size=  62      nSHD_c=   0.8667      nSHD=   0.8667      tpr_c=   0.8065      change_adj_count=85      
2022-08-27 BST 04:52:45,714 - INFO - Last epoch results saved in big_imle_l_none.csv
2022-08-27 BST 04:52:45,715 - INFO - 

DAG 10: size_true=57	X.var()=22.0725
2022-08-27 BST 05:31:56,053 - INFO -  epoch=1000      train_loss=   1.8244      val_loss=   1.5277      best=1      size=  54      nSHD_c=   0.5000      nSHD=   0.5000      tpr_c=   0.8889      change_adj_count=80      
2022-08-27 BST 05:31:56,058 - INFO - Last epoch results saved in big_imle_l_none.csv
2022-08-27 BST 05:31:56,059 - INFO - 

DAG 11: size_true=70	X.var()=89.9252
2022-08-27 BST 06:13:04,878 - INFO -  epoch=1000      train_loss=   5.0905      val_loss=   2.1847      best=1      size=  78      nSHD_c=   1.9667      nSHD=   1.9667      tpr_c=   0.5513      change_adj_count=111      
2022-08-27 BST 06:13:04,883 - INFO - Last epoch results saved in big_imle_l_none.csv
2022-08-27 BST 06:13:04,884 - INFO - 

DAG 12: size_true=77	X.var()=102.5381
2022-08-27 BST 06:54:45,408 - INFO -  epoch=1000      train_loss=   8.2530      val_loss=  16.9400      best=1      size=  81      nSHD_c=   1.9667      nSHD=   1.9667      tpr_c=   0.5926      change_adj_count=152      
2022-08-27 BST 06:54:45,414 - INFO - Last epoch results saved in big_imle_l_none.csv
2022-08-27 BST 06:54:45,414 - INFO - 

DAG 13: size_true=51	X.var()=33.5042
2022-08-27 BST 07:33:08,580 - INFO -  epoch=1000      train_loss=   1.9110      val_loss=   4.6680      best=1      size=  49      nSHD_c=   0.6000      nSHD=   0.6000      tpr_c=   0.8163      change_adj_count=77      
2022-08-27 BST 07:33:08,590 - INFO - Last epoch results saved in big_imle_l_none.csv
2022-08-27 BST 07:33:08,591 - INFO - 

DAG 14: size_true=58	X.var()=36.8608
2022-08-27 BST 08:13:01,913 - INFO -  epoch=1000      train_loss=   1.9674      val_loss=   6.1370      best=1      size=  57      nSHD_c=   0.7000      nSHD=   0.6667      tpr_c=   0.7895      change_adj_count=81      
2022-08-27 BST 08:13:01,924 - INFO - Last epoch results saved in big_imle_l_none.csv
2022-08-27 BST 08:13:01,926 - INFO - 

DAG 15: size_true=52	X.var()=32.2092
2022-08-27 BST 08:51:50,013 - INFO -  epoch=1000      train_loss=   2.3262      val_loss=   2.3644      best=1      size=  46      nSHD_c=   0.8333      nSHD=   0.7333      tpr_c=   0.7609      change_adj_count=81      
2022-08-27 BST 08:51:50,022 - INFO - Last epoch results saved in big_imle_l_none.csv
2022-08-27 BST 08:51:50,023 - INFO - 

DAG 16: size_true=65	X.var()=47.2769
2022-08-27 BST 09:31:57,495 - INFO -  epoch=1000      train_loss=   3.4314      val_loss=   2.7582      best=1      size=  66      nSHD_c=   0.9333      nSHD=   0.9333      tpr_c=   0.7727      change_adj_count=102      
2022-08-27 BST 09:31:57,505 - INFO - Last epoch results saved in big_imle_l_none.csv
2022-08-27 BST 09:31:57,506 - INFO - 

DAG 17: size_true=55	X.var()=60.1776
2022-08-27 BST 10:12:30,679 - INFO -  epoch=1000      train_loss=   3.2929      val_loss=   1.4346      best=1      size=  59      nSHD_c=   0.8667      nSHD=   0.8667      tpr_c=   0.7288      change_adj_count=89      
2022-08-27 BST 10:12:30,684 - INFO - Last epoch results saved in big_imle_l_none.csv
2022-08-27 BST 10:12:30,685 - INFO - 

DAG 18: size_true=51	X.var()=12.0252
2022-08-27 BST 10:51:01,344 - INFO -  epoch=1000      train_loss=   1.3296      val_loss=   2.1564      best=1      size=  46      nSHD_c=   0.4667      nSHD=   0.4667      tpr_c=   0.8913      change_adj_count=67      
2022-08-27 BST 10:51:01,359 - INFO - Last epoch results saved in big_imle_l_none.csv
2022-08-27 BST 10:51:01,360 - INFO - 

DAG 19: size_true=59	X.var()=37.9339
2022-08-27 BST 11:29:43,125 - INFO -  epoch=1000      train_loss=   2.3317      val_loss=   1.5741      best=1      size=  57      nSHD_c=   0.7333      nSHD=   0.7000      tpr_c=   0.8070      change_adj_count=84      
2022-08-27 BST 11:29:43,131 - INFO - Last epoch results saved in big_imle_l_none.csv
2022-08-27 BST 11:29:43,132 - INFO - 

DAG 20: size_true=63	X.var()=44.8391
2022-08-27 BST 12:08:29,460 - INFO -  epoch=1000      train_loss=   2.2462      val_loss=   1.4868      best=1      size=  60      nSHD_c=   0.6333      nSHD=   0.6333      tpr_c=   0.8667      change_adj_count=82      
2022-08-27 BST 12:08:29,466 - INFO - Last epoch results saved in big_imle_l_none.csv
2022-08-27 BST 12:08:29,467 - INFO - 

DAG 21: size_true=63	X.var()=38.0938
2022-08-27 BST 12:49:54,990 - INFO -  epoch=1000      train_loss=   2.7911      val_loss=   6.0129      best=1      size=  59      nSHD_c=   1.2000      nSHD=   1.2000      tpr_c=   0.7119      change_adj_count=87      
2022-08-27 BST 12:49:54,995 - INFO - Last epoch results saved in big_imle_l_none.csv
2022-08-27 BST 12:49:54,996 - INFO - 

DAG 22: size_true=65	X.var()=66.3658
2022-08-27 BST 13:32:09,413 - INFO -  epoch=1000      train_loss=   5.0640      val_loss=   3.5650      best=1      size=  67      nSHD_c=   1.2667      nSHD=   1.2667      tpr_c=   0.6866      change_adj_count=152      
2022-08-27 BST 13:32:09,427 - INFO - Last epoch results saved in big_imle_l_none.csv
2022-08-27 BST 13:32:09,428 - INFO - 

DAG 23: size_true=60	X.var()=73.3472
2022-08-27 BST 14:14:20,364 - INFO -  epoch=1000      train_loss=   4.0037      val_loss=   2.1888      best=1      size=  60      nSHD_c=   1.7333      nSHD=   1.7000      tpr_c=   0.5500      change_adj_count=111      
2022-08-27 BST 14:14:20,370 - INFO - Last epoch results saved in big_imle_l_none.csv
2022-08-27 BST 14:14:20,370 - INFO - 
last_mean_nshd_c=1.0458
2022-08-27 BST 14:14:20,370 - INFO - 
Time taken 16:11:33 (h:mm:ss)
2022-08-27 BST 14:14:20,370 - INFO - 
End of log for run 2022-08-26_BST_22:02:47,414_big_imle_l_none_009
