2022-08-27 BST 18:19:20,641 - INFO - 
Log for run 2022-08-27_BST_18:19:20,569_big_imle_l_none_007

2022-08-27 BST 18:19:20,641 - INFO - COMMENT = 'Test best MAX_SIZE=None Gumbel values with Logistic'
2022-08-27 BST 18:19:20,641 - INFO - DATA_FOLDER = '../data'
2022-08-27 BST 18:19:20,641 - INFO - LATENTS_FOLDER = '../latents'
2022-08-27 BST 18:19:20,641 - INFO - LOGS_FOLDER = '../logs'
2022-08-27 BST 18:19:20,641 - INFO - MODEL_FOLDER = '../models'
2022-08-27 BST 18:19:20,641 - INFO - RESULTS_FOLDER = '../results'
2022-08-27 BST 18:19:20,641 - INFO - DEVICE = torch.device("cuda" if torch.cuda.is_available() else "cpu")  # Used: "cuda"
2022-08-27 BST 18:19:20,642 - INFO - LATENTS = False
2022-08-27 BST 18:19:20,642 - INFO - MATRIX_REPORT = False
2022-08-27 BST 18:19:20,642 - INFO - LABEL = True
2022-08-27 BST 18:19:20,642 - INFO - SAVE_TO_ODS = False
2022-08-27 BST 18:19:20,642 - INFO - VAL_LOSS_FROM_DAG = True
2022-08-27 BST 18:19:20,642 - INFO - WANDB = False
2022-08-27 BST 18:19:20,642 - INFO - WANDB_PROJECT = 'Thetas'
2022-08-27 BST 18:19:20,642 - INFO - GRAD_LOG = False
2022-08-27 BST 18:19:20,642 - INFO - SAVE_RESULTS = False
2022-08-27 BST 18:19:20,642 - INFO - N_TRIALS = 1
2022-08-27 BST 18:19:20,642 - INFO - LOAD_OPTUNA_STUDY = None
2022-08-27 BST 18:19:20,642 - INFO - OPTUNA_STRINGS = {'None': None, 'True': True, 'False': False}
2022-08-27 BST 18:19:20,642 - INFO - TQDM = False
2022-08-27 BST 18:19:20,642 - INFO - 
hyperparameters = {
2022-08-27 BST 18:19:20,642 - INFO - 	'GRAPH_TYPE': 'ER2',
2022-08-27 BST 18:19:20,642 - INFO - 	'D': 30,
2022-08-27 BST 18:19:20,643 - INFO - 	'MAX_SIZE': None,
2022-08-27 BST 18:19:20,643 - INFO - 	'SEM_NOISE': 'gaussian_ev',
2022-08-27 BST 18:19:20,643 - INFO - 	'N': 1200,
2022-08-27 BST 18:19:20,643 - INFO - 	'VAL': 0.16666666666666666,
2022-08-27 BST 18:19:20,643 - INFO - 	'N_EPOCHS': 1000,
2022-08-27 BST 18:19:20,643 - INFO - 	'BATCH_SIZE': None,
2022-08-27 BST 18:19:20,643 - INFO - 	'LOG2_BATCH_SIZE': 3,
2022-08-27 BST 18:19:20,643 - INFO - 	'BATCH_SHUFFLE': True,
2022-08-27 BST 18:19:20,643 - INFO - 	'N_SAMPLES': 47,
2022-08-27 BST 18:19:20,643 - INFO - 	'MODE': 'max_dag_test_only',
2022-08-27 BST 18:19:20,643 - INFO - 	'AFAS_SCHEDULER': None,
2022-08-27 BST 18:19:20,643 - INFO - 	'MINIZINC_SOLVER': None,
2022-08-27 BST 18:19:20,643 - INFO - 	'f_LINEAR_LAYERS': (),
2022-08-27 BST 18:19:20,643 - INFO - 	'f_BIAS': False,
2022-08-27 BST 18:19:20,643 - INFO - 	'p_LAYER': None,
2022-08-27 BST 18:19:20,643 - INFO - 	'STREAMLINE': False,
2022-08-27 BST 18:19:20,644 - INFO - 	'THRESHOLD': 0.0,
2022-08-27 BST 18:19:20,644 - INFO - 	'h_LINEAR_LAYERS': (),
2022-08-27 BST 18:19:20,644 - INFO - 	'h_NULL': 0.00011373901985660933,
2022-08-27 BST 18:19:20,644 - INFO - 	'h_LR': 0.0016158450337500668,
2022-08-27 BST 18:19:20,644 - INFO - 	'h_OPTIMIZER': 'torch.optim.Adam(overall_net.h_net.parameters(), lr=h.h_LR)',
2022-08-27 BST 18:19:20,644 - INFO - 	'f_LR': 0.3720066380139224,
2022-08-27 BST 18:19:20,644 - INFO - 	'f_OPTIMIZER': 'torch.optim.Adam(overall_net.f_net.parameters(), lr=h.f_LR)',
2022-08-27 BST 18:19:20,644 - INFO - 	'NOISE_TEMPERATURE': 0.8785929148606203,
2022-08-27 BST 18:19:20,644 - INFO - 	'NOISE_DISTRIBUTION': 'LogisticNoiseDistribution()',
2022-08-27 BST 18:19:20,644 - INFO - 	'LAMBDA': 27.13959516077541,
2022-08-27 BST 18:19:20,644 - INFO - 	'LOSS_FN': 'torch.nn.MSELoss()',
2022-08-27 BST 18:19:20,644 - INFO - 	'ALPHA': None,
2022-08-27 BST 18:19:20,644 - INFO - 	'BETA': None,
2022-08-27 BST 18:19:20,644 - INFO - 	'REGULARIZER': None,
2022-08-27 BST 18:19:20,644 - INFO - 	'z_RHO': 0.157451211201,
2022-08-27 BST 18:19:20,644 - INFO - 	'z_MU': 0.00120806965197976,
2022-08-27 BST 18:19:20,644 - INFO - 	'z_REGULARIZER': 'NoTearsZRegularizer(h.D, h.z_RHO, h.z_MU, c.DEVICE)',
2022-08-27 BST 18:19:20,645 - INFO - 	'LR_SCHEDULER': None,
2022-08-27 BST 18:19:20,645 - INFO - 	'DATA_CATEGORY': 'big',
2022-08-27 BST 18:19:20,645 - INFO - 	'DAGS': '006'
2022-08-27 BST 18:19:20,645 - INFO - }

2022-08-27 BST 18:19:26,122 - INFO - 

DAG 0: size_true=62	X.var()=368.9227
2022-08-27 BST 19:31:06,591 - INFO -  epoch=1000      train_loss=  48.5962      val_loss=  53.1971      best=1      size= 121      nSHD_c=   4.1667      nSHD=   4.1667      tpr_c=   0.2314      change_adj_count=485      
2022-08-27 BST 19:31:06,592 - INFO - 

DAG 1: size_true=69	X.var()=38.0069
2022-08-27 BST 20:42:54,805 - INFO -  epoch=1000      train_loss=   1.9943      val_loss=   1.5067      best=1      size=  66      nSHD_c=   0.3667      nSHD=   0.3667      tpr_c=   0.9394      change_adj_count=83      
2022-08-27 BST 20:42:54,806 - INFO - 

DAG 2: size_true=60	X.var()=17.7925
2022-08-27 BST 21:54:10,835 - INFO -  epoch=1000      train_loss=   1.7501      val_loss=   1.4622      best=1      size=  54      nSHD_c=   0.8000      nSHD=   0.8000      tpr_c=   0.8333      change_adj_count=80      
2022-08-27 BST 21:54:10,836 - INFO - 

DAG 3: size_true=58	X.var()=21.1439
2022-08-27 BST 23:06:08,086 - INFO -  epoch=1000      train_loss=   1.8600      val_loss=   1.4936      best=1      size=  56      nSHD_c=   0.7667      nSHD=   0.7667      tpr_c=   0.8036      change_adj_count=78      
2022-08-27 BST 23:06:08,088 - INFO - 

DAG 4: size_true=65	X.var()=38.0292
2022-08-28 BST 00:18:04,911 - INFO -  epoch=1000      train_loss=   2.7543      val_loss=   1.8497      best=1      size=  69      nSHD_c=   1.6667      nSHD=   1.6667      tpr_c=   0.5942      change_adj_count=84      
2022-08-28 BST 00:18:04,912 - INFO - 

DAG 5: size_true=64	X.var()=51.0068
2022-08-28 BST 01:29:30,748 - INFO -  epoch=1000      train_loss=   2.7691      val_loss=   1.7853      best=1      size=  67      nSHD_c=   0.9333      nSHD=   0.8667      tpr_c=   0.7463      change_adj_count=92      
2022-08-28 BST 01:29:30,750 - INFO - 

DAG 6: size_true=57	X.var()=29.7290
2022-08-28 BST 02:44:09,279 - INFO -  epoch=1000      train_loss=   1.8641      val_loss=   1.3454      best=1      size=  55      nSHD_c=   0.4000      nSHD=   0.4000      tpr_c=   0.9091      change_adj_count=79      
2022-08-28 BST 02:44:09,280 - INFO - 

DAG 7: size_true=68	X.var()=55.3464
2022-08-28 BST 03:59:13,751 - INFO -  epoch=1000      train_loss=   2.8894      val_loss=   1.8681      best=1      size=  65      nSHD_c=   0.8333      nSHD=   0.8000      tpr_c=   0.8154      change_adj_count=83      
2022-08-28 BST 03:59:13,752 - INFO - 

DAG 8: size_true=59	X.var()=103.6246
2022-08-28 BST 05:11:56,489 - INFO -  epoch=1000      train_loss=   5.2745      val_loss=   2.6489      best=1      size=  71      nSHD_c=   1.3333      nSHD=   1.3333      tpr_c=   0.6338      change_adj_count=131      
2022-08-28 BST 05:11:56,491 - INFO - 

DAG 9: size_true=71	X.var()=315.9312
2022-08-28 BST 06:26:27,873 - INFO -  epoch=1000      train_loss=  31.9622      val_loss=  75.3771      best=1      size= 119      nSHD_c=   3.4333      nSHD=   3.4333      tpr_c=   0.3613      change_adj_count=423      
2022-08-28 BST 06:26:27,874 - INFO - 

DAG 10: size_true=56	X.var()=22.0931
2022-08-28 BST 07:39:07,138 - INFO -  epoch=1000      train_loss=   1.5800      val_loss=   1.6124      best=1      size=  56      nSHD_c=   0.2667      nSHD=   0.2667      tpr_c=   0.9286      change_adj_count=73      
2022-08-28 BST 07:39:07,139 - INFO - 

DAG 11: size_true=54	X.var()=16.3164
2022-08-28 BST 08:52:38,225 - INFO -  epoch=1000      train_loss=   1.8889      val_loss=   1.5759      best=1      size=  52      nSHD_c=   0.7000      nSHD=   0.7000      tpr_c=   0.8077      change_adj_count=92      
2022-08-28 BST 08:52:38,227 - INFO - 

DAG 12: size_true=71	X.var()=19.2377
2022-08-28 BST 10:06:03,347 - INFO -  epoch=1000      train_loss=   1.9831      val_loss=   1.8025      best=1      size=  72      nSHD_c=   0.8333      nSHD=   0.8333      tpr_c=   0.8194      change_adj_count=94      
2022-08-28 BST 10:06:03,348 - INFO - 

DAG 13: size_true=53	X.var()=55.7532
2022-08-28 BST 11:19:38,920 - INFO -  epoch=1000      train_loss=   2.7343      val_loss=   2.0173      best=1      size=  54      nSHD_c=   0.7333      nSHD=   0.7333      tpr_c=   0.7778      change_adj_count=78      
2022-08-28 BST 11:19:38,922 - INFO - 

DAG 14: size_true=69	X.var()=47.8332
2022-08-28 BST 12:34:00,282 - INFO -  epoch=1000      train_loss=   2.8859      val_loss=   5.5051      best=1      size=  72      nSHD_c=   1.4000      nSHD=   1.4333      tpr_c=   0.6667      change_adj_count=107      
2022-08-28 BST 12:34:00,283 - INFO - 

DAG 15: size_true=60	X.var()=15.3445
2022-08-28 BST 13:45:43,673 - INFO -  epoch=1000      train_loss=   1.9186      val_loss=   1.6431      best=1      size=  54      nSHD_c=   0.7333      nSHD=   0.7000      tpr_c=   0.8333      change_adj_count=79      
2022-08-28 BST 13:45:43,674 - INFO - 

DAG 16: size_true=57	X.var()=17.3689
2022-08-28 BST 14:58:57,902 - INFO -  epoch=1000      train_loss=   1.4042      val_loss=   5.7709      best=1      size=  54      nSHD_c=   0.2667      nSHD=   0.2667      tpr_c=   0.9444      change_adj_count=71      
2022-08-28 BST 14:58:57,903 - INFO - 

DAG 17: size_true=65	X.var()=773.3836
2022-08-28 BST 16:12:25,691 - INFO -  epoch=1000      train_loss=  74.4546      val_loss=  62.3859      best=1      size= 154      nSHD_c=   4.3667      nSHD=   4.3000      tpr_c=   0.2727      change_adj_count=665      
2022-08-28 BST 16:12:25,692 - INFO - 

DAG 18: size_true=58	X.var()=506.2439
2022-08-28 BST 17:27:19,633 - INFO -  epoch=1000      train_loss=  51.0281      val_loss=  89.4947      best=1      size= 110      nSHD_c=   3.0333      nSHD=   3.0333      tpr_c=   0.3455      change_adj_count=402      
2022-08-28 BST 17:27:19,634 - INFO - 

DAG 19: size_true=52	X.var()=17.8973
2022-08-28 BST 18:40:21,450 - INFO -  epoch=1000      train_loss=   1.6650      val_loss=   1.3032      best=1      size=  52      nSHD_c=   0.2667      nSHD=   0.3000      tpr_c=   0.9231      change_adj_count=71      
2022-08-28 BST 18:40:21,452 - INFO - 

DAG 20: size_true=63	X.var()=56.0668
2022-08-28 BST 19:53:30,028 - INFO -  epoch=1000      train_loss=   3.4980      val_loss=   2.0366      best=1      size=  60      nSHD_c=   1.0667      nSHD=   1.0667      tpr_c=   0.7500      change_adj_count=101      
2022-08-28 BST 19:53:30,032 - INFO - 

DAG 21: size_true=60	X.var()=27.2736
2022-08-28 BST 21:05:32,669 - INFO -  epoch=1000      train_loss=   1.9972      val_loss=   2.4003      best=1      size=  62      nSHD_c=   1.0333      nSHD=   1.0333      tpr_c=   0.7258      change_adj_count=80      
2022-08-28 BST 21:05:32,672 - INFO - 

DAG 22: size_true=58	X.var()=49.8536
2022-08-28 BST 22:19:16,303 - INFO -  epoch=1000      train_loss=   2.6858      val_loss=   1.5449      best=1      size=  57      nSHD_c=   0.7333      nSHD=   0.7333      tpr_c=   0.8070      change_adj_count=91      
2022-08-28 BST 22:19:16,304 - INFO - 

DAG 23: size_true=70	X.var()=162.7559
2022-08-28 BST 23:28:16,274 - INFO -  epoch=1000      train_loss=  15.1302      val_loss=  12.3506      best=1      size=  95      nSHD_c=   1.8333      nSHD=   1.8333      tpr_c=   0.5789      change_adj_count=128      
2022-08-28 BST 23:28:16,275 - INFO - 
last_mean_nshd_c=1.3319
2022-08-28 BST 23:28:16,275 - INFO - 
Time taken 29:08:56 (h:mm:ss)
2022-08-28 BST 23:28:16,275 - INFO - 
End of log for run 2022-08-27_BST_18:19:20,569_big_imle_l_none_007
