2022-08-27 BST 18:30:33,860 - INFO - 
Log for run 2022-08-27_BST_18:30:33,824_big_ste_l_84_003

2022-08-27 BST 18:30:33,860 - INFO - COMMENT = 'For Optuna on STE'
2022-08-27 BST 18:30:33,860 - INFO - DATA_FOLDER = '../data'
2022-08-27 BST 18:30:33,860 - INFO - LATENTS_FOLDER = '../latents'
2022-08-27 BST 18:30:33,860 - INFO - LOGS_FOLDER = '../logs'
2022-08-27 BST 18:30:33,860 - INFO - MODEL_FOLDER = '../models'
2022-08-27 BST 18:30:33,860 - INFO - RESULTS_FOLDER = '../results'
2022-08-27 BST 18:30:33,860 - INFO - DEVICE = torch.device("cuda" if torch.cuda.is_available() else "cpu")  # Used: "cuda"
2022-08-27 BST 18:30:33,860 - INFO - LATENTS = False
2022-08-27 BST 18:30:33,860 - INFO - MATRIX_REPORT = False
2022-08-27 BST 18:30:33,861 - INFO - LABEL = True
2022-08-27 BST 18:30:33,861 - INFO - SAVE_TO_ODS = False
2022-08-27 BST 18:30:33,861 - INFO - VAL_LOSS_FROM_DAG = True
2022-08-27 BST 18:30:33,861 - INFO - WANDB = False
2022-08-27 BST 18:30:33,861 - INFO - WANDB_PROJECT = 'Thetas'
2022-08-27 BST 18:30:33,861 - INFO - GRAD_LOG = False
2022-08-27 BST 18:30:33,861 - INFO - SAVE_RESULTS = False
2022-08-27 BST 18:30:33,861 - INFO - N_TRIALS = 1
2022-08-27 BST 18:30:33,861 - INFO - LOAD_OPTUNA_STUDY = None
2022-08-27 BST 18:30:33,861 - INFO - OPTUNA_STRINGS = {'None': None, 'True': True, 'False': False}
2022-08-27 BST 18:30:33,861 - INFO - TQDM = False
2022-08-27 BST 18:30:33,861 - INFO - 
hyperparameters = {
2022-08-27 BST 18:30:33,861 - INFO - 	'GRAPH_TYPE': 'ER2',
2022-08-27 BST 18:30:33,861 - INFO - 	'D': 30,
2022-08-27 BST 18:30:33,861 - INFO - 	'MAX_SIZE': 84,
2022-08-27 BST 18:30:33,861 - INFO - 	'SEM_NOISE': 'gaussian_ev',
2022-08-27 BST 18:30:33,861 - INFO - 	'N': 1200,
2022-08-27 BST 18:30:33,861 - INFO - 	'VAL': 0.16666666666666666,
2022-08-27 BST 18:30:33,861 - INFO - 	'N_EPOCHS': 1000,
2022-08-27 BST 18:30:33,861 - INFO - 	'BATCH_SIZE': None,
2022-08-27 BST 18:30:33,861 - INFO - 	'LOG2_BATCH_SIZE': 4,
2022-08-27 BST 18:30:33,861 - INFO - 	'BATCH_SHUFFLE': True,
2022-08-27 BST 18:30:33,861 - INFO - 	'N_SAMPLES': 10,
2022-08-27 BST 18:30:33,861 - INFO - 	'MODE': 'max_dag_test_only',
2022-08-27 BST 18:30:33,861 - INFO - 	'AFAS_SCHEDULER': None,
2022-08-27 BST 18:30:33,862 - INFO - 	'MINIZINC_SOLVER': None,
2022-08-27 BST 18:30:33,862 - INFO - 	'f_LINEAR_LAYERS': (),
2022-08-27 BST 18:30:33,862 - INFO - 	'f_BIAS': False,
2022-08-27 BST 18:30:33,862 - INFO - 	'p_LAYER': 'STE',
2022-08-27 BST 18:30:33,862 - INFO - 	'STREAMLINE': False,
2022-08-27 BST 18:30:33,862 - INFO - 	'THRESHOLD': 0.0,
2022-08-27 BST 18:30:33,862 - INFO - 	'h_LINEAR_LAYERS': (),
2022-08-27 BST 18:30:33,862 - INFO - 	'h_NULL': 0.0216881787013694,
2022-08-27 BST 18:30:33,862 - INFO - 	'h_LR': 0.000113389232350646,
2022-08-27 BST 18:30:33,862 - INFO - 	'h_OPTIMIZER': 'torch.optim.Adam(overall_net.h_net.parameters(), lr=h.h_LR)',
2022-08-27 BST 18:30:33,862 - INFO - 	'f_LR': 0.0123204369681095,
2022-08-27 BST 18:30:33,862 - INFO - 	'f_OPTIMIZER': 'torch.optim.Adam(overall_net.f_net.parameters(), lr=h.f_LR)',
2022-08-27 BST 18:30:33,862 - INFO - 	'NOISE_TEMPERATURE': 0.177138167187175,
2022-08-27 BST 18:30:33,862 - INFO - 	'NOISE_DISTRIBUTION': 'LogisticNoiseDistribution()',
2022-08-27 BST 18:30:33,862 - INFO - 	'LAMBDA': 1,
2022-08-27 BST 18:30:33,862 - INFO - 	'LOSS_FN': 'torch.nn.MSELoss()',
2022-08-27 BST 18:30:33,862 - INFO - 	'ALPHA': None,
2022-08-27 BST 18:30:33,862 - INFO - 	'BETA': None,
2022-08-27 BST 18:30:33,862 - INFO - 	'REGULARIZER': None,
2022-08-27 BST 18:30:33,862 - INFO - 	'z_RHO': 0.410122763411552,
2022-08-27 BST 18:30:33,862 - INFO - 	'z_MU': 0.0102343788252807,
2022-08-27 BST 18:30:33,862 - INFO - 	'z_REGULARIZER': 'NoTearsZRegularizer(h.D, h.z_RHO, h.z_MU, c.DEVICE)',
2022-08-27 BST 18:30:33,862 - INFO - 	'LR_SCHEDULER': None,
2022-08-27 BST 18:30:33,862 - INFO - 	'DATA_CATEGORY': 'big',
2022-08-27 BST 18:30:33,862 - INFO - 	'DAGS': '002'
2022-08-27 BST 18:30:33,863 - INFO - }

2022-08-27 BST 18:30:36,036 - INFO - 

DAG 0: size_true=60	X.var()=212.5144
2022-08-27 BST 18:37:40,174 - INFO -  epoch=1000      train_loss=   1.7263      val_loss=   1.5187      best=1      size=  84      nSHD_c=   2.0000      nSHD=   2.0000      tpr_c=   0.4881      change_adj_count=146      
2022-08-27 BST 18:37:40,175 - INFO - 

DAG 1: size_true=61	X.var()=155.3510
2022-08-27 BST 18:44:31,135 - INFO -  epoch=1000      train_loss=   1.5411      val_loss=   1.1592      best=1      size=  60      nSHD_c=   0.6667      nSHD=   0.6667      tpr_c=   0.8333      change_adj_count=111      
2022-08-27 BST 18:44:31,136 - INFO - 

DAG 2: size_true=59	X.var()=65.5502
2022-08-27 BST 18:51:19,471 - INFO -  epoch=1000      train_loss=   2.0464      val_loss=   2.0779      best=1      size=  62      nSHD_c=   1.1333      nSHD=   1.1333      tpr_c=   0.6774      change_adj_count=143      
2022-08-27 BST 18:51:19,472 - INFO - 

DAG 3: size_true=64	X.var()=21.6068
2022-08-27 BST 18:58:06,178 - INFO -  epoch=1000      train_loss=   1.4236      val_loss=   1.1475      best=1      size=  59      nSHD_c=   0.3000      nSHD=   0.3000      tpr_c=   0.9661      change_adj_count=85      
2022-08-27 BST 18:58:06,179 - INFO - 

DAG 4: size_true=57	X.var()=79.1466
2022-08-27 BST 19:04:58,484 - INFO -  epoch=1000      train_loss=   1.4703      val_loss=   1.1832      best=1      size=  63      nSHD_c=   0.4333      nSHD=   0.4000      tpr_c=   0.8413      change_adj_count=111      
2022-08-27 BST 19:04:58,485 - INFO - 

DAG 5: size_true=58	X.var()=52.9077
2022-08-27 BST 19:11:46,933 - INFO -  epoch=1000      train_loss=   1.4855      val_loss=   1.1341      best=1      size=  60      nSHD_c=   0.5667      nSHD=   0.5667      tpr_c=   0.8333      change_adj_count=106      
2022-08-27 BST 19:11:46,934 - INFO - 

DAG 6: size_true=64	X.var()=85.5181
2022-08-27 BST 19:18:35,490 - INFO -  epoch=1000      train_loss=   1.5857      val_loss=   1.1075      best=1      size=  67      nSHD_c=   0.6333      nSHD=   0.5667      tpr_c=   0.8209      change_adj_count=142      
2022-08-27 BST 19:18:35,491 - INFO - 

DAG 7: size_true=62	X.var()=47.9829
2022-08-27 BST 19:25:24,152 - INFO -  epoch=1000      train_loss=   1.4417      val_loss=   1.1440      best=1      size=  61      nSHD_c=   0.4667      nSHD=   0.4667      tpr_c=   0.8852      change_adj_count=119      
2022-08-27 BST 19:25:24,153 - INFO - 

DAG 8: size_true=73	X.var()=89.0612
2022-08-27 BST 19:32:14,418 - INFO -  epoch=1000      train_loss=   1.6696      val_loss=   1.2390      best=1      size=  68      nSHD_c=   0.9000      nSHD=   0.8000      tpr_c=   0.8088      change_adj_count=123      
2022-08-27 BST 19:32:14,419 - INFO - 

DAG 9: size_true=58	X.var()=34.0100
2022-08-27 BST 19:39:04,742 - INFO -  epoch=1000      train_loss=   1.9198      val_loss=   1.5770      best=1      size=  59      nSHD_c=   0.7333      nSHD=   0.7333      tpr_c=   0.7966      change_adj_count=119      
2022-08-27 BST 19:39:04,743 - INFO - 

DAG 10: size_true=69	X.var()=99.2606
2022-08-27 BST 19:45:53,980 - INFO -  epoch=1000      train_loss=   1.8443      val_loss=   1.3335      best=1      size=  69      nSHD_c=   1.3000      nSHD=   1.3000      tpr_c=   0.6957      change_adj_count=147      
2022-08-27 BST 19:45:53,981 - INFO - 

DAG 11: size_true=62	X.var()=312.0410
2022-08-27 BST 19:52:48,303 - INFO -  epoch=1000      train_loss=   2.0893      val_loss=   1.4093      best=1      size=  63      nSHD_c=   1.4000      nSHD=   1.4000      tpr_c=   0.6508      change_adj_count=162      
2022-08-27 BST 19:52:48,304 - INFO - 

DAG 12: size_true=52	X.var()=20.9781
2022-08-27 BST 19:59:31,393 - INFO -  epoch=1000      train_loss=   1.4109      val_loss=   1.1297      best=1      size=  49      nSHD_c=   0.4333      nSHD=   0.4333      tpr_c=   0.8980      change_adj_count=83      
2022-08-27 BST 19:59:31,395 - INFO - 

DAG 13: size_true=56	X.var()=10.8936
2022-08-27 BST 20:06:15,966 - INFO -  epoch=1000      train_loss=   1.4580      val_loss=   1.1622      best=1      size=  61      nSHD_c=   0.7667      nSHD=   0.7667      tpr_c=   0.7541      change_adj_count=92      
2022-08-27 BST 20:06:15,967 - INFO - 

DAG 14: size_true=74	X.var()=49.0517
2022-08-27 BST 20:13:11,630 - INFO -  epoch=1000      train_loss=   1.7768      val_loss=   1.3472      best=1      size=  69      nSHD_c=   0.8333      nSHD=   0.8000      tpr_c=   0.8406      change_adj_count=134      
2022-08-27 BST 20:13:11,631 - INFO - 

DAG 15: size_true=64	X.var()=68.9622
2022-08-27 BST 20:20:03,132 - INFO -  epoch=1000      train_loss=   1.6073      val_loss=   1.2165      best=1      size=  64      nSHD_c=   0.6000      nSHD=   0.5333      tpr_c=   0.8438      change_adj_count=148      
2022-08-27 BST 20:20:03,133 - INFO - 

DAG 16: size_true=59	X.var()=47.2447
2022-08-27 BST 20:26:46,255 - INFO -  epoch=1000      train_loss=   1.4101      val_loss=   1.0999      best=1      size=  53      nSHD_c=   0.3333      nSHD=   0.3333      tpr_c=   0.9623      change_adj_count=80      
2022-08-27 BST 20:26:46,256 - INFO - 

DAG 17: size_true=70	X.var()=174.3892
2022-08-27 BST 20:33:43,047 - INFO -  epoch=1000      train_loss=   1.8524      val_loss=   1.3219      best=1      size=  70      nSHD_c=   0.9667      nSHD=   0.9667      tpr_c=   0.7857      change_adj_count=128      
2022-08-27 BST 20:33:43,048 - INFO - 

DAG 18: size_true=65	X.var()=182.2136
2022-08-27 BST 20:40:36,988 - INFO -  epoch=1000      train_loss=   1.7658      val_loss=   1.3604      best=1      size=  66      nSHD_c=   0.9000      nSHD=   0.9000      tpr_c=   0.7576      change_adj_count=121      
2022-08-27 BST 20:40:36,989 - INFO - 

DAG 19: size_true=75	X.var()=239.5528
2022-08-27 BST 20:47:31,287 - INFO -  epoch=1000      train_loss=   3.8591      val_loss=   2.1470      best=1      size=  84      nSHD_c=   2.0000      nSHD=   1.9000      tpr_c=   0.5714      change_adj_count=163      
2022-08-27 BST 20:47:31,288 - INFO - 

DAG 20: size_true=48	X.var()=41.0581
2022-08-27 BST 20:54:21,991 - INFO -  epoch=1000      train_loss=   1.4902      val_loss=   1.1276      best=1      size=  54      nSHD_c=   0.5333      nSHD=   0.5333      tpr_c=   0.7778      change_adj_count=94      
2022-08-27 BST 20:54:21,992 - INFO - 

DAG 21: size_true=62	X.var()=85.4809
2022-08-27 BST 21:01:13,179 - INFO -  epoch=1000      train_loss=   1.5891      val_loss=   1.2900      best=1      size=  59      nSHD_c=   0.6333      nSHD=   0.6333      tpr_c=   0.8644      change_adj_count=151      
2022-08-27 BST 21:01:13,180 - INFO - 

DAG 22: size_true=70	X.var()=34.1116
2022-08-27 BST 21:08:05,732 - INFO -  epoch=1000      train_loss=   1.6350      val_loss=   1.2514      best=1      size=  67      nSHD_c=   0.7333      nSHD=   0.7667      tpr_c=   0.8507      change_adj_count=111      
2022-08-27 BST 21:08:05,733 - INFO - 

DAG 23: size_true=65	X.var()=32.2176
2022-08-27 BST 21:14:56,354 - INFO -  epoch=1000      train_loss=   1.6448      val_loss=   1.2006      best=1      size=  71      nSHD_c=   0.7667      nSHD=   0.7667      tpr_c=   0.7887      change_adj_count=141      
2022-08-27 BST 21:14:56,355 - INFO - 
last_mean_nshd_c=0.8347
2022-08-27 BST 21:14:56,355 - INFO - 
Time taken 2:44:23 (h:mm:ss)
2022-08-27 BST 21:14:56,355 - INFO - 
End of log for run 2022-08-27_BST_18:30:33,824_big_ste_l_84_003
