2022-08-26 BST 23:16:42,725 - INFO - 
Log for run 2022-08-26_BST_23:16:42,683_big_imle_l_none_010

2022-08-26 BST 23:16:42,726 - INFO - COMMENT = 'Test best MAX_SIZE=None Gumbel values with Logistic'
2022-08-26 BST 23:16:42,726 - INFO - DATA_FOLDER = '../data'
2022-08-26 BST 23:16:42,726 - INFO - LATENTS_FOLDER = '../latents'
2022-08-26 BST 23:16:42,726 - INFO - LOGS_FOLDER = '../logs'
2022-08-26 BST 23:16:42,726 - INFO - MODEL_FOLDER = '../models'
2022-08-26 BST 23:16:42,726 - INFO - RESULTS_FOLDER = '../results'
2022-08-26 BST 23:16:42,726 - INFO - DEVICE = torch.device("cuda" if torch.cuda.is_available() else "cpu")  # Used: "cuda"
2022-08-26 BST 23:16:42,727 - INFO - LATENTS = False
2022-08-26 BST 23:16:42,727 - INFO - MATRIX_REPORT = False
2022-08-26 BST 23:16:42,727 - INFO - LABEL = True
2022-08-26 BST 23:16:42,727 - INFO - SAVE_TO_ODS = False
2022-08-26 BST 23:16:42,727 - INFO - VAL_LOSS_FROM_DAG = True
2022-08-26 BST 23:16:42,727 - INFO - WANDB = False
2022-08-26 BST 23:16:42,727 - INFO - WANDB_PROJECT = 'Thetas'
2022-08-26 BST 23:16:42,727 - INFO - GRAD_LOG = False
2022-08-26 BST 23:16:42,727 - INFO - N_TRIALS = 1
2022-08-26 BST 23:16:42,727 - INFO - LOAD_OPTUNA_STUDY = None
2022-08-26 BST 23:16:42,727 - INFO - OPTUNA_STRINGS = {'None': None, 'True': True, 'False': False}
2022-08-26 BST 23:16:42,727 - INFO - TQDM = False
2022-08-26 BST 23:16:42,727 - INFO - 
hyperparameters = {
2022-08-26 BST 23:16:42,728 - INFO - 	'GRAPH_TYPE': 'ER2',
2022-08-26 BST 23:16:42,728 - INFO - 	'D': 30,
2022-08-26 BST 23:16:42,728 - INFO - 	'MAX_SIZE': None,
2022-08-26 BST 23:16:42,728 - INFO - 	'SEM_NOISE': 'gaussian_ev',
2022-08-26 BST 23:16:42,728 - INFO - 	'N': 1200,
2022-08-26 BST 23:16:42,728 - INFO - 	'VAL': 0.16666666666666666,
2022-08-26 BST 23:16:42,728 - INFO - 	'N_EPOCHS': 1000,
2022-08-26 BST 23:16:42,728 - INFO - 	'BATCH_SIZE': None,
2022-08-26 BST 23:16:42,728 - INFO - 	'LOG2_BATCH_SIZE': 3,
2022-08-26 BST 23:16:42,728 - INFO - 	'BATCH_SHUFFLE': True,
2022-08-26 BST 23:16:42,728 - INFO - 	'N_SAMPLES': 47,
2022-08-26 BST 23:16:42,728 - INFO - 	'MODE': 'max_dag_test_only',
2022-08-26 BST 23:16:42,728 - INFO - 	'AFAS_SCHEDULER': None,
2022-08-26 BST 23:16:42,729 - INFO - 	'MINIZINC_SOLVER': None,
2022-08-26 BST 23:16:42,729 - INFO - 	'f_LINEAR_LAYERS': (),
2022-08-26 BST 23:16:42,729 - INFO - 	'f_BIAS': False,
2022-08-26 BST 23:16:42,729 - INFO - 	'p_LAYER': None,
2022-08-26 BST 23:16:42,729 - INFO - 	'STREAMLINE': False,
2022-08-26 BST 23:16:42,729 - INFO - 	'THRESHOLD': 0.0,
2022-08-26 BST 23:16:42,729 - INFO - 	'h_LINEAR_LAYERS': (),
2022-08-26 BST 23:16:42,729 - INFO - 	'h_NULL': 0.00011373901985660933,
2022-08-26 BST 23:16:42,729 - INFO - 	'h_LR': 0.0016158450337500668,
2022-08-26 BST 23:16:42,729 - INFO - 	'h_OPTIMIZER': 'torch.optim.Adam(overall_net.h_net.parameters(), lr=h.h_LR)',
2022-08-26 BST 23:16:42,729 - INFO - 	'f_LR': 0.3720066380139224,
2022-08-26 BST 23:16:42,729 - INFO - 	'f_OPTIMIZER': 'torch.optim.Adam(overall_net.f_net.parameters(), lr=h.f_LR)',
2022-08-26 BST 23:16:42,729 - INFO - 	'NOISE_TEMPERATURE': 0.8785929148606203,
2022-08-26 BST 23:16:42,730 - INFO - 	'NOISE_DISTRIBUTION': 'LogisticNoiseDistribution()',
2022-08-26 BST 23:16:42,730 - INFO - 	'LAMBDA': 27.13959516077541,
2022-08-26 BST 23:16:42,730 - INFO - 	'LOSS_FN': 'torch.nn.MSELoss()',
2022-08-26 BST 23:16:42,730 - INFO - 	'ALPHA': None,
2022-08-26 BST 23:16:42,730 - INFO - 	'BETA': None,
2022-08-26 BST 23:16:42,730 - INFO - 	'REGULARIZER': None,
2022-08-26 BST 23:16:42,730 - INFO - 	'z_RHO': 0.157451211201,
2022-08-26 BST 23:16:42,730 - INFO - 	'z_MU': 0.00120806965197976,
2022-08-26 BST 23:16:42,730 - INFO - 	'z_REGULARIZER': 'NoTearsZRegularizer(h.D, h.z_RHO, h.z_MU, c.DEVICE)',
2022-08-26 BST 23:16:42,730 - INFO - 	'LR_SCHEDULER': None,
2022-08-26 BST 23:16:42,730 - INFO - 	'DATA_CATEGORY': 'big',
2022-08-26 BST 23:16:42,730 - INFO - 	'DAGS': '009'
2022-08-26 BST 23:16:42,730 - INFO - }

2022-08-26 BST 23:16:50,549 - INFO - 

DAG 0: size_true=75	X.var()=31.6463
2022-08-26 BST 23:40:08,906 - INFO -  epoch=1000      train_loss=   2.3614      val_loss=   5.0903      best=1      size=  66      nSHD_c=   0.8667      nSHD=   0.8667      tpr_c=   0.8636      change_adj_count=93      
2022-08-26 BST 23:40:08,949 - INFO - Last epoch results saved in big_imle_l_none.csv
2022-08-26 BST 23:40:08,950 - INFO - 

DAG 1: size_true=51	X.var()=66.6864
2022-08-27 BST 00:00:55,871 - INFO -  epoch=1000      train_loss=   3.8676      val_loss=   2.7568      best=1      size=  59      nSHD_c=   0.9000      nSHD=   0.9000      tpr_c=   0.6949      change_adj_count=82      
2022-08-27 BST 00:00:55,880 - INFO - Last epoch results saved in big_imle_l_none.csv
2022-08-27 BST 00:00:55,881 - INFO - 

DAG 2: size_true=52	X.var()=57.9544
2022-08-27 BST 00:23:26,335 - INFO -  epoch=1000      train_loss=   3.1951      val_loss=   2.2119      best=1      size=  55      nSHD_c=   0.8333      nSHD=   0.8333      tpr_c=   0.7455      change_adj_count=92      
2022-08-27 BST 00:23:26,358 - INFO - Last epoch results saved in big_imle_l_none.csv
2022-08-27 BST 00:23:26,359 - INFO - 

DAG 3: size_true=65	X.var()=22.8590
2022-08-27 BST 00:44:08,049 - INFO -  epoch=1000      train_loss=   1.7378      val_loss=   1.5898      best=1      size=  63      nSHD_c=   0.3333      nSHD=   0.3333      tpr_c=   0.9365      change_adj_count=79      
2022-08-27 BST 00:44:08,058 - INFO - Last epoch results saved in big_imle_l_none.csv
2022-08-27 BST 00:44:08,059 - INFO - 

DAG 4: size_true=61	X.var()=37.8918
2022-08-27 BST 01:06:24,634 - INFO -  epoch=1000      train_loss=   3.0408      val_loss=   2.1067      best=1      size=  57      nSHD_c=   0.6000      nSHD=   0.6000      tpr_c=   0.8596      change_adj_count=81      
2022-08-27 BST 01:06:24,641 - INFO - Last epoch results saved in big_imle_l_none.csv
2022-08-27 BST 01:06:24,642 - INFO - 

DAG 5: size_true=65	X.var()=270.2488
2022-08-27 BST 01:29:47,393 - INFO -  epoch=1000      train_loss=  27.3792      val_loss=  66.5876      best=1      size= 119      nSHD_c=   3.4667      nSHD=   3.4667      tpr_c=   0.3193      change_adj_count=298      
2022-08-27 BST 01:29:47,401 - INFO - Last epoch results saved in big_imle_l_none.csv
2022-08-27 BST 01:29:47,402 - INFO - 

DAG 6: size_true=61	X.var()=164.9882
2022-08-27 BST 01:51:58,956 - INFO -  epoch=1000      train_loss=  16.0273      val_loss=  24.7909      best=1      size=  82      nSHD_c=   1.4333      nSHD=   1.4333      tpr_c=   0.6098      change_adj_count=178      
2022-08-27 BST 01:51:58,965 - INFO - Last epoch results saved in big_imle_l_none.csv
2022-08-27 BST 01:51:58,966 - INFO - 

DAG 7: size_true=57	X.var()=17.9643
2022-08-27 BST 02:13:10,955 - INFO -  epoch=1000      train_loss=   2.0931      val_loss=   1.9121      best=1      size=  58      nSHD_c=   1.2000      nSHD=   1.2000      tpr_c=   0.6724      change_adj_count=76      
2022-08-27 BST 02:13:10,962 - INFO - Last epoch results saved in big_imle_l_none.csv
2022-08-27 BST 02:13:10,963 - INFO - 

DAG 8: size_true=53	X.var()=30.1910
2022-08-27 BST 02:31:58,607 - INFO -  epoch=1000      train_loss=   1.9183      val_loss=   1.6074      best=1      size=  52      nSHD_c=   0.6000      nSHD=   0.5667      tpr_c=   0.8077      change_adj_count=73      
2022-08-27 BST 02:31:58,615 - INFO - Last epoch results saved in big_imle_l_none.csv
2022-08-27 BST 02:31:58,616 - INFO - 

DAG 9: size_true=67	X.var()=38.9881
2022-08-27 BST 02:53:47,587 - INFO -  epoch=1000      train_loss=   2.3399      val_loss=   1.6918      best=1      size=  64      nSHD_c=   0.8667      nSHD=   0.9000      tpr_c=   0.8125      change_adj_count=85      
2022-08-27 BST 02:53:47,595 - INFO - Last epoch results saved in big_imle_l_none.csv
2022-08-27 BST 02:53:47,596 - INFO - 

DAG 10: size_true=65	X.var()=517.6001
2022-08-27 BST 03:15:28,822 - INFO -  epoch=1000      train_loss=  56.6396      val_loss= 156.6313      best=1      size= 133      nSHD_c=   3.9333      nSHD=   3.9333      tpr_c=   0.2857      change_adj_count=515      
2022-08-27 BST 03:15:28,832 - INFO - Last epoch results saved in big_imle_l_none.csv
2022-08-27 BST 03:15:28,833 - INFO - 

DAG 11: size_true=53	X.var()=23.7481
2022-08-27 BST 03:36:01,840 - INFO -  epoch=1000      train_loss=   2.1659      val_loss=   1.5548      best=1      size=  54      nSHD_c=   0.7333      nSHD=   0.7333      tpr_c=   0.7778      change_adj_count=79      
2022-08-27 BST 03:36:01,848 - INFO - Last epoch results saved in big_imle_l_none.csv
2022-08-27 BST 03:36:01,848 - INFO - 

DAG 12: size_true=51	X.var()=12.7369
2022-08-27 BST 03:56:36,254 - INFO -  epoch=1000      train_loss=   1.4936      val_loss=   1.3719      best=1      size=  49      nSHD_c=   0.4000      nSHD=   0.4000      tpr_c=   0.8980      change_adj_count=69      
2022-08-27 BST 03:56:36,260 - INFO - Last epoch results saved in big_imle_l_none.csv
2022-08-27 BST 03:56:36,260 - INFO - 

DAG 13: size_true=65	X.var()=338.1793
2022-08-27 BST 04:18:38,300 - INFO -  epoch=1000      train_loss=  32.7989      val_loss=  38.3131      best=1      size= 140      nSHD_c=   4.6667      nSHD=   4.5333      tpr_c=   0.2143      change_adj_count=538      
2022-08-27 BST 04:18:38,308 - INFO - Last epoch results saved in big_imle_l_none.csv
2022-08-27 BST 04:18:38,309 - INFO - 

DAG 14: size_true=50	X.var()=12.6952
2022-08-27 BST 04:40:24,712 - INFO -  epoch=1000      train_loss=   1.3336      val_loss=   4.0974      best=1      size=  48      nSHD_c=   0.4000      nSHD=   0.4000      tpr_c=   0.8750      change_adj_count=68      
2022-08-27 BST 04:40:24,722 - INFO - Last epoch results saved in big_imle_l_none.csv
2022-08-27 BST 04:40:24,722 - INFO - 

DAG 15: size_true=55	X.var()=18.8161
2022-08-27 BST 05:01:20,116 - INFO -  epoch=1000      train_loss=   1.8223      val_loss=   1.6127      best=1      size=  50      nSHD_c=   0.6333      nSHD=   0.6333      tpr_c=   0.8400      change_adj_count=70      
2022-08-27 BST 05:01:20,124 - INFO - Last epoch results saved in big_imle_l_none.csv
2022-08-27 BST 05:01:20,125 - INFO - 

DAG 16: size_true=64	X.var()=78.4576
2022-08-27 BST 05:23:18,268 - INFO -  epoch=1000      train_loss=   5.5367      val_loss=   3.1020      best=1      size=  75      nSHD_c=   1.4333      nSHD=   1.3667      tpr_c=   0.6267      change_adj_count=97      
2022-08-27 BST 05:23:18,273 - INFO - Last epoch results saved in big_imle_l_none.csv
2022-08-27 BST 05:23:18,274 - INFO - 

DAG 17: size_true=63	X.var()=17.1519
2022-08-27 BST 05:43:09,547 - INFO -  epoch=1000      train_loss=   1.9939      val_loss=   1.7423      best=1      size=  56      nSHD_c=   0.8333      nSHD=   0.8000      tpr_c=   0.8214      change_adj_count=77      
2022-08-27 BST 05:43:09,555 - INFO - Last epoch results saved in big_imle_l_none.csv
2022-08-27 BST 05:43:09,556 - INFO - 

DAG 18: size_true=55	X.var()=89.2797
2022-08-27 BST 06:04:31,353 - INFO -  epoch=1000      train_loss=   5.6507      val_loss=   5.0425      best=1      size=  80      nSHD_c=   1.3000      nSHD=   1.3000      tpr_c=   0.5875      change_adj_count=112      
2022-08-27 BST 06:04:31,361 - INFO - Last epoch results saved in big_imle_l_none.csv
2022-08-27 BST 06:04:31,362 - INFO - 

DAG 19: size_true=57	X.var()=31.1523
2022-08-27 BST 06:25:23,767 - INFO -  epoch=1000      train_loss=   2.5665      val_loss=   1.9350      best=1      size=  61      nSHD_c=   0.6333      nSHD=   0.6333      tpr_c=   0.8033      change_adj_count=83      
2022-08-27 BST 06:25:23,773 - INFO - Last epoch results saved in big_imle_l_none.csv
2022-08-27 BST 06:25:23,773 - INFO - 

DAG 20: size_true=52	X.var()=159.1654
2022-08-27 BST 06:46:39,014 - INFO -  epoch=1000      train_loss=  14.4613      val_loss=  11.8133      best=1      size=  76      nSHD_c=   1.3333      nSHD=   1.3333      tpr_c=   0.5789      change_adj_count=106      
2022-08-27 BST 06:46:39,021 - INFO - Last epoch results saved in big_imle_l_none.csv
2022-08-27 BST 06:46:39,022 - INFO - 

DAG 21: size_true=58	X.var()=41.0658
2022-08-27 BST 07:06:51,574 - INFO -  epoch=1000      train_loss=   2.4686      val_loss=   1.6411      best=1      size=  62      nSHD_c=   0.7333      nSHD=   0.7333      tpr_c=   0.7903      change_adj_count=94      
2022-08-27 BST 07:06:51,582 - INFO - Last epoch results saved in big_imle_l_none.csv
2022-08-27 BST 07:06:51,583 - INFO - 

DAG 22: size_true=47	X.var()=13.3169
2022-08-27 BST 07:26:49,721 - INFO -  epoch=1000      train_loss=   1.4579      val_loss=   1.1939      best=1      size=  44      nSHD_c=   0.5000      nSHD=   0.4333      tpr_c=   0.8182      change_adj_count=67      
2022-08-27 BST 07:26:49,730 - INFO - Last epoch results saved in big_imle_l_none.csv
2022-08-27 BST 07:26:49,731 - INFO - 

DAG 23: size_true=57	X.var()=30.0792
2022-08-27 BST 07:47:42,575 - INFO -  epoch=1000      train_loss=   2.2342      val_loss=   1.6676      best=1      size=  58      nSHD_c=   0.5667      nSHD=   0.5667      tpr_c=   0.8276      change_adj_count=76      
2022-08-27 BST 07:47:42,584 - INFO - Last epoch results saved in big_imle_l_none.csv
2022-08-27 BST 07:47:42,584 - INFO - 
last_mean_nshd_c=1.2167
2022-08-27 BST 07:47:42,584 - INFO - 
Time taken 8:30:60 (h:mm:ss)
2022-08-27 BST 07:47:42,584 - INFO - 
End of log for run 2022-08-26_BST_23:16:42,683_big_imle_l_none_010
