2022-08-27 BST 20:46:38,136 - INFO - 
Log for run 2022-08-27_BST_20:46:38,085_big_ste_l_84_010

2022-08-27 BST 20:46:38,136 - INFO - COMMENT = 'For Optuna on STE'
2022-08-27 BST 20:46:38,137 - INFO - DATA_FOLDER = '../data'
2022-08-27 BST 20:46:38,137 - INFO - LATENTS_FOLDER = '../latents'
2022-08-27 BST 20:46:38,137 - INFO - LOGS_FOLDER = '../logs'
2022-08-27 BST 20:46:38,137 - INFO - MODEL_FOLDER = '../models'
2022-08-27 BST 20:46:38,137 - INFO - RESULTS_FOLDER = '../results'
2022-08-27 BST 20:46:38,137 - INFO - DEVICE = torch.device("cuda" if torch.cuda.is_available() else "cpu")  # Used: "cuda"
2022-08-27 BST 20:46:38,137 - INFO - LATENTS = False
2022-08-27 BST 20:46:38,137 - INFO - MATRIX_REPORT = False
2022-08-27 BST 20:46:38,137 - INFO - LABEL = True
2022-08-27 BST 20:46:38,137 - INFO - SAVE_TO_ODS = False
2022-08-27 BST 20:46:38,137 - INFO - VAL_LOSS_FROM_DAG = True
2022-08-27 BST 20:46:38,137 - INFO - WANDB = False
2022-08-27 BST 20:46:38,137 - INFO - WANDB_PROJECT = 'Thetas'
2022-08-27 BST 20:46:38,138 - INFO - GRAD_LOG = False
2022-08-27 BST 20:46:38,138 - INFO - SAVE_RESULTS = False
2022-08-27 BST 20:46:38,138 - INFO - N_TRIALS = 1
2022-08-27 BST 20:46:38,138 - INFO - LOAD_OPTUNA_STUDY = None
2022-08-27 BST 20:46:38,138 - INFO - OPTUNA_STRINGS = {'None': None, 'True': True, 'False': False}
2022-08-27 BST 20:46:38,138 - INFO - TQDM = False
2022-08-27 BST 20:46:38,138 - INFO - 
hyperparameters = {
2022-08-27 BST 20:46:38,138 - INFO - 	'GRAPH_TYPE': 'ER2',
2022-08-27 BST 20:46:38,138 - INFO - 	'D': 30,
2022-08-27 BST 20:46:38,138 - INFO - 	'MAX_SIZE': 84,
2022-08-27 BST 20:46:38,138 - INFO - 	'SEM_NOISE': 'gaussian_ev',
2022-08-27 BST 20:46:38,138 - INFO - 	'N': 1200,
2022-08-27 BST 20:46:38,138 - INFO - 	'VAL': 0.16666666666666666,
2022-08-27 BST 20:46:38,138 - INFO - 	'N_EPOCHS': 1000,
2022-08-27 BST 20:46:38,139 - INFO - 	'BATCH_SIZE': None,
2022-08-27 BST 20:46:38,139 - INFO - 	'LOG2_BATCH_SIZE': 4,
2022-08-27 BST 20:46:38,139 - INFO - 	'BATCH_SHUFFLE': True,
2022-08-27 BST 20:46:38,139 - INFO - 	'N_SAMPLES': 10,
2022-08-27 BST 20:46:38,139 - INFO - 	'MODE': 'max_dag_test_only',
2022-08-27 BST 20:46:38,139 - INFO - 	'AFAS_SCHEDULER': None,
2022-08-27 BST 20:46:38,139 - INFO - 	'MINIZINC_SOLVER': None,
2022-08-27 BST 20:46:38,139 - INFO - 	'f_LINEAR_LAYERS': (),
2022-08-27 BST 20:46:38,139 - INFO - 	'f_BIAS': False,
2022-08-27 BST 20:46:38,139 - INFO - 	'p_LAYER': 'STE',
2022-08-27 BST 20:46:38,139 - INFO - 	'STREAMLINE': False,
2022-08-27 BST 20:46:38,139 - INFO - 	'THRESHOLD': 0.0,
2022-08-27 BST 20:46:38,139 - INFO - 	'h_LINEAR_LAYERS': (),
2022-08-27 BST 20:46:38,139 - INFO - 	'h_NULL': 0.0216881787013694,
2022-08-27 BST 20:46:38,139 - INFO - 	'h_LR': 0.000113389232350646,
2022-08-27 BST 20:46:38,140 - INFO - 	'h_OPTIMIZER': 'torch.optim.Adam(overall_net.h_net.parameters(), lr=h.h_LR)',
2022-08-27 BST 20:46:38,140 - INFO - 	'f_LR': 0.0123204369681095,
2022-08-27 BST 20:46:38,140 - INFO - 	'f_OPTIMIZER': 'torch.optim.Adam(overall_net.f_net.parameters(), lr=h.f_LR)',
2022-08-27 BST 20:46:38,140 - INFO - 	'NOISE_TEMPERATURE': 0.177138167187175,
2022-08-27 BST 20:46:38,140 - INFO - 	'NOISE_DISTRIBUTION': 'LogisticNoiseDistribution()',
2022-08-27 BST 20:46:38,140 - INFO - 	'LAMBDA': 1,
2022-08-27 BST 20:46:38,140 - INFO - 	'LOSS_FN': 'torch.nn.MSELoss()',
2022-08-27 BST 20:46:38,140 - INFO - 	'ALPHA': None,
2022-08-27 BST 20:46:38,140 - INFO - 	'BETA': None,
2022-08-27 BST 20:46:38,140 - INFO - 	'REGULARIZER': None,
2022-08-27 BST 20:46:38,140 - INFO - 	'z_RHO': 0.410122763411552,
2022-08-27 BST 20:46:38,140 - INFO - 	'z_MU': 0.0102343788252807,
2022-08-27 BST 20:46:38,140 - INFO - 	'z_REGULARIZER': 'NoTearsZRegularizer(h.D, h.z_RHO, h.z_MU, c.DEVICE)',
2022-08-27 BST 20:46:38,140 - INFO - 	'LR_SCHEDULER': None,
2022-08-27 BST 20:46:38,140 - INFO - 	'DATA_CATEGORY': 'big',
2022-08-27 BST 20:46:38,141 - INFO - 	'DAGS': '009'
2022-08-27 BST 20:46:38,141 - INFO - }

2022-08-27 BST 20:46:39,529 - INFO - 

DAG 0: size_true=75	X.var()=31.6463
2022-08-27 BST 20:52:34,499 - INFO -  epoch=1000      train_loss=   1.8678      val_loss=   1.4469      best=1      size=  74      nSHD_c=   0.7000      nSHD=   0.7000      tpr_c=   0.8649      change_adj_count=113      
2022-08-27 BST 20:52:34,500 - INFO - 

DAG 1: size_true=51	X.var()=66.6864
2022-08-27 BST 20:58:14,337 - INFO -  epoch=1000      train_loss=   1.5814      val_loss=   1.2120      best=1      size=  56      nSHD_c=   0.6667      nSHD=   0.6667      tpr_c=   0.7679      change_adj_count=108      
2022-08-27 BST 20:58:14,338 - INFO - 

DAG 2: size_true=52	X.var()=57.9544
2022-08-27 BST 21:03:55,366 - INFO -  epoch=1000      train_loss=   1.6914      val_loss=   1.3593      best=1      size=  51      nSHD_c=   0.5667      nSHD=   0.5667      tpr_c=   0.8431      change_adj_count=119      
2022-08-27 BST 21:03:55,367 - INFO - 

DAG 3: size_true=65	X.var()=22.8590
2022-08-27 BST 21:09:31,212 - INFO -  epoch=1000      train_loss=   1.4102      val_loss=   1.1361      best=1      size=  60      nSHD_c=   0.3000      nSHD=   0.3000      tpr_c=   0.9667      change_adj_count=101      
2022-08-27 BST 21:09:31,213 - INFO - 

DAG 4: size_true=61	X.var()=37.8918
2022-08-27 BST 21:15:13,631 - INFO -  epoch=1000      train_loss=   1.4834      val_loss=   1.1969      best=1      size=  53      nSHD_c=   0.4667      nSHD=   0.4667      tpr_c=   0.9434      change_adj_count=81      
2022-08-27 BST 21:15:13,632 - INFO - 

DAG 5: size_true=65	X.var()=270.2488
2022-08-27 BST 21:21:01,752 - INFO -  epoch=1000      train_loss=   1.7275      val_loss=   1.5139      best=1      size=  73      nSHD_c=   1.6333      nSHD=   1.6333      tpr_c=   0.5890      change_adj_count=152      
2022-08-27 BST 21:21:01,753 - INFO - 

DAG 6: size_true=61	X.var()=164.9882
2022-08-27 BST 21:26:39,744 - INFO -  epoch=1000      train_loss=   1.4327      val_loss=   1.1562      best=1      size=  57      nSHD_c=   0.3333      nSHD=   0.3333      tpr_c=   0.9474      change_adj_count=125      
2022-08-27 BST 21:26:39,745 - INFO - 

DAG 7: size_true=57	X.var()=17.9643
2022-08-27 BST 21:32:17,455 - INFO -  epoch=1000      train_loss=   1.5730      val_loss=   1.2958      best=1      size=  55      nSHD_c=   0.7667      nSHD=   0.7667      tpr_c=   0.8000      change_adj_count=97      
2022-08-27 BST 21:32:17,456 - INFO - 

DAG 8: size_true=53	X.var()=30.1910
2022-08-27 BST 21:37:59,475 - INFO -  epoch=1000      train_loss=   1.5073      val_loss=   1.1417      best=1      size=  56      nSHD_c=   0.5667      nSHD=   0.5667      tpr_c=   0.8036      change_adj_count=83      
2022-08-27 BST 21:37:59,476 - INFO - 

DAG 9: size_true=67	X.var()=38.9881
2022-08-27 BST 21:43:45,505 - INFO -  epoch=1000      train_loss=   1.6294      val_loss=   1.2828      best=1      size=  67      nSHD_c=   0.6667      nSHD=   0.6667      tpr_c=   0.8358      change_adj_count=123      
2022-08-27 BST 21:43:45,506 - INFO - 

DAG 10: size_true=65	X.var()=517.6001
2022-08-27 BST 21:49:32,631 - INFO -  epoch=1000      train_loss=  17.3795      val_loss=  13.1435      best=1      size=  83      nSHD_c=   2.2333      nSHD=   2.2333      tpr_c=   0.4699      change_adj_count=151      
2022-08-27 BST 21:49:32,632 - INFO - 

DAG 11: size_true=53	X.var()=23.7481
2022-08-27 BST 21:55:13,427 - INFO -  epoch=1000      train_loss=   1.5255      val_loss=   1.2549      best=1      size=  57      nSHD_c=   0.6667      nSHD=   0.6667      tpr_c=   0.7895      change_adj_count=92      
2022-08-27 BST 21:55:13,428 - INFO - 

DAG 12: size_true=51	X.var()=12.7369
2022-08-27 BST 22:00:52,373 - INFO -  epoch=1000      train_loss=   1.3623      val_loss=   1.1047      best=1      size=  47      nSHD_c=   0.1333      nSHD=   0.1333      tpr_c=   1.0000      change_adj_count=82      
2022-08-27 BST 22:00:52,374 - INFO - 

DAG 13: size_true=65	X.var()=338.1793
2022-08-27 BST 22:06:45,992 - INFO -  epoch=1000      train_loss=  17.2820      val_loss=  13.7004      best=1      size=  83      nSHD_c=   2.8667      nSHD=   2.7333      tpr_c=   0.3373      change_adj_count=172      
2022-08-27 BST 22:06:45,993 - INFO - 

DAG 14: size_true=50	X.var()=12.6952
2022-08-27 BST 22:12:24,279 - INFO -  epoch=1000      train_loss=   1.3344      val_loss=   1.0091      best=1      size=  51      nSHD_c=   0.2667      nSHD=   0.2667      tpr_c=   0.9020      change_adj_count=64      
2022-08-27 BST 22:12:24,280 - INFO - 

DAG 15: size_true=55	X.var()=18.8161
2022-08-27 BST 22:18:03,645 - INFO -  epoch=1000      train_loss=   1.4528      val_loss=   1.2006      best=1      size=  54      nSHD_c=   0.6000      nSHD=   0.6000      tpr_c=   0.8333      change_adj_count=97      
2022-08-27 BST 22:18:03,646 - INFO - 

DAG 16: size_true=64	X.var()=78.4576
2022-08-27 BST 22:23:52,440 - INFO -  epoch=1000      train_loss=   1.5834      val_loss=   1.2806      best=1      size=  65      nSHD_c=   0.8667      nSHD=   0.8667      tpr_c=   0.7846      change_adj_count=148      
2022-08-27 BST 22:23:52,441 - INFO - 

DAG 17: size_true=63	X.var()=17.1519
2022-08-27 BST 22:29:30,766 - INFO -  epoch=1000      train_loss=   1.3907      val_loss=   1.1084      best=1      size=  58      nSHD_c=   0.3333      nSHD=   0.3000      tpr_c=   0.9483      change_adj_count=95      
2022-08-27 BST 22:29:30,767 - INFO - 

DAG 18: size_true=55	X.var()=89.2797
2022-08-27 BST 22:35:10,500 - INFO -  epoch=1000      train_loss=   1.4776      val_loss=   1.1056      best=1      size=  56      nSHD_c=   0.4667      nSHD=   0.4667      tpr_c=   0.8571      change_adj_count=112      
2022-08-27 BST 22:35:10,501 - INFO - 

DAG 19: size_true=57	X.var()=31.1523
2022-08-27 BST 22:40:52,355 - INFO -  epoch=1000      train_loss=   1.5192      val_loss=   1.1571      best=1      size=  57      nSHD_c=   0.4333      nSHD=   0.4333      tpr_c=   0.8772      change_adj_count=105      
2022-08-27 BST 22:40:52,356 - INFO - 

DAG 20: size_true=52	X.var()=159.1654
2022-08-27 BST 22:46:40,058 - INFO -  epoch=1000      train_loss=   1.5179      val_loss=   1.0941      best=1      size=  51      nSHD_c=   0.3667      nSHD=   0.3667      tpr_c=   0.9020      change_adj_count=116      
2022-08-27 BST 22:46:40,059 - INFO - 

DAG 21: size_true=58	X.var()=41.0658
2022-08-27 BST 22:52:18,905 - INFO -  epoch=1000      train_loss=   1.5846      val_loss=   1.2529      best=1      size=  58      nSHD_c=   0.4000      nSHD=   0.4000      tpr_c=   0.8966      change_adj_count=105      
2022-08-27 BST 22:52:18,906 - INFO - 

DAG 22: size_true=47	X.var()=13.3169
2022-08-27 BST 22:57:56,900 - INFO -  epoch=1000      train_loss=   1.3552      val_loss=   1.0809      best=1      size=  43      nSHD_c=   0.3667      nSHD=   0.3667      tpr_c=   0.9070      change_adj_count=76      
2022-08-27 BST 22:57:56,902 - INFO - 

DAG 23: size_true=57	X.var()=30.0792
2022-08-27 BST 23:03:35,177 - INFO -  epoch=1000      train_loss=   1.5557      val_loss=   1.1782      best=1      size=  56      nSHD_c=   0.2000      nSHD=   0.2000      tpr_c=   0.9464      change_adj_count=98      
2022-08-27 BST 23:03:35,178 - INFO - 
last_mean_nshd_c=0.7028
2022-08-27 BST 23:03:35,178 - INFO - 
Time taken 2:16:57 (h:mm:ss)
2022-08-27 BST 23:03:35,178 - INFO - 
End of log for run 2022-08-27_BST_20:46:38,085_big_ste_l_84_010
