2022-08-27 BST 18:21:44,358 - INFO - 
Log for run 2022-08-27_BST_18:21:44,287_big_ste_l_84_001

2022-08-27 BST 18:21:44,358 - INFO - COMMENT = 'For Optuna on STE'
2022-08-27 BST 18:21:44,358 - INFO - DATA_FOLDER = '../data'
2022-08-27 BST 18:21:44,358 - INFO - LATENTS_FOLDER = '../latents'
2022-08-27 BST 18:21:44,358 - INFO - LOGS_FOLDER = '../logs'
2022-08-27 BST 18:21:44,358 - INFO - MODEL_FOLDER = '../models'
2022-08-27 BST 18:21:44,358 - INFO - RESULTS_FOLDER = '../results'
2022-08-27 BST 18:21:44,358 - INFO - DEVICE = torch.device("cuda" if torch.cuda.is_available() else "cpu")  # Used: "cuda"
2022-08-27 BST 18:21:44,358 - INFO - LATENTS = False
2022-08-27 BST 18:21:44,358 - INFO - MATRIX_REPORT = False
2022-08-27 BST 18:21:44,358 - INFO - LABEL = True
2022-08-27 BST 18:21:44,358 - INFO - SAVE_TO_ODS = False
2022-08-27 BST 18:21:44,358 - INFO - VAL_LOSS_FROM_DAG = True
2022-08-27 BST 18:21:44,358 - INFO - WANDB = False
2022-08-27 BST 18:21:44,358 - INFO - WANDB_PROJECT = 'Thetas'
2022-08-27 BST 18:21:44,358 - INFO - GRAD_LOG = False
2022-08-27 BST 18:21:44,358 - INFO - SAVE_RESULTS = False
2022-08-27 BST 18:21:44,358 - INFO - N_TRIALS = 1
2022-08-27 BST 18:21:44,358 - INFO - LOAD_OPTUNA_STUDY = None
2022-08-27 BST 18:21:44,359 - INFO - OPTUNA_STRINGS = {'None': None, 'True': True, 'False': False}
2022-08-27 BST 18:21:44,359 - INFO - TQDM = False
2022-08-27 BST 18:21:44,359 - INFO - 
hyperparameters = {
2022-08-27 BST 18:21:44,359 - INFO - 	'GRAPH_TYPE': 'ER2',
2022-08-27 BST 18:21:44,359 - INFO - 	'D': 30,
2022-08-27 BST 18:21:44,359 - INFO - 	'MAX_SIZE': 84,
2022-08-27 BST 18:21:44,359 - INFO - 	'SEM_NOISE': 'gaussian_ev',
2022-08-27 BST 18:21:44,359 - INFO - 	'N': 1200,
2022-08-27 BST 18:21:44,359 - INFO - 	'VAL': 0.16666666666666666,
2022-08-27 BST 18:21:44,359 - INFO - 	'N_EPOCHS': 1000,
2022-08-27 BST 18:21:44,359 - INFO - 	'BATCH_SIZE': None,
2022-08-27 BST 18:21:44,359 - INFO - 	'LOG2_BATCH_SIZE': 4,
2022-08-27 BST 18:21:44,359 - INFO - 	'BATCH_SHUFFLE': True,
2022-08-27 BST 18:21:44,359 - INFO - 	'N_SAMPLES': 10,
2022-08-27 BST 18:21:44,359 - INFO - 	'MODE': 'max_dag_test_only',
2022-08-27 BST 18:21:44,359 - INFO - 	'AFAS_SCHEDULER': None,
2022-08-27 BST 18:21:44,359 - INFO - 	'MINIZINC_SOLVER': None,
2022-08-27 BST 18:21:44,359 - INFO - 	'f_LINEAR_LAYERS': (),
2022-08-27 BST 18:21:44,359 - INFO - 	'f_BIAS': False,
2022-08-27 BST 18:21:44,359 - INFO - 	'p_LAYER': 'STE',
2022-08-27 BST 18:21:44,359 - INFO - 	'STREAMLINE': False,
2022-08-27 BST 18:21:44,359 - INFO - 	'THRESHOLD': 0.0,
2022-08-27 BST 18:21:44,359 - INFO - 	'h_LINEAR_LAYERS': (),
2022-08-27 BST 18:21:44,359 - INFO - 	'h_NULL': 0.0216881787013694,
2022-08-27 BST 18:21:44,359 - INFO - 	'h_LR': 0.000113389232350646,
2022-08-27 BST 18:21:44,359 - INFO - 	'h_OPTIMIZER': 'torch.optim.Adam(overall_net.h_net.parameters(), lr=h.h_LR)',
2022-08-27 BST 18:21:44,359 - INFO - 	'f_LR': 0.0123204369681095,
2022-08-27 BST 18:21:44,359 - INFO - 	'f_OPTIMIZER': 'torch.optim.Adam(overall_net.f_net.parameters(), lr=h.f_LR)',
2022-08-27 BST 18:21:44,359 - INFO - 	'NOISE_TEMPERATURE': 0.177138167187175,
2022-08-27 BST 18:21:44,359 - INFO - 	'NOISE_DISTRIBUTION': 'LogisticNoiseDistribution()',
2022-08-27 BST 18:21:44,359 - INFO - 	'LAMBDA': 1,
2022-08-27 BST 18:21:44,359 - INFO - 	'LOSS_FN': 'torch.nn.MSELoss()',
2022-08-27 BST 18:21:44,359 - INFO - 	'ALPHA': None,
2022-08-27 BST 18:21:44,359 - INFO - 	'BETA': None,
2022-08-27 BST 18:21:44,359 - INFO - 	'REGULARIZER': None,
2022-08-27 BST 18:21:44,359 - INFO - 	'z_RHO': 0.410122763411552,
2022-08-27 BST 18:21:44,360 - INFO - 	'z_MU': 0.0102343788252807,
2022-08-27 BST 18:21:44,360 - INFO - 	'z_REGULARIZER': 'NoTearsZRegularizer(h.D, h.z_RHO, h.z_MU, c.DEVICE)',
2022-08-27 BST 18:21:44,360 - INFO - 	'LR_SCHEDULER': None,
2022-08-27 BST 18:21:44,360 - INFO - 	'DATA_CATEGORY': 'big',
2022-08-27 BST 18:21:44,360 - INFO - 	'DAGS': '000'
2022-08-27 BST 18:21:44,360 - INFO - }

2022-08-27 BST 18:21:46,329 - INFO - 

DAG 0: size_true=53	X.var()=64.0950
2022-08-27 BST 18:27:53,216 - INFO -  epoch=1000      train_loss=   1.8849      val_loss=   1.5379      best=1      size=  64      nSHD_c=   1.4333      nSHD=   1.4333      tpr_c=   0.5625      change_adj_count=135      
2022-08-27 BST 18:27:53,223 - INFO - 

DAG 1: size_true=54	X.var()=18.0033
2022-08-27 BST 18:33:57,343 - INFO -  epoch=1000      train_loss=   1.4301      val_loss=   1.0649      best=1      size=  55      nSHD_c=   0.4333      nSHD=   0.4000      tpr_c=   0.8545      change_adj_count=109      
2022-08-27 BST 18:33:57,346 - INFO - 

DAG 2: size_true=51	X.var()=52.8714
2022-08-27 BST 18:39:19,755 - INFO -  epoch=1000      train_loss=   1.4405      val_loss=   1.0472      best=1      size=  51      nSHD_c=   0.0667      nSHD=   0.0667      tpr_c=   0.9804      change_adj_count=92      
2022-08-27 BST 18:39:19,756 - INFO - 

DAG 3: size_true=59	X.var()=57.0164
2022-08-27 BST 18:44:06,651 - INFO -  epoch=1000      train_loss=   1.7146      val_loss=   1.4149      best=1      size=  55      nSHD_c=   0.7667      nSHD=   0.7333      tpr_c=   0.8000      change_adj_count=131      
2022-08-27 BST 18:44:06,652 - INFO - 

DAG 4: size_true=46	X.var()=20.0969
2022-08-27 BST 18:49:02,430 - INFO -  epoch=1000      train_loss=   1.3072      val_loss=   1.0462      best=1      size=  48      nSHD_c=   0.3000      nSHD=   0.3333      tpr_c=   0.8750      change_adj_count=101      
2022-08-27 BST 18:49:02,431 - INFO - 

DAG 5: size_true=71	X.var()=46.6347
2022-08-27 BST 18:55:15,970 - INFO -  epoch=1000      train_loss=   1.4868      val_loss=   1.0587      best=1      size=  66      nSHD_c=   0.4000      nSHD=   0.4000      tpr_c=   0.9394      change_adj_count=130      
2022-08-27 BST 18:55:15,971 - INFO - 

DAG 6: size_true=56	X.var()=33.6011
2022-08-27 BST 19:00:23,593 - INFO -  epoch=1000      train_loss=   1.6666      val_loss=   1.2834      best=1      size=  59      nSHD_c=   1.0333      nSHD=   1.0000      tpr_c=   0.6780      change_adj_count=119      
2022-08-27 BST 19:00:23,594 - INFO - 

DAG 7: size_true=64	X.var()=445.8708
2022-08-27 BST 19:06:29,146 - INFO -  epoch=1000      train_loss=   1.7012      val_loss=   1.5529      best=1      size=  66      nSHD_c=   1.5000      nSHD=   1.3667      tpr_c=   0.6061      change_adj_count=150      
2022-08-27 BST 19:06:29,147 - INFO - 

DAG 8: size_true=56	X.var()=61.2067
2022-08-27 BST 19:12:27,978 - INFO -  epoch=1000      train_loss=   1.7543      val_loss=   1.5047      best=1      size=  55      nSHD_c=   0.6000      nSHD=   0.6000      tpr_c=   0.8364      change_adj_count=113      
2022-08-27 BST 19:12:27,980 - INFO - 

DAG 9: size_true=51	X.var()=9.8351
2022-08-27 BST 19:18:28,080 - INFO -  epoch=1000      train_loss=   1.3273      val_loss=   1.0372      best=1      size=  49      nSHD_c=   0.1333      nSHD=   0.1333      tpr_c=   0.9796      change_adj_count=69      
2022-08-27 BST 19:18:28,090 - INFO - 

DAG 10: size_true=62	X.var()=29.1091
2022-08-27 BST 19:24:31,050 - INFO -  epoch=1000      train_loss=   1.5544      val_loss=   1.2511      best=1      size=  58      nSHD_c=   0.9667      nSHD=   0.9667      tpr_c=   0.7759      change_adj_count=101      
2022-08-27 BST 19:24:31,051 - INFO - 

DAG 11: size_true=62	X.var()=23.3308
2022-08-27 BST 19:30:14,607 - INFO -  epoch=1000      train_loss=   1.4530      val_loss=   1.0860      best=1      size=  61      nSHD_c=   0.2333      nSHD=   0.2333      tpr_c=   0.9508      change_adj_count=108      
2022-08-27 BST 19:30:14,611 - INFO - 

DAG 12: size_true=57	X.var()=25.2445
2022-08-27 BST 19:36:32,604 - INFO -  epoch=1000      train_loss=   1.5799      val_loss=   1.2778      best=1      size=  55      nSHD_c=   0.8667      nSHD=   0.8667      tpr_c=   0.7818      change_adj_count=110      
2022-08-27 BST 19:36:32,605 - INFO - 

DAG 13: size_true=66	X.var()=78.0370
2022-08-27 BST 19:42:45,992 - INFO -  epoch=1000      train_loss=   1.9125      val_loss=   1.4764      best=1      size=  66      nSHD_c=   1.2000      nSHD=   1.2000      tpr_c=   0.7121      change_adj_count=152      
2022-08-27 BST 19:42:45,998 - INFO - 

DAG 14: size_true=43	X.var()=17.6479
2022-08-27 BST 19:48:31,479 - INFO -  epoch=1000      train_loss=   1.3399      val_loss=   1.1869      best=1      size=  42      nSHD_c=   0.6000      nSHD=   0.5333      tpr_c=   0.7619      change_adj_count=96      
2022-08-27 BST 19:48:31,480 - INFO - 

DAG 15: size_true=56	X.var()=19.7208
2022-08-27 BST 19:54:30,300 - INFO -  epoch=1000      train_loss=   1.5683      val_loss=   1.2641      best=1      size=  53      nSHD_c=   0.6333      nSHD=   0.6000      tpr_c=   0.8302      change_adj_count=108      
2022-08-27 BST 19:54:30,302 - INFO - 

DAG 16: size_true=58	X.var()=22.3043
2022-08-27 BST 20:00:25,669 - INFO -  epoch=1000      train_loss=   1.3749      val_loss=   1.0960      best=1      size=  58      nSHD_c=   0.4000      nSHD=   0.3333      tpr_c=   0.8793      change_adj_count=127      
2022-08-27 BST 20:00:25,678 - INFO - 

DAG 17: size_true=62	X.var()=41.4511
2022-08-27 BST 20:06:22,624 - INFO -  epoch=1000      train_loss=   1.5434      val_loss=   1.2198      best=1      size=  59      nSHD_c=   1.1000      nSHD=   1.0333      tpr_c=   0.7288      change_adj_count=111      
2022-08-27 BST 20:06:22,625 - INFO - 

DAG 18: size_true=54	X.var()=39.0733
2022-08-27 BST 20:12:05,073 - INFO -  epoch=1000      train_loss=   1.3337      val_loss=   1.0476      best=1      size=  52      nSHD_c=   0.1333      nSHD=   0.1333      tpr_c=   0.9808      change_adj_count=110      
2022-08-27 BST 20:12:05,073 - INFO - 

DAG 19: size_true=60	X.var()=48.6541
2022-08-27 BST 20:17:51,694 - INFO -  epoch=1000      train_loss=   1.5483      val_loss=   1.2191      best=1      size=  61      nSHD_c=   0.8000      nSHD=   0.7667      tpr_c=   0.7705      change_adj_count=101      
2022-08-27 BST 20:17:51,694 - INFO - 

DAG 20: size_true=53	X.var()=68.3311
2022-08-27 BST 20:23:38,766 - INFO -  epoch=1000      train_loss=   1.5571      val_loss=   1.1779      best=1      size=  58      nSHD_c=   0.9333      nSHD=   0.9000      tpr_c=   0.6897      change_adj_count=115      
2022-08-27 BST 20:23:38,767 - INFO - 

DAG 21: size_true=60	X.var()=156.8093
2022-08-27 BST 20:29:37,802 - INFO -  epoch=1000      train_loss=   1.8756      val_loss=   1.4978      best=1      size=  65      nSHD_c=   1.2667      nSHD=   1.2333      tpr_c=   0.6462      change_adj_count=167      
2022-08-27 BST 20:29:37,803 - INFO - 

DAG 22: size_true=60	X.var()=33.9422
2022-08-27 BST 20:35:28,083 - INFO -  epoch=1000      train_loss=   1.5661      val_loss=   1.1731      best=1      size=  59      nSHD_c=   0.7333      nSHD=   0.6667      tpr_c=   0.7966      change_adj_count=113      
2022-08-27 BST 20:35:28,084 - INFO - 

DAG 23: size_true=56	X.var()=19.4415
2022-08-27 BST 20:41:27,183 - INFO -  epoch=1000      train_loss=   1.4168      val_loss=   1.1494      best=1      size=  52      nSHD_c=   0.2667      nSHD=   0.2000      tpr_c=   0.9423      change_adj_count=87      
2022-08-27 BST 20:41:27,184 - INFO - 
last_mean_nshd_c=0.7000
2022-08-27 BST 20:41:27,184 - INFO - 
Time taken 2:19:43 (h:mm:ss)
2022-08-27 BST 20:41:27,184 - INFO - 
End of log for run 2022-08-27_BST_18:21:44,287_big_ste_l_84_001
