2022-08-27 BST 18:34:48,822 - INFO - 
Log for run 2022-08-27_BST_18:34:48,783_big_ste_l_84_007

2022-08-27 BST 18:34:48,822 - INFO - COMMENT = 'For Optuna on STE'
2022-08-27 BST 18:34:48,822 - INFO - DATA_FOLDER = '../data'
2022-08-27 BST 18:34:48,822 - INFO - LATENTS_FOLDER = '../latents'
2022-08-27 BST 18:34:48,822 - INFO - LOGS_FOLDER = '../logs'
2022-08-27 BST 18:34:48,822 - INFO - MODEL_FOLDER = '../models'
2022-08-27 BST 18:34:48,823 - INFO - RESULTS_FOLDER = '../results'
2022-08-27 BST 18:34:48,823 - INFO - DEVICE = torch.device("cuda" if torch.cuda.is_available() else "cpu")  # Used: "cuda"
2022-08-27 BST 18:34:48,823 - INFO - LATENTS = False
2022-08-27 BST 18:34:48,823 - INFO - MATRIX_REPORT = False
2022-08-27 BST 18:34:48,823 - INFO - LABEL = True
2022-08-27 BST 18:34:48,823 - INFO - SAVE_TO_ODS = False
2022-08-27 BST 18:34:48,823 - INFO - VAL_LOSS_FROM_DAG = True
2022-08-27 BST 18:34:48,823 - INFO - WANDB = False
2022-08-27 BST 18:34:48,823 - INFO - WANDB_PROJECT = 'Thetas'
2022-08-27 BST 18:34:48,823 - INFO - GRAD_LOG = False
2022-08-27 BST 18:34:48,823 - INFO - SAVE_RESULTS = False
2022-08-27 BST 18:34:48,823 - INFO - N_TRIALS = 1
2022-08-27 BST 18:34:48,823 - INFO - LOAD_OPTUNA_STUDY = None
2022-08-27 BST 18:34:48,823 - INFO - OPTUNA_STRINGS = {'None': None, 'True': True, 'False': False}
2022-08-27 BST 18:34:48,823 - INFO - TQDM = False
2022-08-27 BST 18:34:48,823 - INFO - 
hyperparameters = {
2022-08-27 BST 18:34:48,823 - INFO - 	'GRAPH_TYPE': 'ER2',
2022-08-27 BST 18:34:48,823 - INFO - 	'D': 30,
2022-08-27 BST 18:34:48,823 - INFO - 	'MAX_SIZE': 84,
2022-08-27 BST 18:34:48,823 - INFO - 	'SEM_NOISE': 'gaussian_ev',
2022-08-27 BST 18:34:48,824 - INFO - 	'N': 1200,
2022-08-27 BST 18:34:48,824 - INFO - 	'VAL': 0.16666666666666666,
2022-08-27 BST 18:34:48,824 - INFO - 	'N_EPOCHS': 1000,
2022-08-27 BST 18:34:48,824 - INFO - 	'BATCH_SIZE': None,
2022-08-27 BST 18:34:48,824 - INFO - 	'LOG2_BATCH_SIZE': 4,
2022-08-27 BST 18:34:48,824 - INFO - 	'BATCH_SHUFFLE': True,
2022-08-27 BST 18:34:48,824 - INFO - 	'N_SAMPLES': 10,
2022-08-27 BST 18:34:48,824 - INFO - 	'MODE': 'max_dag_test_only',
2022-08-27 BST 18:34:48,824 - INFO - 	'AFAS_SCHEDULER': None,
2022-08-27 BST 18:34:48,824 - INFO - 	'MINIZINC_SOLVER': None,
2022-08-27 BST 18:34:48,824 - INFO - 	'f_LINEAR_LAYERS': (),
2022-08-27 BST 18:34:48,824 - INFO - 	'f_BIAS': False,
2022-08-27 BST 18:34:48,824 - INFO - 	'p_LAYER': 'STE',
2022-08-27 BST 18:34:48,824 - INFO - 	'STREAMLINE': False,
2022-08-27 BST 18:34:48,824 - INFO - 	'THRESHOLD': 0.0,
2022-08-27 BST 18:34:48,824 - INFO - 	'h_LINEAR_LAYERS': (),
2022-08-27 BST 18:34:48,824 - INFO - 	'h_NULL': 0.0216881787013694,
2022-08-27 BST 18:34:48,824 - INFO - 	'h_LR': 0.000113389232350646,
2022-08-27 BST 18:34:48,824 - INFO - 	'h_OPTIMIZER': 'torch.optim.Adam(overall_net.h_net.parameters(), lr=h.h_LR)',
2022-08-27 BST 18:34:48,824 - INFO - 	'f_LR': 0.0123204369681095,
2022-08-27 BST 18:34:48,824 - INFO - 	'f_OPTIMIZER': 'torch.optim.Adam(overall_net.f_net.parameters(), lr=h.f_LR)',
2022-08-27 BST 18:34:48,825 - INFO - 	'NOISE_TEMPERATURE': 0.177138167187175,
2022-08-27 BST 18:34:48,825 - INFO - 	'NOISE_DISTRIBUTION': 'LogisticNoiseDistribution()',
2022-08-27 BST 18:34:48,825 - INFO - 	'LAMBDA': 1,
2022-08-27 BST 18:34:48,825 - INFO - 	'LOSS_FN': 'torch.nn.MSELoss()',
2022-08-27 BST 18:34:48,825 - INFO - 	'ALPHA': None,
2022-08-27 BST 18:34:48,825 - INFO - 	'BETA': None,
2022-08-27 BST 18:34:48,825 - INFO - 	'REGULARIZER': None,
2022-08-27 BST 18:34:48,825 - INFO - 	'z_RHO': 0.410122763411552,
2022-08-27 BST 18:34:48,825 - INFO - 	'z_MU': 0.0102343788252807,
2022-08-27 BST 18:34:48,825 - INFO - 	'z_REGULARIZER': 'NoTearsZRegularizer(h.D, h.z_RHO, h.z_MU, c.DEVICE)',
2022-08-27 BST 18:34:48,825 - INFO - 	'LR_SCHEDULER': None,
2022-08-27 BST 18:34:48,825 - INFO - 	'DATA_CATEGORY': 'big',
2022-08-27 BST 18:34:48,825 - INFO - 	'DAGS': '006'
2022-08-27 BST 18:34:48,825 - INFO - }

2022-08-27 BST 18:34:51,080 - INFO - 

DAG 0: size_true=62	X.var()=368.9227
2022-08-27 BST 18:41:25,068 - INFO -  epoch=1000      train_loss=   6.8977      val_loss=   3.7733      best=1      size=  84      nSHD_c=   2.6333      nSHD=   2.6333      tpr_c=   0.3690      change_adj_count=129      
2022-08-27 BST 18:41:25,069 - INFO - 

DAG 1: size_true=69	X.var()=38.0069
2022-08-27 BST 18:47:41,701 - INFO -  epoch=1000      train_loss=   1.4840      val_loss=   1.0490      best=1      size=  67      nSHD_c=   0.1333      nSHD=   0.1333      tpr_c=   0.9851      change_adj_count=102      
2022-08-27 BST 18:47:41,703 - INFO - 

DAG 2: size_true=60	X.var()=17.7925
2022-08-27 BST 18:53:58,247 - INFO -  epoch=1000      train_loss=   1.4310      val_loss=   1.3882      best=1      size=  54      nSHD_c=   0.7333      nSHD=   0.6333      tpr_c=   0.8148      change_adj_count=93      
2022-08-27 BST 18:53:58,247 - INFO - 

DAG 3: size_true=58	X.var()=21.1439
2022-08-27 BST 19:00:17,858 - INFO -  epoch=1000      train_loss=   1.5436      val_loss=   1.2080      best=1      size=  57      nSHD_c=   0.6000      nSHD=   0.6000      tpr_c=   0.8421      change_adj_count=107      
2022-08-27 BST 19:00:17,859 - INFO - 

DAG 4: size_true=65	X.var()=38.0292
2022-08-27 BST 19:06:37,096 - INFO -  epoch=1000      train_loss=   1.6294      val_loss=   1.2425      best=1      size=  68      nSHD_c=   1.2000      nSHD=   1.2000      tpr_c=   0.6912      change_adj_count=104      
2022-08-27 BST 19:06:37,097 - INFO - 

DAG 5: size_true=64	X.var()=51.0068
2022-08-27 BST 19:12:30,801 - INFO -  epoch=1000      train_loss=   1.4352      val_loss=   1.0939      best=1      size=  58      nSHD_c=   0.3333      nSHD=   0.2667      tpr_c=   0.9483      change_adj_count=127      
2022-08-27 BST 19:12:30,802 - INFO - 

DAG 6: size_true=57	X.var()=29.7290
2022-08-27 BST 19:18:19,013 - INFO -  epoch=1000      train_loss=   1.3993      val_loss=   1.1155      best=1      size=  52      nSHD_c=   0.4000      nSHD=   0.3667      tpr_c=   0.9231      change_adj_count=75      
2022-08-27 BST 19:18:19,014 - INFO - 

DAG 7: size_true=68	X.var()=55.3464
2022-08-27 BST 19:24:07,608 - INFO -  epoch=1000      train_loss=   1.6114      val_loss=   1.2678      best=1      size=  65      nSHD_c=   0.7000      nSHD=   0.6667      tpr_c=   0.8462      change_adj_count=143      
2022-08-27 BST 19:24:07,609 - INFO - 

DAG 8: size_true=59	X.var()=103.6246
2022-08-27 BST 19:30:01,474 - INFO -  epoch=1000      train_loss=   1.6410      val_loss=   1.2342      best=1      size=  58      nSHD_c=   0.8333      nSHD=   0.7333      tpr_c=   0.7586      change_adj_count=128      
2022-08-27 BST 19:30:01,475 - INFO - 

DAG 9: size_true=71	X.var()=315.9312
2022-08-27 BST 19:35:50,750 - INFO -  epoch=1000      train_loss=   5.1823      val_loss=   2.3838      best=1      size=  84      nSHD_c=   1.7667      nSHD=   1.7667      tpr_c=   0.5952      change_adj_count=150      
2022-08-27 BST 19:35:50,751 - INFO - 

DAG 10: size_true=56	X.var()=22.0931
2022-08-27 BST 19:41:52,943 - INFO -  epoch=1000      train_loss=   1.3633      val_loss=   1.0277      best=1      size=  53      nSHD_c=   0.1333      nSHD=   0.1000      tpr_c=   0.9811      change_adj_count=77      
2022-08-27 BST 19:41:52,944 - INFO - 

DAG 11: size_true=54	X.var()=16.3164
2022-08-27 BST 19:48:19,714 - INFO -  epoch=1000      train_loss=   1.5091      val_loss=   1.2174      best=1      size=  54      nSHD_c=   0.7000      nSHD=   0.7000      tpr_c=   0.7963      change_adj_count=109      
2022-08-27 BST 19:48:19,715 - INFO - 

DAG 12: size_true=71	X.var()=19.2377
2022-08-27 BST 19:54:54,340 - INFO -  epoch=1000      train_loss=   1.5321      val_loss=   1.1444      best=1      size=  68      nSHD_c=   0.3667      nSHD=   0.3667      tpr_c=   0.9412      change_adj_count=116      
2022-08-27 BST 19:54:54,341 - INFO - 

DAG 13: size_true=53	X.var()=55.7532
2022-08-27 BST 20:01:23,858 - INFO -  epoch=1000      train_loss=   1.4501      val_loss=   1.1121      best=1      size=  54      nSHD_c=   0.4667      nSHD=   0.4667      tpr_c=   0.8519      change_adj_count=108      
2022-08-27 BST 20:01:23,859 - INFO - 

DAG 14: size_true=69	X.var()=47.8332
2022-08-27 BST 20:08:00,879 - INFO -  epoch=1000      train_loss=   1.7766      val_loss=   1.3325      best=1      size=  72      nSHD_c=   1.1333      nSHD=   1.1333      tpr_c=   0.7361      change_adj_count=144      
2022-08-27 BST 20:08:00,880 - INFO - 

DAG 15: size_true=60	X.var()=15.3445
2022-08-27 BST 20:14:08,595 - INFO -  epoch=1000      train_loss=   1.3944      val_loss=   1.0757      best=1      size=  54      nSHD_c=   0.4000      nSHD=   0.3667      tpr_c=   0.9259      change_adj_count=90      
2022-08-27 BST 20:14:08,596 - INFO - 

DAG 16: size_true=57	X.var()=17.3689
2022-08-27 BST 20:19:50,039 - INFO -  epoch=1000      train_loss=   1.3572      val_loss=   1.0425      best=1      size=  54      nSHD_c=   0.1000      nSHD=   0.1000      tpr_c=   1.0000      change_adj_count=87      
2022-08-27 BST 20:19:50,040 - INFO - 

DAG 17: size_true=65	X.var()=773.3836
2022-08-27 BST 20:25:39,812 - INFO -  epoch=1000      train_loss=  31.7647      val_loss=  13.2897      best=1      size=  83      nSHD_c=   2.2333      nSHD=   2.2333      tpr_c=   0.4578      change_adj_count=178      
2022-08-27 BST 20:25:39,813 - INFO - 

DAG 18: size_true=58	X.var()=506.2439
2022-08-27 BST 20:31:29,756 - INFO -  epoch=1000      train_loss=   1.7892      val_loss=   1.3446      best=1      size=  84      nSHD_c=   1.5333      nSHD=   1.5000      tpr_c=   0.5595      change_adj_count=131      
2022-08-27 BST 20:31:29,757 - INFO - 

DAG 19: size_true=52	X.var()=17.8973
2022-08-27 BST 20:37:07,642 - INFO -  epoch=1000      train_loss=   1.2853      val_loss=   1.0341      best=1      size=  50      nSHD_c=   0.0667      nSHD=   0.0667      tpr_c=   1.0000      change_adj_count=90      
2022-08-27 BST 20:37:07,643 - INFO - 

DAG 20: size_true=63	X.var()=56.0668
2022-08-27 BST 20:42:56,946 - INFO -  epoch=1000      train_loss=   1.7574      val_loss=   1.3327      best=1      size=  68      nSHD_c=   0.9667      nSHD=   0.9667      tpr_c=   0.7353      change_adj_count=149      
2022-08-27 BST 20:42:56,947 - INFO - 

DAG 21: size_true=60	X.var()=27.2736
2022-08-27 BST 20:49:22,638 - INFO -  epoch=1000      train_loss=   1.6024      val_loss=   1.2957      best=1      size=  63      nSHD_c=   0.6667      nSHD=   0.6667      tpr_c=   0.8095      change_adj_count=112      
2022-08-27 BST 20:49:22,639 - INFO - 

DAG 22: size_true=58	X.var()=49.8536
2022-08-27 BST 20:55:56,700 - INFO -  epoch=1000      train_loss=   1.4385      val_loss=   1.1669      best=1      size=  58      nSHD_c=   0.6000      nSHD=   0.6333      tpr_c=   0.8276      change_adj_count=121      
2022-08-27 BST 20:55:56,702 - INFO - 

DAG 23: size_true=70	X.var()=162.7559
2022-08-27 BST 21:02:34,385 - INFO -  epoch=1000      train_loss=   1.7112      val_loss=   1.1973      best=1      size=  70      nSHD_c=   0.6000      nSHD=   0.6000      tpr_c=   0.8714      change_adj_count=142      
2022-08-27 BST 21:02:34,387 - INFO - 
last_mean_nshd_c=0.8042
2022-08-27 BST 21:02:34,387 - INFO - 
Time taken 2:27:46 (h:mm:ss)
2022-08-27 BST 21:02:34,387 - INFO - 
End of log for run 2022-08-27_BST_18:34:48,783_big_ste_l_84_007
