2022-08-27 BST 18:26:15,630 - INFO - 
Log for run 2022-08-27_BST_18:26:15,578_big_ste_l_84_005

2022-08-27 BST 18:26:15,630 - INFO - COMMENT = 'For Optuna on STE'
2022-08-27 BST 18:26:15,630 - INFO - DATA_FOLDER = '../data'
2022-08-27 BST 18:26:15,630 - INFO - LATENTS_FOLDER = '../latents'
2022-08-27 BST 18:26:15,631 - INFO - LOGS_FOLDER = '../logs'
2022-08-27 BST 18:26:15,631 - INFO - MODEL_FOLDER = '../models'
2022-08-27 BST 18:26:15,631 - INFO - RESULTS_FOLDER = '../results'
2022-08-27 BST 18:26:15,631 - INFO - DEVICE = torch.device("cuda" if torch.cuda.is_available() else "cpu")  # Used: "cuda"
2022-08-27 BST 18:26:15,631 - INFO - LATENTS = False
2022-08-27 BST 18:26:15,631 - INFO - MATRIX_REPORT = False
2022-08-27 BST 18:26:15,631 - INFO - LABEL = True
2022-08-27 BST 18:26:15,631 - INFO - SAVE_TO_ODS = False
2022-08-27 BST 18:26:15,631 - INFO - VAL_LOSS_FROM_DAG = True
2022-08-27 BST 18:26:15,631 - INFO - WANDB = False
2022-08-27 BST 18:26:15,631 - INFO - WANDB_PROJECT = 'Thetas'
2022-08-27 BST 18:26:15,631 - INFO - GRAD_LOG = False
2022-08-27 BST 18:26:15,631 - INFO - SAVE_RESULTS = False
2022-08-27 BST 18:26:15,631 - INFO - N_TRIALS = 1
2022-08-27 BST 18:26:15,631 - INFO - LOAD_OPTUNA_STUDY = None
2022-08-27 BST 18:26:15,632 - INFO - OPTUNA_STRINGS = {'None': None, 'True': True, 'False': False}
2022-08-27 BST 18:26:15,632 - INFO - TQDM = False
2022-08-27 BST 18:26:15,632 - INFO - 
hyperparameters = {
2022-08-27 BST 18:26:15,632 - INFO - 	'GRAPH_TYPE': 'ER2',
2022-08-27 BST 18:26:15,632 - INFO - 	'D': 30,
2022-08-27 BST 18:26:15,632 - INFO - 	'MAX_SIZE': 84,
2022-08-27 BST 18:26:15,632 - INFO - 	'SEM_NOISE': 'gaussian_ev',
2022-08-27 BST 18:26:15,632 - INFO - 	'N': 1200,
2022-08-27 BST 18:26:15,632 - INFO - 	'VAL': 0.16666666666666666,
2022-08-27 BST 18:26:15,632 - INFO - 	'N_EPOCHS': 1000,
2022-08-27 BST 18:26:15,632 - INFO - 	'BATCH_SIZE': None,
2022-08-27 BST 18:26:15,632 - INFO - 	'LOG2_BATCH_SIZE': 4,
2022-08-27 BST 18:26:15,632 - INFO - 	'BATCH_SHUFFLE': True,
2022-08-27 BST 18:26:15,632 - INFO - 	'N_SAMPLES': 10,
2022-08-27 BST 18:26:15,633 - INFO - 	'MODE': 'max_dag_test_only',
2022-08-27 BST 18:26:15,633 - INFO - 	'AFAS_SCHEDULER': None,
2022-08-27 BST 18:26:15,633 - INFO - 	'MINIZINC_SOLVER': None,
2022-08-27 BST 18:26:15,633 - INFO - 	'f_LINEAR_LAYERS': (),
2022-08-27 BST 18:26:15,633 - INFO - 	'f_BIAS': False,
2022-08-27 BST 18:26:15,633 - INFO - 	'p_LAYER': 'STE',
2022-08-27 BST 18:26:15,633 - INFO - 	'STREAMLINE': False,
2022-08-27 BST 18:26:15,633 - INFO - 	'THRESHOLD': 0.0,
2022-08-27 BST 18:26:15,633 - INFO - 	'h_LINEAR_LAYERS': (),
2022-08-27 BST 18:26:15,633 - INFO - 	'h_NULL': 0.0216881787013694,
2022-08-27 BST 18:26:15,633 - INFO - 	'h_LR': 0.000113389232350646,
2022-08-27 BST 18:26:15,633 - INFO - 	'h_OPTIMIZER': 'torch.optim.Adam(overall_net.h_net.parameters(), lr=h.h_LR)',
2022-08-27 BST 18:26:15,633 - INFO - 	'f_LR': 0.0123204369681095,
2022-08-27 BST 18:26:15,633 - INFO - 	'f_OPTIMIZER': 'torch.optim.Adam(overall_net.f_net.parameters(), lr=h.f_LR)',
2022-08-27 BST 18:26:15,634 - INFO - 	'NOISE_TEMPERATURE': 0.177138167187175,
2022-08-27 BST 18:26:15,634 - INFO - 	'NOISE_DISTRIBUTION': 'LogisticNoiseDistribution()',
2022-08-27 BST 18:26:15,634 - INFO - 	'LAMBDA': 1,
2022-08-27 BST 18:26:15,634 - INFO - 	'LOSS_FN': 'torch.nn.MSELoss()',
2022-08-27 BST 18:26:15,634 - INFO - 	'ALPHA': None,
2022-08-27 BST 18:26:15,634 - INFO - 	'BETA': None,
2022-08-27 BST 18:26:15,634 - INFO - 	'REGULARIZER': None,
2022-08-27 BST 18:26:15,634 - INFO - 	'z_RHO': 0.410122763411552,
2022-08-27 BST 18:26:15,634 - INFO - 	'z_MU': 0.0102343788252807,
2022-08-27 BST 18:26:15,634 - INFO - 	'z_REGULARIZER': 'NoTearsZRegularizer(h.D, h.z_RHO, h.z_MU, c.DEVICE)',
2022-08-27 BST 18:26:15,634 - INFO - 	'LR_SCHEDULER': None,
2022-08-27 BST 18:26:15,634 - INFO - 	'DATA_CATEGORY': 'big',
2022-08-27 BST 18:26:15,634 - INFO - 	'DAGS': '004'
2022-08-27 BST 18:26:15,634 - INFO - }

2022-08-27 BST 18:26:17,556 - INFO - 

DAG 0: size_true=61	X.var()=61.8741
2022-08-27 BST 18:32:35,459 - INFO -  epoch=1000      train_loss=   1.5082      val_loss=   1.1236      best=1      size=  56      nSHD_c=   0.3667      nSHD=   0.3667      tpr_c=   0.9464      change_adj_count=135      
2022-08-27 BST 18:32:35,460 - INFO - 

DAG 1: size_true=62	X.var()=74.0976
2022-08-27 BST 18:38:37,171 - INFO -  epoch=1000      train_loss=   1.4848      val_loss=   1.2330      best=1      size=  56      nSHD_c=   0.7000      nSHD=   0.7000      tpr_c=   0.8571      change_adj_count=141      
2022-08-27 BST 18:38:37,172 - INFO - 

DAG 2: size_true=58	X.var()=23.3378
2022-08-27 BST 18:44:13,182 - INFO -  epoch=1000      train_loss=   1.4428      val_loss=   1.1544      best=1      size=  48      nSHD_c=   0.6000      nSHD=   0.5667      tpr_c=   0.8958      change_adj_count=102      
2022-08-27 BST 18:44:13,183 - INFO - 

DAG 3: size_true=56	X.var()=48.7906
2022-08-27 BST 18:49:56,752 - INFO -  epoch=1000      train_loss=   1.5240      val_loss=   1.2112      best=1      size=  58      nSHD_c=   0.5667      nSHD=   0.5333      tpr_c=   0.8276      change_adj_count=81      
2022-08-27 BST 18:49:56,753 - INFO - 

DAG 4: size_true=53	X.var()=185.2204
2022-08-27 BST 18:56:05,937 - INFO -  epoch=1000      train_loss=   1.4448      val_loss=   1.0897      best=1      size=  55      nSHD_c=   0.4000      nSHD=   0.4000      tpr_c=   0.8727      change_adj_count=100      
2022-08-27 BST 18:56:05,938 - INFO - 

DAG 5: size_true=51	X.var()=10.1779
2022-08-27 BST 19:02:26,594 - INFO -  epoch=1000      train_loss=   1.4910      val_loss=   1.4669      best=1      size=  46      nSHD_c=   0.7000      nSHD=   0.6667      tpr_c=   0.8043      change_adj_count=84      
2022-08-27 BST 19:02:26,594 - INFO - 

DAG 6: size_true=43	X.var()=18.2984
2022-08-27 BST 19:08:33,203 - INFO -  epoch=1000      train_loss=   1.2886      val_loss=   1.0845      best=1      size=  44      nSHD_c=   0.1000      nSHD=   0.1000      tpr_c=   0.9545      change_adj_count=71      
2022-08-27 BST 19:08:33,204 - INFO - 

DAG 7: size_true=51	X.var()=30.6040
2022-08-27 BST 19:14:28,977 - INFO -  epoch=1000      train_loss=   1.4207      val_loss=   1.1745      best=1      size=  46      nSHD_c=   0.5000      nSHD=   0.5000      tpr_c=   0.8913      change_adj_count=102      
2022-08-27 BST 19:14:28,978 - INFO - 

DAG 8: size_true=70	X.var()=73.3735
2022-08-27 BST 19:20:03,272 - INFO -  epoch=1000      train_loss=   2.0354      val_loss=   1.5117      best=1      size=  76      nSHD_c=   2.0667      nSHD=   2.0333      tpr_c=   0.5263      change_adj_count=128      
2022-08-27 BST 19:20:03,273 - INFO - 

DAG 9: size_true=63	X.var()=92.9967
2022-08-27 BST 19:25:46,297 - INFO -  epoch=1000      train_loss=   1.8226      val_loss=   1.3703      best=1      size=  69      nSHD_c=   1.1000      nSHD=   1.1000      tpr_c=   0.7101      change_adj_count=159      
2022-08-27 BST 19:25:46,298 - INFO - 

DAG 10: size_true=56	X.var()=14.6182
2022-08-27 BST 19:31:19,170 - INFO -  epoch=1000      train_loss=   1.4478      val_loss=   1.1798      best=1      size=  52      nSHD_c=   0.4667      nSHD=   0.4333      tpr_c=   0.8846      change_adj_count=80      
2022-08-27 BST 19:31:19,171 - INFO - 

DAG 11: size_true=49	X.var()=23.7262
2022-08-27 BST 19:36:50,121 - INFO -  epoch=1000      train_loss=   1.5133      val_loss=   1.2359      best=1      size=  50      nSHD_c=   0.7000      nSHD=   0.7000      tpr_c=   0.7600      change_adj_count=103      
2022-08-27 BST 19:36:50,122 - INFO - 

DAG 12: size_true=65	X.var()=38.8774
2022-08-27 BST 19:42:26,872 - INFO -  epoch=1000      train_loss=   1.4898      val_loss=   1.1464      best=1      size=  60      nSHD_c=   0.5667      nSHD=   0.4333      tpr_c=   0.8667      change_adj_count=110      
2022-08-27 BST 19:42:26,873 - INFO - 

DAG 13: size_true=47	X.var()=8.9720
2022-08-27 BST 19:47:55,607 - INFO -  epoch=1000      train_loss=   1.3253      val_loss=   1.0702      best=1      size=  44      nSHD_c=   0.1667      nSHD=   0.1667      tpr_c=   0.9773      change_adj_count=70      
2022-08-27 BST 19:47:55,608 - INFO - 

DAG 14: size_true=61	X.var()=38.1069
2022-08-27 BST 19:53:26,005 - INFO -  epoch=1000      train_loss=   1.4087      val_loss=   1.0811      best=1      size=  56      nSHD_c=   0.3667      nSHD=   0.3667      tpr_c=   0.9464      change_adj_count=90      
2022-08-27 BST 19:53:26,005 - INFO - 

DAG 15: size_true=57	X.var()=67.1618
2022-08-27 BST 19:59:06,738 - INFO -  epoch=1000      train_loss=   1.8892      val_loss=   1.4684      best=1      size=  56      nSHD_c=   0.6333      nSHD=   0.6333      tpr_c=   0.8393      change_adj_count=133      
2022-08-27 BST 19:59:06,739 - INFO - 

DAG 16: size_true=62	X.var()=11.0188
2022-08-27 BST 20:04:38,005 - INFO -  epoch=1000      train_loss=   1.5902      val_loss=   1.2454      best=1      size=  60      nSHD_c=   0.7667      nSHD=   0.7000      tpr_c=   0.8000      change_adj_count=97      
2022-08-27 BST 20:04:38,007 - INFO - 

DAG 17: size_true=64	X.var()=292.5978
2022-08-27 BST 20:10:16,780 - INFO -  epoch=1000      train_loss=   1.3845      val_loss=   1.3174      best=1      size=  83      nSHD_c=   1.4333      nSHD=   1.4333      tpr_c=   0.6145      change_adj_count=141      
2022-08-27 BST 20:10:16,781 - INFO - 

DAG 18: size_true=59	X.var()=39.3397
2022-08-27 BST 20:15:48,450 - INFO -  epoch=1000      train_loss=   1.4479      val_loss=   1.1239      best=1      size=  56      nSHD_c=   0.5667      nSHD=   0.5667      tpr_c=   0.8750      change_adj_count=116      
2022-08-27 BST 20:15:48,451 - INFO - 

DAG 19: size_true=63	X.var()=21.9424
2022-08-27 BST 20:21:22,880 - INFO -  epoch=1000      train_loss=   1.4155      val_loss=   1.0888      best=1      size=  58      nSHD_c=   0.2333      nSHD=   0.2333      tpr_c=   0.9828      change_adj_count=114      
2022-08-27 BST 20:21:22,881 - INFO - 

DAG 20: size_true=63	X.var()=97.0018
2022-08-27 BST 20:27:03,750 - INFO -  epoch=1000      train_loss=   1.8586      val_loss=   1.6657      best=1      size=  62      nSHD_c=   1.0000      nSHD=   1.0000      tpr_c=   0.7581      change_adj_count=156      
2022-08-27 BST 20:27:03,751 - INFO - 

DAG 21: size_true=71	X.var()=71.9928
2022-08-27 BST 20:32:37,180 - INFO -  epoch=1000      train_loss=   1.5317      val_loss=   1.5501      best=1      size=  64      nSHD_c=   1.2333      nSHD=   1.2333      tpr_c=   0.7656      change_adj_count=127      
2022-08-27 BST 20:32:37,181 - INFO - 

DAG 22: size_true=56	X.var()=81.3484
2022-08-27 BST 20:38:19,719 - INFO -  epoch=1000      train_loss=   1.6577      val_loss=   1.5414      best=1      size=  79      nSHD_c=   1.7667      nSHD=   1.7667      tpr_c=   0.4937      change_adj_count=137      
2022-08-27 BST 20:38:19,720 - INFO - 

DAG 23: size_true=51	X.var()=38.2682
2022-08-27 BST 20:43:57,062 - INFO -  epoch=1000      train_loss=   1.4531      val_loss=   1.1010      best=1      size=  53      nSHD_c=   0.3667      nSHD=   0.3667      tpr_c=   0.8679      change_adj_count=108      
2022-08-27 BST 20:43:57,063 - INFO - 
last_mean_nshd_c=0.7236
2022-08-27 BST 20:43:57,063 - INFO - 
Time taken 2:17:41 (h:mm:ss)
2022-08-27 BST 20:43:57,063 - INFO - 
End of log for run 2022-08-27_BST_18:26:15,578_big_ste_l_84_005
