2022-08-27 BST 18:24:17,194 - INFO - 
Log for run 2022-08-27_BST_18:24:17,109_big_ste_l_84_004

2022-08-27 BST 18:24:17,195 - INFO - COMMENT = 'For Optuna on STE'
2022-08-27 BST 18:24:17,195 - INFO - DATA_FOLDER = '../data'
2022-08-27 BST 18:24:17,195 - INFO - LATENTS_FOLDER = '../latents'
2022-08-27 BST 18:24:17,195 - INFO - LOGS_FOLDER = '../logs'
2022-08-27 BST 18:24:17,195 - INFO - MODEL_FOLDER = '../models'
2022-08-27 BST 18:24:17,195 - INFO - RESULTS_FOLDER = '../results'
2022-08-27 BST 18:24:17,195 - INFO - DEVICE = torch.device("cuda" if torch.cuda.is_available() else "cpu")  # Used: "cuda"
2022-08-27 BST 18:24:17,195 - INFO - LATENTS = False
2022-08-27 BST 18:24:17,195 - INFO - MATRIX_REPORT = False
2022-08-27 BST 18:24:17,195 - INFO - LABEL = True
2022-08-27 BST 18:24:17,195 - INFO - SAVE_TO_ODS = False
2022-08-27 BST 18:24:17,195 - INFO - VAL_LOSS_FROM_DAG = True
2022-08-27 BST 18:24:17,195 - INFO - WANDB = False
2022-08-27 BST 18:24:17,195 - INFO - WANDB_PROJECT = 'Thetas'
2022-08-27 BST 18:24:17,195 - INFO - GRAD_LOG = False
2022-08-27 BST 18:24:17,195 - INFO - SAVE_RESULTS = False
2022-08-27 BST 18:24:17,195 - INFO - N_TRIALS = 1
2022-08-27 BST 18:24:17,195 - INFO - LOAD_OPTUNA_STUDY = None
2022-08-27 BST 18:24:17,195 - INFO - OPTUNA_STRINGS = {'None': None, 'True': True, 'False': False}
2022-08-27 BST 18:24:17,195 - INFO - TQDM = False
2022-08-27 BST 18:24:17,195 - INFO - 
hyperparameters = {
2022-08-27 BST 18:24:17,195 - INFO - 	'GRAPH_TYPE': 'ER2',
2022-08-27 BST 18:24:17,196 - INFO - 	'D': 30,
2022-08-27 BST 18:24:17,196 - INFO - 	'MAX_SIZE': 84,
2022-08-27 BST 18:24:17,196 - INFO - 	'SEM_NOISE': 'gaussian_ev',
2022-08-27 BST 18:24:17,196 - INFO - 	'N': 1200,
2022-08-27 BST 18:24:17,196 - INFO - 	'VAL': 0.16666666666666666,
2022-08-27 BST 18:24:17,196 - INFO - 	'N_EPOCHS': 1000,
2022-08-27 BST 18:24:17,196 - INFO - 	'BATCH_SIZE': None,
2022-08-27 BST 18:24:17,196 - INFO - 	'LOG2_BATCH_SIZE': 4,
2022-08-27 BST 18:24:17,196 - INFO - 	'BATCH_SHUFFLE': True,
2022-08-27 BST 18:24:17,196 - INFO - 	'N_SAMPLES': 10,
2022-08-27 BST 18:24:17,196 - INFO - 	'MODE': 'max_dag_test_only',
2022-08-27 BST 18:24:17,196 - INFO - 	'AFAS_SCHEDULER': None,
2022-08-27 BST 18:24:17,196 - INFO - 	'MINIZINC_SOLVER': None,
2022-08-27 BST 18:24:17,196 - INFO - 	'f_LINEAR_LAYERS': (),
2022-08-27 BST 18:24:17,196 - INFO - 	'f_BIAS': False,
2022-08-27 BST 18:24:17,196 - INFO - 	'p_LAYER': 'STE',
2022-08-27 BST 18:24:17,196 - INFO - 	'STREAMLINE': False,
2022-08-27 BST 18:24:17,196 - INFO - 	'THRESHOLD': 0.0,
2022-08-27 BST 18:24:17,196 - INFO - 	'h_LINEAR_LAYERS': (),
2022-08-27 BST 18:24:17,196 - INFO - 	'h_NULL': 0.0216881787013694,
2022-08-27 BST 18:24:17,196 - INFO - 	'h_LR': 0.000113389232350646,
2022-08-27 BST 18:24:17,196 - INFO - 	'h_OPTIMIZER': 'torch.optim.Adam(overall_net.h_net.parameters(), lr=h.h_LR)',
2022-08-27 BST 18:24:17,196 - INFO - 	'f_LR': 0.0123204369681095,
2022-08-27 BST 18:24:17,196 - INFO - 	'f_OPTIMIZER': 'torch.optim.Adam(overall_net.f_net.parameters(), lr=h.f_LR)',
2022-08-27 BST 18:24:17,196 - INFO - 	'NOISE_TEMPERATURE': 0.177138167187175,
2022-08-27 BST 18:24:17,196 - INFO - 	'NOISE_DISTRIBUTION': 'LogisticNoiseDistribution()',
2022-08-27 BST 18:24:17,196 - INFO - 	'LAMBDA': 1,
2022-08-27 BST 18:24:17,197 - INFO - 	'LOSS_FN': 'torch.nn.MSELoss()',
2022-08-27 BST 18:24:17,197 - INFO - 	'ALPHA': None,
2022-08-27 BST 18:24:17,197 - INFO - 	'BETA': None,
2022-08-27 BST 18:24:17,197 - INFO - 	'REGULARIZER': None,
2022-08-27 BST 18:24:17,197 - INFO - 	'z_RHO': 0.410122763411552,
2022-08-27 BST 18:24:17,197 - INFO - 	'z_MU': 0.0102343788252807,
2022-08-27 BST 18:24:17,197 - INFO - 	'z_REGULARIZER': 'NoTearsZRegularizer(h.D, h.z_RHO, h.z_MU, c.DEVICE)',
2022-08-27 BST 18:24:17,197 - INFO - 	'LR_SCHEDULER': None,
2022-08-27 BST 18:24:17,197 - INFO - 	'DATA_CATEGORY': 'big',
2022-08-27 BST 18:24:17,197 - INFO - 	'DAGS': '003'
2022-08-27 BST 18:24:17,197 - INFO - }

2022-08-27 BST 18:24:18,744 - INFO - 

DAG 0: size_true=54	X.var()=340.8623
2022-08-27 BST 18:34:04,812 - INFO -  epoch=1000      train_loss=   2.3546      val_loss=   1.7101      best=1      size=  84      nSHD_c=   1.5667      nSHD=   1.5667      tpr_c=   0.5357      change_adj_count=166      
2022-08-27 BST 18:34:04,814 - INFO - 

DAG 1: size_true=55	X.var()=19.5798
2022-08-27 BST 18:42:42,720 - INFO -  epoch=1000      train_loss=   1.4017      val_loss=   1.1213      best=1      size=  56      nSHD_c=   0.4667      nSHD=   0.4667      tpr_c=   0.8571      change_adj_count=109      
2022-08-27 BST 18:42:42,721 - INFO - 

DAG 2: size_true=69	X.var()=159.6776
2022-08-27 BST 18:52:32,578 - INFO -  epoch=1000      train_loss=   1.8735      val_loss=   1.4636      best=1      size=  73      nSHD_c=   1.5667      nSHD=   1.5667      tpr_c=   0.6438      change_adj_count=131      
2022-08-27 BST 18:52:32,580 - INFO - 

DAG 3: size_true=71	X.var()=111.8009
2022-08-27 BST 19:03:13,747 - INFO -  epoch=1000      train_loss=   2.3066      val_loss=   1.9994      best=1      size=  78      nSHD_c=   1.8667      nSHD=   1.7667      tpr_c=   0.5641      change_adj_count=147      
2022-08-27 BST 19:03:13,748 - INFO - 

DAG 4: size_true=54	X.var()=13.3069
2022-08-27 BST 19:13:51,151 - INFO -  epoch=1000      train_loss=   1.4011      val_loss=   1.1465      best=1      size=  54      nSHD_c=   0.4000      nSHD=   0.3667      tpr_c=   0.8704      change_adj_count=82      
2022-08-27 BST 19:13:51,152 - INFO - 

DAG 5: size_true=67	X.var()=132.8190
2022-08-27 BST 19:24:31,650 - INFO -  epoch=1000      train_loss=   1.8373      val_loss=   1.6549      best=1      size=  84      nSHD_c=   2.0667      nSHD=   2.0667      tpr_c=   0.5119      change_adj_count=175      
2022-08-27 BST 19:24:31,651 - INFO - 

DAG 6: size_true=46	X.var()=40.0480
2022-08-27 BST 19:34:52,770 - INFO -  epoch=1000      train_loss=   1.2744      val_loss=   1.0722      best=1      size=  41      nSHD_c=   0.3333      nSHD=   0.2333      tpr_c=   0.9024      change_adj_count=82      
2022-08-27 BST 19:34:52,771 - INFO - 

DAG 7: size_true=59	X.var()=15.3350
2022-08-27 BST 19:45:13,385 - INFO -  epoch=1000      train_loss=   1.3929      val_loss=   1.1032      best=1      size=  61      nSHD_c=   0.4667      nSHD=   0.4333      tpr_c=   0.8525      change_adj_count=97      
2022-08-27 BST 19:45:13,387 - INFO - 

DAG 8: size_true=66	X.var()=148.5666
2022-08-27 BST 19:55:55,630 - INFO -  epoch=1000      train_loss=   2.3371      val_loss=   3.5712      best=1      size=  60      nSHD_c=   1.6000      nSHD=   1.6000      tpr_c=   0.6333      change_adj_count=146      
2022-08-27 BST 19:55:55,632 - INFO - 

DAG 9: size_true=62	X.var()=114.9976
2022-08-27 BST 20:06:30,935 - INFO -  epoch=1000      train_loss=   1.9849      val_loss=   1.4600      best=1      size=  69      nSHD_c=   0.9667      nSHD=   0.9333      tpr_c=   0.7246      change_adj_count=161      
2022-08-27 BST 20:06:30,936 - INFO - 

DAG 10: size_true=64	X.var()=129.7587
2022-08-27 BST 20:17:11,716 - INFO -  epoch=1000      train_loss=   1.8466      val_loss=   1.4176      best=1      size=  71      nSHD_c=   1.1667      nSHD=   1.1667      tpr_c=   0.6901      change_adj_count=172      
2022-08-27 BST 20:17:11,717 - INFO - 

DAG 11: size_true=65	X.var()=42.2232
2022-08-27 BST 20:27:46,968 - INFO -  epoch=1000      train_loss=   1.6428      val_loss=   1.3824      best=1      size=  59      nSHD_c=   0.7000      nSHD=   0.6667      tpr_c=   0.8475      change_adj_count=129      
2022-08-27 BST 20:27:46,970 - INFO - 

DAG 12: size_true=67	X.var()=41.8464
2022-08-27 BST 20:38:14,184 - INFO -  epoch=1000      train_loss=   1.4142      val_loss=   1.0919      best=1      size=  63      nSHD_c=   0.4000      nSHD=   0.3333      tpr_c=   0.9206      change_adj_count=111      
2022-08-27 BST 20:38:14,185 - INFO - 

DAG 13: size_true=72	X.var()=24.1877
2022-08-27 BST 20:48:54,072 - INFO -  epoch=1000      train_loss=   1.9383      val_loss=   1.4658      best=1      size=  74      nSHD_c=   1.6000      nSHD=   1.6000      tpr_c=   0.6486      change_adj_count=137      
2022-08-27 BST 20:48:54,074 - INFO - 

DAG 14: size_true=55	X.var()=16.2597
2022-08-27 BST 20:59:15,995 - INFO -  epoch=1000      train_loss=   1.3684      val_loss=   1.0893      best=1      size=  54      nSHD_c=   0.4667      nSHD=   0.4667      tpr_c=   0.8704      change_adj_count=91      
2022-08-27 BST 20:59:15,996 - INFO - 

DAG 15: size_true=59	X.var()=15.4232
2022-08-27 BST 21:09:45,811 - INFO -  epoch=1000      train_loss=   1.3983      val_loss=   1.0924      best=1      size=  55      nSHD_c=   0.1667      nSHD=   0.1333      tpr_c=   0.9818      change_adj_count=93      
2022-08-27 BST 21:09:45,813 - INFO - 

DAG 16: size_true=46	X.var()=21.7144
2022-08-27 BST 21:20:13,574 - INFO -  epoch=1000      train_loss=   1.2936      val_loss=   1.0305      best=1      size=  45      nSHD_c=   0.1000      nSHD=   0.1000      tpr_c=   0.9778      change_adj_count=70      
2022-08-27 BST 21:20:13,575 - INFO - 

DAG 17: size_true=61	X.var()=49.1400
2022-08-27 BST 21:30:42,689 - INFO -  epoch=1000      train_loss=   1.6542      val_loss=   1.2689      best=1      size=  69      nSHD_c=   1.2000      nSHD=   1.2000      tpr_c=   0.6667      change_adj_count=110      
2022-08-27 BST 21:30:42,691 - INFO - 

DAG 18: size_true=57	X.var()=40.7224
2022-08-27 BST 21:41:17,813 - INFO -  epoch=1000      train_loss=   1.5272      val_loss=   1.1426      best=1      size=  62      nSHD_c=   0.4667      nSHD=   0.5333      tpr_c=   0.8387      change_adj_count=118      
2022-08-27 BST 21:41:17,814 - INFO - 

DAG 19: size_true=59	X.var()=133.4718
2022-08-27 BST 21:52:07,712 - INFO -  epoch=1000      train_loss=   1.7357      val_loss=   1.2875      best=1      size=  68      nSHD_c=   1.2000      nSHD=   1.2000      tpr_c=   0.6471      change_adj_count=167      
2022-08-27 BST 21:52:07,714 - INFO - 

DAG 20: size_true=65	X.var()=76.2421
2022-08-27 BST 22:02:39,040 - INFO -  epoch=1000      train_loss=   1.8130      val_loss=   1.4317      best=1      size=  66      nSHD_c=   0.9000      nSHD=   0.9000      tpr_c=   0.7879      change_adj_count=127      
2022-08-27 BST 22:02:39,042 - INFO - 

DAG 21: size_true=70	X.var()=66.8208
2022-08-27 BST 22:13:17,454 - INFO -  epoch=1000      train_loss=   1.7579      val_loss=   1.3656      best=1      size=  67      nSHD_c=   0.6667      nSHD=   0.6333      tpr_c=   0.8657      change_adj_count=131      
2022-08-27 BST 22:13:17,455 - INFO - 

DAG 22: size_true=60	X.var()=15.2688
2022-08-27 BST 22:23:46,896 - INFO -  epoch=1000      train_loss=   1.7494      val_loss=   1.2947      best=1      size=  62      nSHD_c=   1.6000      nSHD=   1.6000      tpr_c=   0.5645      change_adj_count=113      
2022-08-27 BST 22:23:46,897 - INFO - 

DAG 23: size_true=54	X.var()=21.4210
2022-08-27 BST 22:34:20,479 - INFO -  epoch=1000      train_loss=   1.6494      val_loss=   1.2984      best=1      size=  66      nSHD_c=   1.1333      nSHD=   1.1333      tpr_c=   0.6212      change_adj_count=115      
2022-08-27 BST 22:34:20,480 - INFO - 
last_mean_nshd_c=0.9611
2022-08-27 BST 22:34:20,480 - INFO - 
Time taken 4:10:03 (h:mm:ss)
2022-08-27 BST 22:34:20,480 - INFO - 
End of log for run 2022-08-27_BST_18:24:17,109_big_ste_l_84_004
