2022-08-26 BST 16:23:29,338 - INFO - 
Log for run 2022-08-26_BST_16:23:29,269_big_imle_l_none_001

2022-08-26 BST 16:23:29,339 - INFO - COMMENT = 'Test best MAX_SIZE=None Gumbel values with Logistic'
2022-08-26 BST 16:23:29,339 - INFO - DATA_FOLDER = '../data'
2022-08-26 BST 16:23:29,339 - INFO - LATENTS_FOLDER = '../latents'
2022-08-26 BST 16:23:29,339 - INFO - LOGS_FOLDER = '../logs'
2022-08-26 BST 16:23:29,339 - INFO - MODEL_FOLDER = '../models'
2022-08-26 BST 16:23:29,339 - INFO - RESULTS_FOLDER = '../results'
2022-08-26 BST 16:23:29,339 - INFO - DEVICE = torch.device("cuda" if torch.cuda.is_available() else "cpu")  # Used: "cuda"
2022-08-26 BST 16:23:29,339 - INFO - LATENTS = False
2022-08-26 BST 16:23:29,339 - INFO - MATRIX_REPORT = False
2022-08-26 BST 16:23:29,339 - INFO - LABEL = True
2022-08-26 BST 16:23:29,339 - INFO - SAVE_TO_ODS = False
2022-08-26 BST 16:23:29,339 - INFO - VAL_LOSS_FROM_DAG = True
2022-08-26 BST 16:23:29,339 - INFO - WANDB = False
2022-08-26 BST 16:23:29,339 - INFO - WANDB_PROJECT = 'Thetas'
2022-08-26 BST 16:23:29,339 - INFO - GRAD_LOG = False
2022-08-26 BST 16:23:29,339 - INFO - N_TRIALS = 1
2022-08-26 BST 16:23:29,339 - INFO - LOAD_OPTUNA_STUDY = None
2022-08-26 BST 16:23:29,339 - INFO - OPTUNA_STRINGS = {'None': None, 'True': True, 'False': False}
2022-08-26 BST 16:23:29,339 - INFO - TQDM = False
2022-08-26 BST 16:23:29,339 - INFO - 
hyperparameters = {
2022-08-26 BST 16:23:29,339 - INFO - 	'GRAPH_TYPE': 'ER2',
2022-08-26 BST 16:23:29,339 - INFO - 	'D': 30,
2022-08-26 BST 16:23:29,339 - INFO - 	'MAX_SIZE': None,
2022-08-26 BST 16:23:29,339 - INFO - 	'SEM_NOISE': 'gaussian_ev',
2022-08-26 BST 16:23:29,339 - INFO - 	'N': 1200,
2022-08-26 BST 16:23:29,340 - INFO - 	'VAL': 0.16666666666666666,
2022-08-26 BST 16:23:29,340 - INFO - 	'N_EPOCHS': 1000,
2022-08-26 BST 16:23:29,340 - INFO - 	'BATCH_SIZE': None,
2022-08-26 BST 16:23:29,340 - INFO - 	'LOG2_BATCH_SIZE': 3,
2022-08-26 BST 16:23:29,340 - INFO - 	'BATCH_SHUFFLE': True,
2022-08-26 BST 16:23:29,340 - INFO - 	'N_SAMPLES': 47,
2022-08-26 BST 16:23:29,340 - INFO - 	'MODE': 'max_dag_test_only',
2022-08-26 BST 16:23:29,340 - INFO - 	'AFAS_SCHEDULER': None,
2022-08-26 BST 16:23:29,340 - INFO - 	'MINIZINC_SOLVER': None,
2022-08-26 BST 16:23:29,340 - INFO - 	'f_LINEAR_LAYERS': (),
2022-08-26 BST 16:23:29,340 - INFO - 	'f_BIAS': False,
2022-08-26 BST 16:23:29,340 - INFO - 	'p_LAYER': None,
2022-08-26 BST 16:23:29,340 - INFO - 	'STREAMLINE': False,
2022-08-26 BST 16:23:29,340 - INFO - 	'THRESHOLD': 0.0,
2022-08-26 BST 16:23:29,340 - INFO - 	'h_LINEAR_LAYERS': (),
2022-08-26 BST 16:23:29,340 - INFO - 	'h_NULL': 0.00011373901985660933,
2022-08-26 BST 16:23:29,340 - INFO - 	'h_LR': 0.0016158450337500668,
2022-08-26 BST 16:23:29,340 - INFO - 	'h_OPTIMIZER': 'torch.optim.Adam(overall_net.h_net.parameters(), lr=h.h_LR)',
2022-08-26 BST 16:23:29,340 - INFO - 	'f_LR': 0.3720066380139224,
2022-08-26 BST 16:23:29,340 - INFO - 	'f_OPTIMIZER': 'torch.optim.Adam(overall_net.f_net.parameters(), lr=h.f_LR)',
2022-08-26 BST 16:23:29,340 - INFO - 	'NOISE_TEMPERATURE': 0.8785929148606203,
2022-08-26 BST 16:23:29,340 - INFO - 	'NOISE_DISTRIBUTION': 'LogisticNoiseDistribution()',
2022-08-26 BST 16:23:29,340 - INFO - 	'LAMBDA': 27.13959516077541,
2022-08-26 BST 16:23:29,340 - INFO - 	'LOSS_FN': 'torch.nn.MSELoss()',
2022-08-26 BST 16:23:29,340 - INFO - 	'ALPHA': None,
2022-08-26 BST 16:23:29,340 - INFO - 	'BETA': None,
2022-08-26 BST 16:23:29,340 - INFO - 	'REGULARIZER': None,
2022-08-26 BST 16:23:29,340 - INFO - 	'z_RHO': 0.157451211201,
2022-08-26 BST 16:23:29,340 - INFO - 	'z_MU': 0.00120806965197976,
2022-08-26 BST 16:23:29,340 - INFO - 	'z_REGULARIZER': 'NoTearsZRegularizer(h.D, h.z_RHO, h.z_MU, c.DEVICE)',
2022-08-26 BST 16:23:29,340 - INFO - 	'LR_SCHEDULER': None,
2022-08-26 BST 16:23:29,340 - INFO - 	'DATA_CATEGORY': 'big',
2022-08-26 BST 16:23:29,340 - INFO - 	'DAGS': '000'
2022-08-26 BST 16:23:29,340 - INFO - }

2022-08-26 BST 16:23:31,253 - INFO - 

DAG 0: size_true=53	X.var()=64.0950
2022-08-26 BST 17:16:27,727 - INFO -  epoch=1000      train_loss=   3.6586      val_loss=   2.3595      best=1      size=  61      nSHD_c=   1.4000      nSHD=   1.4000      tpr_c=   0.5738      change_adj_count=91      
2022-08-26 BST 17:16:27,893 - INFO - Last epoch results saved in big_imle_l_none.csv
2022-08-26 BST 17:16:27,894 - INFO - 

DAG 1: size_true=54	X.var()=18.0033
2022-08-26 BST 18:08:40,513 - INFO -  epoch=1000      train_loss=   2.0052      val_loss=   1.5301      best=1      size=  53      nSHD_c=   0.6000      nSHD=   0.5667      tpr_c=   0.8302      change_adj_count=81      
2022-08-26 BST 18:08:40,523 - INFO - Last epoch results saved in big_imle_l_none.csv
2022-08-26 BST 18:08:40,524 - INFO - 

DAG 2: size_true=51	X.var()=52.8714
2022-08-26 BST 19:01:48,003 - INFO -  epoch=1000      train_loss=   4.5213      val_loss=   4.8631      best=1      size=  64      nSHD_c=   0.7000      nSHD=   0.7000      tpr_c=   0.7344      change_adj_count=88      
2022-08-26 BST 19:01:48,048 - INFO - Last epoch results saved in big_imle_l_none.csv
2022-08-26 BST 19:01:48,049 - INFO - 

DAG 3: size_true=59	X.var()=57.0164
2022-08-26 BST 19:54:25,322 - INFO -  epoch=1000      train_loss=   3.8489      val_loss=   2.2908      best=1      size=  62      nSHD_c=   1.0333      nSHD=   1.0333      tpr_c=   0.7097      change_adj_count=83      
2022-08-26 BST 19:54:25,338 - INFO - Last epoch results saved in big_imle_l_none.csv
2022-08-26 BST 19:54:25,339 - INFO - 

DAG 4: size_true=46	X.var()=20.0969
2022-08-26 BST 20:45:01,994 - INFO -  epoch=1000      train_loss=   1.8468      val_loss=   1.5066      best=1      size=  47      nSHD_c=   0.4667      nSHD=   0.4667      tpr_c=   0.8298      change_adj_count=68      
2022-08-26 BST 20:45:02,015 - INFO - Last epoch results saved in big_imle_l_none.csv
2022-08-26 BST 20:45:02,016 - INFO - 

DAG 5: size_true=71	X.var()=46.6347
2022-08-26 BST 21:39:02,846 - INFO -  epoch=1000      train_loss=   2.7178      val_loss=   1.6804      best=1      size=  71      nSHD_c=   0.8667      nSHD=   0.8667      tpr_c=   0.8169      change_adj_count=92      
2022-08-26 BST 21:39:02,870 - INFO - Last epoch results saved in big_imle_l_none.csv
2022-08-26 BST 21:39:02,871 - INFO - 

DAG 6: size_true=56	X.var()=33.6011
2022-08-26 BST 22:31:36,227 - INFO -  epoch=1000      train_loss=   2.4175      val_loss=   1.8266      best=1      size=  57      nSHD_c=   1.3000      nSHD=   1.2667      tpr_c=   0.6140      change_adj_count=79      
2022-08-26 BST 22:31:36,232 - INFO - Last epoch results saved in big_imle_l_none.csv
2022-08-26 BST 22:31:36,233 - INFO - 

DAG 7: size_true=64	X.var()=445.8708
2022-08-26 BST 23:16:13,180 - INFO -  epoch=1000      train_loss=  48.7140      val_loss=  90.2156      best=1      size= 127      nSHD_c=   3.2333      nSHD=   3.1667      tpr_c=   0.3622      change_adj_count=295      
2022-08-26 BST 23:16:13,186 - INFO - Last epoch results saved in big_imle_l_none.csv
2022-08-26 BST 23:16:13,187 - INFO - 

DAG 8: size_true=56	X.var()=61.2067
2022-08-26 BST 23:56:41,998 - INFO -  epoch=1000      train_loss=   5.9774      val_loss=   5.2644      best=1      size=  65      nSHD_c=   1.1667      nSHD=   1.1667      tpr_c=   0.6615      change_adj_count=91      
2022-08-26 BST 23:56:42,004 - INFO - Last epoch results saved in big_imle_l_none.csv
2022-08-26 BST 23:56:42,005 - INFO - 

DAG 9: size_true=51	X.var()=9.8351
2022-08-27 BST 00:35:55,683 - INFO -  epoch=1000      train_loss=   1.4218      val_loss=   1.3350      best=1      size=  51      nSHD_c=   0.4000      nSHD=   0.4000      tpr_c=   0.8824      change_adj_count=67      
2022-08-27 BST 00:35:55,689 - INFO - Last epoch results saved in big_imle_l_none.csv
2022-08-27 BST 00:35:55,689 - INFO - 

DAG 10: size_true=62	X.var()=29.1091
2022-08-27 BST 01:14:35,074 - INFO -  epoch=1000      train_loss=   1.9263      val_loss=   2.5146      best=1      size=  53      nSHD_c=   0.8667      nSHD=   0.8000      tpr_c=   0.8113      change_adj_count=78      
2022-08-27 BST 01:14:35,079 - INFO - Last epoch results saved in big_imle_l_none.csv
2022-08-27 BST 01:14:35,080 - INFO - 

DAG 11: size_true=62	X.var()=23.3308
2022-08-27 BST 01:53:04,197 - INFO -  epoch=1000      train_loss=   2.0410      val_loss=   1.6926      best=1      size=  64      nSHD_c=   0.7333      nSHD=   0.7333      tpr_c=   0.8125      change_adj_count=88      
2022-08-27 BST 01:53:04,207 - INFO - Last epoch results saved in big_imle_l_none.csv
2022-08-27 BST 01:53:04,208 - INFO - 

DAG 12: size_true=57	X.var()=25.2445
2022-08-27 BST 02:32:54,334 - INFO -  epoch=1000      train_loss=   2.8820      val_loss=   2.0576      best=1      size=  57      nSHD_c=   1.2000      nSHD=   1.2000      tpr_c=   0.6667      change_adj_count=79      
2022-08-27 BST 02:32:54,341 - INFO - Last epoch results saved in big_imle_l_none.csv
2022-08-27 BST 02:32:54,341 - INFO - 

DAG 13: size_true=66	X.var()=78.0370
2022-08-27 BST 03:14:33,361 - INFO -  epoch=1000      train_loss=   4.7689      val_loss=   2.9627      best=1      size=  62      nSHD_c=   1.8333      nSHD=   1.8333      tpr_c=   0.5645      change_adj_count=95      
2022-08-27 BST 03:14:33,369 - INFO - Last epoch results saved in big_imle_l_none.csv
2022-08-27 BST 03:14:33,370 - INFO - 

DAG 14: size_true=43	X.var()=17.6479
2022-08-27 BST 03:52:11,670 - INFO -  epoch=1000      train_loss=   1.6508      val_loss=   1.3324      best=1      size=  42      nSHD_c=   0.5333      nSHD=   0.5667      tpr_c=   0.8095      change_adj_count=69      
2022-08-27 BST 03:52:11,681 - INFO - Last epoch results saved in big_imle_l_none.csv
2022-08-27 BST 03:52:11,682 - INFO - 

DAG 15: size_true=56	X.var()=19.7208
2022-08-27 BST 04:30:30,466 - INFO -  epoch=1000      train_loss=   2.1349      val_loss=   1.8247      best=1      size=  49      nSHD_c=   0.8333      nSHD=   0.7667      tpr_c=   0.7959      change_adj_count=65      
2022-08-27 BST 04:30:30,482 - INFO - Last epoch results saved in big_imle_l_none.csv
2022-08-27 BST 04:30:30,484 - INFO - 

DAG 16: size_true=58	X.var()=22.3043
2022-08-27 BST 05:09:14,599 - INFO -  epoch=1000      train_loss=   1.6129      val_loss=   1.6228      best=1      size=  60      nSHD_c=   0.4000      nSHD=   0.4000      tpr_c=   0.8833      change_adj_count=81      
2022-08-27 BST 05:09:14,609 - INFO - Last epoch results saved in big_imle_l_none.csv
2022-08-27 BST 05:09:14,611 - INFO - 

DAG 17: size_true=62	X.var()=41.4511
2022-08-27 BST 05:50:46,955 - INFO -  epoch=1000      train_loss=   3.1295      val_loss=   1.7288      best=1      size=  57      nSHD_c=   1.1333      nSHD=   1.1333      tpr_c=   0.7368      change_adj_count=86      
2022-08-27 BST 05:50:46,960 - INFO - Last epoch results saved in big_imle_l_none.csv
2022-08-27 BST 05:50:46,961 - INFO - 

DAG 18: size_true=54	X.var()=39.0733
2022-08-27 BST 06:29:38,407 - INFO -  epoch=1000      train_loss=   2.5187      val_loss=   1.8137      best=1      size=  55      nSHD_c=   0.5000      nSHD=   0.5000      tpr_c=   0.8545      change_adj_count=80      
2022-08-27 BST 06:29:38,413 - INFO - Last epoch results saved in big_imle_l_none.csv
2022-08-27 BST 06:29:38,414 - INFO - 

DAG 19: size_true=60	X.var()=48.6541
2022-08-27 BST 07:09:36,205 - INFO -  epoch=1000      train_loss=   2.7591      val_loss=   6.1728      best=1      size=  57      nSHD_c=   1.0000      nSHD=   0.9667      tpr_c=   0.7368      change_adj_count=79      
2022-08-27 BST 07:09:36,211 - INFO - Last epoch results saved in big_imle_l_none.csv
2022-08-27 BST 07:09:36,211 - INFO - 

DAG 20: size_true=53	X.var()=68.3311
2022-08-27 BST 07:50:48,071 - INFO -  epoch=1000      train_loss=   4.9246      val_loss=   3.0601      best=1      size=  61      nSHD_c=   1.3333      nSHD=   1.3333      tpr_c=   0.5902      change_adj_count=113      
2022-08-27 BST 07:50:48,077 - INFO - Last epoch results saved in big_imle_l_none.csv
2022-08-27 BST 07:50:48,079 - INFO - 

DAG 21: size_true=60	X.var()=156.8093
2022-08-27 BST 08:33:51,364 - INFO -  epoch=1000      train_loss=  16.1971      val_loss=   9.6051      best=1      size=  88      nSHD_c=   2.1667      nSHD=   2.1667      tpr_c=   0.4659      change_adj_count=244      
2022-08-27 BST 08:33:51,379 - INFO - Last epoch results saved in big_imle_l_none.csv
2022-08-27 BST 08:33:51,380 - INFO - 

DAG 22: size_true=60	X.var()=33.9422
2022-08-27 BST 09:14:01,795 - INFO -  epoch=1000      train_loss=   2.7576      val_loss=   1.7916      best=1      size=  60      nSHD_c=   1.0000      nSHD=   1.0000      tpr_c=   0.7500      change_adj_count=97      
2022-08-27 BST 09:14:01,800 - INFO - Last epoch results saved in big_imle_l_none.csv
2022-08-27 BST 09:14:01,801 - INFO - 

DAG 23: size_true=56	X.var()=19.4415
2022-08-27 BST 09:54:01,037 - INFO -  epoch=1000      train_loss=   1.7676      val_loss=   1.4199      best=1      size=  53      nSHD_c=   0.3667      nSHD=   0.3667      tpr_c=   0.9245      change_adj_count=80      
2022-08-27 BST 09:54:01,044 - INFO - Last epoch results saved in big_imle_l_none.csv
2022-08-27 BST 09:54:01,045 - INFO - 
last_mean_nshd_c=1.0444
2022-08-27 BST 09:54:01,045 - INFO - 
Time taken 17:30:32 (h:mm:ss)
2022-08-27 BST 09:54:01,045 - INFO - 
End of log for run 2022-08-26_BST_16:23:29,269_big_imle_l_none_001
