2022-08-27 BST 18:34:39,065 - INFO - 
Log for run 2022-08-27_BST_18:34:39,030_big_ste_l_84_008

2022-08-27 BST 18:34:39,065 - INFO - COMMENT = 'For Optuna on STE'
2022-08-27 BST 18:34:39,066 - INFO - DATA_FOLDER = '../data'
2022-08-27 BST 18:34:39,066 - INFO - LATENTS_FOLDER = '../latents'
2022-08-27 BST 18:34:39,066 - INFO - LOGS_FOLDER = '../logs'
2022-08-27 BST 18:34:39,066 - INFO - MODEL_FOLDER = '../models'
2022-08-27 BST 18:34:39,066 - INFO - RESULTS_FOLDER = '../results'
2022-08-27 BST 18:34:39,066 - INFO - DEVICE = torch.device("cuda" if torch.cuda.is_available() else "cpu")  # Used: "cuda"
2022-08-27 BST 18:34:39,066 - INFO - LATENTS = False
2022-08-27 BST 18:34:39,066 - INFO - MATRIX_REPORT = False
2022-08-27 BST 18:34:39,066 - INFO - LABEL = True
2022-08-27 BST 18:34:39,066 - INFO - SAVE_TO_ODS = False
2022-08-27 BST 18:34:39,066 - INFO - VAL_LOSS_FROM_DAG = True
2022-08-27 BST 18:34:39,066 - INFO - WANDB = False
2022-08-27 BST 18:34:39,066 - INFO - WANDB_PROJECT = 'Thetas'
2022-08-27 BST 18:34:39,066 - INFO - GRAD_LOG = False
2022-08-27 BST 18:34:39,066 - INFO - SAVE_RESULTS = False
2022-08-27 BST 18:34:39,066 - INFO - N_TRIALS = 1
2022-08-27 BST 18:34:39,066 - INFO - LOAD_OPTUNA_STUDY = None
2022-08-27 BST 18:34:39,066 - INFO - OPTUNA_STRINGS = {'None': None, 'True': True, 'False': False}
2022-08-27 BST 18:34:39,066 - INFO - TQDM = False
2022-08-27 BST 18:34:39,066 - INFO - 
hyperparameters = {
2022-08-27 BST 18:34:39,066 - INFO - 	'GRAPH_TYPE': 'ER2',
2022-08-27 BST 18:34:39,067 - INFO - 	'D': 30,
2022-08-27 BST 18:34:39,067 - INFO - 	'MAX_SIZE': 84,
2022-08-27 BST 18:34:39,067 - INFO - 	'SEM_NOISE': 'gaussian_ev',
2022-08-27 BST 18:34:39,067 - INFO - 	'N': 1200,
2022-08-27 BST 18:34:39,067 - INFO - 	'VAL': 0.16666666666666666,
2022-08-27 BST 18:34:39,067 - INFO - 	'N_EPOCHS': 1000,
2022-08-27 BST 18:34:39,067 - INFO - 	'BATCH_SIZE': None,
2022-08-27 BST 18:34:39,067 - INFO - 	'LOG2_BATCH_SIZE': 4,
2022-08-27 BST 18:34:39,067 - INFO - 	'BATCH_SHUFFLE': True,
2022-08-27 BST 18:34:39,067 - INFO - 	'N_SAMPLES': 10,
2022-08-27 BST 18:34:39,067 - INFO - 	'MODE': 'max_dag_test_only',
2022-08-27 BST 18:34:39,067 - INFO - 	'AFAS_SCHEDULER': None,
2022-08-27 BST 18:34:39,067 - INFO - 	'MINIZINC_SOLVER': None,
2022-08-27 BST 18:34:39,067 - INFO - 	'f_LINEAR_LAYERS': (),
2022-08-27 BST 18:34:39,067 - INFO - 	'f_BIAS': False,
2022-08-27 BST 18:34:39,067 - INFO - 	'p_LAYER': 'STE',
2022-08-27 BST 18:34:39,067 - INFO - 	'STREAMLINE': False,
2022-08-27 BST 18:34:39,067 - INFO - 	'THRESHOLD': 0.0,
2022-08-27 BST 18:34:39,067 - INFO - 	'h_LINEAR_LAYERS': (),
2022-08-27 BST 18:34:39,067 - INFO - 	'h_NULL': 0.0216881787013694,
2022-08-27 BST 18:34:39,067 - INFO - 	'h_LR': 0.000113389232350646,
2022-08-27 BST 18:34:39,067 - INFO - 	'h_OPTIMIZER': 'torch.optim.Adam(overall_net.h_net.parameters(), lr=h.h_LR)',
2022-08-27 BST 18:34:39,067 - INFO - 	'f_LR': 0.0123204369681095,
2022-08-27 BST 18:34:39,068 - INFO - 	'f_OPTIMIZER': 'torch.optim.Adam(overall_net.f_net.parameters(), lr=h.f_LR)',
2022-08-27 BST 18:34:39,068 - INFO - 	'NOISE_TEMPERATURE': 0.177138167187175,
2022-08-27 BST 18:34:39,068 - INFO - 	'NOISE_DISTRIBUTION': 'LogisticNoiseDistribution()',
2022-08-27 BST 18:34:39,068 - INFO - 	'LAMBDA': 1,
2022-08-27 BST 18:34:39,068 - INFO - 	'LOSS_FN': 'torch.nn.MSELoss()',
2022-08-27 BST 18:34:39,068 - INFO - 	'ALPHA': None,
2022-08-27 BST 18:34:39,068 - INFO - 	'BETA': None,
2022-08-27 BST 18:34:39,068 - INFO - 	'REGULARIZER': None,
2022-08-27 BST 18:34:39,068 - INFO - 	'z_RHO': 0.410122763411552,
2022-08-27 BST 18:34:39,068 - INFO - 	'z_MU': 0.0102343788252807,
2022-08-27 BST 18:34:39,068 - INFO - 	'z_REGULARIZER': 'NoTearsZRegularizer(h.D, h.z_RHO, h.z_MU, c.DEVICE)',
2022-08-27 BST 18:34:39,068 - INFO - 	'LR_SCHEDULER': None,
2022-08-27 BST 18:34:39,068 - INFO - 	'DATA_CATEGORY': 'big',
2022-08-27 BST 18:34:39,068 - INFO - 	'DAGS': '007'
2022-08-27 BST 18:34:39,068 - INFO - }

2022-08-27 BST 18:34:39,872 - INFO - 

DAG 0: size_true=54	X.var()=20.3861
2022-08-27 BST 18:40:18,205 - INFO -  epoch=1000      train_loss=   1.3837      val_loss=   1.0000      best=1      size=  58      nSHD_c=   0.2333      nSHD=   0.2333      tpr_c=   0.8966      change_adj_count=94      
2022-08-27 BST 18:40:18,206 - INFO - 

DAG 1: size_true=59	X.var()=26.0012
2022-08-27 BST 18:45:57,498 - INFO -  epoch=1000      train_loss=   1.4700      val_loss=   1.2055      best=1      size=  60      nSHD_c=   0.6667      nSHD=   0.6667      tpr_c=   0.8167      change_adj_count=100      
2022-08-27 BST 18:45:57,499 - INFO - 

DAG 2: size_true=60	X.var()=30.5090
2022-08-27 BST 18:51:40,346 - INFO -  epoch=1000      train_loss=   1.6123      val_loss=   1.1914      best=1      size=  57      nSHD_c=   0.5667      nSHD=   0.6000      tpr_c=   0.8596      change_adj_count=115      
2022-08-27 BST 18:51:40,348 - INFO - 

DAG 3: size_true=55	X.var()=36.5994
2022-08-27 BST 18:57:21,257 - INFO -  epoch=1000      train_loss=   1.4431      val_loss=   1.1182      best=1      size=  56      nSHD_c=   0.4333      nSHD=   0.4333      tpr_c=   0.8750      change_adj_count=123      
2022-08-27 BST 18:57:21,258 - INFO - 

DAG 4: size_true=61	X.var()=40.5531
2022-08-27 BST 19:03:02,581 - INFO -  epoch=1000      train_loss=   1.4357      val_loss=   1.0911      best=1      size=  61      nSHD_c=   0.5000      nSHD=   0.5000      tpr_c=   0.8689      change_adj_count=110      
2022-08-27 BST 19:03:02,582 - INFO - 

DAG 5: size_true=61	X.var()=41.8944
2022-08-27 BST 19:08:36,203 - INFO -  epoch=1000      train_loss=   1.7519      val_loss=   1.2993      best=1      size=  66      nSHD_c=   0.8333      nSHD=   0.8333      tpr_c=   0.7576      change_adj_count=123      
2022-08-27 BST 19:08:36,204 - INFO - 

DAG 6: size_true=58	X.var()=11.2944
2022-08-27 BST 19:14:14,595 - INFO -  epoch=1000      train_loss=   1.4992      val_loss=   1.2939      best=1      size=  51      nSHD_c=   0.9000      nSHD=   0.8667      tpr_c=   0.7843      change_adj_count=84      
2022-08-27 BST 19:14:14,596 - INFO - 

DAG 7: size_true=63	X.var()=114.1724
2022-08-27 BST 19:20:02,394 - INFO -  epoch=1000      train_loss=   1.6086      val_loss=   1.1772      best=1      size=  61      nSHD_c=   0.5667      nSHD=   0.5667      tpr_c=   0.8689      change_adj_count=113      
2022-08-27 BST 19:20:02,395 - INFO - 

DAG 8: size_true=73	X.var()=23.7052
2022-08-27 BST 19:25:27,569 - INFO -  epoch=1000      train_loss=   1.6140      val_loss=   1.2314      best=1      size=  66      nSHD_c=   0.6667      nSHD=   0.5333      tpr_c=   0.8636      change_adj_count=131      
2022-08-27 BST 19:25:27,570 - INFO - 

DAG 9: size_true=63	X.var()=35.1128
2022-08-27 BST 19:30:55,696 - INFO -  epoch=1000      train_loss=   1.4970      val_loss=   1.1411      best=1      size=  62      nSHD_c=   0.5333      nSHD=   0.5667      tpr_c=   0.8710      change_adj_count=127      
2022-08-27 BST 19:30:55,697 - INFO - 

DAG 10: size_true=62	X.var()=164.9931
2022-08-27 BST 19:36:20,599 - INFO -  epoch=1000      train_loss=   2.4759      val_loss=   4.1380      best=1      size=  68      nSHD_c=   2.1667      nSHD=   2.1667      tpr_c=   0.4559      change_adj_count=155      
2022-08-27 BST 19:36:20,599 - INFO - 

DAG 11: size_true=44	X.var()=55.7721
2022-08-27 BST 19:41:54,630 - INFO -  epoch=1000      train_loss=   1.3502      val_loss=   1.0846      best=1      size=  44      nSHD_c=   0.2000      nSHD=   0.2000      tpr_c=   0.9318      change_adj_count=80      
2022-08-27 BST 19:41:54,631 - INFO - 

DAG 12: size_true=59	X.var()=106.3872
2022-08-27 BST 19:47:34,902 - INFO -  epoch=1000      train_loss=   1.7005      val_loss=   1.3345      best=1      size=  59      nSHD_c=   0.8333      nSHD=   0.8333      tpr_c=   0.7797      change_adj_count=151      
2022-08-27 BST 19:47:34,903 - INFO - 

DAG 13: size_true=61	X.var()=23.9166
2022-08-27 BST 19:53:14,567 - INFO -  epoch=1000      train_loss=   1.4971      val_loss=   1.1720      best=1      size=  54      nSHD_c=   0.6000      nSHD=   0.6000      tpr_c=   0.8889      change_adj_count=89      
2022-08-27 BST 19:53:14,568 - INFO - 

DAG 14: size_true=59	X.var()=74.1232
2022-08-27 BST 19:58:50,073 - INFO -  epoch=1000      train_loss=   1.6603      val_loss=   1.2672      best=1      size=  64      nSHD_c=   0.6000      nSHD=   0.6000      tpr_c=   0.8125      change_adj_count=126      
2022-08-27 BST 19:58:50,074 - INFO - 

DAG 15: size_true=52	X.var()=50.7556
2022-08-27 BST 20:04:31,139 - INFO -  epoch=1000      train_loss=   1.5035      val_loss=   1.1729      best=1      size=  53      nSHD_c=   0.5000      nSHD=   0.5000      tpr_c=   0.8491      change_adj_count=113      
2022-08-27 BST 20:04:31,140 - INFO - 

DAG 16: size_true=66	X.var()=110.7821
2022-08-27 BST 20:10:14,020 - INFO -  epoch=1000      train_loss=   1.7214      val_loss=   1.3775      best=1      size=  67      nSHD_c=   0.9000      nSHD=   0.9000      tpr_c=   0.7910      change_adj_count=116      
2022-08-27 BST 20:10:14,021 - INFO - 

DAG 17: size_true=54	X.var()=46.1504
2022-08-27 BST 20:15:48,691 - INFO -  epoch=1000      train_loss=   1.4208      val_loss=   1.0862      best=1      size=  50      nSHD_c=   0.3667      nSHD=   0.3333      tpr_c=   0.9200      change_adj_count=108      
2022-08-27 BST 20:15:48,692 - INFO - 

DAG 18: size_true=63	X.var()=49.0162
2022-08-27 BST 20:21:23,068 - INFO -  epoch=1000      train_loss=   1.5401      val_loss=   1.2060      best=1      size=  61      nSHD_c=   0.7000      nSHD=   0.7000      tpr_c=   0.8361      change_adj_count=139      
2022-08-27 BST 20:21:23,069 - INFO - 

DAG 19: size_true=71	X.var()=28.7247
2022-08-27 BST 20:27:02,858 - INFO -  epoch=1000      train_loss=   1.5039      val_loss=   1.1583      best=1      size=  66      nSHD_c=   0.4333      nSHD=   0.4333      tpr_c=   0.9242      change_adj_count=122      
2022-08-27 BST 20:27:02,859 - INFO - 

DAG 20: size_true=61	X.var()=22.1412
2022-08-27 BST 20:32:44,806 - INFO -  epoch=1000      train_loss=   1.4922      val_loss=   1.1648      best=1      size=  58      nSHD_c=   0.7000      nSHD=   0.7000      tpr_c=   0.8448      change_adj_count=92      
2022-08-27 BST 20:32:44,807 - INFO - 

DAG 21: size_true=56	X.var()=69.8100
2022-08-27 BST 20:38:22,013 - INFO -  epoch=1000      train_loss=   1.5498      val_loss=   1.1890      best=1      size=  53      nSHD_c=   0.8333      nSHD=   0.8333      tpr_c=   0.7736      change_adj_count=132      
2022-08-27 BST 20:38:22,014 - INFO - 

DAG 22: size_true=58	X.var()=29.2331
2022-08-27 BST 20:43:57,973 - INFO -  epoch=1000      train_loss=   1.4139      val_loss=   1.0399      best=1      size=  56      nSHD_c=   0.2000      nSHD=   0.2000      tpr_c=   0.9643      change_adj_count=79      
2022-08-27 BST 20:43:57,974 - INFO - 

DAG 23: size_true=57	X.var()=12.0685
2022-08-27 BST 20:49:39,726 - INFO -  epoch=1000      train_loss=   1.4483      val_loss=   1.1580      best=1      size=  52      nSHD_c=   0.6000      nSHD=   0.5333      tpr_c=   0.8462      change_adj_count=86      
2022-08-27 BST 20:49:39,727 - INFO - 
last_mean_nshd_c=0.6472
2022-08-27 BST 20:49:39,727 - INFO - 
Time taken 2:15:01 (h:mm:ss)
2022-08-27 BST 20:49:39,727 - INFO - 
End of log for run 2022-08-27_BST_18:34:39,030_big_ste_l_84_008
