2022-08-27 BST 18:16:30,206 - INFO - 
Log for run 2022-08-27_BST_18:16:30,147_big_imle_l_none_003

2022-08-27 BST 18:16:30,206 - INFO - COMMENT = 'Test best MAX_SIZE=None Gumbel values with Logistic'
2022-08-27 BST 18:16:30,207 - INFO - DATA_FOLDER = '../data'
2022-08-27 BST 18:16:30,207 - INFO - LATENTS_FOLDER = '../latents'
2022-08-27 BST 18:16:30,207 - INFO - LOGS_FOLDER = '../logs'
2022-08-27 BST 18:16:30,207 - INFO - MODEL_FOLDER = '../models'
2022-08-27 BST 18:16:30,207 - INFO - RESULTS_FOLDER = '../results'
2022-08-27 BST 18:16:30,207 - INFO - DEVICE = torch.device("cuda" if torch.cuda.is_available() else "cpu")  # Used: "cuda"
2022-08-27 BST 18:16:30,207 - INFO - LATENTS = False
2022-08-27 BST 18:16:30,207 - INFO - MATRIX_REPORT = False
2022-08-27 BST 18:16:30,207 - INFO - LABEL = True
2022-08-27 BST 18:16:30,207 - INFO - SAVE_TO_ODS = False
2022-08-27 BST 18:16:30,207 - INFO - VAL_LOSS_FROM_DAG = True
2022-08-27 BST 18:16:30,207 - INFO - WANDB = False
2022-08-27 BST 18:16:30,207 - INFO - WANDB_PROJECT = 'Thetas'
2022-08-27 BST 18:16:30,208 - INFO - GRAD_LOG = False
2022-08-27 BST 18:16:30,208 - INFO - SAVE_RESULTS = False
2022-08-27 BST 18:16:30,208 - INFO - N_TRIALS = 1
2022-08-27 BST 18:16:30,208 - INFO - LOAD_OPTUNA_STUDY = None
2022-08-27 BST 18:16:30,208 - INFO - OPTUNA_STRINGS = {'None': None, 'True': True, 'False': False}
2022-08-27 BST 18:16:30,208 - INFO - TQDM = False
2022-08-27 BST 18:16:30,208 - INFO - 
hyperparameters = {
2022-08-27 BST 18:16:30,208 - INFO - 	'GRAPH_TYPE': 'ER2',
2022-08-27 BST 18:16:30,208 - INFO - 	'D': 30,
2022-08-27 BST 18:16:30,208 - INFO - 	'MAX_SIZE': None,
2022-08-27 BST 18:16:30,208 - INFO - 	'SEM_NOISE': 'gaussian_ev',
2022-08-27 BST 18:16:30,208 - INFO - 	'N': 1200,
2022-08-27 BST 18:16:30,208 - INFO - 	'VAL': 0.16666666666666666,
2022-08-27 BST 18:16:30,208 - INFO - 	'N_EPOCHS': 1000,
2022-08-27 BST 18:16:30,209 - INFO - 	'BATCH_SIZE': None,
2022-08-27 BST 18:16:30,209 - INFO - 	'LOG2_BATCH_SIZE': 3,
2022-08-27 BST 18:16:30,209 - INFO - 	'BATCH_SHUFFLE': True,
2022-08-27 BST 18:16:30,209 - INFO - 	'N_SAMPLES': 47,
2022-08-27 BST 18:16:30,209 - INFO - 	'MODE': 'max_dag_test_only',
2022-08-27 BST 18:16:30,209 - INFO - 	'AFAS_SCHEDULER': None,
2022-08-27 BST 18:16:30,209 - INFO - 	'MINIZINC_SOLVER': None,
2022-08-27 BST 18:16:30,209 - INFO - 	'f_LINEAR_LAYERS': (),
2022-08-27 BST 18:16:30,209 - INFO - 	'f_BIAS': False,
2022-08-27 BST 18:16:30,209 - INFO - 	'p_LAYER': None,
2022-08-27 BST 18:16:30,209 - INFO - 	'STREAMLINE': False,
2022-08-27 BST 18:16:30,209 - INFO - 	'THRESHOLD': 0.0,
2022-08-27 BST 18:16:30,209 - INFO - 	'h_LINEAR_LAYERS': (),
2022-08-27 BST 18:16:30,209 - INFO - 	'h_NULL': 0.00011373901985660933,
2022-08-27 BST 18:16:30,209 - INFO - 	'h_LR': 0.0016158450337500668,
2022-08-27 BST 18:16:30,210 - INFO - 	'h_OPTIMIZER': 'torch.optim.Adam(overall_net.h_net.parameters(), lr=h.h_LR)',
2022-08-27 BST 18:16:30,210 - INFO - 	'f_LR': 0.3720066380139224,
2022-08-27 BST 18:16:30,210 - INFO - 	'f_OPTIMIZER': 'torch.optim.Adam(overall_net.f_net.parameters(), lr=h.f_LR)',
2022-08-27 BST 18:16:30,210 - INFO - 	'NOISE_TEMPERATURE': 0.8785929148606203,
2022-08-27 BST 18:16:30,210 - INFO - 	'NOISE_DISTRIBUTION': 'LogisticNoiseDistribution()',
2022-08-27 BST 18:16:30,210 - INFO - 	'LAMBDA': 27.13959516077541,
2022-08-27 BST 18:16:30,210 - INFO - 	'LOSS_FN': 'torch.nn.MSELoss()',
2022-08-27 BST 18:16:30,210 - INFO - 	'ALPHA': None,
2022-08-27 BST 18:16:30,210 - INFO - 	'BETA': None,
2022-08-27 BST 18:16:30,210 - INFO - 	'REGULARIZER': None,
2022-08-27 BST 18:16:30,210 - INFO - 	'z_RHO': 0.157451211201,
2022-08-27 BST 18:16:30,210 - INFO - 	'z_MU': 0.00120806965197976,
2022-08-27 BST 18:16:30,210 - INFO - 	'z_REGULARIZER': 'NoTearsZRegularizer(h.D, h.z_RHO, h.z_MU, c.DEVICE)',
2022-08-27 BST 18:16:30,210 - INFO - 	'LR_SCHEDULER': None,
2022-08-27 BST 18:16:30,211 - INFO - 	'DATA_CATEGORY': 'big',
2022-08-27 BST 18:16:30,211 - INFO - 	'DAGS': '002'
2022-08-27 BST 18:16:30,211 - INFO - }

2022-08-27 BST 18:16:30,987 - INFO - 

DAG 0: size_true=60	X.var()=212.5144
2022-08-27 BST 19:04:53,847 - INFO -  epoch=1000      train_loss=  15.4711      val_loss=  10.4335      best=1      size= 112      nSHD_c=   3.1667      nSHD=   3.1667      tpr_c=   0.3393      change_adj_count=213      
2022-08-27 BST 19:04:53,848 - INFO - 

DAG 1: size_true=61	X.var()=155.3510
2022-08-27 BST 20:01:13,865 - INFO -  epoch=1000      train_loss=  16.2227      val_loss=  19.4223      best=1      size=  75      nSHD_c=   1.2333      nSHD=   1.2333      tpr_c=   0.6533      change_adj_count=129      
2022-08-27 BST 20:01:13,866 - INFO - 

DAG 2: size_true=59	X.var()=65.5502
2022-08-27 BST 20:52:11,417 - INFO -  epoch=1000      train_loss=   3.5557      val_loss=   4.0432      best=1      size=  56      nSHD_c=   1.4333      nSHD=   1.3000      tpr_c=   0.5893      change_adj_count=101      
2022-08-27 BST 20:52:11,418 - INFO - 

DAG 3: size_true=64	X.var()=21.6068
2022-08-27 BST 21:44:24,333 - INFO -  epoch=1000      train_loss=   1.6861      val_loss=   1.7062      best=1      size=  60      nSHD_c=   0.6000      nSHD=   0.6000      tpr_c=   0.8833      change_adj_count=72      
2022-08-27 BST 21:44:24,334 - INFO - 

DAG 4: size_true=57	X.var()=79.1466
2022-08-27 BST 22:37:31,501 - INFO -  epoch=1000      train_loss=   3.6182      val_loss=   2.2184      best=1      size=  65      nSHD_c=   0.6333      nSHD=   0.6000      tpr_c=   0.7846      change_adj_count=105      
2022-08-27 BST 22:37:31,502 - INFO - 

DAG 5: size_true=58	X.var()=52.9077
2022-08-27 BST 23:34:42,730 - INFO -  epoch=1000      train_loss=   2.7854      val_loss=   1.5145      best=1      size=  60      nSHD_c=   0.8333      nSHD=   0.8333      tpr_c=   0.7667      change_adj_count=80      
2022-08-27 BST 23:34:42,731 - INFO - 

DAG 6: size_true=64	X.var()=85.5181
2022-08-28 BST 00:17:15,374 - INFO -  epoch=1000      train_loss=   3.8625      val_loss=   1.9288      best=1      size=  71      nSHD_c=   0.9000      nSHD=   0.9000      tpr_c=   0.7606      change_adj_count=103      
2022-08-28 BST 00:17:15,375 - INFO - 

DAG 7: size_true=62	X.var()=47.9829
2022-08-28 BST 01:07:06,137 - INFO -  epoch=1000      train_loss=   2.6372      val_loss=   1.9189      best=1      size=  56      nSHD_c=   0.9667      nSHD=   0.9667      tpr_c=   0.7857      change_adj_count=80      
2022-08-28 BST 01:07:06,138 - INFO - 

DAG 8: size_true=73	X.var()=89.0612
2022-08-28 BST 01:42:33,789 - INFO -  epoch=1000      train_loss=   8.5623      val_loss=   6.9991      best=1      size=  76      nSHD_c=   1.3000      nSHD=   1.3000      tpr_c=   0.7237      change_adj_count=142      
2022-08-28 BST 01:42:33,791 - INFO - 

DAG 9: size_true=58	X.var()=34.0100
2022-08-28 BST 02:18:59,938 - INFO -  epoch=1000      train_loss=   2.7829      val_loss=   1.9679      best=1      size=  54      nSHD_c=   0.8333      nSHD=   0.7333      tpr_c=   0.7778      change_adj_count=78      
2022-08-28 BST 02:18:59,939 - INFO - 

DAG 10: size_true=69	X.var()=99.2606
2022-08-28 BST 02:59:14,463 - INFO -  epoch=1000      train_loss=   7.8190      val_loss=   4.1031      best=1      size=  83      nSHD_c=   2.2333      nSHD=   2.2000      tpr_c=   0.4940      change_adj_count=95      
2022-08-28 BST 02:59:14,464 - INFO - 

DAG 11: size_true=62	X.var()=312.0410
2022-08-28 BST 03:32:20,835 - INFO -  epoch=1000      train_loss=  35.4876      val_loss=  25.8152      best=1      size= 104      nSHD_c=   2.8333      nSHD=   2.8333      tpr_c=   0.3846      change_adj_count=520      
2022-08-28 BST 03:32:20,836 - INFO - 

DAG 12: size_true=52	X.var()=20.9781
2022-08-28 BST 04:02:07,096 - INFO -  epoch=1000      train_loss=   1.7736      val_loss=   1.3589      best=1      size=  48      nSHD_c=   0.3333      nSHD=   0.3333      tpr_c=   0.9375      change_adj_count=72      
2022-08-28 BST 04:02:07,097 - INFO - 

DAG 13: size_true=56	X.var()=10.8936
2022-08-28 BST 04:42:07,406 - INFO -  epoch=1000      train_loss=   1.5962      val_loss=   1.6185      best=1      size=  54      nSHD_c=   0.8667      nSHD=   0.8667      tpr_c=   0.7593      change_adj_count=75      
2022-08-28 BST 04:42:07,407 - INFO - 

DAG 14: size_true=74	X.var()=49.0517
2022-08-28 BST 05:11:54,907 - INFO -  epoch=1000      train_loss=   3.6361      val_loss=   2.2082      best=1      size=  70      nSHD_c=   1.1000      nSHD=   1.1000      tpr_c=   0.7857      change_adj_count=88      
2022-08-28 BST 05:11:54,908 - INFO - 

DAG 15: size_true=64	X.var()=68.9622
2022-08-28 BST 05:49:29,339 - INFO -  epoch=1000      train_loss=   3.6628      val_loss=   4.8137      best=1      size=  70      nSHD_c=   1.1333      nSHD=   1.0667      tpr_c=   0.7000      change_adj_count=93      
2022-08-28 BST 05:49:29,340 - INFO - 

DAG 16: size_true=59	X.var()=47.2447
2022-08-28 BST 06:26:52,538 - INFO -  epoch=1000      train_loss=   2.9644      val_loss=   2.0972      best=1      size=  57      nSHD_c=   0.8667      nSHD=   0.8667      tpr_c=   0.7895      change_adj_count=83      
2022-08-28 BST 06:26:52,539 - INFO - 

DAG 17: size_true=70	X.var()=174.3892
2022-08-28 BST 07:05:24,748 - INFO -  epoch=1000      train_loss=  15.9907      val_loss=  13.0144      best=1      size=  78      nSHD_c=   1.8000      nSHD=   1.8000      tpr_c=   0.5897      change_adj_count=326      
2022-08-28 BST 07:05:24,749 - INFO - 

DAG 18: size_true=65	X.var()=182.2136
2022-08-28 BST 07:37:59,708 - INFO -  epoch=1000      train_loss=  13.2585      val_loss=  61.0065      best=1      size=  81      nSHD_c=   2.1667      nSHD=   2.1333      tpr_c=   0.4815      change_adj_count=100      
2022-08-28 BST 07:37:59,709 - INFO - 

DAG 19: size_true=75	X.var()=239.5528
2022-08-28 BST 08:07:39,481 - INFO -  epoch=1000      train_loss=  19.7099      val_loss=   9.9715      best=1      size= 113      nSHD_c=   2.8667      nSHD=   2.8667      tpr_c=   0.4513      change_adj_count=180      
2022-08-28 BST 08:07:39,483 - INFO - 

DAG 20: size_true=48	X.var()=41.0581
2022-08-28 BST 08:56:49,813 - INFO -  epoch=1000      train_loss=   2.4987      val_loss=   2.2140      best=1      size=  52      nSHD_c=   1.0000      nSHD=   1.0000      tpr_c=   0.6538      change_adj_count=84      
2022-08-28 BST 08:56:49,814 - INFO - 

DAG 21: size_true=62	X.var()=85.4809
2022-08-28 BST 09:38:11,385 - INFO -  epoch=1000      train_loss=   6.5917      val_loss=   9.1760      best=1      size=  75      nSHD_c=   1.3000      nSHD=   1.3000      tpr_c=   0.6533      change_adj_count=120      
2022-08-28 BST 09:38:11,386 - INFO - 

DAG 22: size_true=70	X.var()=34.1116
2022-08-28 BST 09:59:31,313 - INFO -  epoch=1000      train_loss=   2.7053      val_loss=   1.9569      best=1      size=  61      nSHD_c=   1.4667      nSHD=   1.4667      tpr_c=   0.7049      change_adj_count=82      
2022-08-28 BST 09:59:31,314 - INFO - 

DAG 23: size_true=65	X.var()=32.2176
2022-08-28 BST 10:21:43,232 - INFO -  epoch=1000      train_loss=   2.9260      val_loss=   5.1621      best=1      size=  68      nSHD_c=   1.4667      nSHD=   1.4667      tpr_c=   0.6471      change_adj_count=98      
2022-08-28 BST 10:21:43,233 - INFO - 
last_mean_nshd_c=1.3889
2022-08-28 BST 10:21:43,233 - INFO - 
Time taken 16:05:13 (h:mm:ss)
2022-08-28 BST 10:21:43,233 - INFO - 
End of log for run 2022-08-27_BST_18:16:30,147_big_imle_l_none_003
