2022-08-27 BST 18:19:20,673 - INFO - 
Log for run 2022-08-27_BST_18:19:20,569_big_imle_l_none_005

2022-08-27 BST 18:19:20,674 - INFO - COMMENT = 'Test best MAX_SIZE=None Gumbel values with Logistic'
2022-08-27 BST 18:19:20,674 - INFO - DATA_FOLDER = '../data'
2022-08-27 BST 18:19:20,674 - INFO - LATENTS_FOLDER = '../latents'
2022-08-27 BST 18:19:20,675 - INFO - LOGS_FOLDER = '../logs'
2022-08-27 BST 18:19:20,675 - INFO - MODEL_FOLDER = '../models'
2022-08-27 BST 18:19:20,675 - INFO - RESULTS_FOLDER = '../results'
2022-08-27 BST 18:19:20,675 - INFO - DEVICE = torch.device("cuda" if torch.cuda.is_available() else "cpu")  # Used: "cuda"
2022-08-27 BST 18:19:20,675 - INFO - LATENTS = False
2022-08-27 BST 18:19:20,675 - INFO - MATRIX_REPORT = False
2022-08-27 BST 18:19:20,675 - INFO - LABEL = True
2022-08-27 BST 18:19:20,675 - INFO - SAVE_TO_ODS = False
2022-08-27 BST 18:19:20,675 - INFO - VAL_LOSS_FROM_DAG = True
2022-08-27 BST 18:19:20,675 - INFO - WANDB = False
2022-08-27 BST 18:19:20,675 - INFO - WANDB_PROJECT = 'Thetas'
2022-08-27 BST 18:19:20,675 - INFO - GRAD_LOG = False
2022-08-27 BST 18:19:20,675 - INFO - SAVE_RESULTS = False
2022-08-27 BST 18:19:20,676 - INFO - N_TRIALS = 1
2022-08-27 BST 18:19:20,676 - INFO - LOAD_OPTUNA_STUDY = None
2022-08-27 BST 18:19:20,676 - INFO - OPTUNA_STRINGS = {'None': None, 'True': True, 'False': False}
2022-08-27 BST 18:19:20,676 - INFO - TQDM = False
2022-08-27 BST 18:19:20,676 - INFO - 
hyperparameters = {
2022-08-27 BST 18:19:20,676 - INFO - 	'GRAPH_TYPE': 'ER2',
2022-08-27 BST 18:19:20,676 - INFO - 	'D': 30,
2022-08-27 BST 18:19:20,676 - INFO - 	'MAX_SIZE': None,
2022-08-27 BST 18:19:20,676 - INFO - 	'SEM_NOISE': 'gaussian_ev',
2022-08-27 BST 18:19:20,676 - INFO - 	'N': 1200,
2022-08-27 BST 18:19:20,676 - INFO - 	'VAL': 0.16666666666666666,
2022-08-27 BST 18:19:20,676 - INFO - 	'N_EPOCHS': 1000,
2022-08-27 BST 18:19:20,676 - INFO - 	'BATCH_SIZE': None,
2022-08-27 BST 18:19:20,676 - INFO - 	'LOG2_BATCH_SIZE': 3,
2022-08-27 BST 18:19:20,677 - INFO - 	'BATCH_SHUFFLE': True,
2022-08-27 BST 18:19:20,677 - INFO - 	'N_SAMPLES': 47,
2022-08-27 BST 18:19:20,677 - INFO - 	'MODE': 'max_dag_test_only',
2022-08-27 BST 18:19:20,677 - INFO - 	'AFAS_SCHEDULER': None,
2022-08-27 BST 18:19:20,677 - INFO - 	'MINIZINC_SOLVER': None,
2022-08-27 BST 18:19:20,677 - INFO - 	'f_LINEAR_LAYERS': (),
2022-08-27 BST 18:19:20,677 - INFO - 	'f_BIAS': False,
2022-08-27 BST 18:19:20,677 - INFO - 	'p_LAYER': None,
2022-08-27 BST 18:19:20,677 - INFO - 	'STREAMLINE': False,
2022-08-27 BST 18:19:20,677 - INFO - 	'THRESHOLD': 0.0,
2022-08-27 BST 18:19:20,677 - INFO - 	'h_LINEAR_LAYERS': (),
2022-08-27 BST 18:19:20,677 - INFO - 	'h_NULL': 0.00011373901985660933,
2022-08-27 BST 18:19:20,677 - INFO - 	'h_LR': 0.0016158450337500668,
2022-08-27 BST 18:19:20,678 - INFO - 	'h_OPTIMIZER': 'torch.optim.Adam(overall_net.h_net.parameters(), lr=h.h_LR)',
2022-08-27 BST 18:19:20,678 - INFO - 	'f_LR': 0.3720066380139224,
2022-08-27 BST 18:19:20,678 - INFO - 	'f_OPTIMIZER': 'torch.optim.Adam(overall_net.f_net.parameters(), lr=h.f_LR)',
2022-08-27 BST 18:19:20,678 - INFO - 	'NOISE_TEMPERATURE': 0.8785929148606203,
2022-08-27 BST 18:19:20,678 - INFO - 	'NOISE_DISTRIBUTION': 'LogisticNoiseDistribution()',
2022-08-27 BST 18:19:20,678 - INFO - 	'LAMBDA': 27.13959516077541,
2022-08-27 BST 18:19:20,678 - INFO - 	'LOSS_FN': 'torch.nn.MSELoss()',
2022-08-27 BST 18:19:20,678 - INFO - 	'ALPHA': None,
2022-08-27 BST 18:19:20,678 - INFO - 	'BETA': None,
2022-08-27 BST 18:19:20,678 - INFO - 	'REGULARIZER': None,
2022-08-27 BST 18:19:20,678 - INFO - 	'z_RHO': 0.157451211201,
2022-08-27 BST 18:19:20,678 - INFO - 	'z_MU': 0.00120806965197976,
2022-08-27 BST 18:19:20,678 - INFO - 	'z_REGULARIZER': 'NoTearsZRegularizer(h.D, h.z_RHO, h.z_MU, c.DEVICE)',
2022-08-27 BST 18:19:20,678 - INFO - 	'LR_SCHEDULER': None,
2022-08-27 BST 18:19:20,679 - INFO - 	'DATA_CATEGORY': 'big',
2022-08-27 BST 18:19:20,679 - INFO - 	'DAGS': '004'
2022-08-27 BST 18:19:20,679 - INFO - }

2022-08-27 BST 18:19:26,201 - INFO - 

DAG 0: size_true=61	X.var()=61.8741
2022-08-27 BST 19:29:28,960 - INFO -  epoch=1000      train_loss=   3.1738      val_loss=   2.2653      best=1      size=  60      nSHD_c=   1.0333      nSHD=   1.0667      tpr_c=   0.7500      change_adj_count=88      
2022-08-27 BST 19:29:28,962 - INFO - 

DAG 1: size_true=62	X.var()=74.0976
2022-08-27 BST 20:45:31,720 - INFO -  epoch=1000      train_loss=   7.8888      val_loss=   3.8697      best=1      size=  64      nSHD_c=   1.2667      nSHD=   1.2667      tpr_c=   0.6875      change_adj_count=88      
2022-08-27 BST 20:45:31,721 - INFO - 

DAG 2: size_true=58	X.var()=23.3378
2022-08-27 BST 21:57:38,191 - INFO -  epoch=1000      train_loss=   2.0494      val_loss=   1.5205      best=1      size=  47      nSHD_c=   0.7000      nSHD=   0.6667      tpr_c=   0.8723      change_adj_count=73      
2022-08-27 BST 21:57:38,192 - INFO - 

DAG 3: size_true=56	X.var()=48.7906
2022-08-27 BST 23:10:12,568 - INFO -  epoch=1000      train_loss=   2.1730      val_loss=   1.4719      best=1      size=  59      nSHD_c=   0.5000      nSHD=   0.4667      tpr_c=   0.8305      change_adj_count=75      
2022-08-27 BST 23:10:12,569 - INFO - 

DAG 4: size_true=53	X.var()=185.2204
2022-08-28 BST 00:24:23,156 - INFO -  epoch=1000      train_loss=  16.6436      val_loss=  21.8959      best=1      size=  75      nSHD_c=   1.0667      nSHD=   1.0667      tpr_c=   0.6400      change_adj_count=140      
2022-08-28 BST 00:24:23,157 - INFO - 

DAG 5: size_true=51	X.var()=10.1779
2022-08-28 BST 01:36:06,816 - INFO -  epoch=1000      train_loss=   1.6089      val_loss=   1.6545      best=1      size=  49      nSHD_c=   0.8667      nSHD=   0.8667      tpr_c=   0.7347      change_adj_count=76      
2022-08-28 BST 01:36:06,819 - INFO - 

DAG 6: size_true=43	X.var()=18.2984
2022-08-28 BST 02:49:56,863 - INFO -  epoch=1000      train_loss=   1.4301      val_loss=   1.1959      best=1      size=  43      nSHD_c=   0.1333      nSHD=   0.1333      tpr_c=   0.9535      change_adj_count=63      
2022-08-28 BST 02:49:56,864 - INFO - 

DAG 7: size_true=51	X.var()=30.6040
2022-08-28 BST 04:04:37,806 - INFO -  epoch=1000      train_loss=   2.7881      val_loss=   2.2749      best=1      size=  47      nSHD_c=   0.7333      nSHD=   0.7333      tpr_c=   0.8085      change_adj_count=73      
2022-08-28 BST 04:04:37,807 - INFO - 

DAG 8: size_true=70	X.var()=73.3735
2022-08-28 BST 05:15:42,884 - INFO -  epoch=1000      train_loss=   5.9971      val_loss=   4.0660      best=1      size=  77      nSHD_c=   2.3333      nSHD=   2.2667      tpr_c=   0.4675      change_adj_count=92      
2022-08-28 BST 05:15:42,885 - INFO - 

DAG 9: size_true=63	X.var()=92.9967
2022-08-28 BST 06:25:10,332 - INFO -  epoch=1000      train_loss=   4.1663      val_loss=   1.8770      best=1      size=  70      nSHD_c=   1.4667      nSHD=   1.4667      tpr_c=   0.6286      change_adj_count=102      
2022-08-28 BST 06:25:10,334 - INFO - 

DAG 10: size_true=56	X.var()=14.6182
2022-08-28 BST 07:36:17,604 - INFO -  epoch=1000      train_loss=   1.6315      val_loss=   1.3748      best=1      size=  51      nSHD_c=   0.6000      nSHD=   0.6000      tpr_c=   0.8627      change_adj_count=72      
2022-08-28 BST 07:36:17,605 - INFO - 

DAG 11: size_true=49	X.var()=23.7262
2022-08-28 BST 08:50:18,793 - INFO -  epoch=1000      train_loss=   1.8052      val_loss=   1.6519      best=1      size=  48      nSHD_c=   0.5333      nSHD=   0.5333      tpr_c=   0.8333      change_adj_count=69      
2022-08-28 BST 08:50:18,794 - INFO - 

DAG 12: size_true=65	X.var()=38.8774
2022-08-28 BST 10:03:19,558 - INFO -  epoch=1000      train_loss=   2.2183      val_loss=   1.8765      best=1      size=  65      nSHD_c=   0.7333      nSHD=   0.7333      tpr_c=   0.8308      change_adj_count=99      
2022-08-28 BST 10:03:19,559 - INFO - 

DAG 13: size_true=47	X.var()=8.9720
2022-08-28 BST 11:17:12,734 - INFO -  epoch=1000      train_loss=   1.3818      val_loss=   1.2466      best=1      size=  46      nSHD_c=   0.2667      nSHD=   0.2667      tpr_c=   0.9130      change_adj_count=70      
2022-08-28 BST 11:17:12,735 - INFO - 

DAG 14: size_true=61	X.var()=38.1069
2022-08-28 BST 12:29:36,565 - INFO -  epoch=1000      train_loss=   2.5300      val_loss=   1.7081      best=1      size=  60      nSHD_c=   0.6333      nSHD=   0.6333      tpr_c=   0.8500      change_adj_count=78      
2022-08-28 BST 12:29:36,567 - INFO - 

DAG 15: size_true=57	X.var()=67.1618
2022-08-28 BST 13:42:29,490 - INFO -  epoch=1000      train_loss=   5.1035      val_loss=   6.9222      best=1      size=  60      nSHD_c=   0.9667      nSHD=   0.9667      tpr_c=   0.7333      change_adj_count=83      
2022-08-28 BST 13:42:29,492 - INFO - 

DAG 16: size_true=62	X.var()=11.0188
2022-08-28 BST 14:56:04,409 - INFO -  epoch=1000      train_loss=   2.0064      val_loss=   1.7859      best=1      size=  60      nSHD_c=   0.9667      nSHD=   0.9667      tpr_c=   0.7667      change_adj_count=79      
2022-08-28 BST 14:56:04,410 - INFO - 

DAG 17: size_true=64	X.var()=292.5978
2022-08-28 BST 16:07:26,659 - INFO -  epoch=1000      train_loss=  21.2180      val_loss=  44.7100      best=1      size= 109      nSHD_c=   2.8000      nSHD=   2.8000      tpr_c=   0.4037      change_adj_count=193      
2022-08-28 BST 16:07:26,660 - INFO - 

DAG 18: size_true=59	X.var()=39.3397
2022-08-28 BST 17:19:43,804 - INFO -  epoch=1000      train_loss=   2.5771      val_loss=   2.6829      best=1      size=  56      nSHD_c=   0.8000      nSHD=   0.8000      tpr_c=   0.8036      change_adj_count=82      
2022-08-28 BST 17:19:43,805 - INFO - 

DAG 19: size_true=63	X.var()=21.9424
2022-08-28 BST 18:31:46,612 - INFO -  epoch=1000      train_loss=   2.0807      val_loss=   1.6820      best=1      size=  62      nSHD_c=   0.5000      nSHD=   0.5000      tpr_c=   0.8871      change_adj_count=81      
2022-08-28 BST 18:31:46,614 - INFO - 

DAG 20: size_true=63	X.var()=97.0018
2022-08-28 BST 19:44:02,808 - INFO -  epoch=1000      train_loss=   7.6755      val_loss=   8.0388      best=1      size=  71      nSHD_c=   1.9333      nSHD=   1.9333      tpr_c=   0.5211      change_adj_count=150      
2022-08-28 BST 19:44:02,810 - INFO - 

DAG 21: size_true=71	X.var()=71.9928
2022-08-28 BST 20:57:51,182 - INFO -  epoch=1000      train_loss=   2.8916      val_loss=   1.5836      best=1      size=  77      nSHD_c=   1.3000      nSHD=   1.3000      tpr_c=   0.7013      change_adj_count=106      
2022-08-28 BST 20:57:51,183 - INFO - 

DAG 22: size_true=56	X.var()=81.3484
2022-08-28 BST 22:11:46,013 - INFO -  epoch=1000      train_loss=   5.8080      val_loss=   3.7954      best=1      size=  70      nSHD_c=   1.8000      nSHD=   1.8000      tpr_c=   0.5143      change_adj_count=104      
2022-08-28 BST 22:11:46,014 - INFO - 

DAG 23: size_true=51	X.var()=38.2682
2022-08-28 BST 23:23:49,032 - INFO -  epoch=1000      train_loss=   1.9779      val_loss=   1.4827      best=1      size=  58      nSHD_c=   0.6667      nSHD=   0.6667      tpr_c=   0.7586      change_adj_count=83      
2022-08-28 BST 23:23:49,033 - INFO - 
last_mean_nshd_c=1.0250
2022-08-28 BST 23:23:49,033 - INFO - 
Time taken 29:04:28 (h:mm:ss)
2022-08-28 BST 23:23:49,033 - INFO - 
End of log for run 2022-08-27_BST_18:19:20,569_big_imle_l_none_005
