2022-08-27 BST 20:56:44,770 - INFO - 
Log for run 2022-08-27_BST_20:56:44,740_big_ste_l_84_009

2022-08-27 BST 20:56:44,770 - INFO - COMMENT = 'For Optuna on STE'
2022-08-27 BST 20:56:44,770 - INFO - DATA_FOLDER = '../data'
2022-08-27 BST 20:56:44,770 - INFO - LATENTS_FOLDER = '../latents'
2022-08-27 BST 20:56:44,770 - INFO - LOGS_FOLDER = '../logs'
2022-08-27 BST 20:56:44,770 - INFO - MODEL_FOLDER = '../models'
2022-08-27 BST 20:56:44,770 - INFO - RESULTS_FOLDER = '../results'
2022-08-27 BST 20:56:44,771 - INFO - DEVICE = torch.device("cuda" if torch.cuda.is_available() else "cpu")  # Used: "cuda"
2022-08-27 BST 20:56:44,771 - INFO - LATENTS = False
2022-08-27 BST 20:56:44,771 - INFO - MATRIX_REPORT = False
2022-08-27 BST 20:56:44,771 - INFO - LABEL = True
2022-08-27 BST 20:56:44,771 - INFO - SAVE_TO_ODS = False
2022-08-27 BST 20:56:44,771 - INFO - VAL_LOSS_FROM_DAG = True
2022-08-27 BST 20:56:44,771 - INFO - WANDB = False
2022-08-27 BST 20:56:44,771 - INFO - WANDB_PROJECT = 'Thetas'
2022-08-27 BST 20:56:44,771 - INFO - GRAD_LOG = False
2022-08-27 BST 20:56:44,771 - INFO - SAVE_RESULTS = False
2022-08-27 BST 20:56:44,771 - INFO - N_TRIALS = 1
2022-08-27 BST 20:56:44,771 - INFO - LOAD_OPTUNA_STUDY = None
2022-08-27 BST 20:56:44,771 - INFO - OPTUNA_STRINGS = {'None': None, 'True': True, 'False': False}
2022-08-27 BST 20:56:44,771 - INFO - TQDM = False
2022-08-27 BST 20:56:44,771 - INFO - 
hyperparameters = {
2022-08-27 BST 20:56:44,771 - INFO - 	'GRAPH_TYPE': 'ER2',
2022-08-27 BST 20:56:44,771 - INFO - 	'D': 30,
2022-08-27 BST 20:56:44,771 - INFO - 	'MAX_SIZE': 84,
2022-08-27 BST 20:56:44,771 - INFO - 	'SEM_NOISE': 'gaussian_ev',
2022-08-27 BST 20:56:44,771 - INFO - 	'N': 1200,
2022-08-27 BST 20:56:44,771 - INFO - 	'VAL': 0.16666666666666666,
2022-08-27 BST 20:56:44,771 - INFO - 	'N_EPOCHS': 1000,
2022-08-27 BST 20:56:44,771 - INFO - 	'BATCH_SIZE': None,
2022-08-27 BST 20:56:44,772 - INFO - 	'LOG2_BATCH_SIZE': 4,
2022-08-27 BST 20:56:44,772 - INFO - 	'BATCH_SHUFFLE': True,
2022-08-27 BST 20:56:44,772 - INFO - 	'N_SAMPLES': 10,
2022-08-27 BST 20:56:44,772 - INFO - 	'MODE': 'max_dag_test_only',
2022-08-27 BST 20:56:44,772 - INFO - 	'AFAS_SCHEDULER': None,
2022-08-27 BST 20:56:44,772 - INFO - 	'MINIZINC_SOLVER': None,
2022-08-27 BST 20:56:44,772 - INFO - 	'f_LINEAR_LAYERS': (),
2022-08-27 BST 20:56:44,772 - INFO - 	'f_BIAS': False,
2022-08-27 BST 20:56:44,772 - INFO - 	'p_LAYER': 'STE',
2022-08-27 BST 20:56:44,772 - INFO - 	'STREAMLINE': False,
2022-08-27 BST 20:56:44,772 - INFO - 	'THRESHOLD': 0.0,
2022-08-27 BST 20:56:44,772 - INFO - 	'h_LINEAR_LAYERS': (),
2022-08-27 BST 20:56:44,772 - INFO - 	'h_NULL': 0.0216881787013694,
2022-08-27 BST 20:56:44,772 - INFO - 	'h_LR': 0.000113389232350646,
2022-08-27 BST 20:56:44,772 - INFO - 	'h_OPTIMIZER': 'torch.optim.Adam(overall_net.h_net.parameters(), lr=h.h_LR)',
2022-08-27 BST 20:56:44,772 - INFO - 	'f_LR': 0.0123204369681095,
2022-08-27 BST 20:56:44,772 - INFO - 	'f_OPTIMIZER': 'torch.optim.Adam(overall_net.f_net.parameters(), lr=h.f_LR)',
2022-08-27 BST 20:56:44,772 - INFO - 	'NOISE_TEMPERATURE': 0.177138167187175,
2022-08-27 BST 20:56:44,772 - INFO - 	'NOISE_DISTRIBUTION': 'LogisticNoiseDistribution()',
2022-08-27 BST 20:56:44,772 - INFO - 	'LAMBDA': 1,
2022-08-27 BST 20:56:44,772 - INFO - 	'LOSS_FN': 'torch.nn.MSELoss()',
2022-08-27 BST 20:56:44,772 - INFO - 	'ALPHA': None,
2022-08-27 BST 20:56:44,773 - INFO - 	'BETA': None,
2022-08-27 BST 20:56:44,773 - INFO - 	'REGULARIZER': None,
2022-08-27 BST 20:56:44,773 - INFO - 	'z_RHO': 0.410122763411552,
2022-08-27 BST 20:56:44,773 - INFO - 	'z_MU': 0.0102343788252807,
2022-08-27 BST 20:56:44,773 - INFO - 	'z_REGULARIZER': 'NoTearsZRegularizer(h.D, h.z_RHO, h.z_MU, c.DEVICE)',
2022-08-27 BST 20:56:44,773 - INFO - 	'LR_SCHEDULER': None,
2022-08-27 BST 20:56:44,773 - INFO - 	'DATA_CATEGORY': 'big',
2022-08-27 BST 20:56:44,773 - INFO - 	'DAGS': '008'
2022-08-27 BST 20:56:44,773 - INFO - }

2022-08-27 BST 20:56:46,295 - INFO - 

DAG 0: size_true=55	X.var()=16.6920
2022-08-27 BST 21:03:08,373 - INFO -  epoch=1000      train_loss=   1.4448      val_loss=   1.1452      best=1      size=  52      nSHD_c=   0.4000      nSHD=   0.4000      tpr_c=   0.9038      change_adj_count=103      
2022-08-27 BST 21:03:08,375 - INFO - 

DAG 1: size_true=57	X.var()=47.1894
2022-08-27 BST 21:09:17,475 - INFO -  epoch=1000      train_loss=   1.5025      val_loss=   1.1620      best=1      size=  58      nSHD_c=   0.4333      nSHD=   0.4333      tpr_c=   0.8793      change_adj_count=106      
2022-08-27 BST 21:09:17,476 - INFO - 

DAG 2: size_true=51	X.var()=20.5134
2022-08-27 BST 21:15:23,904 - INFO -  epoch=1000      train_loss=   1.5027      val_loss=   1.2035      best=1      size=  56      nSHD_c=   0.7667      nSHD=   0.7667      tpr_c=   0.7321      change_adj_count=102      
2022-08-27 BST 21:15:23,907 - INFO - 

DAG 3: size_true=67	X.var()=178.7649
2022-08-27 BST 21:21:08,567 - INFO -  epoch=1000      train_loss=   1.6967      val_loss=   1.2959      best=1      size=  63      nSHD_c=   1.0333      nSHD=   1.0333      tpr_c=   0.7778      change_adj_count=120      
2022-08-27 BST 21:21:08,568 - INFO - 

DAG 4: size_true=66	X.var()=79.5338
2022-08-27 BST 21:27:19,264 - INFO -  epoch=1000      train_loss=   2.1556      val_loss=   2.0177      best=1      size=  69      nSHD_c=   1.7667      nSHD=   1.7667      tpr_c=   0.5652      change_adj_count=169      
2022-08-27 BST 21:27:19,265 - INFO - 

DAG 5: size_true=66	X.var()=108.0574
2022-08-27 BST 21:33:37,057 - INFO -  epoch=1000      train_loss=   1.5668      val_loss=   1.2027      best=1      size=  64      nSHD_c=   0.4333      nSHD=   0.4333      tpr_c=   0.9062      change_adj_count=155      
2022-08-27 BST 21:33:37,059 - INFO - 

DAG 6: size_true=49	X.var()=21.0227
2022-08-27 BST 21:39:45,055 - INFO -  epoch=1000      train_loss=   1.4105      val_loss=   1.1745      best=1      size=  48      nSHD_c=   0.5000      nSHD=   0.5000      tpr_c=   0.8333      change_adj_count=85      
2022-08-27 BST 21:39:45,056 - INFO - 

DAG 7: size_true=59	X.var()=36.6638
2022-08-27 BST 21:46:12,505 - INFO -  epoch=1000      train_loss=   1.6975      val_loss=   1.3095      best=1      size=  61      nSHD_c=   0.8000      nSHD=   0.8000      tpr_c=   0.7541      change_adj_count=132      
2022-08-27 BST 21:46:12,506 - INFO - 

DAG 8: size_true=57	X.var()=12.5241
2022-08-27 BST 21:52:31,772 - INFO -  epoch=1000      train_loss=   1.3919      val_loss=   1.1123      best=1      size=  53      nSHD_c=   0.3000      nSHD=   0.2667      tpr_c=   0.9434      change_adj_count=70      
2022-08-27 BST 21:52:31,773 - INFO - 

DAG 9: size_true=65	X.var()=17.3109
2022-08-27 BST 21:58:54,414 - INFO -  epoch=1000      train_loss=   1.4754      val_loss=   1.0996      best=1      size=  63      nSHD_c=   0.3667      nSHD=   0.3667      tpr_c=   0.9206      change_adj_count=134      
2022-08-27 BST 21:58:54,415 - INFO - 

DAG 10: size_true=57	X.var()=22.0725
2022-08-27 BST 22:05:09,752 - INFO -  epoch=1000      train_loss=   1.4256      val_loss=   1.1209      best=1      size=  53      nSHD_c=   0.2667      nSHD=   0.2667      tpr_c=   0.9623      change_adj_count=106      
2022-08-27 BST 22:05:09,753 - INFO - 

DAG 11: size_true=70	X.var()=89.9252
2022-08-27 BST 22:11:15,515 - INFO -  epoch=1000      train_loss=   1.7608      val_loss=   1.2248      best=1      size=  69      nSHD_c=   1.0667      nSHD=   1.0667      tpr_c=   0.7536      change_adj_count=156      
2022-08-27 BST 22:11:15,516 - INFO - 

DAG 12: size_true=77	X.var()=102.5381
2022-08-27 BST 22:16:54,927 - INFO -  epoch=1000      train_loss=   2.0285      val_loss=   1.3885      best=1      size=  73      nSHD_c=   1.4667      nSHD=   1.4667      tpr_c=   0.6986      change_adj_count=140      
2022-08-27 BST 22:16:54,928 - INFO - 

DAG 13: size_true=51	X.var()=33.5042
2022-08-27 BST 22:22:24,236 - INFO -  epoch=1000      train_loss=   1.4225      val_loss=   1.1279      best=1      size=  54      nSHD_c=   0.7667      nSHD=   0.7000      tpr_c=   0.7222      change_adj_count=108      
2022-08-27 BST 22:22:24,237 - INFO - 

DAG 14: size_true=58	X.var()=36.8608
2022-08-27 BST 22:27:50,901 - INFO -  epoch=1000      train_loss=   1.4550      val_loss=   1.2320      best=1      size=  61      nSHD_c=   0.7333      nSHD=   0.6333      tpr_c=   0.7541      change_adj_count=108      
2022-08-27 BST 22:27:50,902 - INFO - 

DAG 15: size_true=52	X.var()=32.2092
2022-08-27 BST 22:33:22,976 - INFO -  epoch=1000      train_loss=   1.4442      val_loss=   1.1994      best=1      size=  48      nSHD_c=   0.4333      nSHD=   0.4000      tpr_c=   0.8958      change_adj_count=109      
2022-08-27 BST 22:33:22,978 - INFO - 

DAG 16: size_true=65	X.var()=47.2769
2022-08-27 BST 22:38:56,307 - INFO -  epoch=1000      train_loss=   1.6819      val_loss=   1.3630      best=1      size=  65      nSHD_c=   0.5000      nSHD=   0.5000      tpr_c=   0.8769      change_adj_count=122      
2022-08-27 BST 22:38:56,308 - INFO - 

DAG 17: size_true=55	X.var()=60.1776
2022-08-27 BST 22:44:40,361 - INFO -  epoch=1000      train_loss=   1.4920      val_loss=   1.1683      best=1      size=  55      nSHD_c=   0.6000      nSHD=   0.6000      tpr_c=   0.8182      change_adj_count=108      
2022-08-27 BST 22:44:40,362 - INFO - 

DAG 18: size_true=51	X.var()=12.0252
2022-08-27 BST 22:50:51,084 - INFO -  epoch=1000      train_loss=   1.3355      val_loss=   1.0970      best=1      size=  49      nSHD_c=   0.3667      nSHD=   0.3667      tpr_c=   0.8980      change_adj_count=89      
2022-08-27 BST 22:50:51,085 - INFO - 

DAG 19: size_true=59	X.var()=37.9339
2022-08-27 BST 22:57:05,712 - INFO -  epoch=1000      train_loss=   1.4958      val_loss=   1.1578      best=1      size=  57      nSHD_c=   0.5667      nSHD=   0.5000      tpr_c=   0.8421      change_adj_count=111      
2022-08-27 BST 22:57:05,713 - INFO - 

DAG 20: size_true=63	X.var()=44.8391
2022-08-27 BST 23:03:12,918 - INFO -  epoch=1000      train_loss=   1.5327      val_loss=   1.2138      best=1      size=  59      nSHD_c=   0.6000      nSHD=   0.6000      tpr_c=   0.8814      change_adj_count=127      
2022-08-27 BST 23:03:12,919 - INFO - 

DAG 21: size_true=63	X.var()=38.0938
2022-08-27 BST 23:09:27,686 - INFO -  epoch=1000      train_loss=   1.4742      val_loss=   1.1880      best=1      size=  58      nSHD_c=   0.5000      nSHD=   0.4667      tpr_c=   0.8966      change_adj_count=92      
2022-08-27 BST 23:09:27,687 - INFO - 

DAG 22: size_true=65	X.var()=66.3658
2022-08-27 BST 23:15:51,126 - INFO -  epoch=1000      train_loss=   1.6058      val_loss=   1.1800      best=1      size=  64      nSHD_c=   0.6333      nSHD=   0.6333      tpr_c=   0.8438      change_adj_count=144      
2022-08-27 BST 23:15:51,127 - INFO - 

DAG 23: size_true=60	X.var()=73.3472
2022-08-27 BST 23:21:21,354 - INFO -  epoch=1000      train_loss=   1.9098      val_loss=   1.5866      best=1      size=  59      nSHD_c=   1.3000      nSHD=   1.2000      tpr_c=   0.6441      change_adj_count=134      
2022-08-27 BST 23:21:21,355 - INFO - 
last_mean_nshd_c=0.6917
2022-08-27 BST 23:21:21,355 - INFO - 
Time taken 2:24:37 (h:mm:ss)
2022-08-27 BST 23:21:21,355 - INFO - 
End of log for run 2022-08-27_BST_20:56:44,740_big_ste_l_84_009
