2022-09-10 BST 17:34:33,378 - INFO - 
Log for run 2022-09-10_BST_17:34:33,371_sachs_dag_training_BB

2022-09-10 BST 17:34:33,378 - INFO - COMMENT = 'IMLE_Logistic_None for Sachs data with DAG traning'
2022-09-10 BST 17:34:33,378 - INFO - DATA_FOLDER = '../data'
2022-09-10 BST 17:34:33,378 - INFO - LATENTS_FOLDER = '../latents'
2022-09-10 BST 17:34:33,378 - INFO - LOGS_FOLDER = '../logs'
2022-09-10 BST 17:34:33,378 - INFO - MODEL_FOLDER = '../models'
2022-09-10 BST 17:34:33,378 - INFO - RESULTS_FOLDER = '../results'
2022-09-10 BST 17:34:33,378 - INFO - DEVICE = torch.device("cuda" if torch.cuda.is_available() else "cpu")  # Used: "cuda"
2022-09-10 BST 17:34:33,378 - INFO - LATENTS = False
2022-09-10 BST 17:34:33,378 - INFO - MATRIX_REPORT = False
2022-09-10 BST 17:34:33,378 - INFO - LABEL = True
2022-09-10 BST 17:34:33,378 - INFO - SAVE_TO_ODS = False
2022-09-10 BST 17:34:33,378 - INFO - VAL_LOSS_FROM_DAG = True
2022-09-10 BST 17:34:33,378 - INFO - WANDB = False
2022-09-10 BST 17:34:33,378 - INFO - WANDB_PROJECT = 'Thetas'
2022-09-10 BST 17:34:33,378 - INFO - GRAD_LOG = False
2022-09-10 BST 17:34:33,378 - INFO - SAVE_RESULTS = True
2022-09-10 BST 17:34:33,378 - INFO - N_TRIALS = 1
2022-09-10 BST 17:34:33,378 - INFO - LOAD_OPTUNA_STUDY = None
2022-09-10 BST 17:34:33,378 - INFO - OPTUNA_STRINGS = {'None': None, 'True': True, 'False': False}
2022-09-10 BST 17:34:33,378 - INFO - TQDM = False
2022-09-10 BST 17:34:33,378 - INFO - 
hyperparameters = {
2022-09-10 BST 17:34:33,378 - INFO - 	'GRAPH_TYPE': None,
2022-09-10 BST 17:34:33,378 - INFO - 	'D': 11,
2022-09-10 BST 17:34:33,378 - INFO - 	'MAX_SIZE': None,
2022-09-10 BST 17:34:33,379 - INFO - 	'SEM_NOISE': 'gaussian_ev',
2022-09-10 BST 17:34:33,379 - INFO - 	'VAL': 0.009378663540445486,
2022-09-10 BST 17:34:33,379 - INFO - 	'N_EPOCHS': 1000,
2022-09-10 BST 17:34:33,379 - INFO - 	'BATCH_SIZE': None,
2022-09-10 BST 17:34:33,379 - INFO - 	'LOG2_BATCH_SIZE': 3,
2022-09-10 BST 17:34:33,379 - INFO - 	'BATCH_SHUFFLE': True,
2022-09-10 BST 17:34:33,379 - INFO - 	'N_SAMPLES': 47,
2022-09-10 BST 17:34:33,379 - INFO - 	'MODE': 'max_dag',
2022-09-10 BST 17:34:33,379 - INFO - 	'AFAS_SCHEDULER': None,
2022-09-10 BST 17:34:33,379 - INFO - 	'MINIZINC_SOLVER': None,
2022-09-10 BST 17:34:33,379 - INFO - 	'f_LINEAR_LAYERS': (),
2022-09-10 BST 17:34:33,379 - INFO - 	'f_BIAS': False,
2022-09-10 BST 17:34:33,379 - INFO - 	'p_LAYER': None,
2022-09-10 BST 17:34:33,379 - INFO - 	'STREAMLINE': False,
2022-09-10 BST 17:34:33,379 - INFO - 	'THRESHOLD': 0.0,
2022-09-10 BST 17:34:33,379 - INFO - 	'h_LINEAR_LAYERS': (),
2022-09-10 BST 17:34:33,379 - INFO - 	'h_NULL': 0.00011373901985660933,
2022-09-10 BST 17:34:33,379 - INFO - 	'h_LR': 0.0016158450337500668,
2022-09-10 BST 17:34:33,379 - INFO - 	'h_OPTIMIZER': 'torch.optim.Adam(overall_net.h_net.parameters(), lr=h.h_LR)',
2022-09-10 BST 17:34:33,379 - INFO - 	'f_LR': 0.3720066380139224,
2022-09-10 BST 17:34:33,379 - INFO - 	'f_OPTIMIZER': 'torch.optim.Adam(overall_net.f_net.parameters(), lr=h.f_LR)',
2022-09-10 BST 17:34:33,379 - INFO - 	'NOISE_TEMPERATURE': 0.8785929148606203,
2022-09-10 BST 17:34:33,379 - INFO - 	'NOISE_DISTRIBUTION': 'NoNoise()',
2022-09-10 BST 17:34:33,379 - INFO - 	'LAMBDA': 27.13959516077541,
2022-09-10 BST 17:34:33,379 - INFO - 	'LOSS_FN': 'torch.nn.MSELoss()',
2022-09-10 BST 17:34:33,379 - INFO - 	'ALPHA': None,
2022-09-10 BST 17:34:33,379 - INFO - 	'BETA': None,
2022-09-10 BST 17:34:33,379 - INFO - 	'REGULARIZER': None,
2022-09-10 BST 17:34:33,379 - INFO - 	'z_RHO': 0.157451211201,
2022-09-10 BST 17:34:33,379 - INFO - 	'z_MU': 0.00120806965197976,
2022-09-10 BST 17:34:33,379 - INFO - 	'z_REGULARIZER': 'NoTearsZRegularizer(h.D, h.z_RHO, h.z_MU, c.DEVICE)',
2022-09-10 BST 17:34:33,379 - INFO - 	'LR_SCHEDULER': None,
2022-09-10 BST 17:34:33,380 - INFO - 	'DATA_CATEGORY': 'real',
2022-09-10 BST 17:34:33,380 - INFO - 	'DAGS': 'Sachs_1',
2022-09-10 BST 17:34:33,380 - INFO - 	'N_REAL_RUNS': 6
2022-09-10 BST 17:34:33,380 - INFO - }

2022-09-10 BST 17:34:33,706 - INFO - 

DAG 0: size_true=17	X.var()=43694.6783
2022-09-10 BST 17:34:45,553 - INFO -  epoch=   1      train_loss=56766.2878      val_loss=210869.8750      best=1      size=  31      nSHD_c=   3.3636      nSHD=   2.8182      prec_c=   0.0000      change_adj_count=0      
2022-09-10 BST 17:34:55,234 - INFO -  epoch=   2      train_loss=38657.4693      val_loss=27631.3184      best=1      size=  34      nSHD_c=   3.6364      nSHD=   3.4545      prec_c=   0.0000      change_adj_count=1      
2022-09-10 BST 17:35:04,341 - INFO -  epoch=   3      train_loss=27907.3268      val_loss=18169.0078      best=1      size=  24      nSHD_c=   3.0000      nSHD=   2.6364      prec_c=   0.0000      change_adj_count=2      
2022-09-10 BST 17:40:22,480 - INFO -  epoch=  37      train_loss=74566.9165      val_loss=17713.2793      best=1      size=  29      nSHD_c=   3.2727      nSHD=   3.0909      prec_c=   0.0000      change_adj_count=36      
2022-09-10 BST 17:50:02,919 - INFO -  epoch= 100      train_loss=182567.9331      val_loss=34564.6328      best=0      size=  24      nSHD_c=   2.9091      nSHD=   2.4545      prec_c=   0.0417      change_adj_count=99      
2022-09-10 BST 18:05:34,269 - INFO -  epoch= 200      train_loss=101822.5646      val_loss=32234.7656      best=0      size=  24      nSHD_c=   3.1818      nSHD=   2.8182      prec_c=   0.0000      change_adj_count=199      
2022-09-10 BST 18:11:48,007 - INFO -  epoch= 240      train_loss=72138.2291      val_loss=11823.0879      best=1      size=  30      nSHD_c=   3.3636      nSHD=   2.9091      prec_c=   0.0000      change_adj_count=239      
2022-09-10 BST 18:21:09,471 - INFO -  epoch= 300      train_loss=101914.6449      val_loss=29285.6289      best=0      size=  30      nSHD_c=   3.7273      nSHD=   3.4545      prec_c=   0.0000      change_adj_count=299      
2022-09-10 BST 18:35:15,801 - INFO -  epoch= 390      train_loss=85530.3064      val_loss=11184.8965      best=1      size=  29      nSHD_c=   3.3636      nSHD=   3.2727      prec_c=   0.0000      change_adj_count=389      
2022-09-10 BST 18:36:50,253 - INFO -  epoch= 400      train_loss=65043.7344      val_loss=700203.6250      best=0      size=  33      nSHD_c=   3.4545      nSHD=   3.0000      prec_c=   0.0000      change_adj_count=399      
2022-09-10 BST 18:52:27,250 - INFO -  epoch= 500      train_loss=159808.1623      val_loss=260204.7969      best=0      size=  28      nSHD_c=   2.6364      nSHD=   2.3636      prec_c=   0.1429      change_adj_count=499      
2022-09-10 BST 19:08:09,814 - INFO -  epoch= 600      train_loss=368309.4580      val_loss=43396.5312      best=0      size=  25      nSHD_c=   3.0000      nSHD=   2.8182      prec_c=   0.0000      change_adj_count=599      
2022-09-10 BST 19:23:51,164 - INFO -  epoch= 700      train_loss=65919.4818      val_loss=33160.2891      best=0      size=  29      nSHD_c=   3.1818      nSHD=   2.7273      prec_c=   0.0345      change_adj_count=699      
2022-09-10 BST 19:39:31,839 - INFO -  epoch= 800      train_loss=148415.2272      val_loss=34245.4492      best=0      size=  28      nSHD_c=   3.0909      nSHD=   2.6364      prec_c=   0.0357      change_adj_count=799      
2022-09-10 BST 19:54:31,580 - INFO -  epoch= 900      train_loss=51677.3017      val_loss=756893.6250      best=0      size=  25      nSHD_c=   3.0909      nSHD=   2.8182      prec_c=   0.0400      change_adj_count=899      
2022-09-10 BST 20:09:18,727 - INFO -  epoch=1000      train_loss=34820.0570      val_loss=31122.5000      best=0      size=  24      nSHD_c=   2.8182      nSHD=   2.6364      prec_c=   0.0833      change_adj_count=999      
2022-09-10 BST 20:09:18,729 - INFO - Last epoch results saved in sachs_dag_training_BB.csv
2022-09-10 BST 20:09:18,730 - INFO - 

DAG 1: size_true=17	X.var()=43694.6783
2022-09-10 BST 20:09:27,364 - INFO -  epoch=   1      train_loss=93826.9202      val_loss=33699.2695      best=1      size=  23      nSHD_c=   2.8182      nSHD=   2.4545      prec_c=   0.0000      change_adj_count=0      
2022-09-10 BST 20:09:36,426 - INFO -  epoch=   2      train_loss=124784.8100      val_loss=30680.7539      best=1      size=  29      nSHD_c=   3.1818      nSHD=   3.0909      prec_c=   0.0690      change_adj_count=1      
2022-09-10 BST 20:10:38,213 - INFO -  epoch=   9      train_loss=35616.1428      val_loss=29690.8555      best=1      size=  30      nSHD_c=   3.4545      nSHD=   3.0000      prec_c=   0.0000      change_adj_count=8      
2022-09-10 BST 20:11:24,517 - INFO -  epoch=  14      train_loss=174856.9659      val_loss=26722.7793      best=1      size=  34      nSHD_c=   3.5455      nSHD=   3.0000      prec_c=   0.0000      change_adj_count=13      
2022-09-10 BST 20:13:56,926 - INFO -  epoch=  31      train_loss=46634.3602      val_loss=13500.5293      best=1      size=  29      nSHD_c=   3.0909      nSHD=   2.6364      prec_c=   0.0345      change_adj_count=30      
2022-09-10 BST 20:24:16,575 - INFO -  epoch= 100      train_loss=121349.2498      val_loss=58393.9102      best=0      size=  33      nSHD_c=   3.3636      nSHD=   3.0000      prec_c=   0.0000      change_adj_count=99      
2022-09-10 BST 20:39:14,121 - INFO -  epoch= 200      train_loss=245256.4748      val_loss=39055.5508      best=0      size=  25      nSHD_c=   2.9091      nSHD=   3.0000      prec_c=   0.1600      change_adj_count=199      
2022-09-10 BST 20:54:08,252 - INFO -  epoch= 300      train_loss=178017.3066      val_loss=30879.0723      best=0      size=  28      nSHD_c=   3.1818      nSHD=   2.7273      prec_c=   0.0357      change_adj_count=299      
2022-09-10 BST 21:09:16,098 - INFO -  epoch= 400      train_loss=105560.2869      val_loss=37561.6953      best=0      size=  28      nSHD_c=   3.1818      nSHD=   3.0000      prec_c=   0.0357      change_adj_count=399      
2022-09-10 BST 21:24:15,324 - INFO -  epoch= 500      train_loss=51681.5829      val_loss=37701.8750      best=0      size=  33      nSHD_c=   3.4545      nSHD=   3.4545      prec_c=   0.0606      change_adj_count=499      
2022-09-10 BST 21:39:17,967 - INFO -  epoch= 600      train_loss=77553.8108      val_loss=38125.3438      best=0      size=  28      nSHD_c=   3.3636      nSHD=   2.8182      prec_c=   0.0000      change_adj_count=599      
2022-09-10 BST 21:54:18,052 - INFO -  epoch= 700      train_loss=79078.7881      val_loss=38156.3516      best=0      size=  25      nSHD_c=   3.2727      nSHD=   2.8182      prec_c=   0.0000      change_adj_count=699      
2022-09-10 BST 22:09:10,327 - INFO -  epoch= 800      train_loss=160954.2996      val_loss=48610.4570      best=0      size=  32      nSHD_c=   3.5455      nSHD=   3.0000      prec_c=   0.0000      change_adj_count=799      
