2022-09-10 BST 16:44:30,500 - INFO - 
Log for run 2022-09-10_BST_16:44:30,466_dag_training_imle_l_none

2022-09-10 BST 16:44:30,500 - INFO - COMMENT = 'Test best MAX_SIZE=None Gumbel values with Logistic'
2022-09-10 BST 16:44:30,500 - INFO - DATA_FOLDER = '../data'
2022-09-10 BST 16:44:30,500 - INFO - LATENTS_FOLDER = '../latents'
2022-09-10 BST 16:44:30,500 - INFO - LOGS_FOLDER = '../logs'
2022-09-10 BST 16:44:30,500 - INFO - MODEL_FOLDER = '../models'
2022-09-10 BST 16:44:30,501 - INFO - RESULTS_FOLDER = '../results'
2022-09-10 BST 16:44:30,501 - INFO - DEVICE = torch.device("cuda" if torch.cuda.is_available() else "cpu")  # Used: "cuda"
2022-09-10 BST 16:44:30,501 - INFO - LATENTS = False
2022-09-10 BST 16:44:30,501 - INFO - MATRIX_REPORT = False
2022-09-10 BST 16:44:30,501 - INFO - LABEL = True
2022-09-10 BST 16:44:30,501 - INFO - SAVE_TO_ODS = False
2022-09-10 BST 16:44:30,501 - INFO - VAL_LOSS_FROM_DAG = True
2022-09-10 BST 16:44:30,501 - INFO - WANDB = False
2022-09-10 BST 16:44:30,501 - INFO - WANDB_PROJECT = 'Thetas'
2022-09-10 BST 16:44:30,501 - INFO - GRAD_LOG = False
2022-09-10 BST 16:44:30,501 - INFO - N_TRIALS = 1
2022-09-10 BST 16:44:30,501 - INFO - LOAD_OPTUNA_STUDY = None
2022-09-10 BST 16:44:30,501 - INFO - OPTUNA_STRINGS = {'None': None, 'True': True, 'False': False}
2022-09-10 BST 16:44:30,501 - INFO - TQDM = False
2022-09-10 BST 16:44:30,501 - INFO - 
hyperparameters = {
2022-09-10 BST 16:44:30,501 - INFO - 	'GRAPH_TYPE': 'ER2',
2022-09-10 BST 16:44:30,501 - INFO - 	'D': 30,
2022-09-10 BST 16:44:30,501 - INFO - 	'MAX_SIZE': None,
2022-09-10 BST 16:44:30,501 - INFO - 	'SEM_NOISE': 'gaussian_ev',
2022-09-10 BST 16:44:30,501 - INFO - 	'N': 1200,
2022-09-10 BST 16:44:30,501 - INFO - 	'VAL': 0.16666666666666666,
2022-09-10 BST 16:44:30,501 - INFO - 	'N_EPOCHS': 1000,
2022-09-10 BST 16:44:30,501 - INFO - 	'BATCH_SIZE': None,
2022-09-10 BST 16:44:30,501 - INFO - 	'LOG2_BATCH_SIZE': 3,
2022-09-10 BST 16:44:30,501 - INFO - 	'BATCH_SHUFFLE': True,
2022-09-10 BST 16:44:30,501 - INFO - 	'N_SAMPLES': 47,
2022-09-10 BST 16:44:30,501 - INFO - 	'MODE': 'max_dag',
2022-09-10 BST 16:44:30,501 - INFO - 	'AFAS_SCHEDULER': None,
2022-09-10 BST 16:44:30,501 - INFO - 	'MINIZINC_SOLVER': None,
2022-09-10 BST 16:44:30,501 - INFO - 	'f_LINEAR_LAYERS': (),
2022-09-10 BST 16:44:30,501 - INFO - 	'f_BIAS': False,
2022-09-10 BST 16:44:30,501 - INFO - 	'p_LAYER': None,
2022-09-10 BST 16:44:30,501 - INFO - 	'STREAMLINE': False,
2022-09-10 BST 16:44:30,501 - INFO - 	'THRESHOLD': 0.0,
2022-09-10 BST 16:44:30,501 - INFO - 	'h_LINEAR_LAYERS': (),
2022-09-10 BST 16:44:30,501 - INFO - 	'h_NULL': 0.00011373901985660933,
2022-09-10 BST 16:44:30,501 - INFO - 	'h_LR': 0.0016158450337500668,
2022-09-10 BST 16:44:30,501 - INFO - 	'h_OPTIMIZER': 'torch.optim.Adam(overall_net.h_net.parameters(), lr=h.h_LR)',
2022-09-10 BST 16:44:30,501 - INFO - 	'f_LR': 0.3720066380139224,
2022-09-10 BST 16:44:30,501 - INFO - 	'f_OPTIMIZER': 'torch.optim.Adam(overall_net.f_net.parameters(), lr=h.f_LR)',
2022-09-10 BST 16:44:30,501 - INFO - 	'NOISE_TEMPERATURE': 0.8785929148606203,
2022-09-10 BST 16:44:30,501 - INFO - 	'NOISE_DISTRIBUTION': 'LogisticNoiseDistribution()',
2022-09-10 BST 16:44:30,501 - INFO - 	'LAMBDA': 27.13959516077541,
2022-09-10 BST 16:44:30,501 - INFO - 	'LOSS_FN': 'torch.nn.MSELoss()',
2022-09-10 BST 16:44:30,501 - INFO - 	'ALPHA': None,
2022-09-10 BST 16:44:30,501 - INFO - 	'BETA': None,
2022-09-10 BST 16:44:30,501 - INFO - 	'REGULARIZER': None,
2022-09-10 BST 16:44:30,501 - INFO - 	'z_RHO': 0.157451211201,
2022-09-10 BST 16:44:30,501 - INFO - 	'z_MU': 0.00120806965197976,
2022-09-10 BST 16:44:30,501 - INFO - 	'z_REGULARIZER': 'NoTearsZRegularizer(h.D, h.z_RHO, h.z_MU, c.DEVICE)',
2022-09-10 BST 16:44:30,501 - INFO - 	'LR_SCHEDULER': None,
2022-09-10 BST 16:44:30,501 - INFO - 	'DATA_CATEGORY': 'test',
2022-09-10 BST 16:44:30,501 - INFO - 	'DAGS': '030_ER2_gaussian_ev_2022-08-12_BST_09:55:21,293_create_dags'
2022-09-10 BST 16:44:30,501 - INFO - }

2022-09-10 BST 16:44:30,729 - INFO - 

DAG 0: size_true=69	X.var()=185.8479
2022-09-10 BST 16:45:24,344 - INFO -  epoch=   1      train_loss=  88.9518      val_loss= 158.6606      best=1      size= 410      nSHD_c=  12.7667      nSHD=  12.5000      prec_c=   0.0756      change_adj_count=24      
2022-09-10 BST 16:46:15,605 - INFO -  epoch=   2      train_loss=  59.4569      val_loss= 122.2639      best=1      size= 407      nSHD_c=  12.6000      nSHD=  12.3000      prec_c=   0.0811      change_adj_count=25      
2022-09-10 BST 16:47:07,606 - INFO -  epoch=   3      train_loss=  54.6153      val_loss=  63.7543      best=1      size= 411      nSHD_c=  12.5000      nSHD=  12.2000      prec_c=   0.0876      change_adj_count=26      
2022-09-10 BST 16:48:51,516 - INFO -  epoch=   5      train_loss=  47.6219      val_loss=  57.4025      best=1      size= 405      nSHD_c=  12.2333      nSHD=  11.9667      prec_c=   0.0988      change_adj_count=28      
2022-09-10 BST 16:50:36,643 - INFO -  epoch=   7      train_loss=  46.8566      val_loss=  56.1119      best=1      size= 395      nSHD_c=  11.8333      nSHD=  11.6000      prec_c=   0.1038      change_adj_count=30      
2022-09-10 BST 16:53:56,224 - INFO -  epoch=  11      train_loss=  94.1581      val_loss=  29.8006      best=1      size= 370      nSHD_c=  11.1333      nSHD=  10.8667      prec_c=   0.1108      change_adj_count=34      
2022-09-10 BST 16:55:36,520 - INFO -  epoch=  13      train_loss=  29.4806      val_loss=  26.2826      best=1      size= 373      nSHD_c=  11.3000      nSHD=  10.9667      prec_c=   0.1046      change_adj_count=36      
2022-09-10 BST 16:56:26,787 - INFO -  epoch=  14      train_loss=  29.2432      val_loss=  23.9706      best=1      size= 372      nSHD_c=  11.2667      nSHD=  10.9333      prec_c=   0.1048      change_adj_count=37      
2022-09-10 BST 16:58:07,569 - INFO -  epoch=  16      train_loss=  36.6659      val_loss=  19.5247      best=1      size= 367      nSHD_c=  11.0333      nSHD=  10.7667      prec_c=   0.1117      change_adj_count=39      
2022-09-10 BST 17:00:42,981 - INFO -  epoch=  19      train_loss=  28.7615      val_loss=  16.0149      best=1      size= 375      nSHD_c=  11.2333      nSHD=  10.9667      prec_c=   0.1120      change_adj_count=42      
2022-09-10 BST 17:27:08,805 - INFO -  epoch=  51      train_loss=  31.3056      val_loss=  11.2752      best=1      size= 273      nSHD_c=   8.0667      nSHD=   7.8667      prec_c=   0.1502      change_adj_count=74      
2022-09-10 BST 18:12:28,944 - INFO -  epoch= 100      train_loss=  25.9564      val_loss=  20.3241      best=0      size= 232      nSHD_c=   7.0333      nSHD=   6.7667      prec_c=   0.1552      change_adj_count=122      
2022-09-10 BST 19:16:04,715 - INFO -  epoch= 170      train_loss=  32.5246      val_loss=   8.0727      best=1      size= 205      nSHD_c=   6.2667      nSHD=   6.0000      prec_c=   0.1659      change_adj_count=177      
2022-09-10 BST 19:42:49,112 - INFO -  epoch= 200      train_loss=  32.4315      val_loss=  19.9739      best=0      size= 192      nSHD_c=   5.8333      nSHD=   5.5667      prec_c=   0.1771      change_adj_count=197      
2022-09-10 BST 21:04:12,348 - INFO -  epoch= 300      train_loss=  52.0917      val_loss=  18.6743      best=0      size= 166      nSHD_c=   4.9333      nSHD=   4.7333      prec_c=   0.2108      change_adj_count=273      
2022-09-10 BST 22:24:30,706 - INFO -  epoch= 400      train_loss=  36.1618      val_loss=  11.1628      best=0      size= 157      nSHD_c=   4.7000      nSHD=   4.5333      prec_c=   0.2229      change_adj_count=340      
2022-09-10 BST 23:44:14,525 - INFO -  epoch= 500      train_loss=  38.8562      val_loss=  23.5216      best=0      size= 147      nSHD_c=   4.6000      nSHD=   4.4000      prec_c=   0.2177      change_adj_count=393      
2022-09-11 BST 00:58:37,531 - INFO -  epoch= 600      train_loss=  41.7615      val_loss=  11.6343      best=0      size= 146      nSHD_c=   4.4667      nSHD=   4.3000      prec_c=   0.2329      change_adj_count=436      
2022-09-11 BST 02:08:48,055 - INFO -  epoch= 700      train_loss=  41.1648      val_loss=  18.2540      best=0      size= 148      nSHD_c=   4.4000      nSHD=   4.2000      prec_c=   0.2297      change_adj_count=472      
2022-09-11 BST 03:18:46,821 - INFO -  epoch= 800      train_loss=  43.1222      val_loss=  72.7290      best=0      size= 149      nSHD_c=   4.4667      nSHD=   4.3333      prec_c=   0.2215      change_adj_count=519      
2022-09-11 BST 03:33:28,353 - INFO -  epoch= 821      train_loss=  33.5837      val_loss=   7.4611      best=1      size= 151      nSHD_c=   4.5000      nSHD=   4.2667      prec_c=   0.2185      change_adj_count=533      
2022-09-11 BST 04:29:20,741 - INFO -  epoch= 900      train_loss=  35.9029      val_loss=  28.1644      best=0      size= 146      nSHD_c=   4.5000      nSHD=   4.3667      prec_c=   0.2055      change_adj_count=560      
2022-09-11 BST 05:40:41,098 - INFO -  epoch=1000      train_loss=  37.9367      val_loss=  38.0420      best=0      size= 148      nSHD_c=   4.4000      nSHD=   4.2333      prec_c=   0.2230      change_adj_count=632      
2022-09-11 BST 05:40:41,101 - INFO - Last epoch results saved in dag_training_imle_l_none.csv
2022-09-11 BST 05:40:41,101 - INFO - 

DAG 1: size_true=67	X.var()=127.1156
2022-09-11 BST 05:41:32,802 - INFO -  epoch=   1      train_loss=  69.9546      val_loss= 148.4237      best=1      size= 400      nSHD_c=  12.3333      nSHD=  12.2000      prec_c=   0.0850      change_adj_count=24      
2022-09-11 BST 05:42:25,683 - INFO -  epoch=   2      train_loss=  34.3805      val_loss=  80.1763      best=1      size= 418      nSHD_c=  12.8000      nSHD=  12.5667      prec_c=   0.0837      change_adj_count=25      
2022-09-11 BST 05:44:07,069 - INFO -  epoch=   4      train_loss=  27.3892      val_loss=  54.3528      best=1      size= 413      nSHD_c=  12.5333      nSHD=  12.2667      prec_c=   0.0944      change_adj_count=27      
2022-09-11 BST 05:45:48,094 - INFO -  epoch=   6      train_loss=  39.0226      val_loss=  49.3834      best=1      size= 405      nSHD_c=  12.2333      nSHD=  12.0333      prec_c=   0.1012      change_adj_count=29      
2022-09-11 BST 05:47:30,577 - INFO -  epoch=   8      train_loss=  24.3618      val_loss=  32.5456      best=1      size= 407      nSHD_c=  12.3000      nSHD=  11.9333      prec_c=   0.0958      change_adj_count=31      
2022-09-11 BST 05:52:40,324 - INFO -  epoch=  14      train_loss=  14.7727      val_loss=  26.3240      best=1      size= 401      nSHD_c=  12.0000      nSHD=  11.7667      prec_c=   0.1097      change_adj_count=37      
2022-09-11 BST 05:55:14,143 - INFO -  epoch=  17      train_loss=  18.8931      val_loss=  25.0421      best=1      size= 393      nSHD_c=  11.9333      nSHD=  11.5333      prec_c=   0.0992      change_adj_count=40      
2022-09-11 BST 05:56:06,153 - INFO -  epoch=  18      train_loss=  15.2198      val_loss=  23.9320      best=1      size= 394      nSHD_c=  11.8000      nSHD=  11.5667      prec_c=   0.1117      change_adj_count=41      
2022-09-11 BST 05:58:40,295 - INFO -  epoch=  21      train_loss=  17.5208      val_loss=  19.5666      best=1      size= 384      nSHD_c=  11.5333      nSHD=  11.2333      prec_c=   0.1094      change_adj_count=44      
2022-09-11 BST 06:04:37,702 - INFO -  epoch=  28      train_loss=  16.4319      val_loss=  17.0055      best=1      size= 369      nSHD_c=  10.9000      nSHD=  10.7667      prec_c=   0.1274      change_adj_count=51      
2022-09-11 BST 06:15:20,473 - INFO -  epoch=  41      train_loss=  13.9985      val_loss=  13.1773      best=1      size= 302      nSHD_c=   8.6333      nSHD=   8.5667      prec_c=   0.1656      change_adj_count=64      
2022-09-11 BST 06:16:56,370 - INFO -  epoch=  43      train_loss=  16.5655      val_loss=  11.7544      best=1      size= 300      nSHD_c=   8.6000      nSHD=   8.5000      prec_c=   0.1633      change_adj_count=66      
2022-09-11 BST 06:26:47,826 - INFO -  epoch=  55      train_loss=  13.3227      val_loss=  11.0417      best=1      size= 261      nSHD_c=   7.7000      nSHD=   7.6333      prec_c=   0.1724      change_adj_count=78      
2022-09-11 BST 06:31:32,949 - INFO -  epoch=  61      train_loss=  13.8873      val_loss=   7.8675      best=1      size= 247      nSHD_c=   7.3000      nSHD=   7.2000      prec_c=   0.1741      change_adj_count=84      
2022-09-11 BST 07:02:17,592 - INFO -  epoch= 100      train_loss=  10.3817      val_loss=  11.3803      best=0      size= 206      nSHD_c=   5.9667      nSHD=   5.9000      prec_c=   0.2039      change_adj_count=123      
