2022-09-11 BST 10:08:10,063 - INFO - 
Log for run 2022-09-11_BST_10:08:10,028_sachs_dag_training_lambda_0,1

2022-09-11 BST 10:08:10,063 - INFO - COMMENT = 'IMLE_Logistic_None for Sachs data with DAG traning'
2022-09-11 BST 10:08:10,063 - INFO - DATA_FOLDER = '../data'
2022-09-11 BST 10:08:10,063 - INFO - LATENTS_FOLDER = '../latents'
2022-09-11 BST 10:08:10,063 - INFO - LOGS_FOLDER = '../logs'
2022-09-11 BST 10:08:10,063 - INFO - MODEL_FOLDER = '../models'
2022-09-11 BST 10:08:10,063 - INFO - RESULTS_FOLDER = '../results'
2022-09-11 BST 10:08:10,063 - INFO - DEVICE = torch.device("cuda" if torch.cuda.is_available() else "cpu")  # Used: "cuda"
2022-09-11 BST 10:08:10,063 - INFO - LATENTS = False
2022-09-11 BST 10:08:10,063 - INFO - MATRIX_REPORT = False
2022-09-11 BST 10:08:10,063 - INFO - LABEL = True
2022-09-11 BST 10:08:10,063 - INFO - SAVE_TO_ODS = False
2022-09-11 BST 10:08:10,063 - INFO - VAL_LOSS_FROM_DAG = True
2022-09-11 BST 10:08:10,063 - INFO - WANDB = False
2022-09-11 BST 10:08:10,063 - INFO - WANDB_PROJECT = 'Thetas'
2022-09-11 BST 10:08:10,063 - INFO - GRAD_LOG = False
2022-09-11 BST 10:08:10,063 - INFO - SAVE_RESULTS = True
2022-09-11 BST 10:08:10,063 - INFO - N_TRIALS = 1
2022-09-11 BST 10:08:10,063 - INFO - LOAD_OPTUNA_STUDY = None
2022-09-11 BST 10:08:10,063 - INFO - OPTUNA_STRINGS = {'None': None, 'True': True, 'False': False}
2022-09-11 BST 10:08:10,063 - INFO - TQDM = False
2022-09-11 BST 10:08:10,063 - INFO - 
hyperparameters = {
2022-09-11 BST 10:08:10,063 - INFO - 	'GRAPH_TYPE': None,
2022-09-11 BST 10:08:10,063 - INFO - 	'D': 11,
2022-09-11 BST 10:08:10,064 - INFO - 	'MAX_SIZE': None,
2022-09-11 BST 10:08:10,064 - INFO - 	'SEM_NOISE': 'gaussian_ev',
2022-09-11 BST 10:08:10,064 - INFO - 	'VAL': 0.009378663540445486,
2022-09-11 BST 10:08:10,064 - INFO - 	'N_EPOCHS': 1000,
2022-09-11 BST 10:08:10,064 - INFO - 	'BATCH_SIZE': None,
2022-09-11 BST 10:08:10,064 - INFO - 	'LOG2_BATCH_SIZE': 3,
2022-09-11 BST 10:08:10,064 - INFO - 	'BATCH_SHUFFLE': True,
2022-09-11 BST 10:08:10,064 - INFO - 	'N_SAMPLES': 47,
2022-09-11 BST 10:08:10,064 - INFO - 	'MODE': 'max_dag',
2022-09-11 BST 10:08:10,064 - INFO - 	'AFAS_SCHEDULER': None,
2022-09-11 BST 10:08:10,064 - INFO - 	'MINIZINC_SOLVER': None,
2022-09-11 BST 10:08:10,064 - INFO - 	'f_LINEAR_LAYERS': (),
2022-09-11 BST 10:08:10,064 - INFO - 	'f_BIAS': False,
2022-09-11 BST 10:08:10,064 - INFO - 	'p_LAYER': None,
2022-09-11 BST 10:08:10,064 - INFO - 	'STREAMLINE': False,
2022-09-11 BST 10:08:10,064 - INFO - 	'THRESHOLD': 0.0,
2022-09-11 BST 10:08:10,064 - INFO - 	'h_LINEAR_LAYERS': (),
2022-09-11 BST 10:08:10,064 - INFO - 	'h_NULL': 0.00011373901985660933,
2022-09-11 BST 10:08:10,064 - INFO - 	'h_LR': 0.0016158450337500668,
2022-09-11 BST 10:08:10,064 - INFO - 	'h_OPTIMIZER': 'torch.optim.Adam(overall_net.h_net.parameters(), lr=h.h_LR)',
2022-09-11 BST 10:08:10,064 - INFO - 	'f_LR': 0.3720066380139224,
2022-09-11 BST 10:08:10,064 - INFO - 	'f_OPTIMIZER': 'torch.optim.Adam(overall_net.f_net.parameters(), lr=h.f_LR)',
2022-09-11 BST 10:08:10,064 - INFO - 	'NOISE_TEMPERATURE': 0.8785929148606203,
2022-09-11 BST 10:08:10,064 - INFO - 	'NOISE_DISTRIBUTION': 'LogisticNoiseDistribution()',
2022-09-11 BST 10:08:10,064 - INFO - 	'LAMBDA': 0.1,
2022-09-11 BST 10:08:10,064 - INFO - 	'LOSS_FN': 'torch.nn.MSELoss()',
2022-09-11 BST 10:08:10,064 - INFO - 	'ALPHA': None,
2022-09-11 BST 10:08:10,064 - INFO - 	'BETA': None,
2022-09-11 BST 10:08:10,064 - INFO - 	'REGULARIZER': None,
2022-09-11 BST 10:08:10,064 - INFO - 	'z_RHO': 0.157451211201,
2022-09-11 BST 10:08:10,064 - INFO - 	'z_MU': 0.00120806965197976,
2022-09-11 BST 10:08:10,064 - INFO - 	'z_REGULARIZER': 'NoTearsZRegularizer(h.D, h.z_RHO, h.z_MU, c.DEVICE)',
2022-09-11 BST 10:08:10,064 - INFO - 	'LR_SCHEDULER': None,
2022-09-11 BST 10:08:10,064 - INFO - 	'DATA_CATEGORY': 'real',
2022-09-11 BST 10:08:10,064 - INFO - 	'DAGS': 'Sachs_1',
2022-09-11 BST 10:08:10,064 - INFO - 	'N_REAL_RUNS': 23
2022-09-11 BST 10:08:10,064 - INFO - }

2022-09-11 BST 10:08:10,280 - INFO - 

DAG 0: size_true=17	X.var()=43694.6783
2022-09-11 BST 10:08:18,447 - INFO -  epoch=   1      train_loss=28266.0795      val_loss=31416.0469      best=1      size=  48      nSHD_c=   4.2727      nSHD=   4.0000      prec_c=   0.0625      change_adj_count=0      
2022-09-11 BST 10:08:24,399 - INFO -  epoch=   2      train_loss=45371.4538      val_loss=25348.6465      best=1      size=  33      nSHD_c=   3.1818      nSHD=   2.8182      prec_c=   0.0303      change_adj_count=1      
2022-09-11 BST 10:08:35,867 - INFO -  epoch=   4      train_loss=50417.6869      val_loss=22135.0586      best=1      size=  28      nSHD_c=   2.2727      nSHD=   1.9091      prec_c=   0.1429      change_adj_count=3      
2022-09-11 BST 10:08:47,193 - INFO -  epoch=   6      train_loss=36048.3720      val_loss=17956.8008      best=1      size=  27      nSHD_c=   2.2727      nSHD=   1.9091      prec_c=   0.1481      change_adj_count=5      
2022-09-11 BST 10:09:37,340 - INFO -  epoch=  15      train_loss=63669.8587      val_loss=13073.5186      best=1      size=  12      nSHD_c=   1.6364      nSHD=   1.7273      prec_c=   0.2500      change_adj_count=13      
2022-09-11 BST 10:16:51,390 - INFO -  epoch= 100      train_loss=27175.7055      val_loss=22470.3906      best=0      size=   5      nSHD_c=   1.2727      nSHD=   1.4545      prec_c=   0.8000      change_adj_count=54      
2022-09-11 BST 10:24:25,697 - INFO -  epoch= 200      train_loss=17424.3709      val_loss=26943.0312      best=0      size=   6      nSHD_c=   1.1818      nSHD=   1.3636      prec_c=   0.8333      change_adj_count=72      
2022-09-11 BST 10:31:44,307 - INFO -  epoch= 300      train_loss=26970.3293      val_loss=31121.5684      best=0      size=   5      nSHD_c=   1.0909      nSHD=   1.2727      prec_c=   1.0000      change_adj_count=95      
2022-09-11 BST 10:38:57,159 - INFO -  epoch= 400      train_loss=44143.1210      val_loss=22113.3281      best=0      size=   5      nSHD_c=   1.0909      nSHD=   1.2727      prec_c=   1.0000      change_adj_count=117      
2022-09-11 BST 10:46:05,950 - INFO -  epoch= 500      train_loss=24568.4161      val_loss=29235.8496      best=0      size=   4      nSHD_c=   1.1818      nSHD=   1.3636      prec_c=   1.0000      change_adj_count=140      
2022-09-11 BST 10:53:22,894 - INFO -  epoch= 600      train_loss=19003.3302      val_loss=25676.4844      best=0      size=   5      nSHD_c=   1.0909      nSHD=   1.2727      prec_c=   1.0000      change_adj_count=156      
2022-09-11 BST 11:00:43,014 - INFO -  epoch= 700      train_loss=21355.7554      val_loss=23990.1777      best=0      size=   5      nSHD_c=   1.0909      nSHD=   1.2727      prec_c=   1.0000      change_adj_count=179      
2022-09-11 BST 11:07:58,417 - INFO -  epoch= 800      train_loss=20727.1636      val_loss=30228.4297      best=0      size=   6      nSHD_c=   1.0000      nSHD=   1.2727      prec_c=   1.0000      change_adj_count=200      
2022-09-11 BST 11:15:14,949 - INFO -  epoch= 900      train_loss=21017.1310      val_loss=23608.7539      best=0      size=   4      nSHD_c=   1.1818      nSHD=   1.3636      prec_c=   1.0000      change_adj_count=211      
2022-09-11 BST 11:22:29,916 - INFO -  epoch=1000      train_loss=22618.0761      val_loss=21400.0977      best=0      size=   5      nSHD_c=   1.2727      nSHD=   1.3636      prec_c=   0.6000      change_adj_count=232      
2022-09-11 BST 11:22:29,919 - INFO - Last epoch results saved in sachs_dag_training_lambda_0,1.csv
2022-09-11 BST 11:22:29,919 - INFO - 

DAG 1: size_true=17	X.var()=43694.6783
2022-09-11 BST 11:22:35,692 - INFO -  epoch=   1      train_loss=22561.8761      val_loss=17696.0566      best=1      size=  39      nSHD_c=   3.2727      nSHD=   2.8182      prec_c=   0.0769      change_adj_count=0      
2022-09-11 BST 11:23:21,432 - INFO -  epoch=   9      train_loss=27105.9785      val_loss=15613.6016      best=1      size=  20      nSHD_c=   1.9091      nSHD=   1.7273      prec_c=   0.1500      change_adj_count=8      
2022-09-11 BST 11:26:36,437 - INFO -  epoch=  44      train_loss=63121.4430      val_loss=13344.8750      best=1      size=   8      nSHD_c=   1.4545      nSHD=   1.3636      prec_c=   0.2500      change_adj_count=35      
2022-09-11 BST 11:31:18,000 - INFO -  epoch= 100      train_loss=21085.5659      val_loss=25997.6543      best=0      size=   7      nSHD_c=   1.2727      nSHD=   1.3636      prec_c=   0.5714      change_adj_count=52      
2022-09-11 BST 11:38:56,879 - INFO -  epoch= 200      train_loss=19696.7769      val_loss=27857.4531      best=0      size=   7      nSHD_c=   1.0909      nSHD=   1.3636      prec_c=   0.8571      change_adj_count=82      
2022-09-11 BST 11:46:14,219 - INFO -  epoch= 300      train_loss=24263.8367      val_loss=30443.8164      best=0      size=   5      nSHD_c=   1.2727      nSHD=   1.3636      prec_c=   0.6000      change_adj_count=110      
2022-09-11 BST 11:53:27,758 - INFO -  epoch= 400      train_loss=20438.6365      val_loss=25646.0742      best=0      size=   4      nSHD_c=   1.1818      nSHD=   1.3636      prec_c=   1.0000      change_adj_count=121      
2022-09-11 BST 11:59:44,748 - INFO -  epoch= 488      train_loss=43965.3727      val_loss=13231.1592      best=1      size=   6      nSHD_c=   1.0000      nSHD=   1.2727      prec_c=   1.0000      change_adj_count=140      
2022-09-11 BST 12:00:36,147 - INFO -  epoch= 500      train_loss=29522.9832      val_loss=37476.6055      best=0      size=   6      nSHD_c=   1.0000      nSHD=   1.2727      prec_c=   1.0000      change_adj_count=144      
2022-09-11 BST 12:07:45,069 - INFO -  epoch= 600      train_loss=18464.9786      val_loss=27089.1719      best=0      size=   5      nSHD_c=   1.2727      nSHD=   1.3636      prec_c=   0.6000      change_adj_count=174      
2022-09-11 BST 12:14:55,102 - INFO -  epoch= 700      train_loss=29043.2569      val_loss=32065.6211      best=0      size=   4      nSHD_c=   1.1818      nSHD=   1.3636      prec_c=   1.0000      change_adj_count=202      
2022-09-11 BST 12:22:05,777 - INFO -  epoch= 800      train_loss=20590.1829      val_loss=27369.4355      best=0      size=   5      nSHD_c=   1.0909      nSHD=   1.2727      prec_c=   1.0000      change_adj_count=234      
2022-09-11 BST 12:29:17,906 - INFO -  epoch= 900      train_loss=19932.9775      val_loss=21274.2773      best=0      size=   6      nSHD_c=   1.0000      nSHD=   1.2727      prec_c=   1.0000      change_adj_count=245      
2022-09-11 BST 12:36:32,609 - INFO -  epoch=1000      train_loss=18898.8696      val_loss=23262.0410      best=0      size=   5      nSHD_c=   1.0909      nSHD=   1.2727      prec_c=   1.0000      change_adj_count=255      
2022-09-11 BST 12:36:32,611 - INFO - Last epoch results saved in sachs_dag_training_lambda_0,1.csv
2022-09-11 BST 12:36:32,611 - INFO - 

DAG 2: size_true=17	X.var()=43694.6783
2022-09-11 BST 12:36:38,406 - INFO -  epoch=   1      train_loss=39536.0966      val_loss=23391.0566      best=1      size=  48      nSHD_c=   4.0909      nSHD=   3.9091      prec_c=   0.0833      change_adj_count=0      
2022-09-11 BST 12:37:13,179 - INFO -  epoch=   7      train_loss=35724.3427      val_loss=18808.0977      best=1      size=  25      nSHD_c=   2.3636      nSHD=   2.0909      prec_c=   0.1200      change_adj_count=6      
2022-09-11 BST 12:38:09,402 - INFO -  epoch=  17      train_loss=37846.8683      val_loss=18038.1191      best=1      size=  15      nSHD_c=   2.0909      nSHD=   1.8182      prec_c=   0.0667      change_adj_count=16      
2022-09-11 BST 12:38:20,293 - INFO -  epoch=  19      train_loss=73964.0765      val_loss=16921.7461      best=1      size=  16      nSHD_c=   2.2727      nSHD=   1.9091      prec_c=   0.0000      change_adj_count=17      
2022-09-11 BST 12:39:25,469 - INFO -  epoch=  31      train_loss=33887.9571      val_loss=15726.1309      best=1      size=  13      nSHD_c=   1.7273      nSHD=   1.4545      prec_c=   0.1538      change_adj_count=23      
2022-09-11 BST 12:39:36,232 - INFO -  epoch=  33      train_loss=74992.5148      val_loss=13642.6465      best=1      size=  11      nSHD_c=   1.7273      nSHD=   1.4545      prec_c=   0.0909      change_adj_count=24      
2022-09-11 BST 12:45:23,889 - INFO -  epoch= 100      train_loss=31591.0142      val_loss=23148.4062      best=0      size=   5      nSHD_c=   1.2727      nSHD=   1.4545      prec_c=   0.8000      change_adj_count=56      
2022-09-11 BST 12:53:04,413 - INFO -  epoch= 200      train_loss=21261.0260      val_loss=27074.7910      best=0      size=   6      nSHD_c=   1.1818      nSHD=   1.3636      prec_c=   0.8333      change_adj_count=84      
2022-09-11 BST 13:00:22,888 - INFO -  epoch= 300      train_loss=48671.1353      val_loss=33590.5352      best=0      size=   4      nSHD_c=   1.1818      nSHD=   1.3636      prec_c=   1.0000      change_adj_count=111      
2022-09-11 BST 13:07:54,209 - INFO -  epoch= 400      train_loss=28103.8851      val_loss=21963.2441      best=0      size=   4      nSHD_c=   1.1818      nSHD=   1.3636      prec_c=   1.0000      change_adj_count=128      
2022-09-11 BST 13:15:10,533 - INFO -  epoch= 500      train_loss=37454.9156      val_loss=29493.7109      best=0      size=   4      nSHD_c=   1.1818      nSHD=   1.3636      prec_c=   1.0000      change_adj_count=151      
2022-09-11 BST 13:22:20,163 - INFO -  epoch= 600      train_loss=43359.7350      val_loss=21511.6660      best=0      size=   5      nSHD_c=   1.0909      nSHD=   1.2727      prec_c=   1.0000      change_adj_count=179      
2022-09-11 BST 13:29:28,909 - INFO -  epoch= 700      train_loss=40852.3735      val_loss=21493.3633      best=0      size=   4      nSHD_c=   1.1818      nSHD=   1.3636      prec_c=   1.0000      change_adj_count=206      
2022-09-11 BST 13:36:37,156 - INFO -  epoch= 800      train_loss=23173.3095      val_loss=29201.3281      best=0      size=   5      nSHD_c=   1.0909      nSHD=   1.2727      prec_c=   1.0000      change_adj_count=215      
2022-09-11 BST 13:43:47,904 - INFO -  epoch= 900      train_loss=26720.5443      val_loss=24108.8789      best=0      size=   5      nSHD_c=   1.0909      nSHD=   1.2727      prec_c=   1.0000      change_adj_count=229      
2022-09-11 BST 13:50:56,604 - INFO -  epoch=1000      train_loss=21931.8684      val_loss=29977.4863      best=0      size=   6      nSHD_c=   1.0000      nSHD=   1.1818      prec_c=   1.0000      change_adj_count=263      
2022-09-11 BST 13:50:56,605 - INFO - Last epoch results saved in sachs_dag_training_lambda_0,1.csv
2022-09-11 BST 13:50:56,605 - INFO - 

DAG 3: size_true=17	X.var()=43694.6783
2022-09-11 BST 13:51:02,404 - INFO -  epoch=   1      train_loss=61484.7759      val_loss=21131.9727      best=1      size=  48      nSHD_c=   4.2727      nSHD=   4.0000      prec_c=   0.0625      change_adj_count=0      
2022-09-11 BST 13:52:09,959 - INFO -  epoch=  13      train_loss=51789.9099      val_loss=14421.2803      best=1      size=  14      nSHD_c=   1.7273      nSHD=   1.6364      prec_c=   0.2143      change_adj_count=12      
2022-09-11 BST 13:59:31,397 - INFO -  epoch= 100      train_loss=58137.0118      val_loss=18572.7480      best=0      size=   5      nSHD_c=   1.0909      nSHD=   1.2727      prec_c=   1.0000      change_adj_count=67      
2022-09-11 BST 14:07:08,642 - INFO -  epoch= 200      train_loss=28862.1156      val_loss=30390.8086      best=0      size=   4      nSHD_c=   1.1818      nSHD=   1.3636      prec_c=   1.0000      change_adj_count=76      
2022-09-11 BST 14:14:26,147 - INFO -  epoch= 300      train_loss=24153.5755      val_loss=30201.5801      best=0      size=   5      nSHD_c=   1.0909      nSHD=   1.2727      prec_c=   1.0000      change_adj_count=107      
2022-09-11 BST 14:21:37,912 - INFO -  epoch= 400      train_loss=24292.6127      val_loss=27573.6465      best=0      size=   4      nSHD_c=   1.1818      nSHD=   1.3636      prec_c=   1.0000      change_adj_count=122      
2022-09-11 BST 14:28:57,896 - INFO -  epoch= 500      train_loss=26139.0449      val_loss=20671.5254      best=0      size=   5      nSHD_c=   1.0909      nSHD=   1.2727      prec_c=   1.0000      change_adj_count=154      
2022-09-11 BST 14:36:31,857 - INFO -  epoch= 600      train_loss=22552.3310      val_loss=28711.5273      best=0      size=   5      nSHD_c=   1.0909      nSHD=   1.2727      prec_c=   1.0000      change_adj_count=168      
2022-09-11 BST 14:44:06,215 - INFO -  epoch= 700      train_loss=21807.7755      val_loss=29517.1172      best=0      size=   5      nSHD_c=   1.0909      nSHD=   1.2727      prec_c=   1.0000      change_adj_count=180      
2022-09-11 BST 14:51:34,207 - INFO -  epoch= 800      train_loss=29178.6402      val_loss=33613.2656      best=0      size=   4      nSHD_c=   1.1818      nSHD=   1.3636      prec_c=   1.0000      change_adj_count=189      
2022-09-11 BST 14:54:21,751 - INFO -  epoch= 837      train_loss=75606.8252      val_loss=14277.4639      best=1      size=   6      nSHD_c=   1.0000      nSHD=   1.2727      prec_c=   1.0000      change_adj_count=197      
2022-09-11 BST 14:59:00,729 - INFO -  epoch= 900      train_loss=22718.2235      val_loss=27390.9043      best=0      size=   4      nSHD_c=   1.1818      nSHD=   1.3636      prec_c=   1.0000      change_adj_count=213      
2022-09-11 BST 15:06:19,548 - INFO -  epoch=1000      train_loss=29894.0951      val_loss=28901.2031      best=0      size=   5      nSHD_c=   1.0909      nSHD=   1.2727      prec_c=   1.0000      change_adj_count=232      
2022-09-11 BST 15:06:19,549 - INFO - Last epoch results saved in sachs_dag_training_lambda_0,1.csv
2022-09-11 BST 15:06:19,550 - INFO - 

DAG 4: size_true=17	X.var()=43694.6783
2022-09-11 BST 15:06:25,357 - INFO -  epoch=   1      train_loss=25732.0494      val_loss=22839.1348      best=1      size=  52      nSHD_c=   4.2727      nSHD=   4.1818      prec_c=   0.0962      change_adj_count=0      
2022-09-11 BST 15:06:36,907 - INFO -  epoch=   3      train_loss=36602.6854      val_loss=21719.4824      best=1      size=  29      nSHD_c=   2.9091      nSHD=   2.5455      prec_c=   0.0345      change_adj_count=2      
2022-09-11 BST 15:06:59,597 - INFO -  epoch=   7      train_loss=40113.7824      val_loss=20220.2480      best=1      size=  24      nSHD_c=   2.1818      nSHD=   2.0000      prec_c=   0.1667      change_adj_count=6      
2022-09-11 BST 15:07:10,867 - INFO -  epoch=   9      train_loss=45999.2936      val_loss=17099.6074      best=1      size=  25      nSHD_c=   2.0909      nSHD=   2.0000      prec_c=   0.2000      change_adj_count=8      
2022-09-11 BST 15:08:56,931 - INFO -  epoch=  28      train_loss=57715.4573      val_loss=15409.2344      best=1      size=  11      nSHD_c=   1.6364      nSHD=   1.5455      prec_c=   0.2727      change_adj_count=26      
2022-09-11 BST 15:15:03,646 - INFO -  epoch= 100      train_loss=19389.8381      val_loss=24482.8301      best=0      size=   6      nSHD_c=   1.5455      nSHD=   1.6364      prec_c=   0.3333      change_adj_count=60      
2022-09-11 BST 15:23:02,443 - INFO -  epoch= 200      train_loss=28120.1774      val_loss=34078.2461      best=0      size=   7      nSHD_c=   1.0909      nSHD=   1.3636      prec_c=   0.8571      change_adj_count=90      
2022-09-11 BST 15:27:08,797 - INFO -  epoch= 255      train_loss=42910.8302      val_loss=15299.8613      best=1      size=   6      nSHD_c=   1.0000      nSHD=   1.2727      prec_c=   1.0000      change_adj_count=107      
2022-09-11 BST 15:30:29,595 - INFO -  epoch= 300      train_loss=24121.3562      val_loss=28976.2031      best=0      size=   4      nSHD_c=   1.1818      nSHD=   1.3636      prec_c=   1.0000      change_adj_count=120      
2022-09-11 BST 15:33:34,382 - INFO -  epoch= 342      train_loss=38929.8869      val_loss=15267.9609      best=1      size=   6      nSHD_c=   1.0000      nSHD=   1.2727      prec_c=   1.0000      change_adj_count=125      
2022-09-11 BST 15:35:20,428 - INFO -  epoch= 366      train_loss=42039.5024      val_loss=14148.4746      best=1      size=   5      nSHD_c=   1.2727      nSHD=   1.3636      prec_c=   0.6000      change_adj_count=127      
2022-09-11 BST 15:37:49,145 - INFO -  epoch= 400      train_loss=17663.9395      val_loss=27673.1797      best=0      size=   5      nSHD_c=   1.0909      nSHD=   1.2727      prec_c=   1.0000      change_adj_count=132      
2022-09-11 BST 15:45:05,162 - INFO -  epoch= 500      train_loss=27758.6263      val_loss=28633.1602      best=0      size=   4      nSHD_c=   1.1818      nSHD=   1.3636      prec_c=   1.0000      change_adj_count=147      
2022-09-11 BST 15:52:22,516 - INFO -  epoch= 600      train_loss=19033.0324      val_loss=26837.7559      best=0      size=   5      nSHD_c=   1.0909      nSHD=   1.2727      prec_c=   1.0000      change_adj_count=158      
2022-09-11 BST 15:59:51,618 - INFO -  epoch= 700      train_loss=28280.2334      val_loss=32088.2852      best=0      size=   5      nSHD_c=   1.0909      nSHD=   1.2727      prec_c=   1.0000      change_adj_count=184      
2022-09-11 BST 16:07:30,085 - INFO -  epoch= 800      train_loss=24674.8166      val_loss=23649.6641      best=0      size=   5      nSHD_c=   1.0909      nSHD=   1.2727      prec_c=   1.0000      change_adj_count=204      
2022-09-11 BST 16:15:02,768 - INFO -  epoch= 900      train_loss=22203.7543      val_loss=24532.4727      best=0      size=   4      nSHD_c=   1.1818      nSHD=   1.3636      prec_c=   1.0000      change_adj_count=230      
2022-09-11 BST 16:22:39,785 - INFO -  epoch=1000      train_loss=37407.9324      val_loss=21093.3301      best=0      size=   5      nSHD_c=   1.0909      nSHD=   1.2727      prec_c=   1.0000      change_adj_count=248      
2022-09-11 BST 16:22:39,787 - INFO - Last epoch results saved in sachs_dag_training_lambda_0,1.csv
2022-09-11 BST 16:22:39,787 - INFO - 

DAG 5: size_true=17	X.var()=43694.6783
2022-09-11 BST 16:22:45,702 - INFO -  epoch=   1      train_loss=17865.1276      val_loss=21145.9707      best=1      size=  50      nSHD_c=   4.2727      nSHD=   3.8182      prec_c=   0.0600      change_adj_count=0      
2022-09-11 BST 16:23:21,733 - INFO -  epoch=   7      train_loss=69603.8988      val_loss=20928.3574      best=1      size=  25      nSHD_c=   2.6364      nSHD=   2.1818      prec_c=   0.0400      change_adj_count=6      
2022-09-11 BST 16:23:44,856 - INFO -  epoch=  11      train_loss=32815.5981      val_loss=19038.6680      best=1      size=  19      nSHD_c=   2.1818      nSHD=   1.9091      prec_c=   0.1053      change_adj_count=10      
2022-09-11 BST 16:24:31,163 - INFO -  epoch=  19      train_loss=59883.9461      val_loss=18968.0938      best=1      size=  16      nSHD_c=   2.0000      nSHD=   1.7273      prec_c=   0.1250      change_adj_count=14      
2022-09-11 BST 16:24:42,400 - INFO -  epoch=  21      train_loss=83817.5462      val_loss=16493.1230      best=1      size=  14      nSHD_c=   1.9091      nSHD=   1.5455      prec_c=   0.0714      change_adj_count=16      
2022-09-11 BST 16:27:07,095 - INFO -  epoch=  47      train_loss=40480.9852      val_loss=11099.2871      best=1      size=  10      nSHD_c=   1.6364      nSHD=   1.4545      prec_c=   0.2000      change_adj_count=31      
2022-09-11 BST 16:31:36,068 - INFO -  epoch= 100      train_loss=22037.8404      val_loss=29135.1914      best=0      size=   5      nSHD_c=   1.2727      nSHD=   1.4545      prec_c=   0.8000      change_adj_count=62      
2022-09-11 BST 16:39:38,114 - INFO -  epoch= 200      train_loss=24952.2538      val_loss=24255.8066      best=0      size=   5      nSHD_c=   1.0909      nSHD=   1.2727      prec_c=   1.0000      change_adj_count=89      
2022-09-11 BST 16:47:26,002 - INFO -  epoch= 300      train_loss=20497.5740      val_loss=28655.3965      best=0      size=   4      nSHD_c=   1.1818      nSHD=   1.3636      prec_c=   1.0000      change_adj_count=106      
2022-09-11 BST 16:55:05,777 - INFO -  epoch= 400      train_loss=35241.2068      val_loss=28843.7871      best=0      size=   6      nSHD_c=   1.0000      nSHD=   1.1818      prec_c=   1.0000      change_adj_count=120      
2022-09-11 BST 17:02:54,243 - INFO -  epoch= 500      train_loss=24928.7901      val_loss=33950.6562      best=0      size=   4      nSHD_c=   1.1818      nSHD=   1.3636      prec_c=   1.0000      change_adj_count=148      
2022-09-11 BST 17:10:39,414 - INFO -  epoch= 600      train_loss=24905.5464      val_loss=33526.4453      best=0      size=   4      nSHD_c=   1.1818      nSHD=   1.3636      prec_c=   1.0000      change_adj_count=183      
2022-09-11 BST 17:18:36,591 - INFO -  epoch= 700      train_loss=19575.6372      val_loss=26396.8418      best=0      size=   6      nSHD_c=   1.0000      nSHD=   1.2727      prec_c=   1.0000      change_adj_count=212      
2022-09-11 BST 17:26:04,641 - INFO -  epoch= 800      train_loss=26397.3988      val_loss=31978.9746      best=0      size=   6      nSHD_c=   1.0000      nSHD=   1.2727      prec_c=   1.0000      change_adj_count=246      
2022-09-11 BST 17:33:28,776 - INFO -  epoch= 900      train_loss=20443.0448      val_loss=30944.5918      best=0      size=   4      nSHD_c=   1.1818      nSHD=   1.3636      prec_c=   1.0000      change_adj_count=262      
2022-09-11 BST 17:40:50,019 - INFO -  epoch=1000      train_loss=21530.1432      val_loss=26037.6875      best=0      size=   5      nSHD_c=   1.0909      nSHD=   1.2727      prec_c=   1.0000      change_adj_count=276      
2022-09-11 BST 17:40:50,020 - INFO - Last epoch results saved in sachs_dag_training_lambda_0,1.csv
2022-09-11 BST 17:40:50,021 - INFO - 

DAG 6: size_true=17	X.var()=43694.6783
2022-09-11 BST 17:40:56,223 - INFO -  epoch=   1      train_loss=32177.9303      val_loss=25221.9551      best=1      size=  37      nSHD_c=   3.2727      nSHD=   2.9091      prec_c=   0.0541      change_adj_count=0      
2022-09-11 BST 17:41:08,062 - INFO -  epoch=   3      train_loss=90490.1198      val_loss=24886.3848      best=1      size=  26      nSHD_c=   2.0909      nSHD=   1.8182      prec_c=   0.1538      change_adj_count=2      
2022-09-11 BST 17:41:19,725 - INFO -  epoch=   5      train_loss=47125.0232      val_loss=20829.5820      best=1      size=  19      nSHD_c=   1.5455      nSHD=   1.4545      prec_c=   0.2632      change_adj_count=4      
2022-09-11 BST 17:41:31,218 - INFO -  epoch=   7      train_loss=39363.3950      val_loss=19957.4219      best=1      size=  21      nSHD_c=   2.1818      nSHD=   1.9091      prec_c=   0.0952      change_adj_count=6      
2022-09-11 BST 17:42:34,348 - INFO -  epoch=  18      train_loss=33649.1160      val_loss=17478.0195      best=1      size=  20      nSHD_c=   2.1818      nSHD=   1.8182      prec_c=   0.1000      change_adj_count=17      
2022-09-11 BST 17:44:18,521 - INFO -  epoch=  37      train_loss=47982.8508      val_loss=14183.4268      best=1      size=  12      nSHD_c=   1.6364      nSHD=   1.5455      prec_c=   0.2500      change_adj_count=28      
2022-09-11 BST 17:49:43,417 - INFO -  epoch= 100      train_loss=19573.9577      val_loss=29575.4336      best=0      size=   7      nSHD_c=   1.4545      nSHD=   1.5455      prec_c=   0.4286      change_adj_count=51      
2022-09-11 BST 17:57:37,206 - INFO -  epoch= 200      train_loss=22157.7198      val_loss=21449.6094      best=0      size=   5      nSHD_c=   1.2727      nSHD=   1.4545      prec_c=   0.8000      change_adj_count=84      
2022-09-11 BST 18:05:10,054 - INFO -  epoch= 300      train_loss=25840.4738      val_loss=29891.3848      best=0      size=   5      nSHD_c=   1.0909      nSHD=   1.2727      prec_c=   1.0000      change_adj_count=116      
2022-09-11 BST 18:12:36,417 - INFO -  epoch= 400      train_loss=21955.8002      val_loss=29345.8340      best=0      size=   5      nSHD_c=   1.0909      nSHD=   1.2727      prec_c=   1.0000      change_adj_count=150      
2022-09-11 BST 18:20:04,969 - INFO -  epoch= 500      train_loss=32511.5195      val_loss=20597.7383      best=0      size=   5      nSHD_c=   1.0909      nSHD=   1.2727      prec_c=   1.0000      change_adj_count=178      
2022-09-11 BST 18:27:29,999 - INFO -  epoch= 600      train_loss=19108.3621      val_loss=28275.1992      best=0      size=   6      nSHD_c=   1.0000      nSHD=   1.2727      prec_c=   1.0000      change_adj_count=201      
2022-09-11 BST 18:34:51,080 - INFO -  epoch= 700      train_loss=25888.5661      val_loss=29868.4336      best=0      size=   4      nSHD_c=   1.1818      nSHD=   1.3636      prec_c=   1.0000      change_adj_count=237      
2022-09-11 BST 18:36:32,236 - INFO -  epoch= 723      train_loss=52545.9405      val_loss=13745.8213      best=1      size=   5      nSHD_c=   1.2727      nSHD=   1.3636      prec_c=   0.6000      change_adj_count=242      
2022-09-11 BST 18:42:12,324 - INFO -  epoch= 800      train_loss=23502.9673      val_loss=33688.8789      best=0      size=   5      nSHD_c=   1.0909      nSHD=   1.2727      prec_c=   1.0000      change_adj_count=257      
2022-09-11 BST 18:49:34,585 - INFO -  epoch= 900      train_loss=29127.4160      val_loss=23819.5723      best=0      size=   5      nSHD_c=   1.0909      nSHD=   1.2727      prec_c=   1.0000      change_adj_count=269      
2022-09-11 BST 18:56:58,344 - INFO -  epoch=1000      train_loss=22206.4102      val_loss=31052.0996      best=0      size=   4      nSHD_c=   1.1818      nSHD=   1.3636      prec_c=   1.0000      change_adj_count=295      
2022-09-11 BST 18:56:58,346 - INFO - Last epoch results saved in sachs_dag_training_lambda_0,1.csv
2022-09-11 BST 18:56:58,346 - INFO - 

DAG 7: size_true=17	X.var()=43694.6783
2022-09-11 BST 18:57:04,248 - INFO -  epoch=   1      train_loss=30505.1884      val_loss=21630.1348      best=1      size=  44      nSHD_c=   4.0000      nSHD=   3.4545      prec_c=   0.0227      change_adj_count=0      
2022-09-11 BST 18:57:33,911 - INFO -  epoch=   6      train_loss=82456.3294      val_loss=18119.7148      best=1      size=  22      nSHD_c=   2.0909      nSHD=   1.6364      prec_c=   0.0909      change_adj_count=5      
2022-09-11 BST 18:58:32,222 - INFO -  epoch=  16      train_loss=23376.2364      val_loss=17717.8906      best=1      size=  20      nSHD_c=   2.3636      nSHD=   1.9091      prec_c=   0.0500      change_adj_count=14      
2022-09-11 BST 18:59:07,083 - INFO -  epoch=  22      train_loss=51509.0756      val_loss=15208.5498      best=1      size=  16      nSHD_c=   2.0909      nSHD=   1.7273      prec_c=   0.0625      change_adj_count=19      
2022-09-11 BST 19:05:52,720 - INFO -  epoch= 100      train_loss=23198.5013      val_loss=19207.7891      best=0      size=   7      nSHD_c=   1.4545      nSHD=   1.5455      prec_c=   0.4286      change_adj_count=34      
2022-09-11 BST 19:13:41,926 - INFO -  epoch= 200      train_loss=18957.8191      val_loss=26033.6543      best=0      size=   6      nSHD_c=   1.1818      nSHD=   1.3636      prec_c=   0.8333      change_adj_count=72      
2022-09-11 BST 19:21:15,536 - INFO -  epoch= 300      train_loss=25335.7594      val_loss=24180.5410      best=0      size=   4      nSHD_c=   1.1818      nSHD=   1.3636      prec_c=   1.0000      change_adj_count=110      
2022-09-11 BST 19:28:45,583 - INFO -  epoch= 400      train_loss=30064.0201      val_loss=33698.4844      best=0      size=   5      nSHD_c=   1.2727      nSHD=   1.3636      prec_c=   0.6000      change_adj_count=122      
2022-09-11 BST 19:36:07,290 - INFO -  epoch= 500      train_loss=28425.3831      val_loss=34323.1484      best=0      size=   6      nSHD_c=   1.0000      nSHD=   1.2727      prec_c=   1.0000      change_adj_count=143      
2022-09-11 BST 19:43:29,474 - INFO -  epoch= 600      train_loss=18717.5462      val_loss=22846.4121      best=0      size=   5      nSHD_c=   1.2727      nSHD=   1.3636      prec_c=   0.6000      change_adj_count=159      
2022-09-11 BST 19:50:53,766 - INFO -  epoch= 700      train_loss=36256.7760      val_loss=30135.2168      best=0      size=   5      nSHD_c=   1.0909      nSHD=   1.2727      prec_c=   1.0000      change_adj_count=188      
2022-09-11 BST 19:58:16,218 - INFO -  epoch= 800      train_loss=19424.5890      val_loss=28252.3281      best=0      size=   7      nSHD_c=   0.9091      nSHD=   1.1818      prec_c=   1.0000      change_adj_count=223      
2022-09-11 BST 19:59:22,579 - INFO -  epoch= 815      train_loss=32327.5847      val_loss=13875.3340      best=1      size=   6      nSHD_c=   1.1818      nSHD=   1.2727      prec_c=   0.6667      change_adj_count=224      
2022-09-11 BST 20:05:39,609 - INFO -  epoch= 900      train_loss=34061.7357      val_loss=31240.3965      best=0      size=   4      nSHD_c=   1.1818      nSHD=   1.3636      prec_c=   1.0000      change_adj_count=249      
2022-09-11 BST 20:13:05,118 - INFO -  epoch=1000      train_loss=20221.0388      val_loss=23721.1777      best=0      size=   5      nSHD_c=   1.0909      nSHD=   1.2727      prec_c=   1.0000      change_adj_count=268      
2022-09-11 BST 20:13:05,119 - INFO - Last epoch results saved in sachs_dag_training_lambda_0,1.csv
2022-09-11 BST 20:13:05,119 - INFO - 

DAG 8: size_true=17	X.var()=43694.6783
2022-09-11 BST 20:13:11,125 - INFO -  epoch=   1      train_loss=30315.7956      val_loss=22521.4219      best=1      size=  36      nSHD_c=   3.3636      nSHD=   2.8182      prec_c=   0.0278      change_adj_count=0      
2022-09-11 BST 20:13:34,772 - INFO -  epoch=   5      train_loss=84552.2719      val_loss=16655.8223      best=1      size=  31      nSHD_c=   2.7273      nSHD=   2.4545      prec_c=   0.0968      change_adj_count=4      
2022-09-11 BST 20:21:56,364 - INFO -  epoch= 100      train_loss=24691.6928      val_loss=21892.0625      best=0      size=   6      nSHD_c=   1.1818      nSHD=   1.3636      prec_c=   0.8333      change_adj_count=57      
2022-09-11 BST 20:23:38,476 - INFO -  epoch= 121      train_loss=15159.1146      val_loss=15675.4521      best=1      size=   7      nSHD_c=   1.0909      nSHD=   1.3636      prec_c=   0.8571      change_adj_count=61      
2022-09-11 BST 20:29:48,325 - INFO -  epoch= 200      train_loss=28625.5145      val_loss=23233.5566      best=0      size=   5      nSHD_c=   1.0909      nSHD=   1.2727      prec_c=   1.0000      change_adj_count=87      
2022-09-11 BST 20:30:52,125 - INFO -  epoch= 214      train_loss=39743.0303      val_loss=13493.7988      best=1      size=   6      nSHD_c=   1.0000      nSHD=   1.2727      prec_c=   1.0000      change_adj_count=90      
2022-09-11 BST 20:37:20,141 - INFO -  epoch= 300      train_loss=37535.2764      val_loss=31256.4531      best=0      size=   5      nSHD_c=   1.0909      nSHD=   1.2727      prec_c=   1.0000      change_adj_count=108      
2022-09-11 BST 20:44:48,411 - INFO -  epoch= 400      train_loss=38793.7693      val_loss=34374.0273      best=0      size=   4      nSHD_c=   1.1818      nSHD=   1.3636      prec_c=   1.0000      change_adj_count=140      
2022-09-11 BST 20:52:13,383 - INFO -  epoch= 500      train_loss=26341.0516      val_loss=23597.5781      best=0      size=   5      nSHD_c=   1.0909      nSHD=   1.2727      prec_c=   1.0000      change_adj_count=174      
2022-09-11 BST 20:59:37,690 - INFO -  epoch= 600      train_loss=23909.2837      val_loss=28432.6934      best=0      size=   4      nSHD_c=   1.1818      nSHD=   1.3636      prec_c=   1.0000      change_adj_count=187      
2022-09-11 BST 21:06:57,396 - INFO -  epoch= 700      train_loss=29011.2694      val_loss=28657.8672      best=0      size=   4      nSHD_c=   1.1818      nSHD=   1.3636      prec_c=   1.0000      change_adj_count=201      
2022-09-11 BST 21:14:18,990 - INFO -  epoch= 800      train_loss=18910.0403      val_loss=25532.2676      best=0      size=   5      nSHD_c=   1.0909      nSHD=   1.2727      prec_c=   1.0000      change_adj_count=219      
2022-09-11 BST 21:21:42,562 - INFO -  epoch= 900      train_loss=30591.3356      val_loss=25798.3906      best=0      size=   4      nSHD_c=   1.1818      nSHD=   1.3636      prec_c=   1.0000      change_adj_count=252      
2022-09-11 BST 21:29:07,353 - INFO -  epoch=1000      train_loss=27482.8038      val_loss=28748.1348      best=0      size=   5      nSHD_c=   1.0909      nSHD=   1.2727      prec_c=   1.0000      change_adj_count=273      
2022-09-11 BST 21:29:07,354 - INFO - Last epoch results saved in sachs_dag_training_lambda_0,1.csv
2022-09-11 BST 21:29:07,354 - INFO - 

DAG 9: size_true=17	X.var()=43694.6783
2022-09-11 BST 21:29:13,168 - INFO -  epoch=   1      train_loss=26014.3621      val_loss=20602.2402      best=1      size=  38      nSHD_c=   3.4545      nSHD=   3.0000      prec_c=   0.0526      change_adj_count=0      
2022-09-11 BST 21:29:37,512 - INFO -  epoch=   5      train_loss=65963.4880      val_loss=19184.2031      best=1      size=  36      nSHD_c=   3.0000      nSHD=   2.7273      prec_c=   0.1111      change_adj_count=4      
2022-09-11 BST 21:30:40,900 - INFO -  epoch=  16      train_loss=31537.2829      val_loss=19032.4570      best=1      size=  20      nSHD_c=   1.8182      nSHD=   1.6364      prec_c=   0.2000      change_adj_count=15      
2022-09-11 BST 21:31:25,913 - INFO -  epoch=  24      train_loss=72789.9197      val_loss=18778.7441      best=1      size=  17      nSHD_c=   1.9091      nSHD=   1.6364      prec_c=   0.1765      change_adj_count=22      
2022-09-11 BST 21:32:16,397 - INFO -  epoch=  33      train_loss=23589.6027      val_loss=18301.7422      best=1      size=  13      nSHD_c=   1.7273      nSHD=   1.4545      prec_c=   0.1538      change_adj_count=27      
2022-09-11 BST 21:32:27,904 - INFO -  epoch=  35      train_loss=53035.3405      val_loss=14578.8486      best=1      size=  13      nSHD_c=   1.7273      nSHD=   1.6364      prec_c=   0.2308      change_adj_count=29      
2022-09-11 BST 21:38:07,488 - INFO -  epoch= 100      train_loss=31638.0973      val_loss=33521.6641      best=0      size=   4      nSHD_c=   1.1818      nSHD=   1.3636      prec_c=   1.0000      change_adj_count=61      
2022-09-11 BST 21:46:00,538 - INFO -  epoch= 200      train_loss=23299.9197      val_loss=31085.0684      best=0      size=   5      nSHD_c=   1.0909      nSHD=   1.2727      prec_c=   1.0000      change_adj_count=95      
2022-09-11 BST 21:53:32,819 - INFO -  epoch= 300      train_loss=29502.0779      val_loss=25618.8594      best=0      size=   5      nSHD_c=   1.0909      nSHD=   1.2727      prec_c=   1.0000      change_adj_count=122      
2022-09-11 BST 22:01:02,767 - INFO -  epoch= 400      train_loss=36935.3688      val_loss=31839.6602      best=0      size=   4      nSHD_c=   1.1818      nSHD=   1.3636      prec_c=   1.0000      change_adj_count=135      
2022-09-11 BST 22:08:25,799 - INFO -  epoch= 500      train_loss=51898.5829      val_loss=18503.0195      best=0      size=   4      nSHD_c=   1.1818      nSHD=   1.3636      prec_c=   1.0000      change_adj_count=155      
2022-09-11 BST 22:15:48,446 - INFO -  epoch= 600      train_loss=32805.5210      val_loss=26674.9746      best=0      size=   5      nSHD_c=   1.0909      nSHD=   1.2727      prec_c=   1.0000      change_adj_count=178      
2022-09-11 BST 22:22:13,312 - INFO -  epoch= 687      train_loss=30424.4058      val_loss=14437.9150      best=1      size=   7      nSHD_c=   0.9091      nSHD=   1.1818      prec_c=   1.0000      change_adj_count=201      
2022-09-11 BST 22:23:10,684 - INFO -  epoch= 700      train_loss=27525.6619      val_loss=30479.2305      best=0      size=   5      nSHD_c=   1.0909      nSHD=   1.2727      prec_c=   1.0000      change_adj_count=206      
2022-09-11 BST 22:25:01,812 - INFO -  epoch= 725      train_loss=43177.6508      val_loss=13731.5361      best=1      size=   7      nSHD_c=   0.9091      nSHD=   1.1818      prec_c=   1.0000      change_adj_count=215      
2022-09-11 BST 22:30:37,713 - INFO -  epoch= 800      train_loss=20919.4934      val_loss=24359.1113      best=0      size=   5      nSHD_c=   1.0909      nSHD=   1.2727      prec_c=   1.0000      change_adj_count=232      
2022-09-11 BST 22:38:01,617 - INFO -  epoch= 900      train_loss=26245.9951      val_loss=26195.1289      best=0      size=   4      nSHD_c=   1.1818      nSHD=   1.3636      prec_c=   1.0000      change_adj_count=250      
2022-09-11 BST 22:45:31,213 - INFO -  epoch=1000      train_loss=34548.7296      val_loss=32906.4102      best=0      size=   5      nSHD_c=   1.0909      nSHD=   1.2727      prec_c=   1.0000      change_adj_count=265      
2022-09-11 BST 22:45:31,215 - INFO - Last epoch results saved in sachs_dag_training_lambda_0,1.csv
2022-09-11 BST 22:45:31,215 - INFO - 

DAG 10: size_true=17	X.var()=43694.6783
2022-09-11 BST 22:45:37,202 - INFO -  epoch=   1      train_loss=35447.8708      val_loss=29283.1973      best=1      size=  44      nSHD_c=   4.0000      nSHD=   3.8182      prec_c=   0.0455      change_adj_count=0      
2022-09-11 BST 22:45:43,260 - INFO -  epoch=   2      train_loss=63816.8643      val_loss=28953.8730      best=1      size=  41      nSHD_c=   3.4545      nSHD=   3.0909      prec_c=   0.0976      change_adj_count=1      
2022-09-11 BST 22:45:55,016 - INFO -  epoch=   4      train_loss=83803.3919      val_loss=22631.5215      best=1      size=  29      nSHD_c=   2.7273      nSHD=   2.2727      prec_c=   0.0690      change_adj_count=3      
2022-09-11 BST 22:46:06,731 - INFO -  epoch=   6      train_loss=30999.3945      val_loss=17511.9316      best=1      size=  27      nSHD_c=   2.5455      nSHD=   2.0000      prec_c=   0.0370      change_adj_count=5      
2022-09-11 BST 22:46:18,390 - INFO -  epoch=   8      train_loss=39147.9860      val_loss=16991.7129      best=1      size=  24      nSHD_c=   2.1818      nSHD=   1.8182      prec_c=   0.1250      change_adj_count=7      
2022-09-11 BST 22:50:31,278 - INFO -  epoch=  54      train_loss=40092.5926      val_loss=16636.3262      best=1      size=   9      nSHD_c=   1.4545      nSHD=   1.3636      prec_c=   0.3333      change_adj_count=36      
2022-09-11 BST 22:53:00,427 - INFO -  epoch=  83      train_loss=53978.3384      val_loss=14598.2734      best=1      size=   7      nSHD_c=   1.2727      nSHD=   1.3636      prec_c=   0.5714      change_adj_count=46      
2022-09-11 BST 22:54:24,335 - INFO -  epoch= 100      train_loss=20960.6354      val_loss=33194.6562      best=0      size=   7      nSHD_c=   1.2727      nSHD=   1.3636      prec_c=   0.5714      change_adj_count=48      
2022-09-11 BST 23:02:15,033 - INFO -  epoch= 200      train_loss=20132.9167      val_loss=26207.9551      best=0      size=   5      nSHD_c=   1.0909      nSHD=   1.2727      prec_c=   1.0000      change_adj_count=87      
2022-09-11 BST 23:09:49,645 - INFO -  epoch= 300      train_loss=17979.5853      val_loss=25220.2617      best=0      size=   6      nSHD_c=   1.0000      nSHD=   1.2727      prec_c=   1.0000      change_adj_count=106      
2022-09-11 BST 23:17:14,722 - INFO -  epoch= 400      train_loss=19118.0423      val_loss=27041.0293      best=0      size=   5      nSHD_c=   1.0909      nSHD=   1.2727      prec_c=   1.0000      change_adj_count=130      
2022-09-11 BST 23:24:39,568 - INFO -  epoch= 500      train_loss=26231.2387      val_loss=31355.9219      best=0      size=   5      nSHD_c=   1.0909      nSHD=   1.2727      prec_c=   1.0000      change_adj_count=150      
2022-09-11 BST 23:32:01,821 - INFO -  epoch= 600      train_loss=21653.1850      val_loss=25639.7754      best=0      size=   5      nSHD_c=   1.0909      nSHD=   1.2727      prec_c=   1.0000      change_adj_count=169      
2022-09-11 BST 23:39:25,522 - INFO -  epoch= 700      train_loss=18065.9849      val_loss=26496.1289      best=0      size=   5      nSHD_c=   1.0909      nSHD=   1.2727      prec_c=   1.0000      change_adj_count=185      
2022-09-11 BST 23:46:45,948 - INFO -  epoch= 800      train_loss=28638.1562      val_loss=15633.9795      best=0      size=   6      nSHD_c=   1.0000      nSHD=   1.2727      prec_c=   1.0000      change_adj_count=210      
2022-09-11 BST 23:54:06,243 - INFO -  epoch= 900      train_loss=19431.6684      val_loss=27249.0293      best=0      size=   4      nSHD_c=   1.1818      nSHD=   1.3636      prec_c=   1.0000      change_adj_count=231      
2022-09-11 BST 23:56:24,183 - INFO -  epoch= 931      train_loss=53993.4419      val_loss=14236.0957      best=1      size=   6      nSHD_c=   1.0000      nSHD=   1.2727      prec_c=   1.0000      change_adj_count=237      
2022-09-12 BST 00:01:32,773 - INFO -  epoch=1000      train_loss=20879.6537      val_loss=27252.2500      best=0      size=   4      nSHD_c=   1.1818      nSHD=   1.3636      prec_c=   1.0000      change_adj_count=249      
2022-09-12 BST 00:01:32,774 - INFO - Last epoch results saved in sachs_dag_training_lambda_0,1.csv
2022-09-12 BST 00:01:32,774 - INFO - 

DAG 11: size_true=17	X.var()=43694.6783
2022-09-12 BST 00:01:38,641 - INFO -  epoch=   1      train_loss=46355.5627      val_loss=27515.4062      best=1      size=  48      nSHD_c=   4.2727      nSHD=   4.1818      prec_c=   0.0625      change_adj_count=0      
2022-09-12 BST 00:01:50,223 - INFO -  epoch=   3      train_loss=65106.1840      val_loss=25801.3438      best=1      size=  29      nSHD_c=   3.0000      nSHD=   2.6364      prec_c=   0.0000      change_adj_count=2      
2022-09-12 BST 00:01:56,005 - INFO -  epoch=   4      train_loss=59194.9838      val_loss=24810.0742      best=1      size=  25      nSHD_c=   2.4545      nSHD=   2.0909      prec_c=   0.0800      change_adj_count=3      
2022-09-12 BST 00:02:07,606 - INFO -  epoch=   6      train_loss=53938.0268      val_loss=24094.0430      best=1      size=  25      nSHD_c=   2.2727      nSHD=   1.9091      prec_c=   0.1200      change_adj_count=5      
2022-09-12 BST 00:02:30,789 - INFO -  epoch=  10      train_loss=26708.6654      val_loss=19525.8984      best=1      size=  22      nSHD_c=   2.1818      nSHD=   1.8182      prec_c=   0.0909      change_adj_count=9      
2022-09-12 BST 00:02:42,227 - INFO -  epoch=  12      train_loss=52455.5351      val_loss=17835.9414      best=1      size=  20      nSHD_c=   2.0909      nSHD=   1.7273      prec_c=   0.1000      change_adj_count=11      
2022-09-12 BST 00:03:38,580 - INFO -  epoch=  22      train_loss=49545.4290      val_loss=14853.6553      best=1      size=  16      nSHD_c=   1.8182      nSHD=   1.5455      prec_c=   0.1875      change_adj_count=21      
2022-09-12 BST 00:10:23,800 - INFO -  epoch= 100      train_loss=24028.9966      val_loss=31855.8086      best=0      size=   5      nSHD_c=   1.4545      nSHD=   1.5455      prec_c=   0.4000      change_adj_count=46      
2022-09-12 BST 00:18:13,597 - INFO -  epoch= 200      train_loss=22889.7581      val_loss=24681.0352      best=0      size=   5      nSHD_c=   1.0909      nSHD=   1.2727      prec_c=   1.0000      change_adj_count=92      
2022-09-12 BST 00:25:41,997 - INFO -  epoch= 300      train_loss=21936.1088      val_loss=25504.5664      best=0      size=   5      nSHD_c=   1.0909      nSHD=   1.2727      prec_c=   1.0000      change_adj_count=109      
2022-09-12 BST 00:33:06,850 - INFO -  epoch= 400      train_loss=34533.3173      val_loss=21296.0938      best=0      size=   5      nSHD_c=   1.0909      nSHD=   1.2727      prec_c=   1.0000      change_adj_count=126      
2022-09-12 BST 00:40:32,637 - INFO -  epoch= 500      train_loss=24316.8170      val_loss=23089.9844      best=0      size=   6      nSHD_c=   1.0000      nSHD=   1.1818      prec_c=   1.0000      change_adj_count=163      
2022-09-12 BST 00:47:54,745 - INFO -  epoch= 600      train_loss=33287.4570      val_loss=30052.6426      best=0      size=   5      nSHD_c=   1.0909      nSHD=   1.2727      prec_c=   1.0000      change_adj_count=188      
2022-09-12 BST 00:55:15,445 - INFO -  epoch= 700      train_loss=21456.5823      val_loss=28149.2617      best=0      size=   5      nSHD_c=   1.2727      nSHD=   1.3636      prec_c=   0.6000      change_adj_count=207      
2022-09-12 BST 00:55:37,395 - INFO -  epoch= 705      train_loss=37572.6999      val_loss=14046.5869      best=1      size=   6      nSHD_c=   1.0000      nSHD=   1.2727      prec_c=   1.0000      change_adj_count=208      
2022-09-12 BST 01:02:37,376 - INFO -  epoch= 800      train_loss=18969.3602      val_loss=26657.0938      best=0      size=   6      nSHD_c=   1.0000      nSHD=   1.1818      prec_c=   1.0000      change_adj_count=228      
2022-09-12 BST 01:10:03,277 - INFO -  epoch= 900      train_loss=19080.3260      val_loss=24798.2676      best=0      size=   7      nSHD_c=   0.9091      nSHD=   1.1818      prec_c=   1.0000      change_adj_count=279      
2022-09-12 BST 01:17:25,618 - INFO -  epoch=1000      train_loss=18224.5533      val_loss=26547.9102      best=0      size=   5      nSHD_c=   1.0909      nSHD=   1.2727      prec_c=   1.0000      change_adj_count=305      
2022-09-12 BST 01:17:25,620 - INFO - Last epoch results saved in sachs_dag_training_lambda_0,1.csv
2022-09-12 BST 01:17:25,620 - INFO - 

DAG 12: size_true=17	X.var()=43694.6783
2022-09-12 BST 01:17:31,435 - INFO -  epoch=   1      train_loss=34824.5855      val_loss=21664.9629      best=1      size=  37      nSHD_c=   3.5455      nSHD=   3.0909      prec_c=   0.0000      change_adj_count=0      
2022-09-12 BST 01:18:00,112 - INFO -  epoch=   6      train_loss=69259.4492      val_loss=18624.3574      best=1      size=  29      nSHD_c=   2.7273      nSHD=   2.3636      prec_c=   0.0690      change_adj_count=5      
2022-09-12 BST 01:18:57,243 - INFO -  epoch=  16      train_loss=53960.6952      val_loss=17071.4336      best=1      size=  19      nSHD_c=   2.0000      nSHD=   1.6364      prec_c=   0.1053      change_adj_count=14      
2022-09-12 BST 01:20:30,829 - INFO -  epoch=  33      train_loss=56224.4546      val_loss=14630.2900      best=1      size=  11      nSHD_c=   1.5455      nSHD=   1.4545      prec_c=   0.2727      change_adj_count=29      
2022-09-12 BST 01:26:11,557 - INFO -  epoch= 100      train_loss=25608.7753      val_loss=26181.1289      best=0      size=   5      nSHD_c=   1.0909      nSHD=   1.2727      prec_c=   1.0000      change_adj_count=50      
2022-09-12 BST 01:33:56,731 - INFO -  epoch= 200      train_loss=23338.6040      val_loss=23991.8281      best=0      size=   5      nSHD_c=   1.0909      nSHD=   1.2727      prec_c=   1.0000      change_adj_count=98      
2022-09-12 BST 01:41:25,045 - INFO -  epoch= 300      train_loss=28633.3877      val_loss=23144.4277      best=0      size=   5      nSHD_c=   1.0909      nSHD=   1.2727      prec_c=   1.0000      change_adj_count=115      
2022-09-12 BST 01:48:51,211 - INFO -  epoch= 400      train_loss=18126.9475      val_loss=25864.1875      best=0      size=   5      nSHD_c=   1.0909      nSHD=   1.2727      prec_c=   1.0000      change_adj_count=142      
2022-09-12 BST 01:56:15,957 - INFO -  epoch= 500      train_loss=24802.3400      val_loss=30832.6562      best=0      size=   4      nSHD_c=   1.1818      nSHD=   1.3636      prec_c=   1.0000      change_adj_count=149      
2022-09-12 BST 02:03:34,533 - INFO -  epoch= 600      train_loss=28681.6494      val_loss=30827.2598      best=0      size=   4      nSHD_c=   1.1818      nSHD=   1.3636      prec_c=   1.0000      change_adj_count=161      
2022-09-12 BST 02:10:59,831 - INFO -  epoch= 700      train_loss=37354.2566      val_loss=37409.5977      best=0      size=   4      nSHD_c=   1.1818      nSHD=   1.3636      prec_c=   1.0000      change_adj_count=182      
2022-09-12 BST 02:18:25,380 - INFO -  epoch= 800      train_loss=21796.8672      val_loss=23021.1191      best=0      size=   5      nSHD_c=   1.0909      nSHD=   1.2727      prec_c=   1.0000      change_adj_count=201      
2022-09-12 BST 02:25:50,170 - INFO -  epoch= 900      train_loss=32301.0168      val_loss=31800.4434      best=0      size=   5      nSHD_c=   1.0909      nSHD=   1.2727      prec_c=   1.0000      change_adj_count=215      
2022-09-12 BST 02:33:16,557 - INFO -  epoch=1000      train_loss=21227.2931      val_loss=30165.1523      best=0      size=   5      nSHD_c=   1.0909      nSHD=   1.2727      prec_c=   1.0000      change_adj_count=226      
2022-09-12 BST 02:33:16,558 - INFO - Last epoch results saved in sachs_dag_training_lambda_0,1.csv
2022-09-12 BST 02:33:16,558 - INFO - 

DAG 13: size_true=17	X.var()=43694.6783
2022-09-12 BST 02:33:22,530 - INFO -  epoch=   1      train_loss=51346.2778      val_loss=23575.9883      best=1      size=  48      nSHD_c=   4.3636      nSHD=   4.0909      prec_c=   0.0417      change_adj_count=0      
2022-09-12 BST 02:34:09,055 - INFO -  epoch=   9      train_loss=29233.3947      val_loss=16510.5566      best=1      size=  28      nSHD_c=   2.6364      nSHD=   2.1818      prec_c=   0.0714      change_adj_count=6      
2022-09-12 BST 02:42:06,100 - INFO -  epoch= 100      train_loss=30352.8035      val_loss=39469.2461      best=0      size=   7      nSHD_c=   1.4545      nSHD=   1.5455      prec_c=   0.4286      change_adj_count=69      
2022-09-12 BST 02:45:26,907 - INFO -  epoch= 142      train_loss=49367.3068      val_loss=14776.3594      best=1      size=   7      nSHD_c=   1.0909      nSHD=   1.3636      prec_c=   0.8571      change_adj_count=87      
2022-09-12 BST 02:49:54,642 - INFO -  epoch= 200      train_loss=24912.3941      val_loss=25756.5938      best=0      size=   4      nSHD_c=   1.1818      nSHD=   1.3636      prec_c=   1.0000      change_adj_count=104      
2022-09-12 BST 02:57:21,590 - INFO -  epoch= 300      train_loss=24679.2050      val_loss=20337.9922      best=0      size=   6      nSHD_c=   1.0000      nSHD=   1.2727      prec_c=   1.0000      change_adj_count=120      
2022-09-12 BST 03:04:48,768 - INFO -  epoch= 400      train_loss=22281.9985      val_loss=22920.3047      best=0      size=   5      nSHD_c=   1.0909      nSHD=   1.2727      prec_c=   1.0000      change_adj_count=141      
2022-09-12 BST 03:12:15,652 - INFO -  epoch= 500      train_loss=33368.7845      val_loss=32729.2090      best=0      size=   4      nSHD_c=   1.1818      nSHD=   1.3636      prec_c=   1.0000      change_adj_count=166      
2022-09-12 BST 03:19:40,086 - INFO -  epoch= 600      train_loss=23217.5182      val_loss=32723.7852      best=0      size=   4      nSHD_c=   1.1818      nSHD=   1.3636      prec_c=   1.0000      change_adj_count=207      
2022-09-12 BST 03:27:01,526 - INFO -  epoch= 700      train_loss=18817.3468      val_loss=26500.3340      best=0      size=   5      nSHD_c=   1.2727      nSHD=   1.3636      prec_c=   0.6000      change_adj_count=237      
2022-09-12 BST 03:27:32,560 - INFO -  epoch= 707      train_loss=36503.3003      val_loss=14261.3516      best=1      size=   5      nSHD_c=   1.2727      nSHD=   1.3636      prec_c=   0.6000      change_adj_count=237      
2022-09-12 BST 03:34:28,734 - INFO -  epoch= 800      train_loss=18281.3992      val_loss=26997.9668      best=0      size=   4      nSHD_c=   1.1818      nSHD=   1.3636      prec_c=   1.0000      change_adj_count=250      
2022-09-12 BST 03:41:57,280 - INFO -  epoch= 900      train_loss=18267.2406      val_loss=27328.9219      best=0      size=   5      nSHD_c=   1.0909      nSHD=   1.2727      prec_c=   1.0000      change_adj_count=280      
2022-09-12 BST 03:49:22,817 - INFO -  epoch=1000      train_loss=20499.8883      val_loss=26601.8379      best=0      size=   6      nSHD_c=   1.0000      nSHD=   1.2727      prec_c=   1.0000      change_adj_count=293      
2022-09-12 BST 03:49:22,819 - INFO - Last epoch results saved in sachs_dag_training_lambda_0,1.csv
2022-09-12 BST 03:49:22,819 - INFO - 

DAG 14: size_true=17	X.var()=43694.6783
2022-09-12 BST 03:49:28,701 - INFO -  epoch=   1      train_loss=22733.0536      val_loss=24082.5996      best=1      size=  36      nSHD_c=   3.2727      nSHD=   2.7273      prec_c=   0.0278      change_adj_count=0      
2022-09-12 BST 03:49:34,455 - INFO -  epoch=   2      train_loss=26377.9594      val_loss=20263.9531      best=1      size=  30      nSHD_c=   2.6364      nSHD=   2.1818      prec_c=   0.1000      change_adj_count=1      
2022-09-12 BST 03:50:08,934 - INFO -  epoch=   8      train_loss=37713.8347      val_loss=15642.5869      best=1      size=  26      nSHD_c=   2.0000      nSHD=   1.7273      prec_c=   0.1923      change_adj_count=7      
2022-09-12 BST 03:50:20,446 - INFO -  epoch=  10      train_loss=40971.3845      val_loss=15321.7676      best=1      size=  27      nSHD_c=   2.0909      nSHD=   1.8182      prec_c=   0.1852      change_adj_count=9      
2022-09-12 BST 03:58:18,310 - INFO -  epoch= 100      train_loss=24791.4770      val_loss=23703.0488      best=0      size=   6      nSHD_c=   1.1818      nSHD=   1.3636      prec_c=   0.8333      change_adj_count=57      
2022-09-12 BST 04:06:13,600 - INFO -  epoch= 200      train_loss=40703.3867      val_loss=32986.2188      best=0      size=   5      nSHD_c=   1.2727      nSHD=   1.4545      prec_c=   0.8000      change_adj_count=86      
2022-09-12 BST 04:13:44,553 - INFO -  epoch= 300      train_loss=30319.6216      val_loss=33885.6367      best=0      size=   5      nSHD_c=   1.2727      nSHD=   1.3636      prec_c=   0.6000      change_adj_count=113      
2022-09-12 BST 04:21:16,550 - INFO -  epoch= 400      train_loss=29737.0717      val_loss=33125.9414      best=0      size=   4      nSHD_c=   1.1818      nSHD=   1.3636      prec_c=   1.0000      change_adj_count=130      
2022-09-12 BST 04:28:56,664 - INFO -  epoch= 500      train_loss=33344.0187      val_loss=32265.4219      best=0      size=   4      nSHD_c=   1.1818      nSHD=   1.3636      prec_c=   1.0000      change_adj_count=158      
2022-09-12 BST 04:35:52,705 - INFO -  epoch= 591      train_loss=33270.7271      val_loss=14559.5020      best=1      size=   6      nSHD_c=   1.0000      nSHD=   1.2727      prec_c=   1.0000      change_adj_count=175      
2022-09-12 BST 04:36:32,545 - INFO -  epoch= 600      train_loss=22578.4739      val_loss=28122.4961      best=0      size=   4      nSHD_c=   1.1818      nSHD=   1.3636      prec_c=   1.0000      change_adj_count=180      
2022-09-12 BST 04:43:57,797 - INFO -  epoch= 700      train_loss=32488.3589      val_loss=35035.6328      best=0      size=   4      nSHD_c=   1.1818      nSHD=   1.3636      prec_c=   1.0000      change_adj_count=198      
2022-09-12 BST 04:51:30,844 - INFO -  epoch= 800      train_loss=30712.5074      val_loss=23178.1191      best=0      size=   5      nSHD_c=   1.0909      nSHD=   1.2727      prec_c=   1.0000      change_adj_count=214      
2022-09-12 BST 04:58:56,513 - INFO -  epoch= 900      train_loss=20213.2886      val_loss=29096.0801      best=0      size=   5      nSHD_c=   1.0909      nSHD=   1.2727      prec_c=   1.0000      change_adj_count=233      
2022-09-12 BST 05:06:17,850 - INFO -  epoch=1000      train_loss=24066.6105      val_loss=23266.8652      best=0      size=   5      nSHD_c=   1.0909      nSHD=   1.2727      prec_c=   1.0000      change_adj_count=269      
2022-09-12 BST 05:06:17,852 - INFO - Last epoch results saved in sachs_dag_training_lambda_0,1.csv
2022-09-12 BST 05:06:17,852 - INFO - 

DAG 15: size_true=17	X.var()=43694.6783
2022-09-12 BST 05:06:23,708 - INFO -  epoch=   1      train_loss=24130.3808      val_loss=34137.8633      best=1      size=  44      nSHD_c=   4.0000      nSHD=   3.6364      prec_c=   0.0455      change_adj_count=0      
2022-09-12 BST 05:06:29,475 - INFO -  epoch=   2      train_loss=93685.8305      val_loss=21347.2051      best=1      size=  39      nSHD_c=   3.7273      nSHD=   3.3636      prec_c=   0.0256      change_adj_count=1      
2022-09-12 BST 05:06:41,013 - INFO -  epoch=   4      train_loss=35816.9834      val_loss=19581.7891      best=1      size=  27      nSHD_c=   2.6364      nSHD=   2.2727      prec_c=   0.0370      change_adj_count=3      
2022-09-12 BST 05:07:15,332 - INFO -  epoch=  10      train_loss=52124.2305      val_loss=16616.8750      best=1      size=  23      nSHD_c=   2.0909      nSHD=   1.8182      prec_c=   0.1304      change_adj_count=8      
2022-09-12 BST 05:08:06,142 - INFO -  epoch=  19      train_loss=40654.1383      val_loss=14989.8301      best=1      size=  18      nSHD_c=   1.8182      nSHD=   1.5455      prec_c=   0.1667      change_adj_count=15      
2022-09-12 BST 05:15:07,180 - INFO -  epoch= 100      train_loss=20168.4848      val_loss=26941.8848      best=0      size=   5      nSHD_c=   1.2727      nSHD=   1.4545      prec_c=   0.8000      change_adj_count=50      
2022-09-12 BST 05:22:56,893 - INFO -  epoch= 200      train_loss=35623.9104      val_loss=35066.1992      best=0      size=   5      nSHD_c=   1.2727      nSHD=   1.4545      prec_c=   0.8000      change_adj_count=69      
2022-09-12 BST 05:30:28,808 - INFO -  epoch= 300      train_loss=18654.2328      val_loss=23976.1504      best=0      size=   5      nSHD_c=   1.0909      nSHD=   1.2727      prec_c=   1.0000      change_adj_count=90      
2022-09-12 BST 05:37:50,573 - INFO -  epoch= 400      train_loss=23745.1536      val_loss=30673.5918      best=0      size=   5      nSHD_c=   1.0909      nSHD=   1.2727      prec_c=   1.0000      change_adj_count=106      
2022-09-12 BST 05:45:16,292 - INFO -  epoch= 500      train_loss=21438.3007      val_loss=26258.7402      best=0      size=   4      nSHD_c=   1.1818      nSHD=   1.3636      prec_c=   1.0000      change_adj_count=125      
2022-09-12 BST 05:52:38,597 - INFO -  epoch= 600      train_loss=31450.6580      val_loss=35915.3516      best=0      size=   4      nSHD_c=   1.1818      nSHD=   1.3636      prec_c=   1.0000      change_adj_count=141      
2022-09-12 BST 06:00:00,268 - INFO -  epoch= 700      train_loss=18773.7414      val_loss=27817.9668      best=0      size=   5      nSHD_c=   1.0909      nSHD=   1.2727      prec_c=   1.0000      change_adj_count=157      
2022-09-12 BST 06:07:24,100 - INFO -  epoch= 800      train_loss=29735.2026      val_loss=21780.0625      best=0      size=   4      nSHD_c=   1.1818      nSHD=   1.3636      prec_c=   1.0000      change_adj_count=176      
2022-09-12 BST 06:14:47,924 - INFO -  epoch= 900      train_loss=28559.2956      val_loss=21842.1973      best=0      size=   5      nSHD_c=   1.0909      nSHD=   1.2727      prec_c=   1.0000      change_adj_count=193      
2022-09-12 BST 06:22:10,693 - INFO -  epoch=1000      train_loss=23039.4947      val_loss=28854.1465      best=0      size=   5      nSHD_c=   1.0909      nSHD=   1.2727      prec_c=   1.0000      change_adj_count=224      
2022-09-12 BST 06:22:10,695 - INFO - Last epoch results saved in sachs_dag_training_lambda_0,1.csv
2022-09-12 BST 06:22:10,695 - INFO - 

DAG 16: size_true=17	X.var()=43694.6783
2022-09-12 BST 06:22:16,875 - INFO -  epoch=   1      train_loss=50253.2893      val_loss=25490.9551      best=1      size=  49      nSHD_c=   4.1818      nSHD=   3.8182      prec_c=   0.0612      change_adj_count=0      
2022-09-12 BST 06:22:57,901 - INFO -  epoch=   8      train_loss=58446.9905      val_loss=19382.4375      best=1      size=  23      nSHD_c=   2.0909      nSHD=   1.7273      prec_c=   0.1304      change_adj_count=7      
2022-09-12 BST 06:23:09,309 - INFO -  epoch=  10      train_loss=30239.6355      val_loss=17722.5801      best=1      size=  22      nSHD_c=   2.0909      nSHD=   1.7273      prec_c=   0.1364      change_adj_count=8      
2022-09-12 BST 06:28:37,227 - INFO -  epoch=  71      train_loss=42465.2607      val_loss=13841.6455      best=1      size=   7      nSHD_c=   1.4545      nSHD=   1.3636      prec_c=   0.2857      change_adj_count=38      
2022-09-12 BST 06:31:01,497 - INFO -  epoch= 100      train_loss=26936.2109      val_loss=27472.9551      best=0      size=   5      nSHD_c=   1.4545      nSHD=   1.5455      prec_c=   0.4000      change_adj_count=47      
2022-09-12 BST 06:38:52,128 - INFO -  epoch= 200      train_loss=21612.9698      val_loss=26204.1094      best=0      size=   5      nSHD_c=   1.0909      nSHD=   1.2727      prec_c=   1.0000      change_adj_count=59      
2022-09-12 BST 06:46:25,408 - INFO -  epoch= 300      train_loss=36328.1557      val_loss=21146.2129      best=0      size=   4      nSHD_c=   1.1818      nSHD=   1.3636      prec_c=   1.0000      change_adj_count=85      
2022-09-12 BST 06:53:47,460 - INFO -  epoch= 400      train_loss=24644.0714      val_loss=21570.0996      best=0      size=   5      nSHD_c=   1.0909      nSHD=   1.2727      prec_c=   1.0000      change_adj_count=102      
2022-09-12 BST 07:01:10,808 - INFO -  epoch= 500      train_loss=22095.5611      val_loss=28769.8926      best=0      size=   4      nSHD_c=   1.1818      nSHD=   1.3636      prec_c=   1.0000      change_adj_count=119      
2022-09-12 BST 07:08:31,307 - INFO -  epoch= 600      train_loss=35206.3172      val_loss=21170.4746      best=0      size=   5      nSHD_c=   1.0909      nSHD=   1.2727      prec_c=   1.0000      change_adj_count=140      
2022-09-12 BST 07:15:53,509 - INFO -  epoch= 700      train_loss=30077.2287      val_loss=26953.0527      best=0      size=   5      nSHD_c=   1.0909      nSHD=   1.2727      prec_c=   1.0000      change_adj_count=171      
2022-09-12 BST 07:23:19,312 - INFO -  epoch= 800      train_loss=30046.4401      val_loss=30607.3242      best=0      size=   4      nSHD_c=   1.1818      nSHD=   1.3636      prec_c=   1.0000      change_adj_count=189      
2022-09-12 BST 07:30:48,734 - INFO -  epoch= 900      train_loss=18566.6021      val_loss=26090.4609      best=0      size=   6      nSHD_c=   1.0000      nSHD=   1.2727      prec_c=   1.0000      change_adj_count=221      
2022-09-12 BST 07:38:20,511 - INFO -  epoch=1000      train_loss=18041.3560      val_loss=27098.0527      best=0      size=   5      nSHD_c=   1.0909      nSHD=   1.2727      prec_c=   1.0000      change_adj_count=239      
2022-09-12 BST 07:38:20,513 - INFO - Last epoch results saved in sachs_dag_training_lambda_0,1.csv
2022-09-12 BST 07:38:20,513 - INFO - 

DAG 17: size_true=17	X.var()=43694.6783
2022-09-12 BST 07:38:26,526 - INFO -  epoch=   1      train_loss=44376.1322      val_loss=27115.6973      best=1      size=  52      nSHD_c=   4.1818      nSHD=   4.0000      prec_c=   0.1154      change_adj_count=0      
2022-09-12 BST 07:38:32,491 - INFO -  epoch=   2      train_loss=27397.5857      val_loss=26775.0469      best=1      size=  41      nSHD_c=   3.6364      nSHD=   3.0000      prec_c=   0.0244      change_adj_count=1      
2022-09-12 BST 07:38:38,370 - INFO -  epoch=   3      train_loss=39249.6907      val_loss=26171.9473      best=1      size=  36      nSHD_c=   3.3636      nSHD=   2.8182      prec_c=   0.0278      change_adj_count=2      
2022-09-12 BST 07:38:44,426 - INFO -  epoch=   4      train_loss=59338.4545      val_loss=25505.4434      best=1      size=  33      nSHD_c=   2.9091      nSHD=   2.6364      prec_c=   0.0909      change_adj_count=3      
2022-09-12 BST 07:38:55,902 - INFO -  epoch=   6      train_loss=80028.4689      val_loss=25197.9902      best=1      size=  24      nSHD_c=   2.2727      nSHD=   2.0000      prec_c=   0.1250      change_adj_count=5      
2022-09-12 BST 07:39:07,762 - INFO -  epoch=   8      train_loss=32455.7909      val_loss=23757.6719      best=1      size=  24      nSHD_c=   2.2727      nSHD=   2.0000      prec_c=   0.1250      change_adj_count=7      
2022-09-12 BST 07:39:31,031 - INFO -  epoch=  12      train_loss=21429.1333      val_loss=20450.2402      best=1      size=  21      nSHD_c=   2.0909      nSHD=   1.7273      prec_c=   0.1429      change_adj_count=11      
2022-09-12 BST 07:39:42,330 - INFO -  epoch=  14      train_loss=59065.7271      val_loss=17091.6094      best=1      size=  24      nSHD_c=   2.5455      nSHD=   2.1818      prec_c=   0.0833      change_adj_count=13      
2022-09-12 BST 07:44:39,630 - INFO -  epoch=  70      train_loss=49300.9060      val_loss=16608.1328      best=1      size=   9      nSHD_c=   1.4545      nSHD=   1.3636      prec_c=   0.3333      change_adj_count=32      
2022-09-12 BST 07:47:09,340 - INFO -  epoch= 100      train_loss=41794.4380      val_loss=39097.9062      best=0      size=   8      nSHD_c=   1.1818      nSHD=   1.4545      prec_c=   0.7500      change_adj_count=41      
2022-09-12 BST 07:48:13,455 - INFO -  epoch= 113      train_loss=33959.8437      val_loss=16368.1709      best=1      size=   6      nSHD_c=   1.3636      nSHD=   1.4545      prec_c=   0.5000      change_adj_count=43      
2022-09-12 BST 07:50:17,637 - INFO -  epoch= 139      train_loss=41665.5846      val_loss=16241.9404      best=1      size=   6      nSHD_c=   1.3636      nSHD=   1.4545      prec_c=   0.5000      change_adj_count=50      
2022-09-12 BST 07:54:57,936 - INFO -  epoch= 200      train_loss=26116.5291      val_loss=23822.5977      best=0      size=   4      nSHD_c=   1.1818      nSHD=   1.3636      prec_c=   1.0000      change_adj_count=72      
2022-09-12 BST 08:02:25,230 - INFO -  epoch= 300      train_loss=18773.4496      val_loss=28766.2090      best=0      size=   5      nSHD_c=   1.0909      nSHD=   1.2727      prec_c=   1.0000      change_adj_count=94      
2022-09-12 BST 08:09:51,078 - INFO -  epoch= 400      train_loss=19328.1783      val_loss=26964.5547      best=0      size=   5      nSHD_c=   1.0909      nSHD=   1.2727      prec_c=   1.0000      change_adj_count=117      
2022-09-12 BST 08:10:08,479 - INFO -  epoch= 404      train_loss=35314.9884      val_loss=15550.9082      best=1      size=   6      nSHD_c=   1.0000      nSHD=   1.2727      prec_c=   1.0000      change_adj_count=118      
2022-09-12 BST 08:17:13,153 - INFO -  epoch= 500      train_loss=21497.2722      val_loss=28121.0117      best=0      size=   5      nSHD_c=   1.0909      nSHD=   1.2727      prec_c=   1.0000      change_adj_count=133      
2022-09-12 BST 08:24:28,916 - INFO -  epoch= 600      train_loss=19515.0965      val_loss=26717.0098      best=0      size=   5      nSHD_c=   1.0909      nSHD=   1.2727      prec_c=   1.0000      change_adj_count=143      
