2022-09-11 BST 09:28:58,231 - INFO - 
Log for run 2022-09-11_BST_09:28:58,197_sachs_dag_training_lambda_10

2022-09-11 BST 09:28:58,231 - INFO - COMMENT = 'IMLE_Logistic_None for Sachs data with DAG traning'
2022-09-11 BST 09:28:58,231 - INFO - DATA_FOLDER = '../data'
2022-09-11 BST 09:28:58,231 - INFO - LATENTS_FOLDER = '../latents'
2022-09-11 BST 09:28:58,231 - INFO - LOGS_FOLDER = '../logs'
2022-09-11 BST 09:28:58,231 - INFO - MODEL_FOLDER = '../models'
2022-09-11 BST 09:28:58,231 - INFO - RESULTS_FOLDER = '../results'
2022-09-11 BST 09:28:58,231 - INFO - DEVICE = torch.device("cuda" if torch.cuda.is_available() else "cpu")  # Used: "cuda"
2022-09-11 BST 09:28:58,231 - INFO - LATENTS = False
2022-09-11 BST 09:28:58,232 - INFO - MATRIX_REPORT = False
2022-09-11 BST 09:28:58,232 - INFO - LABEL = True
2022-09-11 BST 09:28:58,232 - INFO - SAVE_TO_ODS = False
2022-09-11 BST 09:28:58,232 - INFO - VAL_LOSS_FROM_DAG = True
2022-09-11 BST 09:28:58,232 - INFO - WANDB = False
2022-09-11 BST 09:28:58,232 - INFO - WANDB_PROJECT = 'Thetas'
2022-09-11 BST 09:28:58,232 - INFO - GRAD_LOG = False
2022-09-11 BST 09:28:58,232 - INFO - SAVE_RESULTS = True
2022-09-11 BST 09:28:58,232 - INFO - N_TRIALS = 1
2022-09-11 BST 09:28:58,232 - INFO - LOAD_OPTUNA_STUDY = None
2022-09-11 BST 09:28:58,232 - INFO - OPTUNA_STRINGS = {'None': None, 'True': True, 'False': False}
2022-09-11 BST 09:28:58,232 - INFO - TQDM = False
2022-09-11 BST 09:28:58,232 - INFO - 
hyperparameters = {
2022-09-11 BST 09:28:58,232 - INFO - 	'GRAPH_TYPE': None,
2022-09-11 BST 09:28:58,232 - INFO - 	'D': 11,
2022-09-11 BST 09:28:58,232 - INFO - 	'MAX_SIZE': None,
2022-09-11 BST 09:28:58,232 - INFO - 	'SEM_NOISE': 'gaussian_ev',
2022-09-11 BST 09:28:58,232 - INFO - 	'VAL': 0.009378663540445486,
2022-09-11 BST 09:28:58,232 - INFO - 	'N_EPOCHS': 1000,
2022-09-11 BST 09:28:58,232 - INFO - 	'BATCH_SIZE': None,
2022-09-11 BST 09:28:58,232 - INFO - 	'LOG2_BATCH_SIZE': 3,
2022-09-11 BST 09:28:58,232 - INFO - 	'BATCH_SHUFFLE': True,
2022-09-11 BST 09:28:58,232 - INFO - 	'N_SAMPLES': 47,
2022-09-11 BST 09:28:58,232 - INFO - 	'MODE': 'max_dag',
2022-09-11 BST 09:28:58,232 - INFO - 	'AFAS_SCHEDULER': None,
2022-09-11 BST 09:28:58,232 - INFO - 	'MINIZINC_SOLVER': None,
2022-09-11 BST 09:28:58,232 - INFO - 	'f_LINEAR_LAYERS': (),
2022-09-11 BST 09:28:58,232 - INFO - 	'f_BIAS': False,
2022-09-11 BST 09:28:58,232 - INFO - 	'p_LAYER': None,
2022-09-11 BST 09:28:58,232 - INFO - 	'STREAMLINE': False,
2022-09-11 BST 09:28:58,232 - INFO - 	'THRESHOLD': 0.0,
2022-09-11 BST 09:28:58,232 - INFO - 	'h_LINEAR_LAYERS': (),
2022-09-11 BST 09:28:58,232 - INFO - 	'h_NULL': 0.00011373901985660933,
2022-09-11 BST 09:28:58,232 - INFO - 	'h_LR': 0.0016158450337500668,
2022-09-11 BST 09:28:58,232 - INFO - 	'h_OPTIMIZER': 'torch.optim.Adam(overall_net.h_net.parameters(), lr=h.h_LR)',
2022-09-11 BST 09:28:58,232 - INFO - 	'f_LR': 0.3720066380139224,
2022-09-11 BST 09:28:58,232 - INFO - 	'f_OPTIMIZER': 'torch.optim.Adam(overall_net.f_net.parameters(), lr=h.f_LR)',
2022-09-11 BST 09:28:58,232 - INFO - 	'NOISE_TEMPERATURE': 0.8785929148606203,
2022-09-11 BST 09:28:58,232 - INFO - 	'NOISE_DISTRIBUTION': 'LogisticNoiseDistribution()',
2022-09-11 BST 09:28:58,232 - INFO - 	'LAMBDA': 10.0,
2022-09-11 BST 09:28:58,232 - INFO - 	'LOSS_FN': 'torch.nn.MSELoss()',
2022-09-11 BST 09:28:58,232 - INFO - 	'ALPHA': None,
2022-09-11 BST 09:28:58,232 - INFO - 	'BETA': None,
2022-09-11 BST 09:28:58,232 - INFO - 	'REGULARIZER': None,
2022-09-11 BST 09:28:58,232 - INFO - 	'z_RHO': 0.157451211201,
2022-09-11 BST 09:28:58,232 - INFO - 	'z_MU': 0.00120806965197976,
2022-09-11 BST 09:28:58,232 - INFO - 	'z_REGULARIZER': 'NoTearsZRegularizer(h.D, h.z_RHO, h.z_MU, c.DEVICE)',
2022-09-11 BST 09:28:58,232 - INFO - 	'LR_SCHEDULER': None,
2022-09-11 BST 09:28:58,232 - INFO - 	'DATA_CATEGORY': 'real',
2022-09-11 BST 09:28:58,232 - INFO - 	'DAGS': 'Sachs_1',
2022-09-11 BST 09:28:58,232 - INFO - 	'N_REAL_RUNS': 1
2022-09-11 BST 09:28:58,232 - INFO - }

2022-09-11 BST 09:28:58,447 - INFO - 

DAG 0: size_true=17	X.var()=43694.6783
2022-09-11 BST 09:29:06,514 - INFO -  epoch=   1      train_loss=36438.7329      val_loss=22861.0684      best=1      size=  20      nSHD_c=   2.1818      nSHD=   2.0909      prec_c=   0.1500      change_adj_count=0      
2022-09-11 BST 09:29:39,671 - INFO -  epoch=   7      train_loss=63467.5867      val_loss=18596.1992      best=1      size=   8      nSHD_c=   1.0000      nSHD=   1.1818      prec_c=   0.7500      change_adj_count=6      
2022-09-11 BST 09:29:50,683 - INFO -  epoch=   9      train_loss=49911.2993      val_loss=18318.2246      best=1      size=   9      nSHD_c=   1.1818      nSHD=   1.3636      prec_c=   0.5556      change_adj_count=8      
2022-09-11 BST 09:32:05,642 - INFO -  epoch=  34      train_loss=65095.5396      val_loss=17242.7539      best=1      size=   9      nSHD_c=   1.1818      nSHD=   1.3636      prec_c=   0.5556      change_adj_count=23      
2022-09-11 BST 09:33:09,262 - INFO -  epoch=  46      train_loss=51034.3456      val_loss=15959.7275      best=1      size=  11      nSHD_c=   1.2727      nSHD=   1.4545      prec_c=   0.4545      change_adj_count=26      
2022-09-11 BST 09:37:52,095 - INFO -  epoch= 100      train_loss=25609.7442      val_loss=20143.5371      best=0      size=  12      nSHD_c=   1.2727      nSHD=   1.3636      prec_c=   0.4167      change_adj_count=57      
2022-09-11 BST 09:39:41,121 - INFO -  epoch= 121      train_loss=41792.2349      val_loss=13985.6924      best=1      size=  11      nSHD_c=   1.2727      nSHD=   1.3636      prec_c=   0.4545      change_adj_count=68      
2022-09-11 BST 09:46:34,674 - INFO -  epoch= 200      train_loss=32480.8610      val_loss=38225.1250      best=0      size=  13      nSHD_c=   1.2727      nSHD=   1.4545      prec_c=   0.3846      change_adj_count=114      
2022-09-11 BST 09:55:18,258 - INFO -  epoch= 300      train_loss=47439.6583      val_loss=26887.9746      best=0      size=  10      nSHD_c=   1.1818      nSHD=   1.2727      prec_c=   0.5000      change_adj_count=150      
