2022-09-11 BST 14:26:41,668 - INFO - 
Log for run 2022-09-11_BST_14:26:41,664_sachs_dag_training_lambda_0,1,_2

2022-09-11 BST 14:26:41,668 - INFO - COMMENT = 'IMLE_Logistic_None for Sachs data with DAG traning'
2022-09-11 BST 14:26:41,668 - INFO - DATA_FOLDER = '../data'
2022-09-11 BST 14:26:41,668 - INFO - LATENTS_FOLDER = '../latents'
2022-09-11 BST 14:26:41,668 - INFO - LOGS_FOLDER = '../logs'
2022-09-11 BST 14:26:41,668 - INFO - MODEL_FOLDER = '../models'
2022-09-11 BST 14:26:41,668 - INFO - RESULTS_FOLDER = '../results'
2022-09-11 BST 14:26:41,668 - INFO - DEVICE = torch.device("cuda" if torch.cuda.is_available() else "cpu")  # Used: "cuda"
2022-09-11 BST 14:26:41,668 - INFO - LATENTS = False
2022-09-11 BST 14:26:41,668 - INFO - MATRIX_REPORT = False
2022-09-11 BST 14:26:41,668 - INFO - LABEL = True
2022-09-11 BST 14:26:41,668 - INFO - SAVE_TO_ODS = False
2022-09-11 BST 14:26:41,668 - INFO - VAL_LOSS_FROM_DAG = True
2022-09-11 BST 14:26:41,668 - INFO - WANDB = False
2022-09-11 BST 14:26:41,668 - INFO - WANDB_PROJECT = 'Thetas'
2022-09-11 BST 14:26:41,668 - INFO - GRAD_LOG = False
2022-09-11 BST 14:26:41,668 - INFO - SAVE_RESULTS = True
2022-09-11 BST 14:26:41,668 - INFO - N_TRIALS = 1
2022-09-11 BST 14:26:41,668 - INFO - LOAD_OPTUNA_STUDY = None
2022-09-11 BST 14:26:41,668 - INFO - OPTUNA_STRINGS = {'None': None, 'True': True, 'False': False}
2022-09-11 BST 14:26:41,668 - INFO - TQDM = False
2022-09-11 BST 14:26:41,668 - INFO - 
hyperparameters = {
2022-09-11 BST 14:26:41,668 - INFO - 	'GRAPH_TYPE': None,
2022-09-11 BST 14:26:41,668 - INFO - 	'D': 11,
2022-09-11 BST 14:26:41,668 - INFO - 	'MAX_SIZE': None,
2022-09-11 BST 14:26:41,668 - INFO - 	'SEM_NOISE': 'gaussian_ev',
2022-09-11 BST 14:26:41,668 - INFO - 	'VAL': 0.009378663540445486,
2022-09-11 BST 14:26:41,668 - INFO - 	'N_EPOCHS': 1000,
2022-09-11 BST 14:26:41,668 - INFO - 	'BATCH_SIZE': None,
2022-09-11 BST 14:26:41,668 - INFO - 	'LOG2_BATCH_SIZE': 3,
2022-09-11 BST 14:26:41,668 - INFO - 	'BATCH_SHUFFLE': True,
2022-09-11 BST 14:26:41,668 - INFO - 	'N_SAMPLES': 47,
2022-09-11 BST 14:26:41,668 - INFO - 	'MODE': 'max_dag',
2022-09-11 BST 14:26:41,668 - INFO - 	'AFAS_SCHEDULER': None,
2022-09-11 BST 14:26:41,668 - INFO - 	'MINIZINC_SOLVER': None,
2022-09-11 BST 14:26:41,668 - INFO - 	'f_LINEAR_LAYERS': (),
2022-09-11 BST 14:26:41,668 - INFO - 	'f_BIAS': False,
2022-09-11 BST 14:26:41,668 - INFO - 	'p_LAYER': None,
2022-09-11 BST 14:26:41,668 - INFO - 	'STREAMLINE': False,
2022-09-11 BST 14:26:41,668 - INFO - 	'THRESHOLD': 0.0,
2022-09-11 BST 14:26:41,668 - INFO - 	'h_LINEAR_LAYERS': (),
2022-09-11 BST 14:26:41,668 - INFO - 	'h_NULL': 0.00011373901985660933,
2022-09-11 BST 14:26:41,668 - INFO - 	'h_LR': 0.0016158450337500668,
2022-09-11 BST 14:26:41,668 - INFO - 	'h_OPTIMIZER': 'torch.optim.Adam(overall_net.h_net.parameters(), lr=h.h_LR)',
2022-09-11 BST 14:26:41,668 - INFO - 	'f_LR': 0.3720066380139224,
2022-09-11 BST 14:26:41,669 - INFO - 	'f_OPTIMIZER': 'torch.optim.Adam(overall_net.f_net.parameters(), lr=h.f_LR)',
2022-09-11 BST 14:26:41,669 - INFO - 	'NOISE_TEMPERATURE': 0.8785929148606203,
2022-09-11 BST 14:26:41,669 - INFO - 	'NOISE_DISTRIBUTION': 'LogisticNoiseDistribution()',
2022-09-11 BST 14:26:41,669 - INFO - 	'LAMBDA': 0.1,
2022-09-11 BST 14:26:41,669 - INFO - 	'LOSS_FN': 'torch.nn.MSELoss()',
2022-09-11 BST 14:26:41,669 - INFO - 	'ALPHA': None,
2022-09-11 BST 14:26:41,669 - INFO - 	'BETA': None,
2022-09-11 BST 14:26:41,669 - INFO - 	'REGULARIZER': None,
2022-09-11 BST 14:26:41,669 - INFO - 	'z_RHO': 0.157451211201,
2022-09-11 BST 14:26:41,669 - INFO - 	'z_MU': 0.00120806965197976,
2022-09-11 BST 14:26:41,669 - INFO - 	'z_REGULARIZER': 'NoTearsZRegularizer(h.D, h.z_RHO, h.z_MU, c.DEVICE)',
2022-09-11 BST 14:26:41,669 - INFO - 	'LR_SCHEDULER': None,
2022-09-11 BST 14:26:41,669 - INFO - 	'DATA_CATEGORY': 'real',
2022-09-11 BST 14:26:41,669 - INFO - 	'DAGS': 'Sachs_1',
2022-09-11 BST 14:26:41,669 - INFO - 	'N_REAL_RUNS': 23
2022-09-11 BST 14:26:41,669 - INFO - }

2022-09-11 BST 14:26:41,880 - INFO - 

DAG 0: size_true=17	X.var()=43694.6783
2022-09-11 BST 14:26:49,992 - INFO -  epoch=   1      train_loss=35253.4087      val_loss=38361.2344      best=1      size=  50      nSHD_c=   4.0909      nSHD=   3.9091      prec_c=   0.1000      change_adj_count=0      
2022-09-11 BST 14:26:56,114 - INFO -  epoch=   2      train_loss=84714.5984      val_loss=25553.4746      best=1      size=  31      nSHD_c=   2.7273      nSHD=   2.3636      prec_c=   0.0968      change_adj_count=1      
2022-09-11 BST 14:27:08,078 - INFO -  epoch=   4      train_loss=35440.9755      val_loss=25348.3027      best=1      size=  31      nSHD_c=   2.8182      nSHD=   2.2727      prec_c=   0.0645      change_adj_count=3      
2022-09-11 BST 14:27:13,804 - INFO -  epoch=   5      train_loss=34913.3987      val_loss=24867.7559      best=1      size=  28      nSHD_c=   2.6364      nSHD=   2.1818      prec_c=   0.0714      change_adj_count=4      
2022-09-11 BST 14:27:25,211 - INFO -  epoch=   7      train_loss=29609.7764      val_loss=22032.1348      best=1      size=  32      nSHD_c=   2.8182      nSHD=   2.3636      prec_c=   0.0938      change_adj_count=6      
2022-09-11 BST 14:27:36,676 - INFO -  epoch=   9      train_loss=39949.2098      val_loss=16412.1875      best=1      size=  30      nSHD_c=   2.5455      nSHD=   2.1818      prec_c=   0.1333      change_adj_count=8      
2022-09-11 BST 14:29:19,566 - INFO -  epoch=  27      train_loss=86476.4903      val_loss=13644.4043      best=1      size=  12      nSHD_c=   1.9091      nSHD=   1.7273      prec_c=   0.0833      change_adj_count=24      
2022-09-11 BST 14:32:02,914 - INFO -  epoch=  57      train_loss=51905.6563      val_loss=12814.8125      best=1      size=   9      nSHD_c=   1.4545      nSHD=   1.3636      prec_c=   0.3333      change_adj_count=46      
2022-09-11 BST 14:35:44,150 - INFO -  epoch= 100      train_loss=22613.2266      val_loss=28957.2676      best=0      size=   6      nSHD_c=   1.1818      nSHD=   1.3636      prec_c=   0.8333      change_adj_count=53      
2022-09-11 BST 14:43:43,276 - INFO -  epoch= 200      train_loss=22493.7546      val_loss=28139.9375      best=0      size=   4      nSHD_c=   1.1818      nSHD=   1.3636      prec_c=   1.0000      change_adj_count=77      
2022-09-11 BST 14:51:19,223 - INFO -  epoch= 300      train_loss=17969.6153      val_loss=27445.6367      best=0      size=   4      nSHD_c=   1.1818      nSHD=   1.3636      prec_c=   1.0000      change_adj_count=101      
2022-09-11 BST 14:58:43,036 - INFO -  epoch= 400      train_loss=25137.9504      val_loss=30110.2598      best=0      size=   4      nSHD_c=   1.1818      nSHD=   1.3636      prec_c=   1.0000      change_adj_count=124      
2022-09-11 BST 15:05:58,683 - INFO -  epoch= 500      train_loss=23937.1319      val_loss=22123.8984      best=0      size=   4      nSHD_c=   1.1818      nSHD=   1.3636      prec_c=   1.0000      change_adj_count=136      
2022-09-11 BST 15:13:11,703 - INFO -  epoch= 600      train_loss=22806.4059      val_loss=23079.0254      best=0      size=   5      nSHD_c=   1.0909      nSHD=   1.2727      prec_c=   1.0000      change_adj_count=145      
2022-09-11 BST 15:20:40,963 - INFO -  epoch= 700      train_loss=26832.5801      val_loss=29648.6562      best=0      size=   5      nSHD_c=   1.0909      nSHD=   1.2727      prec_c=   1.0000      change_adj_count=160      
2022-09-11 BST 15:27:55,594 - INFO -  epoch= 800      train_loss=26951.3745      val_loss=34287.1875      best=0      size=   4      nSHD_c=   1.1818      nSHD=   1.3636      prec_c=   1.0000      change_adj_count=178      
2022-09-11 BST 15:35:08,881 - INFO -  epoch= 900      train_loss=21382.9705      val_loss=26821.5781      best=0      size=   5      nSHD_c=   1.0909      nSHD=   1.2727      prec_c=   1.0000      change_adj_count=191      
2022-09-11 BST 15:42:25,523 - INFO -  epoch=1000      train_loss=21270.9936      val_loss=34321.4023      best=0      size=   5      nSHD_c=   1.0909      nSHD=   1.2727      prec_c=   1.0000      change_adj_count=212      
2022-09-11 BST 15:42:25,525 - INFO - Last epoch results saved in sachs_dag_training_lambda_0,1,_2.csv
2022-09-11 BST 15:42:25,526 - INFO - 

DAG 1: size_true=17	X.var()=43694.6783
2022-09-11 BST 15:42:31,371 - INFO -  epoch=   1      train_loss=38567.8960      val_loss=29930.0117      best=1      size=  48      nSHD_c=   4.2727      nSHD=   3.8182      prec_c=   0.0417      change_adj_count=0      
2022-09-11 BST 15:42:42,959 - INFO -  epoch=   3      train_loss=54530.8190      val_loss=27131.1367      best=1      size=  29      nSHD_c=   2.9091      nSHD=   2.3636      prec_c=   0.0000      change_adj_count=2      
2022-09-11 BST 15:42:54,663 - INFO -  epoch=   5      train_loss=58033.2977      val_loss=24249.4785      best=1      size=  21      nSHD_c=   2.2727      nSHD=   1.8182      prec_c=   0.0476      change_adj_count=4      
2022-09-11 BST 15:43:06,055 - INFO -  epoch=   7      train_loss=51973.0154      val_loss=17180.7285      best=1      size=  22      nSHD_c=   2.3636      nSHD=   1.9091      prec_c=   0.0455      change_adj_count=5      
2022-09-11 BST 15:44:46,730 - INFO -  epoch=  25      train_loss=36858.7152      val_loss=16315.8584      best=1      size=  11      nSHD_c=   1.5455      nSHD=   1.4545      prec_c=   0.2727      change_adj_count=21      
2022-09-11 BST 15:44:57,618 - INFO -  epoch=  27      train_loss=90352.1593      val_loss=16067.4990      best=1      size=  11      nSHD_c=   1.5455      nSHD=   1.4545      prec_c=   0.2727      change_adj_count=23      
2022-09-11 BST 15:50:33,606 - INFO -  epoch=  92      train_loss=33808.1987      val_loss=15847.6338      best=1      size=   6      nSHD_c=   1.3636      nSHD=   1.4545      prec_c=   0.5000      change_adj_count=47      
2022-09-11 BST 15:51:12,303 - INFO -  epoch= 100      train_loss=22975.0534      val_loss=29233.7539      best=0      size=   6      nSHD_c=   1.3636      nSHD=   1.4545      prec_c=   0.5000      change_adj_count=50      
2022-09-11 BST 15:59:06,764 - INFO -  epoch= 200      train_loss=20038.8546      val_loss=29631.7363      best=0      size=   5      nSHD_c=   1.2727      nSHD=   1.3636      prec_c=   0.6000      change_adj_count=72      
2022-09-11 BST 15:59:21,832 - INFO -  epoch= 203      train_loss=41128.6436      val_loss=14402.1611      best=1      size=   5      nSHD_c=   1.2727      nSHD=   1.3636      prec_c=   0.6000      change_adj_count=72      
2022-09-11 BST 16:06:53,121 - INFO -  epoch= 300      train_loss=28594.8495      val_loss=31411.6406      best=0      size=   4      nSHD_c=   1.1818      nSHD=   1.3636      prec_c=   1.0000      change_adj_count=96      
2022-09-11 BST 16:14:25,577 - INFO -  epoch= 400      train_loss=28786.2926      val_loss=29797.6777      best=0      size=   4      nSHD_c=   1.1818      nSHD=   1.3636      prec_c=   1.0000      change_adj_count=121      
2022-09-11 BST 16:22:01,288 - INFO -  epoch= 500      train_loss=25922.6445      val_loss=22373.8301      best=0      size=   5      nSHD_c=   1.0909      nSHD=   1.2727      prec_c=   1.0000      change_adj_count=142      
2022-09-11 BST 16:29:28,657 - INFO -  epoch= 600      train_loss=25803.4201      val_loss=27438.3047      best=0      size=   5      nSHD_c=   1.0909      nSHD=   1.2727      prec_c=   1.0000      change_adj_count=168      
2022-09-11 BST 16:36:55,171 - INFO -  epoch= 700      train_loss=24079.3088      val_loss=30882.8496      best=0      size=   4      nSHD_c=   1.1818      nSHD=   1.3636      prec_c=   1.0000      change_adj_count=195      
2022-09-11 BST 16:44:31,083 - INFO -  epoch= 800      train_loss=25214.2229      val_loss=24853.9668      best=0      size=   5      nSHD_c=   1.0909      nSHD=   1.2727      prec_c=   1.0000      change_adj_count=217      
2022-09-11 BST 16:52:09,687 - INFO -  epoch= 900      train_loss=28833.0733      val_loss=32771.3242      best=0      size=   5      nSHD_c=   1.0909      nSHD=   1.2727      prec_c=   1.0000      change_adj_count=235      
2022-09-11 BST 16:59:55,259 - INFO -  epoch=1000      train_loss=18838.5103      val_loss=27522.2793      best=0      size=   5      nSHD_c=   1.0909      nSHD=   1.2727      prec_c=   1.0000      change_adj_count=251      
2022-09-11 BST 16:59:55,260 - INFO - Last epoch results saved in sachs_dag_training_lambda_0,1,_2.csv
2022-09-11 BST 16:59:55,261 - INFO - 

DAG 2: size_true=17	X.var()=43694.6783
2022-09-11 BST 17:00:02,699 - INFO -  epoch=   1      train_loss=23426.0503      val_loss=18421.9648      best=1      size=  31      nSHD_c=   2.9091      nSHD=   2.6364      prec_c=   0.0645      change_adj_count=0      
2022-09-11 BST 17:01:06,646 - INFO -  epoch=  11      train_loss=63379.1647      val_loss=17171.3730      best=1      size=  25      nSHD_c=   2.2727      nSHD=   2.0909      prec_c=   0.1600      change_adj_count=9      
2022-09-11 BST 17:03:28,397 - INFO -  epoch=  36      train_loss=59787.8343      val_loss=16456.7070      best=1      size=  12      nSHD_c=   1.4545      nSHD=   1.4545      prec_c=   0.3333      change_adj_count=30      
2022-09-11 BST 17:03:33,798 - INFO -  epoch=  37      train_loss=15278.6872      val_loss=16155.0469      best=1      size=  13      nSHD_c=   1.5455      nSHD=   1.5455      prec_c=   0.3077      change_adj_count=31      
2022-09-11 BST 17:05:00,203 - INFO -  epoch=  53      train_loss=53430.2269      val_loss=15585.3799      best=1      size=  10      nSHD_c=   1.5455      nSHD=   1.4545      prec_c=   0.3000      change_adj_count=36      
2022-09-11 BST 17:09:10,358 - INFO -  epoch= 100      train_loss=22734.4795      val_loss=23679.1230      best=0      size=   5      nSHD_c=   1.0909      nSHD=   1.2727      prec_c=   1.0000      change_adj_count=48      
2022-09-11 BST 17:17:37,927 - INFO -  epoch= 200      train_loss=22409.0024      val_loss=30868.7500      best=0      size=   5      nSHD_c=   1.0909      nSHD=   1.2727      prec_c=   1.0000      change_adj_count=82      
2022-09-11 BST 17:25:12,057 - INFO -  epoch= 300      train_loss=19651.6501      val_loss=27303.5312      best=0      size=   5      nSHD_c=   1.0909      nSHD=   1.2727      prec_c=   1.0000      change_adj_count=94      
2022-09-11 BST 17:25:25,186 - INFO -  epoch= 303      train_loss=35837.6223      val_loss=15164.2705      best=1      size=   5      nSHD_c=   1.2727      nSHD=   1.3636      prec_c=   0.6000      change_adj_count=96      
2022-09-11 BST 17:32:38,761 - INFO -  epoch= 400      train_loss=22144.4946      val_loss=28982.4746      best=0      size=   5      nSHD_c=   1.0909      nSHD=   1.2727      prec_c=   1.0000      change_adj_count=119      
2022-09-11 BST 17:39:58,823 - INFO -  epoch= 500      train_loss=26011.8515      val_loss=32833.2266      best=0      size=   6      nSHD_c=   1.0000      nSHD=   1.2727      prec_c=   1.0000      change_adj_count=159      
2022-09-11 BST 17:47:23,394 - INFO -  epoch= 600      train_loss=18676.4622      val_loss=28030.7812      best=0      size=   5      nSHD_c=   1.0909      nSHD=   1.2727      prec_c=   1.0000      change_adj_count=183      
2022-09-11 BST 17:54:45,072 - INFO -  epoch= 700      train_loss=24466.1151      val_loss=24060.0605      best=0      size=   5      nSHD_c=   1.0909      nSHD=   1.2727      prec_c=   1.0000      change_adj_count=200      
2022-09-11 BST 18:02:05,593 - INFO -  epoch= 800      train_loss=23225.8369      val_loss=29499.1465      best=0      size=   4      nSHD_c=   1.1818      nSHD=   1.3636      prec_c=   1.0000      change_adj_count=226      
2022-09-11 BST 18:09:29,231 - INFO -  epoch= 900      train_loss=30481.3711      val_loss=26405.8730      best=0      size=   5      nSHD_c=   1.0909      nSHD=   1.2727      prec_c=   1.0000      change_adj_count=237      
2022-09-11 BST 18:16:56,666 - INFO -  epoch=1000      train_loss=18760.1829      val_loss=28219.6465      best=0      size=   4      nSHD_c=   1.1818      nSHD=   1.3636      prec_c=   1.0000      change_adj_count=255      
2022-09-11 BST 18:16:56,668 - INFO - Last epoch results saved in sachs_dag_training_lambda_0,1,_2.csv
2022-09-11 BST 18:16:56,668 - INFO - 

DAG 3: size_true=17	X.var()=43694.6783
2022-09-11 BST 18:17:02,705 - INFO -  epoch=   1      train_loss=34310.6994      val_loss=33733.4141      best=1      size=  46      nSHD_c=   4.1818      nSHD=   3.8182      prec_c=   0.0435      change_adj_count=0      
2022-09-11 BST 18:17:08,741 - INFO -  epoch=   2      train_loss=35412.3222      val_loss=26117.6719      best=1      size=  35      nSHD_c=   3.5455      nSHD=   3.0909      prec_c=   0.0000      change_adj_count=1      
2022-09-11 BST 18:17:20,466 - INFO -  epoch=   4      train_loss=72159.2599      val_loss=22738.4746      best=1      size=  32      nSHD_c=   3.1818      nSHD=   2.7273      prec_c=   0.0312      change_adj_count=3      
2022-09-11 BST 18:17:43,708 - INFO -  epoch=   8      train_loss=35113.4544      val_loss=20646.3184      best=1      size=  23      nSHD_c=   2.2727      nSHD=   1.9091      prec_c=   0.0870      change_adj_count=7      
2022-09-11 BST 18:18:06,819 - INFO -  epoch=  12      train_loss=28877.3818      val_loss=18682.5371      best=1      size=  19      nSHD_c=   2.0000      nSHD=   1.7273      prec_c=   0.1579      change_adj_count=11      
2022-09-11 BST 18:18:18,280 - INFO -  epoch=  14      train_loss=36330.1284      val_loss=14131.2217      best=1      size=  18      nSHD_c=   2.2727      nSHD=   1.9091      prec_c=   0.0556      change_adj_count=13      
2022-09-11 BST 18:23:10,185 - INFO -  epoch=  68      train_loss=49868.3610      val_loss=14099.1250      best=1      size=  11      nSHD_c=   1.6364      nSHD=   1.5455      prec_c=   0.2727      change_adj_count=41      
2022-09-11 BST 18:25:49,304 - INFO -  epoch= 100      train_loss=28833.9484      val_loss=18656.9414      best=0      size=   5      nSHD_c=   1.4545      nSHD=   1.5455      prec_c=   0.4000      change_adj_count=55      
2022-09-11 BST 18:33:37,554 - INFO -  epoch= 200      train_loss=21404.5590      val_loss=26766.2305      best=0      size=   4      nSHD_c=   1.3636      nSHD=   1.5455      prec_c=   0.7500      change_adj_count=75      
2022-09-11 BST 18:41:06,172 - INFO -  epoch= 300      train_loss=28020.0629      val_loss=24603.1348      best=0      size=   4      nSHD_c=   1.1818      nSHD=   1.3636      prec_c=   1.0000      change_adj_count=99      
2022-09-11 BST 18:48:29,342 - INFO -  epoch= 400      train_loss=26052.7959      val_loss=24593.1094      best=0      size=   4      nSHD_c=   1.1818      nSHD=   1.3636      prec_c=   1.0000      change_adj_count=122      
2022-09-11 BST 18:55:51,766 - INFO -  epoch= 500      train_loss=26673.5847      val_loss=27530.3594      best=0      size=   5      nSHD_c=   1.0909      nSHD=   1.2727      prec_c=   1.0000      change_adj_count=148      
2022-09-11 BST 19:03:14,026 - INFO -  epoch= 600      train_loss=20990.6178      val_loss=22453.6582      best=0      size=   5      nSHD_c=   1.0909      nSHD=   1.2727      prec_c=   1.0000      change_adj_count=177      
2022-09-11 BST 19:10:35,168 - INFO -  epoch= 700      train_loss=18056.4154      val_loss=25167.2715      best=0      size=   5      nSHD_c=   1.2727      nSHD=   1.3636      prec_c=   0.6000      change_adj_count=198      
2022-09-11 BST 19:17:56,478 - INFO -  epoch= 800      train_loss=19109.5659      val_loss=28007.5039      best=0      size=   5      nSHD_c=   1.0909      nSHD=   1.2727      prec_c=   1.0000      change_adj_count=212      
2022-09-11 BST 19:25:19,867 - INFO -  epoch= 900      train_loss=30263.9533      val_loss=32217.3242      best=0      size=   5      nSHD_c=   1.0909      nSHD=   1.2727      prec_c=   1.0000      change_adj_count=230      
2022-09-11 BST 19:32:45,590 - INFO -  epoch=1000      train_loss=18850.1759      val_loss=28078.6660      best=0      size=   4      nSHD_c=   1.1818      nSHD=   1.3636      prec_c=   1.0000      change_adj_count=259      
2022-09-11 BST 19:32:45,591 - INFO - Last epoch results saved in sachs_dag_training_lambda_0,1,_2.csv
2022-09-11 BST 19:32:45,592 - INFO - 

DAG 4: size_true=17	X.var()=43694.6783
2022-09-11 BST 19:32:51,486 - INFO -  epoch=   1      train_loss=35664.3066      val_loss=25420.3027      best=1      size=  39      nSHD_c=   3.7273      nSHD=   3.2727      prec_c=   0.0256      change_adj_count=0      
2022-09-11 BST 19:33:03,144 - INFO -  epoch=   3      train_loss=108833.4787      val_loss=23589.9707      best=1      size=  28      nSHD_c=   2.7273      nSHD=   2.2727      prec_c=   0.0357      change_adj_count=2      
2022-09-11 BST 19:33:14,760 - INFO -  epoch=   5      train_loss=30739.7580      val_loss=22019.4297      best=1      size=  26      nSHD_c=   2.1818      nSHD=   2.0909      prec_c=   0.1923      change_adj_count=4      
2022-09-11 BST 19:33:26,346 - INFO -  epoch=   7      train_loss=36627.8575      val_loss=16082.6279      best=1      size=  24      nSHD_c=   2.1818      nSHD=   2.0000      prec_c=   0.1250      change_adj_count=6      
2022-09-11 BST 19:40:44,244 - INFO -  epoch=  90      train_loss=54587.7041      val_loss=15012.6982      best=1      size=   6      nSHD_c=   1.1818      nSHD=   1.3636      prec_c=   0.6667      change_adj_count=67      
2022-09-11 BST 19:41:33,221 - INFO -  epoch= 100      train_loss=40811.4468      val_loss=36317.8633      best=0      size=   4      nSHD_c=   1.3636      nSHD=   1.4545      prec_c=   0.5000      change_adj_count=71      
2022-09-11 BST 19:49:27,332 - INFO -  epoch= 200      train_loss=22770.5593      val_loss=27752.6406      best=0      size=   3      nSHD_c=   1.2727      nSHD=   1.4545      prec_c=   1.0000      change_adj_count=102      
2022-09-11 BST 19:56:54,964 - INFO -  epoch= 300      train_loss=24011.0293      val_loss=31330.5352      best=0      size=   4      nSHD_c=   1.1818      nSHD=   1.3636      prec_c=   1.0000      change_adj_count=134      
2022-09-11 BST 20:01:12,624 - INFO -  epoch= 358      train_loss=31117.5073      val_loss=13996.4365      best=1      size=   5      nSHD_c=   1.2727      nSHD=   1.3636      prec_c=   0.6000      change_adj_count=164      
2022-09-11 BST 20:04:19,580 - INFO -  epoch= 400      train_loss=30443.4425      val_loss=22167.8848      best=0      size=   5      nSHD_c=   1.0909      nSHD=   1.2727      prec_c=   1.0000      change_adj_count=176      
2022-09-11 BST 20:11:42,665 - INFO -  epoch= 500      train_loss=27342.6688      val_loss=21530.9004      best=0      size=   5      nSHD_c=   1.0909      nSHD=   1.2727      prec_c=   1.0000      change_adj_count=199      
2022-09-11 BST 20:19:07,292 - INFO -  epoch= 600      train_loss=32203.3800      val_loss=23661.4551      best=0      size=   5      nSHD_c=   1.0909      nSHD=   1.2727      prec_c=   1.0000      change_adj_count=233      
2022-09-11 BST 20:26:32,603 - INFO -  epoch= 700      train_loss=25854.7796      val_loss=24788.5352      best=0      size=   5      nSHD_c=   1.0909      nSHD=   1.2727      prec_c=   1.0000      change_adj_count=250      
2022-09-11 BST 20:33:56,750 - INFO -  epoch= 800      train_loss=25687.5767      val_loss=29481.8418      best=0      size=   4      nSHD_c=   1.1818      nSHD=   1.3636      prec_c=   1.0000      change_adj_count=274      
2022-09-11 BST 20:41:21,692 - INFO -  epoch= 900      train_loss=20505.9188      val_loss=29757.9746      best=0      size=   5      nSHD_c=   1.2727      nSHD=   1.3636      prec_c=   0.6000      change_adj_count=292      
2022-09-11 BST 20:48:43,514 - INFO -  epoch=1000      train_loss=19196.9260      val_loss=27385.7500      best=0      size=   6      nSHD_c=   1.1818      nSHD=   1.2727      prec_c=   0.6667      change_adj_count=324      
2022-09-11 BST 20:48:43,516 - INFO - Last epoch results saved in sachs_dag_training_lambda_0,1,_2.csv
2022-09-11 BST 20:48:43,516 - INFO - 

DAG 5: size_true=17	X.var()=43694.6783
2022-09-11 BST 20:48:49,410 - INFO -  epoch=   1      train_loss=32680.9575      val_loss=32518.9668      best=1      size=  45      nSHD_c=   4.0909      nSHD=   3.7273      prec_c=   0.0222      change_adj_count=0      
2022-09-11 BST 20:48:55,259 - INFO -  epoch=   2      train_loss=52952.6587      val_loss=23361.5469      best=1      size=  35      nSHD_c=   3.0909      nSHD=   2.7273      prec_c=   0.0571      change_adj_count=1      
2022-09-11 BST 20:49:29,891 - INFO -  epoch=   8      train_loss=48683.4552      val_loss=14755.0771      best=1      size=  26      nSHD_c=   2.1818      nSHD=   2.0909      prec_c=   0.1923      change_adj_count=7      
2022-09-11 BST 20:50:55,588 - INFO -  epoch=  23      train_loss=34358.6129      val_loss=13981.7031      best=1      size=  12      nSHD_c=   1.4545      nSHD=   1.4545      prec_c=   0.3333      change_adj_count=22      
2022-09-11 BST 20:56:37,406 - INFO -  epoch=  88      train_loss=33906.4879      val_loss=13838.1514      best=1      size=   6      nSHD_c=   1.1818      nSHD=   1.2727      prec_c=   0.6667      change_adj_count=58      
2022-09-11 BST 20:57:37,040 - INFO -  epoch= 100      train_loss=24339.4350      val_loss=23072.8379      best=0      size=   5      nSHD_c=   1.2727      nSHD=   1.4545      prec_c=   0.8000      change_adj_count=68      
2022-09-11 BST 21:05:24,972 - INFO -  epoch= 200      train_loss=18728.9972      val_loss=26875.5801      best=0      size=   4      nSHD_c=   1.1818      nSHD=   1.3636      prec_c=   1.0000      change_adj_count=99      
2022-09-11 BST 21:12:53,516 - INFO -  epoch= 300      train_loss=24080.6444      val_loss=29536.6562      best=0      size=   4      nSHD_c=   1.1818      nSHD=   1.3636      prec_c=   1.0000      change_adj_count=126      
2022-09-11 BST 21:20:19,017 - INFO -  epoch= 400      train_loss=18909.5015      val_loss=28801.7051      best=0      size=   5      nSHD_c=   1.0909      nSHD=   1.2727      prec_c=   1.0000      change_adj_count=147      
2022-09-11 BST 21:27:45,272 - INFO -  epoch= 500      train_loss=21783.4082      val_loss=24674.0410      best=0      size=   5      nSHD_c=   1.0909      nSHD=   1.2727      prec_c=   1.0000      change_adj_count=164      
2022-09-11 BST 21:31:45,294 - INFO -  epoch= 554      train_loss=56369.5855      val_loss=12625.6338      best=1      size=   6      nSHD_c=   1.0000      nSHD=   1.2727      prec_c=   1.0000      change_adj_count=177      
2022-09-11 BST 21:35:12,268 - INFO -  epoch= 600      train_loss=21385.2092      val_loss=29372.6855      best=0      size=   5      nSHD_c=   1.0909      nSHD=   1.2727      prec_c=   1.0000      change_adj_count=192      
2022-09-11 BST 21:42:35,011 - INFO -  epoch= 700      train_loss=27319.2509      val_loss=28756.4102      best=0      size=   6      nSHD_c=   1.0000      nSHD=   1.1818      prec_c=   1.0000      change_adj_count=207      
2022-09-11 BST 21:49:57,162 - INFO -  epoch= 800      train_loss=25105.4672      val_loss=31907.0840      best=0      size=   5      nSHD_c=   1.0909      nSHD=   1.2727      prec_c=   1.0000      change_adj_count=226      
2022-09-11 BST 21:57:19,455 - INFO -  epoch= 900      train_loss=23629.8876      val_loss=27737.3750      best=0      size=   5      nSHD_c=   1.0909      nSHD=   1.2727      prec_c=   1.0000      change_adj_count=251      
2022-09-11 BST 22:04:39,476 - INFO -  epoch=1000      train_loss=32453.9904      val_loss=32055.5723      best=0      size=   5      nSHD_c=   1.0909      nSHD=   1.2727      prec_c=   1.0000      change_adj_count=271      
2022-09-11 BST 22:04:39,477 - INFO - Last epoch results saved in sachs_dag_training_lambda_0,1,_2.csv
2022-09-11 BST 22:04:39,478 - INFO - 

DAG 6: size_true=17	X.var()=43694.6783
2022-09-11 BST 22:04:45,320 - INFO -  epoch=   1      train_loss=29555.9834      val_loss=35481.8945      best=1      size=  47      nSHD_c=   3.9091      nSHD=   3.7273      prec_c=   0.1064      change_adj_count=0      
2022-09-11 BST 22:04:51,205 - INFO -  epoch=   2      train_loss=45926.9825      val_loss=22007.9180      best=1      size=  32      nSHD_c=   2.7273      nSHD=   2.3636      prec_c=   0.0938      change_adj_count=1      
2022-09-11 BST 22:05:14,601 - INFO -  epoch=   6      train_loss=42026.0128      val_loss=17503.6445      best=1      size=  29      nSHD_c=   2.8182      nSHD=   2.4545      prec_c=   0.0690      change_adj_count=5      
2022-09-11 BST 22:05:26,120 - INFO -  epoch=   8      train_loss=34858.6453      val_loss=17301.4082      best=1      size=  29      nSHD_c=   2.7273      nSHD=   2.4545      prec_c=   0.1034      change_adj_count=7      
2022-09-11 BST 22:06:17,400 - INFO -  epoch=  17      train_loss=57618.7804      val_loss=13668.9062      best=1      size=  23      nSHD_c=   2.1818      nSHD=   2.0000      prec_c=   0.1304      change_adj_count=15      
2022-09-11 BST 22:13:29,779 - INFO -  epoch= 100      train_loss=49346.0168      val_loss=20646.6191      best=0      size=   6      nSHD_c=   1.3636      nSHD=   1.5455      prec_c=   0.6667      change_adj_count=64      
2022-09-11 BST 22:21:15,496 - INFO -  epoch= 200      train_loss=21767.8129      val_loss=25821.3105      best=0      size=   6      nSHD_c=   1.3636      nSHD=   1.4545      prec_c=   0.5000      change_adj_count=104      
2022-09-11 BST 22:28:50,430 - INFO -  epoch= 300      train_loss=32109.0995      val_loss=31559.4922      best=0      size=   5      nSHD_c=   1.0909      nSHD=   1.2727      prec_c=   1.0000      change_adj_count=121      
2022-09-11 BST 22:36:17,784 - INFO -  epoch= 400      train_loss=25783.6064      val_loss=31622.1289      best=0      size=   5      nSHD_c=   1.0909      nSHD=   1.2727      prec_c=   1.0000      change_adj_count=133      
2022-09-11 BST 22:43:44,109 - INFO -  epoch= 500      train_loss=23189.8308      val_loss=28089.2773      best=0      size=   4      nSHD_c=   1.1818      nSHD=   1.3636      prec_c=   1.0000      change_adj_count=149      
2022-09-11 BST 22:51:06,840 - INFO -  epoch= 600      train_loss=24873.8591      val_loss=30169.5527      best=0      size=   5      nSHD_c=   1.0909      nSHD=   1.2727      prec_c=   1.0000      change_adj_count=166      
2022-09-11 BST 22:58:26,039 - INFO -  epoch= 700      train_loss=43388.4448      val_loss=25822.0840      best=0      size=   4      nSHD_c=   1.1818      nSHD=   1.3636      prec_c=   1.0000      change_adj_count=185      
2022-09-11 BST 23:05:46,343 - INFO -  epoch= 800      train_loss=22481.2890      val_loss=30555.5488      best=0      size=   5      nSHD_c=   1.0909      nSHD=   1.2727      prec_c=   1.0000      change_adj_count=198      
2022-09-11 BST 23:13:09,924 - INFO -  epoch= 900      train_loss=18607.5927      val_loss=26386.3281      best=0      size=   5      nSHD_c=   1.0909      nSHD=   1.2727      prec_c=   1.0000      change_adj_count=206      
2022-09-11 BST 23:20:32,136 - INFO -  epoch=1000      train_loss=33891.5386      val_loss=30745.1562      best=0      size=   4      nSHD_c=   1.1818      nSHD=   1.3636      prec_c=   1.0000      change_adj_count=218      
2022-09-11 BST 23:20:32,137 - INFO - Last epoch results saved in sachs_dag_training_lambda_0,1,_2.csv
2022-09-11 BST 23:20:32,137 - INFO - 

DAG 7: size_true=17	X.var()=43694.6783
2022-09-11 BST 23:20:37,966 - INFO -  epoch=   1      train_loss=35959.5091      val_loss=23507.0566      best=1      size=  47      nSHD_c=   4.2727      nSHD=   3.7273      prec_c=   0.0213      change_adj_count=0      
2022-09-11 BST 23:21:01,212 - INFO -  epoch=   5      train_loss=82264.9872      val_loss=20640.0469      best=1      size=  31      nSHD_c=   3.0909      nSHD=   2.6364      prec_c=   0.0323      change_adj_count=4      
2022-09-11 BST 23:21:12,784 - INFO -  epoch=   7      train_loss=59835.3170      val_loss=16761.7969      best=1      size=  30      nSHD_c=   2.8182      nSHD=   2.3636      prec_c=   0.0667      change_adj_count=6      
2022-09-11 BST 23:26:02,176 - INFO -  epoch=  60      train_loss=41595.3419      val_loss=15907.5498      best=1      size=   7      nSHD_c=   1.2727      nSHD=   1.3636      prec_c=   0.5714      change_adj_count=39      
2022-09-11 BST 23:29:24,996 - INFO -  epoch= 100      train_loss=22177.7741      val_loss=26384.5176      best=0      size=   6      nSHD_c=   1.1818      nSHD=   1.3636      prec_c=   0.8333      change_adj_count=52      
2022-09-11 BST 23:37:13,464 - INFO -  epoch= 200      train_loss=19864.3832      val_loss=26111.4219      best=0      size=   4      nSHD_c=   1.1818      nSHD=   1.3636      prec_c=   1.0000      change_adj_count=83      
2022-09-11 BST 23:44:41,214 - INFO -  epoch= 300      train_loss=24193.0057      val_loss=20473.3496      best=0      size=   5      nSHD_c=   1.0909      nSHD=   1.2727      prec_c=   1.0000      change_adj_count=94      
2022-09-11 BST 23:52:07,880 - INFO -  epoch= 400      train_loss=25438.3218      val_loss=40686.8906      best=0      size=   5      nSHD_c=   1.2727      nSHD=   1.3636      prec_c=   0.6000      change_adj_count=104      
2022-09-11 BST 23:59:32,492 - INFO -  epoch= 500      train_loss=23183.0164      val_loss=29785.9922      best=0      size=   6      nSHD_c=   1.1818      nSHD=   1.2727      prec_c=   0.6667      change_adj_count=126      
2022-09-12 BST 00:06:54,766 - INFO -  epoch= 600      train_loss=34793.4413      val_loss=20200.4863      best=0      size=   6      nSHD_c=   1.0000      nSHD=   1.1818      prec_c=   1.0000      change_adj_count=160      
2022-09-12 BST 00:14:13,815 - INFO -  epoch= 700      train_loss=28916.4913      val_loss=23559.7344      best=0      size=   4      nSHD_c=   1.1818      nSHD=   1.3636      prec_c=   1.0000      change_adj_count=193      
2022-09-12 BST 00:19:34,944 - INFO -  epoch= 773      train_loss=25274.2135      val_loss=15449.2656      best=1      size=   5      nSHD_c=   1.2727      nSHD=   1.3636      prec_c=   0.6000      change_adj_count=206      
2022-09-12 BST 00:19:43,611 - INFO -  epoch= 775      train_loss=62053.6145      val_loss=15237.1074      best=1      size=   5      nSHD_c=   1.2727      nSHD=   1.3636      prec_c=   0.6000      change_adj_count=206      
2022-09-12 BST 00:21:32,840 - INFO -  epoch= 800      train_loss=23249.5745      val_loss=23417.0879      best=0      size=   4      nSHD_c=   1.1818      nSHD=   1.3636      prec_c=   1.0000      change_adj_count=214      
2022-09-12 BST 00:28:55,090 - INFO -  epoch= 900      train_loss=24736.1097      val_loss=22582.5840      best=0      size=   4      nSHD_c=   1.1818      nSHD=   1.3636      prec_c=   1.0000      change_adj_count=243      
2022-09-12 BST 00:30:20,441 - INFO -  epoch= 919      train_loss=56306.2944      val_loss=14536.6865      best=1      size=   5      nSHD_c=   1.2727      nSHD=   1.3636      prec_c=   0.6000      change_adj_count=247      
2022-09-12 BST 00:35:16,765 - INFO -  epoch= 986      train_loss=29362.1341      val_loss=13249.9248      best=1      size=   6      nSHD_c=   1.1818      nSHD=   1.2727      prec_c=   0.6667      change_adj_count=273      
2022-09-12 BST 00:36:18,021 - INFO -  epoch=1000      train_loss=26669.8277      val_loss=33174.8516      best=0      size=   6      nSHD_c=   1.0000      nSHD=   1.1818      prec_c=   1.0000      change_adj_count=278      
2022-09-12 BST 00:36:18,023 - INFO - Last epoch results saved in sachs_dag_training_lambda_0,1,_2.csv
2022-09-12 BST 00:36:18,023 - INFO - 

DAG 8: size_true=17	X.var()=43694.6783
2022-09-12 BST 00:36:23,857 - INFO -  epoch=   1      train_loss=29192.3164      val_loss=34272.1719      best=1      size=  50      nSHD_c=   4.0000      nSHD=   3.9091      prec_c=   0.1200      change_adj_count=0      
2022-09-12 BST 00:36:29,652 - INFO -  epoch=   2      train_loss=31716.3442      val_loss=24114.7227      best=1      size=  30      nSHD_c=   3.0000      nSHD=   2.4545      prec_c=   0.0000      change_adj_count=1      
2022-09-12 BST 00:36:41,212 - INFO -  epoch=   4      train_loss=46741.6385      val_loss=19024.8438      best=1      size=  25      nSHD_c=   2.6364      nSHD=   2.1818      prec_c=   0.0000      change_adj_count=3      
2022-09-12 BST 00:36:52,734 - INFO -  epoch=   6      train_loss=39167.9613      val_loss=16023.9482      best=1      size=  23      nSHD_c=   2.3636      nSHD=   2.0000      prec_c=   0.0435      change_adj_count=5      
2022-09-12 BST 00:39:47,967 - INFO -  epoch=  37      train_loss=47231.1687      val_loss=14007.1924      best=1      size=  10      nSHD_c=   1.1818      nSHD=   1.3636      prec_c=   0.6000      change_adj_count=28      
2022-09-12 BST 00:45:14,330 - INFO -  epoch= 100      train_loss=35323.2406      val_loss=23196.1094      best=0      size=   4      nSHD_c=   1.3636      nSHD=   1.5455      prec_c=   0.7500      change_adj_count=54      
2022-09-12 BST 00:52:59,964 - INFO -  epoch= 200      train_loss=21299.0752      val_loss=25893.1367      best=0      size=   4      nSHD_c=   1.1818      nSHD=   1.3636      prec_c=   1.0000      change_adj_count=81      
2022-09-12 BST 01:00:29,383 - INFO -  epoch= 300      train_loss=19156.2194      val_loss=27613.1484      best=0      size=   5      nSHD_c=   1.0909      nSHD=   1.2727      prec_c=   1.0000      change_adj_count=96      
2022-09-12 BST 01:07:52,864 - INFO -  epoch= 400      train_loss=18545.1960      val_loss=25614.7090      best=0      size=   5      nSHD_c=   1.0909      nSHD=   1.2727      prec_c=   1.0000      change_adj_count=110      
2022-09-12 BST 01:15:18,155 - INFO -  epoch= 500      train_loss=20842.3392      val_loss=27499.6211      best=0      size=   4      nSHD_c=   1.1818      nSHD=   1.3636      prec_c=   1.0000      change_adj_count=136      
2022-09-12 BST 01:22:37,755 - INFO -  epoch= 600      train_loss=25334.1866      val_loss=25391.7129      best=0      size=   4      nSHD_c=   1.1818      nSHD=   1.3636      prec_c=   1.0000      change_adj_count=175      
2022-09-12 BST 01:29:54,597 - INFO -  epoch= 700      train_loss=26842.4486      val_loss=30968.8555      best=0      size=   5      nSHD_c=   1.0909      nSHD=   1.2727      prec_c=   1.0000      change_adj_count=188      
2022-09-12 BST 01:37:13,368 - INFO -  epoch= 800      train_loss=25759.6633      val_loss=19608.1719      best=0      size=   5      nSHD_c=   1.0909      nSHD=   1.2727      prec_c=   1.0000      change_adj_count=214      
2022-09-12 BST 01:44:36,063 - INFO -  epoch= 900      train_loss=21014.4249      val_loss=26653.8730      best=0      size=   6      nSHD_c=   1.0000      nSHD=   1.2727      prec_c=   1.0000      change_adj_count=236      
2022-09-12 BST 01:52:02,213 - INFO -  epoch=1000      train_loss=32749.1163      val_loss=32337.8398      best=0      size=   6      nSHD_c=   1.0000      nSHD=   1.1818      prec_c=   1.0000      change_adj_count=257      
2022-09-12 BST 01:52:02,215 - INFO - Last epoch results saved in sachs_dag_training_lambda_0,1,_2.csv
2022-09-12 BST 01:52:02,215 - INFO - 

DAG 9: size_true=17	X.var()=43694.6783
2022-09-12 BST 01:52:08,451 - INFO -  epoch=   1      train_loss=30783.8935      val_loss=36529.7227      best=1      size=  49      nSHD_c=   4.2727      nSHD=   4.0000      prec_c=   0.0612      change_adj_count=0      
2022-09-12 BST 01:52:14,339 - INFO -  epoch=   2      train_loss=23582.8355      val_loss=24478.4062      best=1      size=  37      nSHD_c=   3.1818      nSHD=   3.0000      prec_c=   0.1081      change_adj_count=1      
2022-09-12 BST 01:52:31,867 - INFO -  epoch=   5      train_loss=65282.6835      val_loss=21558.3809      best=1      size=  25      nSHD_c=   2.4545      nSHD=   2.0909      prec_c=   0.0800      change_adj_count=4      
2022-09-12 BST 01:52:43,605 - INFO -  epoch=   7      train_loss=32112.9680      val_loss=14984.8545      best=1      size=  24      nSHD_c=   2.3636      nSHD=   2.0000      prec_c=   0.0833      change_adj_count=6      
2022-09-12 BST 01:55:21,435 - INFO -  epoch=  35      train_loss=35918.7100      val_loss=14815.2861      best=1      size=  12      nSHD_c=   1.6364      nSHD=   1.5455      prec_c=   0.2500      change_adj_count=29      
2022-09-12 BST 01:56:31,076 - INFO -  epoch=  48      train_loss=43165.9188      val_loss=12441.8926      best=1      size=  12      nSHD_c=   1.6364      nSHD=   1.5455      prec_c=   0.2500      change_adj_count=34      
2022-09-12 BST 02:00:53,581 - INFO -  epoch= 100      train_loss=23096.2322      val_loss=30262.9805      best=0      size=   8      nSHD_c=   1.5455      nSHD=   1.6364      prec_c=   0.3750      change_adj_count=59      
2022-09-12 BST 02:08:46,965 - INFO -  epoch= 200      train_loss=32079.9137      val_loss=33993.3438      best=0      size=   5      nSHD_c=   1.0909      nSHD=   1.2727      prec_c=   1.0000      change_adj_count=104      
2022-09-12 BST 02:16:22,365 - INFO -  epoch= 300      train_loss=19504.7675      val_loss=25294.8789      best=0      size=   6      nSHD_c=   1.0000      nSHD=   1.2727      prec_c=   1.0000      change_adj_count=131      
2022-09-12 BST 02:23:52,264 - INFO -  epoch= 400      train_loss=25017.4721      val_loss=30640.1348      best=0      size=   5      nSHD_c=   1.2727      nSHD=   1.3636      prec_c=   0.6000      change_adj_count=158      
2022-09-12 BST 02:31:14,589 - INFO -  epoch= 500      train_loss=21829.5987      val_loss=29978.7422      best=0      size=   5      nSHD_c=   1.0909      nSHD=   1.2727      prec_c=   1.0000      change_adj_count=181      
2022-09-12 BST 02:38:35,728 - INFO -  epoch= 600      train_loss=25826.7081      val_loss=28545.6719      best=0      size=   6      nSHD_c=   1.0000      nSHD=   1.1818      prec_c=   1.0000      change_adj_count=213      
2022-09-12 BST 02:45:57,624 - INFO -  epoch= 700      train_loss=25945.0468      val_loss=29694.9922      best=0      size=   5      nSHD_c=   1.0909      nSHD=   1.2727      prec_c=   1.0000      change_adj_count=239      
2022-09-12 BST 02:53:16,908 - INFO -  epoch= 800      train_loss=34858.7053      val_loss=28403.4688      best=0      size=   5      nSHD_c=   1.0909      nSHD=   1.2727      prec_c=   1.0000      change_adj_count=268      
2022-09-12 BST 03:00:39,643 - INFO -  epoch= 900      train_loss=21588.5203      val_loss=32791.0195      best=0      size=   6      nSHD_c=   1.0000      nSHD=   1.2727      prec_c=   1.0000      change_adj_count=287      
2022-09-12 BST 03:08:06,616 - INFO -  epoch=1000      train_loss=46704.9032      val_loss=23309.4492      best=0      size=   5      nSHD_c=   1.0909      nSHD=   1.2727      prec_c=   1.0000      change_adj_count=313      
2022-09-12 BST 03:08:06,617 - INFO - Last epoch results saved in sachs_dag_training_lambda_0,1,_2.csv
2022-09-12 BST 03:08:06,618 - INFO - 

DAG 10: size_true=17	X.var()=43694.6783
2022-09-12 BST 03:08:12,565 - INFO -  epoch=   1      train_loss=25362.4600      val_loss=23761.2246      best=1      size=  33      nSHD_c=   2.8182      nSHD=   2.2727      prec_c=   0.0909      change_adj_count=0      
2022-09-12 BST 03:08:18,472 - INFO -  epoch=   2      train_loss=30183.8880      val_loss=22702.1094      best=1      size=  28      nSHD_c=   2.7273      nSHD=   2.3636      prec_c=   0.0714      change_adj_count=1      
2022-09-12 BST 03:08:36,072 - INFO -  epoch=   5      train_loss=63496.7355      val_loss=14383.9951      best=1      size=  29      nSHD_c=   2.6364      nSHD=   2.1818      prec_c=   0.0690      change_adj_count=4      
2022-09-12 BST 03:17:04,380 - INFO -  epoch= 100      train_loss=28266.8181      val_loss=27468.9434      best=0      size=   3      nSHD_c=   1.2727      nSHD=   1.4545      prec_c=   1.0000      change_adj_count=63      
2022-09-12 BST 03:24:54,264 - INFO -  epoch= 200      train_loss=29818.1607      val_loss=32498.1152      best=0      size=   5      nSHD_c=   1.0909      nSHD=   1.2727      prec_c=   1.0000      change_adj_count=96      
2022-09-12 BST 03:32:22,620 - INFO -  epoch= 300      train_loss=20981.1892      val_loss=28651.1973      best=0      size=   6      nSHD_c=   1.0000      nSHD=   1.2727      prec_c=   1.0000      change_adj_count=111      
2022-09-12 BST 03:39:46,478 - INFO -  epoch= 400      train_loss=24778.6760      val_loss=25272.8789      best=0      size=   5      nSHD_c=   1.0909      nSHD=   1.2727      prec_c=   1.0000      change_adj_count=136      
2022-09-12 BST 03:47:11,696 - INFO -  epoch= 500      train_loss=39073.7813      val_loss=24448.6250      best=0      size=   5      nSHD_c=   1.0909      nSHD=   1.2727      prec_c=   1.0000      change_adj_count=157      
2022-09-12 BST 03:54:36,266 - INFO -  epoch= 600      train_loss=30612.1711      val_loss=38338.8867      best=0      size=   6      nSHD_c=   1.0000      nSHD=   1.2727      prec_c=   1.0000      change_adj_count=170      
2022-09-12 BST 04:02:01,217 - INFO -  epoch= 700      train_loss=37507.4805      val_loss=39828.0312      best=0      size=   4      nSHD_c=   1.1818      nSHD=   1.3636      prec_c=   1.0000      change_adj_count=187      
2022-09-12 BST 04:09:21,194 - INFO -  epoch= 800      train_loss=44091.9357      val_loss=22179.7090      best=0      size=   5      nSHD_c=   1.0909      nSHD=   1.2727      prec_c=   1.0000      change_adj_count=204      
2022-09-12 BST 04:16:45,650 - INFO -  epoch= 900      train_loss=18265.7302      val_loss=25420.0039      best=0      size=   4      nSHD_c=   1.1818      nSHD=   1.3636      prec_c=   1.0000      change_adj_count=219      
2022-09-12 BST 04:17:16,909 - INFO -  epoch= 907      train_loss=62433.9202      val_loss=14086.3574      best=1      size=   5      nSHD_c=   1.2727      nSHD=   1.3636      prec_c=   0.6000      change_adj_count=222      
2022-09-12 BST 04:24:12,964 - INFO -  epoch=1000      train_loss=21418.7113      val_loss=27524.2988      best=0      size=   5      nSHD_c=   1.0909      nSHD=   1.2727      prec_c=   1.0000      change_adj_count=244      
2022-09-12 BST 04:24:12,966 - INFO - Last epoch results saved in sachs_dag_training_lambda_0,1,_2.csv
2022-09-12 BST 04:24:12,966 - INFO - 

DAG 11: size_true=17	X.var()=43694.6783
2022-09-12 BST 04:24:19,106 - INFO -  epoch=   1      train_loss=25619.1753      val_loss=25614.2734      best=1      size=  32      nSHD_c=   3.0909      nSHD=   2.5455      prec_c=   0.0312      change_adj_count=0      
2022-09-12 BST 04:24:25,213 - INFO -  epoch=   2      train_loss=31563.1655      val_loss=23886.8066      best=1      size=  32      nSHD_c=   3.0909      nSHD=   2.5455      prec_c=   0.0312      change_adj_count=1      
2022-09-12 BST 04:24:49,351 - INFO -  epoch=   6      train_loss=65020.2095      val_loss=16650.8281      best=1      size=  28      nSHD_c=   2.7273      nSHD=   2.2727      prec_c=   0.0357      change_adj_count=5      
2022-09-12 BST 04:27:59,014 - INFO -  epoch=  39      train_loss=32408.0004      val_loss=15522.2578      best=1      size=  12      nSHD_c=   1.4545      nSHD=   1.3636      prec_c=   0.3333      change_adj_count=30      
2022-09-12 BST 04:29:42,154 - INFO -  epoch=  58      train_loss=48449.2639      val_loss=14614.9551      best=1      size=  10      nSHD_c=   1.5455      nSHD=   1.4545      prec_c=   0.3000      change_adj_count=34      
2022-09-12 BST 04:33:20,133 - INFO -  epoch= 100      train_loss=41471.5701      val_loss=33584.9570      best=0      size=   6      nSHD_c=   1.1818      nSHD=   1.3636      prec_c=   0.8333      change_adj_count=52      
2022-09-12 BST 04:41:09,085 - INFO -  epoch= 200      train_loss=27065.0969      val_loss=22746.8770      best=0      size=   7      nSHD_c=   1.0909      nSHD=   1.2727      prec_c=   0.8571      change_adj_count=70      
2022-09-12 BST 04:48:46,776 - INFO -  epoch= 300      train_loss=18336.0038      val_loss=27231.3223      best=0      size=   5      nSHD_c=   1.0909      nSHD=   1.2727      prec_c=   1.0000      change_adj_count=111      
2022-09-12 BST 04:56:14,587 - INFO -  epoch= 400      train_loss=27788.6305      val_loss=25503.2051      best=0      size=   4      nSHD_c=   1.1818      nSHD=   1.3636      prec_c=   1.0000      change_adj_count=129      
2022-09-12 BST 05:03:37,825 - INFO -  epoch= 500      train_loss=27943.1223      val_loss=27750.5840      best=0      size=   5      nSHD_c=   1.0909      nSHD=   1.2727      prec_c=   1.0000      change_adj_count=162      
2022-09-12 BST 05:11:00,919 - INFO -  epoch= 600      train_loss=20622.7946      val_loss=22847.1719      best=0      size=   6      nSHD_c=   1.0000      nSHD=   1.2727      prec_c=   1.0000      change_adj_count=185      
2022-09-12 BST 05:18:23,638 - INFO -  epoch= 700      train_loss=19457.1191      val_loss=24172.1875      best=0      size=   4      nSHD_c=   1.1818      nSHD=   1.3636      prec_c=   1.0000      change_adj_count=209      
2022-09-12 BST 05:25:45,195 - INFO -  epoch= 800      train_loss=38680.4934      val_loss=20065.2695      best=0      size=   4      nSHD_c=   1.1818      nSHD=   1.3636      prec_c=   1.0000      change_adj_count=223      
2022-09-12 BST 05:33:09,989 - INFO -  epoch= 900      train_loss=22436.4986      val_loss=23336.2969      best=0      size=   5      nSHD_c=   1.0909      nSHD=   1.2727      prec_c=   1.0000      change_adj_count=245      
2022-09-12 BST 05:33:45,363 - INFO -  epoch= 908      train_loss=34959.5515      val_loss=13373.0234      best=1      size=   6      nSHD_c=   1.0000      nSHD=   1.2727      prec_c=   1.0000      change_adj_count=246      
2022-09-12 BST 05:40:28,803 - INFO -  epoch=1000      train_loss=23472.2069      val_loss=26196.1367      best=0      size=   4      nSHD_c=   1.1818      nSHD=   1.3636      prec_c=   1.0000      change_adj_count=260      
2022-09-12 BST 05:40:28,804 - INFO - Last epoch results saved in sachs_dag_training_lambda_0,1,_2.csv
2022-09-12 BST 05:40:28,804 - INFO - 

DAG 12: size_true=17	X.var()=43694.6783
2022-09-12 BST 05:40:34,696 - INFO -  epoch=   1      train_loss=25221.9483      val_loss=26702.8418      best=1      size=  32      nSHD_c=   3.0909      nSHD=   2.8182      prec_c=   0.0625      change_adj_count=0      
2022-09-12 BST 05:40:46,310 - INFO -  epoch=   3      train_loss=38967.5546      val_loss=20620.1484      best=1      size=  29      nSHD_c=   2.9091      nSHD=   2.3636      prec_c=   0.0000      change_adj_count=2      
2022-09-12 BST 05:41:21,051 - INFO -  epoch=   9      train_loss=33970.7214      val_loss=18899.9941      best=1      size=  24      nSHD_c=   2.1818      nSHD=   1.8182      prec_c=   0.1250      change_adj_count=8      
2022-09-12 BST 05:41:32,471 - INFO -  epoch=  11      train_loss=69445.5800      val_loss=16590.6504      best=1      size=  23      nSHD_c=   2.0000      nSHD=   1.6364      prec_c=   0.1739      change_adj_count=10      
2022-09-12 BST 05:43:39,057 - INFO -  epoch=  33      train_loss=55883.1389      val_loss=16191.4531      best=1      size=  11      nSHD_c=   1.5455      nSHD=   1.2727      prec_c=   0.1818      change_adj_count=29      
2022-09-12 BST 05:49:22,613 - INFO -  epoch= 100      train_loss=23760.9120      val_loss=23389.5176      best=0      size=   7      nSHD_c=   1.2727      nSHD=   1.3636      prec_c=   0.5714      change_adj_count=54      
2022-09-12 BST 05:50:10,608 - INFO -  epoch= 110      train_loss=26069.5870      val_loss=15681.9453      best=1      size=   7      nSHD_c=   1.2727      nSHD=   1.3636      prec_c=   0.5714      change_adj_count=58      
2022-09-12 BST 05:57:08,844 - INFO -  epoch= 200      train_loss=39452.2990      val_loss=27445.8125      best=0      size=   4      nSHD_c=   1.1818      nSHD=   1.3636      prec_c=   1.0000      change_adj_count=85      
2022-09-12 BST 06:04:37,299 - INFO -  epoch= 300      train_loss=22588.9101      val_loss=31046.1973      best=0      size=   5      nSHD_c=   1.0909      nSHD=   1.2727      prec_c=   1.0000      change_adj_count=103      
2022-09-12 BST 06:07:55,252 - INFO -  epoch= 344      train_loss=39838.7180      val_loss=15517.0469      best=1      size=   5      nSHD_c=   1.2727      nSHD=   1.3636      prec_c=   0.6000      change_adj_count=115      
2022-09-12 BST 06:12:03,025 - INFO -  epoch= 400      train_loss=18813.4611      val_loss=24993.3242      best=0      size=   4      nSHD_c=   1.1818      nSHD=   1.3636      prec_c=   1.0000      change_adj_count=128      
2022-09-12 BST 06:19:26,591 - INFO -  epoch= 500      train_loss=20939.0531      val_loss=23142.8496      best=0      size=   6      nSHD_c=   1.0000      nSHD=   1.2727      prec_c=   1.0000      change_adj_count=144      
2022-09-12 BST 06:26:49,021 - INFO -  epoch= 600      train_loss=27081.7565      val_loss=33051.8320      best=0      size=   5      nSHD_c=   1.0909      nSHD=   1.2727      prec_c=   1.0000      change_adj_count=157      
2022-09-12 BST 06:29:20,157 - INFO -  epoch= 634      train_loss=35367.9027      val_loss=14488.5938      best=1      size=   6      nSHD_c=   1.0000      nSHD=   1.2727      prec_c=   1.0000      change_adj_count=170      
2022-09-12 BST 06:34:11,197 - INFO -  epoch= 700      train_loss=20967.4912      val_loss=25416.5625      best=0      size=   4      nSHD_c=   1.1818      nSHD=   1.3636      prec_c=   1.0000      change_adj_count=187      
2022-09-12 BST 06:41:32,267 - INFO -  epoch= 800      train_loss=25432.3136      val_loss=21727.3848      best=0      size=   5      nSHD_c=   1.0909      nSHD=   1.2727      prec_c=   1.0000      change_adj_count=206      
2022-09-12 BST 06:46:10,401 - INFO -  epoch= 863      train_loss=42053.9044      val_loss=13751.5674      best=1      size=   6      nSHD_c=   1.0000      nSHD=   1.2727      prec_c=   1.0000      change_adj_count=215      
2022-09-12 BST 06:48:54,091 - INFO -  epoch= 900      train_loss=23695.2117      val_loss=27279.5977      best=0      size=   5      nSHD_c=   1.0909      nSHD=   1.2727      prec_c=   1.0000      change_adj_count=222      
2022-09-12 BST 06:56:12,711 - INFO -  epoch=1000      train_loss=23724.2871      val_loss=23034.0859      best=0      size=   4      nSHD_c=   1.1818      nSHD=   1.3636      prec_c=   1.0000      change_adj_count=237      
2022-09-12 BST 06:56:12,712 - INFO - Last epoch results saved in sachs_dag_training_lambda_0,1,_2.csv
2022-09-12 BST 06:56:12,712 - INFO - 

DAG 13: size_true=17	X.var()=43694.6783
2022-09-12 BST 06:56:18,579 - INFO -  epoch=   1      train_loss=22531.1105      val_loss=18736.2559      best=1      size=  40      nSHD_c=   4.0000      nSHD=   3.5455      prec_c=   0.0000      change_adj_count=0      
2022-09-12 BST 06:57:28,105 - INFO -  epoch=  13      train_loss=63048.6054      val_loss=15069.8330      best=1      size=  24      nSHD_c=   2.0909      nSHD=   1.8182      prec_c=   0.1667      change_adj_count=11      
2022-09-12 BST 07:05:01,340 - INFO -  epoch= 100      train_loss=15833.6128      val_loss=23434.6348      best=0      size=   5      nSHD_c=   1.2727      nSHD=   1.4545      prec_c=   0.8000      change_adj_count=59      
2022-09-12 BST 07:12:48,161 - INFO -  epoch= 200      train_loss=21177.5292      val_loss=25296.2227      best=0      size=   5      nSHD_c=   1.2727      nSHD=   1.3636      prec_c=   0.6000      change_adj_count=99      
2022-09-12 BST 07:20:16,314 - INFO -  epoch= 300      train_loss=30760.6270      val_loss=23622.4434      best=0      size=   6      nSHD_c=   1.0000      nSHD=   1.1818      prec_c=   1.0000      change_adj_count=129      
2022-09-12 BST 07:27:45,685 - INFO -  epoch= 400      train_loss=28184.4883      val_loss=35885.0078      best=0      size=   5      nSHD_c=   1.2727      nSHD=   1.3636      prec_c=   0.6000      change_adj_count=147      
2022-09-12 BST 07:35:13,390 - INFO -  epoch= 500      train_loss=19520.8419      val_loss=26782.1035      best=0      size=   4      nSHD_c=   1.1818      nSHD=   1.3636      prec_c=   1.0000      change_adj_count=166      
2022-09-12 BST 07:42:39,652 - INFO -  epoch= 600      train_loss=25041.6764      val_loss=26267.0312      best=0      size=   4      nSHD_c=   1.1818      nSHD=   1.3636      prec_c=   1.0000      change_adj_count=180      
2022-09-12 BST 07:49:57,324 - INFO -  epoch= 700      train_loss=29700.2859      val_loss=28848.5098      best=0      size=   4      nSHD_c=   1.1818      nSHD=   1.3636      prec_c=   1.0000      change_adj_count=196      
2022-09-12 BST 07:57:15,555 - INFO -  epoch= 800      train_loss=20286.2252      val_loss=21736.0469      best=0      size=   6      nSHD_c=   1.0000      nSHD=   1.2727      prec_c=   1.0000      change_adj_count=225      
2022-09-12 BST 08:04:33,912 - INFO -  epoch= 900      train_loss=23045.0597      val_loss=26772.8809      best=0      size=   5      nSHD_c=   1.0909      nSHD=   1.2727      prec_c=   1.0000      change_adj_count=242      
2022-09-12 BST 08:09:47,944 - INFO -  epoch= 971      train_loss=52290.1727      val_loss=15015.5762      best=1      size=   5      nSHD_c=   1.2727      nSHD=   1.3636      prec_c=   0.6000      change_adj_count=256      
2022-09-12 BST 08:11:55,874 - INFO -  epoch=1000      train_loss=40227.9520      val_loss=24676.8340      best=0      size=   5      nSHD_c=   1.0909      nSHD=   1.2727      prec_c=   1.0000      change_adj_count=267      
2022-09-12 BST 08:11:55,876 - INFO - Last epoch results saved in sachs_dag_training_lambda_0,1,_2.csv
2022-09-12 BST 08:11:55,876 - INFO - 

DAG 14: size_true=17	X.var()=43694.6783
2022-09-12 BST 08:12:01,824 - INFO -  epoch=   1      train_loss=24159.7043      val_loss=36744.7734      best=1      size=  48      nSHD_c=   4.2727      nSHD=   4.0000      prec_c=   0.0625      change_adj_count=0      
2022-09-12 BST 08:12:07,646 - INFO -  epoch=   2      train_loss=42852.7671      val_loss=15693.7998      best=1      size=  29      nSHD_c=   2.8182      nSHD=   2.2727      prec_c=   0.0345      change_adj_count=1      
2022-09-12 BST 08:20:43,663 - INFO -  epoch= 100      train_loss=41782.2862      val_loss=34343.9766      best=0      size=   6      nSHD_c=   1.3636      nSHD=   1.4545      prec_c=   0.5000      change_adj_count=70      
2022-09-12 BST 08:28:38,365 - INFO -  epoch= 200      train_loss=23557.1479      val_loss=24259.1973      best=0      size=   4      nSHD_c=   1.1818      nSHD=   1.3636      prec_c=   1.0000      change_adj_count=109      
