2022-08-29 BST 12:48:51,157 - INFO - 
Log for run 2022-08-29_BST_12:48:50,985_imle_l_66_ablation_005

2022-08-29 BST 12:48:51,157 - INFO - COMMENT = ''
2022-08-29 BST 12:48:51,157 - INFO - DATA_FOLDER = '../data'
2022-08-29 BST 12:48:51,158 - INFO - LATENTS_FOLDER = '../latents'
2022-08-29 BST 12:48:51,158 - INFO - LOGS_FOLDER = '../logs'
2022-08-29 BST 12:48:51,158 - INFO - MODEL_FOLDER = '../models'
2022-08-29 BST 12:48:51,158 - INFO - RESULTS_FOLDER = '../results'
2022-08-29 BST 12:48:51,158 - INFO - DEVICE = torch.device("cuda" if torch.cuda.is_available() else "cpu")  # Used: "cuda"
2022-08-29 BST 12:48:51,158 - INFO - LATENTS = False
2022-08-29 BST 12:48:51,158 - INFO - MATRIX_REPORT = False
2022-08-29 BST 12:48:51,158 - INFO - LABEL = True
2022-08-29 BST 12:48:51,158 - INFO - SAVE_TO_ODS = False
2022-08-29 BST 12:48:51,158 - INFO - VAL_LOSS_FROM_DAG = True
2022-08-29 BST 12:48:51,158 - INFO - WANDB = False
2022-08-29 BST 12:48:51,158 - INFO - WANDB_PROJECT = 'Thetas'
2022-08-29 BST 12:48:51,158 - INFO - GRAD_LOG = False
2022-08-29 BST 12:48:51,158 - INFO - SAVE_RESULTS = False
2022-08-29 BST 12:48:51,158 - INFO - N_TRIALS = 1
2022-08-29 BST 12:48:51,158 - INFO - OPTUNA_STRINGS = {'None': None, 'True': True, 'False': False}
2022-08-29 BST 12:48:51,158 - INFO - TQDM = False
2022-08-29 BST 12:48:51,158 - INFO - 
hyperparameters = {
2022-08-29 BST 12:48:51,158 - INFO - 	'GRAPH_TYPE': 'ER2',
2022-08-29 BST 12:48:51,158 - INFO - 	'D': 30,
2022-08-29 BST 12:48:51,158 - INFO - 	'MAX_SIZE': 66,
2022-08-29 BST 12:48:51,158 - INFO - 	'SEM_NOISE': 'gaussian_ev',
2022-08-29 BST 12:48:51,158 - INFO - 	'N': 1200,
2022-08-29 BST 12:48:51,158 - INFO - 	'VAL': 0.16666666666666666,
2022-08-29 BST 12:48:51,159 - INFO - 	'N_EPOCHS': 1000,
2022-08-29 BST 12:48:51,159 - INFO - 	'BATCH_SIZE': 32,
2022-08-29 BST 12:48:51,159 - INFO - 	'LOG2_BATCH_SIZE': None,
2022-08-29 BST 12:48:51,159 - INFO - 	'BATCH_SHUFFLE': True,
2022-08-29 BST 12:48:51,159 - INFO - 	'N_SAMPLES': 10,
2022-08-29 BST 12:48:51,159 - INFO - 	'MODE': 'max_dag_test_only',
2022-08-29 BST 12:48:51,159 - INFO - 	'AFAS_SCHEDULER': None,
2022-08-29 BST 12:48:51,159 - INFO - 	'MINIZINC_SOLVER': None,
2022-08-29 BST 12:48:51,159 - INFO - 	'f_LINEAR_LAYERS': (),
2022-08-29 BST 12:48:51,159 - INFO - 	'f_BIAS': False,
2022-08-29 BST 12:48:51,159 - INFO - 	'p_LAYER': None,
2022-08-29 BST 12:48:51,159 - INFO - 	'STREAMLINE': False,
2022-08-29 BST 12:48:51,159 - INFO - 	'THRESHOLD': 0.0,
2022-08-29 BST 12:48:51,159 - INFO - 	'h_LINEAR_LAYERS': (),
2022-08-29 BST 12:48:51,159 - INFO - 	'h_NULL': 0.00581130989059376,
2022-08-29 BST 12:48:51,159 - INFO - 	'h_LR': 0.004040181452273199,
2022-08-29 BST 12:48:51,159 - INFO - 	'h_OPTIMIZER': 'torch.optim.Adam(overall_net.h_net.parameters(), lr=h.h_LR)',
2022-08-29 BST 12:48:51,159 - INFO - 	'f_LR': 0.0117744218586073,
2022-08-29 BST 12:48:51,159 - INFO - 	'f_OPTIMIZER': 'torch.optim.Adam(overall_net.f_net.parameters(), lr=h.f_LR)',
2022-08-29 BST 12:48:51,159 - INFO - 	'NOISE_TEMPERATURE': 0.16213500214616,
2022-08-29 BST 12:48:51,159 - INFO - 	'NOISE_DISTRIBUTION': 'LogisticNoiseDistribution()',
2022-08-29 BST 12:48:51,159 - INFO - 	'LAMBDA': 5.69792034959308,
2022-08-29 BST 12:48:51,159 - INFO - 	'LOSS_FN': 'torch.nn.MSELoss()',
2022-08-29 BST 12:48:51,159 - INFO - 	'ALPHA': None,
2022-08-29 BST 12:48:51,160 - INFO - 	'BETA': None,
2022-08-29 BST 12:48:51,160 - INFO - 	'REGULARIZER': None,
2022-08-29 BST 12:48:51,160 - INFO - 	'z_RHO': 0,
2022-08-29 BST 12:48:51,160 - INFO - 	'z_MU': 0,
2022-08-29 BST 12:48:51,160 - INFO - 	'z_REGULARIZER': 'NoTearsZRegularizer(h.D, h.z_RHO, h.z_MU, c.DEVICE)',
2022-08-29 BST 12:48:51,160 - INFO - 	'LR_SCHEDULER': None,
2022-08-29 BST 12:48:51,160 - INFO - 	'DATA_CATEGORY': 'test',
2022-08-29 BST 12:48:51,160 - INFO - 	'DAGS': '030_ER2_gaussian_ev_2022-08-12_BST_09:55:21,293_create_dags'
2022-08-29 BST 12:48:51,160 - INFO - }

2022-08-29 BST 12:48:54,759 - INFO - 

DAG 0: size_true=69	X.var()=185.8479
2022-08-29 BST 12:53:42,194 - INFO -  epoch=1000      train_loss=   1.5190      val_loss=  22.3302      best=1      size=  54      nSHD_c=   2.2333      nSHD=   2.1333      tpr_c=   0.4259      change_adj_count=127      
2022-08-29 BST 12:53:42,197 - INFO - 

DAG 1: size_true=67	X.var()=127.1156
2022-08-29 BST 12:58:19,239 - INFO -  epoch=1000      train_loss=   1.4344      val_loss=   9.7975      best=1      size=  54      nSHD_c=   1.9667      nSHD=   1.9000      tpr_c=   0.5185      change_adj_count=115      
2022-08-29 BST 12:58:19,241 - INFO - 

DAG 2: size_true=64	X.var()=25.7432
2022-08-29 BST 13:02:50,948 - INFO -  epoch=1000      train_loss=   0.9856      val_loss=   9.3984      best=1      size=  53      nSHD_c=   1.7333      nSHD=   1.6000      tpr_c=   0.5283      change_adj_count=141      
2022-08-29 BST 13:02:50,949 - INFO - 

DAG 3: size_true=63	X.var()=265.9248
2022-08-29 BST 13:07:22,087 - INFO -  epoch=1000      train_loss=   1.2480      val_loss=  74.2317      best=1      size=  53      nSHD_c=   2.5000      nSHD=   2.3667      tpr_c=   0.3019      change_adj_count=161      
2022-08-29 BST 13:07:22,088 - INFO - 

DAG 4: size_true=48	X.var()=47.3993
2022-08-29 BST 13:11:55,740 - INFO -  epoch=1000      train_loss=   0.9230      val_loss=  19.1725      best=1      size=  49      nSHD_c=   1.7000      nSHD=   1.7000      tpr_c=   0.4286      change_adj_count=183      
2022-08-29 BST 13:11:55,742 - INFO - 

DAG 5: size_true=57	X.var()=54.7286
2022-08-29 BST 13:16:36,325 - INFO -  epoch=1000      train_loss=   0.8456      val_loss=   6.4454      best=1      size=  50      nSHD_c=   1.3333      nSHD=   1.2333      tpr_c=   0.5400      change_adj_count=180      
2022-08-29 BST 13:16:36,339 - INFO - 

DAG 6: size_true=64	X.var()=29.7229
2022-08-29 BST 13:21:11,605 - INFO -  epoch=1000      train_loss=   1.1843      val_loss=   9.6239      best=1      size=  49      nSHD_c=   1.7667      nSHD=   1.7000      tpr_c=   0.4898      change_adj_count=137      
2022-08-29 BST 13:21:11,606 - INFO - 

DAG 7: size_true=62	X.var()=55.6800
2022-08-29 BST 13:25:45,407 - INFO -  epoch=1000      train_loss=   1.1469      val_loss=  17.0464      best=1      size=  56      nSHD_c=   1.8333      nSHD=   1.8000      tpr_c=   0.5000      change_adj_count=105      
2022-08-29 BST 13:25:45,410 - INFO - 

DAG 8: size_true=63	X.var()=39.3378
2022-08-29 BST 13:30:22,271 - INFO -  epoch=1000      train_loss=   1.2275      val_loss=  10.8801      best=1      size=  52      nSHD_c=   2.1333      nSHD=   2.0333      tpr_c=   0.3846      change_adj_count=119      
2022-08-29 BST 13:30:22,285 - INFO - 

DAG 9: size_true=61	X.var()=94.6254
2022-08-29 BST 13:35:00,007 - INFO -  epoch=1000      train_loss=   1.0919      val_loss=  53.3652      best=1      size=  53      nSHD_c=   2.1000      nSHD=   2.1000      tpr_c=   0.4151      change_adj_count=142      
2022-08-29 BST 13:35:00,008 - INFO - 

DAG 10: size_true=51	X.var()=18.9170
2022-08-29 BST 13:39:36,238 - INFO -  epoch=1000      train_loss=   0.7627      val_loss=   6.4903      best=1      size=  48      nSHD_c=   1.1333      nSHD=   1.1667      tpr_c=   0.6042      change_adj_count=148      
2022-08-29 BST 13:39:36,242 - INFO - 

DAG 11: size_true=68	X.var()=127.5135
2022-08-29 BST 13:44:03,775 - INFO -  epoch=1000      train_loss=   1.7181      val_loss=  40.3255      best=1      size=  55      nSHD_c=   1.8667      nSHD=   1.8000      tpr_c=   0.5273      change_adj_count=100      
2022-08-29 BST 13:44:03,777 - INFO - 

DAG 12: size_true=53	X.var()=15.8398
2022-08-29 BST 13:48:30,505 - INFO -  epoch=1000      train_loss=   0.8388      val_loss=   3.3619      best=1      size=  51      nSHD_c=   1.0333      nSHD=   1.1000      tpr_c=   0.6667      change_adj_count=108      
2022-08-29 BST 13:48:30,508 - INFO - 

DAG 13: size_true=53	X.var()=112.2632
2022-08-29 BST 13:53:01,799 - INFO -  epoch=1000      train_loss=   0.9767      val_loss=  27.8570      best=1      size=  54      nSHD_c=   1.6000      nSHD=   1.5333      tpr_c=   0.4815      change_adj_count=157      
2022-08-29 BST 13:53:01,801 - INFO - 

DAG 14: size_true=59	X.var()=16.7418
2022-08-29 BST 13:57:30,987 - INFO -  epoch=1000      train_loss=   0.9540      val_loss=   3.5249      best=1      size=  50      nSHD_c=   1.3667      nSHD=   1.4000      tpr_c=   0.6200      change_adj_count=144      
2022-08-29 BST 13:57:30,989 - INFO - 

DAG 15: size_true=42	X.var()=8.6273
2022-08-29 BST 14:01:56,328 - INFO -  epoch=1000      train_loss=   0.7572      val_loss=   3.2706      best=1      size=  44      nSHD_c=   1.2000      nSHD=   1.1000      tpr_c=   0.4773      change_adj_count=166      
2022-08-29 BST 14:01:56,330 - INFO - 

DAG 16: size_true=50	X.var()=12.1502
2022-08-29 BST 14:06:27,248 - INFO -  epoch=1000      train_loss=   0.7658      val_loss=   2.3909      best=1      size=  51      nSHD_c=   0.9667      nSHD=   1.0000      tpr_c=   0.6471      change_adj_count=152      
2022-08-29 BST 14:06:27,256 - INFO - 

DAG 17: size_true=49	X.var()=16.5203
2022-08-29 BST 14:10:50,282 - INFO -  epoch=1000      train_loss=   0.7316      val_loss=   2.8449      best=1      size=  48      nSHD_c=   1.1000      nSHD=   0.9667      tpr_c=   0.6042      change_adj_count=129      
2022-08-29 BST 14:10:50,289 - INFO - 

DAG 18: size_true=56	X.var()=17.9506
2022-08-29 BST 14:15:20,285 - INFO -  epoch=1000      train_loss=   0.8276      val_loss=   6.1692      best=1      size=  48      nSHD_c=   1.0667      nSHD=   1.0333      tpr_c=   0.6667      change_adj_count=161      
2022-08-29 BST 14:15:20,287 - INFO - 

DAG 19: size_true=57	X.var()=24.8142
2022-08-29 BST 14:19:53,279 - INFO -  epoch=1000      train_loss=   0.7288      val_loss=   5.8706      best=1      size=  47      nSHD_c=   1.3333      nSHD=   1.2333      tpr_c=   0.5745      change_adj_count=175      
2022-08-29 BST 14:19:53,280 - INFO - 

DAG 20: size_true=59	X.var()=201.6824
2022-08-29 BST 14:24:31,924 - INFO -  epoch=1000      train_loss=   1.5492      val_loss=  56.0980      best=1      size=  50      nSHD_c=   2.2333      nSHD=   2.2333      tpr_c=   0.3600      change_adj_count=111      
2022-08-29 BST 14:24:31,926 - INFO - 

DAG 21: size_true=57	X.var()=21.1204
2022-08-29 BST 14:29:15,589 - INFO -  epoch=1000      train_loss=   0.8733      val_loss=   4.5560      best=1      size=  53      nSHD_c=   0.9667      nSHD=   0.9333      tpr_c=   0.7170      change_adj_count=126      
2022-08-29 BST 14:29:15,590 - INFO - 

DAG 22: size_true=60	X.var()=129.8499
2022-08-29 BST 14:33:54,706 - INFO -  epoch=1000      train_loss=   1.4600      val_loss=  88.5045      best=1      size=  54      nSHD_c=   2.5333      nSHD=   2.5667      tpr_c=   0.2778      change_adj_count=108      
2022-08-29 BST 14:33:54,710 - INFO - 

DAG 23: size_true=49	X.var()=14.1269
2022-08-29 BST 14:38:29,808 - INFO -  epoch=1000      train_loss=   0.7285      val_loss=   2.9202      best=1      size=  50      nSHD_c=   0.8667      nSHD=   0.8667      tpr_c=   0.6600      change_adj_count=161      
2022-08-29 BST 14:38:29,813 - INFO - 
last_mean_nshd_c=1.6069
2022-08-29 BST 14:38:29,814 - INFO - 
Time taken 1:49:39 (h:mm:ss)
2022-08-29 BST 14:38:29,814 - INFO - 
End of log for run 2022-08-29_BST_12:48:50,985_imle_l_66_ablation_005
