2022-08-29 BST 12:50:09,602 - INFO - 
Log for run 2022-08-29_BST_12:50:09,545_imle_l_66_ablation_006

2022-08-29 BST 12:50:09,602 - INFO - COMMENT = ''
2022-08-29 BST 12:50:09,602 - INFO - DATA_FOLDER = '../data'
2022-08-29 BST 12:50:09,602 - INFO - LATENTS_FOLDER = '../latents'
2022-08-29 BST 12:50:09,603 - INFO - LOGS_FOLDER = '../logs'
2022-08-29 BST 12:50:09,603 - INFO - MODEL_FOLDER = '../models'
2022-08-29 BST 12:50:09,603 - INFO - RESULTS_FOLDER = '../results'
2022-08-29 BST 12:50:09,603 - INFO - DEVICE = torch.device("cuda" if torch.cuda.is_available() else "cpu")  # Used: "cuda"
2022-08-29 BST 12:50:09,603 - INFO - LATENTS = False
2022-08-29 BST 12:50:09,603 - INFO - MATRIX_REPORT = False
2022-08-29 BST 12:50:09,603 - INFO - LABEL = True
2022-08-29 BST 12:50:09,603 - INFO - SAVE_TO_ODS = False
2022-08-29 BST 12:50:09,603 - INFO - VAL_LOSS_FROM_DAG = True
2022-08-29 BST 12:50:09,603 - INFO - WANDB = False
2022-08-29 BST 12:50:09,603 - INFO - WANDB_PROJECT = 'Thetas'
2022-08-29 BST 12:50:09,603 - INFO - GRAD_LOG = False
2022-08-29 BST 12:50:09,603 - INFO - SAVE_RESULTS = False
2022-08-29 BST 12:50:09,603 - INFO - N_TRIALS = 1
2022-08-29 BST 12:50:09,603 - INFO - OPTUNA_STRINGS = {'None': None, 'True': True, 'False': False}
2022-08-29 BST 12:50:09,604 - INFO - TQDM = False
2022-08-29 BST 12:50:09,604 - INFO - 
hyperparameters = {
2022-08-29 BST 12:50:09,604 - INFO - 	'GRAPH_TYPE': 'ER2',
2022-08-29 BST 12:50:09,604 - INFO - 	'D': 30,
2022-08-29 BST 12:50:09,604 - INFO - 	'MAX_SIZE': 66,
2022-08-29 BST 12:50:09,604 - INFO - 	'SEM_NOISE': 'gaussian_ev',
2022-08-29 BST 12:50:09,604 - INFO - 	'N': 1200,
2022-08-29 BST 12:50:09,604 - INFO - 	'VAL': 0.16666666666666666,
2022-08-29 BST 12:50:09,604 - INFO - 	'N_EPOCHS': 1000,
2022-08-29 BST 12:50:09,604 - INFO - 	'BATCH_SIZE': 32,
2022-08-29 BST 12:50:09,604 - INFO - 	'LOG2_BATCH_SIZE': None,
2022-08-29 BST 12:50:09,604 - INFO - 	'BATCH_SHUFFLE': True,
2022-08-29 BST 12:50:09,604 - INFO - 	'N_SAMPLES': 10,
2022-08-29 BST 12:50:09,604 - INFO - 	'MODE': 'max_dag_test_only',
2022-08-29 BST 12:50:09,604 - INFO - 	'AFAS_SCHEDULER': None,
2022-08-29 BST 12:50:09,604 - INFO - 	'MINIZINC_SOLVER': None,
2022-08-29 BST 12:50:09,605 - INFO - 	'f_LINEAR_LAYERS': (),
2022-08-29 BST 12:50:09,605 - INFO - 	'f_BIAS': False,
2022-08-29 BST 12:50:09,605 - INFO - 	'p_LAYER': None,
2022-08-29 BST 12:50:09,605 - INFO - 	'STREAMLINE': False,
2022-08-29 BST 12:50:09,605 - INFO - 	'THRESHOLD': 0.0,
2022-08-29 BST 12:50:09,605 - INFO - 	'h_LINEAR_LAYERS': (),
2022-08-29 BST 12:50:09,605 - INFO - 	'h_NULL': 0.00581130989059376,
2022-08-29 BST 12:50:09,605 - INFO - 	'h_LR': 0.004040181452273199,
2022-08-29 BST 12:50:09,605 - INFO - 	'h_OPTIMIZER': 'torch.optim.Adam(overall_net.h_net.parameters(), lr=h.h_LR)',
2022-08-29 BST 12:50:09,605 - INFO - 	'f_LR': 0.0117744218586073,
2022-08-29 BST 12:50:09,605 - INFO - 	'f_OPTIMIZER': 'torch.optim.Adam(overall_net.f_net.parameters(), lr=h.f_LR)',
2022-08-29 BST 12:50:09,605 - INFO - 	'NOISE_TEMPERATURE': 0.16213500214616,
2022-08-29 BST 12:50:09,605 - INFO - 	'NOISE_DISTRIBUTION': 'LogisticNoiseDistribution()',
2022-08-29 BST 12:50:09,605 - INFO - 	'LAMBDA': 5.69792034959308,
2022-08-29 BST 12:50:09,605 - INFO - 	'LOSS_FN': 'torch.nn.MSELoss()',
2022-08-29 BST 12:50:09,605 - INFO - 	'ALPHA': None,
2022-08-29 BST 12:50:09,606 - INFO - 	'BETA': None,
2022-08-29 BST 12:50:09,606 - INFO - 	'REGULARIZER': None,
2022-08-29 BST 12:50:09,606 - INFO - 	'z_RHO': 0,
2022-08-29 BST 12:50:09,606 - INFO - 	'z_MU': 0.220018032970804,
2022-08-29 BST 12:50:09,606 - INFO - 	'z_REGULARIZER': 'NoTearsZRegularizer(h.D, h.z_RHO, h.z_MU, c.DEVICE)',
2022-08-29 BST 12:50:09,606 - INFO - 	'LR_SCHEDULER': None,
2022-08-29 BST 12:50:09,606 - INFO - 	'DATA_CATEGORY': 'test',
2022-08-29 BST 12:50:09,606 - INFO - 	'DAGS': '030_ER2_gaussian_ev_2022-08-12_BST_09:55:21,293_create_dags'
2022-08-29 BST 12:50:09,606 - INFO - }

2022-08-29 BST 12:50:10,977 - INFO - 

DAG 0: size_true=69	X.var()=185.8479
2022-08-29 BST 12:54:23,226 - INFO -  epoch=1000      train_loss=   1.6412      val_loss=  17.0856      best=1      size=  58      nSHD_c=   2.2000      nSHD=   2.2333      tpr_c=   0.5000      change_adj_count=147      
2022-08-29 BST 12:54:23,228 - INFO - 

DAG 1: size_true=67	X.var()=127.1156
2022-08-29 BST 12:58:28,627 - INFO -  epoch=1000      train_loss=   1.4307      val_loss=  26.3291      best=1      size=  55      nSHD_c=   2.0667      nSHD=   2.0000      tpr_c=   0.4909      change_adj_count=94      
2022-08-29 BST 12:58:28,628 - INFO - 

DAG 2: size_true=64	X.var()=25.7432
2022-08-29 BST 13:02:31,693 - INFO -  epoch=1000      train_loss=   0.9737      val_loss=   8.7130      best=1      size=  51      nSHD_c=   1.7000      nSHD=   1.5667      tpr_c=   0.5098      change_adj_count=131      
2022-08-29 BST 13:02:31,694 - INFO - 

DAG 3: size_true=63	X.var()=265.9248
2022-08-29 BST 13:06:32,999 - INFO -  epoch=1000      train_loss=   1.3032      val_loss=  91.8364      best=1      size=  51      nSHD_c=   2.1333      nSHD=   2.0667      tpr_c=   0.4118      change_adj_count=133      
2022-08-29 BST 13:06:33,001 - INFO - 

DAG 4: size_true=48	X.var()=47.3993
2022-08-29 BST 13:10:32,862 - INFO -  epoch=1000      train_loss=   0.8916      val_loss=   9.2395      best=1      size=  48      nSHD_c=   1.7000      nSHD=   1.7333      tpr_c=   0.4167      change_adj_count=181      
2022-08-29 BST 13:10:32,863 - INFO - 

DAG 5: size_true=57	X.var()=54.7286
2022-08-29 BST 13:14:32,771 - INFO -  epoch=1000      train_loss=   0.8353      val_loss=  24.8449      best=1      size=  52      nSHD_c=   1.2667      nSHD=   1.2333      tpr_c=   0.5962      change_adj_count=155      
2022-08-29 BST 13:14:32,772 - INFO - 

DAG 6: size_true=64	X.var()=29.7229
2022-08-29 BST 13:18:36,046 - INFO -  epoch=1000      train_loss=   1.2632      val_loss=  10.4200      best=1      size=  49      nSHD_c=   2.1333      nSHD=   2.1333      tpr_c=   0.4082      change_adj_count=115      
2022-08-29 BST 13:18:36,047 - INFO - 

DAG 7: size_true=62	X.var()=55.6800
2022-08-29 BST 13:22:37,713 - INFO -  epoch=1000      train_loss=   1.0224      val_loss=  16.3892      best=1      size=  56      nSHD_c=   1.6000      nSHD=   1.6000      tpr_c=   0.5714      change_adj_count=105      
2022-08-29 BST 13:22:37,714 - INFO - 

DAG 8: size_true=63	X.var()=39.3378
2022-08-29 BST 13:26:35,944 - INFO -  epoch=1000      train_loss=   1.0197      val_loss=   7.4186      best=1      size=  53      nSHD_c=   1.4333      nSHD=   1.4333      tpr_c=   0.6226      change_adj_count=114      
2022-08-29 BST 13:26:35,946 - INFO - 

DAG 9: size_true=61	X.var()=94.6254
2022-08-29 BST 13:30:36,023 - INFO -  epoch=1000      train_loss=   0.9490      val_loss=  22.0164      best=1      size=  51      nSHD_c=   2.0000      nSHD=   1.7333      tpr_c=   0.3725      change_adj_count=120      
2022-08-29 BST 13:30:36,024 - INFO - 

DAG 10: size_true=51	X.var()=18.9170
2022-08-29 BST 13:34:39,298 - INFO -  epoch=1000      train_loss=   0.7740      val_loss=   4.5955      best=1      size=  44      nSHD_c=   1.3333      nSHD=   1.3000      tpr_c=   0.5455      change_adj_count=149      
2022-08-29 BST 13:34:39,299 - INFO - 

DAG 11: size_true=68	X.var()=127.5135
2022-08-29 BST 13:38:41,403 - INFO -  epoch=1000      train_loss=   1.8991      val_loss=  39.3498      best=1      size=  53      nSHD_c=   2.3000      nSHD=   2.1667      tpr_c=   0.3774      change_adj_count=99      
2022-08-29 BST 13:38:41,406 - INFO - 

DAG 12: size_true=53	X.var()=15.8398
2022-08-29 BST 13:42:42,838 - INFO -  epoch=1000      train_loss=   0.8927      val_loss=   3.9622      best=1      size=  50      nSHD_c=   1.1000      nSHD=   1.2000      tpr_c=   0.6600      change_adj_count=127      
2022-08-29 BST 13:42:42,842 - INFO - 

DAG 13: size_true=53	X.var()=112.2632
2022-08-29 BST 13:46:46,569 - INFO -  epoch=1000      train_loss=   0.9676      val_loss=  30.4110      best=1      size=  52      nSHD_c=   1.4667      nSHD=   1.4667      tpr_c=   0.5192      change_adj_count=169      
2022-08-29 BST 13:46:46,570 - INFO - 

DAG 14: size_true=59	X.var()=16.7418
2022-08-29 BST 13:50:48,412 - INFO -  epoch=1000      train_loss=   0.9362      val_loss=   2.7679      best=1      size=  49      nSHD_c=   1.3333      nSHD=   1.3000      tpr_c=   0.6327      change_adj_count=123      
2022-08-29 BST 13:50:48,413 - INFO - 

DAG 15: size_true=42	X.var()=8.6273
2022-08-29 BST 13:54:46,692 - INFO -  epoch=1000      train_loss=   0.7626      val_loss=   3.6262      best=1      size=  49      nSHD_c=   1.3333      nSHD=   1.3000      tpr_c=   0.4082      change_adj_count=176      
2022-08-29 BST 13:54:46,694 - INFO - 

DAG 16: size_true=50	X.var()=12.1502
2022-08-29 BST 13:58:45,151 - INFO -  epoch=1000      train_loss=   0.8027      val_loss=   2.8078      best=1      size=  51      nSHD_c=   0.9000      nSHD=   0.9000      tpr_c=   0.6471      change_adj_count=147      
2022-08-29 BST 13:58:45,152 - INFO - 

DAG 17: size_true=49	X.var()=16.5203
2022-08-29 BST 14:02:45,509 - INFO -  epoch=1000      train_loss=   0.7752      val_loss=   4.4199      best=1      size=  51      nSHD_c=   1.0000      nSHD=   1.0000      tpr_c=   0.6471      change_adj_count=162      
2022-08-29 BST 14:02:45,511 - INFO - 

DAG 18: size_true=56	X.var()=17.9506
2022-08-29 BST 14:06:45,558 - INFO -  epoch=1000      train_loss=   0.8073      val_loss=   5.4540      best=1      size=  50      nSHD_c=   1.5333      nSHD=   1.4667      tpr_c=   0.5000      change_adj_count=151      
2022-08-29 BST 14:06:45,559 - INFO - 

DAG 19: size_true=57	X.var()=24.8142
2022-08-29 BST 14:10:41,517 - INFO -  epoch=1000      train_loss=   0.8013      val_loss=   7.2076      best=1      size=  50      nSHD_c=   1.7667      nSHD=   1.8000      tpr_c=   0.4400      change_adj_count=177      
2022-08-29 BST 14:10:41,518 - INFO - 

DAG 20: size_true=59	X.var()=201.6824
2022-08-29 BST 14:14:45,208 - INFO -  epoch=1000      train_loss=   1.2928      val_loss=  40.2693      best=1      size=  50      nSHD_c=   2.3667      nSHD=   2.3000      tpr_c=   0.2800      change_adj_count=142      
2022-08-29 BST 14:14:45,209 - INFO - 

DAG 21: size_true=57	X.var()=21.1204
2022-08-29 BST 14:18:46,715 - INFO -  epoch=1000      train_loss=   0.8937      val_loss=   6.8916      best=1      size=  50      nSHD_c=   0.9333      nSHD=   0.9000      tpr_c=   0.7400      change_adj_count=113      
2022-08-29 BST 14:18:46,716 - INFO - 

DAG 22: size_true=60	X.var()=129.8499
2022-08-29 BST 14:22:50,322 - INFO -  epoch=1000      train_loss=   1.3103      val_loss=  77.2713      best=1      size=  55      nSHD_c=   2.3000      nSHD=   2.3000      tpr_c=   0.3273      change_adj_count=122      
2022-08-29 BST 14:22:50,323 - INFO - 

DAG 23: size_true=49	X.var()=14.1269
2022-08-29 BST 14:26:52,536 - INFO -  epoch=1000      train_loss=   0.7115      val_loss=   5.8241      best=1      size=  47      nSHD_c=   0.9000      nSHD=   0.9667      tpr_c=   0.7021      change_adj_count=161      
2022-08-29 BST 14:26:52,537 - INFO - 
last_mean_nshd_c=1.6167
2022-08-29 BST 14:26:52,537 - INFO - 
Time taken 1:36:43 (h:mm:ss)
2022-08-29 BST 14:26:52,537 - INFO - 
End of log for run 2022-08-29_BST_12:50:09,545_imle_l_66_ablation_006
