2022-08-29 BST 12:50:08,394 - INFO - 
Log for run 2022-08-29_BST_12:50:08,191_imle_l_66_ablation_007

2022-08-29 BST 12:50:08,394 - INFO - COMMENT = ''
2022-08-29 BST 12:50:08,394 - INFO - DATA_FOLDER = '../data'
2022-08-29 BST 12:50:08,394 - INFO - LATENTS_FOLDER = '../latents'
2022-08-29 BST 12:50:08,394 - INFO - LOGS_FOLDER = '../logs'
2022-08-29 BST 12:50:08,395 - INFO - MODEL_FOLDER = '../models'
2022-08-29 BST 12:50:08,395 - INFO - RESULTS_FOLDER = '../results'
2022-08-29 BST 12:50:08,395 - INFO - DEVICE = torch.device("cuda" if torch.cuda.is_available() else "cpu")  # Used: "cuda"
2022-08-29 BST 12:50:08,395 - INFO - LATENTS = False
2022-08-29 BST 12:50:08,395 - INFO - MATRIX_REPORT = False
2022-08-29 BST 12:50:08,395 - INFO - LABEL = True
2022-08-29 BST 12:50:08,395 - INFO - SAVE_TO_ODS = False
2022-08-29 BST 12:50:08,395 - INFO - VAL_LOSS_FROM_DAG = True
2022-08-29 BST 12:50:08,395 - INFO - WANDB = False
2022-08-29 BST 12:50:08,395 - INFO - WANDB_PROJECT = 'Thetas'
2022-08-29 BST 12:50:08,395 - INFO - GRAD_LOG = False
2022-08-29 BST 12:50:08,395 - INFO - SAVE_RESULTS = False
2022-08-29 BST 12:50:08,395 - INFO - N_TRIALS = 1
2022-08-29 BST 12:50:08,395 - INFO - OPTUNA_STRINGS = {'None': None, 'True': True, 'False': False}
2022-08-29 BST 12:50:08,395 - INFO - TQDM = False
2022-08-29 BST 12:50:08,395 - INFO - 
hyperparameters = {
2022-08-29 BST 12:50:08,395 - INFO - 	'GRAPH_TYPE': 'ER2',
2022-08-29 BST 12:50:08,395 - INFO - 	'D': 30,
2022-08-29 BST 12:50:08,395 - INFO - 	'MAX_SIZE': 66,
2022-08-29 BST 12:50:08,395 - INFO - 	'SEM_NOISE': 'gaussian_ev',
2022-08-29 BST 12:50:08,395 - INFO - 	'N': 1200,
2022-08-29 BST 12:50:08,395 - INFO - 	'VAL': 0.16666666666666666,
2022-08-29 BST 12:50:08,395 - INFO - 	'N_EPOCHS': 1000,
2022-08-29 BST 12:50:08,395 - INFO - 	'BATCH_SIZE': 32,
2022-08-29 BST 12:50:08,395 - INFO - 	'LOG2_BATCH_SIZE': None,
2022-08-29 BST 12:50:08,396 - INFO - 	'BATCH_SHUFFLE': True,
2022-08-29 BST 12:50:08,396 - INFO - 	'N_SAMPLES': 10,
2022-08-29 BST 12:50:08,396 - INFO - 	'MODE': 'max_dag_test_only',
2022-08-29 BST 12:50:08,396 - INFO - 	'AFAS_SCHEDULER': None,
2022-08-29 BST 12:50:08,396 - INFO - 	'MINIZINC_SOLVER': None,
2022-08-29 BST 12:50:08,396 - INFO - 	'f_LINEAR_LAYERS': (),
2022-08-29 BST 12:50:08,396 - INFO - 	'f_BIAS': False,
2022-08-29 BST 12:50:08,396 - INFO - 	'p_LAYER': None,
2022-08-29 BST 12:50:08,396 - INFO - 	'STREAMLINE': False,
2022-08-29 BST 12:50:08,396 - INFO - 	'THRESHOLD': 0.0,
2022-08-29 BST 12:50:08,396 - INFO - 	'h_LINEAR_LAYERS': (),
2022-08-29 BST 12:50:08,396 - INFO - 	'h_NULL': 0.00581130989059376,
2022-08-29 BST 12:50:08,396 - INFO - 	'h_LR': 0.004040181452273199,
2022-08-29 BST 12:50:08,396 - INFO - 	'h_OPTIMIZER': 'torch.optim.Adam(overall_net.h_net.parameters(), lr=h.h_LR)',
2022-08-29 BST 12:50:08,396 - INFO - 	'f_LR': 0.0117744218586073,
2022-08-29 BST 12:50:08,396 - INFO - 	'f_OPTIMIZER': 'torch.optim.Adam(overall_net.f_net.parameters(), lr=h.f_LR)',
2022-08-29 BST 12:50:08,396 - INFO - 	'NOISE_TEMPERATURE': 0.16213500214616,
2022-08-29 BST 12:50:08,396 - INFO - 	'NOISE_DISTRIBUTION': 'LogisticNoiseDistribution()',
2022-08-29 BST 12:50:08,396 - INFO - 	'LAMBDA': 5.69792034959308,
2022-08-29 BST 12:50:08,396 - INFO - 	'LOSS_FN': 'torch.nn.MSELoss()',
2022-08-29 BST 12:50:08,396 - INFO - 	'ALPHA': None,
2022-08-29 BST 12:50:08,396 - INFO - 	'BETA': None,
2022-08-29 BST 12:50:08,396 - INFO - 	'REGULARIZER': None,
2022-08-29 BST 12:50:08,396 - INFO - 	'z_RHO': 0.0280244755372679,
2022-08-29 BST 12:50:08,396 - INFO - 	'z_MU': 0,
2022-08-29 BST 12:50:08,396 - INFO - 	'z_REGULARIZER': 'NoTearsZRegularizer(h.D, h.z_RHO, h.z_MU, c.DEVICE)',
2022-08-29 BST 12:50:08,396 - INFO - 	'LR_SCHEDULER': None,
2022-08-29 BST 12:50:08,397 - INFO - 	'DATA_CATEGORY': 'test',
2022-08-29 BST 12:50:08,397 - INFO - 	'DAGS': '030_ER2_gaussian_ev_2022-08-12_BST_09:55:21,293_create_dags'
2022-08-29 BST 12:50:08,397 - INFO - }

2022-08-29 BST 12:50:09,629 - INFO - 

DAG 0: size_true=69	X.var()=185.8479
2022-08-29 BST 12:55:15,260 - INFO -  epoch=1000      train_loss=   1.4690      val_loss=   4.8433      best=1      size=  64      nSHD_c=   1.7000      nSHD=   1.6333      tpr_c=   0.6250      change_adj_count=93      
2022-08-29 BST 12:55:15,263 - INFO - 

DAG 1: size_true=67	X.var()=127.1156
2022-08-29 BST 13:00:06,966 - INFO -  epoch=1000      train_loss=   1.4731      val_loss=   1.5056      best=1      size=  65      nSHD_c=   1.1000      nSHD=   1.0333      tpr_c=   0.7385      change_adj_count=99      
2022-08-29 BST 13:00:06,971 - INFO - 

DAG 2: size_true=64	X.var()=25.7432
2022-08-29 BST 13:05:03,419 - INFO -  epoch=1000      train_loss=   1.0857      val_loss=   7.8236      best=1      size=  64      nSHD_c=   1.0667      nSHD=   1.0000      tpr_c=   0.7031      change_adj_count=153      
2022-08-29 BST 13:05:03,421 - INFO - 

DAG 3: size_true=63	X.var()=265.9248
2022-08-29 BST 13:09:58,603 - INFO -  epoch=1000      train_loss=   1.4865      val_loss=  39.5067      best=1      size=  62      nSHD_c=   1.8667      nSHD=   1.8000      tpr_c=   0.5000      change_adj_count=102      
2022-08-29 BST 13:09:58,617 - INFO - 

DAG 4: size_true=48	X.var()=47.3993
2022-08-29 BST 13:14:53,419 - INFO -  epoch=1000      train_loss=   1.0978      val_loss=   1.7337      best=1      size=  64      nSHD_c=   1.2667      nSHD=   1.1333      tpr_c=   0.5312      change_adj_count=206      
2022-08-29 BST 13:14:53,421 - INFO - 

DAG 5: size_true=57	X.var()=54.7286
2022-08-29 BST 13:19:52,780 - INFO -  epoch=1000      train_loss=   1.0217      val_loss=  24.0551      best=1      size=  61      nSHD_c=   1.5667      nSHD=   1.5333      tpr_c=   0.5410      change_adj_count=142      
2022-08-29 BST 13:19:52,794 - INFO - 

DAG 6: size_true=64	X.var()=29.7229
2022-08-29 BST 13:24:50,665 - INFO -  epoch=1000      train_loss=   1.5052      val_loss=   4.4803      best=1      size=  63      nSHD_c=   1.7667      nSHD=   1.7000      tpr_c=   0.5556      change_adj_count=77      
2022-08-29 BST 13:24:50,666 - INFO - 

DAG 7: size_true=62	X.var()=55.6800
2022-08-29 BST 13:29:51,565 - INFO -  epoch=1000      train_loss=   1.0934      val_loss=   1.3397      best=1      size=  65      nSHD_c=   0.5333      nSHD=   0.5333      tpr_c=   0.8462      change_adj_count=144      
2022-08-29 BST 13:29:51,567 - INFO - 

DAG 8: size_true=63	X.var()=39.3378
2022-08-29 BST 13:34:46,782 - INFO -  epoch=1000      train_loss=   1.1867      val_loss=   3.2371      best=1      size=  64      nSHD_c=   1.1000      nSHD=   1.1000      tpr_c=   0.7344      change_adj_count=102      
2022-08-29 BST 13:34:46,784 - INFO - 

DAG 9: size_true=61	X.var()=94.6254
2022-08-29 BST 13:39:47,538 - INFO -  epoch=1000      train_loss=   0.9751      val_loss=  20.7440      best=1      size=  60      nSHD_c=   1.7667      nSHD=   1.5667      tpr_c=   0.4833      change_adj_count=137      
2022-08-29 BST 13:39:47,540 - INFO - 

DAG 10: size_true=51	X.var()=18.9170
2022-08-29 BST 13:44:45,402 - INFO -  epoch=1000      train_loss=   1.0030      val_loss=   1.7182      best=1      size=  64      nSHD_c=   0.7333      nSHD=   0.7667      tpr_c=   0.7188      change_adj_count=223      
2022-08-29 BST 13:44:45,404 - INFO - 

DAG 11: size_true=68	X.var()=127.5135
2022-08-29 BST 13:49:51,107 - INFO -  epoch=1000      train_loss=   1.4372      val_loss=   2.6651      best=1      size=  62      nSHD_c=   1.6333      nSHD=   1.5667      tpr_c=   0.6290      change_adj_count=97      
2022-08-29 BST 13:49:51,115 - INFO - 

DAG 12: size_true=53	X.var()=15.8398
2022-08-29 BST 13:54:51,585 - INFO -  epoch=1000      train_loss=   1.0754      val_loss=   2.9638      best=1      size=  64      nSHD_c=   0.8000      nSHD=   0.8000      tpr_c=   0.7031      change_adj_count=188      
2022-08-29 BST 13:54:51,599 - INFO - 

DAG 13: size_true=53	X.var()=112.2632
2022-08-29 BST 13:59:50,828 - INFO -  epoch=1000      train_loss=   1.0783      val_loss=  24.0056      best=1      size=  64      nSHD_c=   1.1667      nSHD=   1.1333      tpr_c=   0.6250      change_adj_count=120      
2022-08-29 BST 13:59:50,841 - INFO - 

DAG 14: size_true=59	X.var()=16.7418
2022-08-29 BST 14:04:51,344 - INFO -  epoch=1000      train_loss=   1.0938      val_loss=   1.7333      best=1      size=  65      nSHD_c=   1.1000      nSHD=   1.0667      tpr_c=   0.6769      change_adj_count=166      
2022-08-29 BST 14:04:51,345 - INFO - 

DAG 15: size_true=42	X.var()=8.6273
2022-08-29 BST 14:09:52,833 - INFO -  epoch=1000      train_loss=   1.0550      val_loss=   1.2972      best=1      size=  65      nSHD_c=   0.9667      nSHD=   0.9667      tpr_c=   0.5846      change_adj_count=275      
2022-08-29 BST 14:09:52,836 - INFO - 

DAG 16: size_true=50	X.var()=12.1502
2022-08-29 BST 14:14:51,157 - INFO -  epoch=1000      train_loss=   0.9568      val_loss=   1.2934      best=1      size=  64      nSHD_c=   0.9000      nSHD=   0.8333      tpr_c=   0.6250      change_adj_count=274      
2022-08-29 BST 14:14:51,161 - INFO - 

DAG 17: size_true=49	X.var()=16.5203
2022-08-29 BST 14:19:54,941 - INFO -  epoch=1000      train_loss=   0.9412      val_loss=   3.2916      best=1      size=  65      nSHD_c=   1.0000      nSHD=   0.8667      tpr_c=   0.6000      change_adj_count=256      
2022-08-29 BST 14:19:54,943 - INFO - 

DAG 18: size_true=56	X.var()=17.9506
2022-08-29 BST 14:24:54,215 - INFO -  epoch=1000      train_loss=   0.9911      val_loss=   5.3117      best=1      size=  64      nSHD_c=   0.9000      nSHD=   0.8333      tpr_c=   0.6719      change_adj_count=251      
2022-08-29 BST 14:24:54,227 - INFO - 

DAG 19: size_true=57	X.var()=24.8142
2022-08-29 BST 14:30:01,432 - INFO -  epoch=1000      train_loss=   0.9456      val_loss=   4.6182      best=1      size=  63      nSHD_c=   1.2333      nSHD=   1.1667      tpr_c=   0.6190      change_adj_count=337      
2022-08-29 BST 14:30:01,446 - INFO - 

DAG 20: size_true=59	X.var()=201.6824
2022-08-29 BST 14:35:03,323 - INFO -  epoch=1000      train_loss=   1.5798      val_loss=   2.5279      best=1      size=  65      nSHD_c=   1.9000      nSHD=   1.9000      tpr_c=   0.4923      change_adj_count=111      
2022-08-29 BST 14:35:03,327 - INFO - 

DAG 21: size_true=57	X.var()=21.1204
2022-08-29 BST 14:40:05,728 - INFO -  epoch=1000      train_loss=   1.0957      val_loss=   1.8212      best=1      size=  64      nSHD_c=   0.8000      nSHD=   0.8000      tpr_c=   0.7344      change_adj_count=195      
2022-08-29 BST 14:40:05,729 - INFO - 

DAG 22: size_true=60	X.var()=129.8499
2022-08-29 BST 14:45:24,201 - INFO -  epoch=1000      train_loss=   1.3152      val_loss=   9.9942      best=1      size=  63      nSHD_c=   1.6667      nSHD=   1.6333      tpr_c=   0.5556      change_adj_count=120      
2022-08-29 BST 14:45:24,203 - INFO - 

DAG 23: size_true=49	X.var()=14.1269
2022-08-29 BST 14:50:24,797 - INFO -  epoch=1000      train_loss=   0.9974      val_loss=   1.1172      best=1      size=  65      nSHD_c=   0.8667      nSHD=   0.7667      tpr_c=   0.6462      change_adj_count=219      
2022-08-29 BST 14:50:24,811 - INFO - 
last_mean_nshd_c=1.2250
2022-08-29 BST 14:50:24,811 - INFO - 
Time taken 2:00:17 (h:mm:ss)
2022-08-29 BST 14:50:24,811 - INFO - 
End of log for run 2022-08-29_BST_12:50:08,191_imle_l_66_ablation_007
