2022-08-29 BST 12:21:09,888 - INFO - 
Log for run 2022-08-29_BST_12:21:09,857_imle_l_66_ablation_001

2022-08-29 BST 12:21:09,889 - INFO - COMMENT = ''
2022-08-29 BST 12:21:09,889 - INFO - DATA_FOLDER = '../data'
2022-08-29 BST 12:21:09,889 - INFO - LATENTS_FOLDER = '../latents'
2022-08-29 BST 12:21:09,889 - INFO - LOGS_FOLDER = '../logs'
2022-08-29 BST 12:21:09,889 - INFO - MODEL_FOLDER = '../models'
2022-08-29 BST 12:21:09,889 - INFO - RESULTS_FOLDER = '../results'
2022-08-29 BST 12:21:09,889 - INFO - DEVICE = torch.device("cuda" if torch.cuda.is_available() else "cpu")  # Used: "cuda"
2022-08-29 BST 12:21:09,889 - INFO - LATENTS = False
2022-08-29 BST 12:21:09,889 - INFO - MATRIX_REPORT = False
2022-08-29 BST 12:21:09,889 - INFO - LABEL = True
2022-08-29 BST 12:21:09,889 - INFO - SAVE_TO_ODS = False
2022-08-29 BST 12:21:09,889 - INFO - VAL_LOSS_FROM_DAG = True
2022-08-29 BST 12:21:09,889 - INFO - WANDB = False
2022-08-29 BST 12:21:09,889 - INFO - WANDB_PROJECT = 'Thetas'
2022-08-29 BST 12:21:09,889 - INFO - GRAD_LOG = False
2022-08-29 BST 12:21:09,889 - INFO - SAVE_RESULTS = False
2022-08-29 BST 12:21:09,889 - INFO - N_TRIALS = 1
2022-08-29 BST 12:21:09,889 - INFO - OPTUNA_STRINGS = {'None': None, 'True': True, 'False': False}
2022-08-29 BST 12:21:09,889 - INFO - TQDM = False
2022-08-29 BST 12:21:09,890 - INFO - 
hyperparameters = {
2022-08-29 BST 12:21:09,890 - INFO - 	'GRAPH_TYPE': 'ER2',
2022-08-29 BST 12:21:09,890 - INFO - 	'D': 30,
2022-08-29 BST 12:21:09,890 - INFO - 	'MAX_SIZE': None,
2022-08-29 BST 12:21:09,890 - INFO - 	'SEM_NOISE': 'gaussian_ev',
2022-08-29 BST 12:21:09,890 - INFO - 	'N': 1200,
2022-08-29 BST 12:21:09,890 - INFO - 	'VAL': 0.16666666666666666,
2022-08-29 BST 12:21:09,890 - INFO - 	'N_EPOCHS': 1000,
2022-08-29 BST 12:21:09,890 - INFO - 	'BATCH_SIZE': 32,
2022-08-29 BST 12:21:09,890 - INFO - 	'LOG2_BATCH_SIZE': None,
2022-08-29 BST 12:21:09,890 - INFO - 	'BATCH_SHUFFLE': True,
2022-08-29 BST 12:21:09,890 - INFO - 	'N_SAMPLES': 10,
2022-08-29 BST 12:21:09,890 - INFO - 	'MODE': 'max_dag_test_only',
2022-08-29 BST 12:21:09,890 - INFO - 	'AFAS_SCHEDULER': None,
2022-08-29 BST 12:21:09,890 - INFO - 	'MINIZINC_SOLVER': None,
2022-08-29 BST 12:21:09,890 - INFO - 	'f_LINEAR_LAYERS': (),
2022-08-29 BST 12:21:09,890 - INFO - 	'f_BIAS': False,
2022-08-29 BST 12:21:09,890 - INFO - 	'p_LAYER': None,
2022-08-29 BST 12:21:09,890 - INFO - 	'STREAMLINE': False,
2022-08-29 BST 12:21:09,890 - INFO - 	'THRESHOLD': 0.0,
2022-08-29 BST 12:21:09,890 - INFO - 	'h_LINEAR_LAYERS': (),
2022-08-29 BST 12:21:09,890 - INFO - 	'h_NULL': 0.00581130989059376,
2022-08-29 BST 12:21:09,890 - INFO - 	'h_LR': 0.004040181452273199,
2022-08-29 BST 12:21:09,890 - INFO - 	'h_OPTIMIZER': 'torch.optim.Adam(overall_net.h_net.parameters(), lr=h.h_LR)',
2022-08-29 BST 12:21:09,891 - INFO - 	'f_LR': 0.0117744218586073,
2022-08-29 BST 12:21:09,891 - INFO - 	'f_OPTIMIZER': 'torch.optim.Adam(overall_net.f_net.parameters(), lr=h.f_LR)',
2022-08-29 BST 12:21:09,891 - INFO - 	'NOISE_TEMPERATURE': 0.16213500214616,
2022-08-29 BST 12:21:09,891 - INFO - 	'NOISE_DISTRIBUTION': 'LogisticNoiseDistribution()',
2022-08-29 BST 12:21:09,891 - INFO - 	'LAMBDA': 5.69792034959308,
2022-08-29 BST 12:21:09,891 - INFO - 	'LOSS_FN': 'torch.nn.MSELoss()',
2022-08-29 BST 12:21:09,891 - INFO - 	'ALPHA': None,
2022-08-29 BST 12:21:09,891 - INFO - 	'BETA': None,
2022-08-29 BST 12:21:09,891 - INFO - 	'REGULARIZER': None,
2022-08-29 BST 12:21:09,891 - INFO - 	'z_RHO': 0,
2022-08-29 BST 12:21:09,891 - INFO - 	'z_MU': 0,
2022-08-29 BST 12:21:09,891 - INFO - 	'z_REGULARIZER': 'NoTearsZRegularizer(h.D, h.z_RHO, h.z_MU, c.DEVICE)',
2022-08-29 BST 12:21:09,891 - INFO - 	'LR_SCHEDULER': None,
2022-08-29 BST 12:21:09,891 - INFO - 	'DATA_CATEGORY': 'test',
2022-08-29 BST 12:21:09,891 - INFO - 	'DAGS': '030_ER2_gaussian_ev_2022-08-12_BST_09:55:21,293_create_dags'
2022-08-29 BST 12:21:09,891 - INFO - }

2022-08-29 BST 12:21:11,988 - INFO - 

DAG 0: size_true=69	X.var()=185.8479
2022-08-29 BST 12:25:06,744 - INFO -  epoch=1000      train_loss=   0.5048      val_loss=  23.6619      best=1      size= 236      nSHD_c=   5.9667      nSHD=   5.9000      tpr_c=   0.2458      change_adj_count=582      
2022-08-29 BST 12:25:06,745 - INFO - 

DAG 1: size_true=67	X.var()=127.1156
2022-08-29 BST 12:28:55,808 - INFO -  epoch=1000      train_loss=   0.5264      val_loss=  73.1815      best=1      size= 248      nSHD_c=   6.5000      nSHD=   6.4333      tpr_c=   0.2177      change_adj_count=558      
2022-08-29 BST 12:28:55,810 - INFO - 

DAG 2: size_true=64	X.var()=25.7432
2022-08-29 BST 12:32:42,833 - INFO -  epoch=1000      train_loss=   0.4715      val_loss=  12.0056      best=1      size= 218      nSHD_c=   5.6333      nSHD=   5.5333      tpr_c=   0.2294      change_adj_count=573      
2022-08-29 BST 12:32:42,834 - INFO - 

DAG 3: size_true=63	X.var()=265.9248
2022-08-29 BST 12:36:30,512 - INFO -  epoch=1000      train_loss=   0.5341      val_loss=  63.5563      best=1      size= 251      nSHD_c=   6.9667      nSHD=   6.9000      tpr_c=   0.1873      change_adj_count=564      
2022-08-29 BST 12:36:30,513 - INFO - 

DAG 4: size_true=48	X.var()=47.3993
2022-08-29 BST 12:40:14,774 - INFO -  epoch=1000      train_loss=   0.5652      val_loss=  19.7103      best=1      size= 191      nSHD_c=   5.6000      nSHD=   5.5000      tpr_c=   0.1518      change_adj_count=607      
2022-08-29 BST 12:40:14,776 - INFO - 

DAG 5: size_true=57	X.var()=54.7286
2022-08-29 BST 12:44:02,006 - INFO -  epoch=1000      train_loss=   0.4702      val_loss=   9.7985      best=1      size= 228      nSHD_c=   6.1667      nSHD=   6.1333      tpr_c=   0.1930      change_adj_count=576      
2022-08-29 BST 12:44:02,007 - INFO - 

DAG 6: size_true=64	X.var()=29.7229
2022-08-29 BST 12:47:49,719 - INFO -  epoch=1000      train_loss=   0.4817      val_loss=   9.2524      best=1      size= 221      nSHD_c=   6.3333      nSHD=   6.2000      tpr_c=   0.1629      change_adj_count=566      
2022-08-29 BST 12:47:49,720 - INFO - 

DAG 7: size_true=62	X.var()=55.6800
2022-08-29 BST 12:51:35,922 - INFO -  epoch=1000      train_loss=   0.5067      val_loss=  27.6912      best=1      size= 248      nSHD_c=   6.8667      nSHD=   6.7333      tpr_c=   0.1815      change_adj_count=594      
2022-08-29 BST 12:51:35,924 - INFO - 

DAG 8: size_true=63	X.var()=39.3378
2022-08-29 BST 12:55:22,318 - INFO -  epoch=1000      train_loss=   0.5044      val_loss=   8.7638      best=1      size= 227      nSHD_c=   6.1667      nSHD=   6.1000      tpr_c=   0.2026      change_adj_count=561      
2022-08-29 BST 12:55:22,320 - INFO - 

DAG 9: size_true=61	X.var()=94.6254
2022-08-29 BST 12:59:09,328 - INFO -  epoch=1000      train_loss=   0.4962      val_loss=  38.1616      best=1      size= 242      nSHD_c=   6.8667      nSHD=   6.7000      tpr_c=   0.1612      change_adj_count=615      
2022-08-29 BST 12:59:09,329 - INFO - 

DAG 10: size_true=51	X.var()=18.9170
2022-08-29 BST 13:02:54,648 - INFO -  epoch=1000      train_loss=   0.5371      val_loss=   5.2761      best=1      size= 229      nSHD_c=   6.5667      nSHD=   6.4000      tpr_c=   0.1485      change_adj_count=644      
2022-08-29 BST 13:02:54,649 - INFO - 

DAG 11: size_true=68	X.var()=127.5135
2022-08-29 BST 13:06:45,829 - INFO -  epoch=1000      train_loss=   0.6045      val_loss=  52.8252      best=1      size= 246      nSHD_c=   6.4667      nSHD=   6.4000      tpr_c=   0.2195      change_adj_count=565      
2022-08-29 BST 13:06:45,832 - INFO - 

DAG 12: size_true=53	X.var()=15.8398
2022-08-29 BST 13:10:31,725 - INFO -  epoch=1000      train_loss=   0.5420      val_loss=   8.3029      best=1      size= 234      nSHD_c=   6.6000      nSHD=   6.5000      tpr_c=   0.1581      change_adj_count=624      
2022-08-29 BST 13:10:31,730 - INFO - 

DAG 13: size_true=53	X.var()=112.2632
2022-08-29 BST 13:14:20,091 - INFO -  epoch=1000      train_loss=   0.6091      val_loss=  17.6582      best=1      size= 233      nSHD_c=   6.7000      nSHD=   6.6333      tpr_c=   0.1545      change_adj_count=636      
2022-08-29 BST 13:14:20,092 - INFO - 

DAG 14: size_true=59	X.var()=16.7418
2022-08-29 BST 13:18:07,452 - INFO -  epoch=1000      train_loss=   0.4868      val_loss=   4.8368      best=1      size= 223      nSHD_c=   6.1667      nSHD=   5.9667      tpr_c=   0.1749      change_adj_count=631      
2022-08-29 BST 13:18:07,454 - INFO - 

DAG 15: size_true=42	X.var()=8.6273
2022-08-29 BST 13:21:51,572 - INFO -  epoch=1000      train_loss=   0.5848      val_loss=   3.4364      best=1      size= 207      nSHD_c=   6.0667      nSHD=   5.9667      tpr_c=   0.1208      change_adj_count=655      
2022-08-29 BST 13:21:51,573 - INFO - 

DAG 16: size_true=50	X.var()=12.1502
2022-08-29 BST 13:25:38,064 - INFO -  epoch=1000      train_loss=   0.4737      val_loss=   4.1113      best=1      size= 201      nSHD_c=   5.5667      nSHD=   5.5000      tpr_c=   0.1741      change_adj_count=638      
2022-08-29 BST 13:25:38,068 - INFO - 

DAG 17: size_true=49	X.var()=16.5203
2022-08-29 BST 13:29:25,350 - INFO -  epoch=1000      train_loss=   0.5141      val_loss=   5.7228      best=1      size= 222      nSHD_c=   6.3667      nSHD=   6.1333      tpr_c=   0.1441      change_adj_count=614      
2022-08-29 BST 13:29:25,351 - INFO - 

DAG 18: size_true=56	X.var()=17.9506
2022-08-29 BST 13:33:09,067 - INFO -  epoch=1000      train_loss=   0.5636      val_loss=   7.2408      best=1      size= 222      nSHD_c=   6.2000      nSHD=   5.9667      tpr_c=   0.1712      change_adj_count=618      
2022-08-29 BST 13:33:09,071 - INFO - 

DAG 19: size_true=57	X.var()=24.8142
2022-08-29 BST 13:36:55,825 - INFO -  epoch=1000      train_loss=   0.5002      val_loss=   8.8308      best=1      size= 191      nSHD_c=   5.0333      nSHD=   4.8667      tpr_c=   0.2199      change_adj_count=610      
2022-08-29 BST 13:36:55,826 - INFO - 

DAG 20: size_true=59	X.var()=201.6824
2022-08-29 BST 13:40:43,751 - INFO -  epoch=1000      train_loss=   0.5469      val_loss=  32.2134      best=1      size= 222      nSHD_c=   6.0333      nSHD=   5.9333      tpr_c=   0.2027      change_adj_count=607      
2022-08-29 BST 13:40:43,752 - INFO - 

DAG 21: size_true=57	X.var()=21.1204
2022-08-29 BST 13:44:32,540 - INFO -  epoch=1000      train_loss=   0.5371      val_loss=   8.0697      best=1      size= 227      nSHD_c=   6.1333      nSHD=   6.0333      tpr_c=   0.1938      change_adj_count=601      
2022-08-29 BST 13:44:32,550 - INFO - 

DAG 22: size_true=60	X.var()=129.8499
2022-08-29 BST 13:48:23,147 - INFO -  epoch=1000      train_loss=   0.5528      val_loss=  54.7608      best=1      size= 222      nSHD_c=   5.9333      nSHD=   5.9333      tpr_c=   0.2072      change_adj_count=595      
2022-08-29 BST 13:48:23,149 - INFO - 

DAG 23: size_true=49	X.var()=14.1269
2022-08-29 BST 13:52:08,039 - INFO -  epoch=1000      train_loss=   0.5178      val_loss=   3.6080      best=1      size= 212      nSHD_c=   5.8333      nSHD=   5.7333      tpr_c=   0.1887      change_adj_count=608      
2022-08-29 BST 13:52:08,040 - INFO - 
last_mean_nshd_c=6.1972
2022-08-29 BST 13:52:08,040 - INFO - 
Time taken 1:30:58 (h:mm:ss)
2022-08-29 BST 13:52:08,040 - INFO - 
End of log for run 2022-08-29_BST_12:21:09,857_imle_l_66_ablation_001
