2022-08-29 BST 12:21:10,954 - INFO - 
Log for run 2022-08-29_BST_12:21:10,800_imle_l_66_ablation_003

2022-08-29 BST 12:21:10,954 - INFO - COMMENT = ''
2022-08-29 BST 12:21:10,954 - INFO - DATA_FOLDER = '../data'
2022-08-29 BST 12:21:10,954 - INFO - LATENTS_FOLDER = '../latents'
2022-08-29 BST 12:21:10,954 - INFO - LOGS_FOLDER = '../logs'
2022-08-29 BST 12:21:10,954 - INFO - MODEL_FOLDER = '../models'
2022-08-29 BST 12:21:10,954 - INFO - RESULTS_FOLDER = '../results'
2022-08-29 BST 12:21:10,954 - INFO - DEVICE = torch.device("cuda" if torch.cuda.is_available() else "cpu")  # Used: "cuda"
2022-08-29 BST 12:21:10,954 - INFO - LATENTS = False
2022-08-29 BST 12:21:10,954 - INFO - MATRIX_REPORT = False
2022-08-29 BST 12:21:10,954 - INFO - LABEL = True
2022-08-29 BST 12:21:10,954 - INFO - SAVE_TO_ODS = False
2022-08-29 BST 12:21:10,954 - INFO - VAL_LOSS_FROM_DAG = True
2022-08-29 BST 12:21:10,954 - INFO - WANDB = False
2022-08-29 BST 12:21:10,954 - INFO - WANDB_PROJECT = 'Thetas'
2022-08-29 BST 12:21:10,954 - INFO - GRAD_LOG = False
2022-08-29 BST 12:21:10,954 - INFO - SAVE_RESULTS = False
2022-08-29 BST 12:21:10,955 - INFO - N_TRIALS = 1
2022-08-29 BST 12:21:10,955 - INFO - OPTUNA_STRINGS = {'None': None, 'True': True, 'False': False}
2022-08-29 BST 12:21:10,955 - INFO - TQDM = False
2022-08-29 BST 12:21:10,955 - INFO - 
hyperparameters = {
2022-08-29 BST 12:21:10,955 - INFO - 	'GRAPH_TYPE': 'ER2',
2022-08-29 BST 12:21:10,955 - INFO - 	'D': 30,
2022-08-29 BST 12:21:10,955 - INFO - 	'MAX_SIZE': None,
2022-08-29 BST 12:21:10,955 - INFO - 	'SEM_NOISE': 'gaussian_ev',
2022-08-29 BST 12:21:10,955 - INFO - 	'N': 1200,
2022-08-29 BST 12:21:10,955 - INFO - 	'VAL': 0.16666666666666666,
2022-08-29 BST 12:21:10,955 - INFO - 	'N_EPOCHS': 1000,
2022-08-29 BST 12:21:10,955 - INFO - 	'BATCH_SIZE': 32,
2022-08-29 BST 12:21:10,955 - INFO - 	'LOG2_BATCH_SIZE': None,
2022-08-29 BST 12:21:10,955 - INFO - 	'BATCH_SHUFFLE': True,
2022-08-29 BST 12:21:10,955 - INFO - 	'N_SAMPLES': 10,
2022-08-29 BST 12:21:10,955 - INFO - 	'MODE': 'max_dag_test_only',
2022-08-29 BST 12:21:10,955 - INFO - 	'AFAS_SCHEDULER': None,
2022-08-29 BST 12:21:10,955 - INFO - 	'MINIZINC_SOLVER': None,
2022-08-29 BST 12:21:10,955 - INFO - 	'f_LINEAR_LAYERS': (),
2022-08-29 BST 12:21:10,955 - INFO - 	'f_BIAS': False,
2022-08-29 BST 12:21:10,955 - INFO - 	'p_LAYER': None,
2022-08-29 BST 12:21:10,955 - INFO - 	'STREAMLINE': False,
2022-08-29 BST 12:21:10,955 - INFO - 	'THRESHOLD': 0.0,
2022-08-29 BST 12:21:10,955 - INFO - 	'h_LINEAR_LAYERS': (),
2022-08-29 BST 12:21:10,955 - INFO - 	'h_NULL': 0.00581130989059376,
2022-08-29 BST 12:21:10,955 - INFO - 	'h_LR': 0.004040181452273199,
2022-08-29 BST 12:21:10,955 - INFO - 	'h_OPTIMIZER': 'torch.optim.Adam(overall_net.h_net.parameters(), lr=h.h_LR)',
2022-08-29 BST 12:21:10,955 - INFO - 	'f_LR': 0.0117744218586073,
2022-08-29 BST 12:21:10,955 - INFO - 	'f_OPTIMIZER': 'torch.optim.Adam(overall_net.f_net.parameters(), lr=h.f_LR)',
2022-08-29 BST 12:21:10,955 - INFO - 	'NOISE_TEMPERATURE': 0.16213500214616,
2022-08-29 BST 12:21:10,955 - INFO - 	'NOISE_DISTRIBUTION': 'LogisticNoiseDistribution()',
2022-08-29 BST 12:21:10,955 - INFO - 	'LAMBDA': 5.69792034959308,
2022-08-29 BST 12:21:10,956 - INFO - 	'LOSS_FN': 'torch.nn.MSELoss()',
2022-08-29 BST 12:21:10,956 - INFO - 	'ALPHA': None,
2022-08-29 BST 12:21:10,956 - INFO - 	'BETA': None,
2022-08-29 BST 12:21:10,956 - INFO - 	'REGULARIZER': None,
2022-08-29 BST 12:21:10,956 - INFO - 	'z_RHO': 0.0280244755372679,
2022-08-29 BST 12:21:10,956 - INFO - 	'z_MU': 0,
2022-08-29 BST 12:21:10,956 - INFO - 	'z_REGULARIZER': 'NoTearsZRegularizer(h.D, h.z_RHO, h.z_MU, c.DEVICE)',
2022-08-29 BST 12:21:10,956 - INFO - 	'LR_SCHEDULER': None,
2022-08-29 BST 12:21:10,956 - INFO - 	'DATA_CATEGORY': 'test',
2022-08-29 BST 12:21:10,956 - INFO - 	'DAGS': '030_ER2_gaussian_ev_2022-08-12_BST_09:55:21,293_create_dags'
2022-08-29 BST 12:21:10,956 - INFO - }

2022-08-29 BST 12:21:16,346 - INFO - 

DAG 0: size_true=69	X.var()=185.8479
2022-08-29 BST 12:25:25,238 - INFO -  epoch=1000      train_loss=   0.9511      val_loss=   7.0043      best=1      size= 102      nSHD_c=   1.9667      nSHD=   1.8333      tpr_c=   0.5196      change_adj_count=134      
2022-08-29 BST 12:25:25,240 - INFO - 

DAG 1: size_true=67	X.var()=127.1156
2022-08-29 BST 12:29:16,238 - INFO -  epoch=1000      train_loss=   1.0508      val_loss=   1.0828      best=1      size=  86      nSHD_c=   0.7667      nSHD=   0.8000      tpr_c=   0.7558      change_adj_count=119      
2022-08-29 BST 12:29:16,244 - INFO - 

DAG 2: size_true=64	X.var()=25.7432
2022-08-29 BST 12:33:05,601 - INFO -  epoch=1000      train_loss=   0.9795      val_loss=   5.5932      best=1      size=  74      nSHD_c=   0.8333      nSHD=   0.8333      tpr_c=   0.7568      change_adj_count=86      
2022-08-29 BST 12:33:05,602 - INFO - 

DAG 3: size_true=63	X.var()=265.9248
2022-08-29 BST 12:36:56,923 - INFO -  epoch=1000      train_loss=   1.0511      val_loss=  25.7762      best=1      size= 114      nSHD_c=   2.5333      nSHD=   2.5667      tpr_c=   0.4298      change_adj_count=148      
2022-08-29 BST 12:36:56,931 - INFO - 

DAG 4: size_true=48	X.var()=47.3993
2022-08-29 BST 12:40:48,456 - INFO -  epoch=1000      train_loss=   1.0607      val_loss=   1.5375      best=1      size=  67      nSHD_c=   1.4000      nSHD=   1.2333      tpr_c=   0.4925      change_adj_count=97      
2022-08-29 BST 12:40:48,464 - INFO - 

DAG 5: size_true=57	X.var()=54.7286
2022-08-29 BST 12:44:37,338 - INFO -  epoch=1000      train_loss=   0.9221      val_loss=   6.3718      best=1      size=  67      nSHD_c=   1.4000      nSHD=   1.2667      tpr_c=   0.5522      change_adj_count=92      
2022-08-29 BST 12:44:37,339 - INFO - 

DAG 6: size_true=64	X.var()=29.7229
2022-08-29 BST 12:48:31,233 - INFO -  epoch=1000      train_loss=   1.1280      val_loss=   3.8671      best=1      size=  87      nSHD_c=   1.7667      nSHD=   1.7333      tpr_c=   0.5517      change_adj_count=108      
2022-08-29 BST 12:48:31,239 - INFO - 

DAG 7: size_true=62	X.var()=55.6800
2022-08-29 BST 12:52:33,823 - INFO -  epoch=1000      train_loss=   1.0330      val_loss=   1.3638      best=1      size=  83      nSHD_c=   1.2000      nSHD=   1.1667      tpr_c=   0.6145      change_adj_count=127      
2022-08-29 BST 12:52:33,824 - INFO - 

DAG 8: size_true=63	X.var()=39.3378
2022-08-29 BST 12:56:44,057 - INFO -  epoch=1000      train_loss=   0.9432      val_loss=   4.7261      best=1      size=  79      nSHD_c=   0.8333      nSHD=   0.8333      tpr_c=   0.7342      change_adj_count=121      
2022-08-29 BST 12:56:44,066 - INFO - 

DAG 9: size_true=61	X.var()=94.6254
2022-08-29 BST 13:00:49,656 - INFO -  epoch=1000      train_loss=   1.0426      val_loss=   7.7163      best=1      size=  70      nSHD_c=   1.0667      nSHD=   1.0667      tpr_c=   0.7000      change_adj_count=86      
2022-08-29 BST 13:00:49,676 - INFO - 

DAG 10: size_true=51	X.var()=18.9170
2022-08-29 BST 13:04:59,933 - INFO -  epoch=1000      train_loss=   0.9658      val_loss=   4.8024      best=1      size=  62      nSHD_c=   0.8333      nSHD=   0.8667      tpr_c=   0.6935      change_adj_count=103      
2022-08-29 BST 13:04:59,945 - INFO - 

DAG 11: size_true=68	X.var()=127.5135
2022-08-29 BST 13:09:11,277 - INFO -  epoch=1000      train_loss=   0.9972      val_loss=   1.3742      best=1      size=  96      nSHD_c=   1.2333      nSHD=   1.2000      tpr_c=   0.6562      change_adj_count=113      
2022-08-29 BST 13:09:11,278 - INFO - 

DAG 12: size_true=53	X.var()=15.8398
2022-08-29 BST 13:13:18,432 - INFO -  epoch=1000      train_loss=   1.0020      val_loss=   2.6276      best=1      size=  68      nSHD_c=   0.9000      nSHD=   0.9000      tpr_c=   0.6765      change_adj_count=81      
2022-08-29 BST 13:13:18,446 - INFO - 

DAG 13: size_true=53	X.var()=112.2632
2022-08-29 BST 13:17:27,369 - INFO -  epoch=1000      train_loss=   1.1006      val_loss=   3.2053      best=1      size=  85      nSHD_c=   1.6000      nSHD=   1.5667      tpr_c=   0.5059      change_adj_count=108      
2022-08-29 BST 13:17:27,379 - INFO - 

DAG 14: size_true=59	X.var()=16.7418
2022-08-29 BST 13:21:36,465 - INFO -  epoch=1000      train_loss=   1.0033      val_loss=   1.1642      best=1      size=  69      nSHD_c=   0.5000      nSHD=   0.5000      tpr_c=   0.8116      change_adj_count=83      
2022-08-29 BST 13:21:36,467 - INFO - 

DAG 15: size_true=42	X.var()=8.6273
2022-08-29 BST 13:25:38,018 - INFO -  epoch=1000      train_loss=   1.0264      val_loss=   3.1826      best=1      size=  46      nSHD_c=   0.5000      nSHD=   0.5000      tpr_c=   0.7609      change_adj_count=78      
2022-08-29 BST 13:25:38,020 - INFO - 

DAG 16: size_true=50	X.var()=12.1502
2022-08-29 BST 13:29:45,789 - INFO -  epoch=1000      train_loss=   0.9507      val_loss=   1.4312      best=1      size=  59      nSHD_c=   0.7333      nSHD=   0.6000      tpr_c=   0.6780      change_adj_count=80      
2022-08-29 BST 13:29:45,801 - INFO - 

DAG 17: size_true=49	X.var()=16.5203
2022-08-29 BST 13:33:54,401 - INFO -  epoch=1000      train_loss=   0.9398      val_loss=   1.6061      best=1      size=  59      nSHD_c=   0.6667      nSHD=   0.5667      tpr_c=   0.6949      change_adj_count=84      
2022-08-29 BST 13:33:54,406 - INFO - 

DAG 18: size_true=56	X.var()=17.9506
2022-08-29 BST 13:37:58,729 - INFO -  epoch=1000      train_loss=   0.9952      val_loss=   3.9874      best=1      size=  64      nSHD_c=   0.7333      nSHD=   0.7333      tpr_c=   0.7500      change_adj_count=81      
2022-08-29 BST 13:37:58,736 - INFO - 

DAG 19: size_true=57	X.var()=24.8142
2022-08-29 BST 13:42:02,608 - INFO -  epoch=1000      train_loss=   0.9561      val_loss=   2.4632      best=1      size=  69      nSHD_c=   0.7000      nSHD=   0.6667      tpr_c=   0.7391      change_adj_count=83      
2022-08-29 BST 13:42:02,610 - INFO - 

DAG 20: size_true=59	X.var()=201.6824
2022-08-29 BST 13:46:13,902 - INFO -  epoch=1000      train_loss=   1.0176      val_loss=   3.0698      best=1      size= 109      nSHD_c=   2.1000      nSHD=   2.0667      tpr_c=   0.4771      change_adj_count=162      
2022-08-29 BST 13:46:13,912 - INFO - 

DAG 21: size_true=57	X.var()=21.1204
2022-08-29 BST 13:50:17,677 - INFO -  epoch=1000      train_loss=   1.0494      val_loss=   1.0848      best=1      size=  76      nSHD_c=   0.9000      nSHD=   0.8333      tpr_c=   0.6711      change_adj_count=112      
2022-08-29 BST 13:50:17,679 - INFO - 

DAG 22: size_true=60	X.var()=129.8499
2022-08-29 BST 13:54:29,966 - INFO -  epoch=1000      train_loss=   1.0696      val_loss=   2.5271      best=1      size=  98      nSHD_c=   1.8333      nSHD=   1.7667      tpr_c=   0.5000      change_adj_count=124      
2022-08-29 BST 13:54:29,970 - INFO - 

DAG 23: size_true=49	X.var()=14.1269
2022-08-29 BST 13:58:35,788 - INFO -  epoch=1000      train_loss=   0.9953      val_loss=   0.9607      best=1      size=  57      nSHD_c=   0.2667      nSHD=   0.2667      tpr_c=   0.8596      change_adj_count=71      
2022-08-29 BST 13:58:35,793 - INFO - 
last_mean_nshd_c=1.1361
2022-08-29 BST 13:58:35,793 - INFO - 
Time taken 1:37:25 (h:mm:ss)
2022-08-29 BST 13:58:35,793 - INFO - 
End of log for run 2022-08-29_BST_12:21:10,800_imle_l_66_ablation_003
