2022-08-29 BST 12:48:51,194 - INFO - 
Log for run 2022-08-29_BST_12:48:50,984_imle_l_66_ablation_004

2022-08-29 BST 12:48:51,194 - INFO - COMMENT = ''
2022-08-29 BST 12:48:51,194 - INFO - DATA_FOLDER = '../data'
2022-08-29 BST 12:48:51,194 - INFO - LATENTS_FOLDER = '../latents'
2022-08-29 BST 12:48:51,194 - INFO - LOGS_FOLDER = '../logs'
2022-08-29 BST 12:48:51,194 - INFO - MODEL_FOLDER = '../models'
2022-08-29 BST 12:48:51,194 - INFO - RESULTS_FOLDER = '../results'
2022-08-29 BST 12:48:51,194 - INFO - DEVICE = torch.device("cuda" if torch.cuda.is_available() else "cpu")  # Used: "cuda"
2022-08-29 BST 12:48:51,194 - INFO - LATENTS = False
2022-08-29 BST 12:48:51,195 - INFO - MATRIX_REPORT = False
2022-08-29 BST 12:48:51,195 - INFO - LABEL = True
2022-08-29 BST 12:48:51,195 - INFO - SAVE_TO_ODS = False
2022-08-29 BST 12:48:51,195 - INFO - VAL_LOSS_FROM_DAG = True
2022-08-29 BST 12:48:51,195 - INFO - WANDB = False
2022-08-29 BST 12:48:51,195 - INFO - WANDB_PROJECT = 'Thetas'
2022-08-29 BST 12:48:51,195 - INFO - GRAD_LOG = False
2022-08-29 BST 12:48:51,195 - INFO - SAVE_RESULTS = False
2022-08-29 BST 12:48:51,195 - INFO - N_TRIALS = 1
2022-08-29 BST 12:48:51,195 - INFO - OPTUNA_STRINGS = {'None': None, 'True': True, 'False': False}
2022-08-29 BST 12:48:51,195 - INFO - TQDM = False
2022-08-29 BST 12:48:51,195 - INFO - 
hyperparameters = {
2022-08-29 BST 12:48:51,195 - INFO - 	'GRAPH_TYPE': 'ER2',
2022-08-29 BST 12:48:51,195 - INFO - 	'D': 30,
2022-08-29 BST 12:48:51,195 - INFO - 	'MAX_SIZE': None,
2022-08-29 BST 12:48:51,195 - INFO - 	'SEM_NOISE': 'gaussian_ev',
2022-08-29 BST 12:48:51,195 - INFO - 	'N': 1200,
2022-08-29 BST 12:48:51,195 - INFO - 	'VAL': 0.16666666666666666,
2022-08-29 BST 12:48:51,195 - INFO - 	'N_EPOCHS': 1000,
2022-08-29 BST 12:48:51,195 - INFO - 	'BATCH_SIZE': 32,
2022-08-29 BST 12:48:51,195 - INFO - 	'LOG2_BATCH_SIZE': None,
2022-08-29 BST 12:48:51,195 - INFO - 	'BATCH_SHUFFLE': True,
2022-08-29 BST 12:48:51,195 - INFO - 	'N_SAMPLES': 10,
2022-08-29 BST 12:48:51,195 - INFO - 	'MODE': 'max_dag_test_only',
2022-08-29 BST 12:48:51,195 - INFO - 	'AFAS_SCHEDULER': None,
2022-08-29 BST 12:48:51,195 - INFO - 	'MINIZINC_SOLVER': None,
2022-08-29 BST 12:48:51,195 - INFO - 	'f_LINEAR_LAYERS': (),
2022-08-29 BST 12:48:51,196 - INFO - 	'f_BIAS': False,
2022-08-29 BST 12:48:51,196 - INFO - 	'p_LAYER': None,
2022-08-29 BST 12:48:51,196 - INFO - 	'STREAMLINE': False,
2022-08-29 BST 12:48:51,196 - INFO - 	'THRESHOLD': 0.0,
2022-08-29 BST 12:48:51,196 - INFO - 	'h_LINEAR_LAYERS': (),
2022-08-29 BST 12:48:51,196 - INFO - 	'h_NULL': 0.00581130989059376,
2022-08-29 BST 12:48:51,196 - INFO - 	'h_LR': 0.004040181452273199,
2022-08-29 BST 12:48:51,196 - INFO - 	'h_OPTIMIZER': 'torch.optim.Adam(overall_net.h_net.parameters(), lr=h.h_LR)',
2022-08-29 BST 12:48:51,196 - INFO - 	'f_LR': 0.0117744218586073,
2022-08-29 BST 12:48:51,196 - INFO - 	'f_OPTIMIZER': 'torch.optim.Adam(overall_net.f_net.parameters(), lr=h.f_LR)',
2022-08-29 BST 12:48:51,196 - INFO - 	'NOISE_TEMPERATURE': 0.16213500214616,
2022-08-29 BST 12:48:51,196 - INFO - 	'NOISE_DISTRIBUTION': 'LogisticNoiseDistribution()',
2022-08-29 BST 12:48:51,196 - INFO - 	'LAMBDA': 5.69792034959308,
2022-08-29 BST 12:48:51,196 - INFO - 	'LOSS_FN': 'torch.nn.MSELoss()',
2022-08-29 BST 12:48:51,196 - INFO - 	'ALPHA': None,
2022-08-29 BST 12:48:51,196 - INFO - 	'BETA': None,
2022-08-29 BST 12:48:51,196 - INFO - 	'REGULARIZER': None,
2022-08-29 BST 12:48:51,196 - INFO - 	'z_RHO': 0.0280244755372679,
2022-08-29 BST 12:48:51,196 - INFO - 	'z_MU': 0.220018032970804,
2022-08-29 BST 12:48:51,196 - INFO - 	'z_REGULARIZER': 'NoTearsZRegularizer(h.D, h.z_RHO, h.z_MU, c.DEVICE)',
2022-08-29 BST 12:48:51,196 - INFO - 	'LR_SCHEDULER': None,
2022-08-29 BST 12:48:51,196 - INFO - 	'DATA_CATEGORY': 'test',
2022-08-29 BST 12:48:51,196 - INFO - 	'DAGS': '030_ER2_gaussian_ev_2022-08-12_BST_09:55:21,293_create_dags'
2022-08-29 BST 12:48:51,196 - INFO - }

2022-08-29 BST 12:48:54,759 - INFO - 

DAG 0: size_true=69	X.var()=185.8479
2022-08-29 BST 12:52:40,672 - INFO -  epoch=1000      train_loss=  15.8109      val_loss=  17.9832      best=1      size=  38      nSHD_c=   2.2000      nSHD=   1.9667      tpr_c=   0.4474      change_adj_count=392      
2022-08-29 BST 12:52:40,674 - INFO - 

DAG 1: size_true=67	X.var()=127.1156
2022-08-29 BST 12:56:14,145 - INFO -  epoch=1000      train_loss=   9.5828      val_loss=  13.4857      best=1      size=  37      nSHD_c=   2.3667      nSHD=   2.0667      tpr_c=   0.3243      change_adj_count=333      
2022-08-29 BST 12:56:14,149 - INFO - 

DAG 2: size_true=64	X.var()=25.7432
2022-08-29 BST 12:59:37,445 - INFO -  epoch=1000      train_loss=   3.2124      val_loss=   8.0593      best=1      size=  16      nSHD_c=   1.9000      nSHD=   1.7667      tpr_c=   0.5625      change_adj_count=26      
2022-08-29 BST 12:59:37,447 - INFO - 

DAG 3: size_true=63	X.var()=265.9248
2022-08-29 BST 13:03:15,800 - INFO -  epoch=1000      train_loss=  14.5374      val_loss=  31.8530      best=1      size=  51      nSHD_c=   2.8000      nSHD=   2.8000      tpr_c=   0.2549      change_adj_count=713      
2022-08-29 BST 13:03:15,801 - INFO - 

DAG 4: size_true=48	X.var()=47.3993
2022-08-29 BST 13:06:39,441 - INFO -  epoch=1000      train_loss=   3.6749      val_loss=   8.5108      best=1      size=  18      nSHD_c=   1.4667      nSHD=   1.3000      tpr_c=   0.4444      change_adj_count=47      
2022-08-29 BST 13:06:39,442 - INFO - 

DAG 5: size_true=57	X.var()=54.7286
2022-08-29 BST 13:10:08,792 - INFO -  epoch=1000      train_loss=   7.9307      val_loss=   6.6317      best=1      size=  15      nSHD_c=   1.8333      nSHD=   1.6667      tpr_c=   0.3333      change_adj_count=72      
2022-08-29 BST 13:10:08,796 - INFO - 

DAG 6: size_true=64	X.var()=29.7229
2022-08-29 BST 13:13:31,573 - INFO -  epoch=1000      train_loss=   3.6587      val_loss=   9.4786      best=1      size=  23      nSHD_c=   2.2000      nSHD=   2.0333      tpr_c=   0.3043      change_adj_count=31      
2022-08-29 BST 13:13:31,579 - INFO - 

DAG 7: size_true=62	X.var()=55.6800
2022-08-29 BST 13:17:12,189 - INFO -  epoch=1000      train_loss=   4.0454      val_loss=   7.5672      best=1      size=  17      nSHD_c=   2.2000      nSHD=   2.0000      tpr_c=   0.1765      change_adj_count=43      
2022-08-29 BST 13:17:12,198 - INFO - 

DAG 8: size_true=63	X.var()=39.3378
2022-08-29 BST 13:20:42,302 - INFO -  epoch=1000      train_loss=   4.2842      val_loss=  12.1850      best=1      size=  19      nSHD_c=   2.0333      nSHD=   1.7667      tpr_c=   0.3158      change_adj_count=74      
2022-08-29 BST 13:20:42,304 - INFO - 

DAG 9: size_true=61	X.var()=94.6254
2022-08-29 BST 13:24:12,314 - INFO -  epoch=1000      train_loss=   5.3789      val_loss=  27.8749      best=1      size=  23      nSHD_c=   1.8000      nSHD=   1.6333      tpr_c=   0.5217      change_adj_count=62      
2022-08-29 BST 13:24:12,315 - INFO - 

DAG 10: size_true=51	X.var()=18.9170
2022-08-29 BST 13:27:32,601 - INFO -  epoch=1000      train_loss=   3.3621      val_loss=   7.8334      best=1      size=  11      nSHD_c=   1.5667      nSHD=   1.4000      tpr_c=   0.4545      change_adj_count=21      
2022-08-29 BST 13:27:32,608 - INFO - 

DAG 11: size_true=68	X.var()=127.5135
2022-08-29 BST 13:31:15,573 - INFO -  epoch=1000      train_loss=  10.5074      val_loss=  11.2766      best=1      size=  29      nSHD_c=   2.6000      nSHD=   2.4333      tpr_c=   0.2414      change_adj_count=87      
2022-08-29 BST 13:31:15,577 - INFO - 

DAG 12: size_true=53	X.var()=15.8398
2022-08-29 BST 13:34:43,580 - INFO -  epoch=1000      train_loss=   3.5913      val_loss=   4.9174      best=1      size=   9      nSHD_c=   1.7333      nSHD=   1.6000      tpr_c=   0.2222      change_adj_count=15      
2022-08-29 BST 13:34:43,582 - INFO - 

DAG 13: size_true=53	X.var()=112.2632
2022-08-29 BST 13:38:17,262 - INFO -  epoch=1000      train_loss=  10.0185      val_loss=  21.7315      best=1      size=  19      nSHD_c=   1.9667      nSHD=   1.9000      tpr_c=   0.2632      change_adj_count=181      
2022-08-29 BST 13:38:17,263 - INFO - 

DAG 14: size_true=59	X.var()=16.7418
2022-08-29 BST 13:41:43,207 - INFO -  epoch=1000      train_loss=   4.1959      val_loss=   6.1048      best=1      size=  14      nSHD_c=   1.7667      nSHD=   1.6000      tpr_c=   0.5000      change_adj_count=21      
2022-08-29 BST 13:41:43,208 - INFO - 

DAG 15: size_true=42	X.var()=8.6273
2022-08-29 BST 13:45:03,229 - INFO -  epoch=1000      train_loss=   3.1918      val_loss=   4.9748      best=1      size=   6      nSHD_c=   1.4333      nSHD=   1.2667      tpr_c=   0.0000      change_adj_count=60      
2022-08-29 BST 13:45:03,231 - INFO - 

DAG 16: size_true=50	X.var()=12.1502
2022-08-29 BST 13:48:30,640 - INFO -  epoch=1000      train_loss=   3.5717      val_loss=   4.2271      best=1      size=  11      nSHD_c=   1.5333      nSHD=   1.4000      tpr_c=   0.4545      change_adj_count=21      
2022-08-29 BST 13:48:30,642 - INFO - 

DAG 17: size_true=49	X.var()=16.5203
2022-08-29 BST 13:52:00,650 - INFO -  epoch=1000      train_loss=   3.6556      val_loss=   4.2185      best=1      size=  12      nSHD_c=   1.5667      nSHD=   1.3000      tpr_c=   0.2500      change_adj_count=68      
2022-08-29 BST 13:52:00,652 - INFO - 

DAG 18: size_true=56	X.var()=17.9506
2022-08-29 BST 13:55:32,537 - INFO -  epoch=1000      train_loss=   3.9462      val_loss=   9.7095      best=1      size=   8      nSHD_c=   1.8667      nSHD=   1.7667      tpr_c=   0.2500      change_adj_count=18      
2022-08-29 BST 13:55:32,545 - INFO - 

DAG 19: size_true=57	X.var()=24.8142
2022-08-29 BST 13:59:03,495 - INFO -  epoch=1000      train_loss=   3.5428      val_loss=   8.4407      best=1      size=  11      nSHD_c=   1.7667      nSHD=   1.6333      tpr_c=   0.3636      change_adj_count=19      
2022-08-29 BST 13:59:03,496 - INFO - 

DAG 20: size_true=59	X.var()=201.6824
2022-08-29 BST 14:02:43,466 - INFO -  epoch=1000      train_loss=  10.6043      val_loss=  17.7657      best=1      size=  41      nSHD_c=   2.4667      nSHD=   2.3333      tpr_c=   0.2683      change_adj_count=364      
2022-08-29 BST 14:02:43,474 - INFO - 

DAG 21: size_true=57	X.var()=21.1204
2022-08-29 BST 14:06:10,161 - INFO -  epoch=1000      train_loss=   4.1127      val_loss=  10.9172      best=1      size=  11      nSHD_c=   1.9667      nSHD=   1.8000      tpr_c=   0.1818      change_adj_count=25      
2022-08-29 BST 14:06:10,163 - INFO - 

DAG 22: size_true=60	X.var()=129.8499
2022-08-29 BST 14:09:47,481 - INFO -  epoch=1000      train_loss=   7.8148      val_loss=  21.2550      best=1      size=  29      nSHD_c=   2.0000      nSHD=   1.8333      tpr_c=   0.3448      change_adj_count=237      
2022-08-29 BST 14:09:47,482 - INFO - 

DAG 23: size_true=49	X.var()=14.1269
2022-08-29 BST 14:13:13,117 - INFO -  epoch=1000      train_loss=   3.8908      val_loss=   4.7461      best=1      size=   9      nSHD_c=   1.6000      nSHD=   1.3333      tpr_c=   0.1111      change_adj_count=15      
2022-08-29 BST 14:13:13,118 - INFO - 
last_mean_nshd_c=1.9431
2022-08-29 BST 14:13:13,118 - INFO - 
Time taken 1:24:22 (h:mm:ss)
2022-08-29 BST 14:13:13,118 - INFO - 
End of log for run 2022-08-29_BST_12:48:50,984_imle_l_66_ablation_004
